   1.1243843988121809               17
   1.1741774162718694               22
   1.3271897878826471               14
   1.0734896685567421               18
   1.0463663452824277               17
   1.0705720005812798               20
   1.0448049006217781               20
   1.2264466572851163               14
  0.76851039644536256               20
  0.96532481691756644               21
  0.99264616909290782               22
  0.91674287884625949               22
  0.85617210630417084               20
  0.89952774426572457               18
  0.77037118928032267               19
  0.87474282888534394               21
  0.80291843277618125               22
  0.94570309836628363               17
  0.85898682713006602               18
  0.91047731828239165               24
  0.74793660697707254               22
  0.51353974180375239               16
  0.82770325855988958               18
  0.57576009724055044               17
  0.75784135421293108               17
  0.89795947249415686               18
  0.67261973142578813               22
  0.90430110086598425               18
   1.0205439644309930               18
  0.93552303237889800               20
  0.93795944113283747               19
  0.64845244082062836               19
  0.84091000405987204               16
  0.83094447886786638               16
  0.73031973003810557               15
  0.95138112080599035               18
  0.46143489169685686               22
  0.96943019979393030               17
   1.0290405742265960               23
  0.99955434418408196               18
   1.0252932818014009               21
  0.72252448668128899               20
   1.2220856454187570               14
   1.2660582380609697               17
   1.0208794646770514               19
   1.1436686362755863               21
  0.89799782739573386               18
  0.97752388936263046               18
   1.1040895945315488               21
   1.0996690768926063               18
   1.0926078414914087               22
   1.1756745695388602               16
   1.2066846337515720               17
   1.3548964726777342               17
   1.0599170057639413               23
   1.0042264387554933               16
   1.2246221608424190               14
  0.93212157932925344               18
   1.1064972318771606               19
   1.0930516139309030               20
   1.1340719890877531               17
  0.95809206998323093               19
  0.97281164351255056               21
  0.94709280945208119               24
   1.0711498212039625               16
  0.94168399124612245               20
   1.0539714815573511               18
  0.82490511624335139               16
  0.91857758719911053               19
  0.88105357354274361               22
  0.76905057569266055               23
  0.99398598413910055               19
  0.72351148717468394               21
  0.93190439910075218               17
  0.94840371968295389               17
  0.82530948140616001               18
  0.89504602885481566               24
  0.89286200412423766               18
  0.82293730041211122               18
   1.0475343524382141               13
  0.95603289339514941               16
  0.85779253590523530               18
  0.96331670140484149               18
  0.99434652351623398               16
  0.87981314190510473               20
  0.84674886829385776               20
  0.98162563441815986               17
   1.0316335667290981               17
  0.90011055630061398               21
   1.2915947145541464               17
   1.0729608204714187               20
   1.0635137789208482               19
   1.1449722039890067               24
   1.0984435346002244               15
   1.0484314746011818               20
   1.1612408450626783               16
   1.2070173026179776               20
   1.1392475437603469               14
   1.2721853769624827               16
   1.0124222318665308               21
   1.2245555804627386               20
   1.2720158039507985               17
   1.3020340009568412               16
   1.1774527610778893               16
   1.2827007954403506               17
   1.2831139629595247               17
   1.0257305589099757               19
   1.0430654100398988               15
   1.0086012392795614               19
  0.91980611181920391               16
  0.92383013677324421               18
   1.0732423052235747               16
  0.80302115602457613               19
  0.99169292767538686               21
  0.78788298751436225               20
  0.88912606750779677               23
  0.66444031407974291               16
  0.97637515496387295               18
  0.89047865372299984               18
  0.91842789334532260               22
  0.97224231592130295               17
  0.85060303502790702               19
  0.79850696653753372               14
  0.87954766547349483               18
  0.81467765082133603               15
  0.78200272242945934               19
  0.93340519743297801               18
  0.95278132892874012               17
  0.88504749462600596               22
  0.73741247724195003               24
  0.70218856303408628               20
  0.91681279977074659               17
  0.92731976946503647               20
  0.81228238351571325               16
  0.91129951970958256               18
   1.1816570874270151               14
  0.77533617609609318               18
   1.0855406539213264               21
  0.99817172521903486               20
  0.98384453001214756               16
   1.0280862402116435               20
   1.0848887976137818               19
   1.0652961513640695               17
   1.0331530642459292               25
   1.1398316139727978               17
   1.2009701161206097               17
   1.0817788999237978               20
   1.1984754895811862               21
  0.83145785992727606               19
   1.1668534748065151               13
   1.2141691745514407               19
   1.2590976725526768               18
   1.0829286332266495               20
   1.0786776244782392               20
   1.1994177485071955               20
   1.0386755004146495               23
  0.98853161818945134               19
  0.81306810327474077               18
   1.0141435239951357               17
  0.82085479448371257               19
  0.86598251232064005               17
   1.0375398856594820               19
  0.84087281768675093               20
  0.76058876703704081               18
  0.69884098006905770               19
   1.0188322457773262               17
  0.84395619751938167               16
  0.96625727086021429               20
  0.97319289649716723               20
  0.80964388360585227               19
  0.72048901633118467               21
  0.88947792194134001               20
  0.87302707711072669               17
  0.62429974234275576               21
  0.98003255237533171               20
  0.67893394901368365               22
  0.55431323582872361               19
  0.74710079248201622               17
  0.91636933295969192               14
  0.91250325061126658               21
  0.73605982305842932               18
  0.67691734375902457               19
  0.88374351493866521               19
  0.77862147462898212               20
  0.58390892454172016               15
  0.94306525263870478               20
   1.0168406470894924               16
  0.99578300520551000               16
  0.61810888178950896               19
  0.99821607844157156               18
   1.1260632777162412               19
  0.94908514504092878               18
   1.2088095440575761               13
   1.0014631509098475               17
  0.95457083041909963               17
   1.2499214840847392               15
  0.99596856245435428               21
  0.99402610900565569               21
   1.1095984614787906               18
   1.3262435344439270               16
   1.1793069034087418               18
  0.81265133649816212               18
   1.2737173573579066               17
   1.2190613031490907               20
  0.88983062508494104               20
   1.2153837356362678               18
   1.1097734190183488               19
   1.2536162945873195               18
   1.2329130285134058               14
   1.1021831940948459               19
   1.0557873953869068               22
  0.99562911619711492               20
  0.98623140975085799               20
  0.63561929009110163               19
  0.84170581544763878               18
  0.88400498060092036               23
  0.57247383512522920               19
  0.94298269339953245               21
  0.90646245728452801               15
  0.81537311595271222               23
  0.63186948309036561               18
  0.76493479609917070               18
  0.93767706853792498               22
  0.94881842123881965               20
  0.67016251639148361               19
  0.86519614774130005               20
  0.71126347182248850               20
  0.62751544308267615               20
  0.96136637185944507               15
  0.95232013318024278               18
  0.53859841223067983               21
  0.79911622672209748               17
  0.93687763598288110               17
  0.69358557385757247               18
  0.85433109135258256               20
  0.62723543060507969               20
  0.87879356929099472               19
  0.90455838151737777               19
   1.1098422134651551               17
  0.78422395178375126               16
  0.82603717517745934               19
  0.95023495862756424               19
   1.1581956613880966               21
   1.2064632983434780               15
  0.88229154633162810               19
   1.0767257205410279               20
   1.0432992830818693               17
   1.2650026830798848               18
   1.2016214006770345               20
   1.1446357785263050               15
   1.2746768250424003               16
   1.1765998589628466               19
   1.0752860573722067               18
   1.1266640624743318               17
   1.0334392766390530               19
   1.1608831494302134               20
   1.1463059201146881               14
  0.94476927102212582               21
  0.78405959369519052               19
   1.0364793184564074               21
   1.0032347796289622               20
  0.87466069751229214               18
  0.88351692462079179               19
  0.86119286453757526               22
  0.94313759716132584               20
  0.80817651272400803               19
   1.0130210755894440               21
  0.69021049347683316               23
  0.87683721274496851               20
  0.85498422831980114               20
  0.94523644396401740               22
  0.52748834611083673               21
  0.58225170598343634               23
  0.86297381382724681               17
  0.35869734487032767               21
  0.73938732983379041               18
  0.44023676129421185               17
  0.87907326349081261               22
  0.44528752753482148               18
  0.65247474407332740               19
  0.78491631932499639               18
  0.71415447864655446               21
  0.85655866433167849               20
   1.0391795171448706               21
   1.0240736557438299               24
  0.72216036624409763               16
  0.94081386162234204               18
  0.93697177030055812               20
  0.64504160672482991               14
  0.75291035544532026               21
  0.73964666345229058               21
  0.87032847585451256               18
   1.2672881387359687               16
   1.1639760451480941               21
  0.90862620870696387               18
  0.91213573259673197               19
   1.2575908020550217               16
   1.0926344352782975               21
   1.3196127375154636               14
   1.0296626121152959               22
   1.1399583614150139               16
  0.99267156812727209               19
   1.1290887408838466               13
   1.1730041848899981               13
   1.1248164499996995               18
   1.1718355790347863               18
   1.1157951498438901               16
   1.1226388584432345               17
  0.97156060405003708               16
  0.87413156874488041               19
  0.97835941677971561               16
  0.86926485724091318               21
   1.0995692044751029               19
  0.91111634687632159               22
  0.84596445216267868               19
  0.72405217408382627               19
   1.0543377065394033               22
  0.63596440531049192               22
  0.71473906771894302               20
  0.74551125259652418               21
  0.76511440090213811               21
  0.67340515527104017               23
  0.70207609733688703               23
  0.66340458014265968               24
  0.54456310504261962               17
  0.71917009955933808               22
  0.31028873950264768               20
  0.45615535050820893               19
  0.93468415367836466               21
  0.74520504689011480               21
  0.86314405355332757               19
  0.53318926518324783               20
  0.80995107085322493               19
  0.84096747605701849               19
  0.68214390924108559               18
  0.98082607575083169               19
  0.68907755831372974               17
  0.97236545078795777               17
   1.0570802210833896               21
   1.0678598244587134               18
  0.80908127754036163               19
   1.0853652447193187               18
  0.97301548129926807               19
   1.2235243469551056               20
   1.1492354529064492               17
   1.1397239994062753               20
  0.99749269099890747               19
   1.1343707915834951               20
   1.1258690244779719               14
   1.3138412785156683               15
   1.0252462559798423               20
   1.1360678803313053               18
   1.0275477766706502               17
   1.3244753533284241               14
  0.93432405756770220               17
   1.1532358894319106               21
  0.72046959419590495               20
   1.1533157271145651               21
   1.0002441742306547               18
  0.69511566799654712               22
  0.68288484313402109               17
   1.1405080979526969               15
  0.85901839471760366               18
  0.77639812866398650               19
  0.84086388975021686               19
  0.80650954399994612               19
  0.71066050184442286               18
  0.98589349085189870               21
  0.92367898395978065               15
  0.81286586345198264               17
  0.69804798383610356               22
  0.72571278571993347               20
  0.92342579604009234               23
  0.80545491145383974               24
  0.49464858774313863               18
  0.22167587601057026               19
  0.77682748385601441               15
  0.55514403788543409               20
  0.49699875489985401               22
  0.77906639149903467               15
  0.71430814161371692               20
  0.59381538006738266               21
  0.83944521136498140               19
  0.69974375291532154               17
  0.96638309049482940               20
  0.59916643047533791               19
  0.92296390234669556               17
  0.79516063116651470               20
  0.89588751412523826               21
  0.83128040736931463               18
   1.0227542415805790               20
   1.0820050650956559               18
  0.97401963355361032               20
  0.89466561602589056               22
  0.99447576406251037               20
   1.1182483284248532               15
   1.0684203792204721               22
   1.0619765345996872               14
   1.2122053478351913               12
   1.2788832802685637               18
   1.0557918728127147               19
   1.0598231139923560               19
  0.96666832102484279               20
   1.0826611720991093               18
  0.90263610303616093               17
  0.94785018206626803               19
   1.0780015448010050               20
   1.1374498660597423               20
  0.62257927117651690               18
  0.73822896629872936               21
  0.83316709269003952               17
  0.97633055449327044               16
  0.78906284343071942               20
  0.91664632129584389               14
  0.85198781557840486               18
  0.65066099801298627               20
  0.64953071086782677               18
  0.87701402806931861               22
  0.98629770194052990               17
  0.82824898253410961               18
  0.81246276881442003               19
  0.73720357200177189               21
  0.74135082805173103               23
  0.54033751341769054               19
  0.45835594887429271               20
  0.66989548799401510               20
  0.42871350564879707               18
  0.77844014457954214               20
  0.57272650814708537               21
  0.58728408790340580               20
  0.74479489465214765               17
  0.49674874253018464               17
  0.42686748896492260               18
  0.56234554825208383               19
  0.66054796314762743               18
  0.91058707163212693               18
  0.72638714052343589               17
  0.85747080652882890               15
  0.98199374737855205               22
  0.89537013138676014               19
   1.1254264683946520               16
   1.0978129468027658               20
  0.89499229086192311               17
   1.0219232077970573               20
   1.0044176530580873               21
   1.2855355625548153               17
   1.0741150542443119               21
  0.99658587772280238               16
   1.0250937081416602               14
   1.0949236474534165               20
  0.91760922946919921               17
   1.3096651943444713               13
   1.2046779466515347               18
   1.0558082345542725               17
   1.0978897295862491               16
   1.0776808765366432               15
   1.0457495655723636               16
   1.1943312413729106               16
  0.71077773544541423               23
  0.73021630424920803               17
   1.0146161644813303               18
   1.0144260437717620               22
  0.73818629097041499               19
  0.65829954135847490               24
  0.74799780451661202               18
  0.76671271104848693               21
  0.61860283587439269               16
  0.46550548923899626               19
  0.68973729986839516               16
  0.87097345593866726               21
  0.88032849220833675               19
  0.74081133443801062               20
  0.59208203952216154               19
  0.41111012831632499               20
  0.46186075427616868               23
  0.65157190788803132               20
  0.74577879339209496               19
  0.96341749436580082               16
  0.70046318015098041               18
  0.42418710086983902               21
  0.89331735217504804               17
  0.61408473726223944               18
  0.70869470031303483               20
  0.95779673869270865               22
  0.67348843098775002               15
  0.89104689078928101               15
  0.58824567059151545               20
  0.86602081064217151               21
  0.90442688279133465               18
  0.93566899843805384               18
  0.79242222833244258               18
  0.97121255054919176               16
  0.86596139901583924               21
   1.2104567547779923               13
  0.99429052323221523               21
   1.1017408301997664               14
  0.86469944018527567               20
   1.0627467255349980               18
  0.92817048123322499               21
   1.3592316097933352               18
  0.96727760304840016               20
  0.91147002514221587               21
  0.93167181845257663               20
  0.91996941271590527               20
  0.80353195235541741               18
   1.0327370505991873               19
  0.73563473214235631               20
   1.1196959255348993               20
  0.85429240127674189               22
  0.95302083899442369               18
   1.0157680315756965               20
   1.0675938185349045               20
  0.55007011879562429               20
  0.51395087519906180               18
  0.53736716565357767               20
  0.82303360861943009               17
  0.78430526892073349               20
  0.71643009531908575               15
  0.46909822388389733               23
  0.46112375729844340               17
  0.63501945549775174               19
  0.61706039517895239               19
  0.57125647875909857               18
  0.52314003780143603               20
  0.56337068656872924               20
  0.29450819001078399               17
  0.83051626316289684               19
  0.64325580461989795               24
  0.48336494333678204               18
  0.38793895974913195               16
  0.69173329577766751               17
  0.80398065371790939               19
  0.82500112110022183               19
   1.0009612680422899               22
  0.60311891444208809               18
  0.84584823822296729               17
  0.81101826498120932               17
  0.53407326139554834               19
  0.81076364579771520               14
  0.62426447608662361               17
   1.0145839363569571               24
  0.79636892028204798               19
  0.80877391121573039               21
  0.73858320280492851               21
  0.94729363750707740               18
   1.0246322116450082               17
  0.84609769569951421               19
  0.93237658412872815               18
   1.0734298348960147               13
   1.1832721762231608               16
   1.0309935269963337               19
   1.0965592675013034               20
   1.1067892511447193               20
   1.0376834084400779               16
  0.97501624324202596               22
   1.1469520400143123               16
  0.59740442566956564               23
  0.81828182988828790               19
   1.1675258404147044               18
   1.0261273059702585               16
  0.97000163399703943               19
   1.0890680910809214               18
  0.57571007223600812               18
  0.64308971002548543               21
  0.69726674775121633               19
  0.74874307197854562               19
  0.79542231652760353               21
  0.58788572558321828               17
  0.73820616802230310               21
  0.50070566051740661               20
  0.57252280019065604               23
  0.66175941603513888               20
  0.43321037367547383               17
  0.60744682962367968               21
  0.61274103073164887               24
  0.41962967872411105               22
  0.63261628977742779               21
  0.39639021635059318               19
  0.34726693703012840               19
  0.36728289427969063               22
  0.42056895184012572               20
  0.84629627739619107               18
  0.70211693191565661               22
  0.78489930718207968               19
  0.45045119783562748               19
  0.81079938146717667               17
  0.73585076774857061               18
  0.78717187586498438               19
  0.76497449181288801               21
  0.94909483770082825               21
  0.82349325848057819               16
   1.1012679471322351               20
  0.60070591468617451               20
  0.73222948223756046               21
   1.0579792417712441               21
  0.74223763527231090               21
  0.80073969303308634               17
   1.2089574618968069               18
   1.0479297612109657               16
  0.96463616655532747               20
   1.0738127586402459               16
   1.2334084183409084               18
  0.88617949588128986               18
  0.93857993615662760               18
  0.91405344734453076               19
   1.0348878558028749               16
   1.0229720388379779               19
  0.76460345618569003               21
  0.78814456750635620               18
  0.76548666737279547               20
  0.93111046837524925               18
  0.76998771842220726               19
  0.78588796937327365               16
  0.88516828620639643               19
  0.71128907496014604               19
  0.51748941467114917               21
  0.77742853203626228               17
  0.49037259735853733               19
  0.55583621138647121               19
  0.46159595405689835               22
  0.66593293655921204               21
  0.50343921523717960               20
  0.67540652476228480               21
  0.48855774886590431               16
  0.53997558307469173               20
  0.68736609391180581               23
  0.29318876083783485               14
  0.23128496402013532               22
  0.64231270587034339               20
  0.49711401466131544               18
  0.58850540137655394               21
  0.54289029186990556               16
  0.67933225419737908               19
  0.40470719848337461               20
  0.58366236590481235               18
  0.53021128373344162               16
  0.65934094568049384               21
  0.96944789901451456               20
  0.45326144807715973               16
  0.77251652224554035               17
   1.1947620980771385               17
  0.81734131215161065               20
  0.67403822958052029               18
   1.0625125603712517               18
  0.81320166732061361               23
  0.67192635784128918               24
   1.1269061819880564               12
  0.93236027680291711               23
  0.96967579167556428               19
  0.82806067310430909               23
  0.99104204589106903               18
   1.1445023760873620               20
  0.92946864865298029               20
  0.96431014667506110               15
  0.99904501826172798               16
  0.76539284687305686               19
  0.92145677120611447               18
  0.89380980976118696               19
  0.51297891084606118               16
  0.96338590787206702               19
  0.41581353581938052               22
  0.59924691103349625               14
  0.58214548015621259               21
  0.94000695766135156               20
  0.71661126722871171               19
  0.71818018641547809               18
  0.34827552790365263               19
  0.53009558934420475               20
  0.71764680334236564               19
  0.67363240683590153               17
  0.39060610584053851               20
  0.25805882653398687               17
  0.44941640444297098               21
  0.30244422241718782               23
  0.48120706336799268               21
  0.83197750320826969               22
  0.61936934002539268               22
  0.37520440374675185               22
  0.32912937952883248               19
  0.70852234293733829               16
  0.60371212885704151               20
  0.31802047275978823               25
  0.68428230641010768               22
  0.63297838602444023               15
  0.44105289868920350               21
  0.89986170110676977               23
  0.97475641635562760               22
  0.76140465862111595               20
  0.93405880840620836               20
  0.97214670520078461               17
  0.60677308672848396               15
  0.87807645489388597               19
  0.89298144161136428               16
  0.82945119154810365               21
  0.81130524112306102               21
  0.86844029159402691               21
   1.1454747914033063               14
  0.98625894833026440               19
   1.0402419670604901               16
   1.0316491196557633               20
  0.78412515704382135               18
   1.1774002034407149               19
  0.96589432279796017               15
  0.79032770838036059               18
   1.0859619162453789               16
  0.88239353812775667               16
  0.41276020030285471               21
  0.67199559132035791               19
  0.59845463760700390               19
  0.97769167296581638               16
  0.84793950957451902               19
  0.90636613551037393               19
  0.43323533708745221               20
  0.60356727898439055               19
  0.79626954826483043               19
  0.44102081141791766               19
  0.63840112925215964               22
  0.39719525764759028               19
  0.41105357629116168               20
  0.56065026864449929               20
  0.35813305786208083               20
  0.24614155480534819               20
  0.53130668635257039               20
  0.72265523582571900               22
  0.28435040049556615               17
  0.50275286826610599               20
  0.62711412630506880               18
  0.30423598753313036               19
  0.54610484210896115               21
  0.24126591350419929               20
  0.37732255344811072               19
  0.79078410713248326               21
  0.47095361459323826               17
  0.37276097334935715               23
  0.66072315085896871               19
  0.90644405967646413               20
  0.36201346040146271               23
  0.74796411823461917               19
  0.70985510072636604               21
  0.64159398139840396               25
  0.54572205431348320               16
  0.94499144478083275               21
  0.78978541708261329               21
  0.64110783932491444               26
   1.0718249621750229               15
  0.74852708381028876               21
  0.94573737837943095               23
   1.0278954688225854               16
  0.81444126475687084               20
  0.73123455990569797               22
   1.0297670471778424               18
   1.0561217260641396               22
  0.84384474273024024               21
   1.0112228628438886               18
  0.99872171050103964               22
  0.94823401939186558               19
  0.83462986836110675               19
  0.88401075843694155               16
  0.56610436719382740               21
  0.88403011247032048               19
  0.44562092530994951               21
  0.65057412574517726               24
  0.63028516092366593               22
  0.59235729466386122               21
  0.60381785725830761               21
  0.44598503610513907               20
  0.60354875480030712               21
  0.68556771870813915               19
  0.36952045395655286               19
  0.40062378153813366               18
  0.52431178190645922               21
  0.29338121619697982               18
  0.51290955254946902               20
  0.34110162302597097               18
  0.68859874522289244               22
  0.29844605824740200               19
  0.33672010344808212               16
  0.39351946361631546               22
  0.71121105868330692               16
  0.42663025800371684               21
  0.23056975421951045               23
  0.71249992202611923               20
  0.46786516629895353               21
  0.51313740935781849               19
  0.58374733016813574               18
  0.48475685962151427               18
  0.73337760410163966               18
  0.52323272613836658               19
  0.73858922088187151               20
  0.66643321835297198               17
  0.90011280340685007               23
  0.69172350585013975               16
  0.87700435923448650               18
  0.51268483487633409               20
  0.33526058266721132               15
  0.74141611007250907               23
  0.97109249229098993               21
   1.0204006795661364               18
   1.0794439787972465               14
  0.74959910204477964               19
  0.87087533242797066               21
  0.80454467126248275               17
  0.95353768461247557               14
   1.0112708646959299               18
  0.97793659457322535               18
  0.92166234324637530               19
  0.49008119572441416               16
  0.70733005332750687               21
  0.52084453102420725               19
  0.70039814345699980               19
  0.50360665295549145               18
  0.47457677793358027               18
  0.40245240258374881               22
  0.64077259198602377               18
  0.68711779280527496               17
  0.64123487605253926               23
  0.47620836411354223               22
  0.63693372042698204               17
  0.46472262183370422               20
  0.40753914055038315               19
  0.29617540933273767               19
  0.21671283648252040               24
  0.36228537873736044               20
  0.19616078742906937               22
  0.53549431959944260               21
  0.45237667488632871               20
  0.42054554404230660               19
  0.21334076174398092               19
  0.37182917759420187               19
   7.5644673708350610E-002          20
  0.55961008628925824               20
  0.65179364963598441               16
  0.15361774055692912               22
  0.69541745470155125               19
  0.62079750921535748               21
  0.40821465142028784               22
  0.37149037480765817               19
  0.79006540015182447               18
  0.59564421375557153               18
  0.58937909153321622               15
  0.59328197992813647               23
  0.85595789718074067               17
  0.82462647045585424               17
  0.91063899553673444               26
   1.0427819505375160               20
  0.98516303979859832               21
  0.57908938515873487               16
   1.2007869570567720               18
  0.96144311444866470               18
  0.93110741970520006               22
  0.92131094484723208               21
   1.0114048762712684               18
   1.0343720889413481               17
  0.66220626957572337               18
  0.70664038767097670               16
  0.82274574381750387               19
  0.82963648207615970               22
  0.89237962282256289               19
  0.69547782522105883               21
  0.81169787408454441               20
  0.80008312460316844               16
  0.53002017966688386               21
  0.57321016729859453               16
  0.43413152544456857               21
  0.75501142095914053               17
  0.59402809825364200               16
  0.42465740506425387               21
  0.61001076244514363               22
  0.47175490004158588               20
  0.39802395655195028               19
  0.43338728360358153               23
  0.28517371589530338               20
  0.17337334679158434               20
  0.23941619476245132               25
  0.57525685912203184               21
  0.32775763545962000               22
  0.14230998579773499               21
  0.51824276514990164               18
  0.66104647552325635               20
  0.51671623047629944               17
  0.31837644454545488               22
  0.36132874957701844               20
  0.51670655756069295               18
  0.37690647663058352               21
  0.88130612669990294               23
  0.78211294519039543               20
  0.49936352344736973               17
  0.67367197546786839               18
  0.72106038156035279               20
  0.71217312946029909               24
  0.93433373545764997               24
  0.85981637458210747               18
  0.79133108232425053               21
  0.93587845076181009               21
  0.69611167202791380               23
  0.75799142651885443               21
  0.58805415066929678               21
  0.89821548892372061               23
   1.0039600211695885               20
  0.87699617787991480               22
  0.87234583603547200               20
  0.98857845909330067               19
  0.63185029270940318               22
  0.78838879839839959               20
  0.95996233670156861               14
  0.83529767615921102               21
  0.67341475623980918               21
  0.86186984654099486               19
  0.73528001951371613               19
  0.70586231872152394               21
  0.65976643470051843               18
  0.59037953798486420               19
  0.30913030843816325               21
  0.40743715109495532               20
  0.35634333100009563               22
  0.70245656154850100               18
  0.24549607895003192               21
  0.44203553655788330               23
  0.31672022402663980               18
  0.56282060710844539               18
  0.61622892433606125               22
  0.24271329865733940               19
  0.33916156895442739               21
  0.45876313882979053               17
  0.36332896966153971               19
  0.27487881536082659               18
  0.48344065545638587               22
  0.19065063963835602               17
  0.35137457136336153               19
  0.33871622717578409               22
  0.33429480560882663               18
  0.35390687970887913               20
  0.81813208796761305               17
  0.60924949622756486               23
  0.49197470590938452               23
  0.28669332200928188               24
  0.54462426428790223               15
  0.49001572945998861               16
  0.66065266192760397               24
  0.77980674960973573               21
  0.65213721976290417               25
  0.83080028496818592               20
  0.93539874016622293               23
  0.83441282597470501               18
  0.93683832751549012               20
  0.86437564922033194               23
  0.91425841342033887               20
   1.1153115392252899               19
  0.94660952959659828               20
  0.71832194949904737               20
  0.79401300205242176               23
  0.73107442729599015               24
  0.82299534613341641               19
  0.96351545597646060               16
  0.76446062787999791               20
  0.86574031656754247               19
  0.96665929275092011               18
  0.50902235339989066               20
  0.80598545868513738               19
  0.75024124750540155               20
  0.50325778611268479               21
  0.59588772931127942               20
  0.61024940298357244               21
  0.55365175288752699               22
  0.39363409887322043               18
  0.55686004164337077               21
  0.46444118037656579               16
  0.56970724161201258               17
  0.18519115806396846               19
  0.17109370623858031               21
  0.40451661148459350               20
  0.52817595112541571               19
  0.35767842184926246               19
  0.44562682717203062               19
  0.10795425998050139               24
  0.20675372502202380               18
  0.43477613318884373               19
  0.23915786515677895               21
  0.41762601832600588               20
  0.19704081983634614               22
  0.22758273468066961               22
  0.56192792058291574               14
  0.48441857769047647               17
  0.73803764504700087               21
  0.64835542824516812               23
  0.71256210160789146               19
  0.80827715148657453               18
  0.65144613592390965               22
  0.85333850566818914               20
  0.90418471292632940               23
  0.64719101607481289               20
  0.61329829928125457               21
  0.90605924103293578               17
  0.72496783634410122               19
  0.98999592308512385               17
  0.74398717374554801               19
  0.98016623974086325               21
  0.89599196392499325               24
  0.99839586910175615               18
  0.68094369882182271               23
   1.0185158571453192               21
  0.88134924683964166               18
  0.95854621364467041               16
  0.96672385463625332               18
  0.69800949323322548               17
  0.91894710447045702               14
  0.85312073525829679               18
  0.66889977757933450               18
  0.45367137723905426               19
  0.60104620040796819               22
  0.59843141808739808               19
  0.25716117271884753               21
  0.45704391075398865               20
  0.59616287526922840               17
  0.25361606205125997               18
  0.53761618626298202               20
  0.35898718636943888               19
  0.30374933464822368               18
  0.18325438014604847               22
  0.38139459738857445               20
  0.41695936209331785               17
  0.14612173693203373               20
  0.53006405035752502               19
  0.22806851623587535               24
  0.15612658500883775               22
   9.3709895209867305E-002          19
  0.38572523328758651               20
  0.45080294864622800               24
  0.27655932260115046               19
  0.17849985505169708               21
  0.57665682507078420               18
  0.42357507355123286               18
  0.41087139615193269               17
  0.20741478830874194               19
  0.64632542356592826               20
  0.61809276137381464               24
  0.51830742274023400               22
  0.36429869160455691               20
  0.67081622831920895               22
  0.45599072627844228               21
  0.66490334881854363               22
  0.77929696382545366               19
  0.78279683364903918               21
  0.96162480235941838               19
  0.86261472980463305               21
  0.77475122346041403               24
  0.99413576439072682               20
  0.98242618183286201               19
  0.93084168931427613               20
  0.90249981116276279               18
  0.78042796888738897               19
  0.82446049065230820               18
  0.89899862545360576               17
  0.88795327986805850               21
  0.89319741036853395               21
  0.54613742908554130               19
  0.69048501301910903               22
  0.36757407520179713               21
  0.58642152774178347               19
  0.48223255747564880               23
  0.43278521252339919               21
  0.27309458411856169               18
  0.44841477106298200               19
  0.73539721991853879               22
  0.58626157036867554               20
  0.34285940212904020               19
  0.42304316503402833               19
  0.21423803641688632               19
  0.27398330716173408               20
  0.14324506382186611               24
  0.14669781915350827               19
  0.32437719136936283               22
  0.21274048350890593               19
  0.25172475832068636               20
  0.35025798618435405               20
  0.33303196311657302               20
  0.21105126993576276               22
  0.19453959506998866               20
   8.1712579157314238E-002          20
  0.13620171643449325               21
  0.59678297295586902               15
  0.38402032126969909               19
  0.40958957842615235               19
  0.28867372676120240               23
  0.49019816806957156               17
  0.68451347759045689               19
  0.71274263150032191               20
  0.56136472862552511               20
  0.62233545532770351               22
  0.52540953626520170               18
  0.58962547018249467               23
  0.36737194508337340               20
  0.69762902260534754               18
  0.66308388943145291               20
  0.60028163462224471               19
  0.95516884429678295               17
  0.85419425404022165               24
  0.87607396847895336               19
  0.86386957791649455               21
  0.92931017837775876               23
  0.82674403134958363               22
  0.82760905079733338               15
  0.76058944701022035               19
  0.71684181494075350               21
  0.91106311074583080               18
  0.63519266204113300               19
  0.82693617200579306               18
  0.94255493580463634               15
  0.57380511707011839               21
  0.61671685560154343               17
  0.76607964526165695               18
  0.51186004365311100               21
  0.47611350508482869               18
  0.64463120054135192               21
  0.49903009585832692               21
  0.33333685700872562               21
  0.19257036866800215               18
   9.4383612848724166E-002          20
  0.24878501406734899               21
   3.7110967545809476E-002          21
  0.11207466130296578               19
  0.27465933439500179               20
  0.30258393630387703               20
  0.39845806095067016               20
  0.53370622398854495               20
   2.8856946052571001E-002          17
  0.26359985105801537               21
  0.28857704891895458               20
   8.4253197895035922E-002          19
  0.27372300995159643               21
   7.9640927140688642E-002          19
  0.27741485772657165               22
  0.36166803018486077               20
  0.34627265361393200               24
  0.51151627894285312               20
  0.53262342919291061               20
  0.52151450861756987               19
  0.41299657981139082               17
  0.70886432147821932               24
  0.55417483088877695               19
  0.60114249558412736               22
  0.58338250840847949               26
  0.83619159444687652               23
  0.89236348811475941               18
  0.58818115092892942               22
  0.87250787282648767               23
  0.99118653198600193               20
  0.90840178179299857               21
  0.84057635948872289               17
  0.84273913283244173               17
  0.79871750923183626               21
  0.63745281265268028               21
  0.83652291456744265               21
  0.63693952386639041               21
  0.78185722133057967               22
  0.50898386356028102               18
  0.84973813670342202               18
  0.66346658111056289               19
  0.76362367571925838               21
  0.94290559844570399               20
  0.31716073854353038               20
  0.80087864481307647               23
  0.65146997079123281               18
  0.61494203223625055               20
  0.52542427847392881               17
  0.35323363570114558               21
  0.36764742992383087               22
  0.47840244293319650               17
  0.27275787214078201               24
  0.38285082536201120               18
  0.27065617857225011               19
  0.16718749569138908               22
   9.0176580333441572E-002          23
  0.15968879060285254               22
  0.11366864509122344               20
  0.30682608918835569               26
  0.20192315293482210               18
   8.6725907240023492E-002          20
  0.13683346352805320               23
  0.15402734173782928               23
  0.29559898463529993               23
  0.18763138168454635               20
  0.45063234502339383               18
  0.45909047950386084               16
  0.30455959672539401               17
  0.36537673361848622               14
  0.43587493110915160               20
  0.51436905849319270               19
  0.46687427690902555               15
  0.58026526130293155               17
  0.55348639437881986               17
  0.54017816546713171               20
  0.77842407077057585               20
  0.70005772067992289               17
  0.80301700105699214               17
  0.96673565777791448               18
  0.95899183057810944               19
  0.89087645926008463               18
  0.90968226216234638               20
  0.69121824601822679               19
  0.86144989454418464               18
  0.93428466991759573               19
  0.78262493764941243               21
  0.96007790117385616               12
  0.72168209968995711               19
  0.95644282318970986               19
  0.82939493497910111               22
  0.85023563634473465               23
  0.71151431231103091               20
  0.79323266648766255               19
  0.25831912467274942               18
  0.59960048783903674               17
  0.55593321756504044               20
  0.44566102121390283               20
  0.14176864753695081               21
  0.57107570957401965               19
  0.43466798840355103               19
  0.52254541278722499               20
  0.25227038351486969               22
  0.53675756599310276               20
  0.22380966864132509               22
  0.16496454004377212               20
  0.38834473051204893               18
  0.28615260956463756               22
  0.23573753889688520               19
  0.17527581596508141               21
  0.29673052913494735               21
  0.25350774734411047               18
   1.8081718475657461E-002          19
  0.51411712781423058               19
  0.37249963049866341               21
  0.38494280572630019               18
  0.64833741904352615               22
  0.43221339987036028               18
  0.16720221804102225               25
  0.40946747810072176               18
  0.45153463096063273               16
  0.52634117498340782               21
  0.73707760288335822               22
  0.48975096062018719               18
  0.57674295939164644               18
  0.70525663385948723               18
  0.95981830038158222               19
  0.75286679456674299               21
  0.72403787126192443               19
  0.78820481755849903               20
  0.78664984852438480               21
  0.77204967619166909               19
  0.94134928872673651               18
  0.83794009862032914               22
  0.85436656589381188               18
  0.89255223595517175               15
  0.99696567037983097               16
  0.98641312878039478               16
  0.94903183028487703               15
  0.96452148722314157               13
  0.67422946293568720               18
  0.63249776001220914               17
  0.73602557962382409               18
  0.34505005958137597               19
  0.56469614048632044               20
  0.58686946770893389               17
  0.49346953020202211               19
  0.76427677595498211               21
  0.18604612158741607               22
  0.44758569729485631               18
  0.10595776507405005               18
  0.50417005437452789               21
  0.23010026523788119               18
  0.42653899288009267               24
  0.20769424536357589               24
  0.36998368202152077               21
  0.13322951264226879               19
  0.15784731221008469               20
   5.7236299778914028E-002          18
  0.55891704817233112               19
  0.18585941291160571               20
  0.10356590185720981               20
  0.16498919607452814               18
   5.5983818269646775E-002          17
   5.0035565417900559E-002          20
  0.61891448572563423               19
  0.20645386714310687               24
  0.18356393312515235               21
  0.23746528171284872               19
  0.55751774400059617               22
  0.42268570662527644               19
  0.37696914350346034               21
  0.87930399217309352               21
  0.37039999763820458               17
  0.53656547928880527               18
  0.93773050195392604               20
  0.65510919043892790               18
  0.65172092821798844               19
  0.82818109610633683               20
  0.76454923881599302               19
  0.60614688711922138               20
  0.88925902261039969               19
  0.94255565505585537               20
  0.93311432379606052               16
  0.77845865452643770               15
  0.90763869220615401               21
  0.95579254735649521               15
  0.91481473685002479               15
  0.77798348351163471               20
  0.30262368420792946               24
  0.54409209851060336               18
  0.72197124420199688               21
  0.66730265510072961               19
  0.61751682271134245               21
  0.69023994548555245               21
  0.43361407572495758               19
  0.45105503740024555               18
  0.36266566890193414               20
  0.50278766840944777               20
  0.47472986442244008               22
  0.48728539423492623               21
  0.16140582186480629               20
  0.52938898183793637               21
  0.11793380400612344               21
  0.11226999574224975               19
  0.17683547278494202               22
   8.3187112178624026E-002          20
  0.15111986300762822               19
  0.25519622137968073               17
  0.20638816513684322               22
  0.31456860670748432               17
  0.16450729789393825               17
  0.46881294318414796               21
  0.32842149037739116               19
  0.33567611961893773               24
  0.18568651420133492               24
  0.17415260835296484               22
  0.23346724358171367               23
  0.19096987892236481               22
  0.52004452217457198               18
  0.24504488268640931               20
  0.40864715975507582               15
  0.70749292056691571               16
  0.28603544066060005               16
  0.67748311955919194               19
  0.59428020051248009               21
  0.59043263172498117               17
  0.57951304301175821               18
  0.91967484891755624               16
  0.92527977490884339               18
  0.84851503295263009               21
  0.64669395456788181               22
  0.96193014987629000               20
  0.91144125199524251               21
  0.44265050226021024               18
  0.86956922072699128               19
  0.72527989985918762               22
  0.86628167192559624               20
  0.75181148055337499               16
  0.55792145625409661               19
  0.71729855113335794               19
  0.64171075425955393               17
  0.73334251697146158               21
  0.67002125242384147               21
  0.63901482396532772               18
  0.68407548892552617               18
  0.42248221923130175               18
  0.62393222913735258               21
  0.55691014756103874               20
  0.21741692415820912               21
  0.41964460023025701               23
  0.28836711917939034               21
   7.3868095012572854E-002          20
  0.42438357458456927               20
  0.30699864206785482               21
  0.39240514968188345               20
  0.29863631597797896               18
  0.29342821478911463               22
  0.15059276856746173               18
  0.19575760923608013               23
  0.15386708736907478               19
  0.18837242812658050               19
  0.25365352981613659               19
  0.32493178769568509               21
  0.13617600025342413               21
  0.30106148998886784               18
  0.46994581000188507               22
  0.30034671076541780               25
  0.61054727246963170               22
  0.39592224871411996               19
  0.47576736404169889               18
  0.51027707326240335               19
  0.55733091846861060               21
  0.45481386713517880               18
  0.53639027498752390               18
  0.88266646343532917               20
  0.73715400516681329               17
  0.78668007772779891               20
  0.89296211531897218               20
  0.86684503020675618               17
  0.79828919125615017               20
  0.79146062197175404               21
  0.78615020597427043               19
  0.76246979378812652               21
  0.65793659161289397               18
  0.92331512821094519               20
  0.87191891005050204               19
  0.94273650543660836               15
  0.67818490214899996               18
  0.74631253369308281               19
  0.85986504662244079               18
  0.56221630443352677               21
  0.55152380304554072               18
  0.89906919579508282               18
  0.32322561211246420               19
  0.36115495297140976               22
  0.37259033142355169               21
  0.32270065358860694               19
  0.23336318663668335               24
  0.28695946426096008               21
  0.37662812547166136               20
  0.66239731329026241               18
  0.46662447300802179               18
  0.43542022975172484               19
  0.32469698214560466               21
   5.4193258384834436E-002          18
  0.12976541120846671               23
   8.7405439155054554E-002          20
  0.44299796563947352               17
   5.6872019099732538E-002          19
  0.16770472783915791               22
  0.15211767800821843               21
  0.19925251299598795               21
  0.20375245750531296               24
  0.14061790302530072               23
  0.27961298165946075               21
  0.18897649161045935               20
  0.34962580146996330               14
  0.22198579996269244               22
  0.61545688927743825               19
  0.28922466702448696               21
  0.42732068193256911               18
  0.45443554917705548               21
  0.46844929945854363               21
  0.44257950362427301               21
  0.47733950543151232               19
  0.65550852149969008               18
  0.77155251709975115               18
  0.66588851951635952               17
  0.82353381975378182               17
  0.83795091972119318               21
  0.95403064944912175               19
  0.83305816604435234               20
  0.72719859250405339               18
  0.81988854237374320               19
  0.82487865473149113               19
  0.69632094597589711               19
  0.61072351511226020               20
  0.73227736672623089               18
  0.86468191167898412               20
  0.69898381400543763               21
  0.67066530752932751               19
  0.69194943224676109               19
  0.70548797133214025               19
  0.81252871982740182               20
  0.56588794058495417               20
  0.66041596460500851               18
  0.55821256142152142               21
  0.20034952924774804               25
  0.28896834690836953               22
  0.34827893536085425               18
  0.33187996819171661               22
  0.59870595897804013               16
  0.40206178858741859               16
  0.20413884523487011               23
   7.1975479208144608E-002          19
  0.23682766204483277               20
  0.35486523962170902               18
  0.29595870182009565               21
  0.35025276867650623               20
  0.26977283816159292               18
  0.12170212714266659               21
  0.42272543611590063               22
  0.12663702215624995               22
  0.46824353050908785               22
  0.51715312223958687               19
  0.22791566073025374               22
  0.34950963681355018               21
  0.39690467732541074               23
  0.48159980671787095               18
  0.59032198162181226               17
  0.73236754526747339               23
  0.40863620112743526               21
  0.98530689456029363               17
  0.83839871247095854               18
  0.63171637318610729               14
  0.85805011907161755               24
  0.82088523841541250               20
  0.90974666778838453               21
  0.73663249735311820               19
  0.94707092648396618               16
  0.97403203802416694               17
  0.87139662862031642               23
  0.72222387187353165               20
  0.88981110825238041               20
  0.78948051801284536               17
  0.82340744317762560               19
  0.93219558921346890               18
  0.95212483081932520               18
  0.75579249859428832               23
  0.85059915251670815               19
  0.74882527645640073               20
  0.79467005712683647               20
  0.53996043880720468               17
  0.60337064955034569               21
  0.77871094571770072               21
  0.74693360215804072               18
  0.72834657573666650               17
  0.84647750636714314               20
  0.51543421166396897               20
  0.33675608617947234               16
  0.60737066705186815               20
  0.38812967524805952               16
  0.31281683354403628               21
  0.26217121199480176               23
  0.34552378958815366               19
  0.15235699781614928               23
  0.25522219061996049               23
  0.27014875247133668               19
   2.8106026668118886E-002          19
  0.31341880587904253               24
  0.11710828981443239               20
  0.19684661132772135               21
  0.25781071586325199               20
  0.42739438765777921               24
  0.32657928368196149               19
  0.29788116601159270               20
  0.34594400203223147               19
  0.39770938934733968               20
  0.42731731771064901               21
  0.46606034982730538               21
  0.49662257940426741               18
  0.37959058885868996               22
  0.87142715245838853               19
  0.85756823292460871               22
  0.56302354092512819               20
  0.48647105970656540               20
  0.73548308362287218               20
  0.89764855083290918               20
   1.0566175712090360               15
  0.69840296633644039               21
  0.85312601968566781               21
  0.96767349277379999               13
  0.66002142367848848               19
  0.79136020949257968               22
  0.90910013570185400               17
  0.75021598636227282               17
  0.97451641293542524               16
  0.91904131330282957               17
  0.67268931817006494               19
  0.85355411979445728               18
  0.77282690740187432               19
  0.79527372513747607               17
  0.83585345122907573               18
  0.78920007694768390               18
  0.57730817931812484               18
  0.72090034856320517               20
  0.43000827723077711               17
  0.54640062616442020               19
  0.76450059928604208               19
  0.42498502206380534               15
  0.41483430590532350               21
  0.61074200450640570               16
  0.31968671481668970               21
  0.26065278931708080               24
  0.15758732593118296               20
  0.18827888897334480               20
  0.38355557754472541               16
  0.52953661367422189               17
  0.24472592483729050               26
  0.21963137190382678               24
  0.21234331014201646               22
  0.23860803055857946               19
  0.34025330705298568               20
  0.35806897204738869               20
  0.31856400271205132               22
  0.23708673049189263               20
  0.42844931140695297               24
  0.58786852559877134               19
  0.54137907309604805               17
  0.24455311691937190               22
  0.56706914020175037               20
  0.70011663688680092               21
  0.47464731240987729               21
  0.70549393695629148               21
  0.56872515633499710               20
  0.59283441767508871               19
  0.81731062687306821               22
  0.70608893047837873               21
  0.71039861971170559               20
  0.93274732923492398               22
  0.95195877576628918               16
  0.81816593903378776               24
  0.93551987851374185               16
  0.91858753790018777               15
  0.91094104764229855               17
   1.0662737370125492               14
  0.93707373666042848               20
  0.88106896425350145               19
  0.91843555264411680               18
  0.84241520581959328               20
  0.69746143561138307               19
  0.65005074008299080               18
  0.77854726897275983               17
  0.51297875396280268               17
  0.64154364957454380               19
  0.73950031171591546               20
  0.56776069415836294               19
  0.50785706732122604               18
  0.75892558165008572               21
  0.50738360490313772               20
  0.58663874803397631               21
  0.29194119018598913               20
  0.48519588577349620               20
  0.57837525565933745               16
  0.48559948808157632               18
  0.31594255424365664               21
  0.39053706941930799               16
  0.21388438723050454               20
  0.29184350464708037               22
  0.32279606313573378               19
  0.35071087595235667               23
  0.65630421187524735               23
  0.41037617393379111               21
  0.23724446081189196               22
  0.52487734503872785               21
  0.44795799148210330               18
  0.39126917642942127               20
  0.63385375993138648               18
  0.55457199644288546               19
  0.68669701204218203               15
  0.60519475222365948               17
  0.34623280642429571               19
  0.40905472074485993               20
  0.54440029610891649               17
  0.85743124582671493               15
  0.72877624828432774               21
  0.94478992056504429               19
  0.96359688240807773               16
   1.0236416887653896               16
  0.62927071327145423               20
   1.0895869899587789               16
   1.0370415146864425               13
  0.88284732211367101               20
  0.97098240039348804               16
  0.86869150761283953               20
  0.77628131946417966               18
  0.96114121516253370               15
  0.60744377897471258               19
  0.87137852985452935               16
  0.90409813990025567               19
  0.56122364412967818               20
  0.51548428956691839               19
  0.38894918297205772               20
  0.52787003837185098               22
  0.67310351384270906               20
  0.92380395667114756               20
  0.63438921942797577               18
  0.54989433712609448               17
  0.72460229557792810               21
  0.56031420778400531               17
  0.46723728922732721               20
  0.48980411149831632               20
  0.52142854032877939               18
  0.29748877577214555               22
  0.40090216782771371               15
  0.45827611975217358               15
  0.45687542591045932               20
  0.13713105643647674               20
  0.35794277020294324               18
  0.38020530062491142               22
  0.25311464053500426               18
  0.25258177316625213               21
  0.24333019667190467               20
  0.69532507022298862               19
  0.28920476015253282               20
  0.65125610160233738               21
  0.34284825524399309               17
  0.47799190860372504               19
  0.36502742872975080               20
  0.71781634828952601               19
  0.81853236832371901               21
  0.54317586995414402               21
  0.75135936416492022               18
  0.68955088881794391               21
  0.67707035021699258               17
  0.71031606957763083               18
  0.87228289377637591               19
  0.72617767635401853               21
  0.95428817038083513               20
  0.93150382977568758               20
  0.72372305405921877               20
   1.0048964303193710               17
  0.72165379214986058               17
  0.91956909998320702               19
   1.0246678945071390               17
  0.79106950180383107               20
  0.89222088052691706               16
  0.82294533667922376               20
   1.0530847939611885               21
  0.79001999666351153               19
  0.77446464345065014               21
  0.69324771668443597               18
  0.71371977274843390               20
  0.65486606760996846               17
  0.47215695721277690               16
  0.41729429295309534               15
  0.46864953705936369               17
  0.62187849603360867               18
  0.59502293661746597               15
  0.54184733574447841               19
  0.69753497089077854               19
  0.51507963639353271               19
  0.21505071072433962               22
  0.26848304802577755               23
  0.31880240787605651               20
  0.16125362244925506               21
  0.28552762052056180               18
  0.41808342259814191               18
  0.38164912967590203               20
  0.45073421966557542               18
  0.48544948293013301               20
  0.68370931731504880               20
  0.31905738662824557               18
  0.21620479513948210               22
  0.28761230815346650               19
  0.64983423745402635               18
  0.41624171383029956               20
  0.64858908322130771               17
  0.57744276419263052               22
  0.61267497840984664               15
  0.62489483986338656               19
  0.51034910116828780               19
  0.75653441767791063               19
  0.81332857261904679               22
  0.79072859182081257               17
  0.64499844533467321               16
  0.88324461790713793               17
  0.88933372065102068               18
  0.78602243407273664               20
  0.57406385154701400               21
  0.85169856604743099               21
  0.91503584148626771               20
   1.0692448273192476               16
  0.96618288265887320               18
  0.99066633274552429               18
  0.81082763359859100               21
   1.0271108302086833               14
  0.95924839447283228               18
  0.97023738546411176               18
  0.85086832602763496               19
  0.99881150706761646               21
  0.68074144110333001               17
  0.55989618468973290               21
  0.70106647826497748               19
  0.68301341671455751               17
  0.50459148850309410               20
  0.41253652446505445               20
  0.76091481207210965               21
  0.81097649667028771               19
  0.47811602834246636               16
  0.44202890751462248               23
  0.46942858498919615               17
  0.34465267723272675               18
  0.36539979335261380               20
  0.34671252186314344               20
  0.60919109492820478               19
  0.35840967539924234               16
  0.39537734903784072               18
  0.59625571004304845               19
  0.42001324748756252               20
  0.50894064033136510               18
  0.47500262645689773               25
  0.86836125340423365               22
  0.61036148265448231               17
  0.61584878178281854               22
  0.57422134968627103               18
  0.72355173915543858               20
  0.52037952381291941               18
  0.38319828919607768               19
  0.52460567381863688               21
  0.61394016650269601               19
  0.75596228293913359               19
  0.78380062945820161               18
  0.58189539946430147               19
  0.86634631528095241               16
  0.77463261235072034               20
   1.0052852676148405               17
  0.75286728149424109               17
  0.80478881715227102               21
  0.94428145004403097               22
  0.79407787242597183               20
  0.88371324917567784               19
   1.0029465835590250               18
  0.73062032229690266               17
   1.0260383075324133               15
  0.92070005507635455               22
  0.93345811857952066               21
   1.0430820748391207               15
  0.78987372527250166               20
  0.59736895782674193               21
  0.96638004087149310               19
  0.87939533187841801               18
  0.98692328576973820               20
  0.63000763906507706               19
  0.56039751326611631               19
  0.58734468750237301               19
  0.86023871488445791               21
  0.71124551006518766               17
  0.51049213665638904               18
  0.68012414839437230               17
  0.58031991402306871               18
  0.48794644934395837               19
  0.27753797440564842               23
  0.52934528266270309               18
  0.46254853871152540               17
  0.51166896585512600               20
  0.16025438865436401               23
  0.36656802894691026               20
  0.66375599302283350               20
  0.69310564191092017               22
  0.37278128936808413               19
  0.42009336867401309               19
  0.62227958149726925               18
  0.39078463857497364               20
  0.75524088631695996               16
  0.59880830184355216               19
  0.50751751223698238               21
  0.48360493055443915               21
  0.70934607291373086               23
  0.30237487314890321               18
  0.84465955691259131               20
  0.65240375549433105               19
  0.54529020966074082               19
  0.77076750481202139               19
  0.79156021075625460               20
   1.0223364525098790               20
  0.93756295879798435               18
  0.99636135570540407               14
  0.94748599956375334               17
   1.0036355171529463               17
  0.92162526284482094               23
  0.82832634667588401               20
  0.64651105631015937               18
  0.84243730149984930               20
  0.99408882851241409               20
   1.0035624763600139               19
   1.0932770234708284               14
  0.84547583457833353               16
   1.0265817742762000               23
   1.0255822867209232               21
   1.1474199917354753               21
  0.84399859976158464               20
  0.65461688928249095               20
  0.40769473319962013               19
  0.79624020350259084               20
  0.70968065456809570               20
  0.76815326081841451               19
  0.88442131153433123               16
  0.57462258168875324               18
  0.92906693676066165               24
  0.46408312490589582               17
  0.66891681417712046               17
  0.73068634754422535               16
  0.34203816706734236               21
  0.46133049422332811               19
  0.29139813965239181               18
  0.50652865934075653               18
  0.50138686055535342               22
  0.66154637017712070               18
  0.63582468013514359               17
  0.73113769430755804               20
  0.52633374325523918               19
  0.20673326478766335               20
  0.56387255802574410               17
  0.23776501912629011               20
  0.83147745652953153               24
  0.65397492988384498               22
  0.80951378583893630               19
  0.65087314437556543               21
  0.77684524083036022               18
  0.48444611221042322               20
  0.65802101710717520               19
  0.61376335010911365               18
  0.52552583958307941               18
  0.75060337900668550               19
  0.86239886527620480               22
   1.1239930451354931               17
   1.0096152555422746               21
  0.82868562273458612               19
  0.91014332858719282               18
  0.98970725863981612               19
   1.0208307179967422               14
  0.89158787368026093               20
  0.94221392852817054               14
   1.0222006247261575               20
   1.0391782543676096               13
  0.93395367013394259               21
  0.93720030095103135               18
  0.94516610032274861               18
  0.89575649512762012               22
  0.97629588311154991               18
  0.54924200966830206               21
  0.59360880465394683               20
  0.97004371474316375               22
  0.74422121992590162               18
  0.77576848020712319               20
  0.76205129098210911               18
  0.70907291354469848               18
  0.61621976367579723               19
  0.86156079817524978               15
  0.56208117081997278               16
  0.42633352515476397               18
  0.51263783080635794               16
  0.28859765405541654               22
  0.64939480225410195               18
  0.62283866251061148               20
  0.52028417139441085               17
  0.76773402711559047               19
  0.56334861590422025               19
  0.44639372983094322               21
  0.64567134285694361               18
  0.88800847336338251               20
  0.58263260560486707               18
  0.38165789660794419               19
  0.59042903855749884               17
  0.11994032978854248               19
  0.21229701351533123               19
  0.78678220361423556               19
  0.51768279311038234               21
  0.73288086315796663               20
  0.76510046159556822               15
  0.70265203108447594               20
  0.89060417251942359               19
   1.0391121040281950               13
  0.98260212969697769               20
   1.0112842812845098               20
  0.89594363151002943               18
   1.1780541792600294               21
   1.2584379529683232               15
  0.98703282694401928               15
  0.90678835467940677               19
  0.94318874936653196               17
   1.1351788049713702               17
   1.0986860582154305               18
  0.87908267232637372               16
  0.86607755293169675               21
  0.99677690448922940               15
   1.1809184966242081               16
  0.78359232062752959               20
  0.81501936920821649               16
  0.99072195111756944               21
  0.76398969404486872               20
  0.64117737889003934               18
  0.43309489818649866               19
  0.99473978853491785               20
  0.69445181583128401               17
  0.79478158487100536               20
  0.75239479722029834               18
  0.80062781231219526               20
  0.54402574205525422               18
  0.72676081824000804               18
  0.64423840385598008               17
  0.41432182927029049               22
  0.58913688272944187               17
  0.49383243921777498               16
  0.66768435707208862               17
  0.79055877922829554               21
  0.58889798356892098               19
  0.37640211841852927               22
  0.40488309252728838               21
  0.72889763659187745               19
  0.80851778698886068               19
  0.74849409881849560               24
  0.52706382813950181               19
  0.59142363872340398               21
  0.69776648228796534               21
  0.64207631129248455               19
  0.76794834138928725               16
  0.65757379328828247               18
  0.52058312603074752               18
  0.74219670137332083               17
  0.73341979821995440               19
  0.83857666507644102               20
  0.62862046954061201               15
  0.74932428906929238               17
   1.1181101932535711               17
  0.96432773754607093               18
  0.89482259696577082               19
  0.97847254569120790               16
  0.89621688524637366               17
   1.1069296194422531               17
   1.1902252915073803               15
  0.86498484332803083               18
  0.96175944276512548               16
   1.1695504322296317               17
   1.0569385079532772               15
  0.97657972473840871               18
  0.87473800987538697               23
  0.95087293161125785               18
  0.91889239659618727               21
  0.85199418644680336               15
   1.0103405840457160               15
  0.92554198378940178               15
  0.84971049825603850               20
  0.82442870028834903               16
  0.64135373398682594               19
  0.57013356567614792               20
   1.0897885082078775               16
  0.85655871354336821               24
  0.77043163357545497               16
  0.70544639217612226               16
  0.63692667795229863               20
  0.70697363195031104               21
  0.60953945297371259               15
  0.60332281604390703               15
  0.78651559516141689               21
  0.58665516523916916               17
  0.41572234748295306               22
  0.34450790961479483               21
  0.47309475041814025               19
  0.75441746822018119               20
  0.79306573704356731               21
  0.83759877841075658               19
  0.68210747118388526               15
  0.73965208817670081               21
  0.62839187500791605               23
  0.83454722323445296               18
  0.43555855741456162               17
  0.65720860171450535               20
  0.71179918851845725               22
  0.74308151405052447               18
  0.73045898110696572               15
  0.89567109405604117               17
   1.0641695654875807               16
   1.0382188869323752               19
  0.83230237837482324               18
  0.92454319474663638               19
  0.91938630950650024               19
   1.1343291668390350               19
   1.0155730698201946               21
   1.0986287637817576               15
   1.0500498855870812               15
   1.0438946200857668               21
  0.74312112414222731               17
  0.88944044582199944               20
  0.97924091543874725               18
  0.94349995928345887               19
   1.0290197730297150               19
  0.83531341274992954               19
   1.0968327368865327               18
   1.0551278524793601               17
  0.73884173202664594               19
  0.85980243682473101               17
   1.0830492904681117               15
  0.62103201882768622               18
   1.0180079729259903               15
   1.0498448387274300               15
   1.0347142510960070               20
  0.62221525581045301               19
  0.92018004127993891               15
  0.36306143432323840               20
  0.99293678312078293               21
  0.73266893347217632               18
  0.80113081490352567               21
  0.63037980152156348               16
  0.88069105809661019               19
  0.45346413518085293               19
  0.60736217287577521               19
  0.79536974195645416               15
  0.92766019137381128               17
  0.43755568987963683               22
  0.88841300479249230               22
  0.76422835029968295               23
  0.75175850599015848               23
  0.55133826581345491               18
  0.33793510216118156               20
  0.54495036635789651               20
  0.95741230837233104               20
  0.95760406401474196               20
   1.0244251379355001               17
  0.95637566195594770               19
  0.69706565850808844               18
   1.0529172775638194               19
  0.57715424225624068               21
  0.70538515290888493               21
  0.97917294452776960               16
  0.93723155082484144               18
  0.90941319706658685               18
   1.1336579511191491               18
   1.3016554654089734               12
  0.89974872040331300               18
   1.0672120590129812               20
   1.1321152225579365               20
   1.1244918492320402               19
   1.1132015571593752               20
   1.0077767759690581               20
   1.0575189160301695               18
   1.0707657920982561               18
  0.97906210912504210               17
   1.0806801450814305               14
   1.1051081145260531               18
   1.1424397964430166               15
  0.52944912947151879               17
   1.0856865830946709               17
   1.2124527907510509               20
  0.92392369793713969               19
   1.0414116153097406               15
  0.90015769802914103               16
  0.90014878122810715               17
  0.67984574715597856               16
  0.85169013092694013               22
  0.83096825699170962               18
  0.99150775248983236               21
  0.81991693437564561               21
  0.86620915628363770               22
  0.91109509460867977               21
  0.55583773422843408               18
  0.49499564803450796               20
  0.95757407915230563               17
  0.69054771683758442               18
  0.42132260813426270               18
  0.91903301921072522               21
  0.68838451682871094               16
  0.90470582456500759               20
  0.65253886364809810               16
  0.63264396703545744               17
  0.68820401032850165               21
  0.89288089362872913               19
  0.54975882434347856               19
  0.88876506948072764               19
  0.96361239106434737               18
  0.65744100041383868               19
   1.0450849159025575               21
  0.55135684695070153               22
   1.1303042360117002               21
  0.87990909463272449               20
   1.0263525212093985               23
   1.0886124471909497               19
   1.0124946940453228               20
   1.0436737551073145               17
  0.92674666946273554               18
   1.1187524268977840               18
   1.0355519642752515               22
  0.98261682424896346               17
   1.0384289081382727               19
   1.1880242706148196               19
   1.3379207670899846               16
   1.0717461466569920               20
   1.1128063052594803               17
  0.86126715554940825               18
   1.3555329702377787               14
  0.84187403069420230               14
   1.2771416782454055               16
   1.2326959243151254               16
  0.74124630227816291               20
   1.0517114633094669               14
   1.0497009078992876               17
  0.96021526154530656               13
  0.83631410395725225               25
  0.32120309824528231               19
  0.79802514131143809               18
  0.86097815122409449               23
  0.92824546125675267               20
  0.67444959670913140               18
  0.64267996018711371               17
  0.53328889903434828               17
  0.78598123251330676               17
  0.74218017574697592               23
  0.46561053395055541               19
  0.91312343873799084               27
  0.87166740293344613               22
  0.49689746581128885               21
  0.64559401218834800               17
  0.96232464562814490               21
  0.78163110857741491               19
  0.42416392474355225               19
  0.87047209924207591               18
   1.0329987711373350               20
  0.72320291297248041               18
   1.0294719756167456               16
   1.0064406132685089               19
  0.84968464765940133               15
  0.70925055199823805               15
  0.96405014584952597               21
  0.84466177124636355               16
   1.1574014966966855               16
  0.83350347628825072               19
   1.1947797905316508               19
   1.2072038109836691               17
   1.0585772536098543               22
   1.1657233935812930               19
  0.99778000629019070               18
   1.1640616180954373               18
   1.0694555486031843               18
  0.97421580484891712               16
   1.1819395632648551               19
  0.81021664763111745               21
   1.2415184959083192               19
   1.2825276221118251               16
   1.0130811410965874               22
  0.97852097632854562               16
  0.95784596412629586               17
   1.0666086778857105               15
  0.81234752526132126               16
   1.1288081793637839               17
   1.2296136490127647               16
  0.85262372616560156               17
  0.80067230221838237               20
   1.0673551503290193               16
  0.82935662527043397               22
  0.76934662477978455               18
  0.72619963516070152               19
  0.71529292892106744               17
  0.81701315621785198               22
  0.89202776447860754               18
  0.95773833525034957               22
  0.55032049720137621               16
  0.83480480869870877               18
  0.74533052215709994               15
  0.95730214575393724               21
  0.97560465471390279               18
  0.66302646127580789               18
  0.91667643179357050               19
  0.85501492056923467               23
  0.63001542444297132               22
  0.99576790641449431               22
  0.86405423150026328               20
  0.95127844229639047               19
  0.79491293243268124               18
   1.1502226244982172               19
  0.85329434238580781               16
  0.93568771508748372               19
  0.56415579655093284               21
  0.89908148323929948               22
  0.71771980127215440               22
   1.2267719520473275               18
  0.98052739081696549               19
   1.0807425303023881               21
   1.2595430432952885               15
   1.1082698598377625               16
   1.2042192220538059               15
  0.99096551459640170               18
   1.1906618942558242               17
   1.0680204876155648               18
   1.0778475226915600               16
   1.1479160288927373               17
   1.1973040512472286               17
   1.2233030019664555               19
  0.92898910243835575               17
   1.2194282737628135               21
   1.1022453087145199               15
   1.1511708291133587               16
  0.94578946025983279               20
  0.93470057759040992               15
  0.84232875665483697               23
   1.2267924904418162               23
  0.79314704496526489               20
  0.88729741766716774               21
  0.68563162550078371               17
  0.93891334515948222               19
  0.68139792204782468               20
  0.87612911793359471               13
  0.91908623800709599               15
  0.80982261707301417               17
  0.58335009565623375               17
  0.78050995148150526               18
  0.70256046013227180               15
  0.92337966918414771               20
  0.90006790671279213               22
  0.96884524988961640               18
  0.97078966397911071               20
  0.84275190336830275               21
  0.79702555281711007               21
  0.79207740798382331               22
  0.93905360857033160               22
   1.0492655108209448               17
  0.86090129650355696               18
  0.83210528704765652               16
   1.0100122809058270               16
  0.97637848395422744               20
  0.68845720910592756               17
  0.86569832907320088               20
   1.0709309909408222               18
  0.97842380094835846               21
   1.1003595187058977               20
   1.0553322575505992               20
   1.1533001834460026               17
   1.3119532169533461               10
  0.98179191290675139               20
   1.0975747874607198               22
   1.2486737519348148               15
   1.1535539715723779               16
   1.1619265754935535               18
   1.0610466467865280               18
   1.0980037944904992               18
   1.2962621361657818               17
   1.1462776509694135               17
  0.99124982793903382               16
   1.2546155243934187               18
  0.92491026558028844               19
  0.90209463924309918               27
  0.86152038975445722               15
  0.97417800787744757               14
  0.93339739270461364               19
  0.98193945117401404               17
   1.1883147769170981               20
  0.90358034202832394               17
   1.1179578181051537               18
   1.1181168739304328               15
  0.80936740263252349               19
  0.85365743323076149               19
  0.85539025004104963               20
  0.92989473068382622               22
  0.78917375880954144               19
  0.74500558180243659               21
  0.93361472086071151               16
  0.51486129511947143               17
  0.78350340524475404               17
  0.77680343499504412               20
   1.0214131974172707               15
  0.97982892184544623               17
  0.91548329496483372               24
  0.84646822224110718               21
  0.99677668872873182               20
  0.78366760402715918               21
  0.65815034295124908               20
  0.78643704034985107               22
  0.91944191504330874               20
   1.0291716839397620               18
   1.0872893663071381               19
   1.0958509430092516               20
  0.81653072657144909               17
  0.99668854426806786               22
  0.73970393303808335               19
  0.88706470047116970               17
   1.1812157144201547               18
   1.2188667423015833               14
  0.97349590564314326               19
   1.0698631917443682               22
   1.2876705839363802               13
  0.85660836515867600               17
   1.0837242957051814               19
   1.0614790770204563               19
   1.1744086163563527               17
   1.1864150698940601               14
   1.2219673352353291               17
   1.0180880142748354               18
   1.0243010920990696               21
   1.2573169949516196               16
   1.0914207225675563               15
   1.1829551486024985               14
  0.95000565276792370               15
   1.1968075668451694               20
   1.0295923719290876               17
   1.0477461687531122               17
  0.78156037726555527               18
  0.96104415517737563               19
  0.99312457745708360               22
  0.96845774421637387               18
  0.97769786308405682               16
  0.85103776785294549               18
  0.78003660483109771               18
  0.97228978058281368               20
  0.93719321526940391               18
  0.81146391381247573               20
  0.81692270507333153               20
  0.83545701403189365               20
  0.81267391816792334               21
  0.71749053065439450               22
  0.88268963097181052               23
  0.81817258042128749               23
  0.95876906631705205               22
  0.74822299999304043               19
  0.97085259707588145               21
   1.0005088259482295               20
  0.83364243247402670               21
  0.97246638806294516               21
   1.0001617868644928               17
   1.0242332651334110               13
  0.65673244979178569               20
  0.88789802693199105               15
  0.77620831470148821               21
   1.0056188320284827               19
   1.2065089930754322               15
   1.0901833366595166               18
   1.0141868230917226               16
  0.95713708874804837               21
   1.0990909173556374               21
   1.2433850636538077               16
   1.2978846146100618               13
  0.97226458930688664               23
   1.1719373154901653               19
   1.2594244690094767               15
   1.2471466133213183               21
   1.2140437729948896               17
   1.3082565653384608               14
   1.1848797064877845               16
   1.2779969018802286               17
   1.0565060528955652               17
  0.92017486929976999               16
   1.1248787172447037               18
   1.1469096994277088               15
  0.98410660857424337               16
  0.97710639158857604               17
   1.1463745602167961               15
  0.91138656745151903               15
  0.98759166022346556               16
  0.91515548958383053               22
  0.93798714186460830               20
   1.0169818578699665               18
  0.82915535946483432               19
  0.91388027155332385               16
  0.90491726936724948               18
  0.96353404674315180               16
  0.92821314158403834               16
  0.92098055058758743               20
  0.88477223252773596               21
  0.90682911021646095               18
  0.88263175959337548               21
  0.95875269799188478               17
  0.81107395222501666               23
  0.79883154596686512               18
  0.84594767003149796               21
  0.93217215805596176               16
  0.81297308764618559               20
  0.70591211787120112               19
  0.78847633171044351               14
  0.90139891979638620               19
  0.96917264582089213               19
  0.91319830651750755               18
   1.0684706835697282               19
   1.0036379396071926               19
  0.94678013948857431               18
  0.99986586689519874               16
   1.2296980085845084               15
   1.1157877820029933               20
   1.1364645738093517               17
   1.0857779437788364               19
   1.2239298044850953               17
   1.1689923498695809               20
   1.1796855892184956               20
   1.2641828088953484               17
   1.1904909038460658               14
   1.2503405122894837               16
   1.1553557379693047               21
   1.1190558749342698               15
   1.2028429494820947               15
   1.1037987964766678               22
   1.1386018591993954               23
   1.3021408313864560               19
  0.95683611336261587               12
  0.93881407595523081               19
   1.1506504669265192               19
  0.83091783773190897               18
   1.0145827597268717               18
  0.94460900476926757               15
   1.0005989527335963               17
  0.88313797939174732               18
  0.91671615799787043               23
  0.68807958163147676               16
  0.95728199141000214               15
   1.1230092921216452               15
  0.49094907395879273               18
  0.28644870740727624               21
  0.86310140539370284               23
  0.93835730776646387               16
   1.0138023456389600               16
  0.90282361050394122               19
  0.71511565152999468               19
  0.90654339417469698               23
  0.81635413417836378               21
  0.91412403750931948               20
  0.55383879018445814               17
  0.68765493658366372               21
  0.86806154396177393               22
  0.86599020434541851               21
  0.82401523128957788               17
  0.82814948879854045               19
  0.74874931666185573               20
   1.0539311874653847               20
  0.68265469708222593               19
  0.94820189642781694               22
   1.0637002609788200               18
  0.93930128902429533               19
  0.99071720909350125               18
   1.0572279204025889               16
   1.1198171800547336               15
   1.1584731034491156               19
   1.0832178872639313               18
   1.1844495756985312               17
   1.1057940322090747               16
   1.2262012173272272               19
  0.80060258504342163               23
