  0.98631712017321105               19
   1.2421048979466351               19
   1.3426384181240247               15
   1.1029388396298661               19
  0.81182605372586836               24
  0.98221339556947407               21
   1.0352078544373546               21
   1.0928313502215823               15
  0.53523022365049877               19
  0.92033427996317774               20
   1.1261689406842477               17
  0.81639029816904995               20
  0.92342707767456678               18
   1.1134256363533532               22
  0.77131405276302856               20
  0.65591748919974147               18
  0.80530659911810643               20
  0.96281820051362532               17
  0.83372221522808376               19
  0.98077465395186714               16
  0.74424462713925499               23
  0.56258342842857023               19
  0.80451327263104444               19
  0.66209691563574735               20
  0.97472856816221809               16
  0.83735742485473363               21
  0.90134949215517346               17
  0.94834393319138743               17
  0.88659994598035019               18
  0.76336557657784032               20
   1.0611613965167377               24
  0.73370978673698850               24
   1.1136608100840422               22
  0.78456618365419573               22
  0.51882761110525788               18
  0.87555777488867481               19
  0.48133722618955771               19
  0.78431856441145376               22
  0.79815637889647917               22
   1.0313761848539569               19
   1.0181707678195877               18
  0.61233680085451370               17
   1.2425204130247922               19
   1.0090286830901567               19
   1.0405863653854497               21
   1.1634759475446810               19
  0.66287228635024809               22
  0.83961268465820793               20
  0.98987228477713785               22
   1.0099033120244720               20
   1.3159302232286472               15
   1.0631875990965609               20
   1.3210685577634487               16
   1.0344931003976254               22
  0.93786019049877967               22
  0.86447645770256842               20
   1.2423989095397108               17
   1.0657579898219902               24
  0.91160294866203462               22
   1.0512588231331104               20
   1.0321117412443996               13
  0.67090855464917398               20
   1.1101378380311129               20
  0.97723051451327503               13
   1.0051496912289144               13
  0.97192389674738078               15
  0.90859266472063771               18
  0.61323487920479769               20
  0.73998885041761908               16
  0.79767315774703351               21
  0.82632131326908709               20
  0.86931320430311387               16
  0.67011672194020566               18
  0.69604747524047372               19
  0.95444432608955232               15
  0.95758470125416029               15
  0.87292313422892609               21
  0.81205280222383591               21
  0.74508101493898182               20
  0.78434175802083350               23
  0.77474088735732638               17
  0.57940286702412302               21
  0.92984061596335554               19
  0.83360396014711735               21
  0.90700373831837255               16
  0.88170889684849652               22
  0.85243769315371720               18
  0.79483462009762462               21
  0.88050852105862831               19
   1.1279753268509607               18
   1.1629715880134377               17
  0.97702833955218593               16
   1.1520164513346089               23
   1.2337726156703517               19
   1.0477991903511457               18
   1.1958697019582269               19
   1.2671741600548654               16
   1.0570012229355334               18
   1.3030510777435713               16
   1.0725702831267072               16
   1.0875192432332186               20
   1.1880061611680703               12
   1.1382772116758499               20
   1.1786823827620074               18
   1.2403172967990885               17
   1.1883463245349291               15
  0.96095646083516428               21
  0.99017795047858947               22
   1.0399943726788772               13
  0.84901759707566382               21
  0.88670072633218577               19
  0.93075983204542379               16
  0.62817717202280821               21
  0.75916854408887446               18
  0.99045190891039048               24
  0.88077674139715934               20
  0.79116386955878015               20
  0.88157937172186585               19
   1.0454415525313596               20
  0.78801631559471086               21
  0.75031941513804190               20
  0.72459570334271273               20
  0.90696698028990830               17
  0.92335856582944476               19
  0.66096794000441494               21
  0.67620877044581895               20
  0.79280964894114980               22
  0.87792620271382860               17
  0.94962636759988683               17
  0.54271949456270208               19
  0.77733319881073559               19
  0.97143165064550596               14
   1.0402246806941038               14
  0.52111019457768071               19
  0.71511270040735342               21
  0.99843070112999255               22
  0.87472672603235901               18
   1.1325619088845953               22
   1.1286904441619567               17
  0.90262742032979704               19
   1.0905471644382165               21
   1.0053550540496807               13
  0.83200535718588398               21
   1.1856044924414890               18
  0.91401161181981294               20
  0.95727823868398410               16
  0.93972460293216331               18
   1.2176184359009246               17
   1.0897369248467683               20
  0.94568695133185265               20
   1.0417315159203606               20
  0.96754245453976828               20
   1.1901674183428195               18
   1.0277785396353021               17
   1.1901508917218964               17
   1.0146975296606968               21
  0.93715444653195901               22
  0.79054901962968394               23
  0.91620743199791843               22
  0.61365636493486697               20
   1.1858327876065302               16
  0.89673844087137933               16
   1.0904605812605763               18
  0.64846178679269550               21
  0.72233411920306256               22
  0.82849770185292004               19
  0.89035832862810527               20
  0.99406631186779792               14
  0.79319518691259749               19
  0.70827496426983727               20
  0.91788771930146962               18
  0.63978335769492967               19
  0.90772391336437508               18
  0.41415980600799218               18
  0.96584400933496339               15
  0.55729350026020819               19
  0.38516993159317087               22
  0.46002441334440608               21
  0.75636548316155472               22
  0.97013421492392127               17
  0.69074744407558819               23
  0.99210061691607609               13
  0.85929464294034452               21
  0.60602409670736090               23
  0.34404321942344557               16
  0.97401415590123497               23
  0.94941853382089592               15
  0.96233662531020803               16
  0.49297285417584136               17
  0.92690071259398410               15
   1.0219207191593220               19
  0.70200669504094060               21
   1.1573095144993908               16
   1.0678416070033794               18
   1.0312655861792075               21
   1.2502521889684755               18
  0.89257549807338521               19
   1.0202181519084390               21
   1.1765379778553247               18
  0.93906169573236919               21
   1.3192893861914572               15
  0.63305877014496392               20
   1.1839727839377714               18
   1.1462932313626233               17
  0.56341322681241301               21
   1.0207402185498873               22
   1.2565855634517566               15
   1.2434606741239869               12
   1.3060563667211593               14
  0.95831609708425936               22
   1.2168925477323391               14
  0.64067372164221725               22
  0.74365567065768023               22
  0.57296695212188820               17
  0.67025661758131172               19
  0.75757289534644900               17
  0.86887117469472719               21
  0.89959870042243828               19
  0.83277001022112429               20
  0.92643776951054524               15
  0.91099645307732635               18
  0.65765408435105632               21
  0.78436089685708688               19
  0.68998150933433144               18
  0.61943101333759532               21
  0.88870816905781813               18
  0.80102289992376541               24
  0.68332486375617507               19
  0.90682823969700299               19
  0.93981894353272866               17
  0.55705831821204432               20
  0.83672308012209340               19
  0.88316167925293998               20
  0.73921147496384720               19
  0.59098862359521864               18
  0.41909562898404451               20
  0.66264958000152885               21
  0.83232086988042020               18
   1.1231061035649303               19
  0.86471046360674286               22
  0.82810926433417964               18
  0.83272216476241212               21
   1.0510640406663116               18
   1.1217404312227022               23
   1.1342281349699936               17
   1.0804786820769519               14
   1.0923709125041547               20
   1.1892489817082943               18
   1.2765541788888854               16
  0.92481572138024504               21
   1.2688953295329906               17
   1.0153604218043581               19
   1.2214619278224061               19
   1.1931029023647013               19
   1.0072411341589211               20
   1.1300328071734858               16
   1.1052169094620550               21
  0.79373647159204175               20
   1.0262333627819704               21
   1.0399812934240908               22
  0.95748693153639741               22
  0.83569047292695675               24
  0.91026105749977326               21
  0.97916247347256091               16
  0.72983257188990458               19
  0.86917883564741893               22
   1.1955623043096462               14
  0.71000874505247746               22
   1.0488429282181562               20
  0.87660923952903635               19
  0.90328504181726899               21
  0.47314080771687500               20
  0.53158655706194569               18
   1.0251168473598142               14
   5.3972122124206989E-002          24
  0.96585847757354903               14
  0.42903869981870446               19
  0.92802250331299441               20
  0.41618883653549626               22
  0.55288409426750929               17
  0.79296779173514620               19
  0.72110043217961350               21
  0.81039689773138668               21
   1.1285334523064436               19
  0.97587666206442825               13
  0.58916593673535667               23
  0.54261897931386105               17
  0.96006371206368735               16
  0.51626421338472683               18
  0.74076049735172311               24
  0.67020873579063944               24
  0.79939796244299210               21
   1.2197002756017670               19
   1.0719993384164075               18
  0.93407900333055860               19
   1.0052909984486682               21
   1.1777973972276305               20
   1.2074603821554706               16
   1.3128050851984800               13
   1.1937802678102358               19
   1.2818228381948669               15
   1.0967644690887317               17
  0.98795712801637736               19
   1.2728832330000324               18
   1.0099916920937202               24
   1.1254639663448427               19
   1.0357451574284857               20
  0.97010136783795542               21
  0.87296257366283814               20
  0.65075465939403054               18
  0.96620686891557517               18
  0.67295328976641799               23
   1.0249653037076156               17
  0.58641966060953088               17
  0.72651160899409117               17
  0.84712137562250800               19
   1.0692529446190233               19
  0.50277260136304536               21
  0.87165419566334179               19
  0.76451749965015758               22
  0.64115599723079209               19
  0.79089259732679384               20
  0.87931906067416366               18
  0.62521329593274866               19
  0.37664685052078617               18
  0.83983018467501658               22
  0.40375757176575056               19
  0.37239486028790586               19
  0.77816233116655442               18
  0.67011167940668037               22
  0.69716502772256939               21
  0.60488345226480011               18
  0.75886394305957949               17
  0.72432173246398390               24
  0.54508541608926087               19
  0.95767912516353015               19
  0.67461447414691234               21
  0.87214566000941263               19
  0.99784468039327501               21
   1.0730964363643281               20
  0.69262484782871292               23
   1.0273057066908022               15
  0.97755598146449052               19
   1.0191707152678706               20
   1.1933808208578507               18
   1.2275057773929567               16
  0.95887261207135488               22
   1.0987215445898917               20
   1.0795479988826306               20
   1.0388519308598987               20
  0.90428618618606460               21
  0.97782154715970093               21
  0.95498296992219278               23
   1.2293853546879592               16
  0.70001886494821608               19
   1.0679455163507119               20
  0.58027692905899286               19
   1.0938512668635905               21
   1.0757972717169393               24
  0.65578668693095343               18
  0.62280545923662789               20
  0.98283494001721627               13
  0.84123359739054504               20
  0.44760167460524397               18
  0.67179026376097872               18
  0.84745531370296945               19
  0.59206126307549067               19
  0.94456934425415717               17
  0.85493505078172294               16
  0.92582293498780721               15
  0.79005798577920483               17
  0.94096122616581135               16
  0.82021257716827123               18
  0.69435009869132025               18
  0.34878801079134020               21
  0.41073057932021467               22
  0.86909501762095120               19
  0.74438822709326458               23
  0.56430244786112149               19
  0.62930611147527404               17
  0.60258099115797181               21
  0.59386657133827214               22
  0.82838853807894530               20
  0.64968153995599542               21
  0.84033051696945504               22
  0.56219868827758324               21
   1.0285908290218695               20
  0.76145624999141148               20
  0.98132467764185149               15
  0.86405780499467055               19
  0.74787129398515684               20
   1.0835567563354016               21
   1.0454575736281444               23
  0.71191208015021457               23
   1.2497515917730226               16
   1.0772269158562038               14
  0.93214895717389556               23
   1.0410731324922646               18
   1.2510078162265632               19
   1.1469129647808889               18
  0.87629992907972409               17
  0.79285382925440262               19
   1.1108410324614093               16
   1.0812404814082917               21
  0.91792816720491321               20
   1.0034446646968367               17
   1.2915289293327734               13
  0.95931139614420524               18
  0.55823880694826444               19
  0.88426303086250424               22
  0.94905327883126112               21
   1.0877128010404327               14
  0.55873398672932661               22
   1.0296373263753731               21
  0.88029802889060715               23
  0.41415860830974249               21
  0.81174728953230524               20
  0.82410356161671505               21
  0.95288023948561129               19
  0.97552010870297512               20
  0.73307253025642871               19
  0.93150899601236237               18
  0.43694261113047000               19
  0.53227996336421046               21
  0.52817495280429083               17
  0.70195179919406880               17
  0.44513582975633920               20
  0.70018865658933627               21
  0.32247232411501786               20
  0.37232529103092271               17
  0.76176478603493125               20
  0.46392302535389446               20
  0.68852520519794769               20
  0.74085231799735551               24
  0.57806182201892875               20
  0.91641403775217378               18
  0.66918699254119340               22
  0.87852959577596734               20
   1.1716841184061257               17
  0.98908888873237188               23
   1.0189149774708941               18
  0.94551700787549386               19
  0.66174421902671565               21
  0.84366687357446568               18
   1.1326938292537045               21
   1.2994503685751566               16
  0.92518406631323191               20
   1.1162230183801580               16
  0.83371220703795434               19
  0.67359943002621558               21
   1.0474929327881304               21
   1.1237012389944030               21
   1.2752259052140442               17
   1.0617907891529421               19
   1.1482333932039899               20
   1.0154113853930566               21
  0.93837954805808743               23
   1.1565259070274703               20
  0.88708851431856073               22
  0.88775003271123976               21
  0.97202893792313683               12
   1.0994890933621497               18
  0.76255009461025569               20
  0.75114329145012382               19
  0.74570139273444924               20
  0.92499914467025457               20
  0.50685618596879189               23
  0.40856597476114009               20
  0.74964533977898140               21
   1.0158570729256717               13
  0.95446054392257274               22
  0.85695456243845780               20
  0.30504429655147974               19
  0.43310959533705851               21
  0.46968835118598945               19
  0.63448857735581266               19
  0.63017847933384075               22
  0.72862934511650301               20
  0.70307236086824954               20
  0.44823942156102459               18
  0.91889666940609016               15
  0.75489911265338472               21
  0.87845405291083123               20
  0.89630427025776471               20
  0.78719892486235887               24
   1.0664548543532553               19
  0.48705162239281846               17
   1.0198377429290575               17
   1.1146940251927142               17
  0.96912065287830440               20
  0.59754708513892685               21
   1.0852201661746002               20
  0.77315125904397752               16
   1.1692890649208523               16
  0.95257246001740148               17
   1.1746313998438325               18
  0.87106522646283768               22
   1.1335672147144538               21
  0.89167768953196191               23
   1.2620448583632147               18
  0.82656917349778058               18
  0.88998002653603359               19
   1.0462269320455795               19
  0.94725115986454700               19
  0.83110317660820321               22
   1.0491845327596472               15
  0.66044495048192009               20
   1.1525339457046586               18
  0.96728652939040016               20
  0.82548070801181717               21
  0.95060150082961503               15
   1.1642564606533250               19
  0.60128675160577705               20
  0.46861375134245475               21
  0.10401755499762924               21
  0.91931416518955766               19
  0.75883756344178566               19
  0.82830815005401393               19
  0.76136844236803125               18
  0.70743723903370348               19
  0.82395438905464269               20
  0.76695499267041611               19
  0.88056093428254301               19
  0.26536400568115054               22
  0.71674949933300991               21
  0.48989191250702896               19
  0.94361935325618507               17
  0.75527204739685772               21
  0.49295483918877991               20
  0.27836215809098835               18
  0.63774991544337800               22
   1.0748986507630114               21
  0.91262828724252565               21
  0.62580880464496735               19
  0.96751663649057629               19
  0.77566554025060463               20
  0.93947825445664090               19
  0.61852064677957752               21
  0.65157901679798069               22
  0.49263648912622315               17
   1.1710723917283321               22
  0.82533252781566357               17
  0.80023534569043719               22
  0.69433333175213763               22
  0.89479707983239054               17
   1.1637570613003900               21
  0.84960418850024810               23
  0.83237491723533363               18
   1.3000250709099208               16
   1.3709600786737464               15
   1.1499438951948995               16
   1.2126296247270640               16
   1.1473942342988979               21
  0.96225792355808448               25
  0.69378906560423481               20
   1.1103079012434884               18
  0.79493201759916066               18
  0.68189865647901871               19
   1.1283937489384099               15
  0.96737321670034848               21
  0.99632540895138089               22
   1.2213556643792074               17
  0.33786178796673028               16
  0.80809592198091418               21
  0.60987501077709372               21
  0.79675331539996619               22
  0.84960731641107101               20
  0.63092571771990380               18
  0.72632045285103775               20
  0.28358624876037719               19
  0.48386660045564411               19
  0.72647087856489290               20
  0.64101451505354701               19
  0.59283217280027034               21
  0.64016634682220241               24
  0.47153290716646468               17
  0.42045064847350988               20
  0.34800505994130954               15
  0.15753958425537870               20
  0.61270685050464613               21
  0.55463165175581020               20
  0.60972670805150153               20
  0.40480109731863467               21
   1.0937118034173825               22
  0.59427099370840886               20
  0.90915190744093277               19
  0.96688690491490270               23
  0.99857606519512576               20
  0.99684719674015843               18
   1.1019942772550229               21
  0.85325080847696544               19
  0.90208012931512083               20
  0.86432766054797716               20
  0.81798703968200992               20
   1.0711913337222450               20
  0.89673820131395809               19
  0.72823795219247167               20
   1.1644158221956615               20
   1.0590237643088329               19
  0.96243435115862341               17
  0.99101704714098826               14
   1.0571287133322547               22
  0.81839791744516011               21
  0.97115978213179532               21
  0.86446688135667238               22
  0.74812943455125580               20
  0.67882734069128825               20
  0.82968470576455022               21
  0.51604421335127371               16
  0.71000951456174421               20
  0.90023304253848691               18
  0.85936633748367186               24
  0.72145765211783486               23
  0.81926376958342850               17
  0.69370470257618289               18
  0.13711813199239634               22
  0.72840154382396272               20
  0.30104458561246872               18
  0.47026130087886503               21
  0.43379001319425370               20
  0.75661547209400215               19
  0.31663590623753685               20
  0.55798626349577241               20
  0.38780576001049949               18
  0.59214252380385823               15
  0.48927219562170204               16
  0.30074814222782348               15
  0.37398025344189517               18
  0.75167742823378403               24
  0.55357909474597988               20
  0.78569323562105720               22
  0.80841723137162658               21
  0.59375222029669095               19
  0.45117829305814300               18
  0.72428398380500147               22
  0.66159814939379225               24
  0.62523521771180590               20
   1.0056888517013511               14
  0.44442368237999963               17
  0.96308604351880034               21
  0.97141174509448880               21
  0.74046455664432032               23
  0.71835854599383275               18
   1.2034164638518214               15
  0.62160541729270435               19
  0.64480154916259202               23
   1.0843757967333387               20
  0.83519264822718653               19
  0.87364815574471544               22
  0.82630186881988510               20
   1.0488739859525908               20
   1.0294300113537211               20
  0.75540182711005943               19
  0.86757597999179170               20
  0.87248477066143026               19
  0.82195985607832878               21
  0.81771678731524033               19
  0.93648000428413125               20
  0.71898275694198244               20
   1.0599190258767892               20
  0.22845402433039388               18
  0.49783284260536248               18
  0.48180803374658582               19
   1.1110466278215729               14
  0.71258934228207382               20
  0.94426004787951301               19
  0.41786286519835031               17
  0.59155268848466636               21
  0.74863035212030749               20
  0.62711195698102218               19
  0.50423362221359014               19
  0.10486591892878189               20
  0.53567484076137284               21
  0.37613160177335808               20
  0.58586986833006416               21
  0.95533940078917656               16
  0.66815516117749885               21
  0.20349142397003342               23
  0.41936551415159662               17
  0.85288562571123383               21
  0.40949327633492494               23
  0.58539385658709697               19
  0.87011934606324670               18
  0.43845351373064284               19
  0.56729008921166268               20
  0.97445565029010128               21
   1.0898199612640438               14
  0.78517114867151738               20
   1.0610657219797348               22
   1.0246849325971985               22
  0.74040437585407004               22
  0.78803281056650576               17
  0.78938643924479768               20
   1.0040312400155025               22
  0.90284390546614857               17
  0.66225512015154819               19
   1.0039457351114744               23
   1.0908915951507510               19
   1.1012006009154955               19
  0.80442546515588365               19
   1.0002669441784691               17
   1.1338552488666880               21
   1.0025886545796168               21
  0.78982430417634464               20
  0.81224552803761207               19
   1.1344399002323333               16
  0.26004220450050530               18
  0.73952500975316537               22
  0.86378836790923907               20
   1.1453741672253539               15
  0.61439787027445814               19
   1.0998040729729424               19
  0.59757881127819790               20
  0.50526682971338555               21
  0.81982268892164656               21
  0.46399934280532229               21
  0.75875499984710848               19
  0.55979172642772956               19
  0.29240338055767839               19
  0.75198943560840836               20
  0.49048494590994202               20
  0.44372195824936989               20
  0.52495658505667209               20
  0.66643744056886756               19
  0.10336648025439996               18
  0.65416659210855288               23
  0.67647854647483485               22
  0.38272724410518671               16
  0.57527115617200364               21
  0.37891989381635027               16
  0.20675862580680138               19
  0.78272253998831309               20
  0.37421021013664235               17
  0.61349480123536981               21
  0.77416307053065869               20
  0.95613364047439808               23
  0.35188013362908643               19
   1.0171936811084361               16
  0.85234383638291455               18
  0.67256784809817027               23
  0.46160650697188593               17
   1.0388695152815308               20
  0.78872029536164412               21
  0.86728333910306943               18
   1.2251037835296505               19
  0.71754013736191091               23
  0.95241983215009396               18
  0.91837386853242886               20
  0.87164450490411660               18
  0.78495273710566837               18
  0.88326584327548774               23
   1.0399006587793864               20
  0.93926629354126634               22
  0.89808876386217640               19
  0.76275200819079547               21
   1.0959097514250529               21
  0.74928343666565167               20
  0.64467846500259496               21
  0.56032000277609850               22
  0.89452478496221022               20
  0.44466331249818392               19
  0.68045143201710112               25
  0.97337606916718777               17
  0.55709436639179555               18
  0.66435370623294931               20
  0.57887169986447162               18
  0.61838756516281823               19
  0.98166113080130724               17
  0.30572702169275323               16
  0.44363609116319541               20
  0.64818771277271303               20
  0.24511943139176531               19
  0.38570249143836427               18
  0.66607789873908829               20
  0.69925316455013842               19
  0.49352723747715588               21
  0.52509181101222036               17
  0.31716821153178798               17
  0.79750274552998535               22
  0.38008463913304558               15
  0.59947137302835474               22
  0.79237173062218924               24
  0.54527626697391973               20
  0.42475095361303483               17
  0.46869869667720254               21
  0.64022150947786238               17
  0.68546768252886681               23
  0.71177756145438276               19
  0.63982735949581115               19
  0.83340724172735670               20
  0.73275629204436166               19
  0.79473748216240325               22
  0.96803995094823003               19
  0.50098584293235293               18
  0.33708406344883196               22
  0.79818219728842132               23
  0.96984079502412790               18
  0.91517829965470976               24
   1.0598160168320103               17
  0.93511713061384505               18
  0.58594898741420975               19
  0.42878974991394792               20
  0.65327696047659156               19
   1.0768642950129912               19
  0.98941599518451040               19
  0.94166774357608618               21
  0.51563696741511333               21
  0.84644662614937283               17
  0.74940476590555882               20
  0.67152729075104522               21
  0.41303079881281163               18
  0.41530800733843354               17
  0.54169728392481653               16
  0.42684946413034397               21
  0.65517209376883967               18
  0.67291885218166725               20
  0.41740743499724287               19
  0.70651613657547607               20
  0.61822578049878141               19
  0.55502448916276370               17
  0.25846495672314379               17
   4.9377776178107534E-002          20
  0.38272116888445790               20
  0.29506063483943523               17
  0.68790869594401827               20
  0.37917609885857145               17
  0.35344713928030314               19
  0.45908121439800070               15
  0.29793996252801502               20
  0.26562741042086091               20
  0.27475059836900984               20
  0.94749407724602797               21
  0.34539588488050749               20
  0.80226181397534879               26
  0.65180865789665277               19
  0.73300667406115538               21
  0.62656940686874829               22
  0.88460410825519620               19
  0.28556680835372816               19
  0.75541043630703109               20
  0.41587568729107999               16
   1.1360228031398498               19
  0.88344600731431233               20
  0.78344206490790513               19
   1.3322731809748463               16
  0.75096218324500141               21
  0.91011612250812080               22
   1.2187340779648073               18
   1.0339247660277711               20
  0.92743565636379144               18
   1.0337402523173151               18
  0.99490532954551525               22
   1.0891150593841383               20
  0.46336831167464171               16
  0.92540537278071699               22
  0.68121921011094166               21
  0.74704043453676994               21
  0.86912483692324349               20
  0.71914781475129130               21
   1.0047490420494147               16
  0.72546279048164597               23
  0.37526830248094045               19
  0.72814445743135403               18
   9.3608655869784382E-002          22
  0.87792887391888008               20
  0.64893478324091902               21
  0.41393307102590443               18
  0.53398160717647647               18
  0.56235027444587948               22
  0.17896270647270193               22
  0.50954984251403457               21
  0.59851526142410338               17
  0.26287461910897403               21
  0.11842280148804202               20
  0.50133490996096608               16
  0.64197723505450088               19
  0.22159677008737030               23
  0.72993021546809711               18
  0.66321973522657673               19
  0.54850814591008079               20
  0.37179063427873893               16
  0.35041686647096115               19
  0.69499257646527368               23
  0.56759773626384957               16
  0.84135470551086000               19
  0.90310974988004522               18
  0.28919711290226108               18
  0.62275198066541859               22
  0.63568101135852062               17
  0.65315606725262065               22
  0.94324762839332998               20
  0.90715471416015725               21
  0.79165854361130483               20
  0.96982212497121145               19
  0.71179602863155922               21
  0.58459663288466213               23
  0.67973578350692654               18
  0.94898399555506474               20
   1.0432278942685440               18
  0.90816922356963803               22
  0.91073825407576536               18
  0.89806902395212895               23
  0.85939106755710903               21
  0.90255446661887606               19
  0.66777419577026431               18
  0.82301875844300576               20
  0.98945668298788692               22
  0.67478965073436670               21
  0.88397132709422876               18
  0.87881591381945934               22
  0.37536633639966266               21
  0.61006572583772356               20
  0.33526047607830212               19
  0.52948800635287840               19
  0.53509814978773873               21
  0.53297606861333446               19
  0.33130396178130472               17
  0.22204346290036539               18
  0.21304517161561415               20
  0.78833890200389578               19
  0.72007610175393921               18
  0.23938854789878533               18
  0.19638257889357744               19
  0.54788276008354564               21
  0.33914348059674765               20
  0.26298896293823942               19
  0.75763944125560434               19
  0.53863372977280921               19
  0.55462695318250677               20
  0.29695019849129567               15
  0.21882352242745451               16
  0.25778657566232382               20
  0.77359202264406735               19
  0.79205702615465046               19
  0.48030688989926251               18
  0.32375094572732149               18
  0.49588490033966098               17
  0.42725018403606291               18
  0.82966001857324356               19
  0.94092094658029424               20
  0.79770949983533701               17
  0.65821399750605902               21
  0.95104140369046630               21
  0.75942715574772501               19
  0.91646590235338576               18
  0.81050129206460353               18
  0.95153095753876782               23
   1.1402568372181854               22
  0.96443042789205768               20
  0.65680111174614153               20
  0.67263140704243363               22
  0.78108840453349748               18
  0.75693210003236833               20
   1.0529277647351880               15
  0.83620333808050651               19
  0.85464980758332953               18
  0.89353323230175319               18
  0.54485840389161833               19
  0.58719862219937535               21
  0.77228895553176524               18
  0.60470537625694099               20
  0.69825118705370892               23
  0.83082651833341847               20
  0.59976994822330409               22
  0.62019433574333249               20
  0.74783243224622864               18
  0.60623552027270633               22
  0.60417276482141835               18
  0.17099316896191258               18
  0.16957935136879557               20
  0.65426213387809617               24
  0.73071683670146614               18
  0.45843315374620441               20
  0.43485840966058342               17
  0.13011358044887819               23
  0.32298851130141565               19
  0.48594339451066459               18
  0.56484626844065133               20
  0.22817416183178876               19
  0.18135057554082407               21
  0.31540601379566324               20
  0.64666080434836715               19
  0.50379271648225343               18
  0.93380825192168260               22
  0.51190671347159578               18
  0.74360655380136187               21
  0.94970457192741142               21
  0.95757987476921147               15
  0.99270596760912277               19
  0.75286665898756477               17
  0.76595976118701814               22
  0.80685731618327416               17
  0.94058027331472394               18
  0.93186014488231061               22
  0.97371890063837685               22
  0.60204899944564017               17
   1.0700157584516552               18
  0.89328546134003350               23
  0.85269039674054170               20
  0.48491890363383294               19
   1.1356153410077454               21
  0.79443352320443195               20
   1.0503268326213064               18
   1.0636818088159057               21
  0.64513127023493944               20
  0.85798534231944534               19
  0.69837769692267337               22
  0.73193033757218418               19
  0.36839119952839106               17
  0.39649650595040675               17
  0.57161966448427060               18
  0.48103309881998141               17
  0.58136762531635233               22
  0.76732336806563040               18
  0.40345478645536093               18
  0.71056006681528017               19
  0.46199470692397132               19
  0.28274405921977364               18
  0.20760880287506797               19
  0.62670592302009864               21
  0.48599477351392362               20
  0.30034409144613133               19
  0.41711700451208661               18
  0.58475230774594478               16
  0.37199219680058626               19
  0.12671057246795706               17
  0.52288919224323360               18
  0.61923557244043159               20
  0.36455541254833418               17
  0.37089868830959544               17
  0.50411747355597436               17
  0.24307441937360472               16
  0.62184988011923747               21
  0.26618536315731423               19
  0.54956050630729747               19
  0.28782324049396779               18
  0.79158721617389416               19
  0.38247766986647785               18
  0.73862548132649819               23
  0.51370816784349937               19
  0.90296657607351927               23
  0.86695959142959178               19
  0.66504701516216869               20
   1.0577017007110163               20
  0.91674780077870510               19
  0.72005104311597601               20
   1.0074760628252082               23
  0.92004396616149153               20
   1.0013394724251035               15
  0.91387257736886340               17
  0.55110458668536177               22
  0.84537162981241443               18
  0.62609985344465391               22
  0.90094602006161462               17
  0.94645883337292824               15
  0.51141428327199012               21
  0.64938392994780214               19
  0.30182256243217304               16
  0.51817388415266230               20
  0.22626584283814474               17
  0.52148082776098792               23
  0.45777248771332385               16
  0.68262550263371646               17
  0.78015735962681021               21
  0.70270958457379396               19
  0.42323673300720033               20
  0.47121879456648652               21
   8.7813632482933168E-002          21
  0.40615116576803090               19
   9.2677634155774638E-002          19
  0.19501031948088565               20
  0.38187495930801707               21
  0.16998602814525043               19
   6.8172314025056233E-002          19
  0.31711350126950039               19
  0.61278970922639953               19
  0.32291727003482779               18
  0.27615517732443240               19
  0.23081104478582062               17
  0.21004887451762880               22
  0.81893719146909560               19
  0.54716410214870159               19
  0.20742198859170641               21
  0.64670886567952701               22
  0.40225269384437323               16
  0.56426480035874438               21
  0.73479694578512433               21
  0.65913692011100922               21
  0.72338529825711628               21
  0.61336711682790235               20
  0.67404364675962802               17
  0.49848192609248826               20
  0.75753095574146878               19
  0.83504018899144261               19
  0.57930774121130524               20
  0.94726553896958166               19
   1.0005449975721503               18
  0.94178740035694608               16
  0.99450262638446107               24
  0.87228845842367764               20
  0.90514885338892082               18
  0.81187300783139849               20
  0.72391749125018134               24
  0.77769268671717473               21
  0.73346543398783903               19
  0.62285854329385504               18
  0.86944483920207016               19
  0.85576894271671944               20
  0.60250978631086427               24
  0.65030279104253075               20
  0.76947277802907121               19
  0.66659721045327658               15
  0.49284508101971769               23
  0.82472183794070419               19
  0.80973117944323048               17
  0.32378025493129675               16
  0.10363269673195076               18
  0.16066054921228626               20
   4.4893865059115995E-002          18
   9.3487910547910072E-002          19
  0.41460207073783606               21
  0.37995710684022482               18
  0.52551099018160630               21
   5.1580474113612412E-002          22
  0.54579470388330409               19
  0.38060183167578332               19
  0.39548399307841181               21
  0.36214963800390149               18
   7.7759083383223959E-002          20
  0.51532068420171451               18
  0.17898526547151780               15
  0.44508070762618773               19
  0.49447367070050019               19
  0.49876246114694539               17
  0.63215127887741507               21
  0.45154872967738774               18
  0.33839457507353654               15
  0.27350467338568124               19
  0.88409154935475143               20
  0.46297803023473960               18
  0.48641670911328844               16
  0.79438072098996615               19
  0.86931683389299164               25
  0.74911877409675520               20
  0.66869622339502743               19
  0.92468632201398038               21
  0.99320363740293227               21
  0.85131089184443065               18
  0.82518652984107166               19
  0.88692956756956598               20
  0.55498199269178261               26
  0.64967479970445552               21
  0.86805964496959975               18
  0.86019529718241150               13
  0.82478012935638456               18
  0.39245678595480621               16
   1.0090789720813567               17
  0.89481502640804722               22
  0.84711147063332370               21
  0.92546350634776131               21
  0.28947952253139037               20
  0.83718229357977958               20
  0.70328061264386255               17
  0.96429764526117934               15
  0.64267110035135111               19
  0.44334258845829899               18
  0.53996044022164114               17
  0.59094667672115631               21
  0.45412181761312626               20
  0.56941999330436199               19
  0.34469532946879333               15
  0.16380386787439730               21
  0.14205835366798678               19
  0.17337458832127409               20
  0.18448826171921193               20
  0.14234684085468000               23
  0.19406848598105875               19
  0.27866390398002322               15
  0.12819099010190063               19
  0.32580162730015427               17
  0.36578699211830018               17
  0.27502627375977062               18
  0.43895755964896443               18
  0.59617044595255364               21
  0.59798793134254602               18
  0.26262680359259161               18
  0.70652313986151516               22
  0.22916680543275578               17
  0.70087463199327715               22
  0.64551335711427327               22
  0.55883642981012260               19
  0.47933484251645564               18
  0.61526097013202985               19
  0.83803802824665630               19
  0.76232994493223782               21
   1.1394707604642593               19
  0.86784900278636978               19
  0.78942370300059239               18
   1.0441381044373803               21
  0.35652182552408568               17
  0.89491812498322587               22
  0.81671994862195996               22
  0.95237199610610568               17
  0.94152729568996496               13
  0.96322033196394130               17
  0.96498168276995444               15
  0.73407736257640843               22
  0.65467197231470320               17
  0.57058488221684722               20
   1.1585697128388277               16
  0.25048035719623196               18
  0.69167326041146404               18
  0.76993574001769194               19
  0.41169203999649351               18
  0.38776003635500161               17
  0.63996314132275101               22
  0.67619830054199692               18
  0.34699388075766541               19
  0.43437802059540870               17
  0.52159655220396361               22
  0.21507186079460128               17
  0.16498457108022643               21
  0.43585547745471409               16
  0.46230841875985396               18
  0.26623011710643568               21
  0.12275871291356369               20
  0.19557902661291102               18
  0.38500787869492520               14
  0.19031332987799129               18
  0.73223181772761925               16
  0.37805943302920725               20
  0.56560250437355841               19
  0.85898889382225840               20
  0.48596211250183907               16
  0.16559362214440312               16
  0.36577405897852905               18
  0.50818358086847171               19
  0.73774873941707586               19
  0.84283581771812066               22
  0.70609042329921945               18
  0.30643074800125869               17
  0.71888536251516311               21
  0.75548104098199298               18
  0.78546387124575612               19
  0.86955023996919067               19
  0.92270912046592157               20
  0.71505319960642166               18
  0.58581721778677098               19
  0.87913338149064413               19
  0.51718715450132391               19
  0.77226276730726573               20
  0.64423581032414934               23
  0.87247652893726513               19
  0.94976046616724685               16
  0.97193712661642917               16
  0.56064269525545107               23
  0.58557576543334289               18
  0.69526702499407156               19
  0.77225598239057536               19
  0.51747770275917215               17
  0.24633871698092308               19
  0.64611459855204989               18
  0.46249336819998865               20
  0.74170887075891745               17
  0.28804787798307691               19
  0.69866799493106557               18
   2.9077598390460594E-002          21
  0.56910892260261381               21
  0.31747967239648700               17
  0.60236330009221728               18
  0.35920009406496256               18
  0.47493923040701302               18
  0.54249932446356897               20
  0.24585252937895630               21
  0.13893291013145825               18
  0.58093932433174122               20
  0.16347270832438623               21
  0.32852025994694473               18
  0.55254156765515039               17
  0.18068023736659283               17
  0.16667030304383249               18
  0.38367514001226621               18
  0.22534228601310874               21
  0.25393280541649393               17
  0.31634678991114384               19
  0.81993434861072012               22
  0.52083033208018104               18
  0.44186913656872845               20
  0.85699943257126310               19
  0.35773440739112256               16
  0.61479580885973739               20
   1.0400247931315481               21
  0.63070765356660341               15
  0.42346079121184088               16
  0.86490363276499649               20
  0.83576330302292934               17
  0.50262525903292488               16
  0.86944418246355393               20
  0.94096445200086565               19
  0.93470245215236780               15
  0.73376638425260310               20
  0.90250685098712491               19
  0.84948003037357078               21
   1.0051113611821212               15
  0.70534640635802803               18
  0.33063393618233355               16
  0.51866735246434970               21
  0.60211636408860891               21
  0.58976301956234489               23
  0.73067600141428668               19
  0.79046365777461913               18
  0.48477040136614291               19
  0.27812869261202255               17
  0.52468599626152901               22
  0.65270139292785323               16
  0.71358961023541767               21
  0.62948987837956449               19
  0.17488614567180755               21
  0.62253642198724757               17
  0.21598721745025076               20
  0.20063182837829360               21
  0.22114535071309688               17
  0.13698356123257149               17
  0.33591111790832406               19
  0.36843319215899506               18
  0.20756306954657597               19
  0.49158631400368707               18
  0.30789391430286167               16
  0.60134930373061668               19
  0.63504023358476525               20
  0.31804820405977235               20
  0.23998259033290700               20
  0.35594124276164074               17
  0.38357667576103377               14
  0.33701960488324401               17
  0.58710464505633442               21
  0.23596813764002381               18
   9.3416874911325831E-002          22
  0.68805980763085428               19
  0.26120639846554677               19
  0.53465336018717824               22
  0.78170942350944761               20
  0.86905049172129945               23
  0.84496500662540808               16
  0.99970888468349262               17
  0.91894288225458209               17
  0.84240635270675723               18
  0.54668165796656210               17
  0.97683107990834406               15
  0.53629439037749826               17
  0.30551018312396144               19
  0.99098345713781133               17
  0.79010327934505264               18
  0.79946485678886892               16
  0.88425586669871803               21
  0.55129712042428392               17
  0.67055197643018294               16
  0.75342774352766861               22
  0.55757989559039578               21
  0.57965637092592626               22
  0.80694067364353805               20
  0.71305297287321168               19
  0.24338463231448856               19
  0.45474209269654547               16
  0.69329004141202344               20
  0.34484272984077963               18
  0.49374322590328157               19
  0.38562165611695909               18
  0.25382071492589403               20
  0.53215947809516118               20
  0.55788034269157394               19
  0.45944480354950312               17
  0.28165381734301936               20
  0.57605373117501679               17
  0.16458317995621233               17
  0.50379219502457795               16
   4.7939784939851703E-002          20
  0.19830294397810419               18
   8.9580717119848677E-002          21
  0.41466498787077943               20
  0.72738838776799131               20
  0.13098259033282841               22
  0.41696240665118856               20
  0.28325410029190395               18
  0.65737569245182903               20
  0.44990279759504920               17
  0.29184312486098024               20
  0.60486697767494024               18
  0.38412494357980959               16
  0.33281013956230227               18
  0.75757822120533147               18
   1.0796838552796839               23
  0.77267364013461470               23
  0.48391674852153355               18
  0.85416645073126984               19
  0.80116109751808406               18
  0.74614758608483067               19
   1.0162704057133831               18
  0.86520495076293902               20
  0.60600498751293186               21
  0.56809383257576684               22
  0.97069175803028407               15
  0.79295529752173277               21
  0.93440340675179889               14
  0.76187255848767499               21
  0.58724609026870789               19
  0.93601819551060739               19
  0.49566247175523753               21
  0.54705950787545554               22
   1.0501635661002036               18
  0.30555335514559084               21
  0.27007712727126920               20
  0.46295094394355374               19
  0.35830167669548285               18
  0.11158816457276975               21
  0.35468615918358692               16
  0.47384755135123707               19
  0.78524971280630695               21
  0.35187573670712741               19
  0.59343701409244320               20
  0.41914636980059272               18
  0.10548542004813059               20
  0.30848611568117590               18
  0.21877551893955263               17
  0.38777693755668086               15
  0.34596034378217122               22
  0.43152435274688322               20
  0.19540198091022731               21
  0.21544365467308735               19
  0.43328047829507271               18
  0.17202107256929586               19
  0.52055789025151522               18
  0.11636558089385628               20
  0.58535153672516882               20
  0.12391987621855258               21
  0.51104926873421186               17
  0.13624521913791013               19
  0.22483910779932573               18
  0.38819338653505947               18
  0.56820624577495660               20
  0.59658308551277117               20
  0.39417945802589599               18
  0.76997348906397001               18
  0.67670226680277201               20
  0.72449154116006143               18
  0.96161546773664885               14
  0.89679764914327331               19
  0.97359626400809585               17
  0.78995656913972545               18
  0.89994904722599212               17
  0.90272677787632638               19
  0.80487144013950651               22
  0.62857812144599490               18
  0.75156704719506795               18
  0.71921959635632005               17
  0.78584202898170941               18
  0.87523788481492126               18
  0.81839305006444174               22
  0.83845775791478661               19
  0.77573641138764704               18
  0.78421634401661588               20
  0.72373182336523001               20
  0.43114756338787358               18
  0.53558620972870885               18
  0.12674830041220117               21
  0.52821492692101346               19
  0.34861840242873915               18
  0.27231610564741487               20
  0.80441442773359351               21
  0.45502134559514618               16
  0.60257197055945833               19
  0.25769071128241533               21
  0.29889276104721668               18
  0.48254175583896119               23
  0.59844643819010734               21
  0.39484830643270574               19
  0.21631278787104144               21
  0.51883699265812622               17
  0.51202343272512274               19
  0.31730989795914272               18
  0.55277615734697938               19
  0.78277887849561378               19
  0.45736884882509182               18
  0.31230920320350036               17
  0.34769186609435915               18
  0.46111681257159071               19
  0.54489854281923289               19
  0.99980772033185483               24
  0.21771649744780178               19
  0.92099897734455050               17
  0.97084559606754361               18
  0.61319766751266436               15
  0.82226301597589169               21
  0.73632641814068267               18
  0.78075679906854512               19
  0.76031093911352354               21
  0.84117452924218106               17
  0.96576898651693521               17
   1.0577440731617616               19
  0.76329250365563206               18
   1.0442429997840152               16
  0.91786525205725289               16
  0.93587087040122019               15
  0.89335850873393863               16
  0.80204773409157049               23
  0.77765900798124377               22
   1.0582544965962692               14
  0.81272734417931747               19
  0.88933779024210191               22
  0.45517055536572876               17
  0.69871182840539314               18
   1.0207395350020025               19
  0.56465913157789716               20
  0.82875082338864947               16
  0.90971164022439321               17
  0.84595710804097934               22
  0.42745206373878214               21
  0.57797739576715879               20
  0.58701818157719665               19
  0.21712498348802473               19
  0.35272818343775864               19
  0.41251842588770271               19
  0.18502623475250421               22
  0.25807824610301422               18
  0.56470758549839073               16
  0.10002661077380914               19
  0.25568821812619452               18
   9.0550969203104528E-002          16
  0.35968839227041277               19
  0.31041748423539556               19
  0.39190421809515363               18
  0.24646611664594781               17
  0.19999426001784040               19
  0.37232595470623236               17
  0.48914228612870114               22
  0.47029156227912927               19
  0.54446561342437538               21
  0.48692793512426197               20
  0.31438581581695280               16
  0.92421813027918853               16
  0.61864338113036854               18
   1.0165227234902181               25
  0.52698389594899897               21
  0.95073708731143891               17
  0.93808096441688138               17
   1.0063617673986762               16
  0.60845100765547400               19
  0.73383008210664913               19
  0.81288941054488328               18
  0.55505290796174611               20
  0.81283106829705143               22
  0.91703335685036225               20
  0.82097473681877542               20
  0.95993088003175697               17
  0.98349951753179576               17
  0.74518155369274586               19
  0.91310299973034936               17
  0.73681504521646535               19
  0.88221284563077018               18
  0.75160872209213403               18
  0.95696811918262803               15
  0.50574884575634771               21
  0.76336588330023269               19
  0.46455034045407628               17
  0.40558516013891710               20
  0.69795328873172491               19
  0.31346811605566510               18
  0.49067103108186311               16
  0.56807866244139349               19
  0.26472117368939646               20
  0.28778929058717750               18
   4.5583333030256197E-002          23
  0.18052489054989154               19
  0.69673513352185013               19
  0.46911627940512174               19
  0.32590903198628923               20
  0.24685627642748809               15
  0.25522335772609539               17
  0.47281516665877849               19
  0.26307504338545129               19
  0.49911641069817198               18
  0.27083174321781017               19
  0.43733905577414239               20
  0.42605534603480749               20
  0.64281170071804838               19
  0.47161821160232742               20
  0.14814290366621655               22
  0.64490456113984895               19
  0.91000358337421439               22
  0.55641365605470694               21
  0.84478067673155588               17
  0.64353455511108648               15
  0.41443753812227263               14
  0.98161026978556865               17
  0.53398712356885647               17
  0.93972483791715278               17
  0.68943643822593870               19
  0.90703761706067410               18
  0.99215648193667971               24
  0.87750654992598198               18
  0.97063456121969793               15
  0.96101310602134515               15
   1.1026687557145489               17
  0.85907358521633059               20
  0.96354462854544420               22
  0.83197859578423505               22
  0.71245878990724409               22
  0.77374401133956561               23
  0.85076522646114605               18
  0.87024556882585824               19
  0.70376483758536135               20
  0.65223406252386917               17
  0.74941370001127794               21
  0.51423184831969704               17
  0.69983394368709073               18
  0.97602726766086512               17
  0.47505243073415399               21
  0.53085885955594236               17
  0.39355936346036269               20
   9.5209162790700713E-002          22
  0.71658113530889045               18
  0.42530685792753553               19
  0.19430020043142782               20
  0.45420044517774638               19
  0.41631085770175025               19
  0.34143090241695884               20
  0.39646720446412348               20
  0.49696706178970151               21
  0.71164025106171247               19
  0.45541949022853284               19
  0.24235745680365103               21
  0.94954591385143439               17
  0.41301769639647840               16
  0.54689177190230043               19
  0.61587780987192975               20
  0.37596017419449207               19
  0.53359223123405197               20
  0.64953504419685260               20
  0.32076619246095744               19
  0.21164858947511461               21
  0.66262324215446100               17
  0.86224018306636907               24
  0.66958987975745998               19
  0.92924158414365710               18
  0.84323468498705512               19
  0.88868439072947913               20
  0.65915905423956200               20
   1.1015162821920994               22
  0.89986034044680574               17
  0.84635212685812578               23
  0.93376030296072599               16
  0.94397925740229216               15
  0.67128272904424013               16
  0.91388026822008350               22
  0.44399158981141729               19
  0.77757833793512088               21
  0.67214058021063783               22
  0.49291540213782054               18
  0.66621059001921901               19
  0.51779128701873445               20
  0.67652533002770388               16
  0.46739057462690636               19
   1.0827293426204343               17
  0.82461544074162585               22
  0.87021950717733032               16
  0.75222375631713656               21
  0.75240628449745761               19
  0.57947104742390854               19
  0.31066761545786414               20
  0.38169991053897795               18
  0.27790240942140798               19
  0.37569495655024848               19
  0.66906972507864304               17
  0.34065376078632364               19
  0.13385862917888397               18
  0.16159369550264516               18
  0.43886441906148493               17
  0.33678762345273361               20
  0.44684195513618119               19
  0.41511711207941054               19
  0.78160014306775771               16
   7.7474968170178626E-002          20
  0.59571816119435628               18
  0.24048900707258636               19
  0.28036290329426661               18
  0.31904363178938233               21
  0.58784392008682451               20
  0.77453823143011624               20
  0.55083471225262770               20
  0.90328785933261979               17
  0.71688772839603632               18
  0.95216937699357806               17
  0.68087448099715497               17
  0.71114032831492091               19
  0.92203455984963478               19
  0.86518407748901760               21
  0.74583336749416496               16
  0.78963837780093549               18
  0.97493858274629397               15
  0.90528073969092027               22
   1.1754692650032676               15
  0.89778250659529046               15
  0.62580418242801217               17
  0.92260245569160926               15
  0.88620561371490136               22
   1.1675422274642464               18
  0.86157179393177474               20
  0.57358664001339288               17
   1.0502516209864048               15
  0.85278801632242962               22
  0.81430901573464021               18
  0.48158271011632703               23
  0.54426570173270350               17
  0.44723606336925648               19
  0.68517526442434884               20
  0.91579097538407295               19
  0.87342970966255529               18
  0.72948966805454507               18
  0.86405377492437496               23
  0.12578920674289154               18
  0.38805935575441247               17
  0.50563666100714288               17
  0.12415553823343257               21
  0.17421762033512206               22
  0.66967238261427653               20
  0.51027940475177214               21
  0.35702875446830429               14
  0.71177949902725757               19
  0.64953402370301416               19
  0.18335479477542427               20
  0.56894719960800821               20
  0.64454673126935702               17
  0.74405562533906766               21
  0.51652229284820761               22
  0.83456961448046196               18
  0.61826963043095784               17
  0.80448512450287069               18
  0.64936590395703053               21
  0.76268754016897866               20
  0.67453034589226291               17
  0.71315078146898425               16
  0.75823256166815056               21
  0.57574788417772160               18
  0.95359795216067422               19
  0.84833011935470648               21
  0.80333659163905158               21
  0.46617514943884569               17
  0.90365790772641419               18
  0.90999239207141236               20
  0.93968448513515046               16
  0.95775360487001238               17
  0.92570512198064159               20
  0.94701334402593573               21
  0.90332838842396956               18
   1.0346863539756701               18
   1.0023674397386289               15
  0.95600003900528696               21
  0.91644022298562045               16
  0.90218306547415683               24
  0.50482926342018031               21
  0.48773271029605442               22
  0.77874732146386627               15
  0.73805155741681572               17
  0.32213204685894614               16
  0.82529134135873183               24
  0.99581446369219551               15
  0.36427442318232756               19
  0.57723486551440717               18
  0.63459337421482209               19
  0.19839155625891067               18
  0.54105885149448385               18
  0.40036207528195605               18
  0.67851137275943751               21
  0.69160179439884806               18
  0.39810029421573268               20
  0.49333687915705599               17
  0.43520322147593737               18
  0.75919343237049797               20
  0.62610775778150685               16
  0.94669086069188335               15
  0.68607731673902295               21
  0.69387264738201915               18
  0.81714532376550164               18
   1.2148019397230319               18
  0.43942902104319082               16
  0.52123225885217705               17
  0.69418770890855330               20
  0.58594938567262089               21
  0.87437794810716107               18
  0.64630107602502929               17
  0.78586782602053207               16
  0.87395574703710832               27
  0.41363447861163111               19
   1.0237945146309773               13
  0.80877515584283588               18
  0.69595279718541336               19
  0.79550623235761486               21
  0.71671408599760034               19
  0.99446670761064848               20
   1.0139814489158745               16
   1.0388099246826583               18
  0.96062879518214950               16
  0.84157647835239036               16
  0.99582140342555070               14
  0.81372916171106291               21
  0.65796076343514787               21
  0.61089025876021075               20
   1.0788316873332902               20
   1.1520766685384316               19
  0.87145094258802169               19
  0.64518024474632629               17
  0.50376999372947051               16
  0.78691618546178121               25
   1.1446354070472060               15
  0.71301284315271174               24
  0.46201856804855634               24
  0.90626377431813676               21
  0.65298164291177752               19
  0.64053898880530769               18
  0.27318010561053557               17
  0.55623784050765568               21
  0.58222260145346261               20
  0.55100226191341772               19
  0.10347671645931326               20
  0.44543879864422214               18
  0.57837052735181438               19
  0.74909248568338382               22
  0.44408174173033199               18
  0.16589135107971958               23
  0.86337953673657841               18
  0.12907110502976885               19
  0.92402477395026783               22
  0.66210937883790077               17
  0.72967382039274187               21
  0.33691013097636208               18
  0.60614777489101068               18
  0.21638448780717973               16
  0.90266084856231477               24
  0.80434409457866118               24
  0.53393064752109354               20
  0.85326465179848654               24
  0.67321611828388006               19
   1.0482879852702018               23
   1.0200727576922846               20
  0.88070933978244348               16
  0.96228330016078778               20
   1.0605368745570520               17
  0.92655054193695974               18
  0.83586270422093401               22
  0.72050879436382997               16
  0.84872843938680487               22
  0.90143044347647239               22
  0.95851751408950392               18
  0.98739452268367411               19
  0.90720323493263910               17
   1.1615515233289331               18
   1.0346135087776640               16
   1.1606169022250437               20
  0.92053454872432172               23
  0.70926179401955780               19
  0.62505753594119562               17
  0.93113826413074685               22
  0.78101713996411992               18
  0.65867674615399419               18
   1.0834626392101627               18
  0.81380149054246287               22
  0.85005262069049947               21
  0.73104681954495943               19
  0.41683083139488941               17
  0.85786051440462185               23
  0.28922993309122691               18
  0.29574164240739687               18
   5.5325377003128742E-002          22
  0.42300633110025943               20
  0.39757147683747407               18
  0.59351464617757765               19
  0.78493775463324678               20
  0.94117357942738067               23
  0.64401944668920663               16
  0.51888265750617990               19
  0.47723721528872692               18
  0.59048234959788726               18
  0.92363174103548662               15
  0.65265221114346661               18
  0.89135084728507252               20
  0.80825300395074595               15
  0.85916072126669651               23
  0.46038170532431338               19
  0.44263464580670370               17
  0.52337210557040414               17
  0.26075247220615311               21
  0.81514350963689786               17
  0.94320188955856044               24
   1.1649793777835744               18
   1.1797147911443417               16
  0.79196705376623355               22
  0.74173028576175182               18
   1.0359194589354197               16
   1.1230283574224251               21
  0.90401570741373383               18
  0.92597964912444364               18
  0.93991288919598504               21
  0.96461880715660597               17
   1.0366095211651274               20
   1.0568245202220625               16
   1.0846102287775270               16
  0.77413667080634763               21
  0.94478623119738747               19
  0.49861013129205767               24
  0.69698638577584382               19
  0.93146243783644400               19
  0.84328594053586281               18
   1.0151461359930951               21
  0.59709096561961306               17
  0.72962401334643912               15
  0.67270222160384330               17
  0.89668021301440548               17
  0.51392253797203391               19
  0.29619545108811657               19
  0.65774158781028880               18
  0.22163547041089396               17
  0.84937393062488731               22
  0.42764572228610886               16
  0.46614435634504131               15
  0.81606493983157080               19
  0.45925499075446130               19
  0.55556123716152628               19
  0.80806800426956626               16
  0.91646183436019191               18
  0.45534957825975647               22
   1.5074053845435420E-002          21
  0.60991934917501067               19
  0.28217176664093307               19
  0.28657922891937637               18
  0.56148969151873596               19
  0.44606648912681252               18
  0.73498760023624976               17
  0.72189953938382989               19
  0.87219590419207682               21
   1.1565253051655595               18
  0.96701874543496058               19
   1.0911093605397009               18
  0.87727522066687158               21
  0.89044998525126007               22
  0.99551478999234377               19
   1.2709028986901847               16
  0.99532220930772664               23
  0.95478605901592628               23
   1.0993862474531158               16
   1.0671383200681768               25
   1.2151019730432657               16
  0.98427588770476138               15
  0.94796691190389304               15
  0.81999224102536616               20
   1.0511327968916320               19
  0.57357493047360486               21
  0.83659939215299539               20
  0.94997598381347692               19
   1.0311179712581988               23
  0.51525563254979090               22
  0.39482597433188998               18
  0.80678245809748317               16
  0.70158974746870872               20
  0.81533519749643713               23
  0.80044978722421523               22
  0.54178610576617137               18
  0.54188121165544978               16
  0.77292534402551905               21
  0.81151440707316036               21
  0.53706938525420056               20
  0.55310591033733825               18
  0.71607056790291623               22
  0.77398104294872005               23
  0.95076901059807961               18
  0.67114410184535889               18
  0.57501943009126177               16
  0.54499283185889547               20
  0.70614076829880401               18
  0.93790982726948002               16
  0.64475585953390857               16
  0.79721995800351830               17
  0.60184009223940593               19
  0.78671298286196056               19
  0.69031111146207036               15
  0.87441176382259156               22
  0.81869182167892995               20
  0.46991679110788509               20
  0.83427351541176886               22
  0.87540270595090786               21
  0.97762267752852150               23
  0.57241146383674968               19
  0.68051791077409263               16
   1.2248770825076580               15
  0.83299598935713715               20
  0.98295682891954672               20
  0.86133014656889628               21
   1.2475905061951140               15
   1.1166409607838570               20
  0.94646058291297885               22
  0.63328624282632906               19
   1.1146300808651199               19
   1.0175152383735495               21
  0.98702143194600300               21
  0.83538206956889971               21
  0.90628322270401007               19
  0.74665210523373404               19
  0.85882276680642800               18
  0.66154403018340935               22
  0.95694711727036708               18
  0.93726649459280598               20
  0.73942464404254549               19
  0.80708586163845530               23
  0.54674105263547268               18
  0.51948500650846496               17
   1.1579947579452698               21
  0.64110360276678380               20
  0.78936255199029559               20
  0.84693133896653605               16
  0.80088934031612458               21
  0.60559868058743149               22
  0.41366083467620163               18
  0.59642469100020423               18
   1.1073197060795503               20
  0.82081997480764368               24
  0.76612050868014492               19
  0.36393377961517570               19
  0.34011445883334956               17
  0.86122534817738083               22
  0.94525767746930955               20
  0.76490760063410024               19
  0.90582832183353246               20
  0.92411170785091457               16
  0.71566964437453640               18
  0.91730397027626775               23
  0.40499925694934225               21
  0.59104400230205711               17
  0.56780322441468634               20
  0.79239496392573805               25
  0.65595414239065286               16
  0.83138035935850019               26
   1.1552532361713066               18
   1.1754563868109120               19
  0.59619744001179398               21
  0.75769926878439520               19
   1.0489776184904538               21
   1.0829068220579658               22
   1.0123262021351471               24
   1.0523342179283426               16
  0.90919368425410163               18
   1.0318002331889182               14
  0.88901565106914449               20
  0.92353911028685243               19
  0.96067935250874348               15
  0.72873185797579687               19
   1.2262103050368229               19
  0.83011775883166350               18
  0.87164064087601489               22
  0.98393439178834907               21
  0.76686098873612396               21
  0.98830335595436991               19
   1.0860041185413760               23
  0.76648969608082573               22
  0.86188512382301730               17
   1.1534937422145211               19
   1.0319758352532853               20
  0.51805383001912730               18
  0.85004371040487803               20
  0.54144710164312237               20
   1.0217159948908721               17
  0.66854962613081348               18
  0.95446436914037069               14
  0.77346205654996258               16
  0.84658460090506304               17
  0.20352545293214910               19
  0.71396709778793699               15
  0.99285988874566611               13
  0.71522523981009622               17
  0.53864288350784117               19
  0.86092405001372196               17
  0.63090372830415320               19
  0.81446753736694244               18
  0.48823745398381108               19
  0.24964622473780720               17
  0.40484858677064200               15
  0.96432730697873503               16
  0.84489889691893583               21
   1.0115042299994312               19
  0.90618848654260553               23
  0.74563330834271813               19
  0.93281398086583467               20
  0.77426733293708350               23
  0.51704976765646504               23
  0.92625298512558407               18
  0.62268355512784723               22
  0.78558367890576541               25
   1.0131092601388265               23
   1.2744729887225970               16
  0.90497981305318875               20
  0.92373375539661018               19
   1.0026893580183369               21
   1.1129906461810823               22
  0.97507422942561284               19
  0.93039431450495058               19
   1.1007730249590346               18
   1.1060323677990049               17
   1.2422603408783541               20
  0.98312152237731698               15
   1.0691837108952367               16
   1.2254881149580801               16
  0.53781547248984796               20
  0.96700995298829218               18
   1.1170351301723842               24
  0.91401373743176706               18
  0.97425916136190804               18
   1.0730241798374525               20
   1.0433298897599166               21
  0.63751735116492525               19
   1.1287280238109056               22
  0.87286926869962400               21
  0.97830669018213123               15
  0.63103883198287081               18
  0.89717641396951475               21
  0.97872936465497284               15
  0.62954968501777975               18
  0.60779755100453770               16
  0.96769002071150134               16
  0.24968216474563398               22
  0.33038381715204962               19
  0.99933185377675426               15
  0.76911834118630296               20
  0.86784921885857169               20
  0.50202401057255619               20
  0.47482424070461798               20
  0.92204448101691217               17
  0.95866842984105682               19
  0.41029581723243674               19
  0.84170044612420125               25
  0.78591211135021943               24
  0.79848372297190684               18
   1.0720425371446445               25
  0.67482443564792127               17
   1.3333871172788221               13
   1.0311748549819613               21
   1.1497568600180663               16
  0.85860344972125657               20
  0.80903138306147271               20
   1.2376971137649964               17
  0.83793619531059738               19
   1.0340999084170379               24
   1.0761973727569085               22
  0.76457075711432376               18
  0.99159675445168660               19
  0.95240374792175453               17
   1.2286587474743331               17
  0.94856080232203444               20
   1.0240366141106365               20
  0.84815725252774010               24
   1.0991672509937753               22
  0.88908518559071759               22
   1.2800049969815592               15
   1.1767095907628720               19
  0.68237329369116162               18
  0.85843266680007480               22
   1.0746596508884236               15
   1.0982868670022707               18
  0.84187873536210212               18
  0.62674641330042136               19
  0.82182119446722657               22
  0.80615196861907268               19
  0.96764349962805662               17
  0.47688841805791221               15
  0.86750112906972499               15
  0.42526571114921263               15
  0.95768683904602003               16
  0.68281832750205351               20
  0.66280199507580162               19
  0.88849068823980160               22
  0.77707554726568218               19
  0.38942779666859062               17
  0.65198535156825121               21
  0.91132896503839789               18
  0.82479768177214385               22
  0.45707838463219291               17
  0.64933257963603697               18
  0.95622011792539752               22
  0.66613784400097464               20
  0.98260910234003185               21
   1.1580691533611651               17
  0.82021488274695831               26
  0.64137561941942389               21
   1.0196657612789297               23
   1.1053922467495785               15
   1.0820420806724955               17
  0.73393335118798464               17
   1.1482981159516068               17
   1.0997827743110682               21
   1.1939521667206943               18
   1.1228061631240585               21
  0.68251865270933143               20
   1.2392352315687363               15
   1.2252674017317695               16
  0.84313315141920575               23
   1.0473887964628297               16
  0.80190752138480703               21
   1.0710413446156064               19
   1.3398414612653913               14
   1.0298367367225165               12
  0.84063659131759438               23
  0.77664372669443038               19
   1.0177047114893478               19
   1.0405296164962241               20
   1.0712992538786685               18
   1.1329454243714825               16
   1.0588586522828938               19
  0.85371370919488532               22
  0.97667642900356244               13
  0.80790110109239144               19
   1.1384153841996822               15
  0.83667986414517126               17
  0.53494912528296279               17
  0.73651590546986467               20
  0.84197874949568896               19
  0.93057294411308078               20
  0.37534391692419777               19
  0.76097445596667568               16
  0.68088935278747298               17
   1.1837181026699519               18
  0.80159233606611102               20
  0.33687416385772029               18
  0.68961191380937092               17
  0.83476539194926158               16
  0.66677471569379432               20
   1.0599562532785454               14
  0.89459437404758335               17
  0.95321694084287878               24
  0.84869035454375985               23
  0.96659301101372064               21
  0.94653751591389967               22
  0.92876544726114840               20
  0.48293639237884151               19
  0.95372296812913215               20
  0.58152193812038988               17
   1.3016676218149037               15
  0.92737615637295323               19
   1.1402643995770381               17
   1.0492649534589444               18
  0.98434406385113093               23
   1.0841338430161276               22
   1.0993536561298003               17
   1.0067818371852200               23
   1.2504108240058853               15
   1.1079704259323337               21
   1.2562846022037695               18
   1.0633977161741190               21
   1.1519332160413764               22
  0.76104887476483485               21
   1.2125778339780933               17
   1.1893021955594805               16
  0.90325733333360503               20
  0.99439312778478450               20
   1.0507734204109973               22
  0.91974770611391832               14
   1.2339091190493592               20
  0.69899253912497206               19
   1.0078671729800401               20
  0.73112677233417978               19
  0.94739536593010854               16
  0.62799761198886195               20
  0.99737526835895129               20
  0.80914203512705385               15
  0.80499030884746647               19
  0.73493278103150117               17
  0.56202533846955682               18
  0.75243941708658457               17
   1.1180174007323174               17
  0.60565270693950779               18
  0.80412445052516413               16
  0.95515047396599584               20
  0.70408340061196961               18
  0.82780359988838426               19
  0.83989502655310055               16
  0.86276490259513761               23
   1.1094119630540884               18
  0.51130609985805631               19
  0.82153749696669676               23
  0.89092694166876774               16
   1.0460558452367763               18
  0.67854717584269930               18
  0.95818556764980634               20
   1.0466620848116330               23
  0.89021594438392471               20
   1.1563824768428843               18
   1.0079382480291328               22
   1.1797334202257628               18
   1.2730195075745008               16
   1.1428515504880243               16
   1.2309504926538450               17
   1.0856445360547955               18
   1.1636388834365654               16
   1.0747631498873569               16
   1.0067057202232415               20
   1.1129960252384319               20
  0.94525385602326639               19
   1.0414270155701280               22
   1.1275672468964628               15
   1.2950867680427558               15
  0.68762845328116895               21
  0.73283109525177703               19
   1.1473301347401501               17
   1.0153744592345360               17
  0.72173252090672890               18
  0.96084517800046076               15
   1.2924997268259586               16
   1.0103654395791206               15
  0.87600913606055442               21
   1.0975892444923414               17
  0.95718926813695626               17
  0.84168807824978131               20
  0.94464191235042394               18
  0.83822871240326480               18
  0.54560441491124201               17
  0.77380901073476893               22
  0.84949408222290834               19
  0.55453088316223109               18
  0.59019755747611469               17
  0.76385727191788466               15
   1.0475585015436117               15
  0.99766749651572106               14
  0.95015919147526440               16
  0.48337641916866314               17
  0.94631864311259373               19
  0.56374961308300897               21
  0.69758515439297197               15
  0.70556385257771770               20
   1.0832853856813753               18
  0.99539783889991196               18
   1.0053416293331590               21
   1.0345607983220415               23
  0.77942942948670735               24
  0.89742520636310541               20
  0.69612772528408795               15
  0.85621475503178412               21
   1.2263901195613984               17
   1.1400129037100106               20
   1.0664043763419304               19
  0.97356701536012358               24
   1.1832396225865947               15
  0.56604590853402070               21
   1.0141995625817901               21
   1.0897318419147903               23
   1.0843993917879233               20
   1.1641488396126436               21
   1.1599033473320792               18
   1.1640959017453960               15
  0.76198645897347983               19
   1.2825972250873043               15
   1.1209506656745569               19
   1.3010026641152554               15
  0.90385395253185774               18
   1.2851797283386266               16
  0.87388657902302980               19
   1.0448754012688359               15
   1.0155603341757009               15
  0.87909718214253008               22
  0.99448149875136826               20
  0.90151179323253949               17
  0.93940763633356406               17
   1.0300987424866836               19
  0.92435076506545544               21
  0.91973286093466167               17
  0.74273567155559750               17
  0.73388065010427339               18
  0.81384399138114261               16
  0.88547611627673961               17
  0.96280777154413577               21
  0.73474380881198409               15
   1.0249544046932024               15
   1.0860755466231056               16
  0.97691711670718651               14
  0.90623062131871801               18
  0.78306766335641154               19
  0.86673874021429043               19
  0.99864186461058357               19
   1.1514800405145926               19
  0.76371467746004962               23
   1.0198720581234764               16
  0.50661857103206509               17
  0.92699857912479156               23
  0.67024224973602742               19
  0.88730038523047128               22
   1.2585895364290138               17
  0.89911733532105176               25
   1.2825486131172177               18
  0.73120518586265215               20
   1.2170243972459229               18
   1.3182062122324727               11
   1.2362213520061320               19
   1.1101268389791672               17
   1.2269136997709458               16
   1.1178758060294569               16
   1.1909431370035399               22
   1.2103724264278466               14
   1.0766274279122625               16
   1.0507513594648277               22
   1.0703177086985300               17
   1.1253164831331155               17
  0.72056483973743179               18
  0.91396839635017568               18
   1.2583756799676435               18
  0.93087422770810480               17
  0.96320209452601613               16
   1.1707343476271019               19
   1.1991386306715603               20
  0.92699222077825627               16
  0.65794671488237599               19
  0.77553010652957732               18
  0.92323452258202154               15
  0.76321913860819335               19
  0.82678318274973051               17
  0.92465522330429639               16
  0.86987037546412693               23
  0.91013290895086418               17
   1.0631981258901844               17
  0.72013984111010909               20
  0.95978562540365486               17
  0.88713189404246684               22
  0.93470014506389065               18
  0.80959015201793805               21
  0.60197269876514448               20
  0.87127208030221426               15
  0.97705916661342429               17
  0.78772766062261901               18
  0.57564462321558485               18
  0.64018957038183832               18
  0.94446917891983639               16
  0.95427669682371385               23
  0.74052110752003031               21
  0.90759972340695294               21
  0.91656828232920406               20
   1.0503919698581783               23
   1.0242550678622149               24
   1.2845523241407291               14
   1.1324025763466425               17
   1.0901600131078208               17
  0.87430381404519120               22
   1.1849613840710633               17
   1.0095088084483883               22
   1.0328054398363753               18
   1.3403148906229438               13
   1.2139388610805082               17
   1.3339340733403602               13
  0.63166592430333846               16
  0.95064362977185313               21
   1.1317823568770342               15
   1.1139832491943822               14
   1.0171815045320154               15
   1.2099468480930493               18
  0.91644600568751411               18
  0.97723796045721056               16
   1.1169463937842734               19
  0.87050286925224685               19
   1.0194522531068053               19
  0.96485216515240735               17
   1.0120239762741354               17
   1.0046550350963905               15
  0.83687383855696607               21
  0.87707180318573941               18
  0.96177758481123921               17
   1.2000222944370920               17
  0.31540811237620686               20
   5.5930850038325222E-002          22
  0.98749160490798826               20
  0.97082599736026809               17
  0.96243364570306678               16
  0.96262574873840623               20
  0.73572036015321007               16
  0.82847097761828248               16
   1.0527891433679595               17
  0.63169913974913994               18
  0.24996813527543890               21
  0.73321577274939687               19
  0.92534949826310664               19
  0.87501243504443060               17
   1.2192021489534144               18
  0.79351698192483333               20
  0.65307814911822926               20
   1.0254616131873941               23
  0.71972151185034638               18
   1.0061752697116326               17
  0.97330201408879891               13
  0.66938715448570285               17
  0.94918511851032317               20
   1.1850729421202266               18
   1.1823576778178910               17
   1.0282345215307993               22
   1.0955084068256851               16
   1.0757976946929850               26
   1.1161841467256333               15
   1.0258865845867511               21
  0.49820620037012719               19
