   1.0749678798595410               19
   1.2113202898396644               17
   1.3486770970799080               15
   1.0516116925105650               17
  0.98886470529274451               17
   1.1006745165330123               17
  0.98057832926519073               21
   1.1509867317921254               18
  0.58649445295370883               20
  0.96224204967187099               22
   1.0263094445434877               20
  0.90590658910932087               20
  0.84523917208359545               20
  0.86550164807958241               21
  0.84140928224434675               20
  0.81345335360496418               21
  0.79057755073240810               21
  0.92889672859830152               20
  0.86504444326931729               19
  0.92768947373039767               18
  0.66315999684504345               16
  0.46389163608919687               20
  0.83235437378809629               22
  0.62444040127249856               15
  0.85731041029178556               21
  0.91368659602709368               23
  0.67610496079600335               18
  0.93403685648741941               21
   1.0039247395779705               16
  0.85360637055520061               22
  0.97921008879057025               20
  0.64164243102223428               16
   1.0193806665191978               17
  0.88587675907779451               23
  0.65594033045568956               20
  0.89923689387889494               24
  0.34513396388520956               19
  0.91197758208440394               22
  0.98704750808980690               20
  0.99562139475626843               17
   1.0288379961879044               20
  0.68190677424968360               22
   1.2375592943520108               15
   1.1244627956444155               21
   1.0544491649212164               17
   1.2249587433332783               16
  0.88393215170885986               18
  0.89527760296493464               18
   1.1009807177467295               18
   1.1466328736254565               15
   1.1657657623096680               17
   1.1043372620270544               19
   1.2800946495185488               16
   1.1696099853695656               18
  0.89498022609036687               22
  0.87435832145805537               22
   1.2183263618663283               16
  0.92786518937405504               21
   1.0823466341382157               20
   1.1065309561180789               15
   1.0927557280119153               15
  0.83225113155274688               17
   1.1291093032032871               24
  0.96318802641079093               17
   1.0224372069343579               14
  0.97223061988327175               17
   1.0648555643387585               19
  0.71332269134226711               21
  0.75698833065024873               18
  0.84368405149064030               19
  0.98173538029875107               19
   1.0009130972694158               17
  0.74019611407921593               19
  0.94299573398989378               20
  0.92066323674461381               21
  0.91456838352056702               21
  0.87885701243113268               18
  0.76020432263330018               19
  0.84121547639252447               21
   1.0295853037627731               16
  0.87011020497677405               22
  0.69204854731150056               22
  0.95017083869196650               23
  0.94235239639659640               22
  0.85144531076631003               22
  0.91308067496050338               17
  0.99273427692888117               17
  0.96881051144679908               14
  0.86666736047542958               19
   1.2809438553302486               15
   1.1119733726100198               16
   1.0105519658322430               20
   1.1396478153607115               15
   1.2302496016366715               19
   1.0029335571609099               17
   1.1812731193015786               16
   1.2645898258888117               16
   1.0999279554573349               17
   1.2203549583972080               18
   1.0659680786021737               17
   1.1195225661577304               15
   1.2316521401509073               21
   1.2547023143927152               18
   1.1737858234764824               16
   1.2557424254420282               14
   1.0844668869230523               19
  0.98899296715088980               17
  0.98402075675619782               22
   1.0265619686207113               14
  0.97047561506030122               20
  0.90764619706938421               20
   1.0600170327623331               19
  0.74213764380253766               17
  0.91686934476309656               19
  0.86807720097946794               19
  0.96717748308133533               18
  0.71622800395793740               17
  0.96123699868343371               17
  0.95194834602782274               22
  0.77882295742339924               17
  0.89654841034161448               21
  0.84207042639845586               22
  0.84258405620106513               21
  0.97657404969227180               21
  0.69966447990850222               17
  0.72611716968218287               20
  0.84239387185289905               23
  0.89645547247697011               22
  0.86864366118862313               24
  0.55871339417335542               19
  0.77432920306231923               19
  0.95339637869222216               18
   1.0404127443309030               19
  0.73985721474469157               18
  0.88710573921498070               25
   1.1226050563355909               18
  0.84944115033114087               25
   1.2126631537632029               18
  0.99051887326012111               18
  0.92588714975014885               17
  0.98081882570198498               22
   1.0761615784709617               19
   1.0519901611187663               19
   1.0718524105248388               18
   1.0837596757254186               20
   1.1262810413266813               19
  0.99387017091345020               18
   1.3176557610030171               13
  0.99447965260362570               16
   1.0836733473465152               21
   1.0352947784145750               21
   1.1068143508315278               18
   1.1655202130168545               20
  0.92207199319135846               18
   1.1822382322481426               16
   1.0779891301584636               18
  0.91798446260299160               17
  0.88136251781161035               18
  0.96343522606007970               19
  0.73348077656381572               15
  0.99953273416870558               18
   1.0078121643834304               15
  0.99574471763994910               21
  0.74955442460675936               18
  0.62901524622595806               18
  0.97335349473229704               18
  0.88001829215172778               19
  0.93345324506783645               20
  0.94435043895301685               18
  0.74747360579446487               20
  0.82154254240726465               22
  0.80871281514022486               20
  0.86513233633210551               22
  0.54882779600659637               17
  0.98748098259412453               18
  0.59245020859062902               21
  0.40725505091148628               19
  0.63961573073856326               18
  0.84779085457479642               20
  0.86932084435770518               19
  0.65879139064303249               17
  0.78394652441372548               21
  0.83736315526016203               22
  0.74936389105600509               18
  0.41853166983448514               21
   1.0482689002680254               14
  0.98545168817240825               16
  0.98108044591793353               16
  0.55174182581957487               17
  0.93445188619889330               19
  0.90221569775609578               17
  0.88810763028125528               15
   1.1739532707141389               16
  0.90925997288613081               18
   1.0075817633858897               22
   1.1874370709320039               16
  0.86662441111638144               18
  0.94225465466098779               18
   1.1033002508156220               17
   1.1792962926090902               17
   1.2828050227866885               17
  0.68742018326393428               17
   1.2745147951104945               16
   1.2082839823634626               19
  0.75548549031976298               19
   1.1628899684616314               15
   1.2203181779132364               14
   1.1919323777230022               20
   1.3149677421867483               15
   1.0111123330053819               22
   1.0860926915719802               17
  0.73705758023576473               16
  0.91864893770795553               21
  0.57636047911983679               21
  0.81399484355142548               19
  0.81097968402088727               18
  0.71524696493776585               18
  0.98760218453317272               21
  0.90556178624007122               24
  0.83885057252852191               22
  0.78175559420078933               21
  0.62741429234878399               19
  0.86747303954869315               20
  0.89733653261989588               22
  0.61515510120293715               19
  0.91556308729976210               24
  0.85107758362330732               25
  0.62304727841565821               19
  0.97093463305374350               19
  0.97940744861151885               19
  0.42933517166245838               20
  0.83647816501684280               23
  0.94135640786446406               18
  0.80963357759056032               21
  0.76695424210878504               19
  0.61252926205866109               16
  0.78620349247627919               21
   1.0125104799622029               18
   1.0974878754840884               16
  0.71087369198078953               17
  0.80541381644262489               20
  0.92139411127216175               23
   1.1366622691518866               22
   1.1632893437991370               22
  0.95675381010154015               19
   1.0626092365865678               18
   1.1262098523662716               19
   1.2349471975462034               13
   1.1676018221436713               19
   1.0804998417835499               18
   1.2549496285355386               19
   1.1229618633345326               19
   1.0958378797972970               17
   1.1366396089704625               18
  0.98449743536046563               18
   1.0893583893896281               18
   1.1646359217006925               17
  0.79850417311747524               20
  0.82204247528875762               15
   1.0536175535459538               20
   1.0600287613406478               15
  0.88893011973126490               20
  0.96798075912922810               22
  0.85824444838877167               22
  0.83934861992351328               17
  0.82447005018435027               20
   1.1671245989929060               16
  0.79524541170614127               19
  0.90770967442233141               19
  0.79375773714094300               18
  0.97171246114923227               17
  0.35194146378858737               19
  0.55864898328081636               18
  0.97005360575413635               20
  0.16169795428491501               27
  0.88524944243789117               23
  0.36627886362295276               21
  0.89907537054123454               19
  0.39652496778926066               20
  0.73475580794583062               19
  0.76158086060666130               20
  0.72557790512247655               17
  0.76761891026593465               22
   1.0318441248542460               20
   1.0453454819281329               20
  0.60633664147021882               18
  0.87766288647747759               24
  0.92884707121124688               23
  0.56488602511869690               20
  0.67868375338721076               18
  0.62923241966992483               19
  0.82426208225817510               19
   1.2031203920495177               21
   1.0861204542413931               23
  0.95515136271808976               21
  0.87106398700957810               20
   1.3503157009124886               15
   1.1740918273942937               17
   1.3380380374472800               15
   1.1258013394391264               18
   1.2622012166637311               16
  0.96177799034911227               21
   1.0984341578919889               18
   1.1654718813118115               18
  0.94413313729794557               19
   1.1408504667161534               18
   1.0893828504097050               22
   1.0718040230010764               15
  0.86933786707428395               22
  0.87399235657779795               18
   1.0178474054181923               17
  0.72631650329761099               21
   1.0006542092111301               19
  0.77992189642499710               20
  0.67196915064497009               21
  0.64882958287788561               17
   1.0658437689409057               18
  0.59803950142293216               22
  0.72959572249002891               17
  0.79953853253848017               19
  0.76313906119318142               20
  0.78229276178205975               19
  0.66760931896526410               19
  0.63596264894570009               17
  0.51748730767977436               19
  0.77149866892681540               19
  0.28374763295325678               20
  0.40717046202749380               22
  0.82548887344800326               20
  0.79129081703307691               18
  0.80333133996394945               22
  0.50045742511859448               17
  0.82202012760305798               19
  0.81752212831546300               23
  0.67993884282187422               21
   1.0321295060081583               16
  0.59623447142056096               20
  0.85783299141505165               22
   1.1583278862502513               21
  0.94612004287700291               16
  0.65932350072044821               18
   1.0443932352318031               24
  0.98340995402571940               17
   1.0702582336870532               19
   1.1757587262627132               19
   1.2796393089636782               19
   1.0236244258736191               20
   1.0304816813259381               22
   1.1068840017225110               19
   1.2616486439231409               16
  0.99328977535212537               24
   1.0955475699904518               19
   1.0570428761318624               18
   1.3144108259347003               15
  0.81402678748175117               18
   1.0794061403201916               18
  0.57100487488049179               21
   1.0655949652768100               15
   1.0371328184395845               15
  0.58993649369389889               22
  0.66156703220620483               17
   1.1226492225185698               15
  0.92509635189778594               19
  0.66101451029288238               22
  0.77439736970614093               18
  0.80904238777449844               18
  0.59943900850482756               22
  0.95964765434947319               18
  0.90096968906589392               23
  0.94313441817471078               18
  0.76936460643212490               18
  0.90079399815241157               22
  0.90578042870901199               20
  0.69965023167251572               20
  0.41816074399598163               23
  0.29996779989531164               23
  0.93495829219962767               18
  0.58975589915863103               19
  0.41938554315591425               19
  0.74541082251758006               19
  0.68803826340037000               18
  0.56575442697745837               20
  0.83780768180332543               17
  0.71212493442168268               18
  0.79394130527634033               17
  0.58612709546147768               19
   1.0047330178138449               17
  0.77463052530394472               20
  0.93630654604968266               17
  0.94820245183272078               18
  0.94440784080528928               17
   1.1400779767751232               17
  0.98227528383203033               19
  0.73252506405646212               16
   1.1169959781199572               19
  0.97780111533350411               17
   1.1233408488537324               18
   1.0362042516440322               21
   1.1912667616931938               16
   1.2541655253908779               16
   1.0293225258726852               17
  0.96676219212856473               21
   1.0683883729084096               19
   1.0759228986084060               17
  0.82995871982291380               18
  0.89134953202685274               23
   1.2120968396351801               21
   1.0458119459729620               19
  0.62241802781085076               18
  0.81039290413833520               17
  0.82176384684606030               18
   1.0049893221839199               21
  0.68980025104880904               17
  0.98634319735419784               18
  0.82100864602628976               18
  0.50127094307741493               19
  0.67781326695342758               15
  0.86934353176667889               20
   1.0580735137699850               16
  0.84354954452033071               19
  0.81164430710085322               20
  0.75036751929601431               16
  0.65258687098254775               18
  0.43958875152962190               18
  0.48220377965911371               18
  0.70818583558373682               18
  0.45136886515516406               19
  0.66024198794011946               19
  0.41223162992040896               19
  0.57911168344014907               15
  0.75678293064305313               16
  0.45124667261759766               18
  0.48180286598672395               20
  0.53995026294300841               17
  0.49084738244974341               20
   1.0231419994607351               21
  0.65821282782628465               19
  0.76617912167559132               18
   1.0560349888711320               21
  0.89027046402911192               16
   1.1781617915190965               15
   1.0300863814277432               17
  0.80644953335195357               14
  0.96027260393729852               20
   1.0970227935002277               19
   1.2751273039697908               18
   1.0464691307932570               19
   1.1219974302121338               17
   1.0706699221288976               17
  0.92866145514496079               18
  0.87346363526520132               17
   1.3046444421405214               15
   1.3058652934295807               16
   1.0099644540147592               20
   1.1258831321196985               15
   1.0092206538605220               16
   1.0929706363813743               16
   1.2809588057444350               18
  0.66171767161957573               17
  0.76651703168785423               21
  0.95330225261424928               21
   1.0246983695512573               21
  0.75290341345244538               14
  0.72514502807887282               17
  0.78793235857016175               21
  0.93370203160286103               22
  0.51536343404586682               21
  0.40653947799439100               18
  0.80843948656797582               21
  0.99358228709048924               17
  0.84666410706826123               19
  0.82746688004072944               20
  0.52862893249067022               19
  0.35454705234450340               19
  0.43640901598763049               16
  0.60697158069109214               20
  0.70406625122823030               18
  0.90178681808564454               25
  0.68027783110393836               18
  0.42968551243989539               17
  0.97222007305040292               20
  0.68125187432112477               19
  0.73118538655562237               18
  0.96573800587928238               16
  0.63376234213520199               18
   1.0161233085708192               21
  0.59212255253479928               18
  0.87103318716119960               17
   1.0391743765192523               21
  0.88958137457349151               17
  0.59169884855026178               20
   1.0088668500426412               18
  0.79281327369225307               14
   1.1618382237275848               17
  0.95469557641902503               21
   1.1322749146837394               19
  0.84248108422499357               21
   1.0716760156756386               23
  0.90761010602828918               17
   1.2170645942019411               20
  0.88415057219735882               21
  0.87236407777374292               20
  0.95069290570486731               20
  0.92802338148351082               19
  0.76305094855428612               22
   1.0914916821825560               15
  0.74284121562900618               14
   1.0009501582689984               18
  0.94080579445353485               17
  0.95844650708146040               17
   1.0005369339507051               16
   1.1758017465907522               17
  0.54432491891199541               19
  0.50858950880956066               21
  0.38045020717884215               15
  0.84883757069064159               18
  0.74796116766077891               21
  0.69788755135086489               18
  0.43979081739348502               19
  0.51373512099339258               18
  0.80212181603352339               18
  0.77035339702269523               21
  0.61971460511360921               25
  0.44552332037913200               20
  0.64840698113228112               17
  0.23404989480931204               28
  0.90303717870228506               22
  0.70788491495873307               18
  0.49204515822419753               19
  0.31038959902183055               19
  0.71521425288485763               19
  0.90657507120934488               17
  0.89268184520480320               13
  0.81463607183950737               21
  0.76484363902835495               22
  0.88096548411230036               20
  0.78982311263951821               21
  0.56439833403352457               16
  0.69004188232963659               19
  0.65249763478589795               17
   1.0680188003855255               21
  0.83386851300671316               19
  0.72494744160999980               15
  0.64498518757974821               20
  0.96698544891373450               18
   1.0503117424059081               24
  0.92047795379973307               17
   1.0257648707379132               19
   1.1286931429467544               18
   1.3073027347946429               16
   1.1540165741055461               14
   1.1521357531694780               16
   1.2632153838532465               14
   1.0616269078260132               17
  0.89336232892306611               17
   1.0340354860182350               19
  0.71628714713724850               21
  0.91484216378796068               18
   1.2016855906626258               16
  0.87483457799783548               17
   1.0359246703238285               17
   1.1488078867184135               16
  0.44084382992557691               17
  0.77441440224097191               20
  0.56151242654042910               20
  0.71289295613572423               21
  0.91915366132714249               20
  0.63725324803137307               22
  0.78583691449872173               20
  0.37224432413343778               21
  0.47639556877997130               20
  0.62099406194028195               20
  0.45838787967336792               18
  0.68664634034776206               18
  0.61533643719608266               20
  0.43553148475867487               18
  0.49220926703067369               16
  0.29247567397923124               20
  0.25955207376353379               23
  0.52389252116360241               18
  0.48564199719277401               22
  0.71335684859504589               19
  0.57047434930273933               20
  0.86451730032864360               20
  0.50435250046643032               18
  0.84191668145527521               18
  0.82951064314547296               22
  0.83649284153626413               19
  0.89704583748516065               20
  0.89345494943925818               18
  0.73033056403603280               13
   1.0732778272938091               17
  0.76269181235740424               15
  0.85078287888389570               15
   1.1204045471111654               19
  0.79654345751315847               19
  0.80318060706479044               19
   1.1822026408625712               19
   1.0931300149101884               19
  0.99429981866418637               20
   1.0466343697352491               16
   1.1867300567138790               15
  0.94767720221080320               21
  0.88248017976041615               19
  0.92317620035881343               18
   1.0057320978742417               21
  0.83707713125116900               21
  0.77910918185429945               18
  0.60999915728239851               17
  0.75757426109393600               21
  0.83908689417901727               19
  0.85181242705196736               14
  0.71582798960740490               23
  0.92017721194620150               20
  0.65649249232867246               19
  0.47551247174748851               20
  0.74169888942265672               19
  0.34055634589538447               21
  0.49197830621587424               21
  0.53574867476774279               19
  0.76098855997176218               19
  0.43761093746416568               19
  0.63141608683989303               19
  0.45703325870729100               19
  0.55922770359898499               17
  0.63786233356944644               18
  0.28343425106352821               20
  0.29539810496899038               22
  0.74633975196362301               19
  0.47072084496245814               21
  0.70300063921832812               19
  0.62311612844202813               21
  0.65818719983122242               17
  0.57281358945329253               21
  0.62083586749503261               20
  0.55871179175798513               22
  0.71555965230663121               16
  0.88774809342320571               21
  0.53370133217397298               21
  0.83840869750629643               16
   1.1690402319265691               20
  0.72354399358530186               19
  0.65950019390049686               21
   1.2304921004702063               17
  0.60041384456255742               17
  0.68789894402302076               16
   1.0909879557632682               21
  0.81400917448174859               16
  0.96949155647132768               19
  0.75767952426462626               17
   1.0392503470238474               13
   1.2228629961502859               18
  0.89195557236804579               20
  0.91444724617288597               19
  0.98294425017152010               19
  0.70651435549376163               18
  0.95203058146983677               21
  0.98697668687006479               19
  0.55201121761394867               20
  0.97176233400798329               18
  0.32898596277412573               23
  0.49465882523456095               18
  0.63545719996330674               18
   1.1060024052896158               20
  0.64550168608621905               16
  0.80844197619617475               19
  0.33689529122494022               20
  0.56556872871079045               21
  0.75724772767542459               18
  0.66277875100477790               17
  0.38194348824540064               22
  0.30251272712665661               19
  0.51578229582025215               20
  0.30777564616098341               19
  0.50306493599833291               21
  0.86582493574201169               20
  0.68027034620583937               22
  0.25080951730553636               21
  0.22725553606753487               24
  0.74798128504308448               18
  0.51669456232488975               19
  0.32786712652995159               18
  0.73040331233544420               18
  0.56110008830213209               19
  0.54521667192296597               20
  0.96827874462404806               17
   1.0125488868693617               15
  0.78994969972762996               17
  0.95956832265225056               19
  0.99176161157324383               18
  0.57867008113876361               19
  0.91218265370520735               17
  0.80799660726530953               17
  0.99144221416638401               19
  0.78232024831281366               17
  0.78331339614159634               18
   1.1282984290416289               20
   1.0303120785938062               18
   1.0395452187336294               18
  0.89059818697255966               17
  0.92858236928078353               20
   1.1956518045831663               16
  0.97924481896287474               18
  0.75441352367027448               21
  0.95148845111225422               19
  0.93722617489646132               19
  0.35782924839784513               15
  0.58645424424443648               23
  0.69545477372237841               16
   1.0373914194606648               20
  0.71856585002538254               16
   1.0562593036736330               17
  0.50475450605427052               20
  0.63972090971709905               16
  0.89378919815098989               20
  0.55408798494368883               19
  0.67169709389932408               22
  0.41500650053908256               20
  0.37132497959561106               23
  0.68091060252180502               17
  0.42874055947961331               20
  0.21648418163932526               27
  0.56621986762266852               19
  0.65372160507078247               19
  0.15773441348090653               25
  0.54663557834492593               16
  0.65394668101714826               16
  0.24897127910291458               22
  0.54930878855045939               16
  0.28136335765688392               22
  0.27200142756489976               21
  0.87200872184843659               17
  0.49745029444396410               20
  0.42518868779810015               19
  0.77689485206627451               21
  0.96943209919063533               22
  0.40337307689701646               19
  0.98441108201234317               15
  0.63517182907837000               22
  0.62560580195398330               19
  0.52924665202069709               18
  0.96012521634785419               18
  0.92097487698556202               19
  0.71295029080954120               16
   1.1774107285266171               18
  0.75514699748252734               16
  0.91312970692377537               19
  0.98772594901645161               18
  0.86491850387757507               20
  0.71960995132782857               20
  0.98589465275970467               22
   1.0469322612993042               20
  0.90398795682857780               21
   1.0236559940090413               15
  0.95138277335620869               18
   1.0160080655906487               21
  0.68242992199374963               20
  0.73698933011902701               16
  0.51823385939981781               21
  0.93052532208109884               16
  0.37564396432250119               22
  0.58730381683170052               23
  0.82571771426653084               20
  0.58133035416446266               19
  0.54643912619895019               20
  0.49781163544109913               20
  0.56274378136062597               22
  0.80060483405506322               21
  0.32115811493297902               20
  0.31012355218800802               20
  0.59362864787167213               16
  0.27007062741691362               21
  0.37001405812736593               20
  0.40463497854248470               22
  0.67546635886429318               18
  0.37534367132888724               19
  0.39760660341716370               18
  0.34353593840033525               19
  0.80535485472550283               18
  0.46742487565920998               22
  0.40596197401116640               21
  0.77051384235865383               16
  0.59082620280166998               17
  0.44963920682182895               20
  0.54655873839426328               17
  0.55116787944898682               21
  0.66863147972204673               21
  0.59168202737035747               19
  0.75456510892825768               20
  0.83067602083739545               21
  0.89397360923776048               17
  0.70584130220569186               21
  0.97208119711508290               16
  0.42887851793593929               19
  0.36194907296996004               18
  0.84865355941136844               18
  0.94844223319714738               16
   1.0326919365916594               16
   1.0977298872669727               19
  0.80323465154241980               19
  0.79986550749795104               19
  0.63850941096716662               23
  0.96228161518375355               19
   1.0315026530467486               17
  0.99997394920368765               16
  0.98110129705360316               21
  0.50825886707530743               20
  0.85764021543786739               20
  0.59708867888332384               20
  0.84543803733432232               21
  0.45478605038783237               16
  0.54104742614266343               20
  0.40094970435430383               22
  0.55634042480629742               17
  0.62589027197622316               19
  0.61282812828198541               20
  0.39180785869421109               19
  0.65543648536543908               18
  0.46855566832042284               20
  0.42321019167523144               23
  0.19821581479451073               22
  0.14589485235110122               23
  0.41142925134133490               23
  0.12989568445303792               20
  0.51482343496830196               21
  0.45328510655212223               22
  0.42805885600332955               18
  0.33189506432544746               16
  0.29976587030076124               22
  0.14937919830435736               23
  0.40856369296559769               21
  0.80105032987075897               21
  0.21848484761059236               21
  0.67506229337242929               16
  0.61454667907185467               21
  0.44376683973428105               15
  0.47618617173602540               22
  0.88969359273881499               19
  0.45396657031683868               16
  0.62943521019706306               18
  0.48520729791547573               19
  0.95734034577893934               21
  0.84238818600557697               19
  0.86282646444213695               18
   1.2604756986125911               17
  0.90971222867081925               18
  0.72281876685196900               20
   1.3137782019750341               14
   1.0137116042549119               15
  0.87958185467827787               17
  0.91949843475671300               21
  0.95129950693794241               20
   1.0710075094972138               17
  0.57128739655388550               18
  0.64793123616437842               20
  0.69380452297767115               17
  0.77650492659831005               19
  0.81216481620520142               21
  0.74193768984169139               19
  0.96034100404718625               19
  0.80361176343859342               20
  0.45030120251490652               21
  0.56675071351224893               20
  0.25005755570707150               20
  0.73437438262978094               19
  0.67177222789237789               20
  0.43012544342158104               20
  0.62434682713910239               23
  0.49474144833353501               19
  0.26316624203048183               19
  0.45945111854006704               16
  0.34826374732144144               24
  0.24388015611049427               22
  0.17130525363260193               22
  0.55310895095320989               21
  0.48052203985946718               18
  0.12246781995851141               22
  0.62623762087424595               20
  0.65981591989802491               14
  0.54960324443089359               19
  0.40223593662194584               19
  0.37992564952894192               21
  0.67864734524952353               19
  0.47188757864253633               22
  0.95095735006231719               16
  0.82584653615635961               19
  0.42101922037392753               16
  0.58979270937139694               17
  0.76220215822452642               23
  0.67183518027350297               22
  0.93301892657704455               18
  0.85831733028851065               18
  0.77414480431093835               21
  0.94511423970129549               15
  0.66460499785967186               21
  0.78863000050089560               21
  0.60679415585197449               23
  0.84165094505476989               15
  0.98844392209067755               15
  0.85969728302193316               19
   1.0139830749929348               14
  0.92196442700120307               19
  0.63814286534889664               20
  0.93795579624392655               18
  0.76883684173730527               23
  0.76372150990610221               20
  0.75687531006921016               19
  0.76961194720523862               18
  0.72091626321188229               19
  0.72164482673874042               17
  0.41552319015776651               19
  0.54167945365512205               15
  0.31051829671757564               18
  0.43886460063405930               20
  0.38769553879724644               18
  0.65028135400932452               18
  0.21164335757367150               19
  0.34368905525205312               19
  0.23643994608995766               23
  0.58490699752695485               20
  0.66123532631481630               20
  0.12532084889253298               22
  0.30185968104438526               18
  0.53651126992356568               19
  0.41796729891685086               18
  0.17915928266423606               24
  0.51619251708017688               17
  0.26711005836286100               19
  0.35143348718232081               19
  0.32845451100147488               17
  0.22070967252568982               24
  0.30113542047133901               19
  0.83126291805730013               18
  0.57677845076679135               19
  0.48021302978677094               17
  0.24683174401338390               22
  0.50659127188268660               15
  0.41525163595445108               17
  0.73509492135152921               21
  0.90155333139688820               17
  0.76556322127067833               17
  0.73641481231348382               20
  0.95335669438704018               17
  0.73279369593396304               22
  0.93824777963107964               19
  0.97967733861170858               12
  0.93955091279460246               19
   1.2144675010431001               15
  0.96490016901953468               16
  0.68916106415177214               17
  0.65571109546476314               19
  0.79227555532931093               17
  0.74566734342857099               22
  0.94179097772947817               21
  0.84986866904844038               16
  0.82806893363344203               22
  0.93025221664578439               19
  0.41995165268170714               21
  0.72367040230217083               21
  0.82582890200390335               18
  0.57447356520107828               20
  0.59799224934765116               21
  0.76535602515736789               21
  0.54947372961712404               21
  0.47067381010191789               19
  0.58299897308042115               19
  0.64051909945672991               20
  0.44011148441269127               21
  0.16173228235662274               21
  0.17666603181636778               23
  0.48115163107128833               17
  0.55233798299715198               22
  0.33307119281037822               21
  0.48322596947813895               20
   3.0545524599878440E-002          20
  0.32062002808181833               18
  0.50769331290494801               18
  0.31322768797472222               20
  0.31192612728479951               18
  0.15565931410636427               27
  0.18827894396429640               23
  0.63350411720788657               15
  0.55142565370100904               19
  0.96976097553474028               18
  0.60243566447631158               20
  0.69774599604214960               16
  0.88440659908109553               16
  0.81017412677526701               19
  0.94278366060374585               17
  0.82976523716134454               17
  0.79317592250015556               16
  0.73388969194822617               20
  0.92727041666015486               17
  0.78913648833474570               15
   1.0858517891534583               19
  0.67650073258433197               23
   1.0109183124253822               16
  0.85842407864810377               15
  0.85731848542937894               15
  0.58980747352341423               20
   1.1306932470476678               20
  0.77345728328097541               18
  0.95719823335109466               19
  0.86446455282210677               19
  0.67756065643142882               21
  0.95945854662051189               19
  0.81908065455306289               20
  0.80894446682357990               23
  0.44038672525970268               20
  0.49485312050782515               20
  0.56360678499812022               17
  0.25393422719779801               16
  0.53608527861313537               19
  0.58968925748825374               20
  0.37160212304109297               20
  0.62785904688419047               16
  0.41941650990888801               22
  0.27749881955616557               23
  0.20308348612253713               26
  0.38974955555871194               20
  0.54164776184423435               21
  0.21967367377342331               28
  0.46225735864068435               18
  0.38803419524776778               19
  0.20245534836728069               21
   4.6641926309640099E-002          22
  0.40996306282014905               17
  0.61092603347017949               17
  0.29126383951750834               23
  0.25840621272911285               20
  0.57815148531494498               18
  0.37609875490799050               21
  0.46653282622412867               23
  0.21829788604412717               23
  0.61885728115842087               20
  0.53527267927098543               23
  0.56713683539038895               18
  0.32461699577748127               20
  0.76537411002684896               21
  0.50885664731798996               19
  0.83362537469758291               17
  0.84419512200972535               19
  0.72156625747835668               15
   1.0444111638777118               21
  0.82663791800201336               18
  0.63655501094918399               21
  0.96016901852917447               18
  0.99089363301563449               19
  0.97085879497256045               14
  0.83874767703128505               16
  0.64192414963107480               22
  0.84461657665880541               24
  0.84278859274893947               20
  0.76929281010377637               17
  0.92101928803737287               18
  0.49982961165660345               22
  0.59875324129873819               22
  0.36046500727650671               22
  0.60427210748324844               17
  0.39095374490471474               19
  0.51130497460852919               22
  0.27658014029579697               19
  0.46688491774374080               20
  0.86523590784402549               21
  0.58495663672770659               18
  0.28064056097949497               18
  0.50637353147382569               21
   2.3564551031482240E-002          23
  0.42904772382112394               20
  0.17345487384620764               20
   8.4287629113153156E-002          24
  0.32654220134048667               20
  0.18774567322588243               22
   9.8704432763675229E-002          22
  0.26205378702104054               19
  0.52040077138525187               20
  0.30784938453522609               19
  0.27053421884415563               19
  0.17789878617910326               22
  0.12118477657972826               19
  0.79139025225407933               20
  0.32175165876771683               19
  0.34907190808224037               20
  0.47623340878417414               21
  0.50840745550191246               21
  0.65529662329138649               18
  0.69117374024776002               21
  0.53449447871440825               17
  0.63535451396901066               20
  0.54814104415994380               21
  0.58669649832605886               25
  0.43081665526062146               21
  0.70619015777968930               23
  0.66906869220393039               27
  0.52940839424726727               22
  0.95807898202309782               16
  0.99061804598226955               15
  0.83926494933219797               18
  0.92993014199891044               16
  0.87631878088204640               19
  0.96273673663599491               14
  0.86703870670316996               21
  0.69326308484127330               22
  0.73688449600231165               19
  0.82702784613576930               19
  0.53166538122893636               19
  0.98732556270872762               17
  0.86202784689372969               20
  0.59763410567788144               19
  0.70704350390070891               16
  0.71859037050656593               23
  0.58775411443002368               20
  0.45369882234511899               19
  0.83914425899283562               19
  0.62194011731427701               20
  0.26174180695089710               22
   6.4555302202481249E-002          21
  0.16584099298413726               19
  0.20200051083745366               22
   4.1155380347392065E-002          21
  0.21164004621205501               21
  0.38572597242940493               17
  0.43312179462155920               19
  0.29688510517169386               19
  0.59428306075274717               20
  0.17207971078877957               18
  0.29985334298196925               20
  0.37751568224339632               20
   7.7214147188185839E-002          21
  0.33724491874376056               20
   8.1237619842938161E-002          22
  0.26404968699503817               23
  0.37538661783062943               20
  0.33007075039809208               21
  0.47388945918692249               20
  0.41868447301143968               22
  0.34353218846236755               22
  0.39468489492403641               22
  0.94857741431818887               17
  0.49238407896565828               22
  0.42466438145649715               20
  0.69799790782788873               14
  0.87781749966376565               18
  0.90960379918923595               17
  0.56339735055187357               21
  0.84221969192537760               19
   1.0120378054293848               16
  0.85845780364869140               18
  0.79412435814413118               22
  0.99293763105423360               22
  0.65759887429259489               18
  0.56078668958214328               23
  0.86598530811408014               20
  0.74898087849044759               19
  0.80790117569261233               21
  0.36116521484674408               19
  0.94126198365562253               17
  0.69954750751026373               18
  0.82125770243376217               21
  0.90238639580335445               21
  0.25527411477041817               19
  0.86281621463812963               21
  0.65693032081544456               19
  0.94088001448159508               16
  0.57764387566272368               19
  0.33611799261897179               17
  0.42987880221908026               19
  0.52236489090363547               22
  0.37095703848305311               19
  0.49564538943066594               21
  0.32686805799864166               21
  0.10187767513330333               18
  0.15822136071562484               21
  0.18877088629620770               16
   7.3580420597438301E-002          22
  0.27426672032438248               20
  0.24819101221700854               19
  0.14937936685660605               19
   9.1398898597512948E-002          22
  0.25528238336497333               20
  0.25663934926250020               22
  0.20019431907329199               23
  0.39378899987627902               24
  0.54116098554403891               19
  0.39148877341686678               20
  0.45472205457359594               23
  0.46219074074664268               20
  0.53137585631606210               21
  0.47600313384946291               18
  0.58421360097738417               19
  0.53078446105692434               19
  0.52423388135865512               21
  0.67257585612315929               20
  0.77794473516649276               21
  0.81619131295318081               17
   1.0506508939127670               17
  0.84869727784600146               18
  0.91676606540710992               22
  0.96098627645879620               18
  0.70886592883987232               23
   1.0278511103817227               17
  0.89923327201453385               20
  0.84253979975188997               21
  0.78958342183219177               21
  0.79127578845709978               24
  0.93580459283050210               20
  0.79349838554827756               20
  0.81360931860390251               21
  0.68810571820494870               22
  0.93523263966340431               19
  0.18671599236144809               18
  0.66578704410749001               21
  0.66845955468911622               20
  0.54410806207355011               23
  0.18800365789659082               20
  0.62154412787588542               19
  0.55970203815288588               19
  0.51536439219347940               21
  0.32184678727176258               18
  0.53078980307726065               20
  0.21980683157908359               21
  0.15174652473734176               18
  0.44162515607847747               18
  0.35233186831220381               23
  0.21249630456579927               22
  0.18163879453648113               20
  0.20044997091461741               22
  0.34788649638505864               21
  0.13326974880723030               24
  0.50779430930718650               21
  0.37955264065115718               23
  0.49221914027655334               19
  0.67567913552445291               23
  0.46585123251621996               16
   4.2491207310455290E-002          21
  0.47937225139890721               18
  0.40064944910565820               25
  0.61657837320532261               23
  0.71608942890670491               21
  0.62741588903525991               21
  0.37224826472438283               20
  0.69855613522931537               27
  0.86218567947105318               16
  0.80692155127304321               17
  0.76929844625924071               17
  0.78525783279912920               21
  0.75199888368224754               19
  0.65446190122015524               20
  0.94725612208319732               18
  0.73866335642605097               17
  0.98591509985805914               16
  0.80482436796315560               24
  0.90776482523220303               20
  0.96366396034921187               16
  0.96786870178467976               17
  0.71270125811860874               19
  0.60627943940965923               20
  0.61887164334029099               17
  0.81048232308756996               17
  0.41722662732742827               20
  0.40357052255629461               18
  0.55028777665018525               20
  0.51333188666270813               23
  0.82925095286632511               18
  0.24941877838676538               21
  0.60870508352574382               19
   6.0409361631657103E-002          24
  0.47741808141963765               20
  0.34595648443322241               18
  0.44259989185789972               21
  0.26829996703865183               19
  0.49292956766045093               20
  0.28968483122093036               20
   9.0708879542268986E-002          26
  0.16946659383895055               21
  0.60747689976650010               20
  0.22413061182036564               20
  0.13128008655967197               23
  0.28394791980909828               19
  0.12376130025933912               21
  0.13796098776681998               25
  0.57373910590773525               20
  0.21241739623691230               21
  0.18388393981117143               23
  0.29081966489597383               19
  0.52421368847302430               19
  0.41411072760511680               19
  0.31891844368729660               18
  0.78293167899919169               21
  0.31283846110239610               19
  0.57051840217685768               18
  0.97915096794096945               19
  0.62947218976568908               22
  0.56664171896294124               20
  0.91017137165288664               23
  0.83812226970295511               19
  0.61358675846562549               21
  0.97738920697943144               20
  0.95782216700096734               21
  0.96361328590080697               17
  0.83164169942752098               23
  0.85115088340860579               22
  0.97357489456197222               16
  0.95833163168701563               16
  0.65926140255650079               20
  0.25434221177758803               18
  0.56298145335989447               19
  0.63389139405751171               17
  0.64867768080140065               24
  0.62861470565923139               23
  0.66179897041614877               22
  0.38384276506466569               21
  0.30278811960523111               19
  0.53585867838577050               18
  0.50782776519289297               20
  0.53482551223919483               18
  0.56942765315544774               21
  0.18677127377666650               24
  0.65400691711748049               16
   1.8785984438541591E-002          23
   9.5062433118816347E-002          24
  0.17193487026627521               21
   2.3987299262292521E-002          21
  0.21997217729810339               19
  0.29470877181936916               20
  0.15315437759428766               17
  0.39398847305578172               21
  0.24469768523293134               21
  0.50735092440782570               19
  0.39770099056659786               21
  0.35561381716148505               23
  0.16882817498559322               18
   9.8505546117994627E-002          24
  0.36021843760134348               21
  0.17457836169725760               22
  0.57962931447985666               18
  0.28058646994694680               17
  0.21154373388564188               19
  0.64450365301562607               21
  0.28274841089310598               20
  0.59845691450478589               21
  0.67400774292500376               24
  0.67225217338734466               18
  0.59246292920556687               20
  0.93073760084642543               21
  0.93613192401582734               19
  0.77787824143289619               24
  0.63067346056279472               23
  0.96200339900103626               21
  0.83276621948726182               16
  0.39449913317180840               22
  0.93952213158268949               15
  0.73092539772534593               21
  0.95837824050288112               17
  0.72906899210292864               20
  0.56379099953510570               17
  0.77447117876439098               24
  0.65185688111764539               18
  0.70654640792352075               24
  0.60181917368729321               21
  0.72371751669833850               20
  0.69859654493010337               19
  0.38407800901784112               20
  0.62735409615609239               23
  0.74446616289682888               20
  0.18301080351210278               16
  0.34285528077511168               19
  0.26529999157296363               21
  0.21878332830208302               19
  0.45874932653259393               18
  0.42013446695693019               19
  0.35691434818636658               22
  0.32148357467840560               19
  0.28244872152775385               18
  0.19292743461044387               21
  0.36418087176867875               21
  0.19286953891008582               19
  0.13418660095164459               19
  0.15592674473372731               21
  0.43968594447532411               20
  0.19889802231985193               24
  0.10102528984148605               24
  0.49869013790646882               19
  0.28344932812864027               21
  0.59176081630892574               20
  0.34095679860578798               21
  0.38116667617549793               23
  0.50847636204165270               19
  0.46699644305833049               22
  0.40520262289625486               19
  0.53388597522777848               23
   1.0761388453326253               16
  0.75947580628950240               21
  0.65460984254722010               18
  0.90473853525392067               19
  0.87384511768180317               19
  0.77738552683285489               21
  0.86992313825307743               16
  0.73187425754162339               21
  0.62060350208292159               21
  0.60712833158001567               17
  0.88068879535379951               23
  0.86640933040444601               17
  0.89865534394843893               21
  0.70305123248696888               17
  0.81596136769096206               19
  0.89157012272031344               21
  0.47313690027099481               22
  0.53982812860788965               23
  0.97737341981571813               16
  0.30160201509496293               20
  0.32420078515471612               20
  0.41584002746675397               17
  0.30545235980432106               22
  0.21531913728441796               19
  0.36331442709193623               18
  0.31509725501560937               19
  0.65629098570568623               21
  0.43594159665853666               24
  0.48588757296390200               18
  0.39789459458864473               19
   6.5009352267570514E-002          19
  0.17889042005329994               20
  0.15225499632748321               24
  0.43457769452254458               21
  0.20421772837583571               24
  0.24051425624409614               21
  0.16844174721194008               23
  0.21591352647298595               19
  0.31606385069221526               20
   8.1139287883940286E-002          20
  0.40261680006501432               18
  0.25073037772496282               19
  0.41843047665555744               18
  0.15324089460371221               24
  0.50974496068011721               22
  0.19164934603907519               23
  0.38371911434693101               18
  0.43054980508323742               19
  0.51957349346673931               24
  0.49326986888260554               20
  0.31601552439549990               21
  0.67017763471198422               20
  0.82889176920177610               17
  0.69914687134258269               21
  0.95932541681985528               19
  0.85197429157656657               16
  0.92241776243340456               15
  0.69215572372873124               17
  0.71807257250827650               25
  0.82059445536484199               19
  0.83504173000059589               21
  0.70572479099087793               20
  0.58036185331072554               21
  0.74558827548379569               19
  0.82530760304388739               22
  0.64126542726481195               18
  0.77316517408566920               18
  0.76140971844789018               14
  0.72685731579208568               16
  0.86985143468912596               22
  0.61707358878471330               22
  0.56865413022439337               17
  0.63874924505122066               19
  0.10269441810330901               24
  0.37547074142649234               16
  0.30903697126550700               24
  0.37420819321890020               21
  0.59549258270740901               23
  0.47185699940487330               21
  0.38830750395655839               17
  0.11118019469020929               25
  0.28162588458120269               17
  0.43030092896613870               19
  0.31390676892873437               23
  0.30875815946578256               24
  0.16941883581351977               21
  0.24774775692019446               24
  0.54741749487566249               20
  0.11977770900926128               23
  0.51527998202914205               19
  0.46894540270286422               19
  0.21456955343499104               21
  0.33120305255834265               21
  0.33854867967456909               20
  0.57015324182918226               19
  0.50481398776365594               24
  0.83750489758989577               20
  0.28842733438685475               17
  0.79506599998317051               21
  0.82223644153675357               23
  0.69761027248431673               18
  0.95016415284240863               18
  0.75337330210233422               22
  0.82976925039875693               18
  0.73025010676644242               21
  0.93808310177783250               19
  0.82755889660625748               21
  0.95735779338717397               18
  0.72961526929307008               19
  0.90673111444340770               21
  0.84743576696885814               22
  0.76068227590164017               23
  0.93912949192697059               15
  0.92412474550194068               19
  0.73345404110363543               19
   1.0232692845593414               17
  0.81874974909684672               21
  0.81733656363939355               17
  0.40637969959868359               19
  0.70054905234684084               19
  0.86887364575856174               16
  0.65161923923310539               18
  0.79070469253934350               20
  0.93048023752598541               18
  0.64167573703755088               17
  0.50017062084005370               20
  0.74223916001227219               15
  0.36181532160874974               19
  0.25382526985332216               19
  0.41178394133258922               21
  0.36284360133540444               22
  0.14928387707025881               22
  0.31462796119744946               20
  0.55384185118202756               19
  0.14702801814442995               21
  0.24058607715662370               19
   8.4392244735583613E-002          20
  0.29148588486514687               20
  0.19801057144974080               22
  0.43575999907555696               19
  0.29730713441724166               21
  0.30725178605423759               24
  0.41972219557945067               17
  0.37852802316516709               19
  0.51341994318875961               17
  0.44056269416988170               21
  0.54161534911220499               19
  0.42448698240985283               20
  0.96830511854834067               20
  0.73308240207725406               21
  0.75788725158259629               22
  0.44990571987002420               17
  0.78605181226254905               17
  0.90696717440857699               20
  0.89606515647370000               18
  0.66260969432852068               19
  0.80722052114115073               22
  0.95956631235325496               18
  0.51818893955576606               20
  0.67947301778858127               14
  0.93421575949900970               20
  0.72106207282230295               18
  0.91943960123000690               20
  0.78226528181487809               21
  0.65127732530155746               19
  0.82956614190045830               20
  0.71936251475692858               20
  0.87700554028986510               17
  0.75417292461133822               20
  0.97596974121514424               14
  0.57382185775983885               20
  0.72009157334447005               21
  0.40389622503562073               19
  0.45273193669864215               20
  0.76638334864419799               18
  0.31209804414369602               21
  0.33405525041001910               24
  0.59310380177375110               18
  0.24403707901863203               17
  0.17132125617063057               19
  0.10895154247023710               24
  0.11986312290297825               21
  0.43707166731874125               17
  0.55203995087911084               19
  0.26281556179306192               21
  0.15649955641733879               16
  0.28047774619089411               19
  0.27908223006569216               18
  0.29751655716128389               20
  0.42371741218247244               19
  0.20110521455432798               22
  0.22735403675283938               21
  0.32930204797335422               23
  0.59144648270408884               21
  0.59493753569339525               18
  0.27110996194028048               18
  0.66064635202525412               18
  0.67238817667270334               22
  0.52363703750630697               21
  0.70992968991142380               19
  0.59067964154073482               16
  0.59446566018032176               24
   1.0068833076905293               21
  0.47889836679275272               20
  0.85596699510303231               18
  0.88111153057648051               17
  0.98276426488696145               19
  0.90814683256949258               18
  0.96021963733356119               20
  0.95666509590161741               14
  0.89763029371722425               20
   1.0671135059602725               15
  0.89434333432304847               17
  0.92779466829436930               20
  0.77599456657667953               23
  0.84641952769639439               20
  0.63031919912033019               16
  0.78043034089680596               22
  0.81669591571809341               22
  0.52196243189252134               22
  0.59386835286895656               21
  0.57213189758628102               21
  0.52598257554636985               21
  0.57692579588378856               21
  0.79796701261927316               18
  0.49710293867748262               20
  0.49151333865317914               22
  0.36724311932298159               20
  0.49408538883698555               21
  0.65892843051725447               18
  0.45979592760943194               21
  0.23517231107147857               21
  0.42902527102345167               18
  0.24415577963515711               18
  0.32494144529553598               20
  0.21185598389550367               20
  0.41233198680540151               23
  0.75590572682443502               21
  0.43735753274773126               21
  0.23947370945797361               19
  0.66302331953679949               19
  0.38386091456927102               22
  0.40704459488007649               19
  0.59095533932174116               20
  0.50697341752743885               20
  0.63596428713153541               19
  0.61542388329534148               19
  0.32007478082678970               22
  0.38433785350407601               19
  0.56087010956307770               24
  0.84454226005863242               17
  0.64015375412658149               22
  0.90846019339472639               18
  0.94009630699998759               16
  0.84720645961461538               19
  0.64111529562445668               23
   1.1014864391434940               18
  0.95222533268255860               18
  0.76997538704164381               21
  0.98447220016375070               16
  0.91344949271897058               19
  0.75253339792448548               20
  0.93651027440715751               17
  0.58069177917540238               21
  0.64508752374326506               17
  0.78760494165455597               22
  0.46462524325303567               23
  0.55553980155717531               19
  0.41964342530463705               17
  0.55997370563383031               18
  0.64305180858254185               18
  0.95702517512267504               17
  0.68738318085166328               16
  0.67813959170403804               18
  0.80060334550459333               16
  0.63961151114440717               25
  0.53523308715190876               18
  0.48923864455850863               20
  0.47516566537012128               15
  0.39174486799974817               25
  0.30664885403156139               21
  0.55112908016578521               16
  0.50283173490167632               21
  0.10175622781902736               19
  0.26085059690940399               21
  0.37846849443703257               20
  0.26952455034149875               19
  0.27906179709025247               18
  0.38754604096332385               20
  0.75638429033639487               20
  0.19153895377248067               22
  0.67638925575264430               17
  0.33522499115190268               20
  0.50045762020160833               17
  0.24412660949156023               22
  0.74916053557645490               21
  0.77278860378625180               22
  0.56656578173916128               20
  0.79276752898772440               19
  0.69896043850629719               20
  0.78423175682668445               18
  0.61189120016115717               22
  0.88782091161855869               19
  0.84157315021359080               23
  0.92510298335026464               18
  0.75423011513098681               20
  0.67857424049005333               21
   1.0161700599766275               17
  0.77792046534856718               16
  0.90251973682084874               21
  0.87882657088765803               19
  0.77039484925774782               22
  0.92403104241948986               17
  0.76788794289831308               19
   1.0697886380385788               19
  0.77579624633043076               16
  0.70284338045145178               18
  0.79234579338323574               19
  0.78965773791701932               17
  0.78297023762052786               18
  0.48189814860962160               25
  0.40978270156578112               17
  0.44018360256998923               13
  0.65214111369216443               17
  0.69252353099678843               16
  0.65619714866404866               19
  0.68442890187029515               17
  0.57441253518845370               17
  0.14315890005990278               21
  0.26214196092499753               18
  0.34298749142224910               17
   8.0970394758184003E-002          21
  0.28991665471978617               18
  0.45422476597141814               21
  0.39031279604449237               21
  0.44581297616778681               21
  0.61667866357313983               20
  0.68343808693221841               24
  0.26364395094445886               20
  0.36704816561409154               20
  0.36784876984653320               20
  0.69531522052439776               19
  0.46623592913011846               17
  0.77539065698719245               20
  0.55757935512767631               18
  0.59305172088209834               19
  0.60015956804326398               20
  0.60566746918291914               18
  0.66102064117807924               20
  0.78385775410986502               23
  0.84798879567964747               18
  0.61074932004537219               20
  0.92444663675417560               16
  0.94611191935049088               15
  0.80785526953526221               22
  0.50273256518819776               23
  0.88127918822940632               19
  0.87072139459721265               22
  0.98743622312302981               17
  0.88968980083558169               20
  0.97275145555519071               17
  0.87387270759676894               16
  0.86336042878022279               19
   1.1069526542524590               15
  0.97415604921833188               18
  0.98700133641535093               19
  0.99544813932180187               17
  0.73327264420813143               17
  0.57533183296825285               23
  0.60349324901606627               22
  0.82324807845516612               21
  0.53535921663498653               16
  0.30374806561396761               18
  0.76345807445295932               20
  0.85670822911433742               20
  0.39007994341253621               17
  0.48302722956696525               18
  0.48631185141582195               18
  0.25797932550734565               21
  0.42519894687348975               15
  0.30922648781973056               20
  0.69294032171828690               20
  0.51189918550330371               21
  0.29481096767425474               18
  0.46801242529087489               21
  0.54668856244671493               22
  0.61316709820702009               23
  0.50799022120594983               20
  0.94768327630135263               19
  0.62326367861351717               23
  0.56447862445438424               20
  0.61508584928575538               18
  0.96261577601356196               19
  0.47316266855161998               22
  0.43449170207441251               21
  0.59130937983722531               21
  0.57631338820532718               20
  0.75001284475691199               17
  0.75095912722408331               20
  0.69185733621209111               16
  0.91845632097518248               16
  0.62303969653362579               22
  0.95148205768915239               19
  0.69753139141893039               17
  0.75093749538239685               21
  0.82362610025619110               20
  0.79214905895959120               16
  0.87044275267190740               20
   1.0378478595619178               15
  0.83003506997844356               21
   1.0210764321221788               16
  0.90755161049676258               20
   1.0456333281983672               14
  0.96929702638867976               16
  0.73128332271058327               19
  0.58498282867440909               20
   1.0584317282027187               16
   1.0875229015263301               19
   1.0356270063240536               19
  0.68721402847492596               18
  0.54322136863615433               19
  0.61522212487341199               20
   1.0619459973726610               13
  0.60716802269007741               24
  0.60220654132884532               16
  0.74743857890331455               17
  0.56513905108190032               16
  0.42207338835561736               16
  0.22562904411079693               19
  0.65299569694947879               19
  0.45990553332899814               17
  0.44100704090677922               19
   7.4905191692950887E-002          22
  0.39259142598468300               23
  0.66904976746174682               21
  0.72967293561703861               19
  0.32421362630577399               19
  0.44652595487266600               24
  0.64458696784594582               16
  0.30392953736857714               19
  0.80238706434429918               20
  0.66194150344652136               20
  0.56286025447260291               17
  0.41012909428854943               20
  0.68522739087541695               17
  0.14075882480739266               20
  0.95037007981771970               19
  0.70256816856624182               22
  0.53994550580050060               17
  0.85854649358498303               21
  0.72319781320299525               21
   1.0631248686304915               21
  0.96809706699206932               17
  0.99326734842587394               17
  0.91308504568384319               19
  0.98376517171759703               17
  0.99337966994980531               15
  0.79786746637327022               21
  0.70209289008630904               22
  0.72654017935338944               17
  0.98612429593696083               16
  0.90732714912895174               17
   1.0035212301706824               18
  0.84996767416697872               18
   1.0179719473454893               16
  0.95457508738671604               19
   1.1051906999942414               20
  0.84381850060769692               19
  0.56296662773760764               18
  0.44332576272684870               24
  0.80092105866300756               14
  0.81315643463186482               19
  0.60080246144279115               20
   1.0924521760961170               17
  0.62670854708212098               21
  0.92950073105336883               16
  0.50854812444363551               20
  0.53304207022589079               25
  0.74892559715314155               19
  0.35149461571264429               16
  0.41694746723588666               21
   9.3704461622463583E-002          19
  0.43245537492136094               15
  0.41282722603862193               21
  0.65458722765181365               15
  0.69429625313517851               22
  0.85809052549305698               19
  0.59650812296161781               19
  0.28616274144969600               19
  0.61834983706972302               23
  0.40258710412388909               22
  0.88007209357673533               21
  0.55667777535311236               18
  0.88972745614269921               22
  0.60649871441530112               16
  0.86761166128120648               17
  0.49595505066049639               18
  0.46478112444061637               24
  0.51226820409503704               16
  0.38730021448959256               25
  0.71266467336667294               17
  0.85218246215445614               24
   1.2102016231723487               18
   1.0104981121811869               18
  0.82617302982370810               17
  0.76685160683794729               16
   1.0003749506369572               13
   1.1466337096702157               18
  0.82391793928326429               20
  0.88801431021350885               17
   1.0560564361342331               19
   1.0438408729234683               16
  0.99238507968164125               16
   1.0120976757123892               17
   1.1300294980905083               15
  0.87624029272545789               15
  0.93831155860972693               18
  0.50932907014805984               20
  0.57900058321775616               21
  0.94117078894595696               21
  0.73923999189060952               19
  0.90593616138354582               17
  0.64663829295213526               19
  0.70975716877798922               19
  0.69468719357728637               16
  0.87066676039269986               19
  0.43683990954822810               19
  0.36242306628157384               20
  0.57061258310959440               22
  0.28141787147665753               19
  0.70261950527669681               22
  0.62153333604613914               22
  0.54697588858096058               23
  0.74442782431001786               20
  0.44336508803834762               20
  0.55354884312132580               22
  0.59545208682506978               19
  0.94903533913556370               14
  0.45487241991515676               17
  0.24101189507202819               17
  0.46121970448164279               18
  0.12787902747760777               22
  0.11335406651780121               22
  0.57051746006915993               21
  0.59508799251105526               20
  0.76554033676908195               20
  0.76921577120067142               20
  0.78079029858699278               21
  0.95326841119230088               19
   1.0421363898314653               16
   1.0238542066670804               19
   1.0651620338471974               17
  0.98269460178910062               18
   1.1204351648921769               17
   1.2995298650297207               20
   1.0030299743404383               18
  0.97665676973026239               19
   1.0241159642314279               17
   1.0203082781225721               19
   1.2568995530444083               15
  0.94136075114468853               18
  0.91930890598799597               18
  0.95036769699790502               16
   1.1668485846871539               19
  0.76162645010399499               17
  0.85472431460291498               19
   1.0163771870610399               13
  0.90213368368133706               18
  0.54441913148410648               20
  0.47668359587552683               19
  0.84479860288298592               18
  0.64888884058122531               20
  0.86771217892962038               17
  0.70987879830824552               18
  0.66936497640957893               20
  0.54431777587803387               23
  0.79412538818116618               17
  0.75630260195770327               19
  0.36848487686678094               21
  0.50989987247202473               22
  0.54441831405577867               20
  0.65137691360632410               23
  0.85177288522886785               18
  0.62323879516354508               21
  0.52281956128692830               24
  0.55516239203927220               20
  0.69518229684421651               20
  0.80304875985855151               19
  0.65062148918114937               18
  0.71643971946108442               19
  0.54800597631190018               20
  0.72932256130934414               18
  0.69909651820117868               18
  0.81043903798010808               19
  0.73119717691796726               20
  0.52747245712176527               17
  0.80320056879459045               17
  0.78022618965214863               20
  0.84510589179717510               18
  0.56727075104228053               20
  0.72139504178287528               17
   1.1619074944178769               14
  0.89371957456822426               14
  0.89295110762147223               20
  0.89507008260650811               19
   1.0206604263219157               21
   1.1008008693046107               18
   1.1595105729305215               15
  0.71770510400098131               20
  0.95055891058245301               18
   1.1265200388499812               17
   1.0260507396646485               17
  0.86590422237405762               18
  0.95990749113576102               13
  0.86363760434880832               21
   1.0230087474490250               15
  0.68629996850434338               18
  0.97749256220649350               15
   1.0550506339517203               17
  0.72901822350933165               22
  0.81019780882570791               18
  0.66552706369434711               15
  0.55575175990422110               19
  0.97265935352633537               15
  0.71007074617520793               20
  0.84611840712412767               17
  0.84678226257780265               19
  0.62827545615944280               15
  0.72281494906569521               18
  0.47702976579097151               18
  0.55929720094813606               19
  0.89401297575502747               19
  0.58891447166955180               22
  0.55576711976905946               19
  0.37114922691403862               19
  0.38788025518880576               20
  0.70562218846254721               19
  0.82810947319711237               21
  0.74081398664892451               20
  0.75487240183701765               18
  0.76850358177270428               21
  0.64156476674342577               18
   1.0329703327511719               21
  0.36013859645289492               23
  0.69055515444020066               19
  0.61702261307256023               17
  0.61552703247877660               22
  0.67683789234563596               21
  0.83890483364402080               21
   1.1073761452732187               19
  0.99015484833613332               18
  0.75099247544443237               17
  0.90800054653604823               17
  0.97698058204168003               22
   1.2183851672153159               14
  0.95193820320430100               17
   1.0628679464760455               16
  0.98394716748198885               20
   1.0269004674596427               16
  0.78561324544434208               20
  0.85238046442748427               18
  0.94520498598129343               18
  0.79616234013489795               18
   1.1221129623686457               19
  0.76285919968242644               15
   1.0065715765144521               21
   1.0883501027186975               20
  0.69937742547867421               14
  0.89776638961155431               17
   1.1206579467410800               16
  0.67020167311944023               20
   1.0045451892269754               17
   1.1308503594270807               22
   1.0573352461577039               17
  0.57911281463543152               27
  0.94047511548855467               17
  0.53124339869652804               16
   1.0768464793277126               13
  0.70701761906808525               20
  0.91870248475988614               18
  0.76011101194505537               21
  0.96306827508295423               15
  0.41075731904251317               17
  0.55981648718256949               20
  0.81203483464984705               21
  0.85630599240136562               24
  0.46065826567899903               18
  0.90257591230109135               16
  0.73232715305826035               18
  0.72071040673804421               18
  0.53062229110466141               17
  0.27666096253106637               20
  0.55065167767968892               23
  0.90280948449924392               20
  0.85793885022914285               20
  0.99404513726410193               20
  0.85837480015297607               20
  0.73972833468222210               19
  0.95080217536515166               21
  0.60052618750292908               18
  0.60621699108171623               19
  0.91329529462844894               22
  0.83035537774421453               18
  0.90126003012426859               19
   1.1193709769427671               16
   1.3567935044179575               16
  0.91444476703737398               15
   1.0137967062076236               20
  0.97943446067729789               18
   1.2068296786168358               19
   1.1424819267959894               19
  0.92298804848413796               17
   1.1003206750339811               14
   1.1184112257134375               21
   1.0870327001034246               15
  0.97419443046711218               16
   1.1544168518973652               15
   1.2113589054683020               17
  0.44132943276277981               20
   1.1328716969374437               19
   1.1688657511586329               20
  0.92554349770107802               18
   1.0611266615869277               19
  0.98775805494604996               21
  0.85450014373731842               20
  0.65849785270221572               18
  0.86138637908423266               20
  0.88696498276410629               17
  0.91894064099017703               20
  0.76570269471113128               17
  0.86058379618735337               18
  0.93761938044879700               20
  0.55586528674791524               21
  0.45735100005808571               19
  0.96183457065572919               16
  0.53223424734961222               22
  0.32366829999128471               21
  0.96068625509355388               19
  0.75018389496532156               21
  0.96506957381839298               17
  0.56110411090489631               23
  0.57056824102313719               17
  0.77923558403014159               20
  0.82527556634921828               19
  0.46181153041840534               22
  0.95644274662067486               16
  0.95616133377115453               18
  0.68990366559026250               21
   1.0642639316134639               19
  0.62628932594915976               20
   1.3190735789567023               16
  0.92497797129396941               20
   1.0713422961784822               20
   1.0585444916485993               21
  0.92732161651411626               21
   1.1527697563349621               17
  0.84860171893357261               18
   1.0162540814682888               21
   1.0689129687055829               16
  0.84514274929191302               18
   1.0820273002489067               18
   1.0844992040554542               15
   1.2391818790356299               18
   1.0047936557086057               21
   1.1523883010119482               18
  0.91798745367540002               16
   1.2195691891090661               18
  0.86768077136914035               19
   1.1928736478740416               16
   1.2374807740723757               17
  0.75124657724958344               17
  0.96236820324287164               15
   1.0917940665441936               23
   1.0665447240181516               12
  0.80398110316548121               18
  0.48057352967466677               20
  0.88815299219345556               19
  0.89703833500909280               20
  0.95274318374283529               19
  0.60650131098163251               24
  0.69194251782591909               24
  0.39630046641896927               23
  0.81734473060126001               17
  0.65043422271240869               18
  0.43043673669750665               17
  0.91504720726726574               20
  0.81904434516606572               21
  0.54353543120902936               19
  0.59066402941914598               24
  0.99443035825979753               14
  0.80078206830255783               22
  0.40292755970607741               19
  0.77158791650912606               19
   1.0246771923265843               19
  0.71934421959908257               22
   1.0136833398848000               19
   1.1171451049863126               18
  0.86236380288363634               15
  0.65296148803438103               18
   1.0257948827601100               19
  0.90387954716686392               17
   1.1952233514297430               14
  0.80659897302704420               19
   1.2952858238778260               19
   1.1548556787165118               15
   1.0353920676247999               17
   1.1534400686688024               16
  0.81700616567153150               19
   1.1410661998952913               17
   1.1637635084466227               18
  0.90178537759299560               21
   1.1412477682433477               16
  0.76203367665832378               19
   1.1433178292470587               19
   1.2825380368391797               15
   1.0340350197417356               16
  0.88895957813335147               19
  0.82492702199807755               22
   1.0019077595686527               15
  0.83238507808218454               18
   1.0153846960483517               12
   1.1858918720492320               16
  0.91217203553189385               17
  0.83801051311856689               23
   1.0431207093244086               13
  0.84539731812416985               21
  0.87906241718506051               18
  0.79086777428863264               20
  0.59279027674197760               24
  0.86781238835795882               21
  0.81182085771470325               18
  0.95073709481496871               16
  0.45869721306457056               18
  0.90430616389752672               19
  0.81002022820959252               17
   1.0679363057406861               18
  0.82704316061429317               20
  0.56942298659579305               22
  0.71887349130361222               20
  0.71302883740012524               19
  0.54854459424371116               19
   1.0321535364811349               17
  0.97150455783910872               19
  0.86784519165053176               18
  0.76270654381332059               18
   1.0060575572761266               20
  0.85429167741705858               21
  0.98457020812935814               20
  0.43018698635839842               22
  0.77866121492014517               16
  0.54028870974737064               15
   1.1933819000056294               17
  0.99480074662527596               14
   1.1079030253426136               15
   1.2300647721667803               15
   1.1181043479533950               18
   1.2281046342859259               15
   1.0554118133484249               15
   1.1580667089488366               16
   1.1527371947503240               19
   1.0752443818000190               15
   1.2093289203612128               17
   1.1854814259906390               17
   1.1947161173772991               19
  0.80325128458278727               16
   1.1718537310431103               20
   1.1058808536614262               19
   1.0118615257359513               18
  0.94502553764594233               20
   1.0642133689365649               18
  0.89052843239513990               16
   1.2796335190485659               12
  0.75796582429591286               22
  0.89068293049812464               18
  0.65467753236330284               22
  0.90366547042928336               21
  0.60747757840476857               20
   1.0061759116208302               18
  0.82770545914256055               21
  0.75790373004732614               18
  0.69262376251109203               19
  0.74159216173544407               21
  0.73460576497158814               21
   1.0478541929929404               18
  0.76025085207504428               19
  0.91061410022923306               21
  0.98369797695612826               15
  0.71014312201899199               19
  0.80058482065387415               22
  0.82217830088946209               21
  0.96108132275112146               17
   1.0699154660367076               18
  0.66804178390491920               19
  0.77575002414680461               19
  0.97784164974774002               15
   1.0005913773216057               15
  0.74523605577890595               19
  0.87948178470765614               17
   1.0561197862756542               16
  0.86296569788154609               19
   1.3435156359025122               15
  0.95375002330147118               20
   1.1472274248275443               16
   1.3461483671664953               17
   1.0681401395988155               19
   1.1468937738679812               17
   1.3004366883818290               19
   1.1195726204142344               13
   1.2143430698755018               15
  0.97650550693441796               17
  0.95801596320804117               16
   1.1353695283624095               22
   1.0257092408081177               15
   1.0339271752885066               15
   1.3313533706889904               14
  0.87484661867944391               21
  0.86901664678717749               21
  0.94737657162284894               19
  0.92421128345310966               19
  0.83640050729108717               17
  0.95002803935510438               17
   1.3427259375127618               13
  0.95669648918995043               16
  0.98384039210774676               14
   1.0275635203035136               16
  0.91997174461152609               16
  0.79200740037626294               19
  0.95019970770219364               18
  0.85156490723001077               19
  0.67848864812607224               18
  0.69761718914627435               15
  0.86924850002893261               18
  0.55414415253590454               23
  0.64849637398632998               21
  0.77600750577946465               20
   1.0303926518005571               18
   1.0140042706745256               15
  0.87198908047339319               18
  0.72173802868113368               18
   1.0103965180255328               13
  0.67027829622289070               19
  0.65328661370917462               16
  0.69802247776770099               19
   1.1123006929423458               17
   1.0222626796412535               19
   1.0995451081179908               19
   1.0110196989440907               18
  0.81841203672203111               20
  0.79051715032670378               18
  0.74025192949516838               19
  0.80770094464140496               18
   1.1592003866078362               15
   1.1832265082829514               15
   1.0603175236638893               19
   1.0475531069812334               19
   1.1650748118540337               15
  0.76273387580138341               17
   1.0630463171583984               14
   1.0791528312750698               17
   1.1321467016529745               19
   1.2691870554701654               16
   1.1722781172586192               18
  0.99190866455942972               18
  0.90116704919518598               18
   1.2767277767424370               15
   1.1023864502091052               20
   1.1901062824521924               18
  0.98792488986622340               18
   1.2442606039412998               14
  0.97184701324082146               18
   1.0136147874707468               18
  0.76708607691346675               18
  0.79639431863601451               16
  0.92953149208264341               17
  0.97369134448579386               14
  0.99395550651436770               13
  0.81855049558469917               17
  0.78512227114614874               19
  0.92549141465039730               16
  0.87776791700935142               22
  0.74598018592215465               20
  0.88772201260307937               19
  0.77650382728136713               21
  0.83459047131813913               18
  0.62107809872044684               18
  0.93481345316868847               16
  0.91677471033690128               18
  0.95393426978561868               16
  0.85626983940784529               17
  0.79114717708723814               19
  0.95127846801935034               17
  0.82986104701875052               21
   1.0208228780120427               19
  0.95686177327192323               19
   1.0024778400018586               14
  0.65048825530587884               20
  0.94637381649304519               20
  0.77312903537687072               18
  0.88864417657530603               19
   1.2532649742144406               17
   1.0920457515715847               17
   1.2006577292363223               13
  0.86080233246001947               20
   1.1026054367798004               21
   1.2565101650687007               14
   1.2736956903539804               18
   1.0396068143043535               17
   1.2370104158482020               19
   1.2508182361835061               16
   1.2115336065841904               18
   1.2424517086927096               16
   1.2315790317513919               16
   1.0900293751887089               23
   1.2743105128436789               16
   1.1072868577467245               14
  0.85105818505048358               21
   1.0934214183017208               20
   1.1823412012988876               18
  0.99119705001562419               16
  0.93126266196777419               19
   1.1488888833311002               20
  0.89808280317950762               19
  0.94120106794854441               19
  0.71457698579629392               20
  0.84877511734765521               20
  0.96084639721798959               14
  0.86693320469096191               22
  0.98636724044690016               15
  0.87074431654321005               20
  0.91339767890335233               21
  0.91921741865223838               20
  0.90708637741458797               22
  0.84787983551105339               20
  0.95637312225436133               15
  0.86402793718931614               21
  0.96067551085360403               15
  0.82569369984488039               20
  0.69573872379623392               19
  0.74159203866688372               22
  0.82029021000617253               18
  0.77524186405232287               17
  0.66742096454881383               18
  0.61751951938166738               22
  0.89622357867935754               16
   1.0201650212059399               17
  0.86580629085392724               19
   1.0411827194537671               20
  0.91570159184785382               18
  0.96029891844940662               19
   1.0183863235264115               22
   1.3088041350224759               15
   1.0913604332261706               20
   1.2276454939363877               15
   1.0286930705423176               21
   1.1318105620239505               14
   1.0807433500282955               20
   1.0854644084289895               19
   1.2747494564056157               19
   1.2731145595276581               14
   1.3714293647109388               13
   1.0732069570051488               21
   1.0879077866107403               14
   1.1649887587764578               15
   1.0676448473843063               18
  0.95479131176188425               18
   1.2013301155124341               17
   1.0834025498450628               20
  0.95979489905373605               15
   1.2785158827706522               14
  0.86047629298132100               19
   1.0055668598511383               16
  0.93952699695768671               19
  0.97319012647684855               17
  0.89480671887010854               14
  0.89596226464667783               21
  0.81211307782570630               18
  0.92456774426919608               18
   1.1346279842329274               16
  0.36048547363527755               21
  0.20458206296620374               21
  0.86767476227793106               20
  0.99670695836103773               16
   1.0536733117374679               14
  0.91014547107543331               20
  0.66989240248276016               18
  0.83890992573797685               18
  0.89470187101135135               17
  0.80043008564199825               21
  0.35296607365304106               20
  0.74656498070258048               19
  0.88275542352703307               21
  0.92591596373887253               17
  0.94885451846912505               18
  0.88180494268610177               14
  0.66438463319774743               21
   1.0631508358993178               16
  0.73184087340035964               23
  0.92763823212622043               19
   1.0649738131497419               18
  0.82387303209695706               18
  0.92164903121327846               17
  0.97628365747650769               22
   1.1254380292626363               17
   1.2578981456297731               16
   1.0614024883304163               18
   1.1665361721509881               15
   1.1121811984102392               17
   1.2109855461688745               20
  0.71257226741459723               18
