  0.97603934516516133               20
   1.2681322353517208               17
   1.3336425302670742               16
   1.0508613485049316               22
  0.80825450700903623               18
  0.99774712718699721               18
   1.0342806786685312               20
   1.1121180911263646               17
  0.52063942173961486               22
  0.91092264292210146               23
   1.1170642317546002               16
  0.86395843943535378               21
  0.95376822951510720               14
   1.0397399533981662               22
  0.75106919713470921               17
  0.68573568961968934               20
  0.79870464542741249               20
  0.93391940605902990               16
  0.85233076224151105               19
  0.96494696771023114               15
  0.68414083987633401               23
  0.53003941464822124               19
  0.78617941235576150               21
  0.63168457102497833               21
  0.92835066722604576               15
  0.86181418830773504               22
  0.84766234348319291               18
  0.95506097062104789               14
  0.93597421381702839               16
  0.77581389644990084               18
   1.1006787521712242               15
  0.74742921767077886               23
   1.1142362792615879               16
  0.82566978550811299               20
  0.52267182966551018               22
  0.84021326034033705               21
  0.41647724841623934               18
  0.82146021579744621               19
  0.80445283616800523               21
  0.98028503337861461               19
  0.98344398197936267               19
  0.63804317575783775               22
   1.2252155055029708               18
   1.0319051563265771               20
   1.0171920085763362               16
   1.1690499521331035               19
  0.74903189666001535               23
  0.82971740803841432               21
  0.97073607292874675               16
   1.0429657642338095               18
   1.2497323215438125               18
   1.0649675993314227               19
   1.3138482745585593               15
   1.0822345221454304               19
  0.88873339603554280               21
  0.81970629484713287               16
   1.2193840795169129               17
   1.0114318502089028               22
  0.97218064419744410               22
   1.0818763619717389               18
   1.0977697263693997               16
  0.69428922048736730               21
   1.1142996340534514               16
  0.98035085345847117               15
  0.99160174420957969               12
  0.93658631847261264               15
  0.98135853197882439               17
  0.64009589308067505               20
  0.72416408350508843               21
  0.75419319673751029               20
  0.82000282813774450               19
  0.88164074210455945               16
  0.67976785465029932               22
  0.75111438388833185               22
  0.94913032919209761               18
  0.93702040939937159               15
  0.88043532897351773               18
  0.72005518105937261               19
  0.74748643492577527               18
  0.85934825453655928               21
  0.82779506174816642               19
  0.60464790907415500               20
  0.90617701774379045               17
  0.88478499813683253               20
  0.90608686962278173               18
  0.90382485864833828               16
  0.87577062050175403               19
  0.82092291786692240               18
  0.87921241768877922               18
   1.1435641912536467               18
   1.1212007671498689               20
   1.0208736661693132               20
   1.1948707538428673               19
   1.2885687313770720               18
   1.0539669289942453               20
   1.1792301031566859               17
   1.2231636832994457               19
   1.1141334372663900               17
   1.2997566617463909               18
   1.0789435050124523               16
   1.0971925849657618               18
   1.1615966696996232               17
   1.1344146849267778               19
   1.1334060297209352               15
   1.2288882179254099               16
   1.1892730383887045               13
  0.97633347729060627               21
  0.96090143258199590               20
   1.0488948612396658               15
  0.92159424734889317               20
  0.86118503714394867               17
  0.95255235895691215               22
  0.65751097903299216               21
  0.81869985254271194               22
  0.94736376105437003               20
  0.94813975223405411               15
  0.74810297469616371               19
  0.87900513254598511               20
   1.0416435335737109               20
  0.78389880006180424               18
  0.78454360424721759               19
  0.77627862793734603               20
  0.87258154593870463               18
  0.93628536142741503               17
  0.62437463077742628               18
  0.66128230987997749               18
  0.80488278909549249               19
  0.86244717437960949               21
  0.96085658425624165               14
  0.51353213892736138               18
  0.80398837350463459               20
  0.95273346580095808               15
   1.0483740431665918               18
  0.55571995649125350               20
  0.72879449805923080               20
   1.0444026337802803               15
  0.89204832853807858               17
   1.1359658224345084               19
   1.1206090947463760               15
  0.92293950894694521               19
  0.98444114213361378               21
   1.0944796615085508               15
  0.91024374334778158               20
   1.1810802712123449               16
  0.88511969742712160               20
   1.0190600665290483               15
  0.91490447018149779               21
   1.2201974117904097               19
   1.0597946691009987               20
  0.94224676704400734               20
   1.0436028268464610               18
   1.0240596073533550               20
   1.1822930046918074               19
  0.94551782596435974               20
   1.1452619744355919               17
   1.0262577534314852               19
  0.91681548285540426               19
  0.81435987460690407               18
  0.88455276516223869               19
  0.61959850602536981               19
   1.1189080135189351               16
  0.93885489724696303               20
   1.1130435738821745               15
  0.64712554958242641               16
  0.67539856875822901               22
  0.82965951537745763               20
  0.96510517209255142               13
  0.98366706481003885               16
  0.85488622663007441               17
  0.71931996690968103               21
  0.89201168359311556               16
  0.67153706809934544               18
  0.90696696818962830               18
  0.44286408868819088               23
  0.96392425323408515               16
  0.59074248748538138               19
  0.33305064551244806               18
  0.49257134375213874               24
  0.77504857649544390               19
  0.98198434786605671               18
  0.69702260141486450               20
  0.97560788636144746               16
  0.82965676468549387               23
  0.59612449691498459               22
  0.38754776383640077               18
  0.98166224888385734               19
   1.0023882139595217               16
  0.97214002300652769               17
  0.47914125647735667               23
  0.98835355509506817               15
  0.99105843845884967               20
  0.74424344372229423               22
   1.1699493047115606               18
   1.0036480037228384               20
   1.0082030709637375               18
   1.3008296018995691               17
  0.94386237017676555               20
  0.94473949042996730               20
   1.1877567096946071               17
  0.97433044759523790               20
   1.3123144453411066               14
  0.67280700037404650               24
   1.1899518164603324               18
   1.1528631484616543               15
  0.59207052094816148               20
   1.0690178991813295               19
   1.2771946004007459               15
   1.2322017401377376               13
   1.3357524648364680               16
  0.97961629705316500               21
   1.1656390984525045               17
  0.58480904614400642               21
  0.80089619078917351               17
  0.56667410971087517               20
  0.76204888390106185               22
  0.78027026840976244               20
  0.80730436779644510               21
  0.90199217325819248               20
  0.82626050897781689               18
  0.84047879070106268               18
  0.83112564465592398               20
  0.65291051856204851               24
  0.80462595409438020               18
  0.71282111828789652               17
  0.59436942234126089               19
  0.90241500514777007               16
  0.79885446952059036               21
  0.72848142896522672               21
  0.90372530194429601               20
  0.98338359159248390               15
  0.54752477359052010               17
  0.77425345188849404               18
  0.89424998164003899               18
  0.78629424437402484               20
  0.61433799045466808               21
  0.51074533399746080               20
  0.66250965840413711               23
  0.87080874158864086               16
   1.1536333392492759               19
  0.83946740148034460               22
  0.80147755432407863               21
  0.79979567091118220               22
   1.0725345266907160               16
   1.1518483506910813               21
   1.0609297836385758               19
   1.0730484664759756               18
   1.1123776566051613               18
   1.2285869231879079               15
   1.2941276011635734               17
  0.95802287143771647               19
   1.3104703594351181               15
   1.0146734207473653               19
   1.1975567507726297               14
   1.2349531292237848               15
   1.0306365753371818               19
   1.1774312067573309               17
   1.1848387146694361               16
  0.75358838364341429               19
  0.96879546855767784               21
   1.0017966532354177               19
  0.99929026758911577               15
  0.80279614351550643               20
  0.94230740729581519               22
  0.90491858100695932               16
  0.72395874695531115               20
  0.87851028810312404               17
   1.1880076198670162               13
  0.72666848212587298               19
  0.98947947356415944               20
  0.85742869380394382               20
  0.91208037181897283               18
  0.43674135724750551               24
  0.53233300842823039               20
   1.0184924151895511               15
   1.2418077061856780E-002          22
  0.94624521693066577               18
  0.43280696027955101               21
  0.96639189103214962               16
  0.43786805850109706               20
  0.57643455477729344               20
  0.77976554489493399               20
  0.76201183558145302               21
  0.79697574588275832               20
   1.0702469310519216               19
   1.0085375645454924               14
  0.57694006098842210               20
  0.56817115978205746               22
  0.96628986397873862               16
  0.53118211236713408               21
  0.75925497950451659               23
  0.67625522515088166               19
  0.80617363561829858               20
   1.2149703371377099               20
   1.1036725152009534               18
  0.88823416782953202               19
  0.93372029731339945               17
   1.2139006812149959               21
   1.2869402444356113               18
   1.3369119639948557               15
   1.1688113444968353               16
   1.2902330137656712               16
   1.1114747135741230               17
  0.99894835111620950               21
   1.2430513364555285               20
  0.95364923924567213               22
   1.1414147188111272               20
   1.0386286800824849               21
  0.95452912166756909               22
  0.88497458510302862               18
  0.70844035805964289               21
  0.98783847338034203               16
  0.71707076941977232               19
   1.0655288698793544               16
  0.61830484114330875               17
  0.72939907220166622               21
  0.77747027734460217               19
   1.0975990090435357               19
  0.51112663198655484               20
  0.80900506974366915               22
  0.73869219066987524               20
  0.66537782831033521               19
  0.81591567096929962               20
  0.77474966015391544               22
  0.63902180431975120               19
  0.38906667475250090               19
  0.75721392951691269               19
  0.37531587222629764               16
  0.41046240744993262               21
  0.77004439850865991               23
  0.67891552749474970               21
  0.70904920384816650               20
  0.56116921070901304               18
  0.76644589998033086               20
  0.71919950686616307               21
  0.53301614120412344               21
  0.91922134263088873               19
  0.70728396181613540               21
  0.86319634975329196               18
   1.0811952214903060               15
   1.0278741267965652               18
  0.65484357778336511               18
   1.0035450231420129               18
  0.96335993185719171               20
   1.0036572724489332               19
   1.2298238293586579               17
   1.2436264174274561               14
  0.98214523043334478               16
   1.1248289348265388               16
   1.1226216668124234               17
   1.0775256340412924               20
  0.92740435380090369               19
   1.0217447960746751               19
  0.99507308649442328               21
   1.2213440716933472               15
  0.69312435897234637               22
   1.1040365584999088               21
  0.58785471167152081               18
   1.0479478113101963               19
   1.0741829017350966               18
  0.61432289561234188               22
  0.63551854565348509               21
   1.0315026971591279               13
  0.84885389633767183               20
  0.49344311681207259               18
  0.67411475655360209               23
  0.84040414163118260               19
  0.60536412898818093               23
  0.93165316723819047               15
  0.90124787086463709               19
  0.96359075638839764               14
  0.77164632477453965               18
  0.93626286790731306               19
  0.83596288649846351               21
  0.69145047644337077               21
  0.37983554334851194               19
  0.32811721440196451               17
  0.93238587620408919               19
  0.71022535674379661               21
  0.55598566756054335               21
  0.62198014147571334               19
  0.67673083024381986               21
  0.57839068481605505               21
  0.83953378984396698               20
  0.65363504945263640               22
  0.79859758146390314               21
  0.56444133921847661               17
   1.0063354142003467               15
  0.72190237926241296               25
  0.98141743080335730               17
  0.82405962165246371               19
  0.78873951953363641               22
   1.1265452776326301               18
   1.0338117506192601               16
  0.70861806273042960               21
   1.2373100120113558               14
   1.0109602470220587               15
   1.0122973637446515               18
   1.0054523888957880               19
   1.2150159807680603               20
   1.1810764482908811               15
  0.88239968169156746               18
  0.82041797433263008               18
   1.1374976752354369               17
   1.1164790945216985               18
  0.90416759727622253               18
  0.97653746100288197               20
   1.3071862620819652               16
  0.96523643317797747               21
  0.57726648808301806               22
  0.86313043498804720               16
  0.90905670307400877               20
   1.0829148501356827               18
  0.61218078995336467               25
   1.0621193225816989               20
  0.85496360831102391               19
  0.42405981589237762               14
  0.79383356949539230               19
  0.82558381561817296               20
  0.97465734473154819               17
  0.95140433491118559               21
  0.70997221950116574               21
  0.89066422914827159               18
  0.44637687385235764               23
  0.51934377771211226               20
  0.53929765756446724               21
  0.72686405809269139               24
  0.49326010246306945               23
  0.66780201626684055               20
  0.31230367328182623               18
  0.43751846336227401               22
  0.75177054742677030               22
  0.47236931837463708               19
  0.64548147917745347               20
  0.68726656943221620               22
  0.51211412653521515               21
  0.92360001734936903               16
  0.64857118644198064               19
  0.86931486043659101               20
   1.2168886044381624               16
  0.96363044893039473               21
   1.0945171857508096               19
  0.98300124953713586               16
  0.63804380759591994               18
  0.85872943275548175               21
   1.1460281297335217               20
   1.2595131112495566               18
  0.97128908055114660               20
   1.1526135293616229               15
  0.86333447187787504               20
  0.76149490706155565               23
   1.0400724595917636               19
   1.1353451442751641               18
   1.2588494113021951               16
   1.0754008127313264               16
   1.1651281035784764               14
   1.0072955717258671               20
  0.94701450946332999               22
   1.2116495753390577               16
  0.85312855683113076               20
  0.84517767776768127               18
   1.0126304599114717               13
   1.0263386043204261               19
  0.76268371664288781               21
  0.75600132180168966               18
  0.75466947677101603               22
  0.89945987788369219               19
  0.45873524636494079               21
  0.41755720571803306               20
  0.79542146100436573               21
   1.0125247088091649               15
  0.88275882121991989               20
  0.86420114354762667               19
  0.37507567385911156               19
  0.43320893076249178               20
  0.47214369458182648               21
  0.59622124911827201               19
  0.58792322701763922               20
  0.78419278218492028               20
  0.69678432373397181               21
  0.43123947124589701               19
  0.88725555228797759               18
  0.74763902753607270               25
  0.81590364605298038               18
  0.87512308036276409               17
  0.78288788894132333               21
   1.0628768694966062               18
  0.52152805997293428               25
  0.99259553634647135               16
   1.1107089754515953               18
  0.92412038631554316               17
  0.59008322573757643               17
   1.0451351022434727               17
  0.74012151601305631               18
   1.1844200891542496               19
  0.94605698897470147               20
   1.1495534833379746               17
  0.86237426443738774               23
   1.1193047049267095               16
  0.88871643049732707               20
   1.2674348458027782               19
  0.82049862642495708               18
  0.90667124279659528               21
   1.0072288129446998               19
  0.97490094058165355               21
  0.79856772805498399               19
   1.0304173291384395               16
  0.65521710084926366               22
   1.0677314116010550               20
  0.95615794887618866               21
  0.84998394985578463               19
  0.96346366437881215               16
   1.1353332203012949               14
  0.57764654541333849               21
  0.44137911419478082               22
  0.14271446650480429               15
  0.94034256855234810               23
  0.75488231774442716               22
  0.73331141200805916               23
  0.69444637229577966               22
  0.59385001889737876               20
  0.86810482312608261               21
  0.74121688240129435               19
  0.86384614787536673               20
  0.29806976401464647               16
  0.72180176110081051               22
  0.46069343801695545               16
  0.90181989774608629               18
  0.78132851964561700               23
  0.53460114779222401               22
  0.25687568892202550               19
  0.67575514942228609               22
   1.0702416208081333               18
  0.96068076536967495               21
  0.66747798273262360               21
  0.90942115526786182               18
  0.73467683138288020               21
  0.90294222598743523               24
  0.62475717143289655               20
  0.61415807744325979               17
  0.51480719070226200               20
   1.1673491612495392               17
  0.80443915189197313               24
  0.80165498895667031               21
  0.68668860827679667               21
  0.89865276944702632               21
   1.1128214940429242               18
  0.82149532252318702               22
  0.87120311544936480               19
   1.2763600706548692               17
   1.3142666007839330               14
   1.1230591436094961               18
   1.1983529696317023               18
   1.1470724793822886               18
   1.0176735748578360               21
  0.73733297988316382               22
   1.0872106798161800               19
  0.75554141451087520               20
  0.75522445470599453               19
   1.0930110147967984               19
  0.92951535235430682               22
   1.0032765321127961               19
   1.2525608448012446               13
  0.34060629956144051               18
  0.82000003228661111               21
  0.65241747007374284               22
  0.75767281048572721               20
  0.89565427195608860               21
  0.67613736370883859               18
  0.74312329559752444               19
  0.26620781521815312               17
  0.49590193773824676               20
  0.72679534882931196               19
  0.60254060940716669               19
  0.63878303818447579               22
  0.68658610038863621               21
  0.43906226218899758               22
  0.43114584609100093               19
  0.30650252810474476               18
   7.9343973528564440E-002          21
  0.59006505129679465               22
  0.54526465765759979               19
  0.63100968112932310               19
  0.40102484207081324               22
   1.0640445961904681               14
  0.54457637797810887               19
  0.95242960098960439               17
  0.94729457277401563               21
  0.97601286704098467               17
   1.0264238250279445               21
   1.0124338887034083               16
  0.85459520519589394               21
  0.90000375798179066               20
  0.86873437656546881               21
  0.80607338260733485               22
   1.1306914120083593               16
  0.86862931345491434               21
  0.73147959510447824               22
   1.1590398449349111               16
   1.0655254007253279               18
  0.91100787340074108               19
   1.0069692886425279               20
   1.1196373589246535               18
  0.76232508660293008               18
  0.91129614872427300               20
  0.87193100642202648               17
  0.79816396651379873               22
  0.71546232941839816               17
  0.86645689378534529               17
  0.51347921512884709               23
  0.70874554307979032               21
  0.90005385798682191               22
  0.84537848953312167               16
  0.73787646323642697               18
  0.83823376871083499               22
  0.66267729936926900               23
  0.21807981571809293               16
  0.74126713856087423               18
  0.31760252145452678               19
  0.45471205748680710               19
  0.46853075891299845               20
  0.75781602630753908               24
  0.33049307784236320               16
  0.51977063295315995               25
  0.41111166830725898               20
  0.58733312093005285               18
  0.55297059430951045               22
  0.31293365804865064               20
  0.35432409755125538               20
  0.75920304989492915               21
  0.54914978153781657               19
  0.73665225240263821               18
  0.81091996769501373               21
  0.57552540551986486               23
  0.46729801296398277               16
  0.69472070383674167               18
  0.72075931815125016               21
  0.67693443318276125               23
   1.0053522798405536               16
  0.47450603287112447               20
  0.93901170043591642               19
   1.0350367460079410               18
  0.75264396723116467               21
  0.72088097483428293               18
   1.1855724204119549               15
  0.60832626268433787               20
  0.69312033647968163               18
   1.1290384371547320               18
  0.81776138372045160               21
  0.84658842064867890               23
  0.82817251792445268               22
   1.0567691312601577               22
   1.0539159564831295               20
  0.80322654585910791               18
  0.87738016273176178               19
  0.88946969236064377               20
  0.80842722855562932               19
  0.82927953075351624               20
  0.93114375299144070               19
  0.69288641435998810               20
   1.0016558228471730               20
  0.24215200770925277               18
  0.49154300553018848               19
  0.50333557603290613               23
   1.1273537538517118               16
  0.66341455298196572               23
  0.89626704926270240               21
  0.41399157054969871               23
  0.59066368024681615               21
  0.74758122693723550               23
  0.66044605215346486               19
  0.48451087060203546               16
  0.16879387592050762               16
  0.51926147039769011               20
  0.35141501739391046               18
  0.56361499876010568               22
  0.91497386786476076               18
  0.71131313847415556               19
  0.21958329331493678               16
  0.36905417702460908               20
  0.81212436287648881               24
  0.43814231887124827               19
  0.56075884566857470               21
  0.84617533323462168               20
  0.46100616610850109               21
  0.58803232235040948               21
  0.96534264653958746               17
   1.0646194073831989               17
  0.77706724768242297               22
   1.0643159565555802               18
   1.0303224491088718               20
  0.72074912199563856               22
  0.83748038666897040               19
  0.80635031137980506               23
   1.0099213861980896               21
  0.83840468977568494               21
  0.66733075462917746               17
  0.97716064550788784               18
   1.1191117959781947               16
   1.0752367428417033               19
  0.81725483461117987               21
  0.97923114526521593               17
   1.1682042977595104               15
   1.0100007775419013               24
  0.74651937636207866               21
  0.86569482744126336               18
   1.0908330343007846               18
  0.31935523783436526               24
  0.73513785669732923               19
  0.84333329820230885               18
   1.1567557520146170               18
  0.64171182385633030               23
   1.0888576774215044               20
  0.61988499770666439               18
  0.56333707345077821               19
  0.79286975302996876               19
  0.52248017077140718               16
  0.69375459788388161               21
  0.53116212457538803               19
  0.34368355970412467               18
  0.71436287839076351               26
  0.46935465747367972               24
  0.40349965688671147               15
  0.50245554157281325               21
  0.66352967196978840               21
  0.16034514130817432               20
  0.63528455104130255               18
  0.68046541372014291               21
  0.34161352184541022               18
  0.52689917354080984               18
  0.35292488689076346               20
  0.21349703651322086               14
  0.81203301768982161               25
  0.39421513308085754               17
  0.60889253857854486               20
  0.74100085040358399               20
  0.93085152756877809               22
  0.36472416594712520               21
   1.0177002493887310               18
  0.82090693657130021               21
  0.66856820851471499               21
  0.41634124994493010               18
   1.0247730675102962               17
  0.82812849581573900               20
  0.84587846353985641               20
   1.2159048292761341               19
  0.66020824306607917               22
   1.0101396058746943               15
  0.92056462331517797               18
  0.85060147011266474               20
  0.75040064479759838               18
  0.93023050549386133               22
   1.0227349653081634               20
  0.93071255793094354               19
  0.95372948995145579               16
  0.86627263664592891               19
   1.1145339684339695               17
  0.72643477543561075               18
  0.64333676083299618               22
  0.58024685485944083               20
  0.91741763401455112               20
  0.44757460611229938               21
  0.62650769949542684               18
  0.92977491416517377               15
  0.56307869871306482               17
  0.65224030700740510               17
  0.57395448261579618               20
  0.61767826439787410               22
  0.92716354925726863               21
  0.36823242114371235               21
  0.41637324833551687               16
  0.62337631687021311               19
  0.26678921012909851               20
  0.39114749007512939               22
  0.58226587333113566               19
  0.70420774715006029               18
  0.46429958706070684               23
  0.53799518681774483               19
  0.35395949636539725               22
  0.80329258374458434               20
  0.41538047182446264               20
  0.60098333979340302               19
  0.79755656195748692               22
  0.65163264552582678               21
  0.42877459443500204               19
  0.46141393782879780               19
  0.59449132939865112               19
  0.68021821336000532               22
  0.73820207794190151               20
  0.69579062594271601               20
  0.83935966094756598               18
  0.75225355480560308               20
  0.76866495821629299               22
  0.96958298610404503               17
  0.50484126763047388               18
  0.33761014983364485               20
  0.80244244686085897               22
  0.95424659331342476               18
  0.95697895596437355               19
   1.0684695564889277               16
  0.88891371953332710               20
  0.64928066260408313               24
  0.42432040879595717               18
  0.71279942251761075               20
   1.0813697156121977               17
  0.98597335608903436               21
   1.0367203262851681               21
  0.53316787663194731               21
  0.79464215192087606               21
  0.72730359966632185               21
  0.72020173564567636               17
  0.39608356727996480               21
  0.44727322748198045               22
  0.47871982270517377               18
  0.48457708233811336               20
  0.60994777050773352               23
  0.66698513795034520               18
  0.41559024471261696               18
  0.67575902719901793               17
  0.58078131214759876               19
  0.51648212248339365               20
  0.24557189036667479               18
   6.7809006008825209E-002          18
  0.37826469889118802               20
  0.26428503959020300               17
  0.60650910849661133               19
  0.38387096288942424               19
  0.39703274729355831               18
  0.44670448265546114               23
  0.25091635651689748               17
  0.22991545683262549               17
  0.31958047479206286               19
  0.88603263181981706               22
  0.35374882565670457               20
  0.74587902774009585               24
  0.66960184707760406               21
  0.66982201204277847               21
  0.60492159156239977               21
  0.90141731786885781               23
  0.34200457005725038               21
  0.72231097066734207               21
  0.40034804779549604               21
   1.0658023798056957               16
  0.86728011724193721               18
  0.80617959765682290               19
   1.3516794089328901               15
  0.75250320352274669               20
  0.89021160497069729               18
   1.2287089783991236               18
   1.0525547093506584               18
  0.97667569705099000               16
   1.0558771683244519               18
  0.98904399314245173               20
   1.0997746533104393               20
  0.44812713111092933               23
  0.91251274801880877               18
  0.64324207295052060               22
  0.71657293141392320               20
  0.88392955666855155               20
  0.72383323458406834               19
   1.0223241577236479               18
  0.70668038704558034               23
  0.37167604010055905               20
  0.68364432657979257               20
  0.10255813569898653               17
  0.86976411002490073               20
  0.60970289216310214               18
  0.46577671523776343               19
  0.56885018142935739               18
  0.52187382434670693               21
  0.18404034157388635               19
  0.51500154406641452               21
  0.56376682260425126               19
  0.29182391843349414               19
   9.9373023071692088E-002          16
  0.49522898175089941               23
  0.64398741107934165               18
  0.19608731812478661               16
  0.71583459579130848               20
  0.67863124110215178               20
  0.51835697741326736               16
  0.39600824400007800               23
  0.32762636731591754               18
  0.71098875735485823               20
  0.56396309892872643               20
  0.83282732150314587               22
  0.92624318051172105               17
  0.28305819903927182               19
  0.58650884488383881               19
  0.65761745322768816               20
  0.63150554524823788               21
  0.91769580328094058               18
  0.88111699847493652               20
  0.78065461486718901               12
  0.97834053753539241               18
  0.70921275861310695               22
  0.62067511897727445               18
  0.63123780014493347               22
  0.93498149685031617               21
   1.0209443640197318               18
  0.88879713443237618               18
  0.92287916645195189               19
  0.87551893158835503               20
  0.78236736910776605               15
  0.91377287064725965               20
  0.71528869566887099               17
  0.87166819227706493               17
  0.96556215920088873               21
  0.70940145481553096               17
  0.86085542759737410               17
  0.76728580731545015               18
  0.37069665745235464               19
  0.57136836463820728               22
  0.38520660306427978               23
  0.48589680107432726               20
  0.52568108386390811               20
  0.61446207743635373               25
  0.35681954142034933               19
  0.26315226541426917               19
  0.21401843873861548               15
  0.72102835381757113               18
  0.69070957328380211               21
  0.21140139238296310               22
  0.17192984536441894               18
  0.52453263249109894               18
  0.36516906225535656               19
  0.27454849599161768               18
  0.64634867468948165               21
  0.45487689421545602               20
  0.55561149563511747               17
  0.33642733769595229               21
  0.17740596672400438               18
  0.27359590329700972               18
  0.78481022152612268               26
  0.72322527995306773               18
  0.46575735512307370               19
  0.30975029947707722               20
  0.50991174006025464               18
  0.43147721817669116               24
  0.82762944102458902               20
  0.89438268193072112               20
  0.77343453680238294               20
  0.69474763142143081               20
  0.96185536648952086               18
  0.75181621457196801               20
  0.92770764958760443               18
  0.87407601942792723               20
  0.96312361315915118               19
   1.1684772290182237               14
  0.95186514257031762               17
  0.66229708974884893               22
  0.65453988656528939               18
  0.79371402220088538               20
  0.76320397610765400               23
   1.0170474709576991               19
  0.82692168122747889               20
  0.86417257233326339               21
  0.90637416501716206               18
  0.51984721481768970               19
  0.57233128546012979               17
  0.78595831855684384               22
  0.59040902026968700               22
  0.70175183559361365               20
  0.88221402684475425               18
  0.55239632422676799               21
  0.55835990978977390               20
  0.71955319256980543               21
  0.61203837990685050               19
  0.55473315854178362               15
  0.16452313095992402               17
  0.15070794700415954               16
  0.59920660568974082               17
  0.70795118922935374               22
  0.42431769580761092               18
  0.43847649946466455               19
  0.11865580244759173               19
  0.32434283014159104               19
  0.49364700224771452               20
  0.53265861474323828               20
  0.24827742434470373               15
  0.19517640299308925               16
  0.30558128444120036               21
  0.66842094846687139               18
  0.46217978825290801               20
  0.92637252797504555               18
  0.54126951159765380               20
  0.65929747022432617               23
  0.95868128206085890               18
  0.93255725728840699               19
   1.0136765911000349               16
  0.74334323471025721               22
  0.76342566917438315               23
  0.78650305304210633               14
  0.94977908432100755               17
  0.85514052723815215               23
  0.99178405537342862               18
  0.60104664299235699               21
   1.0475638343774347               19
  0.91462758881453454               18
  0.79104949053689511               25
  0.51155004154085115               16
   1.1783683341420286               20
  0.76758708290888689               18
   1.0351840828463978               18
  0.98775767402460235               23
  0.65607812548131361               17
  0.88016424723244457               19
  0.66657981244763465               21
  0.70724009887912798               15
  0.41099525903199985               21
  0.37868065565105913               24
  0.57432798521540318               20
  0.40897312459601082               20
  0.63550819245497492               16
  0.77369282215232393               21
  0.39056041912173250               21
  0.69712940451325867               22
  0.48704075094043803               21
  0.29499149617338000               17
  0.20531357770418573               18
  0.56609149489571620               21
  0.52633999781425655               16
  0.29148898570344245               19
  0.39019870882977797               20
  0.49465066075283742               22
  0.37168159727099437               20
  0.14236792124348110               18
  0.51215815134612575               18
  0.60634006732868539               18
  0.35502422162849889               18
  0.36381492926067671               17
  0.52752472206064094               19
  0.27143905376943867               20
  0.65467167977173257               18
  0.28229975350095921               20
  0.56933020812842439               18
  0.37759467904901506               20
  0.72055486459567830               23
  0.34541709695201567               16
  0.72355503291504941               24
  0.53511095358195426               23
  0.85573344420658193               20
  0.91297150366065172               18
  0.67851358658691563               20
   1.0507597751421547               15
  0.85377021394918540               21
  0.70651288335537565               20
  0.96394465971830245               22
  0.91254891181893538               19
  0.99250858329464997               17
  0.89280709823274018               22
  0.62061995089148692               23
  0.83910905700500948               17
  0.66240886342165828               19
  0.84507702497351767               17
  0.95893429614101389               15
  0.50711901127279557               20
  0.64948403052202763               18
  0.28870368393030299               20
  0.54703595863250598               18
  0.27967017725313731               19
  0.53111289780782656               21
  0.43077198767504821               23
  0.59732716981402290               16
  0.77591858946100911               16
  0.65837145276362385               20
  0.36469622268757429               22
  0.48376613995797296               16
   8.3878647835035014E-002          17
  0.44871586184694523               19
   8.3381785703598929E-002          18
  0.22153928743274925               18
  0.42205965505126569               16
  0.19049247889181486               22
   2.2273752715192916E-002          22
  0.29726745697612983               18
  0.56469853077528731               18
  0.31604275560858125               18
  0.28046921676746389               18
  0.20466044779550427               18
  0.17992959504675621               20
  0.82234664541451596               17
  0.50796984271650925               21
  0.24413311795034354               18
  0.57819287299335831               19
  0.40046287569053757               18
  0.59034720169732391               21
  0.65632886292988657               21
  0.59868285618165251               20
  0.72523497489130428               20
  0.53528853660715969               20
  0.65500952810750768               18
  0.51808425313854067               17
  0.71947307225889479               19
  0.85347083316148276               17
  0.64785311996808193               19
  0.95174565664887623               18
  0.95415929192896898               19
  0.94090306456845241               18
  0.96066351501666569               18
  0.85117514653240367               18
  0.93014451692129696               15
  0.80329111633925288               17
  0.67078311377540378               16
  0.75614755122424926               17
  0.71885159414041477               19
  0.57778388820603876               21
  0.84155231241100881               16
  0.92285761063944161               19
  0.64510992826780122               21
  0.67056764676793146               24
  0.77670035431638162               19
  0.66685525018164327               16
  0.50054279338806940               18
  0.86105262764527302               19
  0.73896676457843202               19
  0.32735823850398865               20
   9.2875740490293138E-002          23
  0.18137680648640592               21
   8.9690270720127835E-002          17
   6.1715188616961611E-002          22
  0.35994707728947933               21
  0.38100692721754964               21
  0.53369032428078533               20
  0.11109125088303651               18
  0.59009178580150146               18
  0.36097605735145449               19
  0.37435765863738296               17
  0.34301029583529841               20
   5.4666722659972432E-002          20
  0.46688451425431643               20
  0.16221689485504309               24
  0.40834892183324306               17
  0.46380701357224402               16
  0.45332110616777926               19
  0.54561505425654100               20
  0.44280339101481192               18
  0.33063482090608581               19
  0.31457525115283591               15
  0.88860650387549256               18
  0.47565666440324467               19
  0.48037241253149587               18
  0.79716666539710157               22
  0.87519070713668912               20
  0.78918152544245868               12
  0.64715250660132717               23
  0.86551713614349657               20
   1.0271948132174329               17
  0.84751842278281264               18
  0.80732059409220946               19
  0.90256494433047696               18
  0.54377977246486608               18
  0.57194807169434192               18
  0.85131830126925390               21
  0.82028148559805503               19
  0.82956592732901935               19
  0.37867212237053055               16
   1.0190037349813421               18
  0.81966836741673110               19
  0.83302800830229884               19
  0.95032764517790280               18
  0.25520459966966103               20
  0.96095805241352339               15
  0.69424781744675446               16
  0.95979364376271548               16
  0.63171691511511052               23
  0.40124463910874031               20
  0.53063181530184966               20
  0.55668889447657333               20
  0.40631690623060063               17
  0.53970393362306845               20
  0.38720054808281296               20
  0.10815716237687542               19
  0.15008447901202818               17
  0.12542503080970016               17
  0.14998749227051336               19
  0.20499805559633338               22
  0.23229362802080988               16
  0.28695462595677157               19
   6.7368548346433049E-002          19
  0.29789688716570256               19
  0.37504067565721705               20
  0.22054233726079500               18
  0.40207777410146983               16
  0.59001177273960626               19
  0.55359807926287918               19
  0.34811810652235714               16
  0.64308737984452635               20
  0.27589520020265196               21
  0.67007178381001675               21
  0.62684746264299473               18
  0.57080460236613606               21
  0.46287295788423793               15
  0.62758445931175866               19
  0.83470325447675053               22
  0.76520986268125368               19
   1.0996723605357444               17
  0.85003324964020077               16
  0.79246689155913563               15
   1.1057277439798150               18
  0.40152917836831864               19
  0.94127017612194130               21
  0.84144844942996355               20
  0.92735866275276269               14
  0.84447709971868623               18
  0.90482943288714157               20
  0.98124584936796855               13
  0.76362631551146865               20
  0.66026928603060964               18
  0.53549590266387037               20
   1.0869312131729802               17
  0.21412917541645904               24
  0.66294864530192799               19
  0.79119843877135076               19
  0.46157086813003539               24
  0.30691104553127813               17
  0.57573500661612842               17
  0.62713007669104304               21
  0.35851459498095228               22
  0.40372786490153528               25
  0.50863926848309871               17
  0.23955727650814726               18
  0.20775645115105876               16
  0.40772020615970950               16
  0.46446195326530199               17
  0.23430569364019016               14
  0.15265006468811651               21
  0.19420283934642329               17
  0.39121772460395704               22
  0.18265316605975992               17
  0.67824154057635189               17
  0.33676724302702010               21
  0.59575434468201061               22
  0.79340758941594636               20
  0.47315220720789508               18
  0.14409608762771306               20
  0.38423621618669190               20
  0.48772641581719262               18
  0.67815541726452300               20
  0.82673730388932820               22
  0.68621796675142854               19
  0.32098120239261163               20
  0.71709793718293680               17
  0.82951251162007000               19
  0.80377533845810967               21
  0.84790056293075378               21
  0.88215357234007963               18
  0.73886912966546536               17
  0.61696919995435306               23
  0.89809618305755756               19
  0.56210019879870432               18
  0.81641030306149409               17
  0.68531990492963568               16
  0.84123668615113634               20
  0.93744363129721553               16
  0.96287774191965414               16
  0.58661427568460345               22
  0.59599237347197254               21
  0.68352231489370419               20
  0.76549630372951216               17
  0.48580960135118506               21
  0.29748574408308431               17
  0.57348826824267418               20
  0.47617709127826596               21
  0.72192467607219524               20
  0.23728587406618601               23
  0.68754159069966214               17
   9.8442851178202097E-003          18
  0.47308148272617878               21
  0.31544579444569698               20
  0.55426593361683540               21
  0.32572199666858820               19
  0.44225730580908601               21
  0.52476594265596788               20
  0.23429339794526888               17
  0.17011304034777797               20
  0.62979696551628872               21
  0.22961899240390271               18
  0.31839579370278298               18
  0.48615990140000009               21
  0.18502319217967256               20
  0.13112811970367047               21
  0.40833931873441459               19
  0.32278562954291878               19
  0.25334391119049443               17
  0.33847092531796685               19
  0.76392626437698785               19
  0.52329365811509221               20
  0.40116508383635574               20
  0.83246985449683097               19
  0.32620387506301363               19
  0.59483575880422634               22
   1.0063171448833510               21
  0.58230281091582581               21
  0.39905574083915363               20
  0.88288668635416812               21
  0.80365794037838867               18
  0.47667831915313102               19
  0.87374700650955472               19
  0.93026288200696305               19
  0.95779026710078830               15
  0.72989558823096079               19
  0.88881020134893263               19
  0.93098935277479555               19
  0.99473348758345337               17
  0.66469513721260443               21
  0.30719384367126251               17
  0.54217152003960756               22
  0.58718633970634448               18
  0.64334460074596167               15
  0.66625481151250876               19
  0.70379231103236295               20
  0.47974577312638356               18
  0.25052810103128903               19
  0.55214323881615957               21
  0.61210559709286438               23
  0.64280396325570999               23
  0.62561259827618765               21
  0.15567967453896805               18
  0.60014037576534396               20
  0.19039605574620838               16
  0.10426355320916195               18
  0.28305004161928032               22
   9.5272098378478637E-002          17
  0.28248329938625583               22
  0.35849584621474251               19
  0.20866687694734909               18
  0.47570618367607537               22
  0.29514843899278681               22
  0.52691063208395450               19
  0.53780078891503125               18
  0.35989973425818778               20
  0.24587237857275682               18
  0.29845831730759526               19
  0.35440843926023258               19
  0.32893203244622043               21
  0.58318120930502160               20
  0.26378763170440356               22
  0.13863698292878956               18
  0.63975956836738934               21
  0.21042516954685761               19
  0.57229346929423108               19
  0.74582663033897811               21
  0.77992294055618316               20
  0.80958006348612144               19
  0.99066612296869494               16
  0.95289307005195567               14
  0.79423096182498032               19
  0.56313263249767787               20
  0.98011241609755073               14
  0.59436675239569159               20
  0.33382795347102362               20
  0.94645790866419433               21
  0.78346984834610800               18
  0.82537480447027989               18
  0.84586475377354076               21
  0.54548755734350785               20
  0.68062108255957698               15
  0.68525384749820861               17
  0.56303651088076201               20
  0.53518303612447315               21
  0.82747966609966983               20
  0.73275233172835852               22
  0.30539316104479974               18
  0.49683470920432471               26
  0.75008238110532477               19
  0.30027795604683372               20
  0.45909381789054921               23
  0.35884174184649947               20
  0.21280834886193220               22
  0.47720487580043314               17
  0.53643446177407816               18
  0.46585847521741686               19
  0.24464048855238324               19
  0.52780221211780587               21
  0.16472098876125735               20
  0.48376717879452424               21
  0.10778540151817317               16
  0.18313950957515365               20
  0.11283693813901012               19
  0.45598043803491173               20
  0.61178072240513859               21
  0.10718443939664449               19
  0.41165174367536322               19
  0.32320576348589053               18
  0.61687405241988458               18
  0.40225915576018356               17
  0.31358717354158200               15
  0.56894863773882398               18
  0.35372607129898492               21
  0.35640921055381408               19
  0.71344522853457648               19
   1.0425077052198677               21
  0.76631387256818129               20
  0.52751284181414115               21
  0.87516432391222065               18
  0.79457008140201690               21
  0.75530505720845709               15
  0.98090258746806358               19
  0.83153288201945075               17
  0.60167082675344674               19
  0.59891515719270128               17
  0.96481706747690255               18
  0.85559482335904269               14
  0.93463491164670087               15
  0.72173701666116785               19
  0.65199254221849268               20
  0.92720770258928176               22
  0.44726385948817532               19
  0.52817544290737495               18
   1.0597622429890983               17
  0.26809077478227228               19
  0.30270267136662427               20
  0.47012963644868944               18
  0.35785786218673493               22
   8.2432443319251786E-002          19
  0.40717335244193753               22
  0.44407156841262235               17
  0.67541778490615723               20
  0.34903946342007430               21
  0.64071173755128130               19
  0.40397198927974970               16
  0.10640370222299295               17
  0.24419986551183731               18
  0.22228832754352978               17
  0.40084233008491565               20
  0.34711621261346914               18
  0.40168631760394841               17
  0.15300005432869826               18
  0.24801006616629614               19
  0.40513342765765531               19
  0.16571533939283672               19
  0.52094263549636932               19
  0.11775496121217062               19
  0.48318148480335860               19
  0.10995382495766473               19
  0.53126302681690185               18
  0.14966830673405293               22
  0.31654790466077470               19
  0.43715322482548896               18
  0.58482533429002748               23
  0.61241079154168709               23
  0.36002299104131030               18
  0.79474036050254226               20
  0.69468196329513854               21
  0.70313993937766250               18
  0.98498168559660038               13
  0.93581283406027360               20
  0.94064023026516941               19
  0.71809924229772903               21
  0.82479730480938973               16
  0.93453317529100777               17
  0.81929817140660033               20
  0.64209315199390737               19
  0.71692401432585995               17
  0.73790758834275039               17
  0.81264534785631848               22
  0.78878926117724291               22
  0.83971759713445415               18
  0.82371996690553195               17
  0.75542863594557119               17
  0.84037989208610886               18
  0.78422244692959842               19
  0.45717707539460201               15
  0.56232824458387209               17
  0.14852806462276893               18
  0.44931764625276360               21
  0.36878190564020963               18
  0.31843095071893990               20
  0.74946630719120400               19
  0.46953027303570244               23
  0.50868986140460881               18
  0.23615559442516504               16
  0.30267030272309614               18
  0.47450808376463810               18
  0.50426065479944671               20
  0.32702762695852206               22
  0.19925765368195397               20
  0.49515087513296258               22
  0.50513238484632150               21
  0.28252548177539738               21
  0.48336252694860266               22
  0.72169199704552400               16
  0.40943201610868751               16
  0.28657329308156754               20
  0.32557385143354206               23
  0.46988338029873866               22
  0.55081850170908142               20
  0.90226147281292024               22
  0.22789206787112479               17
  0.88113912838878106               19
  0.92188821344278427               21
  0.68561497596401622               17
  0.91543643797083241               21
  0.72835032514988152               18
  0.76452057450015098               18
  0.77069915083112139               21
  0.90165096180019688               20
  0.89330114528360849               18
   1.0348261222802464               16
  0.73023268831135368               17
  0.97214432109714466               19
  0.88410189910750259               17
  0.93845302683647114               17
  0.94268894469213638               15
  0.85050934468217287               17
  0.79365463968975281               21
   1.0458594301687252               19
  0.79948700353265112               17
  0.88259281815312640               19
  0.41188730325729367               16
  0.69610565920656453               20
  0.97361059815842199               23
  0.59166827092503349               20
  0.83101775024449176               20
  0.90002530983254059               22
  0.74477864011664219               17
  0.41189205531830103               18
  0.63504067787480778               17
  0.56474403768140558               18
  0.21564882404345673               21
  0.35771063336635717               20
  0.44766173916104640               21
  0.21384591085043658               21
  0.26796672800168486               19
  0.57480939479406290               19
  0.18136215540988782               18
  0.26218746238206603               20
   5.3711322846990935E-002          18
  0.34576265211156010               17
  0.30838292723129451               17
  0.40937589882336595               20
  0.21886500523285490               18
  0.23332241727310091               21
  0.40518073587985715               17
  0.40662080910156040               19
  0.44954216378269085               22
  0.54986506162016080               19
  0.50211731800075143               21
  0.33574306345091726               20
  0.95560111228520284               18
  0.68183682356049413               22
  0.87653089458433164               16
  0.52896027178412874               19
  0.88672552552087025               16
  0.91952911767808476               20
  0.91755856441529771               22
  0.59976196642737567               22
  0.74714935528095372               21
  0.82952795126788292               19
  0.50416595511974416               18
  0.78138226870940974               20
  0.95890493607023852               20
  0.85033050210893724               19
  0.95993374203648929               19
  0.90040761962171323               22
  0.69788836382232666               21
  0.91216386153644047               18
  0.75007967940758491               18
  0.88024315063863967               22
  0.68292885436687167               18
  0.96547193419196842               16
  0.55005825602448377               19
  0.80293031401870163               18
  0.51580142829528042               17
  0.39010062017019975               16
  0.77323629176501796               19
  0.30655705602907257               22
  0.40903814416824236               22
  0.57797439089846159               21
  0.24692606376941645               18
  0.27489446725579686               18
   3.0063387509696941E-002          20
  0.18373723090895866               20
  0.65971977163202211               20
  0.49565240908520614               20
  0.27278907601767843               20
  0.20157558221627767               20
  0.28629984711408446               16
  0.43224902790048164               18
  0.27200277971138009               21
  0.52496732096647603               20
  0.24827967927813246               21
  0.36490736874158380               20
  0.44152855120055945               23
  0.60705764234333492               20
  0.44492718832090372               18
  0.17449789413368108               19
  0.64600480536351268               23
  0.81591014420889385               21
  0.55494165204073709               19
  0.84277981421595916               20
  0.60589960675461563               17
  0.45358116680739197               17
   1.0121329799337881               20
  0.53832840353881550               20
  0.94394019034689269               17
  0.72752650919219997               20
  0.95566443926427791               15
   1.0430931628365758               20
  0.88075798362371760               16
  0.95311130128099752               16
  0.99161320972801537               16
   1.0948649422247443               16
  0.88311037937111880               17
  0.94570436038857530               16
  0.78692948507459304               17
  0.72609609786029927               17
  0.68027523997305384               21
  0.88758487591504454               20
  0.89786230579090409               20
  0.63342365813328005               17
  0.65351065182271073               22
  0.72208857246105917               21
  0.49768222257487971               20
  0.66280284526773725               22
  0.92170555591251235               21
  0.49990307051764510               20
  0.49622922657873864               21
  0.35108825577205777               18
  0.16841001948721540               18
  0.70537036241157480               19
  0.40166107283057034               19
  0.24323465987146292               17
  0.40575070413647119               22
  0.36732333128124195               18
  0.34281970850665594               19
  0.34282626577731934               16
  0.48071668529452150               18
  0.72261447478405383               15
  0.48287467410610047               21
  0.23767327662883941               21
  0.94839806277728200               17
  0.46169305229012392               15
  0.51291830775901892               17
  0.59124683260985922               22
  0.38383616190579622               21
  0.52438420806678021               19
  0.65735059232522020               21
  0.34339196911949338               18
  0.24713794134882511               22
  0.62177287312097840               20
  0.89042364289697096               19
  0.66623501401369356               18
  0.91468697551392830               16
  0.86802199448270956               16
  0.82665033981990887               19
  0.61426991291755750               22
   1.1113718983855254               19
  0.88810964318243180               15
  0.76635117813808851               20
  0.93274273626039983               20
  0.92902754539090782               21
  0.68285360521093508               19
  0.90502813033908647               21
  0.46951825361075122               19
  0.75091685843204048               18
  0.77563333301809667               19
  0.42015396633114721               20
  0.62782886448807584               21
  0.49902734028587103               17
  0.66567247611745306               20
  0.50969809656690879               19
   1.0144327680231930               20
  0.79284961950551669               20
  0.83510348047157235               17
  0.76489912257932746               17
  0.69112020283571207               16
  0.57347608591299437               19
  0.29557234606032962               18
  0.41808766405246517               17
  0.36487076540660540               19
  0.33458876294243289               22
  0.61585310215770772               20
  0.39202709630741334               20
  0.13033351139240085               19
  0.19021709069038550               21
  0.40954062316301093               19
  0.28876680775435204               18
  0.41063837603342274               21
  0.43873450824547910               20
  0.76003133386371857               18
   5.0549947735970518E-002          18
  0.64910159897782549               24
  0.29170684366203170               18
  0.29866084976187202               20
  0.27976788462264046               18
  0.65297811765399572               20
  0.80396124063999308               22
  0.64388860608248433               21
  0.90164833032755265               17
  0.70536377873123313               22
  0.93938426230094307               15
  0.65664022704917568               20
  0.68416952687509835               17
  0.87251111316050189               19
  0.84657779725106441               22
  0.77944779938741016               16
  0.76594188557526310               17
  0.99617464498873298               16
  0.89780003630241179               21
   1.1507529908896481               16
  0.87983617642908207               21
  0.63420595194867402               18
  0.87924210047582374               20
  0.83548505745220170               17
   1.1658770885178840               20
  0.85800501435698129               20
  0.56764192666699620               18
  0.96745995945792063               21
  0.83289246613926970               19
  0.81199859262845497               17
  0.49576871699364949               20
  0.51306695823822990               20
  0.46250067761139746               14
  0.66200218859810800               18
  0.90003419429652520               20
  0.81135188498790112               19
  0.72146109914155210               19
  0.85901433148651674               19
  0.18341165664088502               22
  0.33640472093657681               18
  0.49343624766452526               22
   8.6186605809159961E-002          22
  0.19186666384549764               21
  0.63515573604167386               21
  0.44429128285409930               18
  0.36553308881103302               16
  0.68225838017787532               20
  0.64964771479268635               20
  0.20600560566493012               21
  0.49475750976174232               19
  0.60378642507899738               20
  0.72012711339532143               20
  0.55483616387563384               18
  0.82931763229778088               15
  0.57365416017528426               20
  0.73811986915527428               22
  0.59184462465282095               19
  0.67961654227249757               20
  0.67604886454127922               23
  0.72497922542836657               19
  0.75865882658569950               20
  0.54697585132761939               21
  0.99273215385107050               21
  0.84174516044132885               19
  0.77783076468736245               18
  0.51278837647915043               21
  0.97490908543660815               16
  0.88851551532185591               19
  0.97842281793160668               22
  0.96342587027114601               17
  0.94230756512209435               15
  0.90804770538881452               19
  0.89741353179893923               21
   1.0592824545524124               15
  0.97525965543114779               25
  0.98366790379536140               19
  0.95139508176214560               21
  0.83267816105460080               20
  0.53426492563948647               19
  0.48191582604560124               19
  0.80953299044434701               18
  0.68329779338313690               21
  0.28190574820171371               24
  0.80467747242692478               17
  0.94573707131287488               20
  0.37156035144921151               21
  0.57124470511848902               21
  0.56981365847338739               17
  0.19895916920411200               24
  0.51812914987930914               20
  0.39923811458953834               19
  0.67825565628499429               16
  0.64968559310089036               21
  0.32991610745114908               18
  0.53283816647267501               18
  0.45878444900031895               17
  0.73344932244922001               16
  0.60814323570803785               19
  0.95325306554919231               15
  0.68940532115226760               17
  0.66932696952337911               23
  0.71225630026919473               19
   1.0985135301665239               20
  0.46983450826136086               18
  0.53982576016235950               20
  0.65142964461015374               21
  0.54784528019682954               20
  0.85433534938608990               20
  0.66476629133340492               22
  0.78165273421447712               19
  0.86589140271352127               19
  0.45390438111067444               19
  0.98957130158214401               15
  0.78417039047581849               21
  0.69372339808765404               20
  0.83269087128642272               20
  0.68651460044641544               18
  0.98812548941183087               20
  0.99225135673256826               15
  0.99431610383712155               24
  0.98153902983812114               15
  0.86311481395443934               22
   1.0197987847738856               18
  0.79141742411081140               16
  0.68868289207763012               20
  0.62435503199180764               22
   1.0718358518489530               14
   1.1117227847452551               18
  0.90430785870085928               20
  0.67396268339995802               21
  0.47830387629271603               21
  0.72912300658822560               18
   1.1196215381968977               16
  0.63228326799420254               20
  0.47821597343779337               20
  0.86957827635464746               19
  0.55670174860013633               20
  0.55590405246160979               21
  0.23667207644743807               17
  0.61952453167173849               16
  0.57972164263309611               19
  0.54497909836813907               19
  0.14506533805023777               20
  0.40843230445618500               21
  0.58732446717661824               18
  0.72797657162866947               24
  0.43874053553501430               19
  0.23101729030581161               19
  0.84028819915893438               20
  0.19753687807747716               20
  0.94042181102921829               19
  0.64231621821034846               19
  0.68277731042410894               20
  0.28903369638219634               21
  0.65879111222749698               17
  0.13933853187327075               19
  0.94043162781886558               21
  0.72574113084628322               22
  0.52457799754576317               22
  0.86132521595821909               21
  0.67216465802279080               19
   1.0486032184409881               17
  0.98019154356852867               22
  0.88539145501088068               18
  0.95180187520517401               21
   1.0518813152763069               17
  0.90919088296975870               18
  0.87048416100859838               19
  0.73859339787821676               20
  0.80249182304833588               19
  0.88881752834273242               21
  0.97095718578609547               16
  0.97662618560638459               23
  0.91811026557139774               18
   1.1466861504093768               19
   1.0542328064616830               15
   1.1654816620485851               20
  0.91935841764055881               19
  0.68843419502379555               20
  0.60967541336663122               19
  0.89217833027546645               18
  0.82273715991098628               20
  0.59183445941121648               22
   1.1384593870221504               17
  0.78751722463785445               20
  0.90163113233191494               19
  0.63872155830297517               19
  0.42299377672398158               21
  0.84733568574213736               18
  0.34534747381543351               22
  0.35897392200807016               21
   7.9234899627113040E-002          19
  0.44290433925079542               21
  0.37389420060335787               20
  0.58154029601634671               18
  0.77178585915031861               14
  0.91626463219092324               20
  0.66314629137522352               21
  0.48313045031612711               18
  0.49529022934848160               17
  0.55469435171573744               17
  0.90045725468912097               20
  0.62354397623118152               20
  0.84916237628572577               16
  0.80761723457987766               17
  0.85254799500620981               21
  0.48190550278646971               19
  0.43876857911285572               15
  0.53003548792838762               17
  0.26798626229185107               19
  0.75854397256697059               19
  0.92999034878487041               21
   1.1911820839609544               16
   1.1546997775740926               16
  0.82319974407016594               21
  0.73073694175169757               20
   1.0230621652730130               16
   1.1393205736237160               18
  0.85881056275617296               21
  0.89095557817132265               19
  0.92474058785074165               21
   1.0040359766415865               13
   1.0492970759497005               19
   1.0461872782514308               16
   1.0817832615162197               15
  0.77878453567095085               20
  0.97397557139390845               19
  0.47999208170044605               19
  0.59818930024828443               21
  0.92816749621755024               20
  0.79252605116776187               19
  0.95842968124144601               17
  0.56858737134970949               20
  0.73382226598582423               21
  0.73853124002668413               18
  0.89839734768824842               21
  0.45268151344635027               17
  0.35135970994344706               19
  0.63293872381800831               20
  0.25945462649229417               23
  0.87810590580439463               19
  0.46516908048863043               18
  0.53697216118373514               20
  0.85857719695640011               20
  0.44363222737461400               19
  0.55583793839937568               21
  0.76665092137967683               17
  0.91358140969909607               16
  0.50825444109112949               19
  0.11270472313286173               19
  0.56940100686019079               21
  0.23110858163166095               22
  0.28810987847933739               18
  0.54485791702770570               20
  0.49296437624834138               22
  0.73700835349805549               17
  0.71988422283078191               22
  0.85049808176049480               18
   1.1092179473090915               19
  0.98277660062846151               17
   1.0352186698730690               21
  0.90463154955766611               22
  0.98389917039072683               21
   1.0282164557585871               22
   1.2465450196283110               17
  0.98027103918771319               20
  0.94983325007351138               21
   1.1106722801075197               18
   1.0290236784683839               19
   1.2280619819928680               22
  0.96111306352927428               19
  0.94474904381083369               16
  0.81122234413691408               18
   1.0887740519602322               16
  0.63509326489298801               21
  0.88316307362495772               21
   1.0199892666292232               21
   1.0157579351376964               20
  0.52750037163555930               21
  0.42224049463097479               25
  0.78995962695732380               19
  0.68946287530241734               19
  0.83055583590644422               17
  0.77722688815277219               22
  0.62617211868522993               22
  0.54198346292799437               20
  0.77318381444112905               19
  0.85650797937498258               18
  0.46285049844065224               21
  0.48458670798338155               19
  0.65076015860444247               19
  0.70119207693592034               19
  0.90304128657456373               16
  0.64874462299739954               21
  0.56671414029261591               21
  0.55847661415351302               19
  0.64145509714871285               17
  0.91935207696513355               18
  0.61397056809648143               21
  0.80161131679173048               17
  0.61889620016514690               19
  0.74562560927159249               19
  0.72835356721562294               16
  0.89520661198930629               19
  0.81727517872115651               19
  0.44581895605125799               18
  0.77597822286866791               22
  0.81487619558705815               20
  0.96635725978431763               17
  0.55894111821614045               19
  0.66703790893512571               20
   1.1914694270968638               16
  0.82133800130990076               20
  0.95993987436035999               21
  0.83641697354837785               20
   1.2397096302149941               15
   1.0782617483265042               18
   1.0232821968662069               21
  0.68186300837955638               25
   1.0976236899749774               18
   1.0483137905283371               18
   1.0459510289716940               19
  0.88037013461354352               23
  0.86039272944567591               23
  0.79253579893046022               21
  0.95582655843123587               18
  0.62087617693473018               18
  0.94862631657271035               22
   1.0031823123770005               20
  0.77934492820422163               15
  0.75693045481808729               18
  0.58122640771674572               16
  0.51610998024274168               18
   1.0557282071481411               16
  0.68301494657931339               15
  0.80859285966796435               20
  0.89650827480643525               21
  0.73458743825221440               19
  0.61303548402861041               19
  0.40636964746624193               19
  0.58382496830413388               23
   1.0355884860599591               21
  0.76167099676008798               19
  0.70037045573194867               19
  0.31445177626397547               19
  0.39664971863547704               21
  0.81198945313351634               17
  0.97700716087176476               15
  0.72535971476549099               19
  0.89616595373601937               19
  0.84558991277267115               18
  0.68301839584902324               19
  0.97562286458595715               22
  0.37605714707208510               21
  0.58814517368148822               23
  0.56596136569031552               21
  0.74211915829260133               22
  0.60445668231388083               21
  0.83926839352241733               17
   1.1035146576998134               15
   1.2127945085013700               17
  0.67047977551888360               23
  0.75896172970083253               24
   1.0737089922682190               20
   1.0936384732498938               17
   1.0227836894715445               21
   1.0331135738577661               17
  0.91698444148450176               19
  0.99426461828963952               18
  0.87724465129456941               15
  0.97177021294014243               19
  0.92219597664272801               17
  0.76706694898611605               18
   1.2202530247303263               15
  0.81187702383084903               19
  0.89833288030327674               18
   1.0214950124179272               20
  0.72368333202875446               20
  0.94761548151733599               18
   1.0695036897061281               18
  0.73235008269499191               19
  0.96222683035630430               20
   1.2076137762733776               20
  0.97645019601296723               17
  0.58106460048419839               18
  0.90240182835111438               23
  0.54699956943697892               21
   1.0298359091386700               14
  0.64726704805477020               18
  0.98803965850703568               16
  0.78180647677615334               16
  0.91342307877278373               16
  0.22455914493283322               20
  0.64856323363449819               19
  0.95466368262126711               15
  0.75246176354677119               16
  0.53888663975808526               20
  0.87139055728004766               17
  0.61167818963126286               18
  0.84157483027190649               15
  0.47505242860724617               18
  0.21296516023444384               22
  0.41708359079663959               20
  0.96790819990964749               20
  0.83338881627449524               16
  0.98949698364973970               20
  0.89519066057524732               21
  0.74856696551635638               19
  0.87242997407535727               21
  0.71781971559539759               22
  0.62970013913374867               21
  0.94523083430535859               18
  0.66491992454537430               19
  0.85332642212194887               18
   1.0180995431381896               21
   1.2991530946468528               14
  0.86977113989698107               18
  0.96502960985280917               21
  0.99489523397684387               19
   1.1542869906429303               19
  0.94734355819564930               19
  0.87199313355452479               18
   1.0871568159093048               16
   1.1302857457586029               18
   1.1769138616176527               21
  0.99578689125422182               18
   1.0951192876075149               17
   1.2714637064317491               16
  0.43764556476395217               19
   1.0049918259010473               19
   1.1226223788307084               16
  0.87538504897168024               22
  0.95002073671027365               22
   1.0215237787540781               17
  0.99979944986931035               19
  0.65669562003849224               20
   1.0036849667826153               21
  0.82983263584120492               16
  0.95347285111282920               17
  0.58960173659615012               23
  0.89909623887350809               17
  0.97339604938751123               17
  0.60587944392490811               19
  0.53879239132734380               21
  0.91482845325879147               19
  0.28787048891208411               20
  0.37445015469232945               16
   1.0102985284178925               16
  0.79829018520567341               15
  0.86488857967680122               17
  0.51889099127529092               18
  0.46815769177120276               19
  0.86419890905019348               16
  0.96166007223171235               14
  0.37892833228206030               18
  0.87032929258475844               19
  0.81269401289175536               21
  0.77537789182151506               19
   1.1234108484931034               18
  0.66490064378537461               20
   1.3385770078892119               15
   1.0456078566324720               23
   1.1006536048397051               19
  0.93418484445169570               19
  0.84661247200527279               22
   1.2630907170395054               17
  0.82252525578732338               17
  0.96365052747111568               19
   1.0620829640552412               19
  0.79117109483112280               18
   1.0102346381917986               22
  0.94397453651287266               25
   1.2452208862710552               20
  0.96897977229729182               22
   1.0148940606390928               20
  0.83720154578584827               17
   1.1555310543945636               18
  0.93386060674130900               21
   1.2546983215559053               18
   1.1932631552183715               14
  0.66799474598363606               19
  0.86285995438514418               20
   1.0431544431899740               18
   1.0059520763430931               18
  0.85772574107819011               22
  0.61446885599327372               18
  0.83123332566663410               21
  0.86696203201728617               18
  0.96440981439292961               20
  0.48955910577005723               19
  0.87012096537892469               20
  0.37779497888804997               18
  0.93811005100808875               16
  0.65432509540878214               17
  0.57036531663767920               18
  0.89409722955437954               18
  0.77295276192641604               18
  0.47536695434052195               17
  0.60629268425571126               17
  0.90230560180148334               14
  0.78160495626623061               17
  0.45496558118061653               18
  0.68434288587822034               17
  0.98735112538464254               20
  0.67004865150447279               18
  0.97789687545169279               21
   1.1485748328650254               18
  0.81352339906658355               20
  0.59892010457984257               21
  0.99993220621072121               19
   1.0366819058329066               18
   1.0873956112850891               19
  0.73032068812343764               21
   1.1842308310064023               19
   1.1100199912435682               19
   1.1865430038691369               18
   1.1967078530604156               16
  0.70091438795500360               23
   1.1998381544460575               15
   1.2076211411496778               19
  0.87060304184996040               18
   1.0528159578359733               19
  0.75946678517772281               17
   1.0651532014945460               18
   1.3292734681560798               16
   1.0314653868235937               13
  0.85945679030775624               20
  0.79546676577717479               17
   1.0686051688254470               16
   1.0098761346903402               19
   1.0466216861431192               17
   1.0672468427420951               20
   1.0352551548159761               17
  0.87566335510909021               22
  0.96844308812582547               18
  0.80260572616325310               16
   1.0682673001950571               16
  0.83569185637443821               17
  0.54805265351022248               17
  0.70368525770580659               18
  0.85445948367792290               17
  0.90500686316793677               18
  0.41006444028751687               22
  0.79870629936509030               16
  0.69484729177740157               16
   1.1626126374910055               17
  0.77533206439901947               16
  0.36790208498790644               18
  0.67785086810041717               20
  0.77978540703120969               20
  0.67334829834466248               19
   1.0393260503396076               15
  0.96866426868135025               14
  0.95518930029121230               20
  0.80187647530598605               16
  0.95510436010683797               21
  0.92043586586674742               22
  0.99168649524882757               24
  0.46807379407227340               21
  0.92538978305348174               20
  0.56633444736599137               17
   1.2132893849651671               20
  0.95498178645270926               21
   1.1649625044649081               16
   1.0599175861280847               20
   1.0278934062266047               22
   1.1400227821344784               15
   1.0591288158637273               19
   1.0642277434992440               19
   1.2381663321041920               20
   1.1117071710232298               18
   1.2249835460320395               13
   1.1189809883031323               18
   1.1425942410149998               18
  0.76145025392871479               23
   1.1655936172247816               17
   1.1969832318390288               16
  0.92090912872201358               20
  0.97951305187768845               18
   1.0340402676416633               19
  0.90821842486852078               20
   1.2507826918634937               18
  0.71484178001993481               16
  0.97997860147027971               20
  0.68104337469706266               19
  0.92267264505435176               18
  0.57676705843062515               19
   1.0572074910924725               22
  0.82699257754761379               17
  0.76373906489135124               18
  0.70463640244818249               20
  0.65767969565417750               19
  0.72059543745029087               16
   1.1327713116897646               18
  0.63041658220642927               19
  0.85088912326002641               19
  0.95483599886663151               16
  0.73979271971531790               16
  0.81131678912060856               18
  0.91086072939402463               18
  0.90690060459423250               18
   1.0868445125699802               21
  0.53964604852484144               20
  0.78185748381463638               18
  0.88893398309363303               14
   1.0215911210242190               18
  0.68395756671372165               19
  0.95524599981860048               19
   1.0318955608909557               19
  0.87077780839215280               20
   1.1603169154250617               17
  0.99282277435565347               19
   1.2101810809653100               13
   1.3224372924603582               15
   1.1267096144496778               18
   1.2338406849147943               14
   1.0974392857132427               20
   1.1646246814118799               17
   1.1107756577086536               20
   1.0159276441178964               18
   1.0404354531967090               16
  0.99250959422748342               23
   1.0299753081154019               22
   1.1031238353690778               15
   1.2585526759355965               19
  0.75703471774468589               17
  0.82165700765348515               16
   1.1690056098391974               15
   1.1102048837957970               18
  0.72366185334792155               20
  0.93025920649195781               22
   1.2996207719939825               16
   1.0097173274923650               15
  0.92422385422676800               21
   1.1011753135072502               21
  0.93531497594576485               18
  0.79712904476032620               18
  0.96359176923349055               15
  0.87220504221068318               20
  0.58702203780340201               19
  0.74895244773121972               20
  0.85099317488471893               18
  0.55488896790630060               18
  0.57782209597715128               18
  0.73643127742870040               18
   1.0591833396824906               15
  0.99708788036394236               16
  0.92547867494050695               15
  0.54729550956161355               19
  0.96835394253845941               16
  0.55011002047112167               20
  0.69314410778086155               22
  0.72617048927849515               18
   1.1052520260737815               17
   1.0145557087361590               22
   1.0575415757148900               19
   1.0061349874309935               21
  0.78888788306140945               18
  0.87264170226080662               17
  0.67124219582435929               21
  0.82626533178766048               15
   1.1903380652911233               15
   1.1491654982299329               18
   1.0328137804066782               19
  0.99342736893659822               19
   1.1971450112467317               17
  0.58958464127064059               19
   1.0332682541832783               24
   1.0757607634014785               21
   1.1891029097494408               12
   1.1948397877402719               20
   1.2152403545618988               18
   1.1662013095299324               18
  0.80444175501057857               16
   1.2803422674336864               18
   1.0903467651009449               18
   1.3029030139393780               16
  0.92208637296172924               19
   1.2485852270116822               16
  0.90618353469722412               18
  0.99622722447907486               16
  0.97284901823853465               19
  0.91026352680991751               21
  0.93084353390459795               20
  0.89647880255754164               21
  0.93845430484724612               20
  0.94351738919032058               23
  0.90920769955750158               21
  0.93504702817173579               17
  0.72230681594440971               19
  0.74753511350933166               16
  0.81674318885065034               18
  0.82421160985758357               18
  0.98417429940966183               15
  0.71869835593499987               17
   1.0053298819656729               15
   1.0935172759038778               16
  0.96069135258741667               17
  0.96457731185702156               16
  0.76915210433214665               18
  0.87267773223268141               17
  0.98402706583703203               21
   1.1095902884865521               19
  0.82953057975456479               18
   1.0289038857312829               14
  0.62351832420260644               18
  0.93413575502568091               18
  0.70426866089274276               22
  0.89816643993165324               19
   1.2920568007728395               16
  0.95540313848827474               22
   1.3173709078038942               15
  0.73537484609523096               23
   1.2434979848041461               17
   1.2825721702685366               17
   1.2252553478096371               17
   1.0791277766097962               22
   1.2459846690307745               18
   1.1735555812361405               16
   1.2087017804666034               19
   1.2340193880730612               17
   1.1392368658794596               17
   1.0838013816978647               16
   1.0511600099761578               17
   1.0830557046154445               20
  0.69601400434428251               19
  0.94226889959735016               20
   1.3052393794577497               14
  0.93340879439225233               19
  0.93784179587738081               17
   1.1468835609089842               18
   1.1107991296609527               17
  0.93928284977449250               18
  0.65788785472538580               18
  0.79997964298336233               17
  0.92956060040149724               22
  0.79624634842825626               17
  0.82333963356724660               19
  0.85654117300062482               17
  0.87253238535084854               20
  0.89276773067565052               18
   1.0163423358250137               21
  0.75804749164967677               16
  0.95814543999407653               15
  0.85529507405252858               18
  0.94554292092758774               16
  0.76661006964204181               19
  0.58280436638421862               19
  0.84126360204137440               18
  0.98799093369605950               15
  0.78425013613786454               15
  0.62239378025238301               24
  0.66245840431602221               21
  0.93892285591867752               18
  0.96971316510037198               20
  0.79980162141119782               20
  0.93123424765686447               18
  0.87319868193123806               16
   1.1048774773775751               18
   1.0306621105726981               24
   1.2810297700545317               17
   1.0921554335573798               18
   1.1321461870619847               20
  0.92757092055953205               21
   1.1008773167288533               21
   1.0461806239508067               24
   1.0657830944781161               22
   1.2925741124547230               17
   1.2518091540430456               21
   1.3376774332306105               13
  0.75149350004557125               19
  0.97998564202279226               20
   1.1651374851467580               13
   1.0477330262940316               22
  0.94876753718824725               22
   1.1747025076135067               17
  0.94413529396630003               21
  0.97811386395988009               14
   1.1556145284006492               21
  0.88138556983986271               21
   1.0336767037355352               16
  0.98150755522018795               16
  0.97300315566492901               21
  0.97903606886741468               16
  0.82472262652087092               19
  0.88864479500058324               17
  0.95254404213543664               14
   1.1933898313674256               17
  0.32185597894613671               19
   3.2805151143887323E-002          17
  0.88638779567833059               24
  0.98473590906785147               16
   1.0020968033531119               19
  0.94813261461449860               22
  0.67861477783925506               17
  0.85376373447612153               13
   1.0630438841570056               15
  0.68091433924125799               15
  0.21287183626520892               20
  0.71795504689676437               22
  0.94593916751074125               12
  0.90213015014808839               20
   1.1894747702680109               16
  0.78861205187130989               16
  0.63359895301955937               21
   1.0581827528171333               20
  0.77384991306863082               17
  0.99803700251645666               16
   1.0048364349300394               14
  0.70493658738751896               22
  0.90556502635378522               17
   1.0900967816742027               17
   1.1785500312826442               15
   1.0588242405881634               25
   1.0619571307062521               17
   1.1456407352828819               18
   1.1299798803412844               18
   1.0878165510160962               18
  0.50508576263442051               19
