   1.1074870168622122               20
   1.1908536567192951               18
   1.3237521694000998               16
   1.1112270787131717               16
   1.0416826548164007               18
   1.0810283825556493               21
   1.0816195480114883               16
   1.2715647131140821               18
  0.82978059656664438               24
   1.0067148313539933               19
   1.0489883448206985               18
  0.93208782010578561               25
  0.90735517470314309               27
  0.95549449015135002               19
  0.75538259200892222               21
  0.87453329326101115               22
  0.85939940331802889               27
  0.95810545328748464               16
  0.88542290307296811               18
  0.88899342740081044               20
  0.80248485739437903               20
  0.52931078076223825               22
  0.84047253368121277               17
  0.56054293970615432               24
  0.75673644634773785               18
  0.94924507520409185               15
  0.70212045684790625               18
  0.86638903626415620               15
  0.99332097305654088               17
  0.98355906724639752               19
  0.96391252891595203               20
  0.70280460388241484               19
  0.84521480913290370               19
  0.84340269327178385               19
  0.74496500721485293               19
  0.92241038776998097               21
  0.51633375414292459               24
  0.92014960706061599               18
   1.0328118857735873               19
  0.99747285180972134               14
   1.0536234448417190               21
  0.76324308966981047               18
   1.2697740548942911               18
   1.2980065057042249               17
   1.0226503508418734               17
   1.1052809795678551               18
  0.95917709901627879               21
   1.0042962781073512               19
   1.1227982023850611               16
   1.1338974092791463               16
   1.0940610853779063               19
   1.2029052872002701               20
   1.2482477770172977               18
   1.3251363654235169               15
   1.0951733955193632               19
   1.0364555845037382               18
   1.1904520047724332               15
  0.94004910450255741               23
   1.2003465261555111               21
   1.1422313520021603               21
   1.1773888213125263               14
  0.98218737740498585               22
  0.97335453141470074               18
  0.93147278640853004               23
   1.1074116123609676               15
  0.94056053578291055               24
   1.0905365820340285               13
  0.87406142841194978               21
  0.92257093633298237               17
  0.93626600900359724               16
  0.76250414111728604               17
  0.97406659660057437               20
  0.71351726568714668               21
  0.92533630400401989               14
  0.95836528973151902               15
  0.82363523229015778               20
  0.90004936821040660               21
  0.88451333091098627               17
  0.81595632059879641               18
  0.97954329032491316               16
  0.94899542743626963               15
  0.89024744209508544               19
  0.98256240219860014               14
  0.98539975252603140               18
  0.92557164903939704               23
  0.87868158262618712               20
  0.97850217593396538               14
   1.0635140053593375               16
  0.91992604924327737               23
   1.2313563579206208               18
   1.0504647441555768               20
   1.0970697562333673               17
   1.1938878763978837               17
   1.1004854675566009               16
   1.1253287142296060               14
   1.1458581675921247               18
   1.2315605923010926               15
   1.1767724207605281               16
   1.2786569144282887               18
   1.0774025462656740               16
   1.2061773865374632               21
   1.2208155333301636               18
   1.3343674938764005               15
   1.1802109375330574               15
   1.2673802263557035               16
   1.2684728872287969               19
   1.0512227614200791               18
   1.0113311435326746               15
  0.99624883317501567               19
  0.95699307933699107               20
  0.92072800544386846               19
   1.0284446455847982               19
  0.83012753142844542               26
  0.98660714147868001               21
  0.79470193392078681               17
  0.84829182825625304               17
  0.67583369656351489               19
  0.93896241615371667               16
  0.89732356951835479               20
  0.93298101784978016               26
  0.96313423920874663               13
  0.84596226553527698               17
  0.79938359397436964               18
  0.86518270647481976               17
  0.85497656680532697               18
  0.75559905571239583               21
  0.98221003925799866               15
  0.93842126003306681               15
  0.88432009384260779               16
  0.83051031663321606               18
  0.70205916798983270               19
  0.89329872303840618               18
  0.87213596490327894               20
  0.81145379748522417               18
  0.96023292976731867               15
   1.1657515003520844               15
  0.79723157540970613               19
   1.0703377787456259               19
   1.0017639224080599               18
   1.0216333772286952               17
  0.99465437413792512               22
   1.0921011591357148               19
   1.0383426809029530               19
   1.0159790986791422               21
   1.1670409365196963               18
   1.2504609632260220               19
   1.1241256857470920               15
   1.1533662051562703               16
  0.86801753509732826               17
   1.1685486445747670               17
   1.2346674099043373               15
   1.2718083968113734               19
   1.0950808455471144               21
   1.1703114651191215               20
   1.2329762867330667               18
   1.0669624572745957               20
  0.98104563756417906               19
  0.84231608410579151               22
  0.98964263416923293               20
  0.91552751406068245               20
  0.82869928071354759               19
   1.0745352388610918               16
  0.83459213402631049               21
  0.74412905135425711               17
  0.71282438539270820               19
  0.99273148441539716               20
  0.83924760097222761               26
   1.0048521871387708               18
  0.99036537380321010               17
  0.80607768927717616               22
  0.71883644615824349               22
  0.86372893105290860               20
  0.86014792228477721               17
  0.66240356836723102               19
  0.97289503634210361               21
  0.68142887656311046               19
  0.62431967813906830               19
  0.76225657843401773               17
  0.96631141170079626               14
  0.88918022350323467               19
  0.78855082395224074               17
  0.64376222042344744               21
  0.86334925489825265               19
  0.78288867570367249               18
  0.63108341385068789               20
  0.93737855928652969               22
   1.0291146198840035               17
  0.98823459097260269               18
  0.69283310514289320               21
  0.97974034828730427               20
   1.2194503714538270               17
  0.91071103900857198               20
   1.1812018668813158               15
   1.0251499206035732               17
  0.91852708585749232               21
   1.2353343441330085               14
   1.0212030876242795               22
   1.0398158055769700               19
   1.1335512264853147               18
   1.3060024456154664               19
   1.1367513471188160               18
  0.86946780342631080               20
   1.2113074023562209               17
   1.1345647271173074               20
  0.93512998716123052               21
   1.2971732773860827               17
   1.1172160052981024               19
   1.2124062655935492               21
   1.2402492610357638               16
   1.0971322484484924               17
   1.0348923424758629               16
   1.0216948165922917               20
  0.98349852414757821               25
  0.65290271953664170               20
  0.81264851820570627               18
  0.88495750338658696               24
  0.57736204837187044               23
  0.92486551044345211               23
  0.89697381912033747               17
  0.81480948345279558               22
  0.65177397840443674               19
  0.82465293169831366               18
  0.98512628127124502               16
  0.88049415156358690               19
  0.72215365452751445               19
  0.87567828153714100               18
  0.68566078848028100               20
  0.63343844314393383               23
  0.93801279878709687               15
  0.95581768964569758               16
  0.59561414322953354               18
  0.79480535615109171               18
  0.91136893080834480               20
  0.68821989935353456               17
  0.86856869256618996               22
  0.62150946115317829               20
  0.88809623180796937               24
  0.95802778613248851               21
   1.0934153357640928               17
  0.77846872372094300               19
  0.84546944873233987               19
  0.98328254817080518               16
   1.1073700239672886               16
   1.2228232481805938               19
  0.86849683282936752               19
   1.0769520958349046               17
   1.0427356721430419               17
   1.2846602880923126               15
   1.2320368752151052               16
   1.1916270461790890               15
   1.3417125045362481               15
   1.2179932156540696               17
   1.1276633059128987               14
   1.0477974592632520               18
   1.0461283162848058               18
   1.1555082070992233               15
   1.1269403890528775               21
  0.97306414539469221               22
  0.77610016469010268               20
   1.0224700572338579               19
  0.96800994924659434               18
  0.93589798499637056               23
  0.86295424165608914               16
  0.88869622390740133               24
  0.90775479071877019               27
  0.86307633554260943               20
  0.93760690133303481               20
  0.69399484059900785               19
  0.85673341283538751               23
  0.86460843768837448               26
  0.91377198231102041               23
  0.57083633211730755               20
  0.57458078963617321               20
  0.83174890478273911               17
  0.39481207075214003               25
  0.73903050434168371               18
  0.45560370136014589               22
  0.90803004129169662               24
  0.47944978232775565               25
  0.65486739312177356               18
  0.78429932826760296               22
  0.69814802478191806               19
  0.84717983039977307               22
   1.0034986025695924               18
  0.99283006218751368               22
  0.71235719466476577               21
  0.93755181130655629               18
  0.93479617122951986               21
  0.65795968876091593               19
  0.72423973683837950               20
  0.82918144148582917               18
  0.83742288458229264               17
   1.2678827628229916               18
   1.2463902300364518               18
  0.90273075368310174               22
  0.96986270824695509               23
   1.2215224331405643               14
   1.0913458185999283               19
   1.3530809726642430               15
   1.0145939617253823               19
   1.1363347464097575               21
   1.0399426279228432               17
   1.1014023883725930               15
   1.1961500723598877               16
   1.1627434369731444               20
   1.1419491357900351               17
   1.0977515909098017               15
   1.1190340610514586               14
  0.96849611803149283               18
  0.87749615791823754               20
  0.94345950955990210               20
  0.91394914172123820               26
   1.0667120619318475               15
  0.93381789441282670               21
  0.85885273032353771               19
  0.72186659358345628               17
   1.0447842061188237               16
  0.64065582237974861               24
  0.77838863861679264               23
  0.76040069766630547               21
  0.72905930391251161               24
  0.67715699873726931               22
  0.76448016870062208               18
  0.64449623602938388               22
  0.54910574109603760               20
  0.72057674715071274               17
  0.36088490339097246               17
  0.55212741201365978               21
  0.98486727805885765               15
  0.75396437625644130               18
  0.84990179788676989               22
  0.55503676923548617               18
  0.81844601866361910               19
  0.77224372038031219               16
  0.70277626886033073               18
  0.94560874695417163               22
  0.73638328967821454               16
  0.98099499110177879               19
   1.0059106663359672               21
   1.0662643043423634               18
  0.83894619320669739               15
   1.1018909348887485               17
  0.93574449975449159               19
   1.3388003694983437               18
   1.1619142722179903               17
   1.1225947380595449               16
  0.99988922934112978               17
   1.1826747917949156               19
   1.1326523681648277               16
   1.2544948797250759               17
   1.0067764264658443               22
   1.1543969439426207               15
   1.0199003183814981               20
   1.2770269058306840               18
  0.93413476432066200               19
   1.1577993186332904               19
  0.79774143816796805               21
   1.1555060248696607               21
  0.96021512996665770               19
  0.73387789561960037               18
  0.68580761785476363               18
   1.1446135050306379               15
  0.84856673809887728               18
  0.81447855419916859               20
  0.84078183657264216               21
  0.80034232753324708               17
  0.70111700366040164               16
  0.98348267635090048               18
  0.92517768921367249               15
  0.80830712731792054               20
  0.69167350375891568               20
  0.71449781386721434               20
  0.89151640460003467               25
  0.78037104900951482               19
  0.49120472808383320               19
  0.25146774985971632               19
  0.72906097116560886               19
  0.58207257498098430               19
  0.52065124689971631               18
  0.78372570588611745               19
  0.70377440404915337               18
  0.59822942250494804               19
  0.82691630014715112               19
  0.68159818688336704               20
  0.94095560237865128               19
  0.61372414431914601               17
  0.90888521948512235               16
  0.74344110786955864               17
  0.89073149448696931               19
  0.85060823777621652               21
   1.0654996037788651               19
   1.0721009200414906               18
   1.0050585930504159               21
  0.95416002446834558               22
  0.98173979389664090               16
   1.1626382896599277               14
   1.0517491141578483               20
   1.0872689499860031               16
   1.1999407108888891               15
   1.2700680351950728               19
   1.0280548541003200               17
   1.0835204519648063               20
  0.95846584033514681               20
   1.0851958047486996               16
  0.91624125461876549               15
  0.92729970377746163               20
   1.0824505494060885               21
   1.1404667440539329               19
  0.66931108656739813               16
  0.76027767429460269               20
  0.81542370608304093               19
  0.97394576614864947               22
  0.80637654657464264               19
  0.90461754472430178               19
  0.82487428438672628               16
  0.65251918922318641               19
  0.62835083471008324               21
  0.82059506030373564               22
  0.97279913103390880               17
  0.79132829863422982               17
  0.73980886942163604               20
  0.79429215050962099               21
  0.80328120964640892               20
  0.56737291790461364               20
  0.48347442595421508               16
  0.71609277391672999               18
  0.45399217309429402               21
  0.81168535572868428               20
  0.56717844168123888               19
  0.55404545814569184               22
  0.73632563019813413               16
  0.51585544599202382               17
  0.47637865924940165               16
  0.65575405590960589               19
  0.64367672981686730               20
  0.88734898397310880               21
  0.76629036872979306               19
  0.90101556321094023               17
  0.89843281515566564               17
  0.89808066400795261               19
   1.1314667236527352               15
   1.0514872964675932               21
  0.88457382356430936               21
   1.0489511492249453               23
   1.0075309842967877               16
   1.3216860132450903               17
   1.0641069155371494               22
   1.0118682033655151               20
   1.0188437082090975               20
   1.1424192956498955               18
  0.99532425191783369               17
   1.2745058112721881               18
   1.1890226132167645               13
   1.0370601448952148               16
   1.0934638104529697               17
   1.0788790853083894               19
   1.0243356158274139               21
   1.1896945369435676               20
  0.73538652913008640               21
  0.74838168370204727               22
  0.98013775280941406               20
  0.99387354994610766               20
  0.74962397203976117               21
  0.67872698118616515               20
  0.76309798484873692               21
  0.75316021505014519               17
  0.60809002946777801               19
  0.50356828773119111               26
  0.63178369772386855               23
  0.80544191267618570               23
  0.86515956528454618               17
  0.73507115368313525               20
  0.59159924223567562               19
  0.41498117616099039               16
  0.51527242871107704               17
  0.65351110458137229               21
  0.73067239045970245               19
  0.94833365452569851               16
  0.69387071894875563               22
  0.44914295589718739               25
  0.86133438740513557               18
  0.63394655940051114               17
  0.75522110753230942               18
  0.90074397023873698               20
  0.67356701094338467               19
  0.82625258785822753               18
  0.65925803256132631               18
  0.84474529443319935               18
  0.85896952218793388               16
  0.94285374215336415               17
  0.81964069175722654               19
  0.95689690281185646               19
  0.89654134878593439               23
   1.1856902995610643               15
   1.0661808524641438               16
   1.1238051585677771               15
  0.95644476880759721               20
   1.1084704805132479               16
  0.94697932593713774               25
   1.3036871595346129               17
  0.98453658001963795               23
  0.91493066553889535               22
  0.86048673132695863               22
  0.93731237535389078               20
  0.79637484874302755               21
   1.0351003750593539               18
  0.79987397894735479               22
   1.0836969120997197               21
  0.86457529922273368               19
  0.92283476608685933               21
   1.0383163892267888               15
   1.0754833638126442               18
  0.59288952856749244               23
  0.54496285388600041               26
  0.60673491474998020               19
  0.77137085267001748               20
  0.79191925889318515               22
  0.69237823202731619               19
  0.49341337008754915               21
  0.44690749370389371               21
  0.60675376338214548               22
  0.62277842577986364               21
  0.56723504396239910               19
  0.51189995787162290               15
  0.55730050254453545               21
  0.35129720776900170               18
  0.82714101083559022               17
  0.60402409539977187               19
  0.45307319272391533               23
  0.38769212147290177               21
  0.68834554885106503               18
  0.81079809844286344               18
  0.79348675139021019               21
  0.98914760362202692               20
  0.57466454609401230               17
  0.84099435913014453               23
  0.76951713486359608               16
  0.57683328837159742               19
  0.83150840892195133               20
  0.59079478966004939               23
  0.97882925654922137               22
  0.74908658744466583               21
  0.84070792513938797               19
  0.80574662464216595               22
  0.91193651780611351               19
  0.99709732446523380               20
  0.81162942502100976               17
  0.91602544228305238               24
   1.0215444403290534               20
   1.1287218954163796               17
   1.0128885703725552               18
   1.0567798563522921               16
   1.0973877639039755               17
   1.0423805158741399               18
   1.0101521699412555               20
   1.1231028109315200               19
  0.61132565678004369               18
  0.85216911129403139               22
   1.1518976673384493               16
   1.0075181577176138               21
  0.94094350956646855               20
   1.0756867753717545               19
  0.57216707916014053               20
  0.64636046392206281               21
  0.71279436189400613               18
  0.77136007989790134               20
  0.78004425691569657               19
  0.56288301951717667               24
  0.71194281572677687               20
  0.52331818000654517               20
  0.60466280436007702               20
  0.63393678919609098               22
  0.45776655000215949               19
  0.59108823601137106               21
  0.60398689220324375               21
  0.42944528310603391               20
  0.67120790600614910               21
  0.39612522402455363               20
  0.39304265713969305               19
  0.36942617973975339               23
  0.43240101771179418               25
  0.86108560871845130               19
  0.67909193252445343               18
  0.75348712849063293               19
  0.49868266660105104               21
  0.79855077325037527               17
  0.72207790689647955               19
  0.80376540443130062               18
  0.73957376126246333               19
  0.92569040716077799               16
  0.85996390032827774               18
   1.0788244626545562               18
  0.63179518063275408               22
  0.68324241570667810               19
   1.0288039530050754               17
  0.73982088787256750               17
  0.76053553434734911               21
   1.2422020956093411               20
   1.0125985062008951               22
  0.93537910603850494               23
   1.0605007515242553               17
   1.2354116474902650               16
  0.81293860937849183               22
  0.98374242594316541               22
  0.89206015080755152               21
   1.0304487829396396               21
   1.0464154736272031               19
  0.76097731234526267               22
  0.81970662503995106               20
  0.82018305331190267               19
  0.94342752298121102               21
  0.74030439842782791               20
  0.77939567151880729               23
  0.90487977943473952               21
  0.70378972431870546               21
  0.53233565517178860               28
  0.75787736578445808               21
  0.46408108241924895               23
  0.59723372675790354               19
  0.45629856608143521               24
  0.61531106725448370               19
  0.52962770862696273               23
  0.67140489050718266               18
  0.48684290547223247               15
  0.52196176159726093               22
  0.67201388981000643               19
  0.29784279130844532               20
  0.26700145380935786               19
  0.62653796138165518               20
  0.51293109056817832               21
  0.59800446985713551               17
  0.58020115142113249               20
  0.63324282858594982               18
  0.40124246533836677               25
  0.58319875993669235               19
  0.54622256042177841               19
  0.63159958739803890               19
  0.92315485959735033               18
  0.47317579678605076               21
  0.77649703427769035               19
   1.1860725049515970               16
  0.84200418053287562               24
  0.73002412934668481               16
   1.0134143846801493               19
  0.85135427907002248               24
  0.71502432268776961               23
   1.1219449161982482               14
   1.0198435713113707               20
  0.99629078474130983               23
  0.87056868205619187               22
  0.97016939287809878               21
   1.0727835695312788               20
  0.92296856477088529               19
   1.0051230810447453               22
  0.97741116266714778               16
  0.78349838957618223               21
  0.89215244833635921               18
  0.83864112156059378               23
  0.56377088250541874               20
  0.94731233756715327               20
  0.45768619878919869               19
  0.66597687041719966               18
  0.54548594279104423               20
  0.89840362825324893               19
  0.75150192237060953               20
  0.68918889915590775               20
  0.40910327157501891               18
  0.50216046594250774               22
  0.69763469068285067               18
  0.60970843819615061               19
  0.40599268393744209               17
  0.28793941636723824               19
  0.46577837691300544               20
  0.34372773800865380               22
  0.50679927697043869               23
  0.83042515542605289               19
  0.61767323388450357               19
  0.39725582221227274               24
  0.34445993263550145               18
  0.67786174763498819               20
  0.60190956839678089               20
  0.37711074262889555               21
  0.64136609803784916               20
  0.63395272664769808               18
  0.43615300555902720               24
  0.88155302256877088               20
  0.96542775076912113               21
  0.80799928010177469               21
  0.90090798380061410               22
  0.98223257954614429               18
  0.60412428318713673               22
  0.87551930264392819               19
  0.87384049492622196               18
  0.80617323865098700               22
  0.76070520926549279               21
  0.87254025290763604               19
   1.1072597465545819               14
  0.94507877050122036               17
   1.0538869747325510               16
   1.0793104010515655               15
  0.76789855501474757               15
   1.2000869127201690               15
  0.98875694940669612               21
  0.82219065131707059               22
   1.0378637428123796               16
  0.89598479696126909               20
  0.43348413147118392               18
  0.73096505402245848               19
  0.58670895759113972               18
  0.95312711703727027               21
  0.83907550897207539               21
  0.87601114066558217               19
  0.46050505535526681               22
  0.59627453575961920               24
  0.74922338530010657               21
  0.43192204130833806               22
  0.65907445214645288               17
  0.38359080900591808               19
  0.42107764623101696               20
  0.52709752623587414               19
  0.37034964958292182               20
  0.31488690035466027               18
  0.48091095154830038               25
  0.69064608661318616               19
  0.33548802655073179               21
  0.50267116127805977               17
  0.55094565881148772               24
  0.33136028598076267               19
  0.51038212730660870               15
  0.25623971265992151               21
  0.37048847034851262               19
  0.77516891006322641               16
  0.46251466077161602               19
  0.42401676710674435               25
  0.62601162449626202               21
  0.86767595748979121               17
  0.34968566747029711               22
  0.75047583268475326               17
  0.71237597342366554               19
  0.66258136695828573               20
  0.54150142709492477               26
  0.98880988421792249               19
  0.77939918760823723               19
  0.68666407239576410               21
   1.0763858607913372               16
  0.73446335508000893               18
  0.99213131038992763               23
   1.0472614455990437               16
  0.78465434889111041               19
  0.74860412658904418               21
  0.97541685898517827               21
   1.0517008132680923               22
  0.86514423522912476               21
   1.0153307531100546               19
  0.97035346309129922               22
  0.95041090795183336               19
  0.91018796479283803               20
  0.90547195333381458               21
  0.58498137191971700               18
  0.86904058923967742               20
  0.50540777544156090               21
  0.66830540223259371               19
  0.58806211992083768               20
  0.59589823031736067               21
  0.62194776527850637               21
  0.48384387432421960               26
  0.65490445204547865               17
  0.65198079893995953               19
  0.43048927906953838               22
  0.41187741300025021               18
  0.51922998968665290               26
  0.26675442023017093               18
  0.54219466586194631               20
  0.34157200870764154               22
  0.68727109453023949               19
  0.28837276917721422               18
  0.34824561186797287               20
  0.39693889051706632               22
  0.65818844175050684               19
  0.40184834792683760               21
  0.19392379118534597               18
  0.66304002516627492               20
  0.46423982151442517               20
  0.49343865345479265               21
  0.58362907909255801               22
  0.46641224113880342               19
  0.73110037710125864               19
  0.50132494479057599               21
  0.80101273022069597               19
  0.66915782210712227               22
  0.88732828310868295               22
  0.67315275298583455               19
  0.83784202385944095               21
  0.53389761410761771               18
  0.39089545694299582               17
  0.77171248102449741               20
  0.97977435321348616               16
  0.99401514452843576               23
   1.0578043602753242               16
  0.77489928819760578               24
  0.88616779785612598               19
  0.82303884837001995               20
  0.95593539546959916               16
   1.0250694694102360               19
  0.95297992318737279               21
  0.93909087760223497               20
  0.49651689184461750               21
  0.69144144957388698               17
  0.51170510798426427               20
  0.74851775313857849               22
  0.53705634488323006               19
  0.54017936394289212               21
  0.39774919880766296               19
  0.60955068319793926               23
  0.66069731902403617               19
  0.63502248289411700               20
  0.49538594337039116               21
  0.60687219743438703               18
  0.43762110268473425               17
  0.40995045913143979               23
  0.30516495213444605               19
  0.25063840791031600               18
  0.35793473234021606               18
  0.24043096228930996               15
  0.53665986379291708               15
  0.47525379426945236               22
  0.40522051365282263               20
  0.20670460482057276               20
  0.37900892621028431               18
   6.9839890997983628E-002          20
  0.57463978818596795               16
  0.59970947522128992               23
  0.15184247865398073               19
  0.69097541568594179               21
  0.65026810198635088               20
  0.47861176771035147               23
  0.37224088835306396               21
  0.73819257187147624               16
  0.62141124652796853               20
  0.60396058646818751               19
  0.60200333613245993               19
  0.80615568444637253               21
  0.83590649647249449               19
  0.92731504966874800               20
  0.97736537593155626               15
  0.99868738465862850               21
  0.57923561436009419               22
   1.2106199028801774               18
  0.98678419119899041               23
  0.95362468786850774               22
  0.93740556389509722               23
   1.0256860911079810               15
   1.0136678651485134               18
  0.69036010045447838               19
  0.75862664849256178               20
  0.81858126247535978               20
  0.83932204865489146               21
  0.92928703403139012               16
  0.69260149914269986               18
  0.72133860165986829               18
  0.78063287106973933               21
  0.53213031802758026               20
  0.54809348726042906               21
  0.47408372030104867               20
  0.75755426365720824               17
  0.57677603247000442               19
  0.39106604479188206               21
  0.64025186731898209               19
  0.46626950815536899               23
  0.45679813704183830               23
  0.38591960254846258               19
  0.33496006673694073               22
  0.22983191403555869               20
  0.29865720516682187               20
  0.54289752817590153               17
  0.27625406394647917               20
  0.17523077120740635               18
  0.47113404275272769               22
  0.63461201083685947               20
  0.48422742025800880               21
  0.33669241386757515               23
  0.33622031349888759               21
  0.50886274843286472               22
  0.41897385094528145               21
  0.83418173732507817               21
  0.75166427310190942               17
  0.53070998331040076               19
  0.67230355563746613               20
  0.68178242282504598               19
  0.71420545730330987               20
  0.86696515371572869               25
  0.81910217197221324               21
  0.74736985954609403               17
  0.91052615719058372               21
  0.70391943957843295               20
  0.73684016738836500               21
  0.60040190039426933               21
  0.93924769973843225               22
  0.99706922603766457               18
  0.91945238068957202               23
  0.78333112819098749               20
  0.95877285822480374               25
  0.68384937171973514               21
  0.75446440582840868               20
  0.93928718039187631               16
  0.86423418714278633               14
  0.68029160473408901               20
  0.84694262312516588               19
  0.70140347039866757               20
  0.71094118817071394               20
  0.70065061389620498               16
  0.62555542129015440               20
  0.34411708863936546               20
  0.40190813060553776               24
  0.36998397882295836               19
  0.68469871341769195               19
  0.31211359724899229               18
  0.46494649453679987               22
  0.31877126159117081               21
  0.53358696100212677               19
  0.58703584529876207               18
  0.24750722317175275               21
  0.33566132682420174               21
  0.46870815235992347               21
  0.37019871209691696               17
  0.30632930193168112               18
  0.44791297536201502               22
  0.18594751048968014               22
  0.38740297509446814               23
  0.31870699425071314               17
  0.36055108503248079               17
  0.35777773817983011               19
  0.76621921437719354               21
  0.62622543759296889               18
  0.45269052678785737               16
  0.33073610980832585               18
  0.54832426727637062               23
  0.49445892311239042               21
  0.66703783541042261               16
  0.78510050419454780               21
  0.65271491950312810               18
  0.81837210183715892               19
  0.88504421186475679               22
  0.83142999528775507               21
  0.94567221716963301               21
  0.85894433258413405               19
  0.92882449625952657               26
   1.0374986672281814               18
  0.97489271643577158               16
  0.72695043701144368               23
  0.85728200373341434               20
  0.75446124312240603               20
  0.82191691681506307               21
  0.97914285021377911               14
  0.77139124398499215               17
  0.92192649681609851               22
  0.98340937511108995               15
  0.57425132243727195               16
  0.83551865970471662               17
  0.74554934782392579               15
  0.49463634185610195               19
  0.59924741036157736               16
  0.60459483170628403               13
  0.57091757295987977               19
  0.41850927460016940               15
  0.57145212006735402               20
  0.42559955080092998               20
  0.56632339369208828               25
  0.25390032764534343               17
  0.18807796802261170               16
  0.37905002399039334               18
  0.50019072101881812               21
  0.36763843497054965               20
  0.40847716269395606               24
  0.11778963419680379               18
  0.23313557961620762               20
  0.38872335368414029               22
  0.23672299962545351               17
  0.42661942087415328               18
  0.18956691847179502               21
  0.27617135203276727               22
  0.52258875474630728               21
  0.44829934366510965               24
  0.67329869571833023               23
  0.62662950607221657               18
  0.66186282538873087               19
  0.80175923496066004               20
  0.64612956946163613               19
  0.81358697982531547               22
  0.88492051613067668               25
  0.63978748636591787               20
  0.64590123821738366               19
  0.86897793078318752               20
  0.72015516322871898               22
  0.94805893888467840               25
  0.77173029961608353               19
  0.95072364612345506               19
  0.91261294039777408               18
   1.0248160762080507               18
  0.73179715218976349               19
   1.0004980497585840               17
  0.88418994044762877               20
  0.97171741950161916               15
  0.99150927829215463               17
  0.69673999312280432               17
  0.86863824832715009               17
  0.85231403182538601               21
  0.60765284905612527               19
  0.47752409520040356               20
  0.63580029492892098               16
  0.59030602170425350               19
  0.31445742257088344               18
  0.45822380981979838               19
  0.62239685499872122               19
  0.28552292567350196               15
  0.55311121214540648               22
  0.38757175949657796               19
  0.34942400773943860               21
  0.18901160556122470               20
  0.36758301197543219               21
  0.41358403040858804               25
  0.11014735742451211               19
  0.46451588131349159               19
  0.25254759515045977               20
  0.17829884338225294               21
  0.11978639029675481               19
  0.39686223543470595               23
  0.37769111682127487               24
  0.31486339794580370               22
  0.17959633739026573               18
  0.54946114186915296               20
  0.41973854163385693               20
  0.42055855941310527               17
  0.25564506952206134               19
  0.62387191403462217               20
  0.66127054997822965               18
  0.55094796106808408               19
  0.37905082469526286               21
  0.58905294165873723               17
  0.45338671891981958               22
  0.67939111352026305               19
  0.77953629905685495               21
  0.75875324880611339               18
  0.94144433564011121               22
  0.90536557100643023               22
  0.82810572510234937               20
  0.97775692629738042               20
  0.95534357828880490               17
  0.95910040758339166               15
  0.91480860514425866               19
  0.84629238616617608               16
  0.81541118037187399               19
  0.87732250298397962               20
  0.89889639436539881               18
  0.96593951970594083               13
  0.52284711376145543               16
  0.76483913865111175               17
  0.38673628871586413               22
  0.56813916408280341               15
  0.50818503743164478               19
  0.41640759484764112               19
  0.31336804281521152               20
  0.46369855446972280               19
  0.73908888374590975               17
  0.53229683591572818               23
  0.33724856418515753               18
  0.42023179205679900               20
  0.27537508447894415               20
  0.24827576516135189               22
  0.14195498050333602               18
  0.20759115504313344               18
  0.32447184264895629               18
  0.23796422715079610               17
  0.27578907836838712               18
  0.32270580687907641               22
  0.24931926324907866               18
  0.21354952634633143               20
  0.17878398297002135               16
   6.7891658295529164E-002          21
  0.13888829544750333               20
  0.49147496286623826               20
  0.35263687052834408               21
  0.46936320844204749               22
  0.26603027278254343               19
  0.50545606007874666               20
  0.61803812030584870               18
  0.70507635740938646               18
  0.53251338827153871               20
  0.60518197751980574               20
  0.53342182005913397               20
  0.56799374750735887               17
  0.39662533952953699               17
  0.64197820403774464               20
  0.67878708729901116               19
  0.61522729445660140               18
  0.96060101967173472               17
  0.85007791240563146               20
  0.86633237817418474               18
  0.86908924781468755               23
  0.92919149922873068               17
  0.78204402327050537               20
  0.85962197491283798               16
  0.73152165804547309               21
  0.70010787616252490               18
  0.90912784973758765               19
  0.67306462055776983               19
  0.83079009205341703               16
  0.96340758600253495               14
  0.61175696016274705               16
  0.57488565358450461               19
  0.78767676962188926               17
  0.46119021848784353               17
  0.54214476665743094               21
  0.62285516289673715               18
  0.51125213664721347               18
  0.36909017777471093               23
  0.19583520157507706               19
   6.7249599397736809E-002          20
  0.26120878224631533               17
   3.3840672196487460E-002          19
   8.9610663310823069E-002          17
  0.23607301864717015               20
  0.24292339819127831               18
  0.40196819562961317               20
  0.47652256790690861               18
   3.1058482781834588E-002          20
  0.21563319355244631               20
  0.27084242037717809               21
   9.3941181249141303E-002          23
  0.28369874828728064               18
  0.15709500124975523               21
  0.28791404712859453               20
  0.35396637126763786               20
  0.32727406485219557               19
  0.51011944607864990               23
  0.50908491510236564               20
  0.56346245759908486               18
  0.43628581575636072               19
  0.64492327754725964               20
  0.53934133577302390               19
  0.59787740172843029               20
  0.52380138925179587               20
  0.84828211488464267               20
  0.86634227636423722               19
  0.55407955477512461               17
  0.91234615319549162               17
  0.96612731681203956               15
  0.91005123278938649               20
  0.84717081078055834               20
  0.83569789714823894               18
  0.87761351823104661               19
  0.68049846399812608               20
  0.87713518665220802               18
  0.59914427688827865               18
  0.78300085217558113               20
  0.54192193738572247               16
  0.79588484480155475               16
  0.71521776642086532               19
  0.79574408860756074               19
  0.94327033220482259               18
  0.33674537088529299               22
  0.75021969380935971               22
  0.66482754539576683               17
  0.53496933713208206               20
  0.51733430777448641               18
  0.39014956464660622               18
  0.39273788270014748               21
  0.44236434554412779               19
  0.28980390242361398               21
  0.36068884887210989               20
  0.28005123848238966               23
  0.20627962623003743               16
   7.3342510971556446E-002          17
  0.14034493383221819               17
  0.10404432472675032               20
  0.27171389872200680               19
  0.17576127206731079               17
  0.16190525865935748               19
  0.10954961798867306               16
   9.4695273270541905E-002          19
  0.34179021497270140               20
  0.18395537974232201               19
  0.42744049680963936               19
  0.47854005876272471               21
  0.30686591411603203               20
  0.36796971165756065               20
  0.48876912711358189               22
  0.53868502592690026               17
  0.48640059838237404               16
  0.56441431463872060               19
  0.56339052850239912               17
  0.57588022921815585               20
  0.84664279349223048               17
  0.73488364028710229               17
  0.78455941415833241               19
  0.94335157624949351               22
  0.96187435208450844               15
  0.89091661599396665               22
  0.89378575671466054               19
  0.73439972168098000               20
  0.82123767917806179               23
  0.96035185148349056               16
  0.81455242135994976               21
  0.90737855035589210               18
  0.72625475776189863               14
  0.89599534225113120               18
  0.80625773519689425               21
  0.86701253199248240               21
  0.67868453672438522               19
  0.74191036450398351               15
  0.33950821471953596               21
  0.59945052450296155               17
  0.54244894180928394               19
  0.44765031303314307               20
  0.18585341424165805               18
  0.55460467723902740               13
  0.43708974404722994               22
  0.49864085730065016               17
  0.26400673886321796               20
  0.53296100303003258               18
  0.24744479263664881               20
  0.17547359166489765               19
  0.33536272082147789               22
  0.28918134004007356               19
  0.22854569332403737               16
  0.15803809565221211               19
  0.27480509483353599               22
  0.21655861173941515               22
   1.5563363208449954E-002          22
  0.49302815842984837               20
  0.32081239818576723               19
  0.32631007548375368               20
  0.64048363791786600               16
  0.40146208998588617               24
  0.19133816277480500               16
  0.42373226837960193               20
  0.45501046152844171               19
  0.49013868771160246               19
  0.72803498064276206               19
  0.47335739193313114               19
  0.57463114804072801               20
  0.72710300113697024               19
  0.90802694894338698               17
  0.73153384857238246               20
  0.71474322320841610               20
  0.73024144098833199               22
  0.81482409764924002               19
  0.80441583237367587               18
  0.94664487273202480               17
  0.81118602943689122               19
  0.83593135540184638               22
  0.89132500683928673               18
   1.0021650884551903               16
  0.96414050387025607               14
  0.95523555946047889               16
  0.90819499595864206               18
  0.73988143678233820               18
  0.62315585466181134               13
  0.71129867426422699               15
  0.41368724474385610               20
  0.51789728562071891               20
  0.59496094302737157               18
  0.44884545383854546               21
  0.71127016396817488               21
  0.21231743837128714               21
  0.37353514826449991               22
  0.16134537050690301               18
  0.46371573778047659               17
  0.18589731078572644               18
  0.40055025043813802               19
  0.22600016463483036               21
  0.32266681370925548               22
  0.10817445981073040               18
  0.22550381175778175               19
   5.6075608590623563E-002          19
  0.47049138861326034               20
  0.16335449604352456               19
  0.11032830924356606               18
  0.13514427778086208               17
   7.0343289835061662E-002          19
   4.3445166064343191E-002          20
  0.58616752977711950               18
  0.21880546971739648               19
  0.21557113100428835               16
  0.25579719490107022               17
  0.51377284393847655               19
  0.43419859565596308               19
  0.39063193214607744               20
  0.90906658991150113               19
  0.39461134981593415               17
  0.56936348134517767               20
   1.0080185499833265               14
  0.67083172883954989               23
  0.64410649356643546               22
  0.75499257635749295               19
  0.69611443461863587               20
  0.63530423565022831               19
  0.89424228070669320               21
  0.94235793786263355               16
  0.96556596733897326               16
  0.73476760050010737               15
  0.88901692153198142               22
  0.94794321712214302               13
  0.90116014494471353               18
  0.77339569770140371               22
  0.34268430886434170               23
  0.52916326780230483               16
  0.74208322107535851               17
  0.69460094433891784               17
  0.64037190287550316               13
  0.65639533755398671               17
  0.44685454222146026               22
  0.47781315120629020               22
  0.30782101606038303               20
  0.51672926968606880               20
  0.46941034404456777               19
  0.48930524525518682               18
  0.13359390650494174               18
  0.47788084457220975               25
  0.13842539589524716               19
  0.14203116954093672               17
  0.18682846566504427               17
   7.1159263466358147E-002          24
  0.11175093339952528               16
  0.20895182459909820               16
  0.26947607000948426               21
  0.26917282379171054               18
   9.1642487701243142E-002          20
  0.44798116769582053               21
  0.34189630811844696               18
  0.38074579882332160               22
  0.23194582261148303               15
  0.18376850154806618               22
  0.25901247317089865               20
  0.22509164942693841               16
  0.51791926739278227               20
  0.33655794457676586               19
  0.40819987421512927               21
  0.72120052870384055               21
  0.33017039511167351               18
  0.67905102056691713               23
  0.58687065008419359               18
  0.56227732996212476               19
  0.63025553713760840               19
  0.90228081553476336               18
  0.89798631966917242               21
  0.84679823379618613               19
  0.69636784915515482               18
  0.97025495713900889               15
  0.89908731165033962               20
  0.44411125336923363               22
  0.83781705449109423               16
  0.75437113498213515               19
  0.82585966076682182               19
  0.78570494795615209               18
  0.57123896877559566               16
  0.72288501244508907               16
  0.66213752588135366               14
  0.75858576682828449               19
  0.66222103071824545               15
  0.61920905138213456               19
  0.67578341607741310               19
  0.48954265027734845               21
  0.59046966104231646               18
  0.47877380161740946               21
  0.26573718578936439               22
  0.38804314509833021               21
  0.29239282870503497               19
   8.4973084959559589E-002          19
  0.38496670105577074               20
  0.30890865647520571               23
  0.39962605414344299               22
  0.29249901470429540               21
  0.29016042996705022               20
  0.13782196910743794               17
  0.15538461826720334               21
  0.12981725255866911               18
  0.17571031359817779               21
  0.19773351994627247               20
  0.28489557463485093               15
  0.14091667485571566               19
  0.32693633390702570               21
  0.45682105830181635               20
  0.35276996573471814               20
  0.55394070880508428               19
  0.45177666818040829               21
  0.47696608051431938               18
  0.48433154880393231               22
  0.59225967043983052               16
  0.45232289719876312               19
  0.53479707227064377               17
  0.82977071131737679               19
  0.72514191513417514               16
  0.82452279197231770               22
  0.84180496244656622               22
  0.78538188456708091               15
  0.83467489324914546               17
  0.76333510678445504               16
  0.80888092557473734               19
  0.79671655633739935               22
  0.69450782082249074               19
  0.90276976699573230               18
  0.87627704342072033               12
  0.97834183470042047               13
  0.69733886457003802               20
  0.74524832150150366               20
  0.87354371986126333               20
  0.57104974619602222               16
  0.50594951779690545               19
  0.83576004372297419               15
  0.32531646513635726               20
  0.36662548845063003               23
  0.42715316114420782               20
  0.30991111968598134               21
  0.24628526864256103               17
  0.29141240587780953               18
  0.39096397671501842               19
  0.62116030503042874               22
  0.47498106276005342               22
  0.40935620538543233               24
  0.30005135535563576               23
  0.10573219605848690               18
   9.5679675898503125E-002          23
   6.3542508772766737E-002          17
  0.41966235145329439               19
   4.4569450841521106E-002          18
  0.20425427142123639               22
  0.13589812991577421               18
  0.18346714583590601               19
  0.20498914730948314               18
  0.15330153373155386               19
  0.33505571064511203               18
  0.18339917828843097               17
  0.35871380166911732               18
  0.27725050415993313               16
  0.65348435650867831               20
  0.31092609738232502               21
  0.39105988141214543               20
  0.49642320445413474               23
  0.48842087790979877               17
  0.41665308811208990               20
  0.49424756064911818               20
  0.64587794546904964               19
  0.77259536228212744               20
  0.62827023640034296               22
  0.84082150219039653               18
  0.81374819272280507               20
  0.96406904423536188               16
  0.90253377658831135               16
  0.72033878725965017               16
  0.85513427560949495               23
  0.85881696801157159               19
  0.74363012989198474               19
  0.60720741563136993               18
  0.73988751637404482               17
  0.88703664126921988               22
  0.73014346418515585               19
  0.66855328921994250               18
  0.66685976346888265               18
  0.64821788233355782               17
  0.75910938161602903               21
  0.61552601041169208               21
  0.65739536107855068               19
  0.53319781783806608               19
  0.26975083769787878               20
  0.23675668839498390               21
  0.38569994477940961               25
  0.33661764990784432               23
  0.57204064382756425               19
  0.39615828692859240               22
  0.16116038733218949               19
   9.5837280515844836E-002          21
  0.18632757361775509               18
  0.35456988941553508               19
  0.28965317326162826               21
  0.34790844315633918               18
  0.30723218356962517               19
   5.3625810450484541E-002          18
  0.37772377750526354               18
  0.13581404735102121               21
  0.47196837456967250               18
  0.49972430345564978               19
  0.27159434549510691               17
  0.35684114961852798               20
  0.38736330343785447               20
  0.42604703399962918               23
  0.61213224395151100               21
  0.68443286912939250               20
  0.45745410450585516               23
  0.91903946818006221               17
  0.82791848605243368               14
  0.61741814907042092               20
  0.85895575266581603               16
  0.84283325930154951               21
  0.92487498338394758               17
  0.76182552463697961               19
  0.90434123676815226               22
  0.93155443533358584               18
  0.87485761101718351               19
  0.75009698348323695               21
  0.87957164115377173               16
  0.83166052468215479               20
  0.90198325448139549               17
  0.94608986502318004               15
  0.97798731988399246               18
  0.83171670825417399               18
  0.83749709732168842               16
  0.75036553942355511               19
  0.77632713623649685               18
  0.53896606444247519               18
  0.60069560631726127               17
  0.77665403282083045               20
  0.78385748472181604               15
  0.68427890235223554               19
  0.78077197501002293               17
  0.51112518419543007               20
  0.40494949488628562               21
  0.58862927006261012               19
  0.42026294955419274               23
  0.36837255973747313               22
  0.21336545402992829               19
  0.28581217361238487               20
  0.15349101019310216               19
  0.23514144321129782               21
  0.24124393730078161               16
   6.6653694676316072E-002          23
  0.30304404186317552               16
  0.13329585344457581               21
  0.18695189554932407               17
  0.27044700908898606               19
  0.41049104301204975               21
  0.33582182101625252               17
  0.25817726593590778               18
  0.33958990930353644               20
  0.43172848349310167               21
  0.43082646444234940               22
  0.45182622606593698               22
  0.47014029838592242               24
  0.38593210056411775               18
  0.81390131867640669               20
  0.85119238941159292               20
  0.54475011606192825               19
  0.51444887703459263               21
  0.68610893845177823               21
  0.88706822486655612               19
   1.0634166590444618               14
  0.70579306747096093               21
  0.84103822562267450               17
  0.94301774210084155               17
  0.67556342526173574               19
  0.81278927008795510               22
  0.90636139887321954               15
  0.73663062250766465               17
  0.95207452188447617               20
  0.96811741839367682               15
  0.70321229056172474               17
  0.83179613075897474               22
  0.78521904390754127               16
  0.81349850677049085               24
  0.81838204493682709               20
  0.75612078563236729               20
  0.55985610849638201               19
  0.68599944426686543               18
  0.41238984189945110               23
  0.53882447939181799               19
  0.70538275713295784               18
  0.48733876064057935               19
  0.45169079617171820               15
  0.61729430859792844               18
  0.33849293929320046               20
  0.29456586237992549               17
  0.14444346693516835               19
  0.27045729412152347               19
  0.42504707884221737               23
  0.50024553828338658               23
  0.25685512954396195               20
  0.19234383110537914               16
  0.24715585716268668               18
  0.23854181820947831               17
  0.33598778400852730               22
  0.32219037440597159               20
  0.34065632435385557               22
  0.28792698306018050               20
  0.46036425769896366               21
  0.54117935929221650               20
  0.52278516066446090               17
  0.25496541456470906               18
  0.55694903761199277               20
  0.64681746096466652               20
  0.50114231154838007               23
  0.70209833158157597               22
  0.55540848726787129               22
  0.59123829730486088               19
  0.80240666211275058               17
  0.82080920763371934               19
  0.70008881135188394               22
  0.96786475066788458               17
  0.97717230557557366               17
  0.78782627956201112               18
  0.95355646390213888               18
  0.90993995611306677               17
  0.88233808728856000               20
   1.0571060213244747               17
  0.96680793002130949               16
  0.88609103663662858               20
  0.94190628653925312               15
  0.83527237709029145               20
  0.68905362315331631               15
  0.64895571634360438               16
  0.82958992283895960               17
  0.47691674996863104               22
  0.62670337102103590               16
  0.78955911684234314               23
  0.57086412892104810               16
  0.49532192685783566               24
  0.71571270646892382               14
  0.48541932532113946               22
  0.53326157416009101               21
  0.28719680316493518               17
  0.46019527046603265               15
  0.55864674515527546               18
  0.43254517359628808               22
  0.35496474660383953               22
  0.35548155302629314               21
  0.25646054529798956               23
  0.26897149138078397               15
  0.32452700417949965               16
  0.35554542908722431               17
  0.62987459797726975               17
  0.42372349701419210               24
  0.31696462578033169               17
  0.48722987614010815               20
  0.46161251138946263               21
  0.38102710554500130               21
  0.63204097532069359               15
  0.51673808051792447               22
  0.69994896774799431               21
  0.60800817125375728               19
  0.38948745167766302               19
  0.44713810770454065               21
  0.60595733432369536               17
  0.87370485141001075               19
  0.74151339278404305               19
  0.95541296875490178               15
  0.94773328099482679               16
  0.98309347611105924               17
  0.61385525812168718               19
   1.0913111393334365               17
   1.0599161632045710               13
  0.90868033142793136               19
  0.97094398788365832               12
  0.87936314844068586               21
  0.77759949194949640               17
  0.95223736223158717               16
  0.64116587905694544               16
  0.94827363689950239               17
  0.89290552871877460               17
  0.57524964890691854               20
  0.50334054158569186               23
  0.42827609011733320               23
  0.54167972222451333               19
  0.68592278337317758               20
  0.84868670317819928               20
  0.59656242825134953               14
  0.54244223594505758               19
  0.69431124611222206               21
  0.55534932740030585               18
  0.46341021323757775               19
  0.45348043127555743               23
  0.53185465087201256               20
  0.29786901097676299               20
  0.40682112695532247               21
  0.42830670489723116               21
  0.45862544668343658               21
  0.15389346749819596               19
  0.40001758637297652               20
  0.39552019958842416               19
  0.27890300735004991               20
  0.27750902566484725               19
  0.22246201469208318               20
  0.68767248364971023               21
  0.34770742277392674               20
  0.60098489553026624               18
  0.37489102997688223               21
  0.46574391839940182               19
  0.39996038820439533               22
  0.71101269589460792               20
  0.80025295525159912               17
  0.54905823285939326               17
  0.76459474526452298               21
  0.67320077089269004               22
  0.68166639063741852               21
  0.74187625297141635               16
  0.86533028740066109               20
  0.74190062385122735               17
  0.98734276853814140               15
  0.99106847485475669               17
  0.75138502449482059               19
   1.0294110833785450               14
  0.74451328617652157               18
  0.96228311981518266               18
  0.99385809216066834               16
  0.80663455805941220               17
  0.83910817730558074               23
  0.82778743588147041               24
   1.0196688201148847               17
  0.83485401845896590               19
  0.80436264298465532               17
  0.68254527499542228               20
  0.73793329552467979               18
  0.62303402521717111               19
  0.49649584724551166               18
  0.44891628912635023               18
  0.47938452640610113               20
  0.60964677558397040               16
  0.63494670871714098               14
  0.50555390941366274               24
  0.68591875513670597               20
  0.50241433756927567               16
  0.25294553320442242               15
  0.29785609832450560               19
  0.34211758355889937               20
  0.20691670934060952               18
  0.24297098220140853               16
  0.40204759191211209               19
  0.36609809301667384               17
  0.47814709211300377               21
  0.50355753436485462               21
  0.68876655966920208               15
  0.29833182790582502               20
  0.22839252753479117               18
  0.34118210636492746               21
  0.64337388789763938               18
  0.44447985435240145               23
  0.63134786745309135               19
  0.56220266773773442               15
  0.63571354862150631               19
  0.62786073324891734               17
  0.51074554639781133               18
  0.79012345494330982               18
  0.79723826106884621               17
  0.79071492294170120               17
  0.63413876026798122               21
  0.88143928714046493               20
  0.90411072107242951               20
  0.76712378836109119               16
  0.66966005788769467               21
  0.85696825860202164               19
  0.90532918090278702               21
   1.0614765566220343               19
  0.89129990404587467               22
   1.0003807989582447               15
  0.79661420026891150               23
   1.0107012541944795               16
  0.94186288623084358               18
  0.97868867124312198               19
  0.83533953625547275               21
   1.0111409689893243               17
  0.68094899085790772               22
  0.54833431033247704               18
  0.74465310921144778               18
  0.67527316799553694               16
  0.53200055665809243               21
  0.43147387161987877               20
  0.71836789093991638               19
  0.78180816308545409               20
  0.49996348404700952               21
  0.47016195244531939               18
  0.40311961978131777               18
  0.42802287093030228               20
  0.38392545875819672               21
  0.40655331822258867               23
  0.56003186857441145               18
  0.35580791630733843               17
  0.44397139509886091               20
  0.62125890519427396               20
  0.38611690715740143               18
  0.52549979119232126               17
  0.51646010146536214               22
  0.81282461656717431               19
  0.58613854943598975               21
  0.56376093518212167               21
  0.54834635123876396               16
  0.64984326857598051               18
  0.55267965801499996               21
  0.39506647746125112               20
  0.51685942437587751               21
  0.60098407001213339               17
  0.72318614952580695               21
  0.85476768392327551               20
  0.58188659960625522               18
  0.86736549429609211               18
  0.81510585249116640               15
  0.98079361194643211               16
  0.77108697099556311               18
  0.82871578184799854               18
  0.94949947511316479               19
  0.78983088322828066               16
  0.90387245367356628               18
  0.99146434850192822               17
  0.71049006788917723               16
   1.0449798494457265               17
  0.88246463663738361               17
  0.90725159965384095               23
   1.0190503937742548               18
  0.81573552218849410               21
  0.65187847462433224               21
  0.89907926380482950               20
  0.90398449562417238               21
  0.97473516328044452               17
  0.60741852999034307               20
  0.55276949740060977               18
  0.56602541315804322               21
  0.83833553327952270               20
  0.70363575116262500               15
  0.49240023492883772               21
  0.66189129931764767               18
  0.55495298657798897               22
  0.50259008140656758               20
  0.34754984517665255               24
  0.55617282841025062               19
  0.45185727769915834               19
  0.52656569375493434               17
  0.19757152469090233               23
  0.34071339275838025               20
  0.65557227543437302               16
  0.64583842023128035               19
  0.39372153796843651               21
  0.44719780973064166               22
  0.61524611820261410               19
  0.47863271564601195               19
  0.75258603376463329               19
  0.59702850726767820               20
  0.50455072336338769               19
  0.53142044205173167               21
  0.68369128500113896               19
  0.36666512427701919               20
  0.84802003512420532               17
  0.66803440762263511               17
  0.53951960817429190               22
  0.77243168254384509               18
  0.75918632765867844               21
   1.0141548662618041               16
  0.86423345595758205               18
  0.96533841650829288               18
  0.93577213981642793               20
   1.0438789489471918               15
  0.90306587021648088               22
  0.87259613852587059               19
  0.70284665466139962               15
  0.87057190711085419               24
  0.97887721073635936               19
  0.96746103630094482               15
   1.1046629420261322               19
  0.83659364108530399               18
   1.0542831623526354               16
   1.0961014156915747               20
   1.1160775378330066               20
  0.88904951508622521               19
  0.66195566958969099               18
  0.41930847359337464               19
  0.84185175653387345               19
  0.67239337536535571               17
  0.82228292779717860               22
  0.82876510122037150               17
  0.53771216042079883               16
  0.88633031083959435               21
  0.46642595814587789               26
  0.66010119490471064               16
  0.70247561062013120               17
  0.38465672865878642               18
  0.44793882327935625               24
  0.37302860706685642               21
  0.50292626201765578               17
  0.45364134953522378               18
  0.65192733636950273               19
  0.61712673484409608               23
  0.73150018466049749               20
  0.49672449655667994               22
  0.26394545255831786               17
  0.50809215232774474               21
  0.28322798929907617               20
  0.84069960010094924               21
  0.71215656099609992               20
  0.80107751933979343               24
  0.68003650493020340               21
  0.70009373773073336               20
  0.51896171537640678               20
  0.66786076070020572               20
  0.62863582521518968               20
  0.55078457074165110               21
  0.79925322957134703               17
  0.88938381657424148               20
   1.0727096339913609               18
  0.99503795210999191               20
  0.87181189294773542               15
  0.96222649012816119               22
  0.96838689962295421               17
  0.98887415266113798               19
  0.92874925645314532               20
  0.93448134727507803               12
   1.0129203012949253               14
   1.0594498730571928               16
  0.94222510015813365               18
  0.91787073982010403               15
  0.90335054053718922               18
  0.87948755820767399               20
  0.96734787615120588               18
  0.54884655421343909               23
  0.57768683474901461               21
  0.98441166319080875               20
  0.74814456010398178               20
  0.79082793412530350               17
  0.81873492228037092               19
  0.77526647459785147               21
  0.64499390346837904               18
  0.90918786011569641               20
  0.55959772806245933               18
  0.40181578265526385               20
  0.53654543953387102               21
  0.30688258188587042               19
  0.63796653823035254               17
  0.60599406060839567               19
  0.53515560186784816               20
  0.76358878031245614               16
  0.56729349431968235               18
  0.40823845474219511               19
  0.66449505689814803               18
  0.89026934462281715               22
  0.55505251479363504               16
  0.41045657864722646               19
  0.64323771573312449               20
  0.13897224971641486               22
  0.34441188123623112               20
  0.81714642058923459               21
  0.50948315107806752               21
  0.70432288218549621               22
  0.76354933148937854               20
  0.67615561875544150               20
  0.88357511886270612               18
   1.0045226039595418               20
  0.96912550030587874               20
  0.94913620340339588               20
  0.85306623392291892               19
   1.1059556222448326               16
   1.1940509658966707               20
  0.94906499639485942               20
  0.92954866447676299               19
  0.94315047804026886               15
   1.1393396269475453               22
   1.0476055147713674               16
  0.83022371200572798               24
  0.85611569016304323               23
   1.0142768539930360               18
   1.1706790850585294               17
  0.75943528340083022               20
  0.82301191116041905               16
  0.95246252115925223               19
  0.71304530417339484               18
  0.69050601848231907               17
  0.43682469129974205               25
   1.0695469514206593               15
  0.71860100858192300               18
  0.78577737731451303               19
  0.77144754862836062               18
  0.76855053588153488               17
  0.57775003120441248               20
  0.73090424510139584               21
  0.62290080576571483               15
  0.41857935143692304               21
  0.60259688224105268               21
  0.48086351072084055               20
  0.66063839425628124               15
  0.79582594301908793               16
  0.60786125432866178               18
  0.37097327784097822               22
  0.40396113445417992               19
  0.70206160621166014               22
  0.75573976487060679               20
  0.77316613433677839               19
  0.52237745294170301               18
  0.62361215526018066               16
  0.68927518545704314               19
  0.64410675081448532               19
  0.76670626127748709               17
  0.67651010787823185               19
  0.52888089554691931               20
  0.77524791928491976               23
  0.74234966402306679               21
  0.84590232664359377               17
  0.66933751808988906               17
  0.74678023296822715               17
   1.0568103059495073               19
  0.93088329379152590               22
  0.91120123758043059               17
   1.0347605371370754               17
  0.89702280154113700               19
   1.0635702609732436               19
   1.1421100123767407               17
  0.91691580389373895               20
  0.95326843114476723               15
   1.1750686249657132               19
   1.0777479230817304               19
   1.0082846084653638               15
  0.91909439083334776               20
  0.99075075040802718               15
  0.92515882106329439               21
  0.84718971002240206               18
  0.98549666611737385               20
  0.91480532970026829               17
  0.85887231927307461               24
  0.81484936585449319               19
  0.66410595527963967               19
  0.62092167337280213               18
   1.0424099829157347               18
  0.88400679980980557               22
  0.74381040192143399               19
  0.68589987055713397               14
  0.62451154457916480               19
  0.66524949625694518               18
  0.60939078581221173               19
  0.58375640028580833               20
  0.76707496229836403               19
  0.59180656787757824               20
  0.46217234264795171               20
  0.33245309131816647               21
  0.51168964035974540               20
  0.73418513892314274               20
  0.78037526352466879               17
  0.89656342465547800               17
  0.67012883705363613               21
  0.70585653027101747               19
  0.58088283754429670               19
  0.79719327316505562               19
  0.44881494348283096               22
  0.67613215257548420               20
  0.73821295701741219               20
  0.72872001149271703               17
  0.70780860980753457               19
  0.90132953075254785               18
   1.0421773161315502               17
   1.0149479364735536               19
  0.87038133607692392               18
  0.90486101246905493               20
  0.89236662079597018               18
   1.1299758657123873               16
   1.1101307913267136               22
   1.1027107615222171               17
   1.0908292505471173               13
   1.0437623183975140               19
  0.74889958461116890               18
  0.95279362137016710               19
   1.0339152348628553               15
  0.91812099519102819               21
   1.0589779173798763               18
  0.85660674241679913               20
   1.1079145916366273               18
   1.0321835210473298               21
  0.76613324554149875               20
  0.89382015103267820               20
   1.0239899652033406               18
  0.65446354221297742               21
  0.97746149788734782               21
   1.0733382792286370               19
  0.98820653145315984               18
  0.63449690621809862               18
  0.89919508681209870               18
  0.38270404270083797               20
  0.91071613250484396               21
  0.77629405551217412               17
  0.74281925316018038               21
  0.60057081054854866               18
  0.84343874024706544               19
  0.45388231257448142               20
  0.64153823622555117               21
  0.75209196831964786               18
  0.87339199816206636               22
  0.47259657503746549               19
  0.91833403042947992               19
  0.74982684999799210               18
  0.70971368296275417               19
  0.55466499016208548               22
  0.40994610672494464               24
  0.58440670583168619               20
  0.92474332089430700               25
  0.99232861720970911               16
  0.99011655895641237               18
  0.94539769953475883               21
  0.73155923309874105               18
   1.0296010063778751               18
  0.61269176177671458               16
  0.75815213864447240               16
  0.96933210848114937               18
  0.94833034020525209               19
  0.96082630833066185               22
   1.1161143326432683               19
   1.3119393267679895               12
  0.93387327196906100               18
   1.1041883468182483               19
   1.1702876174370005               15
   1.0957064180580967               18
   1.1305234046576069               19
  0.99643545477360040               19
   1.0066398905161900               19
   1.0849914701246870               19
  0.93915638550766234               18
   1.1023131544709415               19
   1.1429952720198424               16
   1.1048747131860757               16
  0.59942092921785028               14
   1.0598669677207031               17
   1.1613976053211863               16
  0.88104115635077918               21
   1.0761796493098472               21
  0.89335799211890110               17
  0.90912052568299351               19
  0.69278519818630968               17
  0.84423483132775723               19
  0.83087677099777113               21
  0.95593437966698380               21
  0.85031133981562668               22
  0.87650015925440039               18
  0.86360779749716221               18
  0.56363014922343291               18
  0.53048466537818317               19
  0.91313221857127924               18
  0.75236668045034927               17
  0.45375952139383091               17
  0.85573350385504698               22
  0.68864632308562457               23
  0.91488431074672916               17
  0.64302529226226079               21
  0.61544964763445265               21
  0.69358609424025863               19
  0.88952371000913599               19
  0.57768070106023273               21
  0.85836391839988069               20
  0.98334209662616445               19
  0.66751906099480363               17
   1.0197855517958820               19
  0.57851336605062542               20
   1.1102061079815708               16
  0.92301418054252349               19
   1.0302659551447222               17
   1.0782627261558766               21
   1.0947108190687413               15
   1.0271921278227421               19
  0.99161754438389849               19
   1.1209044900776746               15
   1.0141104994433543               19
   1.0093744749704217               15
   1.0569581948808517               16
   1.1619749241527491               22
   1.2676253911904527               18
   1.0840711406044139               19
   1.0879269050604292               15
  0.85986689395417504               20
   1.2882210393522577               15
  0.83890460193622207               18
   1.3087313423410285               17
   1.2042626233085012               14
  0.76633088606041921               19
   1.0630796834187217               17
   1.0414569581303987               18
  0.92381845747115643               18
  0.87278514980737287               22
  0.35649034201295760               18
  0.81174899331120387               17
  0.87936101011927326               21
  0.90860669060609844               19
  0.66228529779572298               19
  0.65232638004492294               16
  0.59610312135225341               21
  0.79131821954856996               20
  0.75746853185612983               19
  0.50635837881121892               18
  0.82894521186635017               20
  0.91597299211503069               18
  0.51588169904841896               18
  0.66073614888205445               19
  0.98710029323719550               18
  0.76035578185544739               18
  0.46799975873864175               21
  0.88927442354018993               20
  0.98340595893190130               20
  0.67676623422897964               19
   1.0433345009694799               17
  0.93923033498122488               19
  0.81551051355606208               17
  0.72860977106766667               16
  0.88052353008261064               19
  0.82966471379244633               21
   1.1404727375240842               16
  0.80972994367475848               18
   1.1660437954486684               18
   1.1970591105816017               18
   1.1222626742283974               20
   1.1290670514251955               20
   1.0620229240933636               22
   1.1742069495899701               18
   1.0747014133159494               20
  0.98959596102295555               15
   1.2178558037473646               20
  0.84461623550844289               18
   1.2728014788703739               15
   1.2356756145859016               20
  0.99721606361692250               18
   1.0308476634997015               15
   1.0325073430490168               18
   1.1018120043483650               19
  0.86740084945262996               21
   1.1481330349317322               16
   1.2110381177246856               14
  0.88854679051025720               21
  0.80899904370690534               16
   1.0470474465542283               15
  0.80598538602736169               18
  0.73777300880424856               17
  0.74275434223246084               19
  0.72752306479602602               15
  0.81851068962832962               21
  0.88197767453071974               19
  0.91557635071801791               18
  0.60310128650666250               18
  0.83775550844826252               16
  0.69973433584613376               18
  0.93175090099433966               20
  0.94930201114048551               18
  0.66224466216040201               23
  0.94876768738528139               21
  0.84990363129069479               17
  0.62735908104813543               21
  0.98034309417649168               18
  0.84125276564332763               19
  0.94323282505584594               19
  0.81143232422985700               17
   1.1564400296417006               15
  0.86104949802783615               22
  0.93696592618310115               19
  0.63004452542981582               20
  0.91416631312656971               18
  0.81810700461181263               18
   1.1917593535873066               13
  0.99052862290176447               19
   1.0586441564073614               17
   1.2203814502417172               14
   1.0935987254404436               16
   1.1996438150415847               20
   1.0190575091515703               19
   1.2093466701909277               13
   1.1098053065708224               20
   1.1385786180687589               14
   1.1311610876493239               17
   1.1975478990664026               19
   1.2174666455330592               20
  0.95423313135820409               18
   1.2613613638393639               20
   1.0827599994577048               16
   1.1304848526706199               22
  0.91246473674271888               20
  0.91485052310986759               19
  0.81362638967831225               19
   1.2038511197621908               15
  0.74910415820541576               15
  0.90654032749403290               20
  0.69219063793750479               17
  0.96893468593658183               19
  0.72570982065586864               18
  0.85745585999833851               17
  0.95552137095774603               15
  0.83456631681552917               20
  0.57660890817788590               18
  0.79200220318454484               17
  0.74679335425416082               21
  0.94380920877639940               23
  0.99311839386221878               19
  0.94417275714041182               18
  0.97334940407830628               17
  0.89068435415273528               21
  0.77803460968933358               21
  0.80307288809005395               20
  0.89553653536125066               20
   1.0313375097949273               20
  0.90039398900305001               20
  0.81524065571143645               18
  0.98989026985930861               18
  0.96031314314069671               21
  0.68539407427059729               16
  0.87158498013257413               20
   1.0683141564202712               17
  0.92053856626636721               19
   1.0924815521648095               19
   1.0260681455436387               19
   1.0832222417497781               18
   1.3505632357051838               14
  0.96948606521194747               21
   1.1214526303031973               20
   1.2752232411401483               14
   1.1677182961319765               18
   1.1469992114695959               17
   1.1189611328606601               20
   1.1581989933561230               20
   1.3132238809737482               14
   1.1658921028483089               16
   1.0061164225104557               19
   1.2705161963538849               16
  0.93926386134283346               23
  0.98396515234402604               19
  0.87391889869928707               18
   1.0147295599924409               20
  0.95157429773261359               16
   1.0177156766065658               20
   1.1353234054494030               19
  0.94927824349980539               20
   1.0400092558960516               22
   1.0979244459303383               17
  0.78480749603255540               16
  0.88206702230606326               17
  0.86115531750972274               17
  0.89794946890821348               24
  0.82788407012722343               23
  0.76565802280987016               15
  0.97882915553859051               16
  0.53027498859204980               20
  0.78457240330607392               17
  0.73039775940662299               20
  0.97167567814408495               21
  0.95590358599350522               22
  0.89363531683730668               23
  0.88413788980865937               20
   1.0004711330105451               20
  0.79619171211138662               19
  0.73225476191661409               22
  0.82491890586561056               23
  0.90768557162181740               17
   1.0426593164210212               19
   1.1031124157579335               20
   1.1609493609872397               15
  0.82469164854305332               18
   1.0852328826208133               18
  0.75750630107902783               21
  0.96595986911539788               22
   1.1791121232702446               16
   1.2659608522617567               14
  0.99089178637513020               19
   1.0735897885404486               20
   1.2651083088712072               15
  0.92941509388782284               19
   1.0960513625882540               19
   1.0341891375360195               20
   1.2015896722022441               19
   1.1518397078295779               17
   1.2395358239484791               18
  0.98346129813266392               17
   1.0865112037232649               15
   1.2640426694866038               15
   1.0637352513165323               21
   1.1577375180951761               16
  0.97064024112282965               20
   1.1623121202975442               17
   1.0324492410138895               16
   1.0497965565258074               16
  0.79852048058957759               17
  0.99267582323769199               20
   1.0304933442167268               17
  0.97478600236837254               21
  0.93619517017244935               17
  0.86098560526555279               19
  0.76470139687128458               20
  0.99858033438406657               18
  0.96058363395682489               18
  0.79939698439456552               19
  0.80251529673931743               19
  0.84669524768716165               20
  0.81910591845524927               20
  0.76004137788323067               20
  0.89997974979320883               21
  0.78597662554437597               19
  0.96594425924316640               16
  0.71664028240084798               19
  0.97009413463287475               17
  0.99619322760832962               19
  0.82160325727163275               22
  0.94331075417279509               21
   1.0003552602512855               20
   1.0273832631880118               18
  0.70789624442118937               20
  0.91743739942465952               18
  0.78223286917889268               22
   1.0564008998711452               16
   1.1710294921427964               18
   1.0910850365548839               20
   1.0090395801252952               17
  0.97472399108434349               19
   1.1348769469301425               16
   1.2253872019523697               15
   1.2882972272944746               15
  0.99253111933768978               21
   1.1863605848918068               19
   1.2572266069560010               15
   1.1854424014934355               19
   1.2580205757046585               17
   1.3362162746378989               14
   1.1897462790996447               19
   1.2496067985197570               14
   1.0755588676980263               15
  0.93096308248927484               19
   1.1197872808810874               16
   1.1707891058549083               15
  0.97548248065137066               22
   1.0023502384801095               19
   1.1241661480015697               15
  0.91063559525580640               18
  0.93873251800716007               23
  0.93707835695399821               25
  0.97065589051108103               16
   1.0124087917342197               20
  0.85394719755446624               18
  0.90286145156837205               19
  0.90804288031831781               24
  0.93263506031359189               16
  0.93585274324527978               15
  0.89711856752768881               20
  0.91723502430019099               18
  0.89273486473582686               17
  0.86400383347720111               22
  0.95541102997433025               18
  0.87210603615639470               20
  0.83595872019219908               23
  0.84451555356115537               22
  0.98545461834611847               18
  0.87861547218127800               22
  0.70350685116828127               19
  0.82577900517444836               17
  0.95227446734714238               22
   1.0306226368355151               20
  0.92396003095733337               23
   1.0407377655377394               17
   1.0230129562252936               20
   1.0000458359505398               20
   1.0111577723875202               19
   1.2356050968559156               18
   1.1709681574208279               13
   1.1418357109634865               16
   1.0845804123344203               16
   1.2882308113141701               14
   1.1880903662664932               17
   1.2508220779190671               14
   1.3051861832994984               13
   1.2148478289060431               18
   1.2482227198453557               14
   1.1438621409716843               20
   1.1620777717562809               17
   1.2118150128395935               17
   1.1099839206684918               18
   1.2006389139002318               21
   1.3248441926507144               13
  0.93437522485549052               18
  0.95139744075285115               17
   1.1009966294527542               14
  0.81578343943698506               19
   1.0415840566279804               17
  0.96327411032210297               16
  0.97204754787380132               18
  0.90423680056847755               22
  0.93653372470875340               18
  0.67643242224704880               21
  0.94260319269357895               15
   1.0964502178536379               17
  0.56798822859158249               18
  0.34318954817681480               20
  0.88947828918016569               21
  0.98814087088733815               16
  0.98485256078834071               19
  0.90182994506521852               19
  0.74860655044124580               21
  0.93478398802140006               17
  0.81656233546204016               19
  0.91319863762294895               21
  0.60691889846748459               21
  0.73127569363665346               20
  0.86926253108548468               19
  0.83434878564274262               19
  0.84149193081882701               20
  0.81640589034977518               23
  0.79375639440690515               22
   1.0370307637137730               18
  0.68052354610363097               20
  0.95003887450980151               18
   1.0129305319633002               19
  0.97155899833369819               21
   1.0338656414698852               18
   1.0866167556681139               17
   1.1349747999265962               16
   1.1469130399221408               14
   1.0993417538747228               17
   1.2219037626826728               15
   1.0912987170985149               20
   1.2800260822608795               15
  0.87200700858696323               21
