   1.1456914162284368               15
   1.1706813772556994               21
   1.3312339205756394               18
   1.0600138852076366               20
   1.0326950387492373               21
   1.0710599465722390               18
   1.0137234434544504               23
   1.2119070675416184               15
  0.74561520111519375               19
  0.95322533455638447               23
  0.97643602386638606               20
  0.92486262187856660               22
  0.84246970255189890               16
  0.87370567339009109               19
  0.80120387560093165               18
  0.85299102607129718               22
  0.79139444647933477               21
  0.95502368011735572               17
  0.86106454906920682               24
  0.93576134425371837               19
  0.72476935106100004               19
  0.50846465035548827               17
  0.82648641023849423               21
  0.58034950409749664               14
  0.76081678239612149               18
  0.87789346145166181               19
  0.65335895711514935               22
  0.91100890630238585               19
   1.0275073723016677               17
  0.91297319743548322               19
  0.93422665826393403               17
  0.62802773144116497               16
  0.86998097697255550               18
  0.83727225487643242               19
  0.75002189881484205               18
  0.95744882885470617               21
  0.44226964755012321               16
  0.99330407628245199               16
   1.0363098200061331               21
  0.99863932688166712               18
   1.0278418280506265               16
  0.71027138859919903               20
   1.2156679558435195               13
   1.2474044228222119               17
   1.0374336946330045               18
   1.1735250409574609               16
  0.89554674246781074               19
  0.96003158100046537               19
   1.1180758010003591               21
   1.0940480615877468               17
   1.0921042092713362               19
   1.1636030536918740               18
   1.1979394754854999               18
   1.3258281110286674               15
   1.0411038993194273               18
   1.0001879769048845               19
   1.2086036832809381               14
  0.93614883083716205               18
   1.0787651064189492               21
   1.0749314174524023               19
   1.1353244871881387               17
  0.93603901162819980               16
  0.99171980401931936               22
  0.95612938597858832               19
   1.0437012793270410               15
  0.94628278994698989               16
   1.0372134143745317               16
  0.79783735362659192               20
  0.91304841920211655               23
  0.86481904040260749               20
  0.78229157513728631               21
  0.98621496728383840               19
  0.73209344102711182               20
  0.92753318459952994               17
  0.93980553249779553               19
  0.83639861425424566               20
  0.89489922959987234               22
  0.87494827281068921               21
  0.82946211873857056               21
   1.0601514718290255               18
  0.95259280301774907               14
  0.83693128543059458               17
  0.95473192680321406               18
  0.96927666788043298               17
  0.85674446948789063               19
  0.85134774002082536               17
  0.98224349231934205               15
   1.0357322245316654               20
  0.89472569513227174               18
   1.3195447379883587               15
   1.0759568246654942               16
   1.0426553875313613               21
   1.1092871726160285               23
   1.1149849596001526               18
   1.0145432388852322               22
   1.1559290322094422               15
   1.2029718522268156               21
   1.1374430932587016               14
   1.2610001813598788               15
   1.0099450299851167               19
   1.2286660785345436               18
   1.2720921450129634               20
   1.2927786943874586               16
   1.1797044261927754               16
   1.2750427738069969               16
   1.2889372423303398               15
   1.0277297557817224               19
   1.0438760736825645               19
  0.99717049238159206               19
  0.92194961173847634               17
  0.92702025720568582               21
   1.0567716956409938               15
  0.77863522362788240               17
  0.98994997763205561               18
  0.78250147736782216               20
  0.90511130786473193               24
  0.68834356701582999               18
  0.98831703581425445               20
  0.89974341143881142               20
  0.89535273397767845               20
  0.96220861317254247               18
  0.85130824973919661               18
  0.79757946412031022               21
  0.88825763090733056               19
  0.81697306516554447               19
  0.78101740376909079               18
  0.92446253880248108               18
  0.95037415561280847               17
  0.88479768632181233               20
  0.70237289604021302               21
  0.71048068842509093               19
  0.94227363647900109               17
  0.96865885625305093               17
  0.80102727303752908               18
  0.89299163299727413               19
   1.1620114535794095               21
  0.78742640021739496               22
   1.1046661226789440               23
  0.98975280367035334               19
  0.96925897400433536               16
   1.0317573968263363               21
   1.0938475558641316               22
   1.0663476315473108               18
   1.0505613491405235               22
   1.1377062725701899               20
   1.1975935225897401               16
   1.0546048661546175               19
   1.2317742635447486               19
  0.84964239760090998               20
   1.1622578613594075               16
   1.2119335950906527               14
   1.2556331299310461               20
   1.0996874135540069               22
   1.0407905196182192               25
   1.1845695348003478               20
   1.0531590358190435               18
  0.98470023761060976               19
  0.80411354663631607               18
   1.0442025363896208               17
  0.76657254828683552               21
  0.87301315906480703               16
   1.0322420208890195               18
  0.85949144154653689               17
  0.75788819394333917               20
  0.69592515387563358               20
   1.0356185231150756               17
  0.84807650396221113               17
  0.97705491009171541               19
  0.97031393813464528               18
  0.81621215042316519               23
  0.72095522227566999               21
  0.91195908592246522               19
  0.85283966826804181               22
  0.60745120668837249               21
  0.99454055813625997               19
  0.66376056177922016               23
  0.52588497885684371               17
  0.74049456909553057               19
  0.91605290514681770               19
  0.92028091193557826               19
  0.70099967768151938               18
  0.69907839783313175               22
  0.88440695247750600               18
  0.77960791282807729               16
  0.56964345336154476               17
  0.96666994392421435               17
  0.99183840554032665               16
  0.99359426744652468               17
  0.60867630979198850               18
   1.0101482827331325               20
   1.0819183979864515               22
  0.96180446758175153               18
   1.1876725934585075               18
  0.98756479900841210               23
  0.97402531316227703               21
   1.2405833819329015               17
  0.96163532486621217               19
  0.96403435110699631               19
   1.0994545376936895               19
   1.3608384571228693               16
   1.2114204312083161               20
  0.79757004327849335               20
   1.3035898829499573               20
   1.2436765217460546               20
  0.85813751376035396               19
   1.1986669770837604               18
   1.1244012509396291               21
   1.2802814561058518               18
   1.2259345670382549               15
   1.0896779811899799               20
   1.0559048986835176               21
  0.96080235206430020               18
  0.99123240827629944               21
  0.61449986644297716               17
  0.84694885763759353               20
  0.87046332562994622               22
  0.58701466723389706               18
  0.96394498379904792               21
  0.91875369349716374               18
  0.81759373547652914               19
  0.62234211273213869               15
  0.72185927414159612               22
  0.92845795050884095               20
  0.97735211352631013               17
  0.64049711701915557               19
  0.86664741166269199               22
  0.72416507079949288               18
  0.62441076443111598               21
  0.95481503457945294               17
  0.97052925413610058               17
  0.49451452895995246               20
  0.81675499049307965               20
  0.93456279339804027               15
  0.71117161324269162               20
  0.82720968201896827               20
  0.62521166444752285               20
  0.87098136592581510               18
  0.90877697147355241               19
   1.0874428638013085               19
  0.75000548689645774               18
  0.81175522860317362               16
  0.95190480553254941               16
   1.1748370426382893               18
   1.2171688882345939               14
  0.88615664300765207               17
   1.0685924117757866               19
   1.0513338040389641               20
   1.2611003929049831               16
   1.1842676290503800               20
   1.1328422954706625               20
   1.2264283570593029               14
   1.1650514531724792               20
   1.0700299253477648               21
   1.1391093389146323               15
   1.0201951222760812               22
   1.1568340836237152               20
   1.1537121350108528               15
  0.92350237690582937               23
  0.79461711333735119               17
   1.0333822351706510               22
   1.0178792748250236               22
  0.86359345952277744               19
  0.92001562020373173               18
  0.85464935772245298               17
  0.94771759359911634               23
  0.79572402625833960               18
   1.0611844040171876               21
  0.70692539249598318               20
  0.89781178843961440               18
  0.82750318448317495               22
  0.95837873341726687               20
  0.51126974548481785               21
  0.59416752386758154               20
  0.87539930723222481               20
  0.34002451358199881               17
  0.75404089783540507               20
  0.42278363898162369               16
  0.87553612914788614               14
  0.42802478084005441               17
  0.65831806564471707               23
  0.78715331111147369               19
  0.72862062852615295               18
  0.84646179543122402               15
   1.0455171579780840               21
   1.0489523621073855               20
  0.74106743201640879               18
  0.92229910765502932               18
  0.93752630062822784               20
  0.60869334877962911               16
  0.76548672582841115               17
  0.69623650007846083               17
  0.88636496707745727               21
   1.2466512925630637               15
   1.1332082120497264               21
  0.90617991113749041               20
  0.88944978283205567               17
   1.2691953310458215               17
   1.0956782296818826               20
   1.2985819635915725               12
   1.0382728304858120               20
   1.1517457604151118               18
  0.97311063136542764               20
   1.1218407356218807               17
   1.1759284819921390               15
   1.0900803141009632               22
   1.2041458357682497               15
   1.1013104419829742               19
   1.1003915721292468               15
  0.95458788139032424               17
  0.89074370658049162               16
  0.99418269448166008               18
  0.85244141270577012               20
   1.0804608678158074               18
  0.88476894653799465               17
  0.83227630866008695               20
  0.72206787364255609               20
   1.0760765799904126               19
  0.63529938648520545               21
  0.68767932852380287               21
  0.75711948202459045               21
  0.78686800320775641               23
  0.68063534878015697               21
  0.68407968835704092               22
  0.65773971656397257               23
  0.53629770520602160               17
  0.72707726446217613               20
  0.29335482216838510               20
  0.41661903665593109               22
  0.90670996594784359               17
  0.75538294569902864               20
  0.85314188803995072               19
  0.52128056699626435               20
  0.79374190525412269               19
  0.84391463040995729               19
  0.67112694406459461               23
   1.0162355786344697               24
  0.67412017381736244               15
  0.99349876364701217               16
   1.0842282942371708               21
   1.0545366954924060               23
  0.80659183947151525               20
   1.0662902106271337               20
  0.97979955104536098               19
   1.1839856529303019               18
   1.1623900500248479               20
   1.1599441052690580               19
   1.0004482483353214               19
   1.1138107048254910               20
   1.1265365669126655               16
   1.3125146777485288               12
   1.0215005825692833               23
   1.1309550696929067               15
   1.0256481356430052               20
   1.3244047596086606               16
  0.94291064806244052               17
   1.1305072141265275               21
  0.69186848542867851               23
   1.1501465105253672               18
   1.0107429599891056               20
  0.66898622989785361               17
  0.68605074640065655               22
   1.1571820150841543               17
  0.87407337742669389               17
  0.76329939458895313               17
  0.82764944603962631               16
  0.80724813259590411               20
  0.69510874656583366               17
  0.98631959712709927               20
  0.93830694330928477               16
  0.85096552598111952               19
  0.69802500174650584               20
  0.74804523894632757               16
  0.91089729463686486               21
  0.80423050417263897               22
  0.48478349448947011               21
  0.22921565759977314               23
  0.80064409353104893               20
  0.54866737824914757               21
  0.45916750300126619               21
  0.77885617562560450               21
  0.72291412344553552               18
  0.59170888027218105               17
  0.84911931429785314               17
  0.72824121116538865               18
  0.93837363788952732               18
  0.60013027922871587               17
  0.92328496448650732               19
  0.78927129874528168               19
  0.89302467183714884               18
  0.81163161977864684               18
  0.99763658237682473               23
   1.0885560856803420               19
  0.95011428450256163               21
  0.87059270074615913               19
   1.0093387109555005               21
   1.0796481697153226               20
   1.0789088417821879               20
   1.0641868908410326               14
   1.2018121607183909               16
   1.2713590267419748               16
   1.0753524482248549               15
   1.0409371671013652               23
  0.98128606835929899               20
   1.0857075990137681               18
  0.90434942557811782               19
  0.94184760315384297               22
   1.0801877579301544               20
   1.1330653670396900               19
  0.62707793426081149               16
  0.74287621535141524               20
  0.84380871756457188               18
  0.96566797647972658               15
  0.76652193107396649               18
  0.93048157304452117               15
  0.86334678361532113               19
  0.63785581098081745               17
  0.67732920219658488               17
  0.88560668173568025               24
  0.98293031934126984               18
  0.83712819180243270               16
  0.84577513269411364               20
  0.73177009010477689               21
  0.72004912406309873               20
  0.50709262538184130               17
  0.44997430915721848               20
  0.65930207980339561               16
  0.41589980781578728               22
  0.77236237402209162               24
  0.56602506242261208               22
  0.59220538521534749               19
  0.76209876959598699               17
  0.48970375333083471               17
  0.41214667889806705               23
  0.52393930300863123               20
  0.63921370117581766               16
  0.94797513554427004               20
  0.69139366434485849               18
  0.84282487784310589               18
   1.0125439851739462               21
  0.88491046000325513               18
   1.1322690738363976               16
   1.1263549566674946               16
  0.88945325496440142               19
   1.0188153921780880               16
   1.0197086236093014               19
   1.2623214183791129               16
   1.0686149384372370               20
   1.0114181674626521               16
   1.0253970926523941               14
   1.0706897385440548               19
  0.88267419939934944               19
   1.3280198882520771               14
   1.2370762407562064               16
   1.0744321504750538               16
   1.0843235606155346               18
   1.0509285555568162               16
   1.0657482152332798               18
   1.2039396841359575               13
  0.70643895980165283               21
  0.73343672093266565               18
   1.0147137080922040               18
   1.0299805540625371               19
  0.73509854284284626               20
  0.64766863300050515               21
  0.75068305940683977               21
  0.77185622689896349               18
  0.61518081944046632               22
  0.43838603124711867               20
  0.71861864332086833               18
  0.88047465603716712               22
  0.89562854648508139               18
  0.76722935698802341               21
  0.59721681472723454               20
  0.40846001879122351               24
  0.45285714423595957               23
  0.65362016858481342               22
  0.74876253477879007               20
  0.96457290065728163               15
  0.71425557024994257               17
  0.42669654912220212               18
  0.90055279356502482               21
  0.62445055942112382               16
  0.69024868905575198               22
  0.97180879056291802               20
  0.65184840367848029               15
  0.92540979115698618               17
  0.56017399633185150               22
  0.86557125511411293               18
  0.93405233296008383               16
  0.92689520176402740               19
  0.76111251630996313               20
  0.97056379822012140               16
  0.83946115358567364               19
   1.2081335590449054               13
  0.96481668324259429               20
   1.0956165549019818               16
  0.84181037024353822               21
   1.0536432466502546               19
  0.91124799844096449               17
   1.3580376518822304               13
  0.94700331323003539               19
  0.90367132213547752               19
  0.95402388184854270               19
  0.93127826024844895               21
  0.81676996529040402               21
   1.0467372964023109               19
  0.70189582450328403               19
   1.1150117117747245               21
  0.86856302940796626               20
  0.96430006688681136               20
   1.0111709805694766               19
   1.0769273095912997               21
  0.51688793075998118               20
  0.50693113962202963               20
  0.49823579303632248               19
  0.81506867534522165               15
  0.76646862125517334               19
  0.71346405225865350               19
  0.47377144854328751               18
  0.49589164331770352               19
  0.66376610322754626               19
  0.62705937051426586               19
  0.57401156352061966               21
  0.50610806186109702               23
  0.57385587721271147               17
  0.28554983471026207               19
  0.83311965382560405               18
  0.64980107807702092               22
  0.50986546459356530               20
  0.36443766263605437               22
  0.68024858452115500               16
  0.80636997408776900               17
  0.84686926272892238               18
  0.98341294274662205               20
  0.62299017089615361               15
  0.84307384982313061               18
  0.81045443532824257               19
  0.51775478302709799               17
  0.79441211327052541               22
  0.63937673603791156               15
   1.0296230525549852               20
  0.81825415983221617               20
  0.79461006762268649               19
  0.71400496766255495               19
  0.94658391399089592               18
   1.0333914899621381               16
  0.85507558992213872               20
  0.95045998893688333               16
   1.1166059319709618               14
   1.1962939470780340               18
   1.0327785213975857               21
   1.1355375051215373               13
   1.1091454812328845               20
   1.0408975881428373               15
  0.95998038085833115               19
   1.1223063399947739               14
  0.59012661362685148               22
  0.82340107060444823               17
   1.1365476365046938               16
   1.0144549463661108               19
  0.99347317861365081               20
   1.1059367293316340               20
  0.56170600200680243               18
  0.65441906738699274               19
  0.67905023613509996               18
  0.73196499583190611               19
  0.80186733078035211               19
  0.60069744012216109               22
  0.75153267911408783               22
  0.46778353900726904               23
  0.54512743558264809               21
  0.66439461805066335               20
  0.42999320604011615               15
  0.63564161633843685               22
  0.60796937439072152               22
  0.41603581140105561               21
  0.61168727103102905               20
  0.39584424237883220               20
  0.33472163532880284               21
  0.39283037704982066               16
  0.40787055753415175               21
  0.83542809146167685               18
  0.68545264393497707               16
  0.79805018533285421               21
  0.45802442120660219               21
  0.80637871655614779               18
  0.74871124665491129               15
  0.79919100991110192               18
  0.79458979208333902               17
  0.93294740489452943               19
  0.82483668905688901               18
   1.1224050541145856               22
  0.61272359421642708               17
  0.77101005403375567               21
   1.0724595552560892               19
  0.74144548297213264               20
  0.81601323637080125               21
   1.1916727209585705               19
   1.0664896704611861               14
  0.98624432528205330               18
   1.0626140795449028               16
   1.2400701153290010               19
  0.92481965208946582               18
  0.93794825709407170               23
  0.90260474576093863               16
   1.0348123584102404               19
   1.0027207142404069               19
  0.77927912380622277               18
  0.75788567443398436               20
  0.74393396588565941               18
  0.91047229664589158               19
  0.77420558472295453               18
  0.76926547965075287               16
  0.87930793258482942               18
  0.72694442536841941               19
  0.50561786459647340               19
  0.77543042682488650               19
  0.49844947400308776               17
  0.52961877996613493               20
  0.48238175734167205               21
  0.68910506708199415               20
  0.49781972780848410               17
  0.67669690880492972               22
  0.49065763751064978               20
  0.53149088076094586               18
  0.67824911893455142               23
  0.29340574381054685               20
  0.22583956673586347               22
  0.64868261205283539               16
  0.48902930715896170               21
  0.59105483040076467               21
  0.54762395972323619               15
  0.71350958125749941               17
  0.42594291222222591               16
  0.59104777631715155               20
  0.53123979363199769               18
  0.65906337553147287               20
  0.97436799060583157               22
  0.45905109391376575               20
  0.75907625191361860               17
   1.1913971813313642               21
  0.80632184261999795               20
  0.64900992065722884               20
   1.0904107473084645               18
  0.77230425506977840               19
  0.64866496582601307               21
   1.1220964927612040               14
  0.88546036839050113               19
  0.97184310667368345               18
  0.80948513817412360               19
   1.0020099228067840               16
   1.1730932807025756               20
  0.91163448073451769               21
  0.95670183569138534               18
   1.0122732248587232               15
  0.75159881874040124               19
  0.93886561127323331               17
  0.93135891216553246               18
  0.49182190092455436               15
  0.96901752640843553               21
  0.39155781657496513               20
  0.57910085837519143               13
  0.59173288554897474               21
  0.95808240024737512               20
  0.70598758393660643               21
  0.72835734738906432               19
  0.33148711464322878               19
  0.53547407611614539               20
  0.72729237115631495               20
  0.70492822078387940               18
  0.36766498926280955               17
  0.24341963504057004               22
  0.46172102192718339               22
  0.28789514084648254               20
  0.47672635271128971               19
  0.83845586048340925               22
  0.62253243929541724               19
  0.33831102155309389               21
  0.31582529614769195               21
  0.72670109299366203               18
  0.58973374824235902               19
  0.31244981562937474               21
  0.70698127393180421               23
  0.63167603319808785               17
  0.46177722451818382               16
  0.91338048788846116               18
  0.97497257189642428               18
  0.76201845046765793               18
  0.92653724825689410               20
  0.96772102453785236               18
  0.59878285605603543               17
  0.89176255048164521               19
  0.89176516540355621               19
  0.84507810600829647               18
  0.81672643212861618               20
  0.85820699869475059               22
   1.1479435535963136               15
  0.99443475588623409               21
   1.0379467610230320               15
   1.0060814993109224               19
  0.79793936453755010               20
   1.1811164335757318               16
  0.97336704828727028               21
  0.77911796019913937               20
   1.0579274512927308               19
  0.87279215968706270               16
  0.38882451821283509               19
  0.65964896440407605               16
  0.60815204231680819               19
  0.97677786969705283               18
  0.82505350870110461               18
  0.92511160984120844               20
  0.42910944072565421               19
  0.60861196117599470               17
  0.81833953397826176               18
  0.46337525616219616               18
  0.62077042684533013               22
  0.39971777851850737               18
  0.40693892429218742               20
  0.56493333997145989               19
  0.36270479561846375               23
  0.23104486347515490               21
  0.57181835131409087               22
  0.73757700890453071               22
  0.26775283341003975               20
  0.50079721553209711               20
  0.65753404795228254               18
  0.28744461052952286               19
  0.55340275344540801               22
  0.23096512580850861               18
  0.35745995828379346               21
  0.79791064512402787               18
  0.48266293089918666               19
  0.35372999814925166               21
  0.67568513543716657               17
  0.90833535847342872               17
  0.38031742695955983               18
  0.76131188855561138               18
  0.71270789015630298               19
  0.63674205425120978               24
  0.54875201380698824               19
  0.91854886724113671               17
  0.80253086696687848               21
  0.64695915885796462               23
   1.0675832754470795               16
  0.76878937990416840               20
  0.93632224505832495               18
   1.0182032896769357               15
  0.83278310632547847               21
  0.73958442749049336               22
   1.0447830448888638               20
   1.0524176148632955               20
  0.83460038534905323               18
   1.0129259076289254               16
   1.0107969203432667               20
  0.97632170671092311               17
  0.80706311254708851               19
  0.85926640606705529               13
  0.54874584447877062               18
  0.87421127068295013               19
  0.43226707428020905               19
  0.64476435298755785               21
  0.65956038386732485               19
  0.59617467401427504               23
  0.59113320490726340               16
  0.44389521736170950               21
  0.59145755927970156               21
  0.69402626618335050               19
  0.36408237105238367               16
  0.37535221720623990               20
  0.53164945235354732               17
  0.27888952368923947               21
  0.47953967626284283               16
  0.32380021783760560               20
  0.67153022455939626               24
  0.31776585261207801               20
  0.32738066857532794               20
  0.38259827937683194               20
  0.73125217326013148               18
  0.44295639175583063               20
  0.25742822318979941               21
  0.72743942961066721               20
  0.49070377073918720               21
  0.50865225837794525               18
  0.57783884274051966               17
  0.48973882601410190               18
  0.74131803601105584               19
  0.52898711309596891               21
  0.70904422670213152               20
  0.67341778073123004               17
  0.91014677904013475               19
  0.69407616852049636               16
  0.89633152316849551               20
  0.49406186760311421               16
  0.31730532018241253               22
  0.74437776844577053               20
  0.95726431257676281               21
   1.0202836147241390               16
   1.0866283369802054               14
  0.75598148761190842               21
  0.87439951146945893               19
  0.80053592316335342               19
  0.95510903889909382               14
   1.0128424136818588               16
  0.99265337710308699               18
  0.90212268576684618               17
  0.49042674332205960               17
  0.71138227113215324               18
  0.53191744927994689               19
  0.70918005079620261               19
  0.48803059619050604               18
  0.46183813878710439               19
  0.38635837082212471               23
  0.65704341416332890               19
  0.68044904319885247               20
  0.64072565331652642               20
  0.46480248014925252               21
  0.65974329937581577               16
  0.48056621094936214               22
  0.39552000802722015               18
  0.27974467560899741               23
  0.21115198320671960               21
  0.35972687891608202               20
  0.18956570676276011               24
  0.53728359960763739               20
  0.45881476740440702               18
  0.42405020356369605               17
  0.22326749227312198               19
  0.36899729152819405               19
   8.5050348142095999E-002          20
  0.54925026333369242               21
  0.67204572133418294               20
  0.16429859558610432               20
  0.69618215424122187               17
  0.61751695321340183               23
  0.39062092399365661               19
  0.39550323779338903               19
  0.82353126441731250               19
  0.58062666958799636               17
  0.59562508463531172               17
  0.58965430540622454               20
  0.88001533789888908               19
  0.83438947494118554               19
  0.90009139100155966               24
   1.1041362504609971               19
  0.98518165524688861               18
  0.59068250403819711               15
   1.1958361052126256               19
  0.95928784149572743               17
  0.92506597254350820               23
  0.92336282611649911               18
   1.0139709789888898               17
   1.0568056209213781               16
  0.63315564330197172               21
  0.69946473638937889               19
  0.81626459425908704               17
  0.82346695000568382               19
  0.87033498743737225               19
  0.69141368570326256               21
  0.85882598898183149               18
  0.80836475009812470               16
  0.52842975130115077               21
  0.57548510837934264               19
  0.41124166705200377               20
  0.74939620162798437               21
  0.60442915510360473               18
  0.41779341821519100               22
  0.61755229073337348               21
  0.48996947406134933               19
  0.36036370838219106               20
  0.44922032690021013               21
  0.27196896726150738               19
  0.15720182388263432               20
  0.21842665601047839               25
  0.58623915072187371               19
  0.35762705896525271               19
  0.13605014202653881               22
  0.55261735620701580               14
  0.66872384067546375               16
  0.53652829345280384               21
  0.33066729862196026               21
  0.36551128310655778               18
  0.52958642547675117               18
  0.37320358600262810               17
  0.90844717117670559               20
  0.78461758625142186               21
  0.49774656075341617               16
  0.66548571390637168               15
  0.76126961759188472               19
  0.71657841154109536               24
  0.96365749715234783               19
  0.87278880038899975               19
  0.81271519411370496               16
  0.95200908607460455               23
  0.68704030748681566               24
  0.76819377397054955               23
  0.58460458758662848               23
  0.89600022550258918               19
  0.99067003072355952               16
  0.85711800158854512               16
  0.90988313033452706               21
  0.99313671478944543               18
  0.61304632177890672               24
  0.80874917725349582               20
  0.92630788558745680               12
  0.83550550954090519               17
  0.66936883549855530               21
  0.86953059120099696               20
  0.74466673584904464               19
  0.69403802635698353               18
  0.64872807214892825               19
  0.56560848224253435               20
  0.30861681680296310               23
  0.39414432737429905               21
  0.36588764466068663               22
  0.71002808094874437               20
  0.22679920822712532               21
  0.43578306669049754               20
  0.30307126150322611               22
  0.57693636533703707               18
  0.63368410655160101               20
  0.23411521339160934               20
  0.32869869627848536               20
  0.46627507532430401               16
  0.36273634406516020               20
  0.23875471284733824               20
  0.50699535356192837               20
  0.20252264760801597               21
  0.32540724211665678               22
  0.34471184633555579               21
  0.31329425397978244               18
  0.34403882242328626               19
  0.83073408360765244               18
  0.59168049599643435               24
  0.52021273725039330               22
  0.26606946320557096               24
  0.53822287364338561               17
  0.49682938911461688               16
  0.66829465286483680               24
  0.77770319685638101               23
  0.68632793040855045               23
  0.82152447720196575               21
  0.96267104659548752               21
  0.82930169038319346               21
  0.92183470548761726               17
  0.88456030751048242               23
  0.91204225653958526               16
   1.1391530419097977               19
  0.95636568034262859               21
  0.72271958701393058               24
  0.76802638481960750               17
  0.73564041927901525               20
  0.81565028892057556               19
  0.97179227247937883               18
  0.77179568423474876               21
  0.84337661592397117               21
  0.97379136709848435               17
  0.48980203020421720               21
  0.79069558414119179               20
  0.76477336202926960               17
  0.52306080261065901               20
  0.58840345524399640               23
  0.63357180821106329               21
  0.54001060709425475               20
  0.39165929915602193               19
  0.54854200805479658               20
  0.49476380502473566               17
  0.56555152814789622               14
  0.16185631815087390               22
  0.16183849759147123               25
  0.41127925288746608               24
  0.53898247526701804               16
  0.34231321956034422               19
  0.47044736724978242               19
  0.11676999817518292               22
  0.21985817346922984               22
  0.44108899276084312               16
  0.25393297370475082               22
  0.40587784997979770               23
  0.18382111644886096               20
  0.21147605534603311               23
  0.57794839876124404               15
  0.50890151577297060               16
  0.78388267148215007               18
  0.64740520720378048               22
  0.72629189725130194               18
  0.80229931364547291               22
  0.66132251164928657               20
  0.86667582632731754               25
  0.89216733485286770               19
  0.64064509148269566               19
  0.61131127683249376               19
  0.91606388135476946               16
  0.73368318930307785               18
   1.0312705637829738               14
  0.74557466049239940               19
  0.99424261339568465               15
  0.88211283423756803               26
  0.98613733418316574               14
  0.65381795142172983               21
   1.0205949945342720               23
  0.87514980755607463               17
  0.95484345545897775               16
  0.95265805206567622               22
  0.68643433583576841               23
  0.94862414982970245               17
  0.85636510256032183               15
  0.68858965527398774               18
  0.45334821065921033               18
  0.58310932443044694               19
  0.60850004569641358               16
  0.23807413260369140               24
  0.47265252814131392               23
  0.59528125663522402               21
  0.24636563582254409               20
  0.55939707104466196               21
  0.34797443914465109               20
  0.26090110021532192               18
  0.17102620954343895               23
  0.40082042693350922               18
  0.41464791118698852               17
  0.16652942236039012               22
  0.53092492318033246               17
  0.22696763051410987               23
  0.15211531865119851               23
  0.10579203994494908               23
  0.38078326344650959               18
  0.49000407635600640               18
  0.24261361922332067               19
  0.18535116974738250               21
  0.58311671091829298               20
  0.42412658229686490               18
  0.39358063574582547               19
  0.21122554520146805               21
  0.66400389140757088               19
  0.60424396992715401               23
  0.49477521378218720               19
  0.37812326365270010               21
  0.67105260026711799               19
  0.46547838442604744               16
  0.67690299232956619               20
  0.78396670460702322               16
  0.78485640124433620               21
  0.96076262000295165               16
  0.83810142692509859               19
  0.75186832625838873               20
   1.0042901852982333               16
  0.97122319193510842               18
  0.93718908956608549               17
  0.89992697500064422               18
  0.73637895443298562               19
  0.81882633243738023               17
  0.90836205693293626               20
  0.86467213314481262               16
  0.86505476496844047               17
  0.56208454568013844               21
  0.66327265051135786               24
  0.34534816112959810               19
  0.60720615616579376               18
  0.46682611487241510               21
  0.43295943250111485               22
  0.25911477151963386               21
  0.45179654467149744               20
  0.74896718011603991               21
  0.59432189472406827               15
  0.34698282438144196               20
  0.42931663631293909               20
  0.17688636667394420               19
  0.27899340394375255               20
  0.14612729279606476               22
  0.11240533630696342               21
  0.31500727682721102               17
  0.20687854154898919               24
  0.21882669438471658               21
  0.35947723121016861               19
  0.36807865068011292               21
  0.22189688033156432               21
  0.21709471389405771               21
  0.11266234072562985               21
  0.12763515615968890               24
  0.65350257771951692               21
  0.36794564971307320               22
  0.40155530029891179               15
  0.29562969609301121               22
  0.51154121145945752               19
  0.69741244180537276               16
  0.70948803864138676               19
  0.56830637967206676               20
  0.61399493505637770               24
  0.52223786629979108               20
  0.59249292355993199               19
  0.36651668829790490               17
  0.71022380109553562               20
  0.65445225308867605               19
  0.59415626259688403               19
  0.95564367263626770               19
  0.84959812186663553               21
  0.87261149072153510               17
  0.84920562876314620               18
  0.92775718717786282               24
  0.84487845347881141               21
  0.82803260427371794               19
  0.74302087753447510               20
  0.73685688929239912               18
  0.88946947751504646               19
  0.62732438942046564               21
  0.83998551025230006               18
  0.95673752940391643               14
  0.56406358452332295               16
  0.62975691824095481               19
  0.74020849226442165               19
  0.52697253892192819               19
  0.45340276862871465               21
  0.65791121446714185               20
  0.50636257596295819               23
  0.30267557354813329               21
  0.19198288608374928               19
  0.10647643897229461               23
  0.24392036289742466               21
   4.1517560411862248E-002          21
  0.10359652142420649               23
  0.30258171745708023               17
  0.33349841707807754               19
  0.40077588736152331               21
  0.54907630067986302               18
   5.1160533050970340E-002          23
  0.30412591584184745               20
  0.30498865368553096               22
   8.5005329024456303E-002          21
  0.26763688129498964               20
   4.4009225185714464E-002          21
  0.24699162000479485               22
  0.34564816055263992               19
  0.35850630097495267               18
  0.51872877127905426               20
  0.52490843718179714               17
  0.49622211702286956               21
  0.40582969520321432               21
  0.73208082787025097               23
  0.53549160330046941               20
  0.57977683537292768               23
  0.60590580086130674               21
  0.83464485805772626               20
  0.89330607263635986               17
  0.59617041027805240               21
  0.85441567008619235               19
   1.0017528504974449               16
  0.89475766892699626               23
  0.83215074484617357               17
  0.84484136927623743               17
  0.75968197300361262               21
  0.60852775076831700               22
  0.84559034566057056               18
  0.66056799308256164               20
  0.77906363761734876               18
  0.49030320769667685               17
  0.87260236292404947               19
  0.65637566578187234               19
  0.75625496668477288               20
  0.90871291039310675               20
  0.29373642252284393               19
  0.82170521265224472               20
  0.63330244640833822               17
  0.67430215424029327               19
  0.53795898857292312               19
  0.33631151111904567               22
  0.37210888639996387               20
  0.49519751612170881               18
  0.26555136141922769               18
  0.41318193763073535               20
  0.27013434303566480               21
  0.13615674359722582               22
  0.10188288331458187               23
  0.14820053320271706               21
  0.11655373116997195               22
  0.34337285339590767               20
  0.20736419666506029               20
   7.5749869866986300E-002          21
  0.13681351290211541               20
  0.17823594757170777               24
  0.27492810218718927               22
  0.16428893330860564               22
  0.42560552628280773               18
  0.46822451153009331               16
  0.32213441352712624               21
  0.38827611585022404               18
  0.42726261697700363               18
  0.50890971649327488               20
  0.45182075018003720               18
  0.59841919300916235               19
  0.55377262573354225               17
  0.51284199719061196               17
  0.75006707177673160               19
  0.69617068297512474               22
  0.79863847220426287               22
  0.98712558018072216               17
  0.94668662660651715               19
  0.89008106369474838               20
  0.92080463552888392               19
  0.67589327701680912               23
  0.88585175328304611               20
  0.92863063414632263               18
  0.75594310243866691               19
  0.96157602328983038               14
  0.73221501385605980               19
  0.95944674407184027               21
  0.83104486469738181               18
  0.84861157026786838               18
  0.73441435455226356               19
  0.82658950208194626               19
  0.23130812350410945               22
  0.59809245762706642               22
  0.56482237127302581               24
  0.46151086861556495               24
  0.12852760321953716               23
  0.59039090646265624               22
  0.45398335156632069               18
  0.54018403521676750               23
  0.25299709225652295               23
  0.53560307706727617               21
  0.22213443020088736               20
  0.14654445938879526               22
  0.42029612370799996               16
  0.28868200659497167               20
  0.22676649619023528               21
  0.18436925673578317               22
  0.30061935246050081               23
  0.28025719213940636               21
   2.6584752470444027E-002          21
  0.52943513470026815               18
  0.38758574305608218               18
  0.40590101194699668               17
  0.65249752397466465               23
  0.44634261491255395               19
  0.15525503125303985               22
  0.40441093181401350               17
  0.45470440250947325               19
  0.54308404530715282               20
  0.72144428090960810               16
  0.49936901906556591               15
  0.54569774835134177               18
  0.69300734393078534               21
  0.98392289882823258               17
  0.78102421993857007               21
  0.74506352661530573               21
  0.80733914533192785               21
  0.76794997703887691               19
  0.74567496345552908               19
  0.95212000282058040               18
  0.82733892454336211               22
  0.86461543599875923               17
  0.89857204513608446               17
  0.96702181550559785               18
  0.98721059327260297               16
  0.92844737688734436               14
  0.96878222557649163               17
  0.65578686556540566               20
  0.62204393469733810               21
  0.72212688477688636               18
  0.33947289540919373               22
  0.56204784478610981               18
  0.59295845743455700               18
  0.50504813448191443               20
  0.78192295850028315               20
  0.17369200858390693               23
  0.48949477455946760               23
   7.6908914298363981E-002          19
  0.51415324313186561               19
  0.23917639887696535               18
  0.42867408020701336               23
  0.21583019031597667               23
  0.39433100372176527               20
  0.12322413032325205               23
  0.12086674373066802               19
   7.5748561667555392E-002          19
  0.57800649494922973               22
  0.19471624656445102               20
   8.3400146768166983E-002          18
  0.16534978364875166               23
   4.1941846713265625E-002          20
   6.1059646795325967E-002          20
  0.62129112508159834               16
  0.19295864713825533               27
  0.19201059527044484               23
  0.22292415414729777               23
  0.56665527784915937               21
  0.41610154839214286               16
  0.35726786423291990               19
  0.85510920767846221               22
  0.36733210236387170               16
  0.51389082961519905               19
  0.92032969307528423               22
  0.64415674388312705               16
  0.63423631191738561               16
  0.86526038717831821               23
  0.80409249777037883               19
  0.59163280041474209               20
  0.86718453293913755               19
  0.95231190011531197               21
  0.92731944297243674               18
  0.79079624986393116               16
  0.91191832715120902               18
  0.96287709166870217               17
  0.93217481366797295               16
  0.77780290221794557               18
  0.30730562542803819               23
  0.55274211700844955               20
  0.72092365509039491               22
  0.65514539775446323               22
  0.62010230892944107               21
  0.69518626694161634               22
  0.42271899245184291               23
  0.42363327777378057               13
  0.40552668745650117               22
  0.51000133912544421               20
  0.48175726093373050               22
  0.49157544534153452               23
  0.16221354068027855               22
  0.56775739331848474               19
  0.10132075585945001               23
   6.4436306932256701E-002          20
  0.17140102103053428               21
   7.2408572905108992E-002          24
  0.15941860757868506               21
  0.25645694183896955               23
  0.17244840119688129               22
  0.33671989025641075               22
  0.20393903419526990               21
  0.48124982007891137               18
  0.30776942157651938               24
  0.32354393466743175               21
  0.17584743519881202               22
  0.15157108830495633               23
  0.23979852663543305               22
  0.18781474673986326               21
  0.52502672320162047               19
  0.23046666289030096               23
  0.38330118709144595               17
  0.69151884343967107               20
  0.28280354311903605               19
  0.67330067992654485               17
  0.59572131984080734               19
  0.61161325787722154               19
  0.57975585653140849               18
  0.92719413769713155               18
  0.93765018638988828               18
  0.84409110234965035               18
  0.63238940233199581               24
  0.98375203351541574               18
  0.91052201053697690               22
  0.44269278810555635               18
  0.90372346433378459               21
  0.71023655314720868               22
  0.89325428829009934               18
  0.72413780617298940               19
  0.54631193822944868               20
  0.70504164791920698               18
  0.62833915375838356               19
  0.71673236826829323               16
  0.64749240162111954               22
  0.64018951963474946               18
  0.67405077272284797               23
  0.41128848760706310               16
  0.64469315633793167               21
  0.59133129222545622               22
  0.19795175383354111               21
  0.41892700007984168               23
  0.29838672121637266               22
   9.3180499577581746E-002          22
  0.43692881328494682               19
  0.29377824224643595               20
  0.39386007224155428               16
  0.30368170142938877               22
  0.26444878798562482               21
  0.16082697372949900               18
  0.22840715651782934               21
  0.17023168020756019               23
  0.17349477050990850               24
  0.28429097108087303               21
  0.34101240967723040               22
  0.13758627335056539               21
  0.26183769861859668               22
  0.48492998585101960               19
  0.28141766761292419               24
  0.64197477235032063               22
  0.37390816096966101               16
  0.47421162795212929               19
  0.51235366645921498               20
  0.54576751463823536               19
  0.45182303998769102               19
  0.53659424489185836               20
  0.91663060424515230               20
  0.74038430452498638               19
  0.74697489500347358               20
  0.91278110809409341               18
  0.89338482757834425               21
  0.78618344416436625               17
  0.80611958825102348               21
  0.76397230484050549               21
  0.75483693277603681               24
  0.64172110272665961               20
  0.95158573013326031               18
  0.86618074535705991               20
  0.93141448346709954               18
  0.66609382242378767               17
  0.73432807107857223               19
  0.87053808877273686               18
  0.54286085901274506               24
  0.57459180858872938               20
  0.92196864361203790               17
  0.31491820209085497               21
  0.34481173682206939               21
  0.36914380481818870               18
  0.32162092571025047               22
  0.22772572240060854               22
  0.29365910149269564               21
  0.37382523764744330               18
  0.69000728341686568               18
  0.44884984476981404               18
  0.45902354293036046               18
  0.34496483339787165               20
   4.8993443261537997E-002          21
  0.15340345893266580               23
  0.10514037671733498               24
  0.43167852281302810               17
   9.7396060553024674E-002          17
  0.15689037517011203               22
  0.15872216304667747               19
  0.18770783968404314               20
  0.21049284994686482               21
  0.11465687806212814               22
  0.27267714739477644               23
  0.20654818110917608               23
  0.35180776874183950               18
  0.20852262103229741               23
  0.59051161133537511               17
  0.28421317281643527               19
  0.43175007488462835               16
  0.45338759521950955               19
  0.47508088266966747               16
  0.45635504311535191               20
  0.45621913611748793               19
  0.65958540773145158               17
  0.77952247728040003               22
  0.69282398921991462               18
  0.82104023778276181               17
  0.83599641229273103               23
  0.94464266134023567               21
  0.81028054216333489               19
  0.74486901453977772               21
  0.80036812178541761               16
  0.81360288727085139               20
  0.69941388791139891               19
  0.60722109962826987               21
  0.71795846257869234               19
  0.85786807257374653               20
  0.67417491402983609               16
  0.67001656205036209               17
  0.70890719934661006               16
  0.74454452166220775               18
  0.83179336940225246               18
  0.55238328389083180               18
  0.66739219603875344               22
  0.58463563588645440               22
  0.15761780374071743               24
  0.31720432381994140               23
  0.32561998686764582               16
  0.32842969626203516               19
  0.58162072448582414               15
  0.40559456067690791               16
  0.23670332581681633               25
   5.3723204906946126E-002          24
  0.26356098482735946               18
  0.35644948302070939               18
  0.29140286353019240               23
  0.33938428240552881               17
  0.23182038479134812               19
  0.14629049419080048               23
  0.44463974875103007               18
  0.12519841792228217               23
  0.46541969928613575               18
  0.51520883248437932               19
  0.21538519631860453               24
  0.33854182036800518               18
  0.37062744546812743               19
  0.49388743898975951               19
  0.57669251141772482               20
  0.74564227359490431               19
  0.39595304280262295               21
  0.92880804007858497               17
  0.83485055110172834               19
  0.64040768481309673               17
  0.85624663816683300               24
  0.81960357061144040               21
  0.89340536800182124               21
  0.75240915309351353               17
  0.96629442337811366               17
  0.98594506574933816               17
  0.88588804830878365               21
  0.72663482075161889               17
  0.89709938986027815               19
  0.79329601995182508               17
  0.80339761133087695               20
  0.94038278226117078               18
  0.94867608247570534               16
  0.71085850808772733               19
  0.85102177542659552               17
  0.73633684367201091               17
  0.81870877819373111               20
  0.52663599966589247               19
  0.59840742049433060               19
  0.78168046514257605               19
  0.71506014494415182               17
  0.74003349793000417               20
  0.87612260157209310               16
  0.52379246430620030               19
  0.32190949539125052               20
  0.61670832949530185               21
  0.37449334597563416               17
  0.29818535606124580               20
  0.30353227906718971               20
  0.36171389266066128               20
  0.15502252180314507               25
  0.26547007334878103               19
  0.33052850881467516               19
   4.7078971078727515E-002          17
  0.29060677085924652               19
  0.10834899168866187               24
  0.20802229530444963               19
  0.26172297181123866               21
  0.43098197420899742               19
  0.29629728608008110               19
  0.31360597084321357               18
  0.34779697965786416               19
  0.38686385565937387               16
  0.44794335501109167               18
  0.47209519856313148               18
  0.52217455477388641               18
  0.38884300557207896               18
  0.88435658638638592               18
  0.84816848587347293               23
  0.57692208522678123               16
  0.47145075046630935               20
  0.77075452047620974               19
  0.89735004210262004               22
   1.0490638902825635               15
  0.69578787590216984               20
  0.86004599536213233               20
  0.95335159170968908               17
  0.65132281469764486               18
  0.77218131119913069               19
  0.91926611347879539               15
  0.75181911452214234               18
  0.99505377617320923               15
  0.87963408555787392               19
  0.66412234219693356               20
  0.83835754586154221               20
  0.77110770021336861               19
  0.80545474117684335               19
  0.84831587036380307               20
  0.82183760793774463               21
  0.58406784771037146               18
  0.72852825367536000               18
  0.44230417382187748               17
  0.56136406788630744               20
  0.78286448229612704               20
  0.39577031217480391               19
  0.39171881747024878               19
  0.59680668117715707               19
  0.29598346212901927               18
  0.24002929015861171               20
  0.14592463173762132               23
  0.15954363649866432               21
  0.35896683573401733               19
  0.54410783654901840               22
  0.23828627235929162               22
  0.22322879051631123               20
  0.20227320084120962               20
  0.23215372211861718               23
  0.34835046594888863               20
  0.36183144109177157               21
  0.29802561482322831               21
  0.22752353523016305               24
  0.40539874309393681               19
  0.60139097969514455               20
  0.56665397242976467               19
  0.25151952896829999               23
  0.57845085188628242               19
  0.70382257952705063               17
  0.46361329173083832               19
  0.70783963515728765               20
  0.60259829759241534               19
  0.58878340572557775               21
  0.84381072183941330               24
  0.63595933639908342               19
  0.72071100376361452               17
  0.92517180202730931               23
  0.97022979701950351               16
  0.83174856299957711               22
  0.93537501850741656               16
  0.91402646418581945               19
  0.93914398556184053               17
   1.0724319502927744               15
  0.92976127371051054               16
  0.88079914233551537               20
  0.88394958164224990               21
  0.85562328700595391               20
  0.70286322018839509               23
  0.66545094866178289               19
  0.77942693050781475               19
  0.53219364309706352               18
  0.63550069174981039               20
  0.70278884646420481               22
  0.57212560958220804               19
  0.51922019303371580               18
  0.76099954273665293               22
  0.50751812290397380               17
  0.59253300000830755               19
  0.31346244011793939               18
  0.47933541995226120               17
  0.59553975335745502               22
  0.49480774594614352               20
  0.28769734330735075               19
  0.41718348351487344               16
  0.20012412535464819               20
  0.31210017014595148               20
  0.30179118784827896               17
  0.34084413174501804               22
  0.66294945291169105               19
  0.41344630794365156               19
  0.20386418135195894               23
  0.55075690024938284               19
  0.43053479178079623               17
  0.39061631212685965               21
  0.62701948172992761               19
  0.57783389839430310               19
  0.66977317313402251               19
  0.61311876070514804               18
  0.34314984744770333               21
  0.40983149585960499               22
  0.53716542002994161               19
  0.84109502848932527               18
  0.72036187093201376               19
  0.96237983647274872               16
  0.94130641568096596               20
  0.98034430225094016               18
  0.62547000349117332               18
   1.0816979746642261               19
   1.0253611812313368               17
  0.86561993862499376               21
  0.96371333655714853               16
  0.87246716103321387               20
  0.77961999736814225               18
  0.96132209168302507               17
  0.60450198858577697               20
  0.81646819268248949               15
  0.88058340110020328               18
  0.53857348321292697               21
  0.52115459618438775               19
  0.38881948858359450               17
  0.52997996339937925               19
  0.66674177577696081               15
  0.94189193646955005               19
  0.65274565428965681               20
  0.55024398409836173               20
  0.72528039058143801               19
  0.57717070588563502               18
  0.47088956301201440               16
  0.48222169252317748               17
  0.51430738596201486               19
  0.30059481225015017               21
  0.38007151597082500               21
  0.48262033319661823               20
  0.45143125478649254               20
  0.13219771965572935               24
  0.34563672853321470               17
  0.38502079691524554               21
  0.24449711479228836               18
  0.25107119141251077               18
  0.27423499944847418               16
  0.71635159351863986               20
  0.25578772487616114               19
  0.66080492141338876               19
  0.31765508532491460               17
  0.47793741676554524               20
  0.32865283523964905               19
  0.72102197441593940               18
  0.81652453129818892               20
  0.55365562013680525               19
  0.75231156630121698               19
  0.70747411908098889               17
  0.68345749890885255               18
  0.68160783663845348               22
  0.87438002856990071               20
  0.74147478265583922               19
  0.94830172067257879               18
  0.90817526830149031               19
  0.71934488439445254               18
  0.99681660391991611               16
  0.72984232860895693               18
  0.90211108468844714               18
  0.98963610162608240               17
  0.78702159133570182               20
  0.91653640769283840               19
  0.80142400646129464               16
   1.0707388461654190               17
  0.77358990883337886               20
  0.75307477089279062               21
  0.70306322099406759               19
  0.70184794286569852               22
  0.66201107810246662               19
  0.47267337492891859               18
  0.39588222926857980               18
  0.46029236045099581               17
  0.64487087154057943               17
  0.61611635457968639               20
  0.56001174480092575               17
  0.70220283384354720               18
  0.51665909427931322               20
  0.18844538283868273               26
  0.25864409802538746               20
  0.31833655292808516               21
  0.12937396080506339               24
  0.30750967596813267               19
  0.43044299440658784               20
  0.37499858983937245               21
  0.44348020765586821               18
  0.48854563930133676               18
  0.68085637307501545               21
  0.30672576159178400               17
  0.21104479904801621               22
  0.25579293265138786               19
  0.64760705704040233               18
  0.39714877961276024               20
  0.66666620071616656               19
  0.59135836988962931               21
  0.61522337945991890               17
  0.62535336526529473               19
  0.53372944167173375               17
  0.73220563372582237               19
  0.79572232381404939               22
  0.80282359604553366               17
  0.63414738667314263               16
  0.88022573747327815               17
  0.90565669693298623               18
  0.78447521557793809               17
  0.53658629100591848               20
  0.84074715413562673               19
  0.90915461038671508               24
   1.0720752487519742               16
   1.0106273980155505               16
  0.98232973027423620               17
  0.81369573580046151               18
   1.0295134665140213               16
  0.97151392890891497               20
  0.96900690202852913               17
  0.86325271045081831               16
   1.0026809025570271               18
  0.67447849232669943               19
  0.56665861846416365               20
  0.68152280210699023               17
  0.69410496649587961               18
  0.48631639009624356               22
  0.39267960287865872               20
  0.76918737425400685               19
  0.82273991395658286               22
  0.46646051879436290               18
  0.44518162342624534               17
  0.49107474939906332               18
  0.31727554370611799               21
  0.37008209683618171               18
  0.32202137923691188               18
  0.62197325066209475               19
  0.37558203217351671               17
  0.36942730189562673               21
  0.57286773128400525               17
  0.43129093937437307               22
  0.51894430217968346               18
  0.46483314711008766               18
  0.89153482050083521               21
  0.62150805012711596               18
  0.62438072884232176               20
  0.55394955559895986               19
  0.77297639493541237               22
  0.50307710256984139               18
  0.37636904705257340               18
  0.52970443258029287               18
  0.61496213370223785               19
  0.75684651904021838               20
  0.74897759891640148               20
  0.60180155980194172               20
  0.85964643317771783               18
  0.75938000944861772               19
  0.98916540257384711               18
  0.74896701119203868               19
  0.76911888595739231               19
  0.92307883198375296               20
  0.79562797736749846               22
  0.87856856846424125               19
   1.0123742495269812               18
  0.75228499191390430               18
   1.0255765333467892               14
  0.91028870841910148               17
  0.94446423214589192               20
   1.0272337362044355               17
  0.78003766004063912               20
  0.59487795236110286               18
   1.0124487236864079               22
  0.87566270327443552               17
   1.0131171005731476               17
  0.65093990062995399               18
  0.55768171700013480               18
  0.58629771108393469               18
  0.87926204082126513               19
  0.70419388031042141               19
  0.53964812268237394               18
  0.67611215333401808               19
  0.57099813442344027               18
  0.47658705919735472               17
  0.25754734950124458               22
  0.54273353507451361               20
  0.46821954378617570               18
  0.49711538914263437               18
  0.13989685715436140               25
  0.37760228613318358               22
  0.68271847108705874               17
  0.70645323428078677               19
  0.34093175518087737               17
  0.42063589734040918               17
  0.61416033086255206               21
  0.34625477099904450               21
  0.77885222566202594               17
  0.59597495538684353               21
  0.50649229129710349               21
  0.47339747033674379               17
  0.71426238242087847               18
  0.28890544499670345               20
  0.86375499455999594               17
  0.65569517613282513               19
  0.53319897934956961               21
  0.76017660643398954               18
  0.79565969813551107               22
   1.0181353457224451               20
  0.96319527824504103               18
   1.0132782708188293               15
  0.96232623128853945               18
   1.0198751901861869               17
  0.94320159695481720               19
  0.80949871920294403               20
  0.63784580113854750               19
  0.82152738810231529               21
  0.99124102537827907               17
  0.97531055932047694               18
   1.0912545605268156               14
  0.84975809545024061               21
   1.0054828981690842               24
  0.99167838821285093               20
   1.1503147947007932               18
  0.83692074333767130               21
  0.63426725963755526               18
  0.42379904043231598               20
  0.78909962873334560               19
  0.72952739606558115               19
  0.72709672176581031               17
  0.91627188431644591               15
  0.59000036556213731               19
  0.94508172491765596               20
  0.46255378633437455               18
  0.65250927755823807               19
  0.73283602398119330               20
  0.32265566888458358               20
  0.45561528561933889               20
  0.24375401022935630               18
  0.52354927717672672               16
  0.51694916861031071               20
  0.67583599583913090               22
  0.64249219790312218               18
  0.72496589991011495               20
  0.53436956462177398               18
  0.19358310835554379               22
  0.60851852508128090               22
  0.23855407299561004               18
  0.84061486403731078               22
  0.64017167899293537               21
  0.81507903580455932               19
  0.62672233428469393               22
  0.81128140002000260               21
  0.47606567330872185               19
  0.64499754391937414               18
  0.59392156890894887               20
  0.50484458973796575               19
  0.73706971896244589               20
  0.85184724072592211               18
   1.1364318380921477               20
   1.0239047168324367               19
  0.81314734958893031               22
  0.89079123287870998               22
  0.99978269164357936               15
   1.0421857682495232               14
  0.87205353491050053               22
  0.95379935785371106               17
   1.0249669657272846               16
   1.0379971891120374               14
  0.93948970574184154               17
  0.94746728225909749               19
  0.98278620408160844               18
  0.89122983931750510               20
  0.97709632003699720               19
  0.53839647619268116               19
  0.61566971022818251               19
  0.96295768742458432               21
  0.74270374650779014               20
  0.77425448612813896               18
  0.73755798763834357               19
  0.68705585961585192               23
  0.62146786576217505               15
  0.84459560637012865               18
  0.55216902131533774               18
  0.44146653520494694               17
  0.52555476797981060               18
  0.28617656022936111               22
  0.66251953084275017               18
  0.62667299641760577               18
  0.53182950575325139               18
  0.76466348529362416               22
  0.55674236769451668               18
  0.48344572297234156               17
  0.61828034303730584               21
  0.89124646445909572               17
  0.56050250385827638               18
  0.35095436881564146               19
  0.56933153771387679               16
  0.10760310720044702               25
  0.17583759343303937               24
  0.76508716692571721               19
  0.52991395489460458               16
  0.74646339100382841               19
  0.77419718609904231               19
  0.71684745745193579               20
  0.90230212862760495               17
   1.0594571597190239               16
  0.97933307174567730               20
   1.0368211495062389               20
  0.92287737646933987               17
   1.1972659146318914               18
   1.2383835550651254               14
  0.99363459373718288               18
  0.91128721294768356               18
  0.95070807103601496               16
   1.1186229185504912               22
   1.1306555852655944               16
  0.92036653385494815               17
  0.88770068788436340               17
   1.0129283154676385               12
   1.1677570756936506               16
  0.80214683383271368               17
  0.81091752826485253               16
  0.99883906970537617               18
  0.80109654443188194               17
  0.61930625366005787               20
  0.44690522864321086               19
  0.96467720813385771               20
  0.66335164037152528               19
  0.80535826819208389               19
  0.73995011736794669               18
  0.78158095902188063               18
  0.52198876844082331               16
  0.74182665421965821               18
  0.66441220674246049               19
  0.41924273090323250               20
  0.56832185304087712               18
  0.50877285958785912               18
  0.68458680228397695               18
  0.78660464067415792               20
  0.60140298648451884               16
  0.38051953295721491               21
  0.43355871528746437               22
  0.72478139701677957               16
  0.82951961315888201               19
  0.73728666361207373               19
  0.54769182517627457               17
  0.58956863273563209               22
  0.69121100318344020               21
  0.64321338241488080               19
  0.78152584963122307               20
  0.65289188759552919               18
  0.52516804011097140               21
  0.74325643101392702               18
  0.74361503824919151               18
  0.81848451410526446               19
  0.62245194538873649               18
  0.75646762460295469               20
   1.1420775082391779               20
  0.95625057158956395               19
  0.89060341219998373               21
  0.95363402025498356               19
  0.91159805188690524               19
   1.1227473648566408               15
   1.1659276146592099               16
  0.83903198887284847               19
  0.96752294727217214               17
   1.1436356120049445               18
   1.0240425113915732               18
  0.96028579657267477               19
  0.88572156810636049               19
  0.94535842411616733               18
  0.91082333222813161               18
  0.84126381766633840               13
   1.0187705224872099               19
  0.92635827401707849               12
  0.84063051771756159               20
  0.83946245636053873               16
  0.65025017332530965               18
  0.55609504825740541               18
   1.0840948292958483               15
  0.83699159685366342               21
  0.76636940354612315               18
  0.72706619834484409               20
  0.64716405096157992               18
  0.71675796577173168               19
  0.58803145647692168               14
  0.59372482845842367               17
  0.81220572019989790               24
  0.60783144871984340               19
  0.41196929060110460               19
  0.34064035268454612               18
  0.45275679278264419               21
  0.75866437677770981               18
  0.79318562503201950               18
  0.82563462670537890               17
  0.69692196340602208               17
  0.74288134818493767               22
  0.63619098174412581               18
  0.83906957826070649               18
  0.42129832341020912               20
  0.66383142027548714               18
  0.68306079162708133               24
  0.73866995454166928               19
  0.74469760651155548               20
  0.89351383198030943               18
   1.0754525681452449               17
   1.0437386376889026               14
  0.81639894106757238               19
  0.91206564713749794               17
  0.94014463593327557               17
   1.1393221936122353               15
  0.97573029482201368               18
   1.0757150500628456               16
   1.0246912964417061               16
   1.0241813047213788               19
  0.73747981995435286               20
  0.87185871793787040               17
  0.95665067559789585               15
  0.94525080065270894               20
   1.0084332433666030               21
  0.81918483793317221               21
   1.0916139340149957               18
   1.0578050617090771               16
  0.72140037201431473               17
  0.85118665332037047               17
   1.1000029905417767               17
  0.61877805938135022               19
   1.0284999718745049               19
   1.0493436897428181               15
   1.0453875118661411               21
  0.62639769841551196               15
  0.92326739843952765               15
  0.37610676413098132               18
   1.0287192451195544               19
  0.71663903133616758               19
  0.83660316658462175               20
  0.65731320064280618               19
  0.89809775665755764               20
  0.46314967549984853               20
  0.59336140020284800               18
  0.80138839347482882               17
  0.93984960928889449               19
  0.44969690712114352               16
  0.87859076626754617               21
  0.77197995311834122               22
  0.75971460678726555               22
  0.54791957741606334               19
  0.29682095720304141               19
  0.54585284124314004               19
  0.96419273102492209               15
  0.94800814042273662               18
   1.0515726631872226               16
  0.95415192478101463               19
  0.68715210571825436               20
   1.0413725501065514               19
  0.57326470365622595               21
  0.68059927149181676               21
  0.96345690028863362               18
  0.90334457929196432               17
  0.88721447935191977               19
   1.1460707171139910               14
   1.3011834845714301               11
  0.90267149177926365               20
   1.0469116254910829               22
   1.1086937907918215               21
   1.1320026628045625               16
   1.1176102538188077               15
  0.98847362037637765               20
   1.0862197029330474               16
   1.0765306794791882               18
   1.0108301879369683               21
   1.0489098930595617               14
   1.1010290218053673               15
   1.1540260958801016               16
  0.50152531542824141               18
   1.0973639498466272               16
   1.2044621047564066               19
  0.92595487655176789               20
   1.0393749559864733               15
  0.91670892335101584               17
  0.90927703909560775               17
  0.66798172176557546               19
  0.86352711452732511               21
  0.85077388373003082               22
   1.0187710184513425               17
  0.79563268425962319               20
  0.87473534249460849               22
  0.91384386434201004               17
  0.54587746831049666               19
  0.46653047618852561               21
  0.96255485624383441               16
  0.65352259733036611               16
  0.39482318122583793               20
  0.94687641753601104               22
  0.70254945973831029               19
  0.90348250605802882               19
  0.64934433723698182               19
  0.64592177025221231               19
  0.68441738903940630               23
  0.88338050593912565               21
  0.53188708383387096               20
  0.90975979097920090               17
  0.96555025533433914               17
  0.65266346945607034               20
   1.0445888239695509               23
  0.55765099917481264               21
   1.1491525090318573               19
  0.87546587617409366               18
   1.0542818138599723               21
   1.0982090449892108               20
  0.97270551402555061               18
   1.0623490338095980               19
  0.90740522457416772               19
   1.1201417716174280               16
   1.0445547159803736               20
  0.96736965420414767               19
   1.0397486463863646               19
   1.1889550537307885               19
   1.3607613078133625               14
   1.0627665188662925               18
   1.1381822862412465               15
  0.88127656876706029               17
   1.3500491278749396               14
  0.84080459318742395               19
   1.2669808554849036               17
   1.2280647665264219               17
  0.72757956697515935               18
   1.0408350191159852               18
   1.0610436300900039               17
  0.98799418950726725               14
  0.83270751799742748               19
  0.33034269632521435               20
  0.82418047904030212               15
  0.88307293993942426               19
  0.94990564781633202               19
  0.68140925978479272               17
  0.64688861436009815               19
  0.51811293709422213               19
  0.78051530770167143               19
  0.72971619285211153               23
  0.44539769661022915               18
  0.93331864052359848               20
  0.86163608846793949               19
  0.50003985149188490               19
  0.62616506252942128               20
  0.98474807651626195               17
  0.80444859279294045               21
  0.41071585629161272               18
  0.84073732934074097               20
   1.0599633231724626               19
  0.72434439449102739               17
   1.0158976734295846               14
   1.0491477803059512               22
  0.86813013822145357               17
  0.69116565441926914               18
  0.99679012128507605               20
  0.83972489051357457               20
   1.1684733770965428               16
  0.83238158286722130               19
   1.2124658721366386               19
   1.2016762371499505               15
   1.0434204890147991               17
   1.1907183491095699               14
  0.95037572753772326               18
   1.1652978806024807               19
   1.0906076450126450               19
  0.95923453994947794               16
   1.1568409002702467               18
  0.80003592057837702               19
   1.2229156326411323               19
   1.3105663124788038               15
   1.0119693279312871               18
  0.94092812300867712               17
  0.92845922448019613               17
   1.0580663514379831               18
  0.78211446072119573               16
   1.1250323239121109               18
   1.2186399510006201               19
  0.84430472076214513               18
  0.77708428608445534               20
   1.0969859059720293               16
  0.83131589647267357               20
  0.79609192899916992               21
  0.72235877712655883               19
  0.70712329439668076               18
  0.80659931327515899               22
  0.88807887569702471               20
  0.98587226471972944               17
  0.50684801276328328               16
  0.84900562848247474               23
  0.76344236464214688               20
  0.98222811033903179               18
  0.95465174590362323               15
  0.66437615822895979               18
  0.86358638144057953               22
  0.83478110564058405               21
  0.60560270661205573               19
  0.99990158955203567               17
  0.86682119268126367               23
  0.92993074492110006               18
  0.79470427805385369               18
   1.1146295047423147               20
  0.84207576685871710               19
  0.93865508232133554               18
  0.52809527608180151               15
  0.87773570687062630               19
  0.67024172764598355               23
   1.2068672055775211               15
  0.98423223585153030               18
   1.0948676758963973               19
   1.2670142641815358               16
   1.1110672741919239               16
   1.2040361772052228               16
  0.99514477854907635               19
   1.1805024889681539               18
   1.0709629889696737               19
   1.0453995438478401               20
   1.1619756753005783               19
   1.1940367303521651               17
   1.2343707892687972               16
  0.90834482833548946               19
   1.2175886372207181               19
   1.1033434767625954               15
   1.1289545643718919               20
  0.95728042467701924               19
  0.94484643996683948               12
  0.85117390536794690               20
   1.2295045252059540               18
  0.78087181479970991               20
  0.87687386116207910               23
  0.69187196965743192               18
  0.96277800308476391               17
  0.66010297076297964               20
  0.89279232594106595               16
  0.90092388649001431               20
  0.79055655268302549               18
  0.60211575265469108               23
  0.75985799299163514               21
  0.70461527275333791               20
  0.93549928302185470               18
  0.86081318089984449               23
  0.96556996524262195               19
  0.97972795333186491               18
  0.83734846561796616               18
  0.81420136451947744               22
  0.77914496193658966               22
  0.96871954245398495               17
   1.0650325295518790               16
  0.83363645750696480               19
  0.81234890785076619               17
   1.0143051568269519               15
  0.98643989748421279               16
  0.70764761530186504               20
  0.85109324478853476               21
   1.0905986489106618               17
  0.99533248245334149               18
   1.1107603005193845               22
   1.0588680508337720               19
   1.1643426829115398               17
   1.3183079509350535               11
  0.98613675345728236               16
   1.1048578221541561               20
   1.2670360347090528               13
   1.1382022433312102               18
   1.1630953462222748               20
   1.0379296775520350               16
   1.0833366391880344               19
   1.2881873403068673               16
   1.1536601023153741               14
  0.98375781328605749               17
   1.2567278569086886               17
  0.91819144221796578               19
  0.87432645883913052               19
  0.87620785703052650               18
  0.95710634084188706               16
  0.90968826701470584               20
  0.98280793711698911               15
   1.2163334196661837               23
  0.88199730403242371               20
   1.1095909518798435               14
   1.0945236557004581               15
  0.80970204942434632               20
  0.85828251292290658               20
  0.87473238769760164               22
  0.93319229237046974               23
  0.77108462646155107               23
  0.73774566883328652               22
  0.90967084690988986               18
  0.52665605480508204               18
  0.76498347470361960               21
  0.77090546306666685               19
   1.0372370023418940               15
  0.98395541460927682               18
  0.90869614086213812               23
  0.81426086356402794               19
   1.0045393558728544               19
  0.78943266962636227               19
  0.64697140737738668               21
  0.76964794617702026               23
  0.93424938450274753               16
   1.0320422991188898               19
   1.0896946653067083               19
   1.0896013544577587               19
  0.81794710088733424               19
  0.94318773466628358               17
  0.73193935134726928               19
  0.85436035296623603               19
   1.1788429239655007               18
   1.1985760171664241               16
   1.0001046500693147               20
   1.0666409057955781               20
   1.2632925444390226               14
  0.81963612096992799               20
   1.0962475503928772               18
   1.0650707885786346               16
   1.1498719398878452               18
   1.1981079260082383               16
   1.2199074764457174               17
   1.0340817177696477               15
  0.99656172976953161               18
   1.2774603663585622               16
   1.0998794380927097               14
   1.1974007896217973               14
  0.96702065787568092               17
   1.2020445063490479               20
   1.0385719102259536               16
   1.0498072652574253               17
  0.76963449682759855               19
  0.93285477801012529               20
  0.98331323134364212               18
  0.98462702344834352               16
  0.94676137382112957               17
  0.84668837060406477               16
  0.79311372262421798               19
  0.96213060899892533               19
  0.92480951746005646               16
  0.80242099651553633               19
  0.83702493256368748               18
  0.83538956157532862               19
  0.82430829765404723               22
  0.68709661817253842               22
  0.88629829484838851               22
  0.84143152049550740               21
  0.95340514518632780               18
  0.76421935946293218               17
  0.96039579279648879               21
  0.98363361741605304               17
  0.83238144833056560               19
  0.98202803759858270               20
   1.0112450392038477               20
   1.0176686285503471               13
  0.64471883664396390               18
  0.87029044546327328               17
  0.78035018965878356               18
  0.98323425863098468               18
   1.2117371038904265               14
   1.1122171921720370               18
   1.0389162296010734               18
  0.94798151645649120               21
   1.1028647302087644               20
   1.2304240115785092               14
   1.2865369997222351               14
  0.97176185799177017               21
   1.1854855205037598               18
   1.2715395416707682               14
   1.2782646171260643               19
   1.2351196861613301               14
   1.3047724802425889               15
   1.1799867163126885               14
   1.2967097140433617               16
   1.0568887443945647               15
  0.91734729881252364               17
   1.1273518420543076               18
   1.1109973690231350               17
  0.99245302287187986               14
  0.96327383143419398               16
   1.1467773921396667               15
  0.90737691784007601               15
  0.95221076192021348               17
  0.90223941171193589               20
  0.92888365949204132               18
   1.0224166928986256               17
  0.82593881488963983               19
  0.91443075809371555               19
  0.89564878752654797               22
  0.95586314864647937               18
  0.91426776316573943               19
  0.93593313343651718               21
  0.86875825588331057               23
  0.91083299362271164               19
  0.89049290694845462               16
  0.94802730046540029               17
  0.79627122635944547               22
  0.79348230571764433               19
  0.84117363612922269               21
  0.91961913817285545               17
  0.78482135249235496               18
  0.70274390228036498               19
  0.76851762579206784               18
  0.87966110052561530               17
  0.97077111269782035               20
  0.91172484535107334               17
   1.0795975914591076               16
  0.99118335518295098               18
  0.92891808258735198               18
   1.0020644627128303               19
   1.2458275926915716               16
   1.1048022448942754               23
   1.1395646376571931               20
   1.0929885644509980               20
   1.2026565177499307               15
   1.1316493950534685               23
   1.1392817362085743               16
   1.2388983731891980               14
   1.1902932953251866               18
   1.2639177005706437               17
   1.1487925273007249               18
   1.1144252762363156               12
   1.2040584066284066               16
   1.1140784178136880               17
   1.0872454288337150               20
   1.2713325731127831               18
  0.98026995093183678               14
  0.93374239675038984               19
   1.1891356880952821               21
  0.84791140552045252               17
   1.0137286828972010               20
  0.94843462086729768               17
   1.0088074488397909               14
  0.86687498749341840               20
  0.92010923163264080               21
  0.71117312710463332               17
  0.96894692473983857               16
   1.1107333272976017               17
  0.46003888314177066               19
  0.26743169001139228               22
  0.86153286738012447               18
  0.92494812714981511               17
   1.0139669065386636               16
  0.89755459062872001               17
  0.70017389379255812               23
  0.87822606967667782               20
  0.82311444892770680               19
  0.90839066306601768               22
  0.51617742524183929               20
  0.68237569309193802               18
  0.86088391839976242               21
  0.87278097690198209               24
  0.82669487937496067               19
  0.84702548689101997               19
  0.72973959292648616               19
   1.0454200977641748               21
  0.66066678974125603               19
  0.95503910189129326               18
   1.0804616231204145               20
  0.93144524067614509               17
  0.97815441276999426               15
   1.0456966633204579               17
   1.1158691671358740               18
   1.1541662744653323               20
   1.0809044351199013               18
   1.1651837571177104               17
   1.1078434360345615               19
   1.2145004000387627               19
  0.78101142886250230               21
