   1.1547900075773720               17
   1.2453206956514498               20
   1.2453906924884395               17
   1.1332804410550110               15
   1.0208511445103849               22
   1.1233102396586068               22
   1.1081325824440904               23
   1.3134058166093123               15
  0.98679389712290144               20
   1.1234352941063102               22
   1.0585649769938652               22
  0.94919752023976289               18
  0.99010725307574665               16
   1.1143865230876704               18
  0.77089014853276727               19
  0.81816579233370712               16
  0.95136369387375419               20
  0.98467793347604615               14
  0.97242527766241826               15
  0.86637519661772500               19
  0.83421375528245767               16
  0.68169311206260697               20
  0.86466870917406780               22
  0.59754893629058670               21
  0.75675252207999544               18
  0.91682654428277000               18
  0.78242254922383891               20
  0.89043509764925843               22
  0.94640535762455169               17
  0.95105162665451315               18
  0.91206356007592126               19
  0.87581616409583385               20
  0.87986945863782906               18
  0.90017232321093410               22
  0.94138568599897321               17
  0.93103629793084541               19
  0.74237255516217837               21
  0.84104516531122808               20
   1.0281801797255585               18
   1.0009340911727440               20
   1.1541083811527710               19
  0.89538705088616355               19
   1.2721348671458750               18
   1.3154234112043923               16
   1.1776737720289678               21
   1.1234494623686255               17
   1.1569314547062346               18
   1.1095500885828586               19
   1.1553847099591172               19
   1.2075122733213268               18
   1.1852798547718677               20
   1.2946718927844623               14
   1.3141662191305419               14
   1.2325980434252053               18
   1.1645472902973881               22
   1.1649912085997092               18
   1.0960390706071650               19
  0.98094560662974650               19
   1.3101651368528604               16
   1.1768128409888041               21
   1.1855644312781186               18
   1.1289729601131795               18
   1.0598402873172519               22
  0.98697994488187735               16
   1.1367451994559425               22
  0.91786002732598337               18
   1.0557217467230220               15
  0.93533098755466837               18
  0.93912645635232173               14
  0.89645001004067448               21
  0.81446061539126136               21
  0.96853298135641852               16
  0.86752876156790437               21
  0.95682625896105689               14
  0.94527168290970887               15
  0.80224366238229572               17
  0.93976276206660281               16
  0.91895869821017184               17
  0.92699090093264802               16
  0.95235936956899747               17
  0.93458315652929025               18
  0.94978045591598015               15
  0.86852031988690392               20
   1.0100942813184615               17
   1.0121669847927603               14
  0.84720767386628726               19
  0.98893798468145444               18
   1.0371834734248617               15
   1.0184817823204264               19
   1.0837657110005554               18
   1.0942472907100045               19
   1.0931560196369468               18
   1.2016237995545194               16
   1.0818930949768388               20
   1.0805052283019574               19
   1.1395748752000550               18
   1.2452722299680881               18
   1.2241161325940459               16
   1.3193901106350761               16
   1.2172346882665082               16
   1.1981656622371122               19
   1.2141778400942875               19
   1.2507236375135575               16
   1.1734081722602603               21
   1.3016143135081804               16
   1.1811975312079421               19
   1.0775114308002873               25
   1.0333748602941986               16
   1.0078194171849197               15
   1.0628157608372053               20
  0.92274141535594323               18
  0.99143775522932465               18
  0.87638266458910041               18
  0.97176597913317997               17
  0.82864196270649448               20
  0.86230585896386680               17
  0.79834730733550752               18
  0.83420635973191504               17
  0.99423534585407025               20
   1.0295373320977521               14
  0.88229112986073310               22
  0.76198585218310511               19
  0.88414786045516292               18
  0.84660480879884636               19
  0.94249530059299724               20
  0.81927014522865615               21
  0.91714629275521287               15
  0.94902852648182701               18
  0.97386953082532846               17
  0.92748690923452259               20
  0.77803970388126931               18
  0.90507752045243284               17
  0.86876408785921444               20
  0.83447822978498531               20
  0.99424847072339362               17
   1.0661618816601810               19
  0.95447442244280079               19
   1.2021055214998431               17
  0.98577758003013261               19
   1.0498109188796816               17
  0.99494020478312006               22
   1.1336931890892192               19
   1.0209567296904751               22
   1.0469106942349755               20
   1.2452792770009700               18
   1.3395317343233843               15
   1.2877389814027853               14
   1.1981729721498700               20
   1.0719207354866547               22
   1.1498512238296150               16
   1.2686821370241028               18
   1.3138209764776425               18
   1.2495755179958328               20
   1.2546851137757533               17
   1.2454762739866589               17
   1.1152055534503722               24
   1.0475511026302113               18
  0.92845115403822076               19
   1.1297465404915983               22
  0.94052264336934488               19
  0.85144528441311951               23
   1.0946889057845919               15
  0.90734586447762233               21
  0.80750877563349777               21
  0.81559697627832162               19
   1.0089543336186537               17
  0.86586391533341767               17
   1.0163824919175217               16
  0.97678044789377105               17
  0.83916674960670101               18
  0.77425718022869872               17
  0.89542899612754334               19
  0.85428401749466132               19
  0.74557314840854594               19
  0.92742627917309273               18
  0.66763068311079810               19
  0.68897676029169819               19
  0.88759315759778146               22
  0.94993649065262908               18
  0.95707895506401897               15
  0.87562057174415386               21
  0.72343673033309130               19
  0.90942106576502979               20
  0.80476669060769768               18
  0.77221444589818000               23
  0.96948892773743844               22
   1.1035793296359870               18
   1.0031132070466713               16
  0.90244001325745171               17
  0.97996063725456584               17
   1.1950886079237177               18
  0.85366768085599098               18
   1.1472856326106418               15
   1.0771041403117754               19
  0.96327193192559923               23
   1.1524169642227864               21
   1.1194002046262017               15
   1.1533784193963506               19
   1.2175107028149534               16
   1.3131961255596007               15
   1.1436356189774133               21
  0.98279659757735371               22
   1.1586818380737387               23
   1.0941195311822427               20
   1.0536130616429120               18
   1.3364967590645289               16
   1.2076348837687836               12
   1.2008949390733541               18
   1.1742533195566349               22
   1.1493889644038591               22
  0.98378606316702666               21
  0.99162235959196754               22
   1.0267927764686937               17
  0.74075804975429371               25
  0.76729574473101159               26
  0.87708315233177170               21
  0.68627539203375487               20
  0.91355970467407188               18
  0.87180564369062763               23
  0.90316519912605364               18
  0.72217983885709824               18
  0.80670471266962829               19
  0.91585439561768700               18
  0.85729603442524882               19
  0.73730459574962404               17
  0.90261060590657716               18
  0.70861975338819128               18
  0.71709554784943230               18
  0.93303769882144738               18
  0.93519464938143504               15
  0.67297771710366683               20
  0.83615341048912495               17
  0.91988137018826321               22
  0.70809531348076993               19
  0.94385229338669563               20
  0.62873920237201075               21
  0.96121054468472589               21
   1.0916527138554240               14
   1.0404971232925295               19
  0.82307009919021146               18
  0.89905717665506579               18
   1.0413900233572955               17
   1.0633664827551250               18
   1.2705876266823355               18
  0.89188910438414271               22
   1.0768875402115123               18
   1.0929657083685480               20
   1.3097344143955501               13
   1.2285161106035101               16
   1.1345113340946562               18
   1.1864595965984870               25
   1.2138371874024456               16
   1.0943412632372362               18
   1.0326089214871292               19
   1.0892790629623836               21
   1.1897424102933427               13
   1.0887004944720116               18
   1.0694320685487488               19
  0.82132216028232097               20
  0.99869016629441831               16
  0.84773428800226669               21
   1.0491329756364187               20
  0.80715038399494743               24
  0.89965730100318808               20
  0.89852179528533482               16
  0.93587597530666611               17
  0.89817392222204562               16
  0.71659322239722623               17
  0.83005260925562374               18
  0.88654663638283648               17
  0.86279814261313748               18
  0.66624398288625908               20
  0.65889082051337955               18
  0.75950713110080126               15
  0.50181345876124106               19
  0.81243084308976699               19
  0.54171384615763718               19
  0.97478208380723030               16
  0.66573489912440731               20
  0.80977808141875529               20
  0.67148483376774160               21
  0.74955796484820503               18
  0.83315799535635515               20
  0.97401366667961975               19
  0.92796108856180248               17
  0.75379263228570492               17
   1.0116308584418094               16
  0.89120931314049034               18
  0.74315290783451560               22
  0.80424913248067575               18
  0.93272942246317747               21
  0.95978684521239777               18
   1.2384937999519465               20
   1.1301727938721362               19
  0.92294401924799663               18
   1.0487287265718979               19
   1.1658161534685918               19
   1.1251390319997812               19
   1.2819481883623800               20
  0.98876859826065056               21
   1.1579708953719874               22
   1.1182887099621346               24
   1.1667501636588495               18
   1.1796421086159021               23
   1.1664377210095698               20
   1.0130110374087467               20
   1.1304398429516103               19
   1.0332521711610507               18
   1.0027407916428426               20
  0.89985924580436216               22
  0.90651569309559610               20
   1.0118250858596187               17
  0.97972346081158712               22
  0.87448925915001274               17
  0.82114388376195435               19
  0.74466281928747757               25
   1.0062197838954603               15
  0.66816212142190601               23
  0.79982409541229382               15
  0.81699565210237657               16
  0.70968605801257811               20
  0.69090753888528555               20
  0.74384897259632488               20
  0.66579404054820213               21
  0.60707932703055545               19
  0.67563256255571857               21
  0.55130538548765073               17
  0.66671540428606657               19
  0.86118967376090538               20
  0.75365646938383168               19
  0.81860230918933929               17
  0.60271720656539507               22
  0.68486233368318383               20
  0.71534747428605361               19
  0.73870328033558552               20
  0.93770783993532414               21
  0.79128496866597597               16
  0.97326766160871081               21
  0.94090218534890868               20
   1.0509110759434479               20
  0.82131380396968845               22
   1.1083845825031220               17
   1.0186472979476482               23
   1.1659197925516775               18
   1.0957000661449658               18
   1.2043075415470668               17
   1.1029751983248341               20
   1.1539520289720686               19
   1.1596582477210198               20
   1.0939798731801276               19
   1.0111576587627640               23
   1.1577614074999119               14
   1.0836619595026458               19
   1.2261067541900328               17
  0.99121890859760808               20
   1.1275911064341946               21
  0.94906704186802826               19
   1.1549059654735530               22
  0.97206146940823035               21
  0.84298225951301975               22
  0.72286056874235538               23
   1.0670395688958680               21
  0.80324437618410882               21
  0.91492091578170609               16
  0.73005658428304798               23
  0.78594345889808992               20
  0.75861077126509102               25
  0.96369371042132812               15
  0.94059294556886697               17
  0.78794173715873783               19
  0.66695576228793430               21
  0.71533306656183016               19
  0.81301586984883434               18
  0.71546209111149228               19
  0.59290561536528930               20
  0.44942953959618070               19
  0.73533795013106640               19
  0.63131132650271549               21
  0.58497933002624058               20
  0.72660929253336648               20
  0.82398741849436519               20
  0.72335204462503999               19
  0.77993509689197116               18
  0.68198538272340259               20
  0.84678697288130744               15
  0.61911954220053467               23
  0.92773270804368779               19
  0.70704687049214054               21
  0.91231203752602186               19
  0.84277727279008896               18
   1.0337001048472805               18
  0.98515021352643251               21
  0.99137584140082324               18
   1.0425244387885138               18
  0.97058228563752236               21
   1.2145205583546614               20
   1.0038812453273431               20
   1.0699087123640705               20
   1.1911233094538300               16
   1.2513704160644608               17
   1.0001501938297095               20
   1.0939932553723257               21
  0.90598048523080599               22
   1.1145377379961141               16
  0.96812763556272941               20
  0.95159358964541707               19
   1.0414989600881146               24
   1.1153900757773878               22
  0.76947161321276047               25
  0.81274923437853364               22
  0.73585233007225970               22
  0.92954583818086767               16
  0.79232498094302972               27
  0.76786882664487810               22
  0.72677564507592329               25
  0.64592385981474121               22
  0.68744302267623059               24
  0.75514689277472946               20
  0.93760466646746088               18
  0.71175676837814317               19
  0.70943036142479432               19
  0.85519816999580112               20
  0.85163727169255588               18
  0.50375484984517760               20
  0.55441229733197461               23
  0.80301042498226793               20
  0.50418716318339751               22
  0.86279183464625209               23
  0.56565430640432646               18
  0.55697356832474998               20
  0.74294682953262681               17
  0.59758483282962904               17
  0.57424394448437532               23
  0.71446543612723756               21
  0.60307638753172255               23
  0.94893937400326378               21
  0.75439197336016250               20
  0.97534283128776145               19
  0.78982933858655235               25
  0.84463930091008466               23
   1.0201334197229244               18
  0.99813987141469362               21
  0.91930483758437198               18
   1.0460433008758152               18
   1.0303382480616488               20
   1.2811760006939461               15
   1.0803318446571522               21
   1.0716404698952595               18
   1.0754593274381343               15
   1.1466280304082204               19
   1.1281772002345332               18
   1.1968121026602929               16
   1.1380996024100807               16
   1.0290101529622429               20
   1.0907843046574845               16
   1.0527841717510595               20
   1.0564037562400252               19
   1.1120407608898391               22
  0.78295283867802190               19
  0.81094791202847016               21
  0.94578049807907205               22
  0.88316977893118542               21
  0.74021256452256012               25
  0.75538674617108081               24
  0.78846592718680231               23
  0.70549529563063262               19
  0.63725159677588428               20
  0.61222332048321038               21
  0.61642913209829453               23
  0.75141931620291424               19
  0.78234265742805487               20
  0.76346729999939167               21
  0.61076847300359083               18
  0.52800297038008226               20
  0.61392644830709475               18
  0.62880875735633845               17
  0.54978286662547660               23
  0.81098976825502633               19
  0.65048175901711791               21
  0.48893016297003344               21
  0.80300201868217858               21
  0.65689852969862716               20
  0.79696041681421204               16
  0.83163482914574938               17
  0.68221926007497280               24
  0.78792968447746747               24
  0.68802708356438225               19
  0.76922624579738053               21
  0.81522045998290060               19
  0.92517262255048383               20
  0.86446765877933607               20
  0.97050125998439130               19
  0.97676006296738782               23
   1.1137392933967050               20
   1.1502034074026022               21
   1.1187259517928323               19
   1.0722781473720457               21
   1.0451523296417105               24
   1.0265372675313900               19
   1.2315008204355891               17
   1.0231261115369408               19
   1.0937291142181007               14
  0.90642782409875822               22
   1.0034293194397650               20
  0.81563595693126123               21
   1.0427686362043733               21
  0.91319741453782910               21
   1.0650334101403374               22
  0.86545722778632639               19
  0.82454005164973254               25
   1.0014183511370556               17
  0.95361141164764718               21
  0.70344642365186461               22
  0.67353840667778131               23
  0.71502555953395264               22
  0.68677512829752896               21
  0.73528336490409907               23
  0.58142064401602922               21
  0.54990764947832949               21
  0.49626900798033369               19
  0.58566878692486724               21
  0.65900688291321652               23
  0.54224373614608889               19
  0.52148498064716464               19
  0.53353677035209546               22
  0.45126692561565801               19
  0.76444946890912802               18
  0.51615204091384059               21
  0.44646889330098477               23
  0.47298392531918104               21
  0.77569862648624133               21
  0.73647158466792129               18
  0.74521382259691671               19
  0.89930832486094581               17
  0.61214404203937900               20
  0.79897482598312297               16
  0.75741010616971849               18
  0.63687299964445310               21
  0.80442332525563942               22
  0.57142789916298187               17
  0.86192335954721977               19
  0.86654006356565505               16
  0.95202093059405390               24
  0.91384990172579572               21
  0.91718716784867915               22
  0.95517534635296408               23
  0.81528778075144881               21
  0.90584712909968235               23
   1.0473170994938537               19
  0.98677352255573914               23
   1.0177141493658026               22
   1.0639220446353639               22
   1.0476011510887600               18
   1.0766099018749296               17
  0.92833556749385437               22
   1.0758872741497034               20
  0.73103146226925153               20
  0.95291262002332355               23
  0.98227376756516405               22
  0.93180809604938153               22
  0.90038441034770644               21
  0.99072509974081313               20
  0.68427409163123665               18
  0.63671607208133507               19
  0.73596228415661269               24
  0.75336919283312498               20
  0.69137122829698783               22
  0.54466788017171264               24
  0.66895869493509930               22
  0.52703635762085010               21
  0.59141542385911494               20
  0.63567343950365351               20
  0.56358954341372025               18
  0.48909018066982635               21
  0.61182773457423223               20
  0.47671031040533562               22
  0.67602294872232904               16
  0.44959386410540075               19
  0.50660630078518643               20
  0.37252329269850998               21
  0.53753771421417174               24
  0.68595405556787625               22
  0.75349018832771575               21
  0.67096796552453009               18
  0.54860913659596933               23
  0.70946512599986566               22
  0.61208252381757522               24
  0.68812319806885758               20
  0.80684766083323389               23
  0.95200306763270937               20
  0.85795075613869343               18
  0.98319482984622220               21
  0.72940536274440126               22
  0.73200972322123015               23
   1.0485775100910555               19
  0.75614981921350410               23
  0.76185997319265886               20
   1.1975863974692358               17
   1.0044142373561913               15
  0.95449670753950144               21
   1.0693414683397253               18
   1.0932587941341037               15
  0.85625606625201123               21
  0.98818082002796181               21
  0.82912324513329572               18
  0.98362753897441157               22
   1.0321645716086032               20
  0.78163688501267137               22
  0.88201546259916119               21
  0.82025236560739923               17
  0.95786532807519198               22
  0.72584315573575053               22
  0.76916439109486101               19
  0.85111118708653710               20
  0.70758249943538931               22
  0.59746643378069930               21
  0.65348235620999540               19
  0.53935790993694743               22
  0.61746401764222991               19
  0.44013238934097226               23
  0.64092366056651451               24
  0.55712708827142299               20
  0.64867093019751632               23
  0.46240148920922086               18
  0.41835956464679697               17
  0.57761108162367680               22
  0.46936025301193557               20
  0.41364418394381924               17
  0.55013342807685572               23
  0.56865684983216702               23
  0.57792450845137833               20
  0.64766151480267753               20
  0.64705084753799680               20
  0.45715869052045538               18
  0.59796077605892062               17
  0.62568067968458940               23
  0.57631042452987757               18
  0.83683855292207743               19
  0.54477363621531050               17
  0.87199745568472420               19
   1.0251504233801751               24
  0.81922931304979951               19
  0.79639102927230832               18
   1.0313795819570362               19
  0.87022902393502022               16
  0.84120124383840800               18
   1.1384747108009943               16
  0.99364439328013587               22
   1.0293244197276010               20
   1.0183248138861400               22
  0.98539405264857927               19
   1.0334628586602135               20
  0.88614198665545940               22
   1.0370296260852319               19
   1.0115218341427361               19
  0.79862774330265307               20
  0.85340210922255311               21
  0.88495333561591583               21
  0.67913090244073004               18
  0.93852375682469691               23
  0.55319544916481411               19
  0.65871531319355259               24
  0.54563957342354241               20
  0.84138929316720557               21
  0.77365178878152552               16
  0.62028415194240527               20
  0.52421988129782460               20
  0.51232894013698860               18
  0.62991395985762755               22
  0.52239616317084514               15
  0.44672887354125140               18
  0.36433262907480379               21
  0.49629699016713841               19
  0.41797464856244582               21
  0.53770319797347177               18
  0.65455906104623662               19
  0.56412396423291256               16
  0.36333229353709717               17
  0.36923091421326465               18
  0.61736586351120215               23
  0.59383680730530231               21
  0.44338014737700293               18
  0.62485177126550007               17
  0.62991032060156160               22
  0.54827899113766454               18
  0.81103989116830300               18
  0.85146569340212230               20
  0.78316138232374466               17
  0.81232515038515551               22
  0.95829904237497721               21
  0.69303906139259253               19
  0.88247701890455232               19
  0.85766238419436702               17
  0.75227616479270476               21
  0.69684834749775804               21
  0.94953247937671348               16
   1.0018840195447773               20
  0.95085315468509457               21
   1.0554411844359370               19
   1.0560131247933038               23
  0.75231261011149342               20
   1.1575171147218195               16
  0.98570356930343450               20
  0.89408865911296576               18
  0.99245733245208190               19
  0.79319355279684411               19
  0.63054294425226465               20
  0.81590511567735513               19
  0.65346099941400182               19
  0.87655764378527223               17
  0.87110915800712319               21
  0.77370585608172560               20
  0.48895793410186772               20
  0.59205336432321809               21
  0.69538924098344890               20
  0.47346123971416254               23
  0.59909191105058013               19
  0.40229823033975137               17
  0.46279377102366953               19
  0.60343369160291094               21
  0.39640205725498623               24
  0.40671531375585157               20
  0.43671896149968348               20
  0.64011740269362194               21
  0.37748524194024774               19
  0.47510469203122330               22
  0.49427446613790971               19
  0.30682463245921276               18
  0.47063415962908633               20
  0.33124209972284246               15
  0.41212579090569207               21
  0.56368498306992376               20
  0.44472834141564554               19
  0.46604127264347794               20
  0.64351552494773057               19
  0.74665600207291172               24
  0.44201480007498084               21
  0.70880152745190539               22
  0.72388094597663444               20
  0.71361826132100881               20
  0.62911624555447443               20
  0.89298147044854592               20
  0.67689735399733997               22
  0.74793237148759739               18
  0.97349974279859530               24
  0.74587301340268719               21
   1.0172978615685735               18
  0.99075617153767370               15
  0.82105614895802193               18
  0.80474649747874005               19
  0.96702553608291753               21
   1.0573050080103961               18
  0.99276448524938310               20
   1.0198278039355300               19
  0.89344471460371500               20
  0.94810399293004610               22
  0.89404924889545190               19
  0.80773152554190586               23
  0.73861802615110039               19
  0.87043722271429813               21
  0.61350709328505371               17
  0.66888055712557337               15
  0.62336331794137056               18
  0.59634849895376119               20
  0.69007272829763078               19
  0.50388310431680849               22
  0.64615031178261806               22
  0.53214000610743362               21
  0.43451586778625179               18
  0.42499465450783169               23
  0.51690376715001451               18
  0.36585082881089193               20
  0.45581215627647786               20
  0.35067408160363728               25
  0.61841887589778610               23
  0.28136604694944389               18
  0.42904694725584264               18
  0.39712650980574915               21
  0.56611710900709578               25
  0.40165155244781903               20
  0.28024333650301231               19
  0.58589753870087680               22
  0.43468875009057095               20
  0.39608529751797827               23
  0.54422188180658626               21
  0.44940779737884684               21
  0.73244975853898209               21
  0.62324213987080412               20
  0.85118648766409000               15
  0.67555157872985383               20
  0.88965019473632689               20
  0.63478962750511414               20
  0.83028280319128622               20
  0.66107089697516908               21
  0.61121048167235514               16
  0.81445058033316886               18
   1.0138402507835151               14
  0.94820978102551745               19
   1.1314444491945399               15
  0.89242485978659813               21
  0.93604733609118751               18
  0.94458244701294736               22
  0.92439587369734233               17
  0.98195691583120159               19
  0.94294143011847409               24
  0.96970594405402488               20
  0.61160133917548043               20
  0.77046317475523407               24
  0.53791629122956119               16
  0.74707285397587297               18
  0.56740622995116663               20
  0.56585739290951653               18
  0.46247742028231070               16
  0.70620194192168084               20
  0.61219293004980457               17
  0.58413695530449616               18
  0.46554756959571125               24
  0.60525325223981963               15
  0.34639982642070699               25
  0.37029169025517217               21
  0.33674586928833478               21
  0.29844613973455086               20
  0.34143215375753938               18
  0.27887489387778824               19
  0.49551960019502167               21
  0.49186921578819615               24
  0.37581370136489756               23
  0.24772607331440291               18
  0.35099587307006214               16
  0.20931575724551840               20
  0.53418013966869582               24
  0.55518221321335781               17
  0.24911023552180975               17
  0.59014758637984188               17
  0.63111863500453214               22
  0.48535748637384141               20
  0.40283190755006915               22
  0.66974569867829614               22
  0.67102910489641443               24
  0.69132831922427795               21
  0.58564193724599045               20
  0.73828189684905443               20
  0.86141058202380683               18
  0.92807196985213725               22
  0.92869419942626319               23
  0.98311437355630293               16
  0.67682261781568942               20
   1.1249702229828651               18
  0.94788094172152837               21
   1.0455419452740242               14
  0.93948642725011233               23
   1.0114977502339653               18
   1.0402270300997605               16
  0.76114796110031269               18
  0.77881960157407493               20
  0.75780682469946115               20
  0.83076321488546101               17
  0.87867222187962624               20
  0.71741263556631807               19
  0.68044816645834516               25
  0.72636946899767441               18
  0.55916739361063128               23
  0.52858044891641687               18
  0.50678241060719587               16
  0.70293017269147973               22
  0.48042962618624913               18
  0.37425479018718211               21
  0.60897010848433708               21
  0.37488149309658353               18
  0.47626857912390608               22
  0.31854600221638024               18
  0.37839339772005426               19
  0.28488394932128541               22
  0.32808143163090858               20
  0.46383789053772773               22
  0.25659287207250248               19
  0.24583312405593216               16
  0.38581434038942880               22
  0.63414402297217964               21
  0.43923797103016099               19
  0.34088700005676070               18
  0.22024820762345390               17
  0.52368199847184216               19
  0.49170998876841920               18
  0.73961110405698871               17
  0.66272716482880756               17
  0.62156353732684488               16
  0.69205133568908650               21
  0.63349845166431162               16
  0.77172756135107201               19
  0.76514988538380779               16
  0.74424685280322778               21
  0.75401510820425088               22
  0.90015304318486478               20
  0.71319487344187582               19
  0.67396912415067889               20
  0.67868931938289612               20
  0.99128771858530407               17
  0.97545154487916363               15
  0.96781536148545599               24
  0.69963586292305491               16
  0.98418764712621420               19
  0.78897901828069317               18
  0.71148702391207186               19
  0.92042999233036049               13
  0.89936169212923911               17
  0.73204046386550392               17
  0.78523441623675461               16
  0.65268806984698868               19
  0.68471452114809550               18
  0.70400907770393706               20
  0.61829697421999175               20
  0.40770839255200758               18
  0.36832060243997256               23
  0.40662841344074402               21
  0.50831561193188568               17
  0.39292777399503392               21
  0.42083465544902682               21
  0.33299225951209960               24
  0.42423105190246679               22
  0.53040845688529659               19
  0.26275843261997534               20
  0.31971562943687581               18
  0.37105710267882142               18
  0.29909199153435734               19
  0.28383823533416880               19
  0.37484693564315896               22
  0.18907412513576885               16
  0.41185754149526449               21
  0.19276128224717543               19
  0.35654835275532176               17
  0.43077099530212681               19
  0.54063976373634126               16
  0.57663731838243015               18
  0.45365802193915988               20
  0.41062944364929793               19
  0.51276103096819248               19
  0.51850902907817997               21
  0.68179914846696521               20
  0.74863947552934273               19
  0.71608394719564539               18
  0.82405723637147421               16
  0.84024420095597074               16
  0.78235713370548954               21
  0.94930102506539316               21
  0.89128606519972575               19
  0.94582424462431902               19
  0.99233350446882262               23
  0.96903776637029726               17
  0.76761059185047142               17
  0.91327848218817476               18
  0.89735763835047855               18
  0.84985163311012168               19
  0.96315247954906413               17
  0.83324954846176114               15
  0.85014569576090337               20
  0.91689353471069046               19
  0.64066629517845441               19
  0.87180662870906700               16
  0.63596577009966226               20
  0.44175950924710722               15
  0.60770775945286792               22
  0.62926841460741489               21
  0.59974050334145768               22
  0.49678757685078728               17
  0.55833851305005322               21
  0.47487911138747568               18
  0.55771304573737668               21
  0.28497600188199690               20
  0.25745959687508307               21
  0.31947825284447134               19
  0.42292008780445400               19
  0.27943860058929676               23
  0.32751706280209619               21
  0.11211767341175666               18
  0.24388233241734836               16
  0.24275448434591582               17
  0.24430504203923581               19
  0.42452990151096881               18
  0.14417358436840522               16
  0.28196568287204316               19
  0.46695860067922662               18
  0.38120091826620728               22
  0.53046163618301889               18
  0.53925805624878853               19
  0.65786695684901630               21
  0.74846944511376445               18
  0.64144602462365730               17
  0.68510068661196988               20
  0.78974782911429198               18
  0.73154663527880237               15
  0.63821683725728906               22
  0.71218599446885633               21
  0.65094445508461707               17
  0.85982101991653259               17
  0.84395991260652670               21
  0.93224843040760208               18
  0.87265774737381485               16
  0.97549725497054507               14
  0.78832944510126080               17
  0.93517628172305733               21
  0.96917098794387257               18
  0.97925840270633624               17
  0.99561960402351135               17
  0.68232116239908991               18
  0.83440807831566910               18
  0.81547754168536146               19
  0.62048873212614808               18
  0.55996413090620523               24
  0.69447208344518330               21
  0.65582527524693979               19
  0.46687497249655996               17
  0.54428357748956535               20
  0.55986326532358821               22
  0.27448027555558602               18
  0.58199528171303239               17
  0.40408357078458002               21
  0.31837875951812161               22
  0.17784009000521922               19
  0.32408165818293327               16
  0.38171066434706979               17
  0.12847445898649065               19
  0.34473583843110267               22
  0.23345943069543534               15
  0.20990538978296833               19
  0.17080991155539177               19
  0.31073566143159864               21
  0.27006224943089369               19
  0.29437529362101550               21
  0.19109938588221809               19
  0.44133824087724849               18
  0.35084915910468589               22
  0.36459495511611528               20
  0.35068301160603838               21
  0.65307486422485594               21
  0.61191675558050274               18
  0.49144796630101051               22
  0.44527533383249662               18
  0.40547796340627412               22
  0.50336430421778244               20
  0.74102730983838561               17
  0.72081207293288840               22
  0.69412262788070167               19
  0.87294794077495197               17
  0.87468718541015777               18
  0.85266183625938630               18
  0.97117227137686901               23
  0.89850015917689785               20
  0.93620836705118760               16
  0.92404079021067353               21
  0.88446377043400448               18
  0.84491430433412662               20
  0.91522813588988361               22
  0.96321856743425394               17
  0.94201469135632065               15
  0.61024636694682466               17
  0.94815572782036683               17
  0.56252763134560457               23
  0.59680685218491081               20
  0.48787843783315032               19
  0.41177718604737190               18
  0.40956734036899289               14
  0.55672334354804709               17
  0.69698447301891675               15
  0.50678150485430262               14
  0.35193151098222647               17
  0.46766321095821506               17
  0.33955368524405133               16
  0.24980507200677204               21
  0.20618624747994363               18
  0.26357499545649948               21
  0.32959544803558521               23
  0.28275365893539606               24
  0.12542610296116383               15
  0.29161733025743941               21
  0.19692626163805382               20
  0.23755979436526786               20
  0.22252982360245491               20
  0.14838237752292263               18
  0.19127950935241195               18
  0.43250360556472345               21
  0.35489571673024634               20
  0.50636395986690852               20
  0.30603847098516251               20
  0.52920420660022305               21
  0.50302123521713449               18
  0.60335586653077833               21
  0.45431146648496329               20
  0.60157324426489978               20
  0.55269096611040114               21
  0.57789944468926657               20
  0.51861225922472765               23
  0.51307049192764176               22
  0.68910920469053993               17
  0.59149171232219977               19
  0.92338408269322148               17
  0.83419639672505552               17
  0.95300483432859084               19
  0.92509859407979145               16
  0.90280313042681870               21
  0.73112704941273454               15
  0.97228810348143846               18
  0.68670809837195057               19
  0.77718321954232816               19
  0.87259322280093621               16
  0.72157385052567635               16
  0.78216002891370884               19
  0.93187521613052016               21
  0.68823371143876799               19
  0.54378984427021504               20
  0.74779313760192268               16
  0.51803335067137013               21
  0.59180882869195828               24
  0.60696194039931006               18
  0.57203781692982303               23
  0.34993164384630365               18
  0.16004997429419890               15
  0.16977829858663082               19
  0.22048506412779981               16
   1.8161821251476442E-002          16
  0.10910512158257613               15
  0.23880906986483996               17
  0.22716227846170764               19
  0.37151539755213492               23
  0.28698771318923672               17
  0.10251519487574372               15
  0.16844931209362879               18
  0.29504244868819629               19
  0.12778039160036775               17
  0.29545989617608981               15
  0.24381085275199454               20
  0.32460201859030047               20
  0.38511355655888724               20
  0.31947111782412674               21
  0.47580522450052953               18
  0.52701584683336922               22
  0.55349329493018251               19
  0.38391622749424809               20
  0.55064328906070747               18
  0.58908002742242593               22
  0.51316313122516755               21
  0.51900629146391619               20
  0.81799246470454701               18
  0.85758676629759989               20
  0.59413234673223514               20
  0.90654586378819646               22
  0.96652669742372999               16
  0.86296553558560807               15
  0.96300479428073005               16
  0.87300310031135786               22
  0.96780406909607686               13
  0.64851936244866415               20
  0.90471678473062977               17
  0.71589605031246772               17
  0.82685711909541981               20
  0.68222210989233456               18
  0.68860900271988845               17
  0.77107319600382929               16
  0.80509188838529933               18
  0.88062500150421896               17
  0.39212816463715156               18
  0.73306066809385106               15
  0.59244015147001017               18
  0.46392069583056278               16
  0.49308020322515433               20
  0.39119218951735613               16
  0.41535527536624767               18
  0.40508214119082325               13
  0.30562949480360369               18
  0.27600472585460178               18
  0.23572767300849046               20
  0.20448116519229162               20
   7.2090524207013035E-002          17
  0.11902099579868555               13
   4.3024701193627460E-002          17
  0.25193194932883922               17
   3.8842785544247659E-002          14
  0.12883305123612973               16
   3.7522944667924524E-002          18
  0.18386742953739973               19
  0.36651266554672812               22
  0.20014294786393541               18
  0.30673084737954337               21
  0.47310463151462490               22
  0.37295160190890936               19
  0.40527936854265800               17
  0.47912810990658955               22
  0.55346179136115703               20
  0.54802033461935118               21
  0.54191633711808196               17
  0.63685622951238530               23
  0.64013944097678155               24
  0.90505534870229276               16
  0.76269022049267743               19
  0.78994361194032015               22
  0.94659783220839544               16
  0.96545094201284176               17
  0.81880360499722138               20
  0.95369129081449910               12
  0.76147561988559020               20
  0.79189674926641629               19
  0.89370105545630041               19
  0.87601164791621855               18
  0.95068267900041303               16
  0.82218709359962550               19
  0.77006901972914443               16
  0.77575604522761998               18
  0.84197373484261162               21
  0.60565361019637587               16
  0.67440802290127033               17
  0.47596956294823189               17
  0.50983518964949359               17
  0.57909422683405509               22
  0.47183447298752884               16
  0.29609863607167902               16
  0.57466708525055343               17
  0.39367261119815666               16
  0.45686038145513103               16
  0.25464598396114402               21
  0.42087710571548803               18
  0.17540711637964373               17
  0.11093147535280348               18
  0.28382508376266147               18
  0.25072202868819904               20
  0.16728573827724713               17
   9.9611028274500232E-002          18
  0.15509953298929596               19
  0.18086888711792146               21
  0.11721657415713008               18
  0.41522950917500606               18
  0.23482828807277506               18
  0.34919470508670913               16
  0.56120855981454298               23
  0.33009562043599633               17
  0.22683838764253925               17
  0.50175830096224450               21
  0.41017979473535443               17
  0.47774585040130402               20
  0.65247625838211920               19
  0.47482741220007302               21
  0.57226372987246354               19
  0.76727789026933735               21
  0.80008005209337918               21
  0.69663532459508337               20
  0.68157348068168411               19
  0.71411719778273464               18
  0.84563095417541401               22
  0.89905048447043967               19
  0.93151740431990182               17
  0.82311057781482555               22
  0.82272002946622746               19
  0.91456298926047219               18
  0.79767707115429431               15
  0.91613209838219156               16
  0.85923828830665450               19
  0.87094758733978028               17
  0.74823582870162697               21
  0.64891262778189307               20
  0.74884537420082198               21
  0.53458883592716866               21
  0.51684387249475272               21
  0.55957345298114802               18
  0.33605157159272148               19
  0.63393360139176491               19
  0.26910671157119381               20
  0.32224288426240322               20
  0.26388156750365827               20
  0.39818758087605943               18
  0.21793842035973041               15
  0.35424892308053152               17
  0.24155713667337825               18
  0.29547536015752274               19
  0.15129496018517966               16
  0.25478773635623025               21
   7.6209809676955525E-003          14
  0.40072500364330216               17
  0.15488706572970956               16
  0.12968071589545149               16
   8.5209682831375547E-002          16
   7.3759415785915897E-002          19
   6.2394900005412687E-002          18
  0.43809221720479125               22
  0.25764959027605172               19
  0.25856369386396055               20
  0.26555329083581730               19
  0.44199307148002448               20
  0.50493065775512080               19
  0.45669828232693915               20
  0.86126303612372013               17
  0.50247568223610573               18
  0.59936206383761959               19
  0.76057449491438844               17
  0.68636224940818569               21
  0.64725216627368698               20
  0.68680046437024933               23
  0.67580065370877362               23
  0.71648892004077491               19
  0.88887728576730363               21
  0.94802343170346215               16
  0.95540043249125628               14
  0.75541879659034261               17
  0.91009175046018298               15
  0.95046038645464825               15
  0.86890687786156018               21
  0.68091877654429123               20
  0.53432405784090053               20
  0.51987249751612741               19
  0.77936536460342176               19
  0.70244980367964671               21
  0.75208869246815568               18
  0.73062792574628588               17
  0.53945137834375589               20
  0.53605943456789407               20
  0.27443831537862678               18
  0.54928039934982786               21
  0.48345217096878124               20
  0.45860668053161596               18
  0.21256975084048454               20
  0.38071188533389788               14
  0.16624054848322808               20
  0.24711908050647360               20
  0.14338574669399842               16
  0.10465327793374636               18
  0.12955465245190492               18
  0.20825889466330474               15
  0.18122083347282136               22
  0.19216610269204931               20
   7.1977657208705623E-002          18
  0.31421307560333867               17
  0.35847555792734759               18
  0.31930613868358471               21
  0.26050407523277797               21
  0.20225300454912609               19
  0.32388697989041704               19
  0.28192200589270999               18
  0.50538488661209013               22
  0.45964449018816839               18
  0.33536670697515286               17
  0.68384663551079672               19
  0.44648144614518681               20
  0.61092824727115869               20
  0.60643414466803158               21
  0.61337847764936237               19
  0.65743661702491774               21
  0.86062552678833160               16
  0.75817736531325430               19
  0.86412075825926260               23
  0.74329195933773762               20
  0.97308025202938064               17
  0.92648985907454506               18
  0.60653287856704985               24
  0.82787981257618337               19
  0.80552145046852963               19
  0.87351384649553565               19
  0.88298399174270348               18
  0.61659988509816477               19
  0.66274809153799308               21
  0.68478470078250986               22
  0.75781229826463059               20
  0.59817692876217421               18
  0.54443332779418552               19
  0.48480894176889316               20
  0.64702758839912211               20
  0.57422972787387971               20
  0.45632615632858614               16
  0.45811482915555618               18
  0.36483463149275241               16
  0.28870990783851369               19
  0.18726510651730402               21
  0.32391808710543174               18
  0.34259480348159760               15
  0.40203970964062707               14
  0.24765000087116804               20
  0.19563116655154933               15
  0.13408664560598987               14
  0.19016347954284946               17
   9.4732942830418762E-002          13
  0.17648084721177956               17
  0.18850718179197329               18
  0.25684165420979871               21
  0.11574018319807325               19
  0.31234972108862047               20
  0.30871359839805340               19
  0.31033409245100874               17
  0.45623283512315527               17
  0.47869561536722688               20
  0.51302861682629397               21
  0.58063517390269115               21
  0.62152815802210359               19
  0.41255061791906866               16
  0.58110976655587265               22
  0.79167686460887177               15
  0.73004178632032335               20
  0.77210871300455985               15
  0.80641073559993059               19
  0.67033818062738659               18
  0.87944787009353353               22
  0.80324189683049063               16
  0.80551630807158447               20
  0.82534502983567437               20
  0.80770052567217254               17
  0.95579796958309060               17
  0.95692598176581145               13
  0.94509738488823569               14
  0.79581052294787158               17
  0.71890808265134620               17
  0.77764213226297207               16
  0.48496509478622429               20
  0.56774905122130237               19
  0.73426151938175943               20
  0.36799923602879259               15
  0.41377187440791119               14
  0.50687473647179060               16
  0.32244366958353232               19
  0.27178255334790014               22
  0.24360385728837974               18
  0.42848825861242740               19
  0.53073540556301013               19
  0.44143575315675565               15
  0.30421513757978458               17
  0.29298785353881895               17
  0.23381356444775825               18
  0.11410109337107725               17
   7.5936890117495645E-002          18
  0.33469786392734752               18
   4.2514282286641891E-002          15
  0.17660140451134129               18
  0.13754941144242858               17
  0.23065644903004842               19
  0.21790316114029451               18
  0.14662041241208301               17
  0.38315066783622886               17
  0.18785904390279431               19
  0.37764664221995387               20
  0.36190949855443189               20
  0.64526811356073732               19
  0.34846872980677862               14
  0.38044095757621471               20
  0.58196268932599937               16
  0.54412897890549783               20
  0.46245368767274475               18
  0.55278606082093384               20
  0.67723236087538385               19
  0.76928153526336684               17
  0.65931088505202362               22
  0.85145252184951570               12
  0.80249833661760694               18
  0.94370534883095303               17
  0.94221289701993893               14
  0.76373429422738004               21
  0.87389422607523348               16
  0.89884419929186443               17
  0.81731176475832346               20
  0.66766297717386724               19
  0.73855650231967063               20
  0.95881254455491138               15
  0.77163675059079961               18
  0.71546660991437050               19
  0.67994132056891288               18
  0.69134643974973953               21
  0.61294975744612223               15
  0.64112872265744025               18
  0.57119719957189452               23
  0.46872830519643216               17
  0.30225699985475746               17
  0.22194458757841301               21
  0.51482386035407091               18
  0.36344427305737981               15
  0.33587670738495173               15
  0.42188474927065450               18
  0.14651450865396073               16
  0.14395557534638936               17
  0.14451580381463947               18
  0.25475048677528650               18
  0.33532975212751498               15
  0.23722975695675844               20
  0.25655720287294181               19
  0.10298100610748540               20
  0.30638373363809124               19
  0.10523219253271456               18
  0.33220993809915211               15
  0.39856032823904636               14
  0.28973453911494790               20
  0.27206147658912877               20
  0.35821115763311495               17
  0.44671428768820198               18
  0.57584429459518804               20
  0.55277784390654117               20
  0.47710596934423211               22
  0.82012330446385318               18
  0.75626109391107355               21
  0.61346754995137742               23
  0.84163422285379275               19
  0.84956371452797763               18
  0.89525033209181060               18
  0.81878413205281486               15
  0.96846409366933817               16
  0.95071291142316472               15
  0.88451375466698567               18
  0.82811267213122020               19
  0.90136303193202039               14
  0.99452678906728331               14
   1.0055395802136378               16
  0.94292743818978575               17
  0.97935382916644464               14
  0.84289135469444554               17
  0.80940083464798684               19
  0.74329029381821776               16
  0.76206699266359634               17
  0.60052896491937335               23
  0.58066802532911976               21
  0.60236914085625570               21
  0.74381070460525345               17
  0.59655019794479469               22
  0.66090694237593850               19
  0.56179294640085486               19
  0.44446504903686795               15
  0.49990679170284508               18
  0.42569339833827957               17
  0.31831943869183377               18
  0.22153056370483221               17
  0.27796678369160377               17
  0.24553962358659781               19
  0.20685532760923944               17
  0.18588144154900949               19
  0.15242974097171125               18
  0.20131325128164054               20
  0.20027008755989681               18
  0.24158352649396256               15
  0.25793556920773769               19
  0.41126987816887201               16
  0.39460656873072231               18
  0.34828262147845956               19
  0.36194926824815499               14
  0.46282693930952962               19
  0.46829098219434601               17
  0.41996548070276057               21
  0.46640833148975025               19
  0.43594922551545934               20
  0.69316317541397665               21
  0.81768568825513532               15
  0.56306137811279722               19
  0.65048823069188000               21
  0.71544778608952686               19
  0.89639717906549865               18
   1.0123969301525690               14
  0.73314055277559875               20
  0.91617297234735451               18
  0.97881129215055984               16
  0.78170722248291746               19
  0.89486192105425366               17
  0.95307436414078250               14
  0.72099119981426107               20
  0.87436717360833538               18
  0.87321545336309403               20
  0.72800901600859802               20
  0.76333986949293231               19
  0.77745914412142292               18
  0.77884469784290877               15
  0.83870905249062666               19
  0.76480343058779454               19
  0.62693430071230449               21
  0.62239644160981600               20
  0.46355316000245800               15
  0.53923391057325909               20
  0.67383315845220992               20
  0.51405942299452601               19
  0.51616605115208392               18
  0.54268659351047521               21
  0.26737954994082708               18
  0.32506110534625871               17
  0.10912237718256425               20
  0.33317420905015549               20
  0.39256968221293609               17
  0.36397049637647427               15
  0.21313989549538520               16
  0.13989951408006548               18
  0.34308225214082655               19
  0.18298182847878730               16
  0.28707837761540239               16
  0.24320695736327130               18
  0.29475154071284582               20
  0.35768833822308332               20
  0.50458155218871825               16
  0.51380956632820274               17
  0.44633554648393914               18
  0.31713542845103931               17
  0.53284794058286944               17
  0.63131305860766285               22
  0.53794827564170167               17
  0.67353132206184918               18
  0.69228778676759906               23
  0.59702521525924801               19
  0.73220499835127417               15
  0.92301046053492464               15
  0.84425162305293133               19
  0.97200564021988412               18
  0.97084198818444711               14
  0.70353634900715167               19
  0.91441287146535444               16
  0.88761347937027013               17
  0.86028415082228615               17
   1.0136259653588313               15
  0.96564601586473187               17
  0.86973933969122885               19
  0.88953268099955263               18
  0.79814885371279054               19
  0.70268652549222732               16
  0.66118355671098039               20
   1.0100275308368849               13
  0.49297088586169907               18
  0.63317465637701009               20
  0.81599927277100037               19
  0.57901740851538108               20
  0.52746881880127783               17
  0.60515174177273934               18
  0.42235961493620788               14
  0.46770327661074751               19
  0.30964915391135756               20
  0.45809910654292585               21
  0.49034789609002288               20
  0.40830787535605578               15
  0.37810872296667314               17
  0.41891498977357827               20
  0.26378998522671093               19
  0.37175752068017559               18
  0.28797822184540262               19
  0.35381015992553466               18
  0.54786870103921148               22
  0.44664001516501045               16
  0.41094798542952915               16
  0.46215655340344447               18
  0.52418802400077924               18
  0.41486984776972835               17
  0.58025733423273240               19
  0.51912320863242190               18
  0.65980850819191372               20
  0.62499714706942544               17
  0.49401949746424434               21
  0.48639432720849290               17
  0.62948472065124483               16
  0.83187342195111769               20
  0.78783555794924665               15
  0.84521896441823841               16
  0.95216675450724442               15
  0.95094857411485789               18
  0.71902584204457753               18
   1.0333313446820298               16
   1.0034681158915522               16
  0.91776570858879147               17
  0.96478763510460341               17
  0.95589240045781865               17
  0.82916469565802298               18
  0.89997411141830830               16
  0.68226920488635723               22
  0.95490311217516888               15
  0.84010312783215602               17
  0.67069422966627534               19
  0.66765431583413670               21
  0.54622356926946758               17
  0.67171382904034360               20
  0.76289483213299414               17
  0.68662927560713360               20
  0.60636815362360008               18
  0.51399346013371461               18
  0.57895285543457908               19
  0.57953026803667484               21
  0.45078558739310554               16
  0.35642493364083611               16
  0.55988449366557747               19
  0.27793146217226411               20
  0.44765118409171312               18
  0.45695848702706476               19
  0.42493229323729870               15
  0.17759306627774352               18
  0.47170374667645421               22
  0.40791410724196997               22
  0.32032245776332813               21
  0.28098802325411520               19
  0.31291551001061091               17
  0.60333383000609508               21
  0.37101017588985008               18
  0.58873065135179126               23
  0.41868818017813120               19
  0.46423580645075829               15
  0.38536080798510430               17
  0.69975695031633711               23
  0.68654913132604500               19
  0.54156670141197727               19
  0.73730714105870609               16
  0.63357449142486999               19
  0.69729801152789062               16
  0.81563026553075968               24
  0.76187551694617961               17
  0.73295872101871196               19
   1.0018032559432721               15
  0.91204848328942278               20
  0.82774287253682621               19
   1.0612433775147456               13
  0.86870094324157843               19
  0.99110873098172181               17
   1.0145073166333178               16
  0.81870511552873426               20
  0.83100915123539121               18
  0.82859949754393925               18
  0.94685069493114371               22
  0.86264110605106070               20
  0.81626617761528208               19
  0.76009727826633644               19
  0.68368350109077991               18
  0.56326919435400524               18
  0.59058977058603468               18
  0.55226441245823910               19
  0.49839940720068382               19
  0.56936562451868256               20
  0.66876776437038654               21
  0.48223373565331368               20
  0.61236368471960101               18
  0.48237236419664681               18
  0.38190523872299054               21
  0.33736623378407432               17
  0.32679651652928254               18
  0.27838907210926928               17
  0.23402571754554680               18
  0.39851250225724449               21
  0.30124744856384672               18
  0.50720731391190443               17
  0.46563586492449976               14
  0.65289846138586549               22
  0.28446933660609891               18
  0.25291165832556228               20
  0.38559789674501643               19
  0.48024643219091534               19
  0.56708433786111379               20
  0.60557768150223112               18
  0.58608369449932285               18
  0.64713088813082109               17
  0.69918395246049836               21
  0.66586773713541758               17
  0.74225632487448079               20
  0.72704922442843534               21
  0.83646689907494087               18
  0.70388469447495416               20
  0.86364206174690061               20
  0.88417726193674173               19
  0.74304876394225750               21
  0.78875206257416652               19
  0.88820399802542749               19
  0.90448151303786362               18
   1.0259907148536185               18
  0.85350040173899111               16
   1.0125179171230136               15
  0.76193334050397654               19
   1.0386069430767584               15
  0.96841168008248946               18
  0.89026453437282604               17
  0.82794727214413366               19
   1.0234926068517189               21
  0.78831349341422940               19
  0.59492191227721680               22
  0.73943715626666706               20
  0.62954374955618519               22
  0.64171138906494074               20
  0.48592980500355853               18
  0.69873986110733666               21
  0.73650926431074304               21
  0.53045394294100778               20
  0.49895847409558203               21
  0.41364769522298983               15
  0.44646982519589679               19
  0.35090129439001055               20
  0.38704641700413994               18
  0.49159757377067692               19
  0.38011175562723526               16
  0.50827209107313165               21
  0.60489677458091617               20
  0.35827733874346296               19
  0.61602659957013661               20
  0.53823409612919271               21
  0.69290389088990401               21
  0.52830892493969162               20
  0.56594033502042884               15
  0.57792713690526354               21
  0.52289950119714512               18
  0.58335305525390102               21
  0.44100932578313934               17
  0.65792391182526644               19
  0.61369822448748823               19
  0.70485846244208605               18
  0.94555927405051976               17
  0.63310738848530013               15
  0.79381157385862433               22
  0.88494589427568893               18
  0.97256525809962358               16
  0.79073694847817966               22
  0.86230343205782523               19
  0.88411502252925944               22
  0.86485729118898502               22
  0.91235134700109843               19
  0.94395588835288813               22
  0.78399863754313937               19
   1.0748131639178828               14
  0.83519447328904406               19
  0.90385039075042850               16
   1.0339588089621274               18
  0.86011683625767166               19
  0.69922812165580683               19
  0.90806250853078740               25
  0.94401214778924813               24
  0.86998464092255023               21
  0.69621689546628818               24
  0.59930829554977116               18
  0.54468797781792910               18
  0.81751999732907776               20
  0.66364409656283085               21
  0.48763435018271190               23
  0.65700606732552103               20
  0.53625269842286860               22
  0.54506626239952338               20
  0.44232654245639169               18
  0.61718237170841994               22
  0.47076292304245110               20
  0.56716301600559094               23
  0.34635784354726823               19
  0.38652234264361784               21
  0.56228738861974292               22
  0.59628190838699857               22
  0.41839950622734945               16
  0.50348799454536475               18
  0.52171633024842556               19
  0.58507353219555658               14
  0.68325847963238961               20
  0.63348604252094687               19
  0.54523939820238410               22
  0.56637196409377499               19
  0.69061969254108668               21
  0.43359422255722890               15
  0.82356094905591015               20
  0.73879522010557619               22
  0.58738523969005618               18
  0.77376262594562406               20
  0.73546279565270156               18
  0.99987069359678415               20
  0.82789921768691488               17
  0.92223500352427679               19
  0.90007963824002513               20
  0.98680432459794509               21
  0.96106765454052767               17
  0.91080225548657889               19
  0.78764998459749891               24
   1.0218749355024435               15
  0.98334494274979500               17
  0.94669966347381573               18
   1.1065874501229040               18
  0.91628495798708420               15
   1.0245782459168236               20
  0.98644297037720496               18
   1.0570153906486885               19
  0.95595954984820164               23
  0.65699505521671553               20
  0.50946368947953957               18
  0.93192701902366459               23
  0.68557921552288448               21
  0.81107980470800101               19
  0.80501495252289290               16
  0.53280414973583767               20
  0.79466679180415711               17
  0.46309251981882948               17
  0.65203949372808179               21
  0.66000263186815233               23
  0.42796595047711355               20
  0.48444844497836942               18
  0.39977719083429347               17
  0.54276261328231856               20
  0.37917722380465313               18
  0.52162494543562432               21
  0.63752039267098060               18
  0.62788299474910902               25
  0.49847977748096045               16
  0.51840212983119127               20
  0.50631584934597862               17
  0.42017836625796662               17
  0.78606451793529397               21
  0.78011445521676870               19
  0.79156868164137639               19
  0.65993789950330495               25
  0.61088478254251388               20
  0.56508408918279329               16
  0.63972062624570314               16
  0.66828695084744427               20
  0.70972016163220619               20
  0.87776551768568067               21
  0.87663466472089457               18
  0.95054382012263283               19
  0.95583323778766405               21
  0.95349317829267688               20
   1.0339207452911598               21
   1.0344276994881605               14
   1.0545477513663646               19
   1.0032310859779368               13
  0.93692814739729258               17
   1.0994755656083397               20
   1.0722212251778187               19
  0.94735520944212026               17
   1.0000343657552659               22
  0.94151234267491590               21
  0.84295508468280622               18
  0.91004935867731551               21
  0.61020150611267177               20
  0.65304562765109608               20
  0.99328768245961663               17
  0.77550948424267097               23
  0.76527716832274617               21
  0.76886832922104731               20
  0.78517518646946149               21
  0.66707680831656258               16
  0.91849125703751588               22
  0.57868169407267889               22
  0.34913530909081414               17
  0.58943559489516939               22
  0.43326726183111502               16
  0.65895793451001017               20
  0.56541701444115378               21
  0.51965290364566430               21
  0.67782501697799646               20
  0.54008680044641111               21
  0.50968710920579297               20
  0.62683864315434068               23
  0.75816762973663454               21
  0.58141051706856095               21
  0.45524740474633046               21
  0.68491923306985747               21
  0.30310728732588404               21
  0.51825348296378293               21
  0.73084354047541134               24
  0.55459230264345571               18
  0.60217134860575705               17
  0.75364706908388879               25
  0.69639500309847968               22
  0.80099407902366582               23
  0.93557874348188308               21
  0.92824227690383376               19
  0.88793134552344610               18
  0.84131584668645409               22
  0.96814744221182880               21
   1.1356218916285412               15
  0.93920826447907235               19
  0.99337685047478252               18
   1.0225016104768976               17
   1.1416264528605262               19
  0.96443220445756206               18
  0.92233342298022392               17
  0.87104227315206117               18
   1.0767506664283859               20
   1.1296436114828226               17
  0.70131173408396441               19
  0.86276789582441660               20
  0.93729962177101189               17
  0.77444747276148163               17
  0.75980578394914688               16
  0.64077362109268765               16
   1.0148966700557496               18
  0.72019712847791661               21
  0.73029611432031627               22
  0.77643877409220396               23
  0.70696900840430277               20
  0.64819448856763251               20
  0.71393280778160895               19
  0.60991012059001315               24
  0.42386356181251661               20
  0.67027249571987457               22
  0.47635982273416194               21
  0.68788824147410055               21
  0.76248438307688304               25
  0.59713468690223592               24
  0.46780353670919056               20
  0.48668168938447809               21
  0.63323795981022402               20
  0.69574450726291870               23
  0.73518899811479466               21
  0.49460449338879059               21
  0.66320513282083882               22
  0.67525895269318359               22
  0.61356164748402042               19
  0.79585565168895611               21
  0.76055049630059290               23
  0.68709381652941670               22
  0.77817794112587779               20
  0.81142200198336478               23
  0.92025883643041584               21
  0.71346507367958223               20
  0.79135859998359948               21
  0.98893382133342556               24
  0.91715782877035557               22
  0.98469078027822377               18
   1.0713659207951085               18
  0.90567329497048077               20
   1.0638493045190562               18
   1.1322579841095353               16
  0.97744176273981920               20
  0.98298039615715882               22
   1.1617438683084349               16
   1.0803392745383877               18
   1.1129591584210741               20
   1.0265443569771593               22
   1.0369316780255495               19
  0.93017696589635968               21
  0.82339432312502514               20
   1.0377590517783897               20
  0.87426160220960492               19
  0.95126364658588702               20
  0.77001603249495687               21
  0.71590551212998588               20
  0.75707405374838133               16
  0.91086495101387821               18
  0.85221758526760782               21
  0.71961573351683950               21
  0.69983477662725568               19
  0.61246119058007420               21
  0.62775742802264312               21
  0.66550691172940124               23
  0.57240403383524041               21
  0.63767112250095603               21
  0.60405087286092851               18
  0.54700741661516383               19
  0.45874161918986156               21
  0.57336826854015654               18
  0.71871793240687309               19
  0.72257966649095662               24
  0.86357361723856030               17
  0.64114185726630168               20
  0.69998272348907598               23
  0.53959510863767224               20
  0.70255805243892333               23
  0.53953504135242936               20
  0.70294616069012861               19
  0.70948991264913253               21
  0.76490646810884555               23
  0.78331747498340420               23
  0.88372203390413873               18
   1.1212961159305157               16
   1.0202001399914111               17
  0.86062435014970640               19
  0.86367631452285754               20
  0.84255578225793182               23
   1.0866924544594294               20
   1.2001875752861642               14
   1.0853374759838657               16
   1.1378267007290519               14
   1.1518156108356319               15
  0.83002353771540249               20
   1.0702386997405053               20
   1.1216645909209213               17
   1.0201724291422225               22
   1.0450645323430983               21
  0.89597702992455086               23
   1.1105979024642694               22
  0.99200860102223853               19
  0.83695270404732780               20
  0.95263159306137835               22
  0.97285084490182272               23
  0.68813830382357466               19
  0.87699151399086162               20
  0.95477831293883930               19
  0.84635154687478065               18
  0.66427887883812387               23
  0.88377816241931051               21
  0.62328224686612532               20
  0.75789487421901380               21
  0.71703103842775040               22
  0.66685203602882870               20
  0.59581316933978790               19
  0.81319007298857637               20
  0.53997969563188108               19
  0.68313899720376037               19
  0.68734260504056743               22
  0.76379559338792480               18
  0.56970142356422360               21
  0.85830467610243621               20
  0.69986981472828036               21
  0.74343536840550029               21
  0.62453052264642284               23
  0.63563747282567595               24
  0.68430898661333139               22
  0.83757276992333829               18
  0.98359278916560422               20
  0.89858130032736394               20
  0.86489941508532531               18
  0.76276590097211117               19
   1.0333364773975613               21
  0.75583125723486566               21
  0.79714761459470862               23
   1.0064361152463086               19
  0.97144391454487145               20
  0.96768069877483676               21
   1.0173079805996215               20
   1.3095635378815835               16
  0.97954745691335243               20
   1.1052433199892360               15
   1.1815112253516065               21
  0.98788649939677364               22
   1.1491560576095410               18
  0.96187712206894682               20
  0.97581595760824069               24
   1.0658826615769725               20
  0.93740694609084907               22
   1.0930195422971356               22
   1.0666185805429349               18
   1.0675575230230308               21
  0.72600007689518464               18
   1.0889767943295219               20
   1.0103040466599633               20
  0.86883560102178314               20
   1.1153438192983389               17
  0.81854680418085046               21
  0.93519903555184780               23
  0.68922988758309522               21
  0.84113746985787063               22
  0.75234395117736075               18
  0.85214591407687157               22
  0.81511729432246838               20
  0.81187624824145688               20
  0.82669955364779979               23
  0.64052305952570032               23
  0.54924971929690170               21
  0.83470844461967486               18
  0.74673231358057124               20
  0.59997705186266392               22
  0.76608198925376780               18
  0.74548730419808018               18
  0.87901503374843359               19
  0.66419201718850929               20
  0.63320891331778772               20
  0.80290367732455881               15
  0.88530044647534467               15
  0.60941341396201876               21
  0.80619667683262508               17
  0.93224335823136240               20
  0.74654958625840961               24
  0.95596947147872813               23
  0.70765638711639822               20
   1.0330372128195233               18
  0.96073017630067192               18
   1.0329139064488078               19
   1.0242297699553085               21
   1.2479958543269520               19
   1.1170044096092566               18
   1.0824709221801259               14
   1.1244117011854033               14
   1.0158714852218700               19
   1.0114919307602033               19
   1.1278717931481717               21
   1.1698692284036711               18
   1.1359956687023740               20
   1.0990880114686021               21
  0.98020194774588532               19
  0.87655590466746514               20
   1.1802324382692304               16
  0.85678136747464029               20
   1.2791684509822345               16
   1.1221714556583229               20
  0.81961616893900291               21
   1.0576799743045220               15
   1.0602087566540677               18
  0.88216182143625876               21
  0.88831595818821951               22
  0.52640136004269356               21
  0.83348408592954348               20
  0.88443093118586824               21
  0.89345695171121220               22
  0.75321776389879147               21
  0.70282722119424923               22
  0.63803082741892914               21
  0.72966811838944434               20
  0.76074540818010072               28
  0.49973163339966603               19
  0.71232724783700196               20
  0.90838766558027839               16
  0.57476060911824567               18
  0.71080234404065956               21
  0.91208493469838248               19
  0.73484969777199238               18
  0.62835229020326822               23
  0.88927129329120613               21
  0.95773563970902087               19
  0.61833874787336363               23
  0.99554612579314083               19
  0.83242440777857363               19
  0.82559238947913993               21
  0.80446465802103939               21
  0.83615585357078337               17
  0.91011884672282362               19
   1.0550730103245356               21
  0.87967248424165023               20
   1.1117252953499772               19
   1.2814719830960750               15
   1.2897816107846449               15
   1.0671776086715157               14
   1.1523289823045686               22
   1.0806947701901717               17
   1.1166122486407035               20
   1.0877929530347106               19
   1.2263552515608176               16
  0.97053186377163869               19
   1.2289956996079130               15
   1.1019379385945676               20
   1.0475328206378884               22
   1.0281633254914535               21
   1.1408980613810971               20
   1.1523011346437462               18
  0.91444858474783730               19
   1.1177745349730988               17
   1.1977513174588243               19
  0.90757035278157627               21
  0.82378345286816168               20
  0.93237275842849776               19
  0.73215782320444134               19
  0.77335146775371155               19
  0.80280827060365201               20
  0.78188174246278419               20
  0.77865065528746025               20
  0.83961739356865073               19
  0.81089545766999749               20
  0.64289388776794409               22
  0.89068677723870027               17
  0.69240150963312852               22
  0.87949760904587138               22
  0.96014062288733659               19
  0.67282439489309465               20
   1.0112637579399384               17
  0.83359472293956671               22
  0.67264113197680697               20
  0.94811826677495226               20
  0.88414781982272239               20
  0.89606039544358629               16
  0.86367779037487680               22
   1.0851864187326810               21
  0.94556310410745725               21
  0.91589970491598005               18
  0.76323023177551019               27
  0.97224262520922777               20
  0.96975292705862615               21
   1.1640621193805285               17
  0.98572118977318457               21
   1.0571578665936034               16
   1.1639315317300616               18
   1.0812138563372751               17
   1.2237628242211376               17
   1.1630068359630941               19
   1.2403159754273230               18
   1.1762979325922869               16
   1.1368398250748528               17
   1.1251872473640954               23
   1.2142519437956401               17
   1.1721855364427869               18
   1.0561881818765113               21
   1.3460731398906183               15
  0.97783849241957987               18
   1.1241830011229379               21
  0.90809600161582305               22
  0.91822523175076642               17
  0.71667174146733514               20
   1.1329297233637994               17
  0.73484276261112957               20
  0.93418515026331894               20
  0.83144908225127456               18
  0.97692704505239336               17
  0.80911295962239516               19
  0.83989560567663191               18
  0.97236518271057859               14
  0.80243207716440934               19
  0.67702940276253964               22
  0.81480272810979448               20
  0.73983165913871918               21
  0.90687089246201591               20
  0.78341944666120633               19
  0.92572810233303837               18
  0.97548331198504001               18
  0.94326965857634870               12
  0.79625506831793091               22
  0.84631669061244952               21
  0.92352710286571549               19
  0.96846839209866076               19
  0.98120181869773915               20
  0.71336603028891210               23
  0.92683670755689074               21
  0.92051000941321426               17
  0.82622578566097737               24
  0.90614519757076095               19
   1.0690432308907583               17
  0.84294915363051948               22
   1.0377956772647157               19
   1.0055995773411515               22
   1.0935448720669558               17
   1.2341775908127834               21
  0.95968667302175381               19
   1.1824222814454108               14
   1.2515397497835967               22
   1.2137268868579130               17
   1.1315883065221759               19
   1.2007152841479480               17
   1.2078489769809611               16
   1.3526454950881368               15
   1.1604153376336102               17
   1.1105762630615135               20
   1.2309727461884601               16
   1.0628772305892711               19
   1.0802160588130274               16
  0.93242254275417646               20
   1.0104884736401629               18
   1.0831136313400140               18
   1.0322217947519221               16
   1.1279102892213169               20
   1.0351191074801425               19
  0.92462927205045053               19
  0.95594804937928435               19
  0.74243534287788648               20
  0.89946670134795514               20
  0.87957742567273367               22
  0.83541525284294316               19
  0.85505457453175804               18
  0.78297992376591774               21
  0.90809847595764848               18
  0.61484254531963123               19
  0.88568626224348379               20
  0.69578173718294145               22
  0.96638519352713215               17
  0.90441844744974298               19
  0.86332610485947814               19
  0.84430321431773292               22
  0.99336780011924497               19
  0.91243101381906822               20
  0.80726780403256648               16
  0.82659867069441451               18
  0.84382370131669315               17
   1.0450505888430885               15
   1.2055110601862655               18
   1.1599402234000229               16
  0.85393436719227334               24
   1.0603732331532638               17
  0.85137667325943012               17
  0.99633517500305380               23
   1.1819199444076232               16
   1.1836827373228358               20
   1.0058433755265517               19
   1.0591058308842376               17
   1.1991679003245297               16
   1.1066273161062241               18
   1.1720063964435026               20
   1.0685394933083594               20
   1.1837184980880495               17
   1.1830315130472937               15
   1.2811681111885196               14
   1.0106256885459142               24
   1.1310929006436392               20
   1.2501438175258976               15
   1.1179849650065301               20
   1.1361329658062964               20
  0.96626082292597371               22
   1.0752706753468195               21
   1.0875310530226352               18
   1.0480053160726084               15
  0.88792237773519833               20
  0.99545495780972404               16
  0.99322843234547453               16
  0.96593047788489561               19
  0.96370111114036661               15
  0.85701589367424169               22
  0.81787692497882369               20
  0.92922096936421694               18
  0.94018641090404065               13
  0.81584844571504778               20
  0.78091013670753529               20
  0.85463898073005828               18
  0.79915556421062162               18
  0.90622630893301226               22
  0.96420083793953371               17
  0.76937958267028561               20
  0.93633146413005419               17
  0.76491286856537799               23
  0.96204423883043655               19
   1.0249260889359972               16
  0.77080962071426573               19
  0.94159364803668277               18
   1.0113059911462396               20
   1.0409485508707637               16
  0.74472394279269072               20
  0.99955582880293548               15
  0.95161440051527291               20
   1.1002642584751332               17
   1.1221351977569747               19
   1.0965345268655480               17
   1.1303401285714618               16
   1.0016309232708722               18
   1.1293570206997738               17
   1.2979815709551770               22
   1.3085438387146311               16
   1.0158060017228900               18
   1.2146558757390025               15
   1.3026285893307983               17
   1.1043110504696378               22
   1.3157734784425565               14
   1.2870466357635792               15
   1.1842143848558102               16
   1.1960197215539921               16
   1.1206398939377380               17
  0.96129949671967607               19
   1.1477589544246456               17
   1.1870683346426965               18
  0.97417844009602306               20
  0.97945243093321011               18
   1.0972172624756606               16
   1.0084235539260946               18
  0.83411238565389767               18
  0.99843453805698890               16
   1.0011983002255347               14
  0.98043426110025478               15
  0.90485935533677031               16
  0.84744329539322960               21
  0.92293513465698707               20
  0.91398196169214974               15
  0.94149984748503690               14
  0.88610948766764586               22
  0.97317499910515948               17
  0.89193850105531636               18
  0.78370211180771998               19
  0.95630351436181316               18
  0.95040952121779076               17
  0.96149902032851753               19
  0.95054937866622291               13
  0.97578524455524385               18
  0.92436045348885276               23
  0.73934095082291007               19
  0.92531004091461699               21
   1.0263899272400649               14
   1.0561631893066703               17
  0.96348505430961895               20
   1.0009828414576034               18
   1.0393287757066820               24
   1.0881350911623757               15
   1.0712139872134665               21
   1.2536869097549190               18
   1.1983426398479111               15
   1.1117543492701796               17
   1.2247958623959363               17
   1.3283893296969391               16
   1.2612054866245752               18
   1.3031772386427403               17
   1.3256052463441894               16
   1.2202021752178893               18
   1.2610640862687190               13
   1.1419825713047205               20
   1.2396704613102354               13
   1.2887020889513041               15
   1.2839411985539857               16
   1.2784862161545962               13
   1.3214203561586741               15
  0.92875198526376879               18
   1.0502450691602214               22
   1.0371188017741266               19
  0.77819899916788660               22
   1.0374159137869861               14
  0.96341284047925413               17
  0.94153561191351343               22
  0.90746322527918621               22
   1.0220366797109373               15
  0.72542987887567989               21
  0.95791467408769915               16
   1.0561856879575617               17
  0.69592014934854141               24
  0.55168277633714191               20
  0.91954496564907395               19
  0.90777702420411455               21
  0.90150098842847026               21
  0.87411607143352754               22
  0.82160821925922400               18
  0.95260271330344670               18
  0.79152004049357638               17
  0.85311262212973182               20
  0.70092960489713096               19
  0.82311907869583545               14
  0.91396084428285618               22
  0.83050857971399539               22
  0.90536392100623830               19
  0.83512437154965125               18
  0.91980925521327195               19
   1.0179201766688402               23
  0.71231430584688726               23
  0.98191495410311980               24
  0.87441416188738463               21
   1.0376135279084993               18
   1.0104441380613030               17
   1.0201796729875541               22
   1.1648923894178382               16
   1.1575065766744974               18
   1.1422830550327407               18
   1.3390143728462127               17
   1.1392195246921704               16
   1.2399227826506076               17
   1.0842984356601846               18
