   1.2699011532594278               22
   1.2585143481973124               24
   1.2658790721693856               21
   1.2697108486207982               17
   1.0972092286103601               24
   1.1743611117497355               27
   1.0998154084075802               20
   1.2150042316026826               24
   1.0667308344607418               24
   1.1162507125554713               21
   1.0355386107763587               24
  0.98896634034829289               23
  0.99779690727884951               17
   1.0578717431664859               18
  0.89404611553279523               20
  0.87942274724967651               19
  0.97694422508785028               17
  0.93849376801704831               19
  0.92224341612056582               19
  0.90385654790891923               19
  0.88609776496793524               19
  0.82369941783670109               23
  0.89454617761481037               22
  0.78027104231995936               22
  0.86167546827594577               22
  0.85377660165447988               22
  0.87589359389024934               20
  0.89126125713086024               22
  0.91288996237515696               20
  0.91088749955340498               22
  0.90099998307666618               21
  0.92075926630132621               26
  0.95732354896588379               21
  0.92905569492586060               25
  0.99675989773348028               18
  0.92606341944250548               20
  0.88445186715036117               18
  0.96219882908076804               21
   1.0837932941256758               16
   1.0526212480127994               18
   1.1581429759873023               20
   1.0269629363564512               18
   1.2111822854209877               16
   1.2374345868473930               19
   1.2170480694104109               20
   1.1813187211105309               13
   1.2603137380253178               15
   1.2549763205363886               21
   1.2862597118149539               18
   1.2908652359296782               18
   1.3140197430610399               16
   1.3214247337407308               17
   1.2940503075636489               18
   1.2334676380611813               21
   1.2244525136446724               18
   1.2105449649493818               16
   1.1216620983509729               19
   1.0506554762807068               26
   1.2275396453374414               19
   1.1265223558483815               17
   1.1965401861819869               16
   1.1298523972188130               16
   1.1168176718926006               16
   1.0096515798193837               15
   1.0800113138905216               14
  0.94919712334230466               16
   1.0468416221887491               16
   1.0017292352797351               14
  0.96331044801934929               17
  0.99392884816914007               17
  0.84302044344105675               22
  0.96879081089834906               15
  0.94629768192535124               16
  0.96166087796812594               17
  0.94528674941691182               18
  0.83475049011061397               21
  0.93715096495448391               16
  0.95224380712478029               14
  0.95748296295888768               16
  0.93296452484281300               20
  0.94186971772877492               17
  0.96867624397069030               18
  0.88574002405587482               23
   1.0103774049879088               17
   1.0269248198985381               14
  0.88554333416908482               22
   1.0026223656724065               16
   1.0489508425379368               14
   1.0721328480085022               15
   1.1208523519881581               15
   1.1718955758440701               16
   1.1038620662230216               17
   1.1904284659865094               15
   1.1335658671636533               24
   1.1139603688638726               23
   1.2190741730900547               17
   1.2595646381526124               19
   1.3293190919539528               18
   1.3104447221428772               16
   1.2349386019331412               22
   1.2549024501829977               24
   1.1978917245071441               25
   1.2626836706840194               21
   1.2163497123574691               22
   1.2959781011161604               18
   1.1771716513112935               28
   1.1640992685013376               23
   1.0384487300491390               26
   1.0482818051803313               20
   1.1109824845738301               16
   1.0094972320067210               21
   1.0508058668200471               18
   1.0661963418656137               17
  0.97771612446936329               18
  0.94971294467275413               21
  0.91757599571044235               20
  0.99253628156907592               15
  0.83224783771851818               19
   1.0022015178556694               15
  0.95316588301061023               16
  0.95900278922266669               14
  0.81501980854705458               25
  0.89097115989707620               21
  0.90729038294589615               20
  0.86536892780546737               22
  0.92698863596379333               17
  0.85511928855435759               24
  0.91083046620673747               19
  0.97900391984814072               15
  0.87130141327650035               23
  0.86135628779220053               24
  0.94245939116140764               17
  0.88748053164491592               23
   1.0024731144053429               19
  0.98604737950068433               17
  0.98925286659432721               21
   1.0295957470771699               18
   1.1292459480550849               12
  0.99889151904287798               19
   1.0562337224725018               15
   1.1061895229276593               16
   1.0632879247033324               18
   1.0461333811263664               19
   1.0944829509134695               15
   1.2084457137702136               24
   1.3015104836959686               18
   1.3654419935158648               15
   1.2771280281481632               17
   1.2213909781157002               22
   1.2349244547024332               19
   1.2125189472746123               24
   1.2802267235073601               18
   1.2829813746554448               18
   1.2705638536223207               20
   1.2441696541009131               20
   1.1191739981906259               26
   1.0946760798686173               25
  0.99989143125783164               19
   1.1615653733964113               19
   1.0574231710974777               23
  0.97652598746552033               23
   1.0757713598813043               15
  0.99234293673373353               22
  0.92911692583168215               20
  0.92079964824985694               17
   1.0198509050549929               15
  0.94872893799723312               17
  0.94450044920620035               17
  0.99354605092427717               14
  0.87844532521013075               22
  0.82101291209187310               18
  0.83215675601839234               23
  0.83461199334143321               25
  0.82969136615762085               21
  0.88733533424393241               23
  0.76167383923302301               22
  0.80355096995452968               25
  0.93997038942868705               17
  0.87793391891173389               22
  0.93983211707628811               20
  0.98567184622503123               18
  0.84402139707774582               22
  0.93506042396846045               25
  0.85556573641970246               23
  0.88520849419840475               22
   1.0084017823241962               15
   1.0726369432471201               18
  0.95120334680961860               20
   1.0093586095472418               20
  0.99290748981220689               21
   1.1041217375270460               23
  0.95346711415185370               18
   1.1304396479893819               14
   1.1223343533855026               16
   1.0645804988056675               18
   1.1699523001758083               23
   1.1522885356965122               22
   1.1583000313096754               21
   1.1774104983094027               26
   1.3045659859669592               15
   1.2141299590069865               22
   1.1188677169302579               20
   1.1852005293748311               28
   1.1698358935385569               24
   1.0959523594383391               24
   1.2567326982793834               21
   1.0981926326756493               24
   1.1729388785233483               23
   1.1032024286527160               22
   1.0800491321291876               17
   1.0044705165016894               26
  0.98508877163125652               21
   1.0148313844937360               18
  0.87490594447582926               19
  0.86874862253763252               16
  0.85369725032878063               17
  0.82304076885388322               17
  0.89545930851273947               18
  0.88896879798051431               19
  0.89614477380394586               19
  0.72351071454382465               18
  0.79592278348045875               20
  0.91499622436978734               19
  0.83724379577375230               26
  0.77385802157537431               23
  0.86268340664176779               25
  0.77638857010079476               25
  0.81797242499501999               22
  0.90349424476690499               19
  0.85266347419675892               24
  0.73739590797837917               17
  0.81137465084601812               23
  0.89043182122818332               22
  0.76341284617131522               20
   1.0055507816722054               16
  0.82829476079840847               21
  0.95775767194775674               20
   1.0183736121289981               20
  0.94396074212441738               22
  0.89442532788642948               22
  0.93591996391848664               18
   1.0752377851100356               17
   1.0380986503313572               23
   1.2568373257172016               17
   1.0612206086078426               23
   1.1228036114529325               22
   1.1716617005248540               21
   1.2734427335038900               20
   1.2356656884427029               19
   1.1568121673858796               25
   1.1305369914034711               26
   1.2308097032749303               17
   1.1712761583912277               24
   1.1389337268867923               25
   1.2170841173837039               17
   1.1278309129973487               23
   1.0860641917088316               24
   1.0877627069275291               21
  0.96851096187375618               22
   1.0263888424478731               24
  0.93342651151965705               19
   1.0001645137631747               21
  0.84220774506011586               15
  0.89651529685566944               19
  0.89546877436813888               19
  0.95849989518495060               19
  0.79993275573048095               18
  0.81515748461915338               17
  0.87370907665415454               17
  0.84686278356929989               22
  0.81940511253033788               19
  0.73265626617834390               22
  0.78195456170611888               22
  0.76731062186110643               21
  0.68835072503877426               21
  0.82439873729947422               26
  0.62927995722037067               17
  0.88951141630424724               21
  0.78195567459295723               23
  0.84859335645618938               21
  0.72626188431004446               18
  0.80525920731528366               24
  0.86180904623359633               25
  0.88722977956255800               22
  0.86171953672092749               18
  0.84394413261388712               18
  0.95248356964665815               21
  0.89018482565090273               20
  0.82436136314166941               16
  0.96960343726570264               20
  0.95975009461216176               22
   1.0157363983523662               18
   1.1793064686086516               19
   1.0309460504921757               22
  0.97535301419443488               21
   1.1107959957147380               20
   1.1685939666643743               26
   1.2387072296251886               20
   1.2848382340749556               18
   1.1644262816657083               21
   1.2149287986020618               24
   1.1627596316856608               15
   1.2204133216632880               15
   1.1522934120096304               25
   1.1935717752115096               23
  0.97643632868493646               20
   1.0822353131737930               25
  0.99677616143971981               21
   1.0641773259273595               21
  0.96309480752367083               20
  0.88767149969239800               17
  0.99385276765244879               22
  0.96053878581885532               22
  0.85079403841132184               15
  0.84058144433168325               21
  0.82617776743517013               17
  0.86639805518982793               21
  0.78030292229330933               19
  0.76873444629337051               21
  0.81111371383759734               20
  0.74180597035943852               21
  0.70355634177925575               20
  0.71802860384914802               22
  0.74371628620973351               23
  0.68418272747881159               19
  0.73840594443763719               21
  0.67073494273245449               21
  0.71950639483947498               20
  0.80685815937939021               23
  0.74337273562867456               19
  0.76530187326053101               19
  0.70917239159703149               17
  0.79028393122758234               22
  0.81793238317821326               23
  0.84231581938682010               24
  0.88947048367843928               18
  0.81819627071460066               21
  0.95951057484461222               20
  0.86247536157660465               18
   1.0293978709715008               18
  0.91539211241879792               20
   1.0780631598292234               24
   1.0095371319270769               22
   1.0905527884462636               23
   1.1071355123428266               22
   1.1885098152745515               24
   1.1796099217063627               20
   1.0822300168531027               22
   1.1623388661613732               16
   1.1012600237037400               24
   1.1210443930810403               20
   1.1813764716942532               16
   1.1346673762899002               24
   1.1701615608800588               23
   1.0597734804867855               21
   1.1107028959436949               20
   1.0612915553226860               21
   1.0529816347623249               21
  0.97156554554746877               20
  0.94087964680503422               18
  0.80764506350909948               17
  0.95096957357805834               21
  0.78163105917306430               18
  0.87862570953887520               19
  0.75262892713858542               16
  0.76330137418971822               19
  0.77256603048418815               17
  0.82884838042622677               19
  0.84910422767641403               20
  0.70107910262066242               21
  0.67768884856841727               19
  0.69478286570277281               21
  0.78441726574587789               22
  0.65468854282716460               23
  0.68007923911142132               19
  0.59878171520154888               18
  0.69533635168795560               20
  0.66972796043391125               18
  0.71883486172258459               22
  0.69107424426343933               18
  0.80047281170191975               22
  0.82844376195209357               22
  0.76059798373101273               17
  0.67389542031957239               21
  0.84459762568348817               18
  0.73709520284550822               20
  0.92135432110715487               19
  0.78521890023288021               19
  0.92630315912277228               19
  0.85368873826480551               19
  0.96277784754298312               19
  0.96947300504729517               20
  0.96871942616995288               22
   1.0607100276643677               21
  0.99068414014161010               22
   1.1319490349786945               25
   1.0872845271796712               22
   1.1355030403932969               18
   1.1995348959890504               19
   1.2063335925902292               24
   1.0526662131583115               21
   1.0903574684453072               21
   1.0233737772601046               19
   1.1040482608349076               18
  0.96844646416681179               20
   1.0050932249351718               25
  0.95983924777554275               17
   1.0391526274028031               23
  0.87717832396963380               18
  0.91222955390458138               23
  0.76395518565760723               17
  0.94731120619371434               22
  0.83239091440843793               18
  0.76901649529106941               17
  0.75896214620764568               17
  0.71814661838130034               17
  0.67357225735084825               19
  0.73200907217526878               19
  0.82746000726174751               17
  0.66360183993212785               19
  0.79296840788399048               19
  0.70815027008084941               17
  0.74974012393775979               23
  0.50959424675068654               18
  0.60082045738993328               16
  0.73114110114633979               20
  0.55450768635746506               18
  0.80357162927632164               26
  0.64330048759275960               17
  0.62627003074214205               18
  0.68580901227498481               20
  0.70070013144266896               18
  0.67010118716177658               20
  0.77379458046677041               18
  0.63189306657913391               17
  0.89105512399978692               18
  0.81714864038053447               22
  0.88273248773914348               20
  0.79496869991204167               20
  0.91801428067579871               19
  0.94361884523771422               21
   1.0038226742082803               20
  0.89921586561960987               18
  0.98331070837297818               20
   1.0658548631612215               20
   1.2055672001519895               20
   1.0572396188946482               21
   1.1282289226162596               19
   1.0917508174798081               20
   1.1331296138590425               25
   1.1307721158024373               17
   1.1619906458869105               15
   1.1193398774564784               12
   1.0414870877686599               22
   1.1016331143506555               16
   1.0082607344956680               17
   1.0104760145024836               18
   1.0180167862906484               22
  0.87601839660528535               15
  0.92581660473266514               18
  0.92639812630071783               20
  0.84300075779488282               16
  0.75048311945123758               17
  0.81037976046353977               17
  0.83515276713504383               18
  0.75445178254078860               16
  0.62815101690670494               18
  0.70140547166431710               16
  0.64825194006191700               18
  0.76669333980951637               17
  0.68207119905841518               18
  0.71918428595194428               18
  0.63454065513829927               18
  0.59711593077997105               17
  0.63409899504179890               17
  0.64908468894700211               17
  0.51752528078051185               16
  0.76429147797996000               23
  0.61654685746098215               19
  0.60140924010435681               19
  0.74019129056645938               18
  0.64765943147136051               20
  0.74537780243975127               16
  0.78063626813324749               17
  0.77746607784074129               16
  0.77062127082285381               18
  0.72797666164355090               18
  0.74581774316773575               19
  0.83525574295217031               17
  0.87861347084345143               18
  0.90904860428432810               20
  0.97469181541514405               22
  0.98076851424766309               19
   1.0554265262850491               20
   1.1354977478520165               20
   1.0122752341639216               19
   1.0970538102769991               19
   1.0378250965154010               21
   1.0804538934896690               14
   1.1508022089145620               19
   1.0237893157183924               18
   1.1382523665264657               17
   1.0546851970024398               24
   1.0049230694958873               22
  0.92556388317011418               18
  0.96066870334450793               19
  0.92865638982301746               19
  0.98424207544554287               21
  0.88130904835928003               16
  0.84053292575767202               15
  0.93062171740908273               19
  0.81343283316749693               16
  0.72437154312303553               19
  0.71795417766617431               17
  0.69070724184630417               19
  0.72126421851253530               14
  0.66480387080065206               15
  0.59157184446077549               17
  0.65043608216768212               20
  0.56815851559110531               18
  0.61551435057276349               19
  0.65515376076412468               23
  0.55216597132287659               20
  0.58525743364129623               15
  0.58924762633887739               19
  0.44804346535813089               22
  0.67928835131299059               17
  0.48753106870814195               18
  0.48868760168110609               16
  0.51445755473592680               20
  0.67223521477419068               21
  0.64498873966748815               18
  0.69552179452217799               16
  0.77694914168113405               16
  0.67501538185132071               15
  0.73627488032586708               17
  0.72815065525829659               19
  0.72766242009520077               16
  0.80180487010779689               20
  0.66471149108480387               17
  0.84550372121612238               19
  0.93454911849601363               22
  0.92582966541632095               22
  0.96775027231989108               18
  0.93942990865218079               20
  0.99200675480479705               21
  0.93803696907867928               17
  0.97401075767342382               22
   1.1336296586070165               17
   1.0235462766434607               20
   1.0423109462749802               18
   1.0569158670805625               17
   1.1462594743517718               15
   1.0407017799795373               18
  0.91137214820173229               20
   1.0556371032255418               22
  0.86742086861591161               20
  0.94213025499768954               18
  0.92244212417624460               18
  0.91795523487640307               18
  0.79176270737126941               19
  0.90728094215932464               20
  0.72834447698728189               16
  0.69069498579759170               19
  0.70689065382605132               17
  0.70475226213262798               18
  0.64536826285417392               16
  0.59552120096982786               16
  0.64488729435647418               20
  0.61030674969211274               18
  0.54210527307333534               18
  0.61709141640848775               23
  0.60589027258219030               17
  0.47828200482739852               18
  0.60580210029677484               20
  0.51830013805039743               18
  0.61170966222241963               19
  0.41146506996626159               18
  0.57078728546774038               19
  0.50771773669098308               17
  0.60914742763705321               20
  0.61123521571632555               18
  0.64246587569174662               17
  0.67010849343634282               17
  0.59566360508626714               19
  0.68928206764243616               15
  0.62720182657088264               18
  0.72535249649920674               18
  0.82313855377067779               20
  0.88122612461478944               21
  0.84655863206214343               18
  0.94587538680480054               23
  0.81064696698335259               20
  0.83296256104912936               18
   1.0122228682398242               19
  0.86890011460211813               16
  0.90334911977030030               21
   1.0887095596426313               22
   1.0633023485393907               15
   1.0097361310533213               21
   1.1044874654441146               13
   1.0173379826976894               18
  0.93502976875580379               20
  0.96352860779153771               19
  0.81391618056007309               15
  0.97661343148802904               19
  0.96390357583486519               21
  0.79582986404486789               17
  0.88321633063962957               19
  0.74495453624980534               22
  0.91342843341905555               19
  0.73925683610947113               19
  0.71571753012128347               20
  0.76224171127241103               20
  0.65664961881147954               19
  0.61069654852580491               17
  0.61397673159997690               19
  0.55030630736018660               17
  0.60284777935504230               15
  0.52769062595188476               18
  0.53346452145490264               16
  0.56981385141039376               22
  0.59864321142846799               16
  0.49367202586681208               19
  0.42500837964633159               22
  0.56759589007753519               18
  0.55144521549530134               17
  0.49084177136200635               19
  0.49136882275947547               19
  0.55726798284977175               16
  0.59599154012613920               20
  0.57514894060116017               19
  0.64413446642094085               21
  0.57660871351436427               17
  0.61644220341153233               16
  0.61651223094905772               16
  0.59646004693765742               19
  0.80571887497675287               18
  0.61998972128867591               18
  0.81097054882705488               18
  0.91250688967586235               20
  0.79041974551152117               20
  0.86455635829490729               18
  0.95822379759337251               17
  0.91850670021620029               26
  0.91958329227540425               26
   1.1064533113507347               18
   1.0452424111200331               18
  0.98709286270429752               20
   1.0681480006486093               18
  0.99998785612291430               21
   1.0596691715340845               19
  0.91900901750932351               19
   1.0022580075523220               16
  0.95377055419090662               22
  0.79332612419193294               19
  0.86444787077403573               18
  0.86333012244834462               16
  0.75761392176590014               21
  0.84126464417702806               17
  0.68554878847258671               20
  0.65883322585431248               18
  0.56339643136632100               16
  0.77325801147314810               15
  0.71519185505734550               19
  0.62233807410403497               18
  0.56495748572752702               19
  0.48150314374450232               18
  0.60867667220962962               20
  0.47729520548683174               18
  0.49823514514484918               20
  0.43487753714076993               20
  0.43355030136226264               22
  0.38971302172022643               17
  0.50443795341407416               21
  0.48881178903868383               18
  0.48181300884254935               20
  0.45323625321165933               20
  0.40999647055437782               21
  0.54811134965529251               18
  0.57648455794580045               20
  0.48153747436735134               18
  0.55864905862057146               20
  0.57749682796535251               20
  0.57461980871427820               19
  0.76835900012559155               16
  0.77115545982022815               18
  0.74053733404340505               16
  0.77021652914523220               16
  0.87309484300063966               19
  0.72767156395052723               16
  0.85929110932027553               17
  0.86694505302784752               19
  0.75964339491856303               15
  0.79111507144017545               17
  0.92785619404214992               21
   1.0327126246378084               19
  0.95755729298727910               21
   1.0155373964299341               16
   1.0646684810161453               16
  0.85653238606224402               24
   1.0833947926678893               15
  0.98127311819909124               22
  0.97777995362708636               19
  0.93680066658707450               21
  0.83703703678532759               22
  0.72838375649728815               20
  0.85040259228555926               16
  0.69721844478733130               21
  0.83381150543626115               15
  0.79488764707842785               21
  0.71526219393383295               19
  0.61744324813016294               18
  0.61585070877764825               16
  0.63716076071277361               17
  0.55045132259066287               18
  0.55036021273767888               19
  0.40771601235753713               16
  0.48100644477181981               18
  0.60251692875693263               18
  0.47322174375401332               20
  0.40654016288670580               18
  0.45838773464590560               20
  0.52545692240145747               16
  0.39444194986064446               22
  0.45028029851244700               17
  0.47342436009497529               19
  0.37117494719091354               17
  0.42858000044779998               18
  0.41116237088750912               20
  0.45811453137814595               16
  0.43864382693117843               19
  0.46922990109228341               18
  0.52935303144787593               18
  0.57980099096295268               19
  0.65501996226642722               17
  0.57710090505328104               19
  0.64900294914660528               17
  0.71910739606681173               18
  0.77280069185946987               16
  0.67657644691552121               20
  0.82232633278200884               19
  0.72662168587292053               17
  0.81017981141154150               16
  0.90296506422856992               22
  0.87632839839488663               19
  0.96777319543726070               24
   1.0463704236760372               16
  0.95366292295677368               19
  0.90191723024063286               21
  0.99348103248084951               20
   1.0352260463519043               16
   1.0683269467005738               17
  0.94785875057572133               24
  0.90578297801545282               20
  0.91141504537539297               20
  0.83875187812957952               22
  0.80008842451852202               21
  0.76821279994746738               22
  0.73674234239020941               20
  0.66617455492407618               21
  0.63817651116187946               22
  0.67569287931685074               24
  0.56532517988188979               19
  0.62348157868650989               19
  0.51603480922071643               16
  0.60120373812931538               20
  0.52091610809736189               19
  0.45475911892776294               18
  0.41067542081046254               15
  0.47506691923718697               17
  0.41221511434543934               21
  0.40830236614689175               20
  0.32620309635830702               17
  0.45538485282122859               19
  0.35496014594314029               21
  0.38729547535746228               18
  0.38217700644413094               17
  0.48809136677235010               17
  0.37279377199615749               20
  0.36139307535476600               22
  0.52681071575143412               15
  0.40972761155707743               21
  0.44285583239328691               19
  0.55247617620353873               18
  0.54839850973192938               20
  0.71278293265243908               19
  0.60866152042655786               20
  0.79803016873027544               20
  0.65144458718283527               17
  0.84901280591159978               17
  0.66327385507661396               21
  0.85146651243280735               20
  0.68691231441499756               20
  0.79174292833682558               16
  0.84696179725283804               22
  0.97237742609051225               20
   1.0060101286958796               16
   1.0669921886032909               17
  0.95938476644418746               22
  0.95189326862490375               17
   1.0240707962950184               18
  0.96467308966559928               17
  0.95766987370846057               15
  0.89967472163090390               21
  0.89470601266085448               19
  0.76330680286822450               21
  0.78327762284902336               23
  0.61758149600077228               21
  0.73178303549177293               22
  0.70961928755821635               20
  0.58099715401233543               19
  0.56251308292299651               21
  0.69019421554689686               18
  0.55412066774785618               20
  0.51693459108088391               18
  0.50165588806793915               20
  0.52880937527612515               18
  0.37878220567113247               17
  0.36691401209482011               18
  0.35739273363773599               18
  0.41236484787833472               19
  0.35519533153063615               16
  0.28074010176880798               15
  0.40506070761865104               22
  0.44272374244545359               16
  0.34737867576468490               17
  0.30821001979065177               19
  0.33955782697020909               19
  0.34032053753205732               18
  0.52433247757816281               18
  0.48965337477401294               21
  0.41652532198523090               17
  0.51639140068379896               21
  0.55532609863787752               18
  0.49280828717340197               19
  0.51356722776159724               15
  0.58632063284923031               21
  0.65287158772328557               17
  0.66518146776699627               21
  0.59422350798503720               21
  0.71384265221641863               18
  0.77877126576440392               16
  0.88000143289708510               19
  0.89116921742560362               23
  0.97740363618749759               16
  0.87475223512125677               23
  0.97726155595183928               23
   1.0085307916892232               14
  0.99350121856828799               21
   1.0000567759830579               17
  0.99855026304504546               16
  0.98503996377899739               14
  0.79679120268160186               20
  0.79632965708516157               19
  0.77535335696782470               23
  0.77656335304888480               22
  0.78760693796096537               20
  0.71929890029701271               20
  0.63467515842828337               19
  0.67521229966541063               18
  0.57203311052669914               21
  0.51782914049271467               20
  0.53511948130354814               20
  0.58680919042771795               18
  0.44569339919002693               21
  0.42458652016263831               19
  0.48826419135965110               19
  0.35917394169003825               19
  0.44184970268207002               20
  0.26643931140956978               19
  0.35918571957011464               14
  0.39001673635131240               19
  0.26090742634394620               18
  0.39595995948155388               19
  0.29348170452136541               18
  0.27849500869301425               19
  0.29036461034824851               21
  0.44974714104597541               20
  0.35777249391649846               23
  0.34708596418749821               19
  0.26205403312878767               24
  0.42902193158592805               21
  0.48053348936055856               19
  0.57548223339511495               21
  0.61480889984834719               22
  0.58922165008084060               20
  0.64757692492197927               21
  0.62500967107461269               22
  0.72414150753567408               19
  0.73637921197670420               18
  0.74419647956529056               17
  0.78043021451061279               19
  0.83128861072925020               18
  0.70317020950784515               19
  0.72936312965416383               18
  0.82698367929641203               20
  0.98904906083645272               19
  0.97833527398052567               17
  0.98082355959077627               21
  0.83716298601105088               22
  0.97041613553520867               17
  0.85973220694917674               24
  0.82609449532120305               23
  0.86471871831531288               22
  0.87859899234777306               20
  0.70419435450956569               19
  0.73941069915134361               20
  0.69839809021747168               19
  0.69854931549429067               22
  0.59666091371711305               20
  0.59350212717103035               20
  0.42668865327802236               19
  0.41953103102878592               19
  0.46890559698327117               19
  0.42707097829157559               20
  0.41622351013271630               17
  0.41243928653268724               19
  0.28925746852905931               17
  0.36941164818528710               16
  0.42078916137138450               18
  0.28448474030558035               21
  0.31093718377058771               20
  0.26363119545571861               14
  0.23812437646232415               18
  0.25928249852088492               21
  0.30897966584824715               19
  0.17399744598167791               21
  0.36103925842139517               19
  0.23015105723279816               20
  0.32691121486291214               23
  0.34960961409822716               17
  0.39745245412934121               20
  0.52271613223427182               21
  0.41416568922022212               20
  0.45376693561731246               19
  0.54725624621687186               21
  0.55019804019033269               22
  0.65275494922524036               16
  0.67751914476740405               20
  0.76530445300625982               19
  0.78932453817502823               18
  0.78260717068859220               19
  0.71141507032641338               19
  0.91751508974247775               22
  0.91470925361888944               22
  0.93691123511427465               19
  0.94583953003637034               23
  0.97040093165428143               17
  0.90925771542890577               22
  0.90621719735780426               18
  0.91497070101860944               20
  0.87171352910356803               20
  0.88081332736573170               20
  0.82755272260622370               16
  0.80230782664291134               23
  0.84684366355224427               22
  0.74381782355498849               18
  0.76834732331764932               20
  0.69571249566364235               19
  0.53043356185453217               18
  0.61916480301008625               21
  0.60724197308740224               21
  0.58878834423385817               18
  0.54580653183737315               23
  0.51089303367339112               16
  0.40510915610349113               20
  0.45063340960889897               18
  0.34303947657233241               18
  0.30799310113015221               18
  0.30647102212730548               15
  0.31449678670992814               19
  0.25764773069545494               14
  0.27525495434274183               17
  0.10717040221443642               19
  0.27989819338131661               18
  0.18028275528314683               17
  0.24468801447185093               20
  0.32572688242971221               19
  0.23603876318227110               18
  0.29660482690520212               20
  0.42908938383793305               17
  0.35389131712141708               17
  0.47377330777892035               21
  0.48327305926528530               20
  0.53400115117743585               25
  0.60750252986754982               20
  0.65112385993591615               21
  0.66333056131575774               19
  0.68727353225070720               16
  0.68942046011636904               16
  0.67403919350627317               18
  0.70081362996006935               18
  0.78162473738797122               20
  0.83116956644527318               19
  0.80915941375415346               18
  0.89827135417046422               21
  0.84607785473967934               23
  0.99834223773183695               14
  0.89685542419260311               21
  0.88952878818069014               22
  0.94818622479688108               17
  0.99370421268435138               15
  0.93608300495323449               18
  0.77720421115035276               19
  0.85665128702454796               21
  0.72185346275646778               18
  0.67551305170048070               19
  0.62881278814289010               18
  0.63834081402048437               17
  0.66110308350187474               20
  0.55654200211077742               17
  0.48077600789832081               20
  0.44269791793666613               21
  0.34416674994846980               23
  0.51913732745037722               19
  0.40637664236571319               21
  0.32781201447381586               17
  0.27859146238812277               21
  0.27763234736028514               22
  0.31193235578164968               16
  0.16226763518219481               17
  0.23548135964626732               19
  0.21619119566352984               18
  0.17399561546315231               18
  0.21838842109184778               18
  0.15106155227140847               16
  0.17616921563673726               18
  0.24768706122747189               19
  0.18712134525810026               20
  0.33028411368405586               16
  0.33113494145983025               20
  0.32826513180740707               18
  0.35933569920182051               19
  0.51004084095324653               18
  0.50921116838333980               21
  0.50946251036449131               22
  0.50136874554482458               18
  0.47822170336631215               21
  0.51815268538990400               19
  0.70687095921094778               16
  0.73637748438201578               18
  0.76838767076426273               22
  0.83760957229220856               21
  0.88057535275057552               17
  0.84215167536980484               20
  0.92163871260691588               19
  0.91006271540035644               17
  0.94384786737204529               17
  0.93680802139771979               19
  0.92923094985837495               19
  0.91515673096051253               17
  0.91988358678475757               19
  0.93060640458914612               19
  0.88489610705858357               20
  0.74577383859301261               21
  0.85283769948784549               21
  0.65643434809365686               19
  0.61929223301185887               16
  0.56464169449877388               19
  0.48382425684164027               19
  0.48140907359269441               21
  0.47276653565214505               18
  0.59705881089785606               19
  0.47846344474921665               21
  0.35370751338278095               24
  0.43286284587336482               19
  0.36016406618387725               23
  0.21982709308243586               17
  0.19228242013749058               16
  0.24866786373687189               20
  0.23762773275057708               16
  0.31554096375026536               17
   5.6143761805823700E-002          20
  0.21284246690654315               20
  0.12853978196514762               20
  0.21946728971430499               19
  0.20594520434139019               18
  0.23117003884215681               16
  0.25836163958974312               20
  0.34474428860017364               20
  0.39426434201352750               18
  0.43936394694676462               19
  0.36023260789347888               19
  0.46419355507791005               17
  0.43567714620588710               19
  0.49608736846044488               20
  0.41383478563836890               20
  0.58357116623234306               17
  0.61245023245196650               14
  0.57760257807300575               19
  0.59168405119088319               20
  0.60288042164468003               17
  0.66153758309463528               19
  0.68491903933591869               18
  0.83273101366322144               24
  0.83290019871246002               21
  0.96597431706403125               17
  0.98014993620953150               18
  0.91024058423781751               17
  0.81465011473962046               21
  0.96204907074213097               18
  0.84266907148127346               19
  0.96043096588133903               16
  0.83856784077569702               19
  0.78143967205112685               18
  0.79373680756195386               20
  0.79961498727395697               20
  0.62541440382233837               17
  0.59494356655990610               18
  0.66555886136916298               18
  0.59138290755123779               17
  0.63188067355366617               17
  0.54678427057911116               18
  0.50089117467711231               19
  0.39937991345253726               22
  0.27846564235043486               20
  0.22848132588881001               17
  0.21375943603296987               19
  0.14479103943384117               21
  0.17859620084933128               17
  0.19807603093370227               19
  0.16760731895694594               18
  0.28069233867559978               15
  0.18209897928011881               18
  0.11192330500342480               15
  0.14512845670526051               20
  0.25720648976046628               19
  0.10337535897558864               19
  0.25920745554568869               19
  0.26178760140702168               19
  0.28948396385522518               19
  0.30933478427288091               23
  0.30590027575680195               19
  0.45661431283717324               16
  0.52041489248243056               20
  0.55960666443885321               18
  0.46400305904958322               18
  0.55160012679089732               18
  0.61757419109500478               18
  0.55551694366791193               18
  0.63371349136340038               18
  0.73426305486747445               20
  0.80014406271492877               25
  0.73335008546728386               20
  0.88357043909935395               20
  0.96175567745048229               14
  0.87408502357975537               22
  0.96140556502815200               16
  0.90632373583639914               18
  0.95435049675867023               17
  0.78154942547684703               20
  0.85357116221438545               21
  0.77118176258678706               20
  0.89382924396212804               19
  0.74829121463244486               19
  0.68925702977850178               19
  0.76820428945886599               21
  0.73947094322217077               18
  0.70963507955939220               19
  0.54532339596712454               17
  0.67525235315377052               18
  0.53004689868897092               17
  0.42220447467571171               17
  0.45843611812226198               22
  0.40905750428279219               23
  0.37305387867565798               22
  0.32879026945038969               16
  0.33179465590402873               21
  0.31639606655427882               17
  0.10414470565357532               16
  0.12745557189671389               21
   4.6836866075691826E-002          21
  0.15293915457952162               16
   3.3852381410204337E-002          21
  0.20204413896529363               20
  0.10370942114266327               19
  0.12884679178752886               20
  0.13765807573423522               17
  0.20326667708864085               21
  0.30281206525155258               19
  0.22049689815409262               21
  0.35489915412254314               19
  0.39179974639552878               20
  0.38776043012518374               20
  0.40250937232449063               18
  0.38980867986085077               20
  0.54156063768004403               20
  0.56047630453516584               18
  0.56317600118829148               19
  0.60230711898948552               23
  0.64735513534197076               20
  0.75053970586621355               19
  0.77793544751811738               21
  0.80812091269620190               21
  0.86077633882211135               19
  0.91207560831269541               21
  0.84808150438416008               20
  0.95370709935962616               15
  0.83521610480810871               22
  0.87715628148969060               20
  0.92482277877364050               15
  0.96507210484056838               18
  0.88531636528115520               19
  0.85691186948653453               21
  0.72520418109690210               19
  0.81420425918511008               21
  0.73456472513745896               21
  0.69714232269869592               21
  0.62451474456036260               21
  0.49854726589499476               18
  0.45594800163970922               17
  0.52832190561653958               15
  0.43066747046136078               18
  0.41327853179052659               19
  0.49447889032274478               15
  0.41437042296740190               21
  0.36525636697202379               21
  0.24869001535185667               18
  0.30357279179458968               19
  0.20696061119528975               19
   7.1984417861544386E-002          20
  0.20831333159396567               15
  0.13013282227301073               19
   6.2038061351786924E-002          20
   9.6517081019547951E-002          16
   4.7858364841781680E-002          20
  0.14373026950203033               17
  0.14674605060160098               18
  0.34252313185448774               18
  0.19289813208971190               19
  0.30026800719873198               19
  0.41811012951921067               20
  0.31971527863220361               17
  0.28762894320267324               20
  0.45523380435157507               18
  0.38665292333146611               18
  0.43683016074696973               18
  0.57432251231295639               17
  0.54895089563215682               18
  0.60692641231801259               23
  0.69267912576448565               20
  0.79907949483343121               17
  0.68494887932270876               22
  0.72440155409488638               20
  0.76948937911082338               19
  0.87773726094806703               19
  0.91942407930076564               17
  0.93533639139314895               18
  0.88326236429392202               19
  0.84896664019283008               20
  0.96163269563225195               15
  0.81067928696744329               22
  0.96723556899316732               16
  0.80967941822633360               19
  0.80305361698080435               20
  0.73989693011598401               18
  0.72632673344957455               18
  0.67509051715478507               16
  0.58400574920293336               18
  0.50659129248634949               18
  0.55388507655363661               18
  0.39458729646008578               18
  0.56378351204900157               17
  0.39586975557015647               16
  0.39216487656517401               19
  0.28193775827355755               17
  0.33328799956709437               22
  0.26978788096538686               17
  0.25795144339956189               18
  0.19899838133119388               15
  0.20240867100164406               15
   9.1424446228743309E-002          20
  0.12887818315218791               14
   1.7571584831040446E-002          19
  0.21287863979383839               20
  0.10324022583011787               17
  0.15336726224974592               18
   4.7298516437767335E-002          20
   5.8561160281946190E-002          18
  0.10061254616177086               20
  0.35191738878243939               17
  0.27630707792937365               18
  0.26084770865539547               19
  0.37439644389138060               17
  0.41479951461143344               19
  0.50348047302450116               18
  0.47227076763288522               19
  0.66095861476806428               21
  0.55625585372722819               18
  0.64207088141305335               21
  0.68843165231570280               19
  0.74577033308495111               18
  0.68628934114842288               18
  0.71651138182712737               18
  0.77957304902200086               18
  0.78648995438336511               15
  0.96006452950781040               12
  0.89836280319035711               19
  0.93765697486982880               17
  0.89892036171453404               19
  0.97380022691653556               19
  0.87904008503898012               18
  0.84629897187736192               18
  0.67421531201623908               17
  0.76019943966408232               18
  0.64314351494203303               16
  0.78456514651842679               20
  0.67695493695430498               18
  0.66459935462245101               17
  0.63129811316898199               18
  0.63578545640709838               17
  0.56812276176544174               18
  0.33255420976495431               20
  0.50494823336913153               17
  0.42131062101084221               20
  0.37027414053615748               18
  0.27410107174126791               19
  0.33665385976405610               22
  0.13191059752550424               17
  0.21276941557985102               15
   7.6043711897252939E-002          20
  0.18356501428496891               15
  0.15099187205166165               15
  0.11159072464552929               17
   9.2589277334500716E-002          21
   9.7719629456526416E-002          17
   7.2825855710959744E-002          17
  0.27402855699195627               17
  0.24922564045621601               19
  0.30306771199246801               16
  0.22710003911195648               18
  0.24381251640699861               17
  0.36246506258083783               19
  0.35965991501223049               19
  0.49316697208434379               21
  0.49414088184070531               22
  0.45246780505358547               17
  0.57200335432944460               21
  0.55372105708328756               18
  0.55939500753998650               20
  0.60196001701897606               17
  0.63397663280862504               19
  0.69607433441999755               19
  0.79064628064699383               18
  0.69893418910557681               19
  0.85709987097002149               20
  0.82410996034118433               18
  0.93995904097934857               18
  0.92570132725052701               17
  0.78918306365719926               18
  0.91148392548448065               17
  0.86035327201656853               21
  0.91454182497821268               16
  0.87106831903857240               23
  0.73119873657033663               18
  0.68041008812306891               15
  0.73643874889726046               20
  0.73260928118606838               17
  0.60046895712386217               18
  0.48045570756243344               16
  0.46857725073436401               17
  0.56198357739480642               14
  0.52360828032886131               16
  0.48617701596183377               15
  0.42495806556744620               16
  0.33793554472216331               20
  0.27873267250658768               19
  0.25182056216717374               17
  0.25586270812210871               18
  0.27956539820680093               17
  0.30109093670562953               17
  0.17918373174048918               17
   6.4917348802210464E-002          21
   4.9575479690460528E-002          21
  0.15667540603804680               17
   2.3116646141406166E-002          21
  0.15828112972070274               16
  0.19408272995114073               18
  0.20869859238722421               17
  0.17358200694115011               17
  0.32988293830445997               18
  0.29198785309235942               17
  0.29934293224263309               22
  0.43587400546128779               20
  0.44487248311280991               19
  0.55070222411639591               19
  0.59650813191811192               17
  0.58772395554207291               19
  0.49291416291490359               21
  0.66154523964038114               20
  0.73648493414445382               20
  0.74745229975042038               21
  0.79750789832520497               16
  0.82378772118278443               23
  0.73298859556146267               19
  0.85310271600797138               17
  0.89701189289594108               19
  0.89482449863554270               19
  0.85203642493121412               16
  0.89086205557119524               20
  0.94572867762787227               14
  0.94342927421951750               17
  0.91124786632646104               20
  0.81819746505246682               22
  0.74801813104210790               20
  0.77831147377433418               20
  0.56001962410698947               16
  0.64658181685536176               16
  0.65381943810694565               16
  0.50853227462251815               15
  0.42901626153763101               17
  0.55526512312201937               16
  0.43434154385081103               18
  0.35973529367904267               18
  0.33490221444569757               17
  0.35936252244865613               19
  0.38695366060722114               18
  0.34815427156772050               20
  0.28883614837551669               18
  0.29801569855824112               17
  0.18274004768898824               15
  0.10955339987594198               18
   7.2273853850659875E-002          21
  0.25177318804995413               15
   8.0271643758540415E-002          20
  0.13312566487060151               21
   9.0849830204668081E-002          20
  0.25255114840258358               19
  0.21004710527470327               16
  0.18902246513432522               17
  0.38112599893757848               18
  0.22049981834588228               19
  0.40830608108400041               20
  0.39561408010070093               15
  0.48207016187759560               17
  0.37271761488514565               15
  0.42432507913136303               21
  0.56596734425798745               19
  0.61510947839305230               17
  0.49931459463017003               21
  0.62253904401283722               20
  0.69744299085614725               21
  0.76439074549905395               18
  0.79201194642839856               15
  0.90354141433831525               19
  0.81514916034854712               17
  0.96795215334848561               17
  0.97440952465217534               15
  0.87381347864479642               20
  0.90251803891141169               21
  0.95861779120304269               15
  0.93776553275099361               18
  0.77414786780016165               18
  0.86828758840308462               21
  0.86512539535386790               21
  0.81654622969445079               21
  0.67556636764003453               15
  0.69714722698501286               17
  0.68466446616066035               15
  0.63770073962439311               17
  0.61195848303523748               16
  0.57016374835052408               12
  0.45426004183847751               18
  0.38447844791935654               18
  0.32485301492212593               18
  0.49771436275081887               16
  0.35733163143554869               18
  0.27292745832982512               16
  0.33738291485051441               18
  0.21218256229208202               17
  0.24117579342129786               16
  0.11753660583561865               20
  0.22076483901142568               16
  0.29513476978244779               19
  0.16888057449222760               17
  0.22343891016532083               16
  0.12864147886434221               19
  0.30833010883709733               17
  0.11522412619693116               17
  0.26872589305582101               19
  0.32407716510187301               17
  0.31729726755562132               18
  0.29648042772332600               19
  0.33683713728742926               18
  0.49035044098951119               18
  0.52352181608001880               18
  0.47816043083427334               19
  0.48659455554901326               19
  0.72007214181588985               22
  0.69053578197520626               20
  0.65777205270859640               21
  0.81500135684750830               22
  0.80802623726079148               22
  0.89584770457740459               18
  0.83631692360421339               19
  0.91179564072948938               19
  0.97057873854780341               16
  0.86928336394710637               19
  0.88223968476334091               22
  0.90080454557533862               21
  0.97269569902426967               13
  0.98066488291070997               20
  0.94882706796198923               18
  0.91051370677293730               20
  0.83935391643020540               19
  0.75508739171189398               21
  0.75743741044085278               18
  0.69942934182290550               17
  0.65407373762675625               14
  0.59728174846676862               13
  0.54051823742754412               15
  0.65337817799305908               15
  0.58971280700462503               16
  0.54428328495638179               16
  0.49553089943174178               16
  0.42690597172358624               17
  0.40571347940298685               20
  0.40583699787724370               17
  0.30073357143998952               16
  0.30346016064557924               17
  0.19615079918923406               16
  0.29307037891922588               18
  0.22633073131609333               16
  0.14968021090551245               18
  0.19396495369742806               18
  0.16996632568626652               20
  0.25231408669528482               17
  0.24548641639780003               18
  0.26132146128020550               16
  0.35048490728323467               18
  0.41234960970205919               18
  0.34447995509559021               16
  0.41468731459643027               15
  0.45115471811385710               18
  0.49543921215046183               19
  0.43053687948051722               19
  0.53224563917209544               18
  0.54950031685826417               20
  0.64862031255971653               18
  0.77181500727087815               23
  0.64572637193175342               20
  0.70221204695702499               20
  0.84017334864557158               24
  0.75783598393693097               21
  0.92998018913717484               24
  0.84890605738836966               19
  0.98067264445282476               17
  0.97120604963818724               17
  0.88328484927936157               21
  0.96052788763885277               17
  0.97256969744999033               14
  0.82578631548965931               19
  0.89202387524386184               23
  0.81426298576273404               22
  0.78549845934686890               20
  0.81734254515193050               23
  0.79299770467801867               18
  0.77590627778054588               20
  0.77018371261090079               19
  0.73675096943649598               17
  0.63449464384971266               13
  0.57294108857053538               17
  0.52017939188559892               18
  0.46097229219549513               17
  0.62130236081249357               15
  0.47260067277216927               16
  0.47701189199349314               20
  0.43286301556278334               18
  0.26870865635748742               17
  0.35075501613789978               19
  0.17955359069304999               16
  0.30785777606585757               18
  0.35343358355817800               17
  0.32123032294866094               17
  0.22234394692199708               17
  0.17420466525022668               16
  0.33916875821072057               18
  0.18777585607118907               16
  0.29017273423787837               17
  0.26850107780654831               18
  0.33679390898097827               18
  0.33360717248970528               18
  0.49153506860074114               18
  0.46983581661868723               18
  0.41893830016199207               18
  0.48743426511180427               19
  0.53989346102163804               20
  0.64966610541600334               18
  0.61348536554971078               20
  0.61812314837268223               18
  0.70629725579103553               20
  0.70027845641156261               18
  0.73300766842360254               19
  0.85283071134450072               19
  0.95751735925410530               15
  0.96329656479149561               21
  0.97393152096908631               18
  0.80980554089454271               23
  0.90397114231985887               21
  0.89587577650922123               22
  0.87062341419676414               21
  0.96725041810182144               19
  0.94711382520783483               18
  0.93025720553922076               19
  0.85470525694157595               21
  0.82366718291956820               24
  0.78598224740402056               21
  0.72618809856419031               16
  0.81285084246374129               20
  0.51634458760438207               16
  0.66060542421219703               16
  0.67043890465615774               15
  0.59770928097875553               18
  0.52838901511651126               17
  0.53837023320801414               20
  0.40761880269809908               20
  0.43338033108994123               17
  0.32049961138256039               16
  0.45884365854490855               18
  0.40739831067053545               20
  0.38437824845953444               17
  0.35884446678257076               19
  0.35483995147426617               19
  0.26946612433575634               18
  0.37421363814579733               19
  0.25726484252504850               18
  0.34865194377602898               19
  0.39224433301802780               22
  0.40781674579874783               15
  0.41228424199694080               20
  0.42087024007096463               19
  0.51318341518815780               17
  0.38395633567579568               19
  0.55328249751565439               17
  0.50141008746214444               20
  0.62162702450836171               20
  0.62206729021024632               18
  0.55116104263878629               20
  0.55991979241573464               18
  0.65236702550814696               19
  0.77840317903896550               23
  0.77996460017861458               22
  0.81521357876249789               22
  0.86855176321369731               20
  0.85484396038911814               24
  0.83323263986816609               21
   1.0145359082471117               19
  0.99475048411514899               18
  0.92922966579475474               18
  0.96855879265287104               17
   1.0181022082216147               17
  0.94953285429643974               16
  0.99421776136865903               15
  0.81348709228477833               21
  0.87316727601186772               20
  0.84122751334972123               21
  0.75251248580261165               16
  0.73997110633278718               16
  0.64578732187581567               17
  0.75627336039805992               17
  0.71797965938614727               15
  0.61038661140357064               17
  0.63205980202432155               15
  0.48148757740229392               15
  0.55471108743371256               17
  0.53047797872517921               19
  0.45789772623571989               18
  0.36931223386528150               18
  0.46974012273780558               16
  0.33094159553387253               18
  0.38467687290100033               20
  0.39760512781616758               20
  0.42815600470896426               20
  0.27862254448006307               18
  0.43473004480349292               20
  0.35881429705189760               20
  0.29753866388596523               18
  0.33136961078270544               17
  0.36875939631011945               18
  0.45439015533372668               17
  0.41809037900192636               19
  0.52878556752107597               16
  0.43753232420436672               15
  0.47581664265430590               18
  0.49133664962193180               17
  0.65806069052240057               17
  0.55227964179145783               23
  0.58018159949298054               22
  0.74262647144072902               23
  0.65070545659726886               18
  0.71872330325832479               18
  0.82570901088295257               20
  0.79172089088397224               22
  0.76753605131543212               21
  0.99005078828716608               19
  0.84179718420103755               21
  0.87669308356836584               21
   1.0307405942085439               16
  0.89901730178574957               24
   1.0000752470235961               18
   1.0220940014909914               14
  0.89985816405384489               22
  0.84933882154259555               22
  0.85143566485742794               21
  0.88087786202606566               23
  0.85657295268647671               21
  0.79203395116936137               18
  0.77722990619381249               17
  0.66220364174633795               18
  0.58387612620063734               17
  0.64033894270789193               18
  0.60468861974915367               18
  0.56396416213970069               18
  0.58042945262771317               19
  0.58832217523724084               19
  0.52422106422561576               18
  0.57143338936725596               19
  0.49861500738206488               18
  0.45386521705267541               17
  0.41824420313839639               18
  0.36376347475885762               17
  0.32646588875359345               17
  0.32287120356476162               19
  0.43773315823607822               18
  0.36651860420780913               18
  0.43816571263260773               22
  0.39996283447831488               21
  0.48147609084408638               16
  0.38978645039877907               19
  0.30864182336290957               19
  0.47467735580592979               20
  0.46894698748144120               19
  0.52420774338903176               18
  0.61067246948992360               20
  0.59715126294466991               19
  0.58916209468689518               19
  0.69420295672672905               19
  0.67465785320347182               18
  0.71955669153294355               16
  0.67923484402799839               16
  0.78934945041628735               22
  0.76457299158422543               21
  0.79432626277278606               15
  0.90959291314295099               20
  0.80812275511781662               21
  0.87921201895985923               18
  0.93085625769171088               21
  0.96487565037644984               17
  0.98803913796868037               20
  0.90014425698057954               22
   1.0352810696113017               17
  0.86199685139521187               22
   1.0253843829009970               18
  0.95732466393119553               20
  0.84846416330643915               23
  0.85830651799436508               20
  0.92751084669603134               20
  0.81220335389461751               21
  0.68713873965915762               16
  0.68733553847485340               16
  0.69263272528193309               17
  0.69322857163210694               18
  0.55082899824901488               16
  0.66509947015680904               20
  0.64045670506486219               21
  0.52947872599677726               17
  0.50448065572838974               19
  0.40057375435178599               17
  0.46887476234606534               20
  0.36085627761699879               20
  0.42213131926688324               18
  0.45761210099752947               16
  0.40756900971270321               19
  0.51171204911712564               19
  0.47259804543748846               21
  0.38522346270196800               18
  0.54347926636944643               19
  0.44003136126445397               15
  0.57085591235956068               18
  0.52705236691249335               18
  0.51068103008911281               20
  0.57277646718310515               17
  0.52917014980285071               18
  0.62735533993099168               17
  0.56443263290132428               19
  0.69378848457728992               22
  0.62313447815110612               17
  0.66683927210082838               19
  0.85961800865298610               19
  0.69104269080529623               19
  0.74439118147166528               17
  0.88641118723567225               17
  0.86262138833532498               22
  0.85354558058657504               20
  0.89314973102598605               17
  0.94793355431814574               21
  0.92630077263537214               21
  0.98250804417519777               19
  0.97088158789938062               20
  0.90924925905160847               21
   1.0389370736359271               18
  0.89093593752274713               24
  0.89252346274736494               21
   1.0105581235514829               17
  0.87554724521301253               23
  0.79556845010133870               18
  0.82168869686603985               18
  0.86527760534794429               22
  0.82814038200818885               22
  0.72371343833432766               16
  0.64487068634157174               19
  0.59007998044880172               20
  0.70597836703742745               21
  0.61369093824502285               20
  0.47516150018898301               16
  0.64144899192969751               20
  0.56442183517790201               16
  0.56040734868630493               20
  0.46926396093221368               15
  0.53483763193569311               18
  0.44162060219763427               23
  0.54592471141689169               19
  0.40132587890584853               19
  0.48068044633850782               18
  0.48386851788477137               20
  0.61146793582122827               17
  0.41069898858466963               20
  0.44314419691268941               17
  0.46637968992281348               19
  0.54337896430399146               19
  0.56072297266188453               19
  0.60092001919104820               17
  0.57340938289129595               17
  0.58075708852264385               17
  0.66178265653198143               19
  0.51458697314193202               17
  0.73998490131804595               18
  0.75828603677421991               18
  0.64775874586799786               17
  0.77338408568343331               19
  0.77260461582784801               18
  0.91839885878096583               16
  0.82969697604835246               18
  0.93247977022833084               20
  0.96507996977625088               22
  0.94007676370222371               20
   1.0323011110736451               17
  0.98621542546781482               17
  0.94655755582242129               24
   1.0401056617139555               17
   1.0606078607095708               17
  0.96185885084626299               21
   1.0873740918132355               16
  0.94213036978502196               22
  0.97559792695545211               20
  0.90309739606712147               21
  0.96712818534738221               20
  0.92392853011827480               19
  0.73630418142982590               15
  0.66186761478225420               16
  0.85125738039148535               21
  0.76517549035042998               18
  0.76862981693543919               18
  0.72979945824812642               18
  0.58117701976355318               19
  0.67537592550098735               19
  0.56434775554323635               20
  0.59262157950566041               21
  0.62617983306381364               22
  0.44967869737962318               19
  0.56031983345174596               20
  0.47716753911056414               20
  0.51897366849621351               20
  0.42875839359415341               20
  0.52279122883656171               19
  0.61345988604075408               20
  0.61097468670761035               16
  0.47587148736728629               17
  0.55051521206313081               18
  0.51881551083224875               16
  0.54142334340033049               14
  0.68827247279796444               18
  0.73749657140461311               20
  0.65860887082876340               16
  0.62456774882695565               19
  0.61847880672837297               17
  0.58840662065989024               19
  0.71904326049536582               24
  0.68838392613218624               18
  0.72810845895967957               17
  0.82189394958657203               15
  0.94108703147588568               17
  0.89667449726940041               21
  0.91698155907935541               17
  0.98743880403903095               20
   1.0172330899281010               18
   1.0637410974142387               17
   1.0483357865096339               18
   1.0246648778685425               20
   1.0099517114261172               18
   1.0537044667695237               16
   1.0717219708854453               17
  0.97445443111787333               20
  0.96006695645438656               21
  0.97754326539384140               20
  0.82291065257179308               20
  0.91622554227294206               20
  0.74673731440899160               19
  0.72689094076220817               19
  0.87559480129036671               21
  0.78328139332053248               20
  0.68915525411111844               19
  0.71170670463344465               20
  0.78157436982007100               20
  0.64618526466080273               22
  0.72717244924253444               19
  0.60657811049963839               22
  0.42978227440726346               17
  0.59129867266311897               20
  0.52211184955766377               19
  0.62408506664250807               19
  0.55053430209995968               17
  0.51706731998162037               18
  0.59504772358732660               17
  0.55982804143432163               20
  0.47081892407551540               16
  0.60718520799831621               17
  0.67211177674735811               22
  0.59563581787224718               16
  0.50451022425343461               16
  0.63024804262835632               18
  0.44059075840740591               15
  0.57836864260591359               19
  0.70860660691999067               20
  0.66344816864455680               19
  0.64225378453487514               17
  0.72884351827404514               20
  0.74632739425007455               21
  0.77069379614252831               17
  0.80449832938223997               18
  0.89808926838347969               15
  0.85744682927399829               16
  0.91721764760885394               17
  0.96617759759814414               20
   1.0648256568074799               19
  0.99169330723898574               18
   1.0143145668479470               20
   1.0691025382666679               16
   1.0924958101437319               21
   1.0095871377821108               18
   1.0721792516692399               18
  0.95572871161820150               21
   1.1132784720719888               17
   1.0294205266498277               21
  0.87453269243860454               20
  0.92904919500648941               19
  0.89559582840026786               21
  0.80388719428207112               17
  0.79862200987507581               19
  0.77519878748644999               20
  0.87707252125782442               23
  0.71601948856662656               18
  0.76511698332236133               20
  0.77395207239691621               20
  0.66127718297237137               19
  0.66745960815333349               19
  0.69152607923808285               19
  0.66797025916040964               22
  0.53129687303547413               18
  0.68578314449466493               20
  0.49816482279259361               19
  0.64359641288165015               22
  0.71558245249335595               19
  0.60857804196101317               18
  0.50852556446554975               18
  0.58159120468402292               16
  0.56221118726242547               22
  0.64484642526818836               21
  0.67210814848344858               18
  0.56014730864408879               16
  0.71177422442745397               24
  0.64574922775867183               19
  0.68978388296700188               20
  0.76612701187761378               20
  0.74534992973917047               21
  0.72954696906292926               22
  0.75360871099339033               19
  0.81859511234965321               17
  0.96811671569649260               21
  0.75846738177054207               17
  0.81901713758467942               15
  0.95432551009023070               17
  0.88760062389490046               16
  0.98717260940023599               21
   1.0495364870558437               24
  0.97525063296340730               21
   1.1040337089998458               16
   1.0885549636258440               15
   1.0312735768503796               16
   1.0694597322750599               22
   1.0974496870050012               15
   1.0903058340043748               15
   1.1595306631205919               15
   1.0002473500710445               22
   1.0199903658903651               21
  0.94505830622742226               21
  0.87524141666221622               16
  0.94219092905490598               21
  0.85926797085227447               19
  0.92901778218091835               19
  0.78602382711981100               23
  0.79334088538181013               22
  0.83003527650247566               22
  0.82793830947746005               20
  0.78506532923624917               20
  0.71524671828704156               22
  0.69591066736504581               20
  0.61752079760564471               21
  0.64354465534775174               21
  0.63589556665642644               20
  0.57600035911816760               21
  0.62593325745887229               16
  0.61537039308658237               21
  0.63003934908124115               18
  0.53897565305076989               22
  0.56668347894349014               20
  0.67219938651048816               20
  0.69134582797964528               19
  0.72392134849341327               18
  0.63753594504504341               19
  0.72998147693599924               23
  0.58327548327266587               19
  0.65606026636621673               20
  0.64770385348184945               18
  0.72622584166449478               19
  0.75930716922201513               13
  0.76019182971486743               19
  0.77940004339585334               18
  0.86030942004099853               16
   1.0917116898201065               27
   1.0169881377590588               21
  0.87378208609554042               19
  0.96914035811533206               21
  0.90904421021998671               17
   1.0685568342499796               20
   1.1184079288990028               19
   1.0928738866564602               14
   1.1378312358292826               12
   1.1599168591519402               13
   1.0246256190663114               18
   1.1128959125973636               16
   1.1668424191630249               13
   1.0365163021671879               21
   1.0769319791660565               17
  0.97979871029227084               19
  0.99267790007732337               21
  0.98852367745385061               16
  0.88425161853512246               19
  0.94989268346705502               17
  0.92552220784077499               24
  0.82829870352083379               18
  0.86863088499022190               25
  0.84241777340407864               19
  0.83119900559063209               20
  0.67650986872902552               19
  0.80083377652320498               19
  0.74195041538866913               18
  0.72514807924490088               21
  0.69596051689755389               19
  0.65375853278927742               18
  0.61929654218488939               16
  0.72314113497009092               22
  0.67373232997749710               20
  0.69129366070033571               17
  0.65145170824560683               20
  0.70922248365177476               21
  0.62705103273541729               20
  0.76864024682950727               21
  0.65864639793283786               19
  0.75784255824067714               22
  0.68840472201795033               19
  0.70559636008470095               20
  0.74357547518229350               18
  0.79870710707910808               23
  0.85442887734115824               14
  0.84290865634419454               18
  0.80227336023658669               19
  0.78101023279951065               21
   1.0084135295712198               20
  0.80851775665632475               22
  0.89313937365392171               17
   1.0143744924961928               17
   1.0341076815155890               21
  0.98173972237632467               20
   1.0603599655987943               23
   1.1851604184490883               22
   1.0380572350861901               19
   1.1174607455953971               23
   1.1642774575258126               22
   1.0710033928991181               17
   1.1793786633307604               19
   1.0151629852988127               19
   1.0423991564605990               20
  0.99959284427369044               21
  0.91615932550018031               20
   1.1681768621530642               20
   1.0358781046992858               15
  0.99154555372565112               16
  0.83108549483737715               18
   1.0525167526256429               19
  0.94547511355794822               24
  0.86453123454774483               23
  0.94016738171419445               20
  0.82055131161312800               17
  0.88319702489089602               21
  0.72244030581530805               20
  0.84831783848880382               20
  0.74898802484071503               25
  0.77541372710682999               21
  0.72984831142025786               23
  0.76717968250315116               18
  0.78423128631540728               26
  0.65483488758639541               21
  0.58950771736315177               19
  0.81057896173954114               24
  0.73826360978407590               24
  0.67014842012356124               19
  0.73191016882510596               19
  0.75656460159726169               23
  0.76662881424943841               22
  0.69495034707234649               24
  0.71682050080774895               23
  0.79476036566085051               19
  0.81562822851117667               18
  0.65772405021218727               16
  0.88022229077358038               17
  0.87360872452665139               16
  0.79120170552300872               20
  0.81523228231106692               18
  0.83358906778709352               20
   1.0014257028920499               21
  0.93451114148806458               17
   1.0413224670719374               19
   1.0151245611098265               22
   1.1370855047013102               28
   1.1268886893086771               25
   1.1118982085809748               16
   1.1389373136237375               14
   1.0348196208180618               20
   1.0826236530746927               19
   1.1543380996607937               18
   1.1798360334557123               18
   1.1031724312707138               19
   1.1485955302531750               21
  0.99986952493715409               18
  0.96440472609399441               18
   1.0830267587303481               19
  0.91916171319967488               22
   1.1030763161224086               20
   1.0006916274602842               20
  0.86808370732849971               24
  0.92581175262127746               24
  0.96891268193759927               21
  0.85969604142728162               24
  0.93103640467651105               22
  0.69672019512880967               19
  0.76507665042145212               19
  0.86888402174031443               21
  0.79456537675307681               19
  0.79651001037707680               18
  0.72310975624302143               22
  0.69784075121708811               22
  0.72060616203722727               24
  0.76545248606899763               25
  0.63447879660417605               19
  0.73257745504630556               19
  0.79771358414288251               20
  0.72027476463433893               22
  0.78114319699598678               19
  0.79671277723494782               24
  0.78878780736770993               23
  0.73013660423080584               21
  0.83252779406765054               21
  0.92464615069611789               18
  0.73750057983358819               21
  0.95522502924394859               25
  0.80275320777354964               18
  0.87574359353056608               15
  0.87410781675057125               18
  0.93094345334878625               19
   1.0063848045925525               18
   1.0584062944660395               26
   1.0445232092725707               22
   1.0748782044255403               23
   1.1926380628946911               27
   1.2688892784247503               19
   1.0995070351091087               25
   1.2082333645931174               14
   1.0987364051505026               21
   1.2313161415271463               27
   1.1569620009613664               16
   1.2813343057711737               18
   1.1306210504119107               18
   1.1812768839684944               19
   1.0813209391593499               19
   1.0927700039896133               18
   1.0464302939315107               17
   1.1338357560626553               23
   1.1016907354125165               18
  0.92671927297843193               21
   1.0108439334488855               20
   1.0010724100524804               20
  0.88917117615084218               21
  0.85863506756439645               22
  0.91811116601044074               22
  0.76454450879806690               17
  0.88895891035675001               21
  0.88832486642411201               19
  0.79981594089209085               20
  0.73262925778322896               21
  0.88424044654583700               22
  0.79261072578223357               24
  0.71586845243347674               23
  0.82703996065796515               23
  0.72814681516458690               21
  0.83646446029527677               21
  0.85337748476911901               20
  0.72099404835959491               19
  0.83009548796041588               21
  0.85104373071512951               24
  0.78427659540760830               19
  0.85300300622996561               20
  0.91895867365877049               24
  0.87083134771451443               22
  0.94714284818854211               19
   1.0068572893610028               24
  0.96623552152857139               18
  0.91989383387852730               17
  0.89911250560631983               16
   1.0080808827291987               19
   1.0012025248160683               23
   1.1295961464204884               26
   1.0045248280948766               23
   1.0867988396077555               26
   1.1315403996707960               28
   1.1463200216299378               26
   1.1818146457524323               19
   1.2385646155757326               19
   1.2139592188711785               24
   1.2569349869895221               27
   1.2034359752599297               17
   1.1795859905257668               21
   1.2430652234736042               20
   1.1882463610721579               24
   1.1190923645492965               21
   1.2028132629713995               27
   1.0329191338526813               17
   1.1620672039193245               24
  0.91396094216933388               23
  0.98640004872786269               22
  0.87986288238536781               16
   1.0750578757195053               17
  0.83316769890848463               19
  0.95536717896696266               22
  0.93847401434956690               24
  0.94327324666119516               22
  0.82466631858202410               17
  0.90269392219437139               18
  0.90923052641247715               17
  0.78876201614242725               22
  0.77740689197247437               22
  0.84984659323087575               22
  0.75138741056713310               24
  0.88398283327845373               22
  0.77225665966542323               20
  0.90687040878610492               18
  0.86986105643314571               16
  0.84247062781837934               21
  0.81207830530550462               17
  0.86789669568603267               17
  0.84154930292379715               19
  0.91089258009404994               20
  0.96404225457214932               19
  0.78484024064835012               20
  0.94573386009184301               22
  0.86056207085928493               20
  0.94327060264358142               18
  0.95783279092689910               25
   1.0749719042680581               21
  0.94469442745517040               16
   1.0638981855581122               23
   1.0339735359362947               22
   1.1008339646020859               21
   1.1691011339406689               27
   1.0634914425702191               24
   1.1419277388717075               29
   1.2137062705163675               28
   1.2225343617098758               19
   1.1769352140887028               27
   1.3054179799258503               19
   1.2594895156957930               20
   1.2825835827055945               23
   1.2298449799786355               16
   1.1391754760719552               21
   1.1967342099435812               22
   1.1316849207510133               20
   1.0083638552656480               21
  0.97136430984763744               19
  0.97888059259402393               20
   1.1206562758534155               14
   1.0759345054696161               15
   1.0754403763947606               20
  0.98916497562928163               16
  0.91294668613210139               20
   1.0538922622246842               15
  0.77661370876350777               16
  0.90796896436749608               21
  0.82821500368642054               22
  0.80010355101770347               25
  0.79745565792553641               23
  0.84601172940980551               20
  0.95711944410414163               14
  0.76637040752754304               22
  0.90177535837865386               21
  0.79956914878289775               20
  0.92230466860735771               16
  0.86444202462450082               22
  0.77484105556017979               20
  0.98841102966724070               16
  0.92803525437510892               15
  0.89998839483103887               19
  0.87802696114786993               22
  0.85166971080001896               22
  0.87495643862451855               21
  0.98951627511489326               21
   1.0879945703970202               21
   1.0309571536287605               23
  0.98560614214262454               18
   1.0453274625736935               22
  0.99377929810280641               20
   1.0569012055460798               21
   1.1445361323019536               23
   1.0849204901632921               23
   1.1388807990929579               25
   1.1263914444695378               26
   1.2161555821931709               23
   1.2371585248071735               20
   1.2166432467401787               25
   1.2080952315527660               25
   1.3127667329412318               21
   1.2453904176557027               21
   1.3336751842895540               18
   1.1656093007857653               24
   1.2214278403481378               25
   1.2374727270842574               17
   1.1772971671861787               20
   1.1324487126308105               18
   1.0843175124477977               20
   1.1508753218910159               14
   1.1310152498636823               16
   1.0701983404856801               15
  0.96763019566931086               19
  0.99270333384894061               20
  0.97624709410576493               20
  0.99551609632384785               19
  0.91107755095949661               20
  0.86626232493407873               19
  0.83805164622661010               21
  0.90611986987269577               20
  0.94114483715280350               17
  0.82168368087438748               17
  0.81812343828132306               25
  0.94544124886629988               16
  0.82238828021899169               25
  0.94943512566560806               14
  0.96229667725428369               15
  0.83943063197324974               22
  0.89444817777114105               20
  0.78089694596680781               20
  0.96884431730469611               13
  0.98775529699890607               15
  0.87718604702992342               23
   1.0034493569453504               13
   1.0123110347943796               18
   1.0581835136058741               12
  0.89269020467004356               21
   1.0231293901745067               20
   1.0250814656260223               20
   1.0865731098386258               16
   1.0864815410856823               22
   1.0630114605116896               23
   1.1654121191289077               17
   1.1183974070572944               24
   1.1275453325729865               17
   1.2856855663146882               17
   1.2474244151612603               24
   1.1469390346801294               27
   1.2881112935746788               19
   1.3045911220140918               20
   1.1950054049633207               23
   1.3330840289186452               19
   1.2698493641775972               21
   1.2061041847872234               20
   1.2392960673257722               18
   1.1594062414993971               16
   1.0896844114804753               18
   1.2004347328134350               18
   1.1660892513542327               17
   1.1065528435813066               17
   1.0168487905207937               17
   1.0943516295352638               15
   1.0438662458693648               19
  0.91968565401072822               20
   1.0362395844004511               16
   1.0082088738582040               18
  0.92811462972142655               22
  0.97750408708061876               15
  0.99297977505413582               14
  0.98534207445385924               16
  0.95888599522131202               16
  0.96122846645140958               16
  0.87185484474383124               18
  0.96910607129035720               17
  0.92947210975332195               18
  0.84923071254173244               18
  0.96352620214895313               18
  0.94707281213350725               14
  0.98114788318981605               13
  0.95686437285666581               15
  0.95117604040669124               13
  0.98289391341686505               16
  0.81882411602001004               21
  0.93354579885252920               24
   1.0313461217717308               16
   1.0748531332733451               14
   1.0082724337975499               13
   1.0942908774787068               16
   1.1149834721381664               20
   1.1362091753139472               16
   1.1610758700841635               16
   1.2391229007242386               20
   1.1500568003455367               23
   1.1729204576720169               20
   1.1793788193980204               22
   1.2463463331428410               24
   1.2430613448660106               18
   1.2609209148123928               20
   1.3386206421273630               15
   1.3078573090435481               19
   1.2854308629225888               21
   1.3038968054265296               21
   1.3155618120281163               18
   1.2955346828901935               20
   1.2671315690908642               20
   1.2486205429843349               25
   1.2556713512230575               22
  0.99965769132874382               19
   1.1221959968692603               21
   1.0470299414593591               20
  0.93080037623218526               23
   1.0082746822588096               18
   1.0219893431888978               17
  0.99042830759670319               19
  0.92906752713661878               22
   1.0081515182967218               19
  0.87811798252852613               22
  0.99008537829955534               17
  0.94675092661058080               20
  0.82268415929023153               21
  0.81034890428788375               19
  0.92653340798496153               18
  0.90479617969566672               20
  0.90760836070925177               16
  0.85863528695170166               21
  0.90299314101330364               22
  0.91491404025412326               20
  0.86091634018254803               17
  0.86979232747943414               20
  0.87343121635834753               16
  0.90831922130207465               19
  0.90896512737709900               20
  0.95659373962473171               16
  0.91660802219261406               19
  0.95723619648907377               17
  0.96086850231365717               21
   1.0309508032620562               18
  0.90597864859581256               20
  0.97255112729152093               19
  0.95893702026495986               19
   1.1389836061014640               19
   1.0385455345884937               18
   1.0857943162572072               21
   1.2263298639231355               20
   1.1868603232364288               28
   1.1911302349143569               20
   1.3244469362002718               14
   1.2215310649947491               23
   1.2960159419894142               17
   1.2721386709054674               17
