   1.1651073303439070               21
   1.2418872407291985               19
   1.2772785314084922               14
   1.1518494449810854               18
   1.0332901088474449               23
   1.1280732080144427               23
   1.0892781733115198               26
   1.2667276205154345               17
   1.0180959682725144               23
   1.1350885660814842               24
   1.0617622402958478               21
  0.95087565163274890               17
  0.99348063433765155               17
   1.1026246029467281               15
  0.78348874144496183               19
  0.82074095311706785               16
  0.95069444279835902               18
  0.97348614049152982               17
  0.94190794377635234               16
  0.87241680528026799               21
  0.84554805536294253               25
  0.72571560536086632               23
  0.86233214783062728               18
  0.63814026106394950               20
  0.76306487601895856               22
  0.87936770534848230               21
  0.81470971944348169               24
  0.87979050714915363               19
  0.93102483570267269               15
  0.93158289632415903               18
  0.88331000213437294               14
  0.90471783465338518               20
  0.89751434812764297               19
  0.91959054770119086               20
  0.96752127087976814               17
  0.93284309779809649               20
  0.79019622588548688               17
  0.84650785006949025               16
   1.0337429607353756               22
   1.0133651645468154               21
   1.1705384635130174               17
  0.93139843543202172               22
   1.2709151389026969               16
   1.2895860424597292               18
   1.2021311053743582               18
   1.1463031696073600               14
   1.1904936567974211               14
   1.1596603012402549               17
   1.1649281625042605               21
   1.2374566467244250               18
   1.2306794054594465               19
   1.3193448724897903               15
   1.3353757189976769               15
   1.2273381771976806               20
   1.1646573169912817               23
   1.1746043112549309               23
   1.1006777233954099               23
  0.97759734285815192               18
   1.3119505509191571               16
   1.1774363242736154               23
   1.1899458731675963               18
   1.1268020442354392               22
   1.0815338710811346               22
  0.99683703082013797               14
   1.1065493255573982               21
  0.92581878044124244               18
   1.0641617682013222               14
  0.95617031178780509               15
  0.97327276090627945               16
  0.90189057728442767               19
  0.82141773113454564               24
  0.97399462508780543               17
  0.90822923222267316               18
  0.96132259137602560               15
  0.92593630925735160               18
  0.79855501736368084               18
  0.96029457469840485               16
  0.94074518161510345               15
  0.95316045353414780               17
  0.94992582158920458               18
  0.95178729930499839               15
  0.96598985279384753               16
  0.89081348786333969               17
   1.0311315850372014               15
   1.0365346407052092               17
  0.83432028756296828               20
  0.97631847936359883               18
   1.0252648760095013               17
   1.0351058892469525               14
   1.0913689465906553               21
   1.1228657682734251               20
   1.0777248553164469               22
   1.1962013994444933               14
   1.0879993317390935               23
   1.0726987369962384               19
   1.1536916072432182               17
   1.2495516779985583               16
   1.2474301936468268               17
   1.3130088902496484               17
   1.2061905444289682               16
   1.2070150337075281               22
   1.2196409790444518               18
   1.2322619829248949               19
   1.1692885826786044               22
   1.2898577201827115               16
   1.1680249800882956               22
   1.0983170180921757               26
   1.0310666928253529               18
   1.0175828224408532               17
   1.0821353574952206               25
  0.94089253090349545               18
  0.98196025931222486               19
  0.93019846963444064               17
  0.94812153384885323               18
  0.85745782958879435               19
  0.88524610542122817               17
  0.84545827079786184               19
  0.82156437690061856               15
   1.0101287942278623               17
  0.99485279438311369               14
  0.90492303199608359               21
  0.75859760330941195               19
  0.90764479225505812               17
  0.86140920720057168               17
  0.91066578424141531               19
  0.82989665783715472               20
  0.90716167847863916               16
  0.96428467797352468               15
  0.94739951794427879               16
  0.92464527446698386               20
  0.80049258041538751               19
  0.89766634103502729               16
  0.87383499396186204               19
  0.86478543704089539               19
  0.99849255589955332               22
   1.0328228892039277               21
  0.99511813910780034               17
   1.1788636360631939               16
  0.98268354544922609               22
   1.0522736052047064               15
   1.0238395388714110               15
   1.1058954525221760               17
   1.0174156088457431               19
   1.0585773097919600               20
   1.2476613092780298               18
   1.3094808472942758               15
   1.3066315363641468               16
   1.2119662980371397               17
   1.1126065423134961               19
   1.1642062175154713               18
   1.2457023749118641               17
   1.2776133610175331               18
   1.2652463344409834               17
   1.2523331438912622               18
   1.2403793103574521               17
   1.1184153176281992               24
   1.0669769980845683               20
  0.93328735916900463               21
   1.1409227026991025               21
  0.96692843382628568               19
  0.88466106470597738               23
   1.0689189790442426               15
  0.93844874194518968               23
  0.84069299989379476               19
  0.85101286292243206               17
   1.0122557401905612               15
  0.90609016622665151               19
   1.0032525734895397               13
  0.98525143826196682               16
  0.83749739520256949               19
  0.77424752515096573               17
  0.88000355853402690               22
  0.85272328940250786               17
  0.79236599490458903               22
  0.90735755759907921               19
  0.67184725061407924               20
  0.69756956091143096               24
  0.92004644769077226               18
  0.97358054759727364               14
  0.98132877709355570               19
  0.93943130490004845               18
  0.76163563773860565               19
  0.94024267696922847               20
  0.81251851460377778               18
  0.80083388131932121               18
  0.98345031148502293               17
   1.1090135187084764               14
  0.97789682191574678               21
  0.94740815007504375               19
  0.99250782811077920               20
   1.1636890556598676               19
  0.86059832367532996               20
   1.1243510899291431               16
   1.0948187593724463               14
  0.99569035881116819               18
   1.1494779355604567               22
   1.1153036565525924               14
   1.1548088460432606               17
   1.2151014226851444               19
   1.3538295056511478               16
   1.1531969000367417               22
   1.0174231213595377               19
   1.1565806535710392               20
   1.1156160571758933               21
   1.0569829794574739               21
   1.3621568825103532               12
   1.1539507280158050               15
   1.2323926091745612               18
   1.1608073937588732               23
   1.1355782849309719               21
  0.98281491894541484               20
  0.98700514087360058               20
   1.0563336665682292               11
  0.76850183479681800               18
  0.78561492069066541               20
  0.87238835027198813               16
  0.70306183292925406               20
  0.90468045736537395               19
  0.86500004231232863               20
  0.91590823708798852               19
  0.71320494902072207               20
  0.78637848897772367               21
  0.90961487650022521               17
  0.84132329736248557               18
  0.76158258741403617               17
  0.90130359435684981               18
  0.71459602480913720               19
  0.74261832161507468               21
  0.96126922147100169               15
  0.91542756026271865               15
  0.68146686372832621               22
  0.84201389000252724               18
  0.92851995874311044               22
  0.72727467567642523               24
  0.97223204756856241               20
  0.66722430936210553               21
  0.96960724702143486               21
   1.0752969396259633               14
  0.99148230916052582               21
  0.84420666818188828               17
  0.90803943327147696               17
   1.0804558275963889               16
   1.0397189275209098               20
   1.2790208890045802               17
  0.93631525712845876               20
   1.0601325710392084               24
   1.1037770294673201               22
   1.3016627948362487               16
   1.2409820564201359               19
   1.1081087868155126               17
   1.1418797221268513               24
   1.2412229931373768               14
   1.1144798133501361               23
   1.0711354247846492               21
   1.1209228625533141               20
   1.1979252481045579               15
   1.0831981776092103               23
   1.0796907314025073               21
  0.87018636358500467               18
   1.0174416766350309               20
  0.86528634588232134               19
   1.0532930639062204               22
  0.80908945694320278               23
  0.91279167447626497               18
  0.90983380558825611               19
  0.94364237102481507               21
  0.85346341518224833               18
  0.73573922723638718               18
  0.85233238508327025               19
  0.87155620549480972               16
  0.84849006947963268               17
  0.67550934842906674               21
  0.70652646738487346               18
  0.75082132361623377               19
  0.56063551412581258               19
  0.83258448018836517               19
  0.56722912703622530               21
   1.0014711933577942               15
  0.68944311057639240               20
  0.82789573352221768               16
  0.66914511849646996               23
  0.75247707456042467               18
  0.83762569562870115               16
  0.96010521126771686               15
  0.89802077389334856               18
  0.76651170729776441               18
  0.99286695960230753               20
  0.90218293810762629               20
  0.78027022154521042               20
  0.84795244869226460               19
  0.93747405914655690               21
  0.96899966659378600               21
   1.2368860587919017               19
   1.0748326395403773               20
  0.93051944524257491               19
   1.0614536465635813               21
   1.1560381065911165               24
   1.1467386205093406               21
   1.2827168460138725               19
   1.0310808520183552               24
   1.1796799245559435               25
   1.1293667271794172               22
   1.1933560382258015               18
   1.1668794829134079               21
   1.1871073778255885               23
  0.99237166631989049               18
   1.1004201725177452               21
   1.0282757206786279               22
   1.0234109419201203               21
  0.92061878866625657               22
  0.89871774454735032               22
   1.0311944384995542               22
  0.96116435833164870               17
  0.87153167908613660               20
  0.81602619327233861               20
  0.76374621557620836               20
  0.97350118999153201               13
  0.68268938417088587               20
  0.80262296419399071               17
  0.82084099142687861               17
  0.70123535848801755               18
  0.69021046737368552               20
  0.74368131791740533               22
  0.67577051727553628               20
  0.63073469661246329               19
  0.67383336252621040               20
  0.58423162542751939               18
  0.66807730891603623               19
  0.85385416244150514               19
  0.74742178761282974               17
  0.81379334692256633               17
  0.62753306545127729               20
  0.68417125216490449               22
  0.74450674994972466               24
  0.75944536778262173               19
  0.92304451641279095               17
  0.79921620705792540               21
  0.96197531581737661               19
  0.90022533817011563               20
   1.0511389653896497               20
  0.83738374535964566               18
   1.0945672057659417               22
   1.0283821903820833               23
   1.1212113996197066               19
   1.1126974217282868               23
   1.2209314288493684               16
   1.1331952609391298               22
   1.1184227820560722               20
   1.1429346418041209               22
   1.0834794320031711               20
   1.0338247549869970               20
   1.1569786911813396               15
   1.1041898580775515               22
   1.2279000253496903               18
  0.98891084688364161               18
   1.1218524710249922               20
  0.97485424153798728               22
   1.1195520638253647               24
  0.97016485255646334               21
  0.88697953310190780               20
  0.74203420149314292               20
   1.0155621013206426               19
  0.77268851059218491               22
  0.93297153417695933               21
  0.71181137487059665               22
  0.78096485558588480               21
  0.77023536636594236               21
  0.92408495405333535               19
  0.98029121402583907               19
  0.77062388402088500               21
  0.67077216592769151               21
  0.71607112840144960               21
  0.81154014510999861               22
  0.69664095681865368               23
  0.62696636127618643               19
  0.48179320430466199               17
  0.73292068034694768               18
  0.64378789529697811               19
  0.62241802394507162               23
  0.70276592736549470               21
  0.81983315388392708               18
  0.75094778942964813               20
  0.76449149563753005               19
  0.66871887141029795               21
  0.83204707663779187               17
  0.65256812884256699               22
  0.93110494296651980               20
  0.71975725635320964               15
  0.92454915987715114               22
  0.85165257122288895               19
   1.0219869466655083               18
  0.98753110072794081               23
  0.97867771102513912               25
   1.0545845591202545               23
  0.98226688823368302               24
   1.1944044412472135               19
   1.0142437923398309               21
   1.0735862256765507               21
   1.1845340283904797               21
   1.2381125044100521               19
   1.0085418923119420               18
   1.0973096632379662               24
  0.91612463870228611               19
   1.1007740487409348               15
  0.97997021153916020               21
  0.96066107299279568               20
   1.0251609112700335               19
   1.0862937278728608               27
  0.81231288352476616               21
  0.84169967672354795               24
  0.75661866695695634               20
  0.93544108554749117               19
  0.79819097731579525               23
  0.76810968397146695               22
  0.72784279854868172               23
  0.66804140251182642               18
  0.67666179250826686               18
  0.75473056131943861               19
  0.91441261663711249               23
  0.68514957960353151               23
  0.73184064206200339               20
  0.81580994747158830               16
  0.83264511231066962               23
  0.50940919754040104               16
  0.56978058128414966               24
  0.78443129348783069               20
  0.50773374564582119               21
  0.84910689223397096               16
  0.60268768527092909               21
  0.58887538358535219               22
  0.73110308822283421               21
  0.62187650241745174               25
  0.60441908710265357               23
  0.73472231653201292               17
  0.61476037574360043               22
  0.95757114083907213               17
  0.77956250226063539               19
  0.96766401950190595               22
  0.78670365812680598               19
  0.85024162332973630               20
   1.0062232381466534               24
   1.0140034961246427               22
  0.91868701027097599               20
   1.0270756436190691               22
   1.0352665421656246               23
   1.2825880744660714               16
   1.0690134452975617               23
   1.1061128181274309               18
   1.0754014881385223               15
   1.1204845183292393               16
   1.1250326539341986               17
   1.2149289364308296               16
   1.1348316329109078               16
   1.0443586377674150               23
   1.0918191121800302               16
   1.0181537121333430               16
   1.0596606197796050               18
   1.0834787622702875               21
  0.81960099542536935               21
  0.86063506277969926               20
  0.93317629454506346               21
  0.86613716737894730               20
  0.74759040743488081               20
  0.77755086254387662               23
  0.80473516982570803               18
  0.72629656964467071               20
  0.65068363387090944               22
  0.65348502760256000               20
  0.64584271285242001               20
  0.76169940852943407               20
  0.75525238732186128               20
  0.76833756794601238               20
  0.62067482884839420               20
  0.55920189320337621               21
  0.63198880261127066               21
  0.62871818229045429               20
  0.51941460026780639               19
  0.78789838690641056               21
  0.64543010407374046               23
  0.52108162083763543               21
  0.77343245837914909               19
  0.65379128428942135               20
  0.77559547740755441               19
  0.81272040973808446               19
  0.68739859044254914               15
  0.77605924929001857               18
  0.69109856297380468               24
  0.73633470143062829               24
  0.82214810662844395               18
  0.92658709055745769               18
  0.89716558386617162               19
  0.99991482714063518               25
  0.98914767771280265               22
   1.0956301113096996               23
   1.1400956406079821               23
   1.0754432922586799               14
   1.0956534511889213               23
   1.0222315413624499               16
   1.0494983894175400               16
   1.1987267079524568               18
   1.0351734116179634               19
   1.1410906861275303               15
  0.95180677514539491               19
   1.0202586627496988               19
  0.81930232834219718               20
   1.0350464300641544               21
  0.92772785072021280               18
   1.0509840702602673               25
  0.86002155520220736               16
  0.83042759239727426               23
  0.97765930930548783               21
  0.92023392263984594               20
  0.70910204264356680               20
  0.67482988059024829               18
  0.71969822369447889               22
  0.70169760050758179               20
  0.72155705885104826               23
  0.56997182146025160               19
  0.57137328969155499               21
  0.51337934308998701               17
  0.59870836961275420               20
  0.66326543329290599               22
  0.53517337066025139               18
  0.52496792564148143               21
  0.54284240942863360               21
  0.43040674723105826               16
  0.73889026551179204               19
  0.48980249547065902               19
  0.45273620063650899               20
  0.48264000062369999               20
  0.75223397640913647               20
  0.70526997446368267               23
  0.71951067009491898               21
  0.85857659988417245               17
  0.63319162468198242               21
  0.78179392952058535               20
  0.74955883444270477               21
  0.64739931960482899               21
  0.82173823391675282               17
  0.59802744701527422               17
  0.85227108243148308               17
  0.89964227893882975               20
  0.96183880361550178               21
  0.93219994142736595               19
  0.91715978847664048               18
  0.95993476974622705               22
  0.83780217557896974               16
  0.92380832351234787               21
   1.0617416348870923               14
  0.97822387766265639               19
   1.0274534078143376               17
   1.0870042082798554               18
   1.0784195401569183               23
   1.0759243044480680               21
  0.89084687228463399               17
   1.0630831949468202               22
  0.76817452091143856               21
  0.94465363538973235               18
  0.96807749060974480               18
  0.91514707095377590               19
  0.86014793800961853               23
  0.96182862650241729               21
  0.70139476383037525               20
  0.65738763856079241               18
  0.73792995962165564               23
  0.72808118631772578               23
  0.66807837125245040               21
  0.55517857336207921               16
  0.66024562043862900               25
  0.55729020063426593               20
  0.58227344473277454               17
  0.63869345831020352               21
  0.57691106884279630               20
  0.46714029148408948               19
  0.62761471985260098               20
  0.49723448230815670               18
  0.66416337359303756               23
  0.44522130713200692               21
  0.52852463259721949               21
  0.41556216937393436               17
  0.56683681132751651               20
  0.66754654442521988               19
  0.75362601740406832               17
  0.65909463449772643               18
  0.56087405481931196               21
  0.68967341279137662               18
  0.59651497131458620               23
  0.68389363542820270               19
  0.81896963936681055               20
  0.93959109434964150               24
  0.85693039860300135               18
  0.96004750379936454               22
  0.78312683922083304               22
  0.76209210163409424               22
   1.0455455063932284               22
  0.78873850079590824               19
  0.79926534580378927               19
   1.1853945404625528               16
   1.0336961581038517               20
  0.98857936213379516               24
   1.0808404263990510               13
   1.0726679148697571               19
  0.86670177286630390               20
  0.96621925914043361               19
  0.81885728540139602               17
  0.99428049897471094               21
   1.0117263682181039               18
  0.78827852774664076               23
  0.89235669308421994               23
  0.81351835954889862               19
  0.95310692107552586               17
  0.72322739081171250               19
  0.75311284813570412               23
  0.82020742209465891               22
  0.68485259546212474               22
  0.61532647227189008               21
  0.63826664455040671               19
  0.53446294474153400               19
  0.62225852658773684               18
  0.44187169459377462               20
  0.64605721827923313               23
  0.57076572040446982               17
  0.64407799846662206               20
  0.46487384299934370               16
  0.43739756236763883               19
  0.56342346882694128               16
  0.51085364250664034               21
  0.44771115740063699               19
  0.53389691968749142               22
  0.57710302416241643               19
  0.59707886007985722               23
  0.64577181106866710               21
  0.65941218705086946               20
  0.48571458393343803               19
  0.61155493315471554               19
  0.63875011626748057               19
  0.59542748001893031               18
  0.81528044468682948               19
  0.53941806411019089               17
  0.90403313829338738               21
  0.99682001624146965               23
  0.80577981751757721               21
  0.80754391899034994               19
   1.0150024441721717               21
  0.89561701327448218               17
  0.86594155578722054               19
   1.1527932897796898               17
  0.98434184312811734               20
   1.0186447327836960               18
   1.0424896076992012               21
  0.99582275680631072               17
   1.0448926598785946               17
  0.88510646348518840               18
   1.0428483169661495               16
   1.0002578549141392               18
  0.78731072628858345               19
  0.84490085964809958               23
  0.89802266226323513               21
  0.70412384248131066               22
  0.91216910395795381               24
  0.57898697086314899               17
  0.65113465007523952               20
  0.54480486366128367               21
  0.84473958043741837               20
  0.76264564271260138               19
  0.61026936663248232               18
  0.54066545798698895               17
  0.50939298009701461               21
  0.62163901044069791               19
  0.49431203406990487               21
  0.47341831961122532               18
  0.38553450458322797               23
  0.48893676897613997               19
  0.41164468679814353               17
  0.53461678640389498               18
  0.60664821024763182               18
  0.54569447792517400               19
  0.37491636050827687               18
  0.37811435564080753               22
  0.60633986955040420               20
  0.60363202471210808               23
  0.46868149483346466               21
  0.61068580886037871               22
  0.60501579195559596               20
  0.54838335485339817               20
  0.79764004786934706               20
  0.82877404069225091               20
  0.77510092806748154               21
  0.78316644646875799               19
  0.93571485352255701               19
  0.69506737448972311               20
  0.88567437184233144               19
  0.85989430442766779               19
  0.75653412285515764               21
  0.70560081886833137               21
  0.94677130841908563               17
   1.0031063745185609               23
  0.94024106487050929               22
   1.0710033878269041               16
   1.0621690778150281               19
  0.77000706802241126               21
   1.1272613091044263               17
  0.98821200526380237               21
  0.91309308406326883               19
  0.97601553787242523               19
  0.81266450542060642               18
  0.67486500472420818               18
  0.83810578929474921               22
  0.66828566831529090               21
  0.84423445037504641               18
  0.85823850497369281               21
  0.73385367217025044               22
  0.53213894084999414               21
  0.59135157787552506               22
  0.68915306021574596               19
  0.49731036869260115               20
  0.58406269309720438               17
  0.40919814064744170               21
  0.44473537135962837               17
  0.60754926514501506               21
  0.42257260354480475               23
  0.40843605853082576               21
  0.43401291034180128               19
  0.61248368194275116               18
  0.39423920439568622               17
  0.46867005707689985               21
  0.48266277724219786               15
  0.30672236125734270               18
  0.46174365475104528               20
  0.34711080063082111               22
  0.41575578017510878               20
  0.50997118517994955               21
  0.44070770623536409               20
  0.48187393430377251               20
  0.62456593590291476               18
  0.73839591418496098               23
  0.48724577290237964               19
  0.67718095546009838               22
  0.71011460671748317               22
  0.71977190616594044               22
  0.64694459317118203               18
  0.88890145101731333               20
  0.68195489962500289               21
  0.76919627136460689               21
  0.95591685156942185               19
  0.77884133372335418               23
  0.98714477434220771               20
   1.0034579493812457               18
  0.86905849198573104               21
  0.81593396747868718               19
  0.98657972401797256               19
   1.0690892682778943               15
   1.0263027017051036               18
  0.99090417718528301               20
  0.88389360281503915               22
  0.94427734482065540               20
  0.87496920389079913               19
  0.79395757895267427               23
  0.75324112113374020               22
  0.82324297950201952               20
  0.62135372798984667               18
  0.65956283574541541               21
  0.62994945862468865               18
  0.58753700968438982               21
  0.69518200812763664               20
  0.50210367012440515               21
  0.64263171062284485               24
  0.52955369684012255               17
  0.43277241362545910               20
  0.42761509684885374               23
  0.52261220624104598               19
  0.38473716678154962               20
  0.43389039718730754               18
  0.34223087462341567               20
  0.56976763490538829               18
  0.31905844265556443               19
  0.42574203486167367               21
  0.39375101857434364               19
  0.54910209546694899               20
  0.38679432293637983               19
  0.30645997307701800               20
  0.57464486144807658               20
  0.41483078087242831               22
  0.39194927479606861               20
  0.53974068868299641               21
  0.46292831428666215               20
  0.74337255641907762               22
  0.63164952824997900               17
  0.84865110276274358               19
  0.66319856971587232               21
  0.87967754739303394               21
  0.63440162194261507               20
  0.82450736997639285               19
  0.66970890869855582               17
  0.66383271594460769               20
  0.79984008248070226               20
   1.0135288720541424               15
  0.94692133586332305               21
   1.1278159184608247               17
  0.90816132561272789               23
  0.95262217791430370               22
  0.98640299256402952               19
  0.93048952967932896               16
   1.0055429654818051               17
  0.92407953704210977               21
  0.96556833762666217               20
  0.64988175433099149               21
  0.79213673821458974               20
  0.55360513514823484               19
  0.73337254590761713               23
  0.60874966734112879               18
  0.56764756262385585               19
  0.47583634967241056               18
  0.70720127917775200               21
  0.59525119673448912               19
  0.54787277046301175               18
  0.46011467192514049               20
  0.59840854217880168               20
  0.34708488396472026               19
  0.35727221368390055               23
  0.33812896932120584               19
  0.32749232744134554               20
  0.34330594140207610               19
  0.29083785226741182               21
  0.47343124851908336               20
  0.47269606395081992               20
  0.35308048910397183               18
  0.26304370282389605               19
  0.34159079493566752               18
  0.23827496472767501               18
  0.52682871540347620               20
  0.55854238613016549               21
  0.30571906490343209               22
  0.56523651910721340               18
  0.61208389266306240               23
  0.48746718867587946               19
  0.42552278769826679               22
  0.65673427782111282               20
  0.67111095596468162               18
  0.68616314165964531               20
  0.58180895686620082               18
  0.72170163677841137               19
  0.83269622964549050               20
  0.91397046701301043               17
  0.89767889887620100               19
  0.99397107685800867               13
  0.71914930061121141               21
   1.0811563023053896               24
  0.94861130740973343               22
   1.0415389544428033               16
  0.95443366076836378               19
   1.0045518678741869               18
   1.0180789232115772               18
  0.75882944705058997               21
  0.77198642774774362               20
  0.74305652135620193               19
  0.81325022702040861               19
  0.87206247985359453               18
  0.71567298219913256               20
  0.67169100827031070               21
  0.71204491763936339               23
  0.56002847590402027               21
  0.52261887328501322               17
  0.50232245635977146               15
  0.67096293910664229               21
  0.47089242755755784               20
  0.38938830565274479               20
  0.56648118048568263               18
  0.36473061189025469               18
  0.46442704868108137               21
  0.31584767039557554               18
  0.36641265896951308               18
  0.31888546668533391               20
  0.31190380668941114               20
  0.44399187933134199               15
  0.26298545787389149               16
  0.25012758501092963               19
  0.35939996551102638               20
  0.59324981966359891               19
  0.41518406247414408               22
  0.33798735109964956               22
  0.21143287383218851               18
  0.48757926640549115               18
  0.49916397110868155               19
  0.68241742768480573               20
  0.65400263136828252               16
  0.61258991173002386               18
  0.69400677158895063               20
  0.63464281643599385               17
  0.77177383920606935               22
  0.76633993647083753               17
  0.74303055753361458               22
  0.77215518682053508               20
  0.89001944577053838               22
  0.72428141720808237               21
  0.67841821130668412               20
  0.72186178920093880               22
   1.0272059983079183               19
  0.98292289534879063               14
  0.96593477174642894               20
  0.71377738732799090               21
   1.0028801449934186               20
  0.82236431840085078               20
  0.71740620967601243               19
  0.90029557459612763               18
  0.90139631138012055               17
  0.73517474398182447               20
  0.74459716579780555               22
  0.65848376572057687               23
  0.69715301622669457               18
  0.65545084406206999               18
  0.61248876287440324               20
  0.40221057247369835               15
  0.37586315918498170               20
  0.43083150645229967               19
  0.46988522597412691               16
  0.40291539641103008               21
  0.42572781515525659               19
  0.31345299777177593               18
  0.42008741583218639               17
  0.48667365945286190               17
  0.26878182877975515               18
  0.32203297334175013               18
  0.33363390193709769               21
  0.27735502489791275               18
  0.29400908424886474               21
  0.35472768674725219               16
  0.18138185628300627               19
  0.39927178639110428               16
  0.17923422322057422               15
  0.34298009700246057               18
  0.41041139426998818               20
  0.47607361288081351               19
  0.56833537437447379               15
  0.43386518420960363               19
  0.44190728807399893               21
  0.50075785011131502               20
  0.53699327332404978               18
  0.67260662229106360               21
  0.73871524006866596               21
  0.72106861490810348               18
  0.80443489543762470               21
  0.80948878765580146               16
  0.74747008985246488               18
  0.94321895115767929               21
  0.90605408436691526               18
  0.94797705667611332               16
  0.97534033243815776               20
  0.96810903113005964               17
  0.79986204731661048               21
  0.91237372446351939               20
  0.90900318910060762               21
  0.85636038834890749               18
  0.94048864995614234               17
  0.82494635664545590               16
  0.85272428601524075               20
  0.88080504902620593               21
  0.67568447217567040               23
  0.83820415597684306               16
  0.65243955538636289               21
  0.45019799647345010               18
  0.62757876184475891               22
  0.62924838173944075               25
  0.61406482047314948               19
  0.52776097753923823               18
  0.53767388093412649               21
  0.46879448496374010               22
  0.53445427493114106               19
  0.31303661133337224               18
  0.26043726844894466               21
  0.32349569183435017               20
  0.39922581304003318               20
  0.25381736423979212               22
  0.32800509441225834               20
   9.7449880466657840E-002          14
  0.25150555106909739               20
  0.19536799339903477               20
  0.23795915845026941               18
  0.38268170908953930               18
  0.14708338447768210               19
  0.27402900233718835               22
  0.46559903786634993               21
  0.38259430955872098               18
  0.51075897180896368               19
  0.52374855346974003               19
  0.63864402649289465               19
  0.72749029168761681               21
  0.63228488121527782               20
  0.66385680271704017               24
  0.76485013341253949               19
  0.72332669325992860               19
  0.64544190409452384               25
  0.69874722888136787               19
  0.68098628673797190               23
  0.82712931054589356               17
  0.84228061684894484               19
  0.90997133904414662               17
  0.86700419146003893               18
  0.98693683036914936               16
  0.80112900303525059               19
  0.90380764465113150               17
  0.97853782911832388               18
  0.98507028493321669               18
  0.97600572813178588               17
  0.70096069227566704               23
  0.83091471330638833               15
  0.79042698814516710               20
  0.62998953926520196               19
  0.57419642569233997               18
  0.68055370664901704               22
  0.67624201143535556               19
  0.49717178481608343               17
  0.53381015817918331               18
  0.50697122728796085               16
  0.28735213382096986               18
  0.55630706772210148               18
  0.40740732473666891               17
  0.30459835947204145               20
  0.19988297984369791               16
  0.30103809163806339               16
  0.35583852311458725               21
  0.13973432380656742               16
  0.28618368130157051               19
  0.21796138965547363               20
  0.18586059953779241               19
  0.18570342824603706               22
  0.24863468970109343               19
  0.23802816661322701               20
  0.29565046953395052               17
  0.18604941680774892               19
  0.41279924960043407               19
  0.32458283115810116               19
  0.35445365662206541               19
  0.36111782448383362               20
  0.62154401914388890               20
  0.59096954305072580               19
  0.49001487878690081               19
  0.47170615317463399               20
  0.40355818550214617               18
  0.49762488381913617               17
  0.75708265940396258               19
  0.74391611161822890               18
  0.70059877684074523               21
  0.87190819760674398               18
  0.87950845737771211               18
  0.85687396954852424               24
  0.94957232467527453               22
  0.89607722740180185               20
  0.95932724520577750               18
  0.93519114695184080               20
  0.90677875487825677               16
  0.87513584401598454               23
  0.93477943583466039               23
  0.97426522659823755               14
  0.92027075184530793               16
  0.65136826661778491               18
  0.93758647827513020               16
  0.60856438053688611               23
  0.61091506375062832               20
  0.49564819051799108               18
  0.41255517649983298               15
  0.42236435502376540               15
  0.53465837038634823               18
  0.67445149524831194               18
  0.50895340227848163               18
  0.36818688863316895               17
  0.45727791171056592               17
  0.34382606868813170               16
  0.22970960641677687               21
  0.20347990409117780               20
  0.27128632397324626               22
  0.30761129311129048               20
  0.30476768707315177               22
   9.6751680364662279E-002          15
  0.29345042307733354               21
  0.19014048473603423               16
  0.24075495899576571               20
  0.22915473149644838               18
  0.18476746045895340               20
  0.22621214913768781               18
  0.41421187461817882               21
  0.37134277258111281               18
  0.49803103309440078               20
  0.30007404493195938               17
  0.51313225319322653               18
  0.48538692936507338               19
  0.57784794818966623               21
  0.43768541817390555               19
  0.59109180755215429               16
  0.58662116292272504               21
  0.57290152944072859               20
  0.55329838555218946               22
  0.52134556645864871               22
  0.67885985582850106               19
  0.60369706736673623               24
  0.88969879961663134               22
  0.81657211451263279               19
  0.94513881549247480               18
  0.93062444870347050               14
  0.91308493589985606               19
  0.74552343805373311               21
  0.98220091397975584               19
  0.71506330560195752               20
  0.83062433989978057               20
  0.86294933214851477               14
  0.73192218279798682               20
  0.78840660893460834               18
  0.89649574697639112               17
  0.67084473672017142               23
  0.55896195367760171               21
  0.71776766035790718               18
  0.55198443499229055               22
  0.61423272800476314               21
  0.62007552237780506               21
  0.57089784034875068               19
  0.34878128952263004               19
  0.19267470914050819               16
  0.18226632296564241               17
  0.21766132425595860               18
   5.8148785732667969E-002          15
  0.12804685041699676               17
  0.22402660518206632               19
  0.22605391036805011               17
  0.35509509256170407               21
  0.25235527576286426               18
  0.11445400119848423               18
  0.16431733773638374               19
  0.28159772852008597               19
  0.14756612516815495               17
  0.28792682132700831               17
  0.25767346123060991               18
  0.31208264915805328               21
  0.37159453044944529               17
  0.30080051206103703               19
  0.47430201082208007               20
  0.52617277317011957               16
  0.55675250236479479               21
  0.39090290507097036               18
  0.53100419802804466               20
  0.60540109359293370               22
  0.51244067435318574               19
  0.56544119337797938               20
  0.79756393364895461               19
  0.84451451519141363               20
  0.63543848274649883               23
  0.91713309128123155               21
  0.94315243562861750               18
  0.86903554320018661               17
  0.96942288668997334               16
  0.88785654100769196               21
  0.94869538759927474               15
  0.68054656221752485               21
  0.87515399045118825               18
  0.74442843255964342               19
  0.86409431191334440               22
  0.71230490083521669               19
  0.66525728194408140               16
  0.76569068574792287               20
  0.79138918453157370               19
  0.83100609808874093               17
  0.42814318516206817               16
  0.73892817863106497               14
  0.59135457799144875               18
  0.42872706153751000               18
  0.48244132433326609               18
  0.38838588272474633               16
  0.41397597979251255               18
  0.39727152022610296               17
  0.31029445444034925               19
  0.27117726738846920               19
  0.19976594759331937               17
  0.18761799683892047               19
   7.8710952986573060E-002          18
  0.14838293574857281               16
   4.2504149283885559E-002          13
  0.25687847880316089               15
   5.8171514850579815E-002          17
  0.13031107099855255               19
   7.4333775537299807E-002          16
  0.18542454071457637               18
  0.36970576235445607               20
  0.19328749257472494               19
  0.32147645559500299               18
  0.44694404216383371               22
  0.38032584609720976               20
  0.39584907204482050               22
  0.45140106600672814               20
  0.53701259501729881               20
  0.55871975505600646               18
  0.54453355292497652               17
  0.63992742421171322               19
  0.64938432391903456               19
  0.87490533969582951               16
  0.76624615392796436               20
  0.78205679868086153               20
  0.91752777423569498               16
  0.94852682984922210               18
  0.82130535505387581               19
  0.92587859072732470               14
  0.77446212009668947               17
  0.80507602524455146               17
  0.88833673284248105               17
  0.89150544278832788               18
  0.91316555628763052               17
  0.85192374374030411               21
  0.74884995778734342               18
  0.79043207710484675               19
  0.80629113685830867               19
  0.63209941711951534               14
  0.65441191142851207               15
  0.49280597684895244               14
  0.48806018377001970               17
  0.58166836871817273               21
  0.47902448083066496               15
  0.34239619318701225               20
  0.55017328809260257               17
  0.40812086980373097               18
  0.43198200137213444               18
  0.25042359820647508               19
  0.40225529146878403               16
  0.19282479613871703               16
   7.8843162642854001E-002          16
  0.26962230887916500               18
  0.21812114808411254               17
  0.13124326295689870               15
   9.3089765300925331E-002          18
  0.12509480084642216               18
  0.16791392985685205               19
  0.14582570593584601               21
  0.41047801906882686               19
  0.22940360562255124               20
  0.36526926197835075               21
  0.51586096708117357               21
  0.34728631110956454               18
  0.22342658527978485               19
  0.48892529220443465               21
  0.40642492878096420               20
  0.46745123449494713               22
  0.63865723054483992               19
  0.48699738900183781               22
  0.57618600635086370               20
  0.76420841257492544               20
  0.79003994842750014               19
  0.68333450539591001               21
  0.68719947600095843               21
  0.72086255305699964               17
  0.86932291121336236               23
  0.94413750437951327               19
  0.91294377701133622               17
  0.84586578642123500               19
  0.82070043388624991               21
  0.91579889583687224               20
  0.77579985168591759               18
  0.91449619209089072               18
  0.82763973962182491               20
  0.83782198024625953               22
  0.75029104679366942               18
  0.67524390390893241               22
  0.75609940152382626               20
  0.54148096621657194               18
  0.50932320690521937               18
  0.55970312727487248               19
  0.33775385674488462               18
  0.62303416873523987               16
  0.31373223464927052               13
  0.34777420007449855               20
  0.26535130150592312               18
  0.36706309105831958               18
  0.23864149494900255               17
  0.32331807633005727               21
  0.22671681947469663               18
  0.26302729274215075               15
  0.14075876276683183               20
  0.21899336506165956               18
   1.7649878533569800E-002          18
  0.36410803115328388               20
  0.14079663693921302               21
  0.14479053007545548               21
   8.2286895040763905E-002          18
   6.6146887345901004E-002          16
   7.0359368270806577E-002          17
  0.37535987123086451               17
  0.26331068988914857               18
  0.25994148720420035               15
  0.29039254923493379               18
  0.44313678467775552               21
  0.49075669258111715               19
  0.45915335327192086               21
  0.80687171908741218               16
  0.51436143498590081               16
  0.63301758041713385               20
  0.73160493207981492               18
  0.69677615315850172               23
  0.66901925757605685               20
  0.67195097786167413               23
  0.69252532413109047               21
  0.73605920478726794               17
  0.89133495637859317               21
  0.96134022252640061               16
  0.97043672413482585               15
  0.78509409041796085               19
  0.92907952960998863               18
  0.92380411291456976               15
  0.86456333026952092               23
  0.67779010429059028               23
  0.59217085168607209               22
  0.54896587882883219               20
  0.78827601849240225               22
  0.68386636395139822               23
  0.75235811511293538               20
  0.73101807073850933               17
  0.58547713380818034               18
  0.56451878553412593               21
  0.28488254962267723               19
  0.54757504296512127               16
  0.47433933465067585               17
  0.43979469089040885               18
  0.23992755021709600               19
  0.36579427399672276               18
  0.17023326552812598               18
  0.23427102364566102               17
  0.11323692443592093               16
  0.10926010853851889               17
  0.12620622917541638               17
  0.20187781567513166               17
  0.13996393417847977               19
  0.17311225270789510               19
   6.4658676603855228E-002          15
  0.31768269869620380               15
  0.35243782820196323               20
  0.30216782054943253               14
  0.26129244721081929               16
  0.19942049722019528               19
  0.34633315952784566               20
  0.31623720186876209               18
  0.51001915387337493               18
  0.46454696491628500               19
  0.35854341406253692               19
  0.65972514986857900               20
  0.47417866171666001               18
  0.58962718452922513               19
  0.62011867028029766               20
  0.62773345940007097               21
  0.66047875134471778               21
  0.85621029015710026               16
  0.71945032197963277               20
  0.87101261130331964               21
  0.74978753358845418               20
  0.98032502008773881               17
  0.94687724343204893               18
  0.65530612681227041               21
  0.83811348714738221               19
  0.79709856440390159               16
  0.88511888046993414               18
  0.90765342884873235               16
  0.64225256462957347               22
  0.65166562175063747               22
  0.68965054766424905               20
  0.75084513263518005               21
  0.60162209424544133               18
  0.50975340142185910               19
  0.46420007297570998               17
  0.64176252020423141               20
  0.56844155083498282               18
  0.45592130140326603               19
  0.45473283241075618               16
  0.35872780109631691               18
  0.26912955129931998               19
  0.21335042001478957               15
  0.30680847516882503               17
  0.33008296288789801               20
  0.39108979573041797               16
  0.22723390865701854               20
  0.15161328760721363               15
  0.14572456514319357               17
  0.20179460957815465               19
   6.0621453707110390E-002          13
  0.17272517926761438               19
  0.19755090502362010               18
  0.22458791765362163               18
  0.11115828711941998               19
  0.33165263589203331               20
  0.30155671285897623               16
  0.31433423324023380               16
  0.45069874169371987               19
  0.46374729236668688               18
  0.53550281040765579               18
  0.61780527013741915               22
  0.60974585798846748               19
  0.42225596852127528               21
  0.62173067018722183               20
  0.77403166303625970               19
  0.72517203085737991               19
  0.78523582311193751               17
  0.80745848536755216               20
  0.68153544771416763               21
  0.87056607097030503               19
  0.82295953498125285               17
  0.82997575629912612               21
  0.83283667652182269               21
  0.83394230922038670               18
  0.95831410069054657               14
  0.96884624307573430               16
  0.94947047423114239               18
  0.80110370515379914               20
  0.71332541686217676               20
  0.75424026568341362               21
  0.50296513786016628               17
  0.59862866520005131               18
  0.69741085140753689               19
  0.38739155943297243               16
  0.42478936057230560               16
  0.51166503465077084               19
  0.37120916835225914               16
  0.28805283350663130               20
  0.25844598911437933               19
  0.39861694491831490               20
  0.48974158626876424               17
  0.41866928082565158               17
  0.29612187318419469               16
  0.30286599100532335               16
  0.21024725605826977               16
  0.10477133434685276               17
   8.1005052152486198E-002          17
  0.32875200608454080               16
   7.2454775016256939E-002          16
  0.17337228675302277               18
  0.11941749757846304               17
  0.21342093534998521               18
  0.22212622187808725               21
  0.13851751016719183               19
  0.39994532768173718               15
  0.19181803607212242               17
  0.37316963720708757               20
  0.37254238442902360               18
  0.62943663042960685               20
  0.36416959723885189               18
  0.38119408459863918               21
  0.57272361298507268               18
  0.54910952103038946               20
  0.47640448154177795               20
  0.56156174654110469               17
  0.67072147084580047               15
  0.76954199375015198               16
  0.69326321323117834               21
  0.88144857116473241               18
  0.81927622992609417               20
  0.94961218668800162               17
  0.94546697948922842               16
  0.77543423823613544               16
  0.87938169584221593               19
  0.91877829270338007               15
  0.84885374840576211               20
  0.69026803767884981               23
  0.76054224642537094               20
  0.92505377394882060               15
  0.79574427955541838               17
  0.71817258813187790               20
  0.69257422567344540               21
  0.68086801316646062               18
  0.60973782347560346               21
  0.62801114126731306               20
  0.57060695784716842               18
  0.44969117888314830               15
  0.32389430595071328               19
  0.24942815783027630               18
  0.53400580825400235               16
  0.37350257030878742               16
  0.27939059138221062               16
  0.40656473298026496               16
  0.17328276908306478               20
  0.15501420650299136               20
  0.12862084452545877               20
  0.22798205076599709               20
  0.34899236315837356               14
  0.20775021648679562               15
  0.26581644698844747               16
  0.11380033580489696               18
  0.30506000322231430               16
   8.3650329091811471E-002          16
  0.30359064269249958               16
  0.38572867368488989               17
  0.29769170051099930               17
  0.26287964327627827               17
  0.36565111903081343               17
  0.44949038786634116               20
  0.58175930242883700               19
  0.52046885225258621               17
  0.47506071127899790               19
  0.78846638536287605               16
  0.73314461272347076               17
  0.63436366083840923               19
  0.83520598045917205               19
  0.83384835917736122               17
  0.89360837480187316               18
  0.84242896192585859               20
  0.98778241950114432               15
  0.96198307261462146               13
  0.88478456508169256               18
  0.83662362460736317               17
  0.90773970439016893               16
  0.99207873419401760               16
   1.0300819653759177               11
  0.95556773469177936               15
  0.95674678357783394               14
  0.82392886241241581               15
  0.80200019123671518               18
  0.74554250000427913               22
  0.74688120954321346               20
  0.61735060738584902               21
  0.59463890504427219               22
  0.58133423236882864               15
  0.71681786197942443               18
  0.59298023453131832               20
  0.62337339625989618               20
  0.55254919710326056               19
  0.43058652347622955               16
  0.45751748542999132               15
  0.41487519886935487               18
  0.30980230583449553               18
  0.24357304511627023               17
  0.28840190385052333               18
  0.25371502405242230               21
  0.21111842898779745               17
  0.16242805931754214               16
  0.16803929128012007               21
  0.19694748151129732               17
  0.21201670740429931               19
  0.22906799482874621               18
  0.25428243178673887               16
  0.41037146190492946               15
  0.39673852533814608               19
  0.36190481264088664               17
  0.37019885624494153               20
  0.45526805246912366               18
  0.45806100163032720               20
  0.41613384188340313               20
  0.46236314288493296               15
  0.47089703529608012               20
  0.66744528497838640               23
  0.80757140048036313               16
  0.56781025307868627               19
  0.66846889739724247               17
  0.75679190080458736               20
  0.87665021412166777               18
  0.96805743238736908               15
  0.75731046475089003               18
  0.96325040924150318               19
  0.99617601992275484               16
  0.81337373102365840               22
  0.91517449847288568               20
  0.95511045073984668               15
  0.74114693957245581               23
  0.88125033928652452               23
  0.84129076791702084               19
  0.72452591383638543               21
  0.77677573704269465               18
  0.78199023469225937               19
  0.78478260688982504               23
  0.82696083620304395               17
  0.77380702940673241               21
  0.63629701626933532               19
  0.61180283311077777               17
  0.48602755751979487               18
  0.53067662494961509               16
  0.67919071440070744               17
  0.49211603076857197               19
  0.51146445413229913               17
  0.50469814658970846               17
  0.24904139454390364               17
  0.33416803907057208               16
  0.11879719894260786               16
  0.33517529351402586               15
  0.37507879560321616               15
  0.34482240806517972               17
  0.20013823117821664               17
  0.13445151182708340               19
  0.36158327787274758               19
  0.16243207599719361               16
  0.27288883454462309               18
  0.23700759986636985               18
  0.30109067605107459               15
  0.35199819632169288               21
  0.51133312749626070               20
  0.51585088198642604               17
  0.41987340493822428               15
  0.36168298052132841               16
  0.53571304562277944               16
  0.64767071585568392               21
  0.55817181783884584               18
  0.66421858399596645               23
  0.69759772721292013               18
  0.61658997398200466               20
  0.70272272788313117               24
  0.90136964067144032               14
  0.90320431654942845               17
  0.96916903348470196               17
  0.96018404635341348               14
  0.70071164172855360               20
  0.89271548254492772               16
  0.88798816219563059               19
  0.85754078261934552               19
  0.99700578994979028               16
  0.98418821286323277               14
  0.88954812383571302               20
  0.87444118976776430               18
  0.79312228324457901               19
  0.72652740258419224               20
  0.69146965383669068               22
  0.97591351531525594               17
  0.48291089557694988               18
  0.64441545591101268               18
  0.78924736142791307               20
  0.57348080179246064               19
  0.53995377565336555               22
  0.59011226080278034               20
  0.41510566846848951               15
  0.46362160631332167               18
  0.31611921855981767               18
  0.46802563778516243               18
  0.47177792790015016               16
  0.40610846466164702               17
  0.37879196014122901               15
  0.41652281897923910               19
  0.24475809350652955               19
  0.40227046040704884               18
  0.27520459474017778               18
  0.34495029384787335               19
  0.49898905608227917               16
  0.43083278093036204               15
  0.41957373546862647               18
  0.44925978970981084               19
  0.54057970499334995               20
  0.40701447402406871               15
  0.55438438288372283               14
  0.53388335920155461               21
  0.65624890048799678               18
  0.62985585137426103               21
  0.52146072847261926               16
  0.49147632479270692               19
  0.63211527732089212               15
  0.83964766169431138               22
  0.79263202990011261               18
  0.80232276469505304               16
  0.93148015581043309               16
  0.94691009555576600               18
  0.78264760914426512               19
   1.0113986891898663               18
  0.99186883414322902               16
  0.90300029116411940               18
  0.95772246943777084               16
  0.96175700573881151               17
  0.85397193223355383               19
  0.92674930652954546               17
  0.71764601435924147               21
  0.92749717438448553               19
  0.83015424303900864               18
  0.70075661410670487               20
  0.69487524185955674               20
  0.59167296945556169               14
  0.70521058817264870               19
  0.75151956368644668               17
  0.66087801187178508               19
  0.62503087176689898               21
  0.48737115637990680               19
  0.55606189344977497               20
  0.56754973888852733               17
  0.45361583215608897               15
  0.35503882049425756               16
  0.53226471076781878               18
  0.27286376982795296               18
  0.44972293440279648               20
  0.44157114354016103               21
  0.42897167510774975               19
  0.20262358205816910               19
  0.46306362288664327               20
  0.39552218698177594               19
  0.32662789537406178               18
  0.28459658853455705               17
  0.32874015036812043               17
  0.57186187426390389               19
  0.39125804456855007               17
  0.58160955313255935               17
  0.41983029850391979               18
  0.44884468695616436               16
  0.40289183680968715               18
  0.67963535530240826               19
  0.64640887829502169               19
  0.54976684270999165               20
  0.71735443309381863               22
  0.63825270951026580               16
  0.69851601526532547               19
  0.82752089393041306               24
  0.76681830642593252               20
  0.71276822700384390               23
  0.99973974766734330               18
  0.88381173693728166               22
  0.82933608169985551               21
   1.0697925496914058               16
  0.87138291181302818               16
  0.97103324881561992               20
  0.99138868768193811               16
  0.82910861962495619               19
  0.82645342407585742               21
  0.82541174301661124               19
  0.92021812290816596               19
  0.88510938145255169               17
  0.80714381214888142               17
  0.76700346975234279               19
  0.68909336880257899               21
  0.55466634943274695               18
  0.61287122492226498               17
  0.56412480264835807               17
  0.51300724974399636               17
  0.57485743808992473               14
  0.65428785286601121               23
  0.48731798397884096               17
  0.61037396919410647               16
  0.48761824582544017               17
  0.42909310395275813               15
  0.36141624106791148               17
  0.32620567823373592               14
  0.30262777961083320               17
  0.25529669798726534               20
  0.41618843355739504               20
  0.30250077542006232               19
  0.50151559129821632               19
  0.43084650240843203               19
  0.62115936793089987               23
  0.32945393394114036               17
  0.26079598394966175               15
  0.40937111959668038               18
  0.44639180642962895               16
  0.56733343971124484               19
  0.62043269730692618               18
  0.58348689453922231               19
  0.65283888699970694               18
  0.71237326751909713               17
  0.68566750319480130               21
  0.73935057332064424               23
  0.71586093198028988               21
  0.84288679109316822               23
  0.72727004622164926               17
  0.83839412445269801               21
  0.89115681584318562               21
  0.76881127050469678               20
  0.81665115845573943               21
  0.88474351194808754               21
  0.91280095581047349               20
   1.0164448226673302               19
  0.85470748825531673               20
   1.0240585445821055               14
  0.78660439352944977               21
   1.0450262322747725               17
  0.96051819637166524               18
  0.85593080643216690               19
  0.82985409693931500               20
   1.0079766589280328               17
  0.78661294601112186               18
  0.62184385215824078               20
  0.71873638638666959               16
  0.65452163031681843               21
  0.66808418020979143               18
  0.50937647814759013               17
  0.69396337560322585               21
  0.71023716053192743               21
  0.51565489555478250               18
  0.50273356487067067               19
  0.42107988424137166               17
  0.45463501025205805               16
  0.33571999331312580               17
  0.38227964903406347               16
  0.48703182655516147               21
  0.37416772951410460               18
  0.51692791679337036               19
  0.57975196711670363               18
  0.35132848358548974               21
  0.61137870440627284               19
  0.53325594281445599               17
  0.65684540800695568               22
  0.51824268730369227               20
  0.55919906611219727               18
  0.57554662719948668               19
  0.53002943452812679               18
  0.59361531889241803               17
  0.46797671636877763               19
  0.66711806495834447               19
  0.62496978846445506               19
  0.70516167141509223               18
  0.92202519651671988               24
  0.65537490979208091               19
  0.77672720695716602               21
  0.87922273815493435               23
  0.94887016774766542               18
  0.79967381097674850               22
  0.87016052837883451               21
  0.89217567658034880               24
  0.88006146218406256               20
  0.91811238941098705               23
  0.94409350942227366               22
  0.81369448120961252               20
   1.0571657177376652               14
  0.84132690688454825               21
  0.92228739790369985               22
   1.0423886784444161               17
  0.86099744853817617               18
  0.72379062621545276               17
  0.88185380751328257               20
  0.91236170000073491               20
  0.85835094137433943               21
  0.72674827535417141               19
  0.61268584653084035               16
  0.55170917268517627               21
  0.80087244052008055               22
  0.65386787438381855               20
  0.48479310407871240               17
  0.68173839586733043               23
  0.53183339490009041               18
  0.55260131422429337               17
  0.45537477104494178               17
  0.60893789026719169               23
  0.45569305463563342               22
  0.58063264320558794               20
  0.38040149118704059               19
  0.41252991263416927               21
  0.53773685857910558               18
  0.61026045150114683               21
  0.41773263832838275               21
  0.50466960380541159               16
  0.49580227055492826               19
  0.59833710450258404               18
  0.67403485046069489               23
  0.64212821712257184               20
  0.57865088244166074               16
  0.56907470219292100               20
  0.68878693841233196               21
  0.44427441509731130               17
  0.79770881447960595               17
  0.76178761448780086               21
  0.58444590946945441               20
  0.77167988400268250               19
  0.74416120705931976               19
  0.99152241461118751               18
  0.83551240307164054               20
  0.93794053128228094               21
  0.91435796301701944               20
  0.97028769135627957               21
  0.97638040467799825               19
  0.92270635461326111               21
  0.82675566148330404               21
   1.0521211612725947               16
   1.0009005170681393               18
  0.94140209937852504               17
   1.0735165689769830               16
  0.91864965316236968               18
   1.0082912138826117               19
  0.94533156034608001               21
   1.0423125409679106               17
  0.95710039416336889               23
  0.66919814929260124               20
  0.53767014782113376               19
  0.94381514840928837               23
  0.71567532814255153               17
  0.82020574664396861               20
  0.79678130176079665               21
  0.53474100164998628               20
  0.76464987537927731               20
  0.47855096782616358               17
  0.62960775322056728               23
  0.65008912774766969               19
  0.43438269913628197               17
  0.51287477621592270               21
  0.42860231277591271               18
  0.53148983181909870               20
  0.37126905735079652               19
  0.50769244523736112               21
  0.65113591387817371               21
  0.60503670801526399               17
  0.48848654814318565               17
  0.54622119501300159               18
  0.50490309104989217               13
  0.43098324695944240               17
  0.78647510388548847               19
  0.77787750339264050               21
  0.76533869349129180               21
  0.64732039487803006               18
  0.60843566178321529               20
  0.55831549975909101               21
  0.65160996093266776               15
  0.65002105184583769               19
  0.71257151167128030               19
  0.87600194793298203               22
  0.89033039061415153               19
  0.91763970134204687               24
  0.93864384478833962               21
  0.95696822220061917               23
   1.0307433574191047               18
   1.0221445943481933               17
   1.0570257385120876               18
   1.0013853065855438               15
  0.95307836236876753               15
   1.0937235227888109               19
   1.0749767767232490               20
  0.93250486017531586               20
  0.99026085829787869               20
  0.94050746061119495               18
  0.83799996902317153               19
  0.91684248706126126               19
  0.62782981701704044               18
  0.65589999301611890               17
  0.96688043913226251               17
  0.78578530310624728               22
  0.74540078046097558               19
  0.74995998730473556               22
  0.79482739801773872               23
  0.67456609769631259               17
  0.87249133973879556               19
  0.59630692356311732               20
  0.34812757180466963               15
  0.60017154828044250               22
  0.46049780390022144               18
  0.67896400960464443               20
  0.54295877408627446               20
  0.51977132845013008               20
  0.63477366919683698               20
  0.55436908444942501               19
  0.52084878318213479               22
  0.62836898469696190               24
  0.71631130274779842               20
  0.59375184717674434               22
  0.44653908461211195               20
  0.65808262786774419               21
  0.34815247542415789               19
  0.53206939408358112               15
  0.71087779222501446               21
  0.58049682493191013               20
  0.57165889378556822               17
  0.73451907875909139               17
  0.71349777491352973               17
  0.78581119875970051               21
  0.89072607334275200               21
  0.92582004669036433               22
  0.86873683346085462               21
  0.86309609462201953               25
  0.96759708073928774               21
   1.1332783998545852               16
  0.94814044354630111               22
  0.98652313028510186               23
   1.0314763156795734               16
   1.1307894951963471               17
  0.95505872877947084               18
  0.97236527619793289               19
  0.88951895972252848               19
   1.0879336417529368               19
   1.1088006018411867               20
  0.74279637346473337               17
  0.87857616016481410               21
  0.92300993093669448               19
  0.76658853334931654               20
  0.77227612962093273               20
  0.69063961274223795               20
  0.96795894384255288               19
  0.71659330976831392               25
  0.74641269843832092               22
  0.79006068233189408               24
  0.70015620462905870               21
  0.66978663614796397               22
  0.69784082791642754               23
  0.61983202119451186               21
  0.43893947742764189               19
  0.69230710897416303               20
  0.47991630781937167               18
  0.68391149913630989               25
  0.74272579141811412               20
  0.60497364004035115               19
  0.48104748187011165               18
  0.50670637244550609               20
  0.61077004182335903               21
  0.68427079954172720               21
  0.70378617532951648               22
  0.50513903438214325               17
  0.68389121207021109               22
  0.66587604454883276               24
  0.61845964621002214               20
  0.79716429495565433               22
  0.76458383762800586               22
  0.70698888371324098               23
  0.76653818916120442               23
  0.82718861835316015               21
  0.95478422743570412               22
  0.71868112637533377               18
  0.80225363852124965               22
  0.97477365444675090               21
  0.90013791267779963               24
  0.97993810774634960               22
   1.0558971586108632               16
  0.91364791516943911               22
   1.0745329045089522               16
   1.1007608384039729               15
  0.98861042804254240               25
   1.0052092937793844               23
   1.1450418948962224               18
   1.0991216851849528               16
   1.1453174193863818               19
   1.0307938391946607               18
   1.0403773818916813               20
  0.92167168072556527               18
  0.83587736552167302               21
   1.0392735068149250               19
  0.88310342459021474               19
  0.97318428261257750               20
  0.76326380333343347               19
  0.72267537706827045               22
  0.77853899676276372               19
  0.87021287684539705               18
  0.82417158405657787               24
  0.71757659650399508               27
  0.70408859204957197               22
  0.60832134984000019               18
  0.62497525386397024               21
  0.64635633472765652               21
  0.56549905150759738               19
  0.62319609249747054               20
  0.60478725287565804               21
  0.56441298554591057               22
  0.50461177943518520               18
  0.57004013727233349               21
  0.70345190069368813               21
  0.72717392811825876               20
  0.82052870474775219               21
  0.64830454826229467               20
  0.70403541361470845               21
  0.56227367414222862               19
  0.69912104982539813               23
  0.58749327156046960               19
  0.70835984342794700               20
  0.71513005083493475               22
  0.76842029214633834               19
  0.79961467475370285               19
  0.87226158578060398               21
   1.1304358820110465               18
   1.0171663359865715               18
  0.86062805513431617               25
  0.88571456510714064               22
  0.85021855034070126               24
   1.0779286025976136               16
   1.1976912289235604               15
   1.0723499400070728               17
   1.1729534372298736               14
   1.1869457218883031               15
  0.88100070886105675               18
   1.1076436187650742               19
   1.1361486322450933               17
   1.0371900441167874               18
   1.0537939372839125               21
  0.91806589207670353               24
   1.0792347302399039               21
   1.0010514392249592               21
  0.84327979548974752               18
  0.96568588759000062               22
  0.97644529175378980               21
  0.72557117845933350               20
  0.86886369898426741               22
  0.90515309226432017               22
  0.84430260542774094               18
  0.67820235477459734               22
  0.87916273792415811               19
  0.68315651871306493               23
  0.74819225144709200               21
  0.71264839106193101               20
  0.64961697488309977               24
  0.59823609565044045               21
  0.79813359845842824               21
  0.57672583311514813               21
  0.69069708957842502               24
  0.67893496445975821               21
  0.73793487558068127               21
  0.58359825119024678               18
  0.82428512320915259               20
  0.66739329283367510               20
  0.76007115893240973               16
  0.67653090400997051               21
  0.65672186177269165               18
  0.71265436318791253               22
  0.81979327712667238               20
  0.96338946694382477               18
  0.85540599702201414               18
  0.83761095009359132               21
  0.77189197749299476               21
   1.0324295819986120               20
  0.78292168326317813               20
  0.82387967438719711               22
   1.0061145044880280               16
  0.98333792017846211               19
  0.96450124157542727               22
   1.0079534620354293               19
   1.2913483576479197               15
   1.0033742609507410               21
   1.1214293541440492               16
   1.1768363598054485               20
  0.99965414398275676               21
   1.1642330437047479               19
  0.97636301446812401               18
  0.98564996792893722               20
   1.0455450310188688               23
  0.89641277109328699               24
   1.1123074098420080               20
   1.0567682165469863               21
   1.0548989626366030               19
  0.77495389553770433               19
   1.0910864008119205               24
  0.97621396099277635               18
  0.87264431490785233               20
   1.0693070908387703               14
  0.81455722974260503               22
  0.92233414006402858               18
  0.69898857711030760               20
  0.83447814290295108               21
  0.74291923704773843               21
  0.83311973543035633               22
  0.80812540449729420               19
  0.79130908092987562               23
  0.83477248163601692               23
  0.63680931983863820               21
  0.54919052936497437               23
  0.84224112789477890               15
  0.75838695413672086               22
  0.62543531602253843               21
  0.74813377389453650               20
  0.74888419129880035               20
  0.87092623646443812               19
  0.67055452410960481               20
  0.64068238467366678               21
  0.79659346947191023               22
  0.86587599466099219               17
  0.59975637916858437               21
  0.82478232055573542               21
  0.92392857287015395               23
  0.76032868309648483               16
  0.90514240527140399               19
  0.76148336051620591               21
   1.0092278924009463               21
  0.96227011455981692               23
   1.0283050321543483               22
   1.0236617864324602               17
   1.2298590299435863               18
   1.1232268749816299               19
   1.0713399870689553               16
   1.1120266362844069               14
   1.0127807237869706               19
   1.0245699065183576               22
   1.1292593004337190               19
   1.1803708431250752               19
   1.1116772106576969               22
   1.1098245731343011               20
  0.99196891050199365               23
  0.89518420878497862               18
   1.1623210879294377               19
  0.87508561647794647               20
   1.2178850438483919               18
   1.0945262108925999               20
  0.82826823070001165               21
  0.99829820745739206               18
   1.0266055720413676               18
  0.87808005055920901               17
  0.91144019644667618               23
  0.57199239222472631               20
  0.80638070863787503               22
  0.87702629402240062               24
  0.85284099128399826               21
  0.76979040662339093               21
  0.70981300120357049               22
  0.63321427796778029               21
  0.71858421880331269               20
  0.75829076318939259               23
  0.53628487382072076               21
  0.72236401852985876               19
  0.88452918213187159               20
  0.62024456537003980               20
  0.72610639973923174               21
  0.87116544750121250               20
  0.75250726426102510               23
  0.68999409111033871               22
  0.84278164889652707               21
  0.96490487207422293               18
  0.62622880854839003               22
  0.98113401441543024               18
  0.80291990166194938               23
  0.83896413299347516               18
  0.83160763755018419               21
  0.85095807646670973               19
  0.94441218105065283               23
   1.0473726006392738               19
  0.91578449942844764               19
   1.0950395693621238               19
   1.2378451467364038               17
   1.2888066816748167               14
   1.0793354670271516               17
   1.1776127524322721               20
   1.0759291680189309               16
   1.1609138389194178               20
   1.0928780129888607               21
   1.2235743819266043               16
   1.0090324736619918               22
   1.2037658172461176               18
   1.0821530450392294               22
   1.0682046399189629               16
   1.0203232201364472               23
   1.1430531795075736               21
   1.1687531377024258               18
  0.92652296336359175               18
   1.1251131524015561               16
   1.1538691583291476               19
  0.88588346025511011               19
  0.82987981776645237               21
  0.92707958517860056               19
  0.71872765089284951               23
  0.82128421059498347               22
  0.83595929623686827               23
  0.78624948358627178               20
  0.76348148745363342               25
  0.84881877029348762               16
  0.80347293847460977               21
  0.65904153910651986               22
  0.87671614871754966               19
  0.70236949712768715               22
  0.87104757280055212               19
  0.95670590656313059               19
  0.67992682202679389               22
  0.96540378377316283               15
  0.84456172592091128               20
  0.70016415860576531               20
  0.92670843872073283               16
  0.89786362273990117               19
  0.88319060327131871               16
  0.89844302855733538               22
   1.0704148557353355               20
  0.96515563475543609               20
  0.91272078599150119               21
  0.80565222803073389               22
  0.98571395482354085               16
  0.98206302551983815               17
   1.1676503826889861               20
  0.98615176387675374               16
   1.0475074313846067               19
   1.1684903575674350               23
   1.1047194987235678               20
   1.2206352446343716               18
   1.2098099098024850               17
   1.2393041817565513               17
   1.1939182427056449               17
   1.1674823459642256               18
   1.1518790350322958               18
   1.2054332375953911               15
   1.1798300299196418               23
   1.0784442150331621               20
   1.3183041923600332               13
  0.97323538403156840               16
   1.1563668049950913               21
  0.89941015773080712               21
  0.94205061537974166               19
  0.74921960147927458               26
   1.1244483794029903               18
  0.75838394632186623               21
  0.93607956802228431               19
  0.85907304358840542               20
  0.96057418837685571               21
  0.82599133093290167               15
  0.85029373253885920               22
  0.95651530183601552               12
  0.79061582315986523               20
  0.71245435689136416               19
  0.82424040524689024               22
  0.73689464654620807               21
  0.87346289424840040               20
  0.76869903388660643               22
  0.90616722298930219               21
  0.95981523648420486               16
  0.90581176793660978               16
  0.80811004874101311               19
  0.84883358271685894               21
  0.90331465562502522               19
  0.96078319227695830               18
   1.0198931696723945               16
  0.73545044085636280               22
  0.92536864489226467               20
  0.90082777688373938               18
  0.88011898804388056               21
  0.92253357472678432               17
   1.0844202458158985               14
  0.84773460282937907               20
   1.0322656501031142               21
   1.0118454523429055               22
   1.1058585329092137               17
   1.2117101609476337               21
  0.97562579173532926               20
   1.1810736850694006               16
   1.2358167849646877               21
   1.2323682171084582               18
   1.1271909512186438               19
   1.2203446115146246               15
   1.2062919205029403               18
   1.3507649988982873               15
   1.1801102288939067               15
   1.1102157201201550               24
   1.2028666957799450               17
   1.0822653300816716               16
   1.0561837846561493               14
  0.94296415529247457               20
  0.97797505724966172               18
   1.1007474794792147               17
   1.0486195655219799               18
   1.1109140593189062               22
   1.0449030774491030               20
  0.90871028580686930               19
  0.97108913690177268               18
  0.73833139815460480               24
  0.87913264124229151               22
  0.86720530431003573               22
  0.81282826149028142               21
  0.82359162050607659               18
  0.80113509768483482               26
  0.93474944456873732               17
  0.64080484396047954               22
  0.88858476754964655               19
  0.72036043076553391               22
  0.95304284629268843               17
  0.87444741285241201               23
  0.82102974866685796               22
  0.85756572446566215               18
   1.0043630285452900               15
  0.89701352732479589               19
  0.82507881323531285               21
  0.83150935528206482               20
  0.82081371511790346               23
   1.0636725269897602               13
   1.2015801812548803               19
   1.1133888340918077               20
  0.89243241315550847               23
   1.0590901140243176               16
  0.89859211806858452               16
  0.99874247657982462               19
   1.2109117021758891               18
   1.1386947642164262               14
   1.0262193833130011               21
   1.0831384416856928               20
   1.1909601288057030               19
   1.1607062585746630               23
   1.1911288117617875               22
   1.0934756179383620               19
   1.2049955058332307               18
   1.2133146800320493               17
   1.2840393464058208               17
   1.0457494919757284               23
   1.1418219712149418               20
   1.2292439151605616               21
   1.1545354093741655               20
   1.1494179023706668               20
  0.98079332005429398               20
   1.0818508585964854               20
   1.1049409509304209               18
   1.0517200760367071               17
  0.88132525180805910               21
   1.0075580045169468               18
  0.98585515410886426               17
  0.96121732337945209               18
  0.93402374263761334               16
  0.84705703617906858               20
  0.80804293884180511               22
  0.92871634006822690               21
  0.95493656980319686               13
  0.82135235179121724               22
  0.78535629005527807               18
  0.89493008266384877               17
  0.78927824615632680               20
  0.93457369836759308               19
  0.96910520908147446               14
  0.78842206156981876               19
  0.91941303415033016               19
  0.76626852926165867               20
  0.98813314987968226               16
   1.0021859560561677               16
  0.78855219746636507               19
  0.96390630494958329               19
   1.0559585809864187               16
   1.0393225630320122               16
  0.76388488670331178               24
  0.99595366507276994               14
  0.97842240079728049               16
   1.1049584491045079               15
   1.1055864212595354               21
   1.0931904875642704               18
   1.1394150191244035               19
   1.0296319544917045               21
   1.1303849249481366               16
   1.2699846839334665               15
   1.2836852187435808               17
   1.0539678637621048               17
   1.2264570539022306               16
   1.3089880535901366               15
   1.1043858223414771               20
   1.3400625162610156               14
   1.2738417434955551               17
   1.2038369713180799               17
   1.1995349300471774               17
   1.1500807243953817               18
  0.98119828247009755               18
   1.1744500611597191               20
   1.1915206803700025               18
   1.0108177500533639               18
  0.98374788144445457               19
   1.0862315418249764               17
   1.0557547573203845               19
  0.84188049998329351               21
   1.0384479611787003               15
  0.98396565366846334               17
  0.96590741165021343               16
  0.91211451936485710               19
  0.86877979329550847               23
  0.93869847960976538               19
  0.92857046556639777               13
  0.93517876146763068               17
  0.86972109168434153               24
  0.96375480069488195               17
  0.88139649548438881               19
  0.80527444931291303               19
  0.96032494468189022               15
  0.97099341820198104               18
  0.97018754297941290               15
  0.96597871762187903               14
  0.96945872510168785               16
  0.93595094195011186               17
  0.76435647780083538               21
  0.91142117058367644               21
  0.99925294436449330               13
   1.0658660697280493               15
  0.99049190011909460               17
   1.0207629493432711               16
   1.0546403126865145               21
   1.0877954463824950               15
   1.0984122466456656               20
   1.2440793135086914               18
   1.1887828825115547               20
   1.1452853499862137               19
   1.2280011202261036               17
   1.3586395432455103               16
   1.2544832853061307               19
   1.2823610392455593               18
   1.3262689185796521               15
   1.2270547308664994               17
   1.2457630579870012               17
   1.1745095694560126               19
   1.2479893657696333               12
   1.3172503907989108               14
   1.3107473237989682               14
   1.2665443950105244               18
   1.3196833179437095               15
  0.93672708087247736               17
   1.0590710155107996               25
   1.0467708305765424               19
  0.78498725035946793               20
   1.0378609234858420               15
  0.98440130311460128               15
  0.95834934628137858               19
  0.90020998166189714               24
   1.0276023917302610               17
  0.75449311822036225               20
  0.96913920346581017               17
   1.0208149856506277               20
  0.71412250448263637               20
  0.62860170257846038               21
  0.92488625445093886               21
  0.87931603794900448               21
  0.88720454726616460               24
  0.85163403624211254               22
  0.86071317142579129               20
  0.94380400392105823               17
  0.79738361867744567               18
  0.84180549474022714               19
  0.74403857402264739               23
  0.84329749570868895               18
  0.90024921596081842               21
  0.86473833226173002               19
  0.90014066553025496               22
  0.85985532268761145               19
  0.94050620067890922               16
   1.0197096213551808               19
  0.75096245152632179               24
  0.97975327935075407               18
  0.85956322795667583               20
   1.0827970020663840               17
   1.0053314508315221               17
   1.0361187853355869               19
   1.2016374305210025               18
   1.1706511656156160               20
   1.1769127425203636               18
   1.3518395208226079               15
   1.1567110304451320               21
   1.2368336240886597               17
   1.1405534655882774               18
