  0.97597815068604410               19
   1.2696342068244491               17
   1.3311233539755205               15
   1.0483887630471516               23
  0.80737052225263084               20
  0.99687490399360479               17
   1.0348955909502153               19
   1.1163107820321081               15
  0.51983081283261379               23
  0.91006771960240085               22
   1.1190092523466202               15
  0.86692827611804624               20
  0.95154457565644956               15
   1.0340983627431770               21
  0.75176974789600493               20
  0.68793040064083411               20
  0.79637859151283752               20
  0.93490321308972624               16
  0.85434595791536272               19
  0.96451278152044018               15
  0.68075722065455690               20
  0.52704952155762963               20
  0.78782621370165684               21
  0.62999150981204366               22
  0.92729188588535183               15
  0.86409040425824968               22
  0.84224867342343390               20
  0.95578757562441230               14
  0.94003732040573440               14
  0.77730773429636202               19
   1.1049954099974664               14
  0.74791154540531879               22
   1.1150940957914739               17
  0.82993129125781573               19
  0.52248473481018431               22
  0.83978757802808512               21
  0.41309743229064022               16
  0.82298506667451088               20
  0.80331145588533448               22
  0.97878706117520087               19
  0.98082953863899280               18
  0.64085866821306470               19
   1.2240585063228580               17
   1.0325693070775979               19
   1.0179267522189965               17
   1.1697829762137502               19
  0.75440986914443264               23
  0.82951471717514602               23
  0.97122129912867017               17
   1.0431983271356651               18
   1.2449116531760813               16
   1.0670946849843408               19
   1.3106636780803074               15
   1.0865338035046075               19
  0.88590817068724914               20
  0.81944421810717627               17
   1.2197301375679728               16
   1.0079548062504131               21
  0.97469806097413669               22
   1.0812979941045529               16
   1.0926492006154611               15
  0.69762204967955210               22
   1.1156551955348466               15
  0.97693485333401819               16
  0.98911933420741094               14
  0.93504973384536283               15
  0.98412352498394307               18
  0.63968613366849947               19
  0.72357193910762219               22
  0.75476050537337747               22
  0.82025044391360391               20
  0.88425109934207058               17
  0.68097069427041690               22
  0.75808215979945515               21
  0.94769965989496419               17
  0.93657494354043402               15
  0.88313584059760764               19
  0.71726804749062401               21
  0.74922570348453288               20
  0.86712363124087655               19
  0.82996539493556531               18
  0.60728008430379121               19
  0.90709437954353156               17
  0.88833148551819752               19
  0.90468283277897610               18
  0.90801645543826304               18
  0.87666287920441732               19
  0.82563680178035936               19
  0.87946428396965470               19
   1.1456619107960140               18
   1.1189481088120836               20
   1.0250267798407795               19
   1.1965623766156464               19
   1.2879766416232135               18
   1.0522895282514808               18
   1.1807407392025364               17
   1.2203258819115308               18
   1.1172128291221657               18
   1.2971256323806324               17
   1.0823649569973592               16
   1.0963843919154892               19
   1.1584744778324882               18
   1.1388069077981258               18
   1.1326882893441190               15
   1.2280985900643073               18
   1.1885049002344428               13
  0.97821159233806876               20
  0.95860306083296931               20
   1.0523982922511383               15
  0.92532997418318308               20
  0.86133148036060458               16
  0.95787905899623638               21
  0.65815733179575531               20
  0.82444726739913332               22
  0.94352009054316499               19
  0.95461223392187822               16
  0.74442127662816826               19
  0.87839147624127845               20
   1.0394473421218298               20
  0.78372092470452537               17
  0.78768046044749429               18
  0.77986718082310402               20
  0.87357721374138020               20
  0.93836138288303494               17
  0.62322092593074097               19
  0.66155715160032902               18
  0.80483628430177567               20
  0.86135877413854045               21
  0.95862795988179883               14
  0.51278231889687209               19
  0.80576136279560751               21
  0.95274932467518358               15
   1.0488029257284015               18
  0.55634185457314378               20
  0.72750610931387560               21
   1.0474491093373075               17
  0.89130004423034592               17
   1.1348267432870467               19
   1.1180913110634174               15
  0.92437512681108946               19
  0.97896391635218005               20
   1.1006924676372520               17
  0.91669583355893713               19
   1.1820250125956715               16
  0.88649192543805522               20
   1.0272156283664933               15
  0.91391090162687361               21
   1.2190108747689747               18
   1.0578613535132388               19
  0.94500699417063239               20
   1.0453295542652414               18
   1.0277489908016706               20
   1.1818991624166049               18
  0.94008006241631770               21
   1.1402307879357969               18
   1.0292812763117103               20
  0.91736166040525546               19
  0.81516968061567530               19
  0.88220389784662989               20
  0.62083984097580158               19
   1.1134011468563170               16
  0.93980656830196385               20
   1.1134525935534165               16
  0.64595445010307162               14
  0.67418467551977312               22
  0.83069036879474989               21
  0.96568302676210871               14
  0.98089044019685456               16
  0.86112336330556905               20
  0.72048149805753425               22
  0.89052968719805992               16
  0.67378742418098314               18
  0.90662198512227399               17
  0.44736024215704528               23
  0.96638754313529918               15
  0.59196036580575617               19
  0.32972145376603801               19
  0.49749550996414155               26
  0.77666413794299405               21
  0.98203965355196821               18
  0.69263641026879386               22
  0.97243818464643483               15
  0.82730947407395861               21
  0.59832855388470352               21
  0.38813614628628706               19
  0.98026723377036151               19
   1.0045969457472053               16
  0.97034944084689190               16
  0.47787810025937355               23
  0.98771641566235957               15
  0.98747190089033221               20
  0.74718078047969905               23
   1.1689828852251629               18
   1.0005189799927037               21
   1.0099993545734360               17
   1.2988382464964863               17
  0.94750550927224819               20
  0.93940874568768151               19
   1.1885884586843647               18
  0.97686070740464748               17
   1.3140273685579023               16
  0.67256730650176177               22
   1.1868449976216358               19
   1.1545055665974473               15
  0.59347699233168794               20
   1.0708340442151203               19
   1.2771218543334895               16
   1.2291430539205033               13
   1.3417639147753424               14
  0.97862116099078678               21
   1.1614602885386986               17
  0.58267669482076179               22
  0.80456045575269819               16
  0.56867286123120309               19
  0.76934244126061235               21
  0.78097694189482014               19
  0.80610720999391750               22
  0.90343095879136659               20
  0.82782008823616859               18
  0.83506894219022221               18
  0.82986441864231786               20
  0.65307938319525050               23
  0.80617412916728881               18
  0.71375228486845832               18
  0.59117643420612520               21
  0.90067771274054953               15
  0.79807002891722012               20
  0.73186960971792037               20
  0.90358964754421800               20
  0.98454959158951161               15
  0.54345982515250468               19
  0.76949766294140509               17
  0.89486864167559932               19
  0.78933358197016201               22
  0.61806594781420454               21
  0.51789839350646982               19
  0.66247272002192059               24
  0.87358743126940652               16
   1.1543096838840465               18
  0.83845306988668211               20
  0.80065238324792587               21
  0.80118569125127193               20
   1.0736956590489759               16
   1.1554241004256545               20
   1.0565176630179225               21
   1.0741099953030178               17
   1.1097760839764792               19
   1.2324199790947261               16
   1.2931222204475117               18
  0.95739577538183540               18
   1.3080971543255306               15
   1.0159044651629223               18
   1.1973893027977871               14
   1.2339265722031285               15
   1.0324286247558032               19
   1.1741440275660684               16
   1.1922342165877073               17
  0.75032553440498828               19
  0.96451212850795809               21
  0.99958457493648845               18
   1.0027850743237183               14
  0.80078921663146874               22
  0.94248682193200006               21
  0.90197722296225169               17
  0.72286901800662640               20
  0.87787585341911212               17
   1.1875337601948608               12
  0.72839530503282957               18
  0.98523688321633918               19
  0.85675631392876739               20
  0.91318247235583372               18
  0.43371753649386430               23
  0.53243211088541675               20
   1.0175449748246082               15
   1.1488378143799200E-002          21
  0.94691016090114299               18
  0.43418705791916562               21
  0.97333881263910560               18
  0.44009509303972644               21
  0.57682012231857138               21
  0.77910095615605279               18
  0.76325163107372351               21
  0.79606266721178565               20
   1.0680734239163256               18
   1.0052492912110500               14
  0.57625180000849707               19
  0.57028284026584031               22
  0.96973581565663391               17
  0.53175010853073712               21
  0.75980813866387997               23
  0.67449482421108831               18
  0.80634051820381136               20
   1.2125604281744595               19
   1.1054173965005465               18
  0.88833330405497735               18
  0.92694609845734155               17
   1.2126770317318780               21
   1.2946715762262577               18
   1.3417631439523969               16
   1.1691031225747921               16
   1.2907832845808183               16
   1.1131334639140360               16
   1.0023658483758160               21
   1.2393204617483533               17
  0.94970088159155086               21
   1.1398914616196016               20
   1.0402478610369217               22
  0.95457850193731653               23
  0.88705542390712333               18
  0.71167798766477730               22
  0.99007144985916773               15
  0.71735610628405355               19
   1.0711765553566333               16
  0.62263365154442118               19
  0.72577673193206804               24
  0.77019838731636325               18
   1.0984190011117076               19
  0.51063978309852276               21
  0.80444149586135272               23
  0.73438201709560369               21
  0.66851036936025277               18
  0.81912782787835925               20
  0.77029863929160791               22
  0.63921847465393955               22
  0.38973968095036782               18
  0.75272750526745491               18
  0.37561694002119339               15
  0.41071503935073611               21
  0.77058030527320476               22
  0.68193697687790289               20
  0.71319129700385220               21
  0.56135304984846246               20
  0.76548320944515635               19
  0.72071271226322742               21
  0.53537770528420570               23
  0.91950085369219869               19
  0.70547693501939002               22
  0.85963580015686658               19
   1.0871806303290596               15
   1.0232533165071465               20
  0.65166502456491882               18
   1.0021153580977060               18
  0.96198570604749822               19
   1.0032003323651373               20
   1.2333236415141218               16
   1.2477486484517690               14
  0.98269764085904954               16
   1.1247155044832451               16
   1.1187646767228674               15
   1.0806555460223182               18
  0.92964274106182532               18
   1.0249256532389246               19
  0.99660160466929837               22
   1.2255434326600465               16
  0.69459107039327395               22
   1.1065470370509225               19
  0.58964213121486453               20
   1.0448293007683223               18
   1.0750220987956582               18
  0.61044054855480245               22
  0.63556321675193705               20
   1.0357568686866478               13
  0.85096036448575785               18
  0.49542544499462576               18
  0.67418370436988029               23
  0.84121108480567930               18
  0.60421390344218628               23
  0.93018212262184330               15
  0.90358416110313300               19
  0.96540469547914254               14
  0.76868783340238800               19
  0.93124799094465482               16
  0.83919469966303772               20
  0.69066821298320979               20
  0.38348744280600633               19
  0.32458289175255028               16
  0.93868282532893166               20
  0.70800774452126558               20
  0.55462575286467120               20
  0.62354574204014335               21
  0.68013207249118701               21
  0.57347928411336224               22
  0.84125439833110394               19
  0.65155668264325484               20
  0.79774374688552852               22
  0.56198945257237309               17
   1.0076939062362174               16
  0.71913734380702476               24
  0.97932865162458860               17
  0.82388484335114065               18
  0.79146043389505227               21
   1.1263481899565120               18
   1.0338968922770035               18
  0.71110190994831723               20
   1.2409272733959402               15
   1.0063894081769607               17
   1.0172914793982126               18
   1.0041269424310124               18
   1.2119610392188078               20
   1.1806379502119519               15
  0.88495192409037982               17
  0.82120540708450929               17
   1.1305146149673269               16
   1.1185621048561503               19
  0.90218715644492598               18
  0.97414363746277632               20
   1.3076927658835973               15
  0.96522170258670870               21
  0.57529494280588589               22
  0.86132806444468846               14
  0.90686105554239049               19
   1.0819595451534829               17
  0.61474587975930439               22
   1.0606670905278006               20
  0.84970770820010544               18
  0.42509042032585576               14
  0.79310853917719348               20
  0.82586353756316999               21
  0.97552179345361301               16
  0.95056431931535146               22
  0.70887917016202007               20
  0.88851861444444868               18
  0.44943488794071840               22
  0.51706765270191124               23
  0.53936316030761788               23
  0.72691835370994906               23
  0.49455177387777310               22
  0.66484319018992921               20
  0.31160093122887983               18
  0.44238186542291280               22
  0.74868874006203945               23
  0.47030036566342870               18
  0.64278217384789005               19
  0.68049861396329958               22
  0.50723885597899787               23
  0.92270618484686873               16
  0.64353452494723518               20
  0.86785532079733929               20
   1.2116888302842286               14
  0.95857376675709738               20
   1.1016407349154185               18
  0.98361489168908678               17
  0.63727081460708024               17
  0.85860942105327631               21
   1.1475788777089420               20
   1.2604994507040608               17
  0.97365187724554569               18
   1.1495018731532689               17
  0.86826765698205421               20
  0.76548228393917839               21
   1.0407033841784257               18
   1.1396775309321061               17
   1.2615962211970921               16
   1.0757066213371933               17
   1.1655261997403568               16
   1.0118361561979468               20
  0.94856118143107571               21
   1.2177710218528131               17
  0.85032076755997910               21
  0.84224255708831064               19
   1.0168830869415579               13
   1.0222720978303017               18
  0.76324816853106425               20
  0.75464443172836904               18
  0.75432027746003416               20
  0.90029280698398495               19
  0.45580270608175072               21
  0.41969046440283048               19
  0.79793100579471465               22
   1.0088640471566275               16
  0.87677919021452955               20
  0.86632114814182004               20
  0.38072460181568263               19
  0.42924804442988079               20
  0.47627996563540781               19
  0.59405768667413972               20
  0.58632695399891988               20
  0.78898796146258598               21
  0.69921392516472392               20
  0.43272387115377442               21
  0.88790698214263630               17
  0.74941032756891435               22
  0.81271472823449920               18
  0.87522187786274475               16
  0.78357638563384058               21
   1.0618003738585036               17
  0.52177651960433424               25
  0.98764884552511678               15
   1.1116132725131072               17
  0.92096859842660750               18
  0.58973592147579046               17
   1.0433398914602412               16
  0.73734116003934269               19
   1.1857673817014847               19
  0.94523328427718978               19
   1.1481768796304308               17
  0.86354468526908368               23
   1.1155290637155817               19
  0.88933188005933816               17
   1.2656144703629197               17
  0.82136371355736126               17
  0.90343252712472633               23
   1.0049205301198816               20
  0.97604908399332757               21
  0.79711696321965853               20
   1.0327692432789677               16
  0.65668375287592662               20
   1.0609163391512055               20
  0.95507808162790941               21
  0.85242707684869290               20
  0.95994792483955338               16
   1.1361029946288821               15
  0.57771691885635901               20
  0.44161585707596152               24
  0.14701432465944614               15
  0.93999390756165602               22
  0.75696107178786154               21
  0.72564656713007314               22
  0.68908961388599188               22
  0.58773874158278838               20
  0.86936135108989965               21
  0.74105570724222414               19
  0.86160979400499849               20
  0.29880569640191068               16
  0.72473800523112986               22
  0.45727468809286603               16
  0.89883265435454007               19
  0.78191704547825791               24
  0.53837296684334091               23
  0.25694989184075545               18
  0.67799829641683018               22
   1.0706670478091818               17
  0.96158545116487404               21
  0.67012976072973696               19
  0.90439749071787245               18
  0.73446260327896495               23
  0.90010023208594980               25
  0.62209177313073227               20
  0.61479676101449043               19
  0.51789577462672054               18
   1.1688409596668248               17
  0.80116328155200967               22
  0.80633860410329328               21
  0.68702180810199076               21
  0.89737929572419328               20
   1.1078620633176470               18
  0.82481679615235259               20
  0.87311841881638497               21
   1.2726944111522098               19
   1.3127611508321504               14
   1.1236270656326710               17
   1.2002313831005984               18
   1.1452244619327980               18
   1.0243113060172020               22
  0.74058565398360809               21
   1.0866520635771926               20
  0.75199387680508667               20
  0.76294092775330347               22
   1.0928719643192821               20
  0.92673336753976587               22
   1.0031250484899641               19
   1.2521207351566002               15
  0.34045068233779213               18
  0.82136145114322678               19
  0.65143982335765760               22
  0.75199163372600475               18
  0.89717451299800688               20
  0.67883865064917959               18
  0.74455838709745148               20
  0.26567224995011596               17
  0.49526806929360262               20
  0.72403188136120722               19
  0.60205146103045459               19
  0.63952957873005356               21
  0.69058709424108955               21
  0.44023501638474644               23
  0.43297857559946917               20
  0.29952687486534657               21
   7.5898507769617859E-002          21
  0.58774027210350877               20
  0.54552082694102588               20
  0.63202383346847946               20
  0.40100353058578209               22
   1.0610796470217916               15
  0.54303212689978797               20
  0.95035876349013493               19
  0.94355724763633464               20
  0.97668538229673352               18
   1.0292892212692490               20
   1.0050409000510623               16
  0.85229703891983000               21
  0.90167996300086495               21
  0.86675805761716573               21
  0.80535049854506835               22
   1.1306226473114713               17
  0.86643481304102710               21
  0.73458821994584356               21
   1.1600328049941961               16
   1.0711021899280480               17
  0.90839672192391707               19
   1.0096381985334952               20
   1.1246418861598855               17
  0.75821675891784379               20
  0.90990936850056503               21
  0.87388134910907489               18
  0.80417801325950711               22
  0.71624680867030766               17
  0.86665193105796945               16
  0.51133272183555145               23
  0.71170871026874971               21
  0.89734488853710859               20
  0.84663818162205895               16
  0.73769213132534850               18
  0.83923195494126590               22
  0.65986089214487575               23
  0.22525915099912877               16
  0.74362244337979977               21
  0.31762209573319311               20
  0.45659306459499888               20
  0.47249841251821828               22
  0.75871202800526516               26
  0.33303952529569947               17
  0.52142955091723409               25
  0.41096239359683684               19
  0.58795587852754072               19
  0.56000327665267757               21
  0.31167415589409575               19
  0.35461241613501604               21
  0.76033146653185579               21
  0.54747772889257018               18
  0.73410868257067874               17
  0.80740233024096464               22
  0.57454163579845152               23
  0.46981003289868878               15
  0.69493886513181402               18
  0.72457227547289238               22
  0.68229930656869575               21
   1.0020328203914992               16
  0.47508338453693633               21
  0.93420419333875526               20
   1.0395879179787393               18
  0.75379253026491044               22
  0.72106606031476694               19
   1.1868914229098040               15
  0.60595086413444021               21
  0.69500284145366187               17
   1.1282364523290964               18
  0.81751576729754072               22
  0.84503247664363557               23
  0.82808015176916339               22
   1.0549587556922331               20
   1.0559197164332603               20
  0.80420372896310088               18
  0.88027296776451802               19
  0.89508009156121082               21
  0.80614865570701078               18
  0.83090816579223303               21
  0.93217144806949603               19
  0.68916116983555920               20
  0.99938450193853334               20
  0.24536843071360678               18
  0.48980800733246249               19
  0.50153703002255146               25
   1.1328602970181858               16
  0.66160016624601636               23
  0.89208357010378392               21
  0.41187644657963779               22
  0.59159076851965575               19
  0.74717176428831467               22
  0.66429095120746795               20
  0.48208443460723743               17
  0.17391394035924865               16
  0.51781654184491832               20
  0.34824440010800978               19
  0.56110697256662889               22
  0.91095615898629767               18
  0.71421131503556645               20
  0.21934202697313446               17
  0.36359469117127879               20
  0.80876186313758780               19
  0.44120107951457282               20
  0.55476096160140798               21
  0.84466693243022473               21
  0.46476360446580894               21
  0.59058954466653790               20
  0.96321752195144383               16
   1.0625847406448745               16
  0.77746439299612169               21
   1.0644044466974369               19
   1.0281469870309432               19
  0.71513017330022766               21
  0.83775805566734229               19
  0.81168797188056641               22
   1.0071361467096436               20
  0.83361141110613679               18
  0.66694880427725756               19
  0.97900813256685726               19
   1.1204860092883793               15
   1.0727652518280819               16
  0.81833831961639747               20
  0.97876262339478470               17
   1.1709198256403772               14
   1.0106108631403510               24
  0.74236114626761962               22
  0.87027738583403125               19
   1.0862095770648803               18
  0.32150821979133465               24
  0.73198823281032099               19
  0.83924140574934725               19
   1.1534051055525991               18
  0.64518919307625777               22
   1.0840226962661905               20
  0.62315223424525157               18
  0.56769990507556722               20
  0.79041506131694828               19
  0.52261397638156259               17
  0.69052881170691771               21
  0.52671105749932667               19
  0.34516231515950319               18
  0.71235384433672821               25
  0.46716395751859086               24
  0.40112934017104612               14
  0.50272177850408750               21
  0.66416287554832465               20
  0.16282062722905469               19
  0.63297016167635689               19
  0.68265746857806497               22
  0.33672848327158356               17
  0.52482210168262167               19
  0.35281197517668739               20
  0.21463846350699603               14
  0.81688906319837151               24
  0.39642836468548664               17
  0.60590848172046496               20
  0.74260995946857422               20
  0.92676579818712990               22
  0.36813015394222198               19
   1.0196908325446861               16
  0.81576439768991449               22
  0.66813566679027470               20
  0.41556083691474288               18
   1.0257934149324572               18
  0.83091813423872463               20
  0.84283819566640328               20
   1.2121028484023781               18
  0.65731185674010029               21
   1.0104549637651317               15
  0.92208245887670814               18
  0.85139794853904349               20
  0.74900669776031292               19
  0.93307193147290057               21
   1.0209015429878789               20
  0.92751676884713163               19
  0.95723357193518388               16
  0.87120373154991848               19
   1.1133731078453661               17
  0.72343791511542954               16
  0.64528772254980860               24
  0.58233974492939500               18
  0.92033060911697750               20
  0.44889270218458399               22
  0.62543942828244337               19
  0.92745757780065508               17
  0.56635164598687915               19
  0.65569525240398296               17
  0.57602553669077461               22
  0.61749519369006856               21
  0.92170352865247618               19
  0.37149819077998969               21
  0.41531337341556634               16
  0.62214031278758841               18
  0.26902924570276820               19
  0.39224417774233022               22
  0.57827263941452955               19
  0.70481157527315397               18
  0.46344408985966579               22
  0.53756636797416180               18
  0.35708434602166661               22
  0.80386246325326283               20
  0.42066925396870075               20
  0.59910163691840757               20
  0.79610954701850190               21
  0.65403411334375505               21
  0.42691854722870232               19
  0.45938733245558167               18
  0.59166193082756180               20
  0.67933272762844132               20
  0.73929926317028694               18
  0.69855112691269949               21
  0.84003840786721062               18
  0.75078913062577390               20
  0.77008061685827578               19
  0.97077728582200917               16
  0.50762966051720304               17
  0.34136746349707514               20
  0.80560880972033810               22
  0.95075466592651836               16
  0.96008427686925379               19
   1.0684203426725918               16
  0.88621608190246892               19
  0.65405159122467293               23
  0.42572961766035516               18
  0.72037610797631124               19
   1.0801394241133733               17
  0.98803306818176628               20
   1.0432601823136345               20
  0.53563469171179501               21
  0.79397924239593998               21
  0.72527557662800757               20
  0.72441809503531363               16
  0.39449342319220793               22
  0.45059473080131457               21
  0.47207531771208938               17
  0.48869116951853603               20
  0.60595521273028807               24
  0.66835832099914882               17
  0.41430335282746122               19
  0.67276336108595369               17
  0.57891789971380037               20
  0.51565961876964217               19
  0.24596018051228574               18
   7.0935455896694824E-002          19
  0.37707781506030053               20
  0.26011377297102778               19
  0.59927861508766711               19
  0.38783785100367835               19
  0.39899409542572700               18
  0.44697919634816913               21
  0.25088929823658551               16
  0.22656554608319149               17
  0.32403394935076013               19
  0.88264327970259981               21
  0.35468565734954599               19
  0.74197820315361829               22
  0.66772452023837547               20
  0.66268495922840842               19
  0.60170137385067313               20
  0.90203240357831704               22
  0.34444574687840013               21
  0.71725997448341894               20
  0.40276793279453466               19
   1.0606888820705065               19
  0.86643213273142272               19
  0.80561503483942842               19
   1.3511927230149601               16
  0.75540330335230887               20
  0.88839106689085179               20
   1.2273690002107442               19
   1.0527835443237639               18
  0.97883756810397238               14
   1.0589654623948539               19
  0.99215160166690530               19
   1.1013364058826529               17
  0.45007741108359950               22
  0.90940610487311080               18
  0.63974533127627431               20
  0.71788766128018955               21
  0.88244422124398336               21
  0.72258332039140172               19
   1.0246345142467006               17
  0.70864761557989009               22
  0.36986762417535141               19
  0.67938955310024529               21
  0.10369531892717616               17
  0.86675148765766297               21
  0.60972647031159344               17
  0.46617004227547126               18
  0.57201044993124495               19
  0.51576329754308603               23
  0.18472250770199963               20
  0.51594713711226414               22
  0.56146370554404190               18
  0.29000009166871288               18
  0.10360894217089021               18
  0.49420473894964989               22
  0.64183045503055569               18
  0.19291052993190094               16
  0.71648152131501708               21
  0.67835766871095848               20
  0.51833061391001756               16
  0.39890812820929733               22
  0.32739069394610470               18
  0.71351146118918918               20
  0.56216333948936759               20
  0.83648942978792185               22
  0.92610369362589084               18
  0.28449119536703932               20
  0.58567823243835038               20
  0.65881113672319114               20
  0.62884489420663114               20
  0.91551863282747437               18
  0.87783178295241782               20
  0.77975788524519907               13
  0.97844518650860068               18
  0.70848252103222420               20
  0.62355086465318454               18
  0.62778401033821885               21
  0.93394344243203142               20
   1.0179677149213560               16
  0.88636325797696358               19
  0.92225293294492794               19
  0.87805883606993995               20
  0.78002192303760487               15
  0.91337119946177547               18
  0.71761252399953146               16
  0.87338494540443024               17
  0.96101121645440135               20
  0.70775238336359481               17
  0.85928490968078297               16
  0.76400811122998180               20
  0.37059819599100502               19
  0.56915065259644193               22
  0.38734485079637232               22
  0.48388798339610029               21
  0.52353726421034019               21
  0.61838299007645869               24
  0.35963013123401760               19
  0.26692016514252559               20
  0.21142923779833037               15
  0.71657662615840112               21
  0.68773143189492125               21
  0.20939780248418083               22
  0.17572142901092574               18
  0.52388267177151748               19
  0.36694506871057414               20
  0.27508621841858011               17
  0.64072400038989963               22
  0.44981868549218801               20
  0.55150304171008435               20
  0.33814691970134392               19
  0.17342862200551887               17
  0.27229849132512701               19
  0.78789918751796562               24
  0.71960567617430604               16
  0.46505696829857035               18
  0.30900754129993008               20
  0.50840739653002787               19
  0.42959092380232039               24
  0.82843240935104534               21
  0.89331775910773814               21
  0.77494631579514661               20
  0.69897727389948294               20
  0.95882786886977833               18
  0.75015533857329819               19
  0.92867735421920061               18
  0.87950971568307512               22
  0.96206656673529356               18
   1.1695979594585175               15
  0.95109196356108494               19
  0.66170283881504099               21
  0.65557244464767328               18
  0.79596415045507907               21
  0.76424701037900755               23
   1.0161205927472894               19
  0.82737885341550821               19
  0.86413001047686089               22
  0.91023924408248569               18
  0.51650550293776265               19
  0.57378893461869707               18
  0.78476792626101188               21
  0.58631562486832067               21
  0.69971060928211837               18
  0.88541488690020587               17
  0.55011227577956234               19
  0.55483302476181784               20
  0.71579719818458287               20
  0.61121049071891220               19
  0.54827359120235475               18
  0.16487093189491589               18
  0.15021412257013100               16
  0.59698091657912478               19
  0.70907359767646461               21
  0.42040542851473200               19
  0.43890029342675135               20
  0.11889711450982822               20
  0.32405356284372111               18
  0.49367259601248448               20
  0.53061653861740099               20
  0.24797879375107570               15
  0.19708634493322252               15
  0.30369439311695123               22
  0.66889998217376401               20
  0.46031627756022953               20
  0.92689873575434567               18
  0.54215671300223656               22
  0.65557569591384324               23
  0.96335993572142231               19
  0.93304926549663225               17
   1.0133649272177039               16
  0.74657296655801364               22
  0.76537921046131119               23
  0.78169249096384663               15
  0.94557828987710413               18
  0.84757436286510246               24
  0.99618385243730223               18
  0.60174036819391763               21
   1.0474239720634833               19
  0.91531423463193606               17
  0.78981682679180865               25
  0.51397756341132528               18
   1.1821420381780061               19
  0.76561621363682864               19
   1.0289334526476648               18
  0.98508150230570302               23
  0.65658216447668716               18
  0.88145344416961469               19
  0.66707143605793973               20
  0.70686566656331251               15
  0.41570077983179632               22
  0.37907886494964554               26
  0.57104464718817582               20
  0.40490292285419360               21
  0.63589568192266999               15
  0.77361249966208123               20
  0.39071593022701367               21
  0.69835613522199702               21
  0.48445023466129089               22
  0.29578256917431989               18
  0.20482720108319674               17
  0.56096700110345410               20
  0.53086630567708726               18
  0.29177516646850310               18
  0.38854445857882930               21
  0.48740466687576739               22
  0.37169256452544741               19
  0.14385694874766994               18
  0.50910922010183179               19
  0.60760001272716002               18
  0.35596117744696049               18
  0.36637666864616697               17
  0.53052202296191653               21
  0.27640933306857757               19
  0.65721341329421479               17
  0.28448446830297991               21
  0.56819310548316482               20
  0.38429195577298902               21
  0.71729090361409897               22
  0.34536418326184487               16
  0.72168576813170771               20
  0.53657178361085456               20
  0.85673921361778205               21
  0.91345622926273073               17
  0.67907811046283417               20
   1.0503581953156076               16
  0.85135642548993573               19
  0.70450641720154783               19
  0.96369616740654751               20
  0.91283793802113444               19
  0.99106825377908625               17
  0.89236723225245040               20
  0.62108038669440457               23
  0.83901602067757552               19
  0.66574166348268982               18
  0.83909765027474825               19
  0.95958653819800455               16
  0.50783272527278023               21
  0.65082709498774605               16
  0.28945969975375802               22
  0.54766724565495428               18
  0.28162917609577187               18
  0.52980151825117905               20
  0.42567194243277973               22
  0.59005097351150304               15
  0.77539716246632795               16
  0.65769760897783025               20
  0.35874823994364957               21
  0.48428460964912290               17
   8.4972838126295247E-002          18
  0.45188240858258333               19
   8.5978192691899644E-002          18
  0.22251552045760611               18
  0.42409401419873116               17
  0.19143588548072563               23
   2.1509333938566827E-002          22
  0.29422066186521378               19
  0.56342946060696342               18
  0.31379514550710530               19
  0.28000702671935218               18
  0.20497727878926444               18
  0.17990613530896768               21
  0.82155331757440508               17
  0.50286082661961429               21
  0.24657094897029971               16
  0.57519241706512936               20
  0.39966587800093917               19
  0.59108492440106108               21
  0.65126778644446037               20
  0.59159126026251074               19
  0.72615273433896732               21
  0.53248597563970046               21
  0.65268643475707377               18
  0.52037041991980859               15
  0.71911020527450542               19
  0.85324703210521546               19
  0.65308160993617825               19
  0.95135050984745528               17
  0.95491960256106778               18
  0.93394915682334601               20
  0.95818828545260659               19
  0.85119980443742993               18
  0.93258139416916774               16
  0.80549161877986697               17
  0.66897396063955261               17
  0.75275575146968088               17
  0.71994139885036823               19
  0.57513507270764563               20
  0.84276643130515994               17
  0.92474792512145720               19
  0.64639598090587913               23
  0.67171323297818764               23
  0.77594162270162870               20
  0.66407708778744179               18
  0.50113745337810112               19
  0.86202648029095519               18
  0.73459635231757869               20
  0.32841939017022032               19
   9.2091826376447389E-002          23
  0.18045659893054000               21
   9.5342931224714336E-002          18
   6.0976691631600598E-002          22
  0.35544864356914996               22
  0.38158966669050309               20
  0.53273210285301376               20
  0.11564773610227817               18
  0.59229061199978783               19
  0.35882302690213735               18
  0.36893931998124657               14
  0.34165752623225787               20
   5.2480971819920612E-002          20
  0.46299992222465391               20
  0.15863296261514959               24
  0.40604729609093271               17
  0.46202604897988570               15
  0.44856885889226128               20
  0.54044472383344022               19
  0.44150179943123707               17
  0.32983502369982248               20
  0.31703765009627333               17
  0.88902567912579389               18
  0.47443232842428312               20
  0.47986177936198032               18
  0.80135848474084792               24
  0.87414777478471029               20
  0.79227619632196089               13
  0.64422460955884830               23
  0.86075786103693164               17
   1.0297912794394359               17
  0.84716263133656033               17
  0.80430598536424025               18
  0.90442204924293312               20
  0.54663979733072077               18
  0.56648463134186366               19
  0.84977445152773923               22
  0.81470740669482455               18
  0.82789449784340596               18
  0.37921569458453441               16
   1.0190864125051120               19
  0.81413478636872294               18
  0.83408923959912906               20
  0.95151248325380955               20
  0.25253031921650437               21
  0.96916852616649218               17
  0.69269575134836525               17
  0.96159050649455735               15
  0.63225234079479142               24
  0.40070657570293772               19
  0.52871237066760013               19
  0.55639297368537655               21
  0.40475238966662352               18
  0.53721147016385196               20
  0.38877279304021051               21
  0.10549152913694262               18
  0.15257457837496471               16
  0.12377135388388943               18
  0.14845742370707057               18
  0.20725437109536807               20
  0.23779934079067899               16
  0.28827156455646841               19
   6.1701988194331571E-002          19
  0.29560054923819401               20
  0.37305083015358920               20
  0.22106213134717828               17
  0.40051702820759127               17
  0.59053850678749675               18
  0.54729156890707809               19
  0.35405525565617746               17
  0.63847696060620340               23
  0.28268397949881641               21
  0.66583097710524231               20
  0.62691992643351191               19
  0.56739676951344797               20
  0.46195849761345270               17
  0.62822013460519810               18
  0.83477857243161679               21
  0.76405450025292609               19
   1.0962593094673783               17
  0.84561480854767668               16
  0.79118342008649167               15
   1.1003689091372657               18
  0.40853671482250864               18
  0.94469071173933827               20
  0.84476803687609925               20
  0.92915860493745284               13
  0.83586848233077349               21
  0.90439679551897301               20
  0.98220378757056281               13
  0.76801116029636884               21
  0.66299738879352621               16
  0.53584913684157853               20
   1.0837074783968863               18
  0.21429532312135482               22
  0.65951236000467495               19
  0.79251901173869099               19
  0.46277317953839342               26
  0.30386281813943172               17
  0.57270845105942148               15
  0.62293068974487620               20
  0.35823075725086884               22
  0.40076797515606244               22
  0.50790939241266808               17
  0.24032164177780146               18
  0.21261667681386845               17
  0.40880108215538363               16
  0.46547897472312616               18
  0.23185047865927141               14
  0.15410441126960014               21
  0.19396359051639289               17
  0.39163428626219171               23
  0.18631560788063603               18
  0.67358701671281240               17
  0.33631478621467154               21
  0.59656600306233931               23
  0.78704437243956160               20
  0.47510926578695828               18
  0.14212354045405692               20
  0.38802254353733645               20
  0.48593652613163790               19
  0.67612058944205122               20
  0.82480922225937703               22
  0.68614311582854437               20
  0.32036507501149614               20
  0.71607143760358649               17
  0.83491822592422149               20
  0.80310439623109775               21
  0.84556087618850695               19
  0.87745711286384742               17
  0.74234351179551217               16
  0.61696529926106514               23
  0.90042101045622447               19
  0.56218066733414152               17
  0.81927421929207800               18
  0.68950870222597194               16
  0.83812393278215780               20
  0.94108359545602294               16
  0.96316646182597154               16
  0.58876066896547585               22
  0.59828729024917182               20
  0.68158031992050550               18
  0.76571018323211004               19
  0.48426777731929166               20
  0.30307835556059021               18
  0.56975038719642490               17
  0.47936313875951214               22
  0.72156367599163174               19
  0.23438642732220594               23
  0.68565462141763145               16
   1.2269616943394717E-002          18
  0.46753977983343714               21
  0.31672049453113454               21
  0.55167915627090824               20
  0.32513405691941805               19
  0.44168860989546205               22
  0.52352407583476324               20
  0.23491123851285195               18
  0.16977717936037989               20
  0.63182695438153347               21
  0.23251182035742063               16
  0.31759082382132403               18
  0.48662420195250394               22
  0.18501760462605779               21
  0.12964908986584200               20
  0.40901586784160682               20
  0.32511464118613032               19
  0.25388409542781848               16
  0.33698624659256388               20
  0.75864354204620477               21
  0.51990580799734332               20
  0.39928633176389222               20
  0.82988683032828836               18
  0.32231691004640189               17
  0.59232053734593015               23
   1.0041526381220651               21
  0.57925378832852104               20
  0.39975873272380424               20
  0.88341493069368082               20
  0.80125817429924440               17
  0.47812100318175416               20
  0.87225709053086775               19
  0.92959064316422613               19
  0.95797721926879953               14
  0.73039488220660698               20
  0.88667239185008173               19
  0.93947833454077379               22
  0.99287583163079829               16
  0.66167981971992718               22
  0.30716735740993195               17
  0.54613949928761829               20
  0.58585045186704587               19
  0.64640151696969150               16
  0.66368578405116119               19
  0.69897424459077095               20
  0.47968244528901066               19
  0.24752703445002552               19
  0.55397931404767065               21
  0.60943055827113546               22
  0.64049570199333405               23
  0.62451450215204118               20
  0.15688027206078262               18
  0.59910533435887381               22
  0.18814083722305419               17
   9.9287912398001749E-002          18
  0.28560957787193736               22
   9.1902410301827844E-002          18
  0.27963869727583385               20
  0.35536151455079235               20
  0.20878791416860179               18
  0.47614019933177293               23
  0.29181644590311379               21
  0.52179197156114276               21
  0.53234145244111053               18
  0.36267028233381365               20
  0.24589787359597803               19
  0.29309545895958361               20
  0.35379350148259675               20
  0.32831214841921874               21
  0.58263246994166196               20
  0.26839153957397649               24
  0.14331659432326965               19
  0.63908865473935783               19
  0.20831135201939652               19
  0.57392259673485724               20
  0.74353688555403119               21
  0.77412517070327957               19
  0.80595915361093295               18
  0.98699967447903381               15
  0.95370905663653416               16
  0.78940028878674584               19
  0.56266067933397212               19
  0.97932759887960541               14
  0.59854038824140188               22
  0.33505504435710909               21
  0.94471727608632239               21
  0.78225115084415764               18
  0.82907212051540369               19
  0.84280169745793398               22
  0.54425618489395888               20
  0.68161596489369258               15
  0.68533563382008511               17
  0.56586463815704591               19
  0.53284919868044645               21
  0.82920589285936586               20
  0.73258310203803612               22
  0.30843352782287803               17
  0.50037135517725595               25
  0.75521478532510977               19
  0.29989686729194531               20
  0.45559281681299635               22
  0.35342517630438486               19
  0.21214566988330893               21
  0.47567213415307580               17
  0.53522822530319125               19
  0.46280402775183327               19
  0.24204001897701038               19
  0.52207467180295775               20
  0.16240166598691494               21
  0.48089360138032711               21
  0.10935321768007440               17
  0.17922277220608870               20
  0.11246726812477213               19
  0.45702882368290615               20
  0.60193519893245850               21
  0.10903875853628592               18
  0.41166916336735671               19
  0.32598648642248090               19
  0.61447993552215951               18
  0.39926929410532125               17
  0.31716614186041847               16
  0.56594046550605503               17
  0.34993705004176345               21
  0.36015102182239545               19
  0.70995551348828845               19
   1.0410773815291809               21
  0.76492099443880801               22
  0.52854156777916050               21
  0.87470615516794270               19
  0.79486747041788108               20
  0.75810315635938808               17
  0.97751810603287548               19
  0.82938659629744993               17
  0.60253505058631573               19
  0.60299594651917565               16
  0.96783943523729066               18
  0.86031850432546708               15
  0.93468512336166332               15
  0.72024735663465345               19
  0.65553175953558085               21
  0.92510545582566672               20
  0.44614486700514044               19
  0.52763486075683608               18
   1.0574103811803772               17
  0.26462036010747503               21
  0.30148829187916032               21
  0.46999353349843503               19
  0.35792188310236650               23
   8.5609757740903139E-002          20
  0.40800769757008781               23
  0.43972991638380055               16
  0.67293840089757473               19
  0.34926121992508213               20
  0.64233977560184830               18
  0.40376034681292339               18
  0.10282586003445519               17
  0.24402396132117571               19
  0.21966856821406808               17
  0.40239432588610835               20
  0.34708231894528302               18
  0.39734354544475087               18
  0.15195941946194952               18
  0.25180450008233368               20
  0.40421998891530547               20
  0.16548531441806896               19
  0.52226589157483094               21
  0.12072790680506078               20
  0.47774305511573018               20
  0.11020568851115335               18
  0.53155586590505821               18
  0.15011266044582339               22
  0.32222597136197834               20
  0.43799366844605608               18
  0.58280310749193043               23
  0.60993616317389221               22
  0.36027884003060345               18
  0.79276943755944029               19
  0.69589496755863456               22
  0.70401110367590436               18
  0.98467296499570123               14
  0.93778276914692238               20
  0.93984759965214371               18
  0.71425257624053151               21
  0.81965045047455976               19
  0.93566682071412677               17
  0.81690661072652282               18
  0.64324874282508138               19
  0.71110120314249703               17
  0.74362005222346605               18
  0.81372733626624416               22
  0.78403946707878824               18
  0.84074268977048439               18
  0.82213338401951386               16
  0.75290967023719468               18
  0.84535491564485210               17
  0.78643228738075421               19
  0.45993830441667904               16
  0.56113558454891710               17
  0.15222380209673406               18
  0.44382572943911325               20
  0.36757088618620315               18
  0.32247855462645236               19
  0.74009582024351572               19
  0.47087750618571772               21
  0.50000334240658084               19
  0.23437732900638600               18
  0.30623904188597434               18
  0.47323053281361388               17
  0.49621056581037037               22
  0.32144879860646752               19
  0.19811223889825752               20
  0.49124794007468719               21
  0.50399024372602763               21
  0.27904800701966054               21
  0.48054228247092029               21
  0.71893818020900768               16
  0.40602515322156824               17
  0.28645855602479248               20
  0.32510746894530657               23
  0.46991054272558674               22
  0.54965664991992158               19
  0.89704952246969716               20
  0.22797000295898220               17
  0.87843513309793197               19
  0.91837432589627310               20
  0.68903506044890828               15
  0.91866213973661848               21
  0.73047478032117685               18
  0.76337712404787106               18
  0.76977662700630212               21
  0.90758529779962438               20
  0.88870667427502081               19
   1.0369922697885048               17
  0.73042910900976599               19
  0.96594669399335431               19
  0.88574726897885658               18
  0.93386247500115316               17
  0.94814221863414350               15
  0.85503099519352477               18
  0.79494597882096851               21
   1.0486580630637308               17
  0.79776935399985005               19
  0.88499559445335430               19
  0.41114341082577743               16
  0.69258034218205566               19
  0.96902238681287034               22
  0.59345219587275688               19
  0.83247381015387045               18
  0.89778776462224430               23
  0.73927189172999996               18
  0.41039609168763258               18
  0.63999752672106180               17
  0.56326338456659841               18
  0.21518532836936671               20
  0.35517688547969367               21
  0.44773961296967751               21
  0.21364601187494900               20
  0.27024205068821078               20
  0.57560623608909856               19
  0.18293115024807940               17
  0.26744710927792026               18
   5.2098681290710443E-002          19
  0.34462567505358632               18
  0.30546266064108163               18
  0.41406717669930382               21
  0.21870245203627794               19
  0.23745532637481107               21
  0.40380608456556760               18
  0.40168651850028275               19
  0.45023799518472785               23
  0.54714246380467202               20
  0.50532112661508877               21
  0.34101076819441972               21
  0.95391341381590200               18
  0.68486231219938709               20
  0.86652430874499309               19
  0.52938069439631374               19
  0.88379477890500369               17
  0.91994850055337107               20
  0.91354112398282505               22
  0.60011943204248031               22
  0.74819578841980083               22
  0.83358912120512518               18
  0.49979276532154732               19
  0.78284578445656727               20
  0.96204491376784262               17
  0.85309225333295935               18
  0.96008368931081844               17
  0.89666483123277907               22
  0.69295832279716707               19
  0.91287453425812071               17
  0.75474915164014644               19
  0.88143737091190100               20
  0.67803963575738391               19
  0.96761698930005680               16
  0.55068625335361354               21
  0.80485002677341766               18
  0.51858278461689644               18
  0.39274105156142508               16
  0.77472693283396965               18
  0.30908503842295848               22
  0.40558105225575092               22
  0.57945396858570819               20
  0.24501254036827791               19
  0.27295389087366584               17
   3.0918288930980628E-002          20
  0.18145467039869287               19
  0.65520485396529293               20
  0.49381084755629523               19
  0.27277191140412721               21
  0.19953491849948787               20
  0.28887216347234834               17
  0.42572214770318667               19
  0.27257102463290322               20
  0.52601440554802359               20
  0.24926220467399957               21
  0.35998153327716215               20
  0.44161366982480238               22
  0.60735446588948938               22
  0.44702026775587350               19
  0.17530415016218012               20
  0.64451319595061451               24
  0.80807884980879163               20
  0.55769631975070821               19
  0.83892622271630235               20
  0.60513434513788633               17
  0.45554648804694692               18
   1.0134796720516170               20
  0.53865073801093166               20
  0.93975607963487551               16
  0.73344615040473027               19
  0.95849895486223580               16
   1.0488402971197495               15
  0.88141938509374318               16
  0.95231644680938232               16
  0.98718956810403935               15
   1.0943523678083553               17
  0.88246646189185229               17
  0.94239244159688418               17
  0.78424166215180602               18
  0.72718614789030800               19
  0.67445601591379356               24
  0.89000746404471209               21
  0.89971023582187981               19
  0.63002445787711325               19
  0.65208918941919147               24
  0.72082940681110741               21
  0.49560302039121057               20
  0.66129268574160238               22
  0.91634848423461301               20
  0.50232603183399260               20
  0.49662545595497853               21
  0.34609299101941032               18
  0.17610873315455572               18
  0.70756642028877870               20
  0.40320033997615423               21
  0.24431788052289088               17
  0.40379678153342397               22
  0.36048718823272441               19
  0.33906125407881543               20
  0.33617829495904644               17
  0.47542341159247115               18
  0.72216219426230432               15
  0.48371579943346327               21
  0.23924480605984261               20
  0.93946281972681411               16
  0.46216951728884315               15
  0.50894868999670317               20
  0.59009612288045721               20
  0.38455725459048956               17
  0.52368449022010932               20
  0.65923811347739381               19
  0.34665912103813701               17
  0.24960225311857212               23
  0.61673871019507931               20
  0.89634907093460081               18
  0.66562892420330932               17
  0.91595661063766598               17
  0.86776782737822500               16
  0.82198487491314831               19
  0.61483061983030673               22
   1.1119153867469420               18
  0.88980216322708761               15
  0.76341735373599784               20
  0.93391309847435633               20
  0.92821550904754813               21
  0.68587363702874238               21
  0.90505145535070441               22
  0.47403315152192899               19
  0.74535194545652939               21
  0.78192067032463819               19
  0.41692759741261964               20
  0.62529497531363187               21
  0.49629928693944203               16
  0.66685130864810171               20
  0.51311918575911220               20
   1.0093719982354434               20
  0.79151033946828331               20
  0.83206213280799701               19
  0.76756909728625511               16
  0.69209984294209170               16
  0.57282128173968416               19
  0.29618725958271969               19
  0.42215856642935029               17
  0.36987862159363444               20
  0.33351561962186349               22
  0.61462504376632410               18
  0.39589421593235147               20
  0.12901626677672429               19
  0.19098130954082410               21
  0.40683579117399132               18
  0.28490268097712107               17
  0.40919579114664306               20
  0.43743707630308726               21
  0.76163481117043863               18
   5.1250660227381339E-002          19
  0.65298773585782155               24
  0.29402343916698243               17
  0.30236696192518903               20
  0.27610625852241655               18
  0.65728399452771469               22
  0.80305770446541225               23
  0.65063660683785896               21
  0.90287653684356195               18
  0.70284827426467889               23
  0.93288052130675203               13
  0.65671089826403672               22
  0.68627603527441783               16
  0.87053599485935007               19
  0.84802523629323456               22
  0.78026670077800608               17
  0.76234563862468119               20
  0.99431260720203418               16
  0.89642317567543650               21
   1.1453952800011096               16
  0.87817058937722048               21
  0.63569375169323772               18
  0.87831867628803262               20
  0.83366178619577969               18
   1.1630114233376116               19
  0.85726433616439157               21
  0.56797276678165987               20
  0.96090407495806374               20
  0.83034199718961388               19
  0.81185557069154901               17
  0.49407780912073973               20
  0.51054792367246793               19
  0.46421371027134778               14
  0.66393944775173086               19
  0.89665828062233477               18
  0.80425481296460410               17
  0.71853608449047013               20
  0.85814160632571579               21
  0.18769117411495492               21
  0.32908353566026560               17
  0.48946464443455712               20
   8.2108293034795499E-002          22
  0.19295619781109521               21
  0.63026071613638091               20
  0.43748361768306832               18
  0.36811095486426532               16
  0.67947152944149936               21
  0.65042741151693351               21
  0.20910177707122243               21
  0.49213425717723502               18
  0.60179897740214017               21
  0.71835038993639633               23
  0.55816409004123968               19
  0.82903968026781905               16
  0.57253431981064173               21
  0.73171374223804075               20
  0.58748715063169565               22
  0.67796859447200719               20
  0.67599516700801865               23
  0.72554761659217681               20
  0.75983307787005094               21
  0.54229584361816718               20
  0.99274658818654282               20
  0.84094412849088918               21
  0.77603251707630805               18
  0.51407811207172316               18
  0.97629371657720909               16
  0.88491156347693711               20
  0.98038494648594265               22
  0.96841222611096056               17
  0.94476400123334991               15
  0.90749609447087554               20
  0.89838881430270723               21
   1.0623180985049749               13
  0.97299110145506662               24
  0.98728004851528084               20
  0.95220051429831076               20
  0.82769112461855643               18
  0.53468748680848588               20
  0.48155307097787570               21
  0.81139236934879100               18
  0.67937756648981618               20
  0.28116361612053792               24
  0.80395571713962410               17
  0.94271388435099712               22
  0.37119162415326024               22
  0.56828552738045235               18
  0.56581479624077313               15
  0.20037153452365408               26
  0.51604872690809689               20
  0.39802590433047508               19
  0.67833538358615675               16
  0.64590562483678571               21
  0.32518828347282419               17
  0.53473134385883925               17
  0.46423783034784727               17
  0.73364373127474947               17
  0.60798267446696896               18
  0.94902771806382458               15
  0.69113316946262626               17
  0.66603264221368019               21
  0.70590210308046319               20
   1.0922652069086458               21
  0.47280277662941189               18
  0.54206232303413482               18
  0.64894117892106751               22
  0.54410760305288597               19
  0.85222725330499061               20
  0.66760045755523056               22
  0.78231582951205780               19
  0.86646464226291520               19
  0.45535064468840836               18
  0.98948225679374102               15
  0.78202626937753350               20
  0.69378865106441601               20
  0.83418221454046726               21
  0.68808846896597586               17
  0.98757063708323278               19
  0.99162638829807581               15
  0.98949057213130664               22
  0.97873562513854506               15
  0.86416452313290171               22
   1.0193661885750618               18
  0.79111565622368696               15
  0.68967893081313703               20
  0.62763290668226801               22
   1.0696744798653388               15
   1.1114335490525797               17
  0.90542608955721116               21
  0.67887021832243366               20
  0.47680430591145989               23
  0.72275808961514998               17
   1.1146342200797263               16
  0.62608836933325385               19
  0.48153447728232612               20
  0.86548501757582252               19
  0.55106866141391975               19
  0.54721145594411547               22
  0.23229268242680556               19
  0.62342777972165764               15
  0.57904845535051097               20
  0.54313578404401242               18
  0.14708590404996688               20
  0.40699805766580843               19
  0.58995735959941520               18
  0.72857848928850455               25
  0.44073169795428319               18
  0.23652734933240785               19
  0.83573041465134645               20
  0.20092495702996549               20
  0.94193948867192390               19
  0.64028727592663781               18
  0.67911373656801921               20
  0.28783039203494731               20
  0.66138130659717875               16
  0.13294112968308719               18
  0.94449912894100163               21
  0.72238747804898884               23
  0.52527233179702348               21
  0.86143493884186439               20
  0.67449794695631926               20
   1.0505411557723614               18
  0.97949333480838063               22
  0.88721873415189056               18
  0.95046150900050153               23
   1.0489051636738047               18
  0.90939249963018265               17
  0.86965901582571903               20
  0.73905613781685353               20
  0.79849323914472015               19
  0.89225612195640891               21
  0.97110656185203492               15
  0.97523784664244217               24
  0.91857786147467990               18
   1.1445810817379638               18
   1.0550300024667258               15
   1.1641416952117531               19
  0.91661370611494064               19
  0.68639500985855140               18
  0.60991639021110489               19
  0.88777939449672538               18
  0.82065231704589059               21
  0.58787629002672126               22
   1.1431752336955596               17
  0.78675692593805713               20
  0.90231555032415323               20
  0.63415204809177317               19
  0.42516092167939384               19
  0.84663023867023446               18
  0.34711531731713335               23
  0.36518442902451109               22
   7.5798865207432162E-002          19
  0.44290626138676864               20
  0.37343283448125059               19
  0.58241213414152437               18
  0.76970678536783887               14
  0.91196663215624563               21
  0.66243183275476503               19
  0.48021443760349647               19
  0.49993276831511085               17
  0.55386539999038509               18
  0.90006795744341594               19
  0.62221317253520847               19
  0.84372885484510396               17
  0.80196818122256575               17
  0.85311539765956668               20
  0.48219314856251516               19
  0.43713129769781572               16
  0.52848394070491056               17
  0.26952076850232926               18
  0.75455441026755310               20
  0.92694313553773067               21
   1.1916148891044887               17
   1.1477440850268803               17
  0.82526668787897073               21
  0.73143038581200193               20
   1.0207225288017299               16
   1.1443996680073587               17
  0.85428956867514150               22
  0.89028159464101320               19
  0.92358272942609121               21
   1.0075355782778774               15
   1.0538228563110115               19
   1.0463978319352247               15
   1.0844621391414995               16
  0.78131873697439236               21
  0.97618910183674990               21
  0.47869000345153428               18
  0.59383835144873964               21
  0.92838963605196001               20
  0.79014603401540684               20
  0.95545021820321230               17
  0.56719098598994755               21
  0.73082757879009597               19
  0.74174324864704788               18
  0.89711849409483413               21
  0.45012176312259361               16
  0.35507279251234591               18
  0.62924278885662488               21
  0.26222195857551550               23
  0.87853094580117641               20
  0.46579772636744060               20
  0.54076132533473142               18
  0.86172960148683042               21
  0.44145877734609151               18
  0.55636013512447513               20
  0.76435137357859839               16
  0.91329627118147227               17
  0.50850178393881207               17
  0.11981865846442759               19
  0.56533334242156530               22
  0.22848455315576188               22
  0.28455170437289334               18
  0.54249264377120887               18
  0.49748372365464200               22
  0.74160461405397282               16
  0.71895245481106540               22
  0.85068965316241929               17
   1.1058431855121398               17
  0.98551322894664373               17
   1.0330876648786582               20
  0.90831510830463758               20
  0.98792291552647082               22
   1.0294892429973770               21
   1.2487015883984105               16
  0.98187004336344696               20
  0.95311733274848109               21
   1.1092442751029052               19
   1.0270716960792563               19
   1.2287306020876894               22
  0.96184074014800702               18
  0.94603386695490510               15
  0.80818331517345110               18
   1.0903618747706301               15
  0.63982073145065466               21
  0.88572982420976554               22
   1.0239218577370965               21
   1.0114305750557382               21
  0.52847142078513720               21
  0.42371785495354380               25
  0.78784796133794099               19
  0.68761306782836251               20
  0.83289963676162171               18
  0.77664942258346370               21
  0.62987962146913479               22
  0.54314567557365379               19
  0.76998358539670930               20
  0.86124535197883567               20
  0.45827603770895831               22
  0.48062122355875297               19
  0.64556308481949853               21
  0.69982930052160541               19
  0.90297109300358658               19
  0.64822812799431140               21
  0.56463457896486147               21
  0.55617118268651622               19
  0.63742432155344420               18
  0.91660902290673907               17
  0.61416340899611976               21
  0.79975221213557712               17
  0.61976200991428032               21
  0.74207268684341721               19
  0.73056984144200243               15
  0.89341552039523520               17
  0.81756645286559015               19
  0.44619536026730916               18
  0.77262010120106139               21
  0.81406689047473568               19
  0.96617215981144366               17
  0.55759817180210369               20
  0.66934673339683559               21
   1.1888963829064121               17
  0.81941913362439944               22
  0.95753314294064018               20
  0.83629370592732433               20
   1.2455475338689301               14
   1.0755011372548224               19
   1.0278767916981029               23
  0.68426329974123701               24
   1.0967577366441679               18
   1.0481199801292669               18
   1.0515819632371008               18
  0.88208118438375038               24
  0.85640641007088480               22
  0.79602181015856055               21
  0.96338554988328440               17
  0.61795579576479520               19
  0.95093889122777342               23
   1.0064547568011144               20
  0.77730039311534926               16
  0.75406980210289598               18
  0.58656466461721146               18
  0.51807542330639600               21
   1.0519210908672965               15
  0.68726867349013609               15
  0.80867564484306742               18
  0.89837976777982043               20
  0.73119842658044998               19
  0.61423490252823598               20
  0.40632543801271492               19
  0.58051425047381422               23
   1.0311711446345664               19
  0.75618402642856697               19
  0.69335931909475013               18
  0.31046254928761879               16
  0.39795392329442175               20
  0.80887512049235699               18
  0.98265840676169236               15
  0.72558845688838924               19
  0.89354491640846723               20
  0.84029169946365501               15
  0.68199953741749264               23
  0.97867079824872072               22
  0.37634589237317617               20
  0.58747185072652364               21
  0.56586170370769551               21
  0.73908665896905235               21
  0.60377373121831646               19
  0.84160827397208904               18
   1.1026437572493064               16
   1.2063008934276562               15
  0.67444323867069489               24
  0.76341593208273006               23
   1.0748055094874496               20
   1.0956231141241064               16
   1.0205586355069802               22
   1.0309151684781910               17
  0.91842483243569306               19
  0.99276479060726830               18
  0.87465115582115138               15
  0.97499384017134827               18
  0.92084246217213062               17
  0.76736356047751197               20
   1.2161345755405057               16
  0.81175788443076569               20
  0.89834293080773731               19
   1.0221282922993755               21
  0.72065966715412055               19
  0.94060286332127574               18
   1.0682042281994155               21
  0.73213700801155746               20
  0.96819568079101692               19
   1.2087218761860974               18
  0.97401525611552398               16
  0.58402618383437077               17
  0.90585472006539081               22
  0.54666223679273174               21
   1.0305988953470997               15
  0.64620163861587643               17
  0.99072247354805432               16
  0.78512910181282869               17
  0.91579620483496305               16
  0.22892061826743793               20
  0.64471179570036063               18
  0.94505322179598172               15
  0.75309277147503118               16
  0.53662849901822163               19
  0.87347442701358080               17
  0.61351498301710006               17
  0.84264561027387286               15
  0.47514522361342298               19
  0.21178494426207356               21
  0.42104686123584545               19
  0.96633362062711026               20
  0.83377157122224566               19
  0.98982859962375735               20
  0.89394542351730399               21
  0.74957104176364264               18
  0.86807124478928122               20
  0.71464685405152339               22
  0.63584879661585325               22
  0.94552793338950747               19
  0.66636929015452040               19
  0.85773094855444920               17
   1.0196499577458005               20
   1.3003351313933600               14
  0.86912734078677745               18
  0.96719535589848260               17
  0.99563480701655260               19
   1.1566085069959942               19
  0.94488571532512133               20
  0.87192585329176409               19
   1.0867030413504308               17
   1.1310577164594062               17
   1.1720029248483934               20
  0.99711772244234131               17
   1.0943383540107625               16
   1.2760944396406106               17
  0.43182876815668975               20
   1.0089206604301297               18
   1.1236401340514794               17
  0.87371294738743810               22
  0.95041252549568966               22
   1.0211236257190854               17
  0.99418131395035847               21
  0.65579705393362375               17
  0.99357535630717209               24
  0.82939918547696900               17
  0.95021817869271263               17
  0.58729674006691679               21
  0.89646122967518205               17
  0.97506828978615134               18
  0.60288508516150097               21
  0.53519110381396895               22
  0.91308817085730676               19
  0.29268348204428740               19
  0.37454467698598898               16
   1.0076079558951694               17
  0.79661318205608656               15
  0.86966162591421803               17
  0.51860670582928081               17
  0.46822604800363421               18
  0.86197572248423127               16
  0.96258331435506628               15
  0.38149890145857823               19
  0.87499463603666305               18
  0.81024199485394122               19
  0.77286286388039260               19
   1.1300066597925107               18
  0.66298084122336798               20
   1.3374122471048755               15
   1.0464065667241560               22
   1.1014594826391182               19
  0.94132245932851144               19
  0.85120686569763815               20
   1.2651037753666543               15
  0.82013164853489517               18
  0.96002664066545917               20
   1.0609681889202778               19
  0.79398258931275179               19
   1.0114147057026877               21
  0.94421396838377958               24
   1.2482037006299469               19
  0.96902230072691231               22
   1.0163720630639379               21
  0.83855626137068096               18
   1.1591957691687103               18
  0.93857833953851222               22
   1.2509923932246918               19
   1.1922558650869708               14
  0.67000427330545431               20
  0.86489894333887551               19
   1.0444744588618839               18
   1.0001049989791120               22
  0.85870433041172101               21
  0.61490961880613082               19
  0.83108839663778888               20
  0.87363436007265027               18
  0.96322777660261638               20
  0.48785961307234166               20
  0.86588403321093321               19
  0.37631795248089905               17
  0.93453754622062568               16
  0.65334997024531372               17
  0.56589538523231986               18
  0.89305516104930349               21
  0.77247521937662822               19
  0.47701980579633135               18
  0.60490999721101923               18
  0.90311316712198986               15
  0.77813554299157661               18
  0.45365612021742763               21
  0.68718254242132104               17
  0.99112898780552350               19
  0.67424741605643590               16
  0.97872653485735128               20
   1.1473846604822302               18
  0.81240027456571839               20
  0.59739614870974045               20
   1.0017754564169274               20
   1.0351234445409183               19
   1.0879293639912180               19
  0.72897292247804102               21
   1.1861228221706075               19
   1.1142453167733344               21
   1.1795782957975685               18
   1.1944460618551629               16
  0.70348415788447916               24
   1.1970295246469906               14
   1.2056378768882392               19
  0.87178126426876557               18
   1.0556331896210907               18
  0.75865713463575379               19
   1.0663396417973967               18
   1.3326746268530887               16
   1.0335516662224737               16
  0.85891322463815845               17
  0.79455850606127121               17
   1.0733281669576757               14
   1.0070761717812571               22
   1.0382469967594814               16
   1.0658600911943705               19
   1.0336869503552999               19
  0.87939391316765658               21
  0.96847639564196830               21
  0.80079312319732276               14
   1.0663370392758522               16
  0.83859040073363711               17
  0.54823472299937770               17
  0.70433731872310135               17
  0.85206405618350900               17
  0.90582576371024104               18
  0.41225306305595089               21
  0.79688056352972347               17
  0.69890480060123883               16
   1.1594114930096302               17
  0.77336310157570465               17
  0.37071085019325911               18
  0.67717040519063598               21
  0.77764160280963746               21
  0.67509442991344248               17
   1.0396289062642010               15
  0.97346771947364152               13
  0.95415589211049812               20
  0.79994426517145079               16
  0.95352292151698537               22
  0.92006615406233339               21
  0.99355332223962134               21
  0.46791010275544420               22
  0.92150307579664759               22
  0.56661979648381589               15
   1.2087140642131815               19
  0.95726216085207172               21
   1.1637358506219824               15
   1.0613504555538267               20
   1.0314026835635854               21
   1.1443585706426729               13
   1.0569831727732597               18
   1.0709792556499818               20
   1.2388711894100504               20
   1.1105599843873863               17
   1.2207259017121699               13
   1.1215159888717838               19
   1.1431803362621213               18
  0.76085837823753122               21
   1.1594805026624317               17
   1.1945434117019949               15
  0.92242917574295313               21
  0.98170177841843265               18
   1.0345044791766145               19
  0.90677430050213581               22
   1.2539702240836066               18
  0.71874203881659149               16
  0.97515962309647519               19
  0.67970775557389518               18
  0.92073995000103082               17
  0.57444836722147852               21
   1.0631264420616988               20
  0.82808373308935079               17
  0.76011417152822247               17
  0.70311123868689374               19
  0.66302695195592531               19
  0.71629882110520471               17
   1.1315920765752827               17
  0.63049541159441580               19
  0.85084309880811826               19
  0.95411701537919091               16
  0.74421688482138049               14
  0.80983804256954772               17
  0.91541431303763643               17
  0.91231964344818473               19
   1.0863298232818706               20
  0.54306092612855938               19
  0.77918156528472615               18
  0.88799463146395752               13
   1.0206906782502803               19
  0.68507454963721448               20
  0.95430384402351620               19
   1.0319679230282952               19
  0.86755304252414056               19
   1.1630089822442584               19
  0.98981202287021108               18
   1.2115019174261570               12
   1.3246499211098610               15
   1.1275262859750124               16
   1.2325039293711779               14
   1.1006322550050134               20
   1.1622528016480704               17
   1.1154330427620169               22
   1.0167273154453216               18
   1.0374336834561331               17
  0.99707902429317141               23
   1.0281808014702420               20
   1.1077061988403694               15
   1.2565119093009749               18
  0.76000573224846524               17
  0.82885072598595999               18
   1.1675354869687462               14
   1.1183721954380148               17
  0.72350629483358320               21
  0.93004362209151215               23
   1.3007023672694820               16
   1.0064905081166859               15
  0.92669731015200807               22
   1.0988122781725342               20
  0.93264115164763939               18
  0.79559343238429148               18
  0.96138857183299575               15
  0.87453840780861514               19
  0.58800829278708244               19
  0.74741743717143760               21
  0.85136228701106742               19
  0.55739598656999989               18
  0.57670142321121687               17
  0.73693589980195018               18
   1.0586100522862913               15
  0.99693474999557530               16
  0.92343171719957562               16
  0.55445557832082815               19
  0.97048957064223673               16
  0.55177792183203545               20
  0.69572720876891092               22
  0.72590231061866584               18
   1.1072525323524995               17
   1.0150480166956528               22
   1.0608668592843011               20
   1.0066705286998419               21
  0.78640201151024725               19
  0.87141611644126948               17
  0.67061788948191248               21
  0.82384757526336450               16
   1.1870885274057219               16
   1.1499002896779691               18
   1.0319174731191447               19
  0.99677286471376692               20
   1.1978808542611084               17
  0.59115451000070374               19
   1.0343263000355341               25
   1.0749731631358852               20
   1.1956275917835586               13
   1.1965174005338945               19
   1.2174835726802558               19
   1.1670175198032380               17
  0.80739932134510672               16
   1.2816091800868548               18
   1.0884107425497196               17
   1.2975866721615927               16
  0.92410479227967934               21
   1.2495147344337385               17
  0.90968017005690816               21
  0.99214187808736742               17
  0.96757009421906581               18
  0.90991908514902320               20
  0.92879183552365263               20
  0.89658192176979545               20
  0.93876420094275748               21
  0.93971344374727794               24
  0.90819502441511490               21
  0.93579826135141742               17
  0.72346813619765327               22
  0.74613908014341657               19
  0.81544310703393141               18
  0.81842616584606309               18
  0.98406962062218695               16
  0.71450664592019131               16
   1.0040685593936649               16
   1.0907738709068031               15
  0.96155689591952209               18
  0.96974096542897015               18
  0.76790799313726710               17
  0.87240187014237658               17
  0.97990270618634967               21
   1.1079360191526528               20
  0.83234165968185736               18
   1.0266832460414941               15
  0.63150046804534543               19
  0.93026972240550765               19
  0.70770993066830323               21
  0.89915622442865928               18
   1.2917664440278631               14
  0.96044644623547748               21
   1.3208700608222039               15
  0.73562104254757610               24
   1.2436423544283859               18
   1.2848807385206886               17
   1.2244161167536021               16
   1.0780439363044954               22
   1.2465584859533161               19
   1.1748629146806076               17
   1.2083207071567263               18
   1.2355929686157170               17
   1.1428454369108536               16
   1.0851110635108083               15
   1.0525751820015772               17
   1.0845144066053407               17
  0.69636810059816767               18
  0.94844236645262514               21
   1.3075812243077352               13
  0.93032820487524082               20
  0.93481316806739068               15
   1.1471822854599167               19
   1.1027206592830208               17
  0.94120965795205702               16
  0.65747768202894541               17
  0.80294547714263109               18
  0.93020164151963447               21
  0.79894594651156792               17
  0.82353766579863308               20
  0.85205835115884809               18
  0.87217515753975927               18
  0.89437773774377971               17
   1.0125018631765237               19
  0.75922876284292062               17
  0.95688961999359001               15
  0.85153689294762280               17
  0.94569976553743518               16
  0.76524496831931432               20
  0.58392342232146743               18
  0.83952580730828441               17
  0.98479131531438102               16
  0.78492815835868635               16
  0.62600070706416022               23
  0.66526682853157593               22
  0.93777686699110163               18
  0.97016599751729793               20
  0.80468374565413991               21
  0.93430551827051622               19
  0.86971725589754389               14
   1.1065179517311643               17
   1.0300994970682085               21
   1.2785353436319358               15
   1.0895500712073520               19
   1.1353359402933212               20
  0.92985875958585551               19
   1.0978101541778009               21
   1.0460956638960819               24
   1.0674667003715774               21
   1.2896044968584288               16
   1.2538218431241841               20
   1.3360899703909384               14
  0.75950304921680145               17
  0.98083355173515874               20
   1.1620901108386754               14
   1.0445695319661810               21
  0.94693721498422145               22
   1.1720743742789801               17
  0.94612833197943680               21
  0.97643061650070562               17
   1.1583730507625891               21
  0.88298924195073814               22
   1.0353187906005237               16
  0.97857025250957019               16
  0.97351088792086948               22
  0.97772898032183797               18
  0.82587500827339699               18
  0.88891311791821359               17
  0.95207679743017093               14
   1.1922203763606374               17
  0.31761375844260320               19
   3.8399473444869617E-002          16
  0.87897797706166558               24
  0.98543556727944248               17
   1.0032375294665061               20
  0.94901033439711069               22
  0.67830635282053209               16
  0.85515045785270050               14
   1.0635791062175441               15
  0.68450082458326633               15
  0.21271441366612104               20
  0.71724866083376237               21
  0.95048951217755762               13
  0.90713147824771490               19
   1.1837486107900397               18
  0.78785820687876029               16
  0.63123543274589566               22
   1.0600284127076613               20
  0.77495363056051203               17
  0.99533996210399589               18
   1.0071005555960180               14
  0.70623960036495304               22
  0.90218370335953568               16
   1.0835602409170777               19
   1.1789052495645851               16
   1.0593621900418073               24
   1.0625640552255569               16
   1.1522665556156368               17
   1.1307584433236699               18
   1.0933552718442263               20
  0.50784584988175951               20
