  0.98154336565243661               17
   1.2449640267504265               18
   1.3258141388723970               14
   1.0425138434807806               19
  0.81193029209067513               22
  0.99597004726748861               19
   1.0470470807728824               20
   1.1324273405436378               13
  0.51168836661027517               19
  0.89949787563153116               22
   1.1262562404418663               17
  0.87994981988907295               18
  0.91379645454369129               18
  0.99546492497131167               19
  0.74720448578455956               18
  0.71461552804982509               22
  0.77821275407386814               19
  0.97592113376845580               18
  0.87049520279313319               19
  0.98558700934090460               15
  0.66956387213146218               19
  0.49769716688562837               20
  0.80621110291445064               21
  0.61901871676430109               25
  0.93979400867067864               16
  0.87431173739671408               20
  0.78936257092328543               19
  0.94498806998841689               17
  0.95100817109174829               16
  0.78672650595886484               20
   1.1493233508230096               15
  0.74287610829233741               16
   1.1143321786417710               18
  0.85833338877348764               19
  0.53166919774220800               24
  0.85093136367344069               21
  0.38933313294987176               18
  0.84846463773083003               22
  0.79976322395601052               22
  0.97354424820762853               23
  0.95310506938841488               15
  0.65235129978428774               21
   1.2291138343046490               16
   1.0399186577354320               17
   1.0378464846509774               15
   1.1889108436659444               20
  0.79211777884786672               21
  0.83088143471863851               24
  0.97872716212813260               18
   1.0642847992377802               18
   1.2217984502030435               20
   1.0837995813201313               17
   1.2779596297711229               15
   1.1175704119829097               18
  0.87262869769562568               22
  0.82064356264381066               19
   1.2253871521017496               15
  0.97409143274620114               20
  0.99346252014444503               18
   1.0853149134060038               17
   1.0609097350734873               17
  0.72847983978707864               19
   1.1219471439550392               18
  0.96042834946317579               17
  0.99651308223216672               17
  0.93046462600055047               19
   1.0054415837610418               19
  0.62718578531649916               21
  0.73506520453850610               19
  0.77580780041287400               18
  0.80425223128743695               18
  0.92436718378548022               18
  0.68692652375216956               20
  0.83860779904684901               19
  0.93055756226621145               19
  0.96269224597458558               15
  0.90639836084755732               20
  0.68135003446000919               19
  0.78504441489634647               19
  0.94026061558554164               21
  0.84787720419521306               16
  0.63213192418300790               18
  0.94371390065157035               15
  0.91808772767485713               15
  0.90244091354372469               20
  0.93194146305355141               21
  0.88865753258208813               18
  0.86487939112354895               19
  0.89142138350392552               19
   1.1700531840071029               19
   1.1161289406550854               17
   1.0467469127757065               16
   1.2133640243412585               16
   1.2905113037420839               16
   1.0362671652311459               17
   1.1762432420066391               19
   1.2138044281287006               19
   1.1336497567354036               18
   1.2929747385324579               17
   1.1095607353585206               16
   1.1011411358173286               19
   1.1559404742557955               18
   1.1960758347483358               19
   1.1185556963975181               15
   1.2363081196222152               17
   1.1814898023591447               15
  0.99884897726126942               18
  0.93421978160789798               17
   1.0352086548669464               16
  0.96001223549816650               17
  0.86270353903767449               20
   1.0195617480185306               19
  0.65403894323609679               19
  0.86102973243489755               18
  0.91722032841911272               21
  0.95479717444825918               16
  0.72460040836433837               19
  0.88447618011073037               15
   1.0079201003436926               20
  0.77961808215176809               19
  0.82094241269910639               19
  0.80417765505642724               19
  0.87875272540520755               22
  0.95157312226727975               14
  0.62502327343236952               19
  0.67751294618017444               16
  0.81945961902310682               21
  0.84295992824423693               19
  0.92852126472612717               16
  0.50078134404863972               17
  0.82420858767743188               21
  0.96841389520708621               14
   1.0712776338393359               16
  0.55680031923571949               22
  0.75168055513420229               19
   1.0621257141656042               17
  0.88264854953518923               19
   1.1071531296798875               20
   1.0889524589383712               14
  0.92079495967908320               21
  0.95795806653907889               17
   1.0932802010852412               16
  0.97083539945594266               21
   1.1880121039801379               19
  0.92436090423106121               19
   1.0400986404740975               18
  0.91684314278213097               22
   1.2309815942211353               17
   1.0534269363330271               18
  0.97543071090650191               18
   1.0509379776231489               20
   1.0729450031657770               21
   1.1654866720852317               19
  0.92989536019232433               19
   1.1180315409257353               21
   1.0574857195005638               17
  0.91255802641235761               21
  0.81261439328532326               18
  0.87758404074608343               21
  0.64402412721775004               19
   1.0659877014593360               19
  0.95682960498387659               16
   1.0981747484155966               19
  0.64888746185409696               21
  0.67144585822764824               25
  0.85836057816851274               20
  0.95735539777534739               15
  0.94857207667416632               19
  0.90930826673367282               17
  0.72157634660220071               19
  0.86632149812274573               19
  0.67707221576307464               21
  0.90806418983009263               18
  0.48177648987680655               25
  0.96769661542478447               14
  0.60729614653033281               19
  0.32566818670648934               19
  0.54077451892173545               27
  0.78563733993054408               18
  0.98575501619637096               20
  0.63265121446558326               23
  0.91486730501471758               21
  0.82348530958243571               20
  0.63763819947007905               19
  0.38491459357738189               19
  0.96736726224421776               18
   1.0088102718092764               19
  0.96704163490596706               16
  0.47662197241387960               26
  0.96005822733109236               18
  0.94588563231678180               19
  0.78371466181011429               18
   1.1626871449941518               18
  0.97785175718888950               19
   1.0200896888539914               17
   1.2658670015701821               20
  0.96325764680075610               20
  0.90630033104784802               19
   1.1629668016816179               16
  0.99609309106016708               16
   1.2905848156105744               14
  0.65520756575425454               22
   1.1716758505374707               18
   1.1584985806898545               17
  0.60876519536745344               21
   1.0586572911435774               21
   1.2604436532187084               15
   1.1890017535129722               17
   1.3430595417956954               14
  0.96120000320450016               18
   1.1499641702248578               20
  0.58357698282840309               20
  0.82798573669239062               17
  0.59401331636115784               19
  0.82342533526716988               21
  0.79365150514493621               20
  0.80357022689672730               20
  0.92211495774704688               21
  0.85133561911197631               20
  0.80305712570322274               17
  0.83164447849720691               20
  0.64682956084752974               17
  0.81340133264712300               17
  0.71747783879016558               17
  0.58021349493150143               22
  0.90156906183040353               19
  0.77587758901637338               21
  0.73095333394142492               18
  0.91582845969955828               16
  0.98922127411646976               15
  0.51065002312572871               26
  0.75940966055279513               19
  0.91620490788374642               17
  0.80249855786074231               21
  0.65534615692898968               14
  0.57111309048315684               20
  0.64280045930423935               21
  0.90683669792471855               17
   1.1400056257796429               16
  0.80665031989535252               19
  0.79906137249685993               22
  0.83169686966193634               22
   1.0965851551486692               17
   1.1732305136498062               20
   1.0137699159592262               18
   1.0911536398465602               16
   1.0721533228002202               17
   1.2506839968462264               19
   1.2840584631916887               19
  0.95640390542026898               18
   1.2620363622366402               16
   1.0430793514058250               19
   1.2063929829899074               17
   1.2150915850733759               17
   1.0144244856041480               21
   1.1294705402902598               17
   1.2267535946446486               19
  0.72767632874209365               21
  0.91844183935654378               20
   1.0073998145619405               14
   1.0373465792596088               16
  0.80178394142752885               18
  0.93178941409782989               18
  0.89202978768323715               25
  0.70558594369534711               18
  0.87574179109188488               18
   1.1886402905221853               16
  0.73588351726737178               19
  0.96707970619957584               21
  0.84272451865568854               19
  0.93967651547109710               16
  0.39564314310268783               20
  0.54034894688409651               20
   1.0136210455017696               17
   4.4689454839288142E-002          17
  0.97246523977747490               14
  0.45252611745614241               24
   1.0373848437458557               19
  0.45979650123866794               24
  0.60312185048458944               20
  0.77433617323402992               17
  0.74843893623895574               19
  0.76947911887319675               21
   1.0655162345184144               15
  0.99619075603505325               18
  0.56714412842063266               22
  0.61584421783358645               22
  0.99381533573151271               20
  0.54635550898226770               22
  0.75505062216001184               16
  0.66198276750920493               16
  0.81241829633559781               22
   1.1948564288496000               18
   1.1012543214222654               20
  0.89892870862673191               20
  0.90484816396287437               18
   1.2167726718387426               20
   1.3328464802635134               15
   1.3400898167597592               16
   1.1638982646605047               19
   1.2796303878950723               17
   1.1143861645637405               18
   1.0454854588933551               22
   1.2153977199522394               19
  0.93203890367935971               18
   1.1213694527552180               19
   1.0768778738330333               21
  0.97647934512451928               21
  0.91033135982540692               17
  0.74835005806405508               17
  0.98779688273335431               15
  0.69228195629487721               19
   1.0706643351321010               17
  0.66681355944533705               21
  0.70194855685099122               21
  0.71940608273432571               21
   1.0931719945049068               19
  0.52670018014976672               21
  0.76042211305773166               21
  0.70304831578751714               25
  0.69478556180740003               19
  0.82974149222423432               16
  0.72801810279616419               20
  0.62364023615889852               23
  0.40292461959807002               18
  0.72942112106181967               18
  0.37376477160264304               18
  0.41260062031991107               19
  0.76388790610085544               16
  0.72551242363382218               20
  0.75188985538140940               19
  0.56914695079050548               17
  0.76246983404875945               18
  0.75089294483809399               21
  0.56854397389679812               21
  0.91925692862674135               19
  0.68146435178778675               16
  0.83942955134288200               23
   1.1342095622838706               18
  0.97153590732662487               17
  0.61415211531246061               16
   1.0056860821824571               19
  0.94222855727882471               17
  0.98570240969631329               18
   1.2533932778757368               19
   1.2941847353704512               17
   1.0027132826953815               14
   1.1100993100375753               18
   1.0806135404999517               20
   1.1118737578602560               16
  0.94092352325329764               21
   1.0548114304869782               20
   1.0290124235517819               18
   1.2299607598469871               17
  0.69908600824962286               20
   1.1031508695123082               19
  0.59118544333388523               19
   1.0269929302886547               18
   1.0452359286128245               22
  0.57246862371662022               23
  0.64304138063448701               26
   1.0733548167600759               15
  0.87144305258990917               20
  0.54699189283107930               20
  0.68887401214970112               25
  0.82831074192209764               18
  0.58844611021471371               23
  0.92129573645770846               18
  0.91583575262613748               15
  0.94719668868464457               15
  0.76056636007624878               17
  0.92947142889101853               16
  0.86375976194616044               18
  0.67018839418747844               23
  0.40146508988726071               17
  0.31338150104498164               19
  0.96691256431854300               20
  0.65725587307393996               19
  0.53145813100437522               23
  0.64878450665069742               16
  0.69725833037867035               18
  0.53553337221769359               24
  0.86090094927282101               18
  0.63657570779077599               22
  0.79039716172937491               19
  0.56476829252241012               22
   1.0241371610049534               13
  0.69349946179300670               20
  0.95545845430349019               20
  0.84607695752238421               21
  0.82195577761282945               22
   1.1049370782683967               19
   1.0405715245915397               18
  0.73685197627974242               23
   1.2398345052713462               17
  0.98599648781196303               19
   1.0646518893297210               14
   1.0012072498469413               14
   1.1913263748802050               20
   1.1701538088766927               15
  0.91703914028429379               19
  0.84923032784897867               19
   1.0896348149693154               20
   1.1045724067889466               18
  0.87203910635252013               18
  0.95205609628673493               18
   1.2870511993431504               16
  0.97860587009131317               16
  0.57268203380388472               23
  0.86380670343900057               17
  0.86460669899528053               20
   1.0882870636559925               16
  0.62699692618460279               24
   1.0468671085059842               22
  0.80458840404339937               18
  0.44187084789611042               19
  0.78885352064262693               18
  0.82577900850635022               18
  0.98094041283932631               18
  0.93009960920839296               20
  0.72107449196957718               20
  0.85016855508532341               20
  0.49721628672700230               20
  0.52208690153693615               21
  0.53241480961309029               24
  0.75268282596139224               18
  0.49093380612398724               20
  0.63761432771936444               17
  0.32668747774372359               15
  0.47969399877765029               24
  0.73998647747772872               22
  0.45862995232165116               20
  0.62472548557767715               17
  0.62224919230525488               18
  0.48006659084477354               23
  0.92374378453377881               16
  0.60632411606716630               24
  0.85459299861311955               20
   1.1722737292229009               17
  0.89464593929507108               20
   1.1660313618778262               19
  0.97676268742298955               18
  0.65284846733781343               20
  0.87242923111500637               21
   1.1454431312859896               20
   1.2565668969689774               15
   1.0019061681228367               19
   1.1311888969348503               16
  0.92492632695770427               21
  0.79856631610968376               23
   1.0204544398716378               21
   1.1963504458521279               17
   1.2868350874131800               17
   1.0681771003986862               18
   1.1258521884701853               17
   1.0436114653017270               22
  0.98274746984602424               20
   1.2699635755592891               16
  0.80831883404211025               18
  0.84474894680217971               19
  0.99482323839399278               16
   1.0035963204909002               19
  0.77337354812067738               18
  0.72959614214428015               21
  0.76582771880979905               17
  0.90757089724722917               21
  0.44751256593440514               20
  0.43663447686217771               19
  0.81746439849376706               20
   1.0284429989893291               13
  0.82937389412282370               19
  0.88050128907071989               22
  0.41867900052855422               19
  0.39370313299840920               18
  0.50946581530177470               22
  0.60251890140020414               18
  0.59944626285063041               19
  0.81278230368212490               22
  0.72096146803925298               17
  0.45526576251617129               18
  0.91202920698232604               17
  0.76526278568537831               20
  0.78663629700321358               20
  0.89258026573041660               18
  0.76741999699941343               21
   1.0644288822092967               19
  0.52301837688967123               23
  0.93563045589531235               21
   1.0971553203152864               16
  0.90682911995395354               20
  0.57480330489051690               24
   1.0353086564640135               14
  0.72279111897857373               20
   1.2110147655891073               15
  0.94321947567336140               18
   1.1493784522603627               16
  0.86197079897149653               20
   1.0657575833143977               19
  0.89428985049764198               22
   1.2463062895098291               19
  0.83246575641516096               21
  0.89007498222883308               18
  0.99256887073928923               18
  0.97504884125476299               19
  0.77247577687300029               19
   1.0526252825708624               17
  0.68077129574035777               19
   1.0264636609387614               22
  0.94809833923668496               19
  0.89017571768842496               22
  0.94002833820844034               14
   1.1551942933173220               21
  0.56102566677170995               21
  0.43570797216388568               21
  0.21083651379779916               21
  0.91053459583846152               20
  0.77762991334489584               22
  0.65574446759077298               20
  0.63616227749146759               25
  0.55292802382502626               16
  0.86015528639339145               22
  0.74866294802180156               21
  0.81881794383069118               19
  0.30438871633039527               21
  0.74484229106706712               21
  0.41827195151857294               17
  0.88391257845746152               18
  0.77014126768331992               23
  0.54371124698503492               18
  0.25520413286535870               19
  0.68816872531470963               18
   1.0552614243724978               21
  0.94022190854762788               18
  0.69416472148735309               17
  0.88756071086891242               20
  0.76850989693946281               20
  0.86946197934470038               20
  0.59113478278496767               23
  0.61584415169718321               22
  0.51188410770382453               20
   1.1537841452029116               21
  0.78291307734559701               22
  0.83465878906852142               22
  0.70229199186715319               17
  0.90000951403257334               22
   1.0676588602783574               16
  0.87194498799537501               20
  0.88970759749630002               20
   1.2214211879268893               18
   1.3104971486321708               14
   1.1212082261989313               19
   1.1846072918597617               13
   1.1561919941301873               16
   1.0710882636929353               22
  0.77128352723023375               19
   1.0799529751295116               20
  0.71608615278324472               21
  0.83039957510443019               18
   1.1001995993010336               18
  0.91154373332417604               19
  0.98263673765807380               20
   1.2328723505965582               16
  0.33691348939318189               21
  0.82047195773838200               14
  0.62068348793923800               20
  0.71637499333013177               22
  0.91450871234564246               20
  0.67454821494962203               21
  0.77441105187655379               19
  0.27772816956935081               19
  0.49300477598781145               18
  0.70616907780969140               23
  0.60306031731441312               20
  0.63262846456774779               19
  0.72468915500479725               21
  0.46160625128090282               23
  0.44297522082263180               21
  0.24652162367824346               21
   7.7304585855022423E-002          18
  0.57982752646061264               20
  0.53066134460395675               21
  0.63254026898356952               21
  0.40140643956600597               20
   1.0357275219548683               17
  0.54980103896252674               22
  0.92254875162354810               20
  0.91652914987541734               20
  0.98996875393737160               18
   1.0452251136953767               18
  0.94217800800139351               16
  0.83916283231244859               23
  0.92312057518143098               21
  0.86518748900634335               19
  0.80175849971512814               21
   1.1379653554968308               17
  0.84041971191216280               23
  0.73999521186034500               22
   1.1579897300192366               20
   1.1043118374056460               16
  0.90289572138311547               20
   1.0224935886854079               17
   1.1696684836839362               15
  0.75591906207332848               18
  0.89060054030573266               17
  0.89341446176477779               20
  0.86877903309905358               18
  0.75225809767726570               17
  0.85948103921052832               19
  0.51305281683280546               20
  0.76095384161285329               23
  0.88425047112706257               20
  0.86261194034243027               18
  0.72837298999072764               19
  0.85747118646918807               19
  0.63651275830704401               21
  0.28345737598740112               19
  0.75495172263205834               21
  0.31939773714224329               14
  0.46835982025700540               21
  0.49174543862654724               25
  0.75897914150610657               22
  0.37372658222137822               16
  0.53382944009877975               26
  0.39935496976152396               18
  0.59408800939398287               22
  0.60016474237332040               20
  0.31864144979895048               19
  0.36359708437352434               18
  0.76109099150864234               19
  0.52683279271076389               19
  0.73734603290460576               19
  0.75879848576931430               19
  0.56235708867925460               20
  0.47598531722911808               22
  0.71079512724979521               17
  0.72753955469436049               22
  0.70863892531026329               20
  0.98033416755586666               21
  0.48226182459080874               18
  0.89207061046856806               22
   1.0672140344555010               16
  0.74738930742339549               20
  0.72992754979603847               20
   1.2126336796618689               19
  0.59449237073322814               19
  0.68900809262067531               19
   1.1175811450993556               17
  0.82047277555750364               23
  0.85131785676515581               22
  0.83011521733048022               22
   1.0422287249210365               20
   1.0997837016216256               19
  0.80856980261058098               20
  0.88049843376900205               17
  0.93014175090705342               25
  0.76692152959939575               17
  0.85716756170464969               22
  0.94730798470078670               21
  0.65083092555001620               21
  0.98855501042265881               20
  0.26952182561722748               16
  0.46687796745760107               19
  0.52721316032747401               23
   1.1570179064808219               15
  0.63417619579670015               19
  0.85935330997480752               20
  0.37929587860994085               22
  0.59547716658300509               19
  0.77695784476934537               19
  0.68830423292349918               20
  0.44850923795978875               20
  0.22570979070353800               15
  0.50284713614567267               25
  0.33048645299696838               19
  0.55113084278596336               23
  0.87263624366273251               18
  0.73958734073524168               20
  0.21519521238046826               19
  0.32096391799697155               18
  0.80270436195152362               19
  0.46518417573614157               21
  0.47578957781387771               20
  0.81279082977262829               23
  0.49879680801758042               24
  0.61236309695921465               21
  0.95408166914848480               19
   1.0252814846448579               18
  0.77158689052235274               23
   1.0656195684132410               16
  0.99964690515066557               19
  0.65652466327921333               16
  0.84608665118222570               21
  0.85105472139033977               24
  0.98239634820458244               19
  0.79109064518463190               21
  0.66762698693518174               17
   1.0199416434339739               14
   1.1303239991246110               19
   1.0553422883059658               16
  0.82796897771575362               25
  0.99053271929844344               19
   1.2056909199528523               15
  0.98822967420067609               18
  0.72498934480798749               19
  0.90498247410117394               19
   1.0379936005290411               17
  0.35705452868088006               22
  0.69567259195801678               16
  0.80647630145000571               24
   1.1437098068150682               18
  0.68412092539972125               22
   1.0666255252428807               21
  0.62844403327279119               17
  0.59398671583984397               23
  0.79524765031356548               20
  0.53482121281589601               18
  0.68990191215098007               20
  0.49719406139657779               18
  0.36142673092620414               19
  0.70595007486875827               21
  0.45240426131860917               20
  0.38161353901059603               19
  0.51626064916339587               24
  0.66029754974732735               20
  0.16545039198530501               14
  0.60239677208447506               19
  0.70036489672949820               21
  0.29832649145184303               18
  0.53797858836529588               25
  0.34027388529960573               19
  0.22517800318837458               18
  0.86201556822365266               19
  0.41443563530098426               19
  0.56665339830724826               18
  0.75621868938254311               17
  0.88615904686026969               22
  0.41590685610001132               22
   1.0301166761816036               17
  0.75607614134832279               22
  0.67329944930038854               17
  0.40453635417462830               17
   1.0373193057406203               17
  0.84405568078501059               19
  0.82241906219785477               25
   1.1982449185372381               19
  0.65234787174373565               19
  0.99047611270233493               17
  0.94678748576142979               18
  0.85177045134636564               21
  0.74334508298081636               22
  0.94106088120735676               18
  0.99849169346015221               18
  0.94286445762669202               17
  0.98759402576975441               19
  0.88302406280469747               18
   1.0974190102359569               19
  0.69324820151931121               18
  0.67385790380301303               24
  0.56752990075124388               23
  0.93235926058681506               17
  0.43710426967889116               19
  0.60979931609107962               22
  0.90716326574213801               20
  0.58101121450460269               23
  0.64141759716878710               18
  0.57041371088026471               18
  0.59508581141004258               21
  0.87357333132978199               23
  0.37951764363499418               18
  0.41752643802574757               18
  0.63055896553231561               22
  0.28670387710063083               21
  0.40832753454724774               20
  0.54424788883427078               19
  0.70298804056306319               20
  0.43888498450238850               23
  0.50091397768613755               17
  0.39128882503380952               20
  0.81564664542696408               21
  0.46714177043345501               20
  0.55447777674301346               23
  0.76856665786795031               15
  0.65256673952575428               17
  0.41114739265317929               23
  0.44829275323564416               17
  0.56705702799576307               20
  0.67008299993920251               16
  0.74273929608990075               19
  0.72406934403318690               19
  0.85928403689236732               21
  0.76360661317373080               23
  0.77905179305136907               21
  0.96549322921064817               19
  0.50693975994713913               20
  0.37280610719151552               18
  0.82943390852469179               25
  0.93871501781689570               15
  0.97872128968988126               18
   1.0741815660938627               16
  0.86382563974912041               21
  0.70488106955272845               19
  0.44331112416067903               18
  0.77897894050575600               17
   1.0837291572714687               16
  0.98335423570735192               22
   1.0501083927312476               19
  0.54382682956347317               24
  0.79767619786061561               21
  0.69788839948086590               20
  0.75658168603136078               16
  0.39062452986267554               22
  0.48438188204197197               19
  0.41632337346793363               21
  0.52179153015105950               18
  0.57882039587918332               22
  0.66550160803770286               21
  0.39208136429342205               17
  0.64509842653734706               17
  0.55099733190413769               21
  0.51322890158190348               19
  0.25639075849287413               15
   9.5737944076085879E-002          18
  0.36998093822125916               21
  0.24714222139387923               20
  0.53920772440611286               22
  0.39972862497337769               22
  0.40816701291306678               20
  0.42487049509673619               23
  0.25088773829814492               17
  0.22250739017230478               18
  0.35521443827031346               18
  0.85619162847426133               21
  0.34151364564171904               21
  0.70357067169539134               18
  0.65287885680796154               18
  0.61036997694005013               18
  0.56371967738702744               21
  0.90491878077519861               20
  0.35017662907826902               19
  0.66158765196586033               20
  0.42536376938632758               21
  0.99479465380379828               17
  0.86678943766769223               19
  0.80285838197330794               18
   1.3178617995041921               15
  0.78428403895529375               20
  0.85835588246012640               17
   1.2404770948201869               20
   1.0692660850429179               15
  0.96680112353707870               14
   1.0440242425152708               20
   1.0027816064594905               23
   1.1107399525030273               21
  0.46389387713799546               20
  0.86920664785296620               18
  0.62073350697391072               19
  0.73755853972315422               21
  0.86473455920357800               18
  0.74035458891053196               20
   1.0266120826747500               21
  0.72966411354392668               21
  0.35291314410282565               20
  0.64588827595170117               17
  0.13438898748615902               19
  0.84440705284077522               21
  0.64074451465742588               20
  0.44536823167015638               23
  0.60423272130516525               21
  0.48502264868290029               24
  0.20135610313517407               15
  0.52272705127339603               21
  0.54532356231874013               19
  0.27308715021383867               18
  0.13288899360456874               14
  0.50509144012866414               22
  0.62428294440607723               18
  0.15687009469534163               16
  0.71323299268450191               21
  0.65559229004181963               15
  0.52424062815726513               21
  0.42941621673555269               18
  0.33237117152704249               15
  0.73903696390438367               21
  0.54048613062317930               21
  0.88557236159030051               21
  0.90124883653956323               16
  0.30126126191067959               17
  0.59014238580956613               18
  0.66879324272824348               15
  0.60236869678059746               20
  0.90816618618846012               20
  0.87187689357085951               22
  0.76541151160530740               20
  0.97037534643432033               17
  0.70277495552411706               20
  0.63984262811167048               20
  0.61996496279661861               17
  0.91860560374375699               19
   1.0037050408894332               16
  0.88532301076229603               20
  0.91998926214096699               22
  0.88590859362791896               19
  0.75648021549681288               18
  0.92465518035486882               18
  0.72503505306952243               18
  0.86401620848980598               20
  0.91874895701397175               22
  0.68777559786934628               19
  0.84598273593295137               17
  0.75466811346420071               18
  0.37501576037316808               20
  0.55555967371170289               24
  0.39679488587228623               20
  0.45535932461204420               21
  0.49583628065210988               22
  0.63219087270476726               23
  0.38965926498714354               19
  0.29011435622856147               22
  0.18761625313519315               17
  0.67567100812267844               25
  0.66877873824343015               19
  0.19438220584789481               19
  0.21641973066725220               21
  0.52430051136205336               20
  0.37482652003564682               20
  0.26820272145156115               20
  0.60983670181378169               19
  0.41862442502022434               20
  0.52391184223453202               22
  0.33700012209615393               24
  0.13784284681687409               18
  0.26050045991703280               21
  0.80558684471063657               23
  0.68252377518412366               19
  0.45222753552596395               20
  0.29053600316181322               20
  0.48838953743358460               22
  0.41063999559652087               19
  0.81878704966313698               22
  0.89898257664290160               23
  0.76739881762013107               21
  0.73845324131704504               22
  0.95446381610694109               16
  0.71088068422149586               19
  0.93129441786815526               21
  0.91260718399301222               15
  0.93857047721702380               22
   1.1576299155062115               14
  0.92636482583932134               21
  0.66823199712651171               19
  0.66292124357968985               17
  0.79823597872218011               21
  0.77089146623089855               21
   1.0196744022427613               19
  0.83073881449271203               19
  0.83769667085915345               22
  0.93140861627439209               17
  0.47286376638800276               22
  0.62609443477884041               19
  0.78176187940682984               23
  0.56524663942208975               24
  0.67520562310822063               20
  0.89682527840899251               19
  0.55050236445780532               18
  0.52706435933362705               21
  0.67269863589365819               19
  0.60030452018181069               17
  0.49306679167442002               18
  0.17365556337630927               18
  0.14955792403547305               14
  0.56138714089075170               23
  0.72165176316996316               20
  0.39778304388456748               19
  0.44305845552547896               20
   9.2854608514179038E-002          22
  0.31911766881806986               16
  0.49825870411833090               19
  0.50118126092244286               20
  0.23972318389540753               20
  0.20262927552733787               16
  0.27481067653504243               18
  0.67090660929092105               20
  0.46985118441342311               16
  0.92446400528491257               21
  0.57520394532492247               21
  0.64163959188242803               21
  0.98338814652564666               16
  0.95619644070185783               16
  0.99615521276464003               18
  0.76992679341560755               21
  0.77615859248997288               21
  0.75489939809777196               20
  0.94657549920819295               14
  0.77970716332938239               21
   1.0292105141679695               20
  0.62446207600221493               16
   1.0368723057351281               14
  0.90650938011685278               19
  0.76622099212114725               17
  0.54046945127647117               21
   1.2199026139399622               16
  0.75227539074427652               19
  0.98208121317308061               20
  0.96798094738791052               19
  0.63769885248169889               18
  0.92181346822290200               20
  0.70634285842299938               18
  0.73096997750330261               18
  0.43219059427519163               23
  0.38841673367356888               22
  0.55774628042808838               21
  0.35889522572595489               22
  0.62745947522992329               19
  0.75568153300740104               17
  0.40378761126324220               18
  0.70234058041871772               21
  0.45421764964959666               19
  0.28236981251590970               17
  0.21187667020812098               17
  0.51819710186089030               20
  0.56672250100405708               17
  0.27795228534468608               18
  0.38297871185302851               20
  0.43710853402145339               21
  0.35280155299285432               20
  0.14211785955665468               17
  0.46113642963968077               18
  0.61608375382350988               20
  0.36845028808023411               16
  0.38047646290662163               24
  0.53965511864961646               18
  0.30560813486696781               17
  0.64127348579485155               21
  0.27627737017222975               20
  0.57180690084248154               18
  0.44708755229837899               19
  0.69262009494739118               18
  0.34518077711066647               18
  0.71840669879868169               17
  0.54708096078646395               21
  0.86928052685488533               19
  0.91475105878133034               15
  0.70622255954594160               20
   1.0471435096740089               17
  0.85426182890563696               24
  0.66705762504654120               20
  0.95980882369318721               18
  0.93288957946594808               20
  0.97428327855761465               19
  0.88985672558954421               23
  0.61421000387601199               17
  0.84792863940649776               17
  0.70811440236658085               17
  0.79302713589491414               19
  0.93736407489667606               19
  0.49577476990983060               19
  0.65461474233010497               17
  0.28688800430785627               20
  0.55002302033081851               20
  0.29752960117899491               23
  0.53145643016411293               17
  0.37147362266210687               23
  0.54631120122026933               21
  0.77918194714101729               16
  0.64130849504013987               21
  0.31114369548100718               20
  0.47477465023860677               21
   7.7701550311740392E-002          18
  0.45497598905917847               19
  0.12088122255249320               18
  0.22316986318759949               20
  0.43264712854662390               20
  0.19288884650908752               19
   3.9510519349149779E-002          21
  0.27171034222301693               16
  0.55883514401593193               18
  0.30073351453859465               20
  0.27820376848077499               22
  0.21754489734943214               21
  0.19220179619346667               21
  0.82061319704989744               16
  0.46774708154208144               21
  0.26909821111160331               19
  0.55966605737896091               22
  0.40017058066038652               19
  0.58319192080148441               21
  0.64180253595602454               18
  0.54320685908607180               20
  0.72593720454822996               22
  0.51373394869771871               20
  0.62407364218738492               18
  0.51539652783809375               24
  0.72333085204163716               20
  0.81013479964171198               22
  0.64949866589762895               23
  0.95314978027050579               16
  0.97380393026749101               16
  0.88957940392836232               20
  0.94475636363135840               19
  0.86180876776361315               23
  0.94104661971771408               20
  0.84448531035881980               22
  0.66281588767677857               18
  0.73785105879586543               19
  0.73193248420828894               22
  0.56230589952551591               17
  0.87213174978202723               18
  0.92728379769899105               19
  0.64206552753148527               18
  0.69444364072724030               22
  0.75148661465277977               17
  0.63264618830682029               19
  0.49139005453671819               17
  0.85955334673379657               15
  0.70136060339775774               19
  0.32837693108548832               19
  0.10426602347121823               16
  0.17495408752451436               18
  0.16105511440433440               13
   4.1507070799609171E-002          18
  0.30626947894581746               24
  0.39980530117866891               18
  0.53461953234499004               20
  0.16356062424857906               17
  0.61056844613343175               19
  0.33814251116517086               20
  0.31953989293611895               15
  0.34535009639357012               20
   5.0905277895830159E-002          16
  0.43293883072701028               19
  0.13138420452892419               22
  0.39061455240002868               17
  0.44978914223764349               19
  0.41478127277570331               21
  0.50156755562986954               23
  0.43649818891790537               27
  0.31506470619546972               20
  0.35026958058692292               22
  0.89269789992720716               18
  0.45868762389408502               20
  0.46803130565974344               22
  0.82078546071672709               25
  0.88714820105855041               16
  0.81722063900967745               20
  0.61450829907844484               19
  0.82240526517307866               18
   1.0273401582859554               15
  0.83620615445508406               18
  0.77901732660520995               19
  0.90720927497589499               19
  0.56893276611683519               17
  0.55262061273860930               16
  0.85310842182521285               21
  0.75941644422099686               18
  0.82396790638726103               17
  0.36066530891075066               20
   1.0087926495011466               16
  0.77596858297784754               22
  0.85111555403944628               21
  0.95211351199678862               22
  0.25656533760629346               20
  0.94883177932649854               15
  0.68131080554710310               17
  0.97524271159941456               16
  0.62055341811534870               26
  0.40667496636070349               21
  0.49655489390443780               24
  0.54563740893408730               21
  0.39990885061229842               18
  0.51433336554976894               20
  0.39414185240596494               18
  0.10388514949840626               16
  0.16233906590863240               17
  0.12647998286503176               18
  0.12876901793021808               17
  0.19295120513848135               19
  0.25666278404297699               22
  0.27672704363333472               18
   2.6548055489120700E-002          18
  0.27553053655033660               16
  0.35419011129128219               20
  0.23817266079475152               18
  0.39378781629707582               21
  0.60003292694840615               17
  0.48100846737271236               19
  0.39228220882394882               24
  0.59490021707484553               21
  0.35402063511606047               23
  0.63608024949840369               18
  0.60409532899751461               17
  0.54772783821944548               18
  0.46287122411907428               21
  0.63603150416451770               19
  0.82951181180028133               17
  0.76542500077525377               19
   1.0839142097676184               16
  0.82368061140083759               19
  0.78270611615142371               23
   1.0204088155978057               19
  0.49421978196878680               20
   1.0016167655091788               20
  0.89110688878850430               15
  0.96628124858582953               17
  0.77140126130739017               18
  0.90603611794441530               18
  0.96561102842683566               17
  0.79406281272071833               17
  0.68775464507368689               18
  0.55159078114007276               16
   1.0758416367686157               18
  0.21989152313341143               17
  0.63713455867578250               21
  0.79381961463600292               18
  0.47902943482538690               23
  0.28582721696600938               21
  0.58326169827162655               18
  0.59219681039567862               21
  0.37514722575611031               21
  0.38058226605786044               19
  0.50847968363254981               19
  0.25082289867744301               19
  0.22080535790742484               21
  0.42421916823090738               20
  0.45585679257089506               18
  0.24081663910585188               20
  0.17939281187758432               19
  0.20909793103795105               18
  0.38489908539803641               19
  0.21156972711761149               17
  0.62707149765202552               20
  0.32814802084839895               21
  0.57176353972903526               21
  0.75443861878317620               20
  0.48227735775269293               20
  0.11965365699299371               20
  0.43005035667526620               23
  0.46321243842184245               20
  0.65829856527022834               20
  0.81356284379148103               19
  0.67855472749928281               22
  0.30892164052978605               21
  0.72389158904067441               20
  0.89080610102325963               14
  0.80638468412837272               21
  0.84135592861966824               24
  0.85440270899861015               18
  0.74405922986818562               20
  0.62016896924166620               16
  0.92745858803504244               15
  0.58416026959088074               20
  0.85523512243474220               16
  0.69875905493628387               23
  0.82730184190673628               15
  0.95769840925477778               19
  0.94592499062831603               16
  0.60082837975236447               18
  0.61579511944458931               20
  0.65722119986761907               19
  0.77959421128572404               16
  0.47001462698010210               23
  0.33256597975564278               21
  0.54935006193663072               22
  0.49170660169597252               16
  0.72777372729722889               19
  0.22991606633862852               22
  0.66122588274955929               16
   4.4356049643987157E-002          20
  0.43988078796460051               19
  0.31085332310417257               21
  0.52643020763395476               19
  0.33487167072979285               22
  0.45429663942846754               18
  0.50904613777269969               20
  0.22592519013756743               20
  0.16360525395373873               21
  0.63600621316221129               22
  0.24338606677710037               19
  0.28881790729656287               24
  0.46674687523095981               23
  0.15925577855349873               19
  0.11594762082656568               19
  0.44763766562168567               22
  0.32883579397732210               17
  0.23057436870878634               19
  0.32705237251105268               21
  0.70110560119361842               22
  0.47212733187104172               23
  0.37321145116228088               17
  0.82850044966008474               21
  0.30269461673966175               20
  0.57022193491975715               18
  0.98564134881219467               19
  0.56281900019808206               19
  0.43211557040400517               23
  0.88996621378142005               18
  0.77110348630477765               24
  0.50841846187895501               21
  0.86507178465559897               18
  0.95274869060344103               17
  0.96297590664903931               14
  0.74238106831807804               16
  0.86610135702952407               21
   1.0152453245727620               18
  0.99641135055777463               19
  0.63772744283077132               22
  0.29375852984457124               19
  0.58238066157073931               17
  0.59913325040732757               20
  0.65768338496787826               16
  0.63666765457612529               18
  0.69338046300510414               18
  0.44524973677967206               20
  0.24221144625785240               18
  0.56155128004327781               20
  0.58882725347729969               21
  0.61413347466598611               23
  0.59288638581576991               17
  0.17209009458148936               17
  0.59699345783650148               19
  0.17524072590257470               20
   9.0075666523656506E-002          19
  0.27644564201445065               18
   6.1520425923518231E-002          17
  0.24551492769291186               23
  0.33859744986774659               21
  0.20055573388645170               23
  0.47248532982514396               23
  0.27761720978999327               16
  0.47820820678729681               18
  0.49618721052987713               19
  0.35567544877279761               19
  0.22961561803059943               18
  0.24378590110930476               19
  0.35533854417779936               17
  0.29301398719773669               21
  0.57356546919328233               16
  0.28934954732695967               17
  0.17200345374469270               19
  0.63149551539019111               20
  0.19437071099556791               18
  0.58081102506959226               20
  0.72525282600610597               21
  0.74095743960480731               21
  0.76956373773199682               18
  0.94445670863715736               15
  0.95679768243986774               15
  0.77153737517812115               21
  0.56334477671732608               21
  0.96521885814113628               16
  0.65666941925242794               18
  0.34158390639841613               17
  0.93362842342670438               19
  0.76074421351714416               22
  0.86759657414728841               21
  0.80714152359930036               19
  0.54190633157504864               22
  0.71449372133419520               22
  0.69721379344784074               19
  0.61447718829050724               17
  0.51872459408928329               20
  0.83845191600663049               16
  0.71891421219426610               17
  0.33558960768069851               23
  0.53711734021404978               21
  0.78139857271027091               19
  0.28659923536781923               25
  0.42923861014899367               20
  0.30941597341712990               21
  0.20739181694427355               20
  0.47851674698759228               20
  0.51056327222405351               18
  0.41802733659697788               21
  0.25896270680150374               23
  0.45274292950655859               21
  0.14240060931177828               21
  0.45090599760042244               20
  0.11271024953282495               19
  0.14121671815417067               18
   9.8430791719545593E-002          19
  0.46149951683054935               18
  0.51691640004591866               23
  0.14388175038593484               19
  0.40783809065512266               17
  0.36678478890913857               16
  0.57946372810406999               21
  0.38114499455248008               21
  0.33710769479553399               16
  0.55534828331379105               18
  0.34967919131699660               19
  0.37222724253444528               19
  0.68236987535290183               23
   1.0380865838226880               17
  0.77558814276147303               20
  0.55319753340892275               18
  0.86582030535189469               17
  0.81732737473292549               21
  0.77011479808732475               22
  0.94954651093869080               19
  0.79884213296814144               17
  0.60642520725237770               19
  0.62684005497995077               18
  0.98823508370084689               18
  0.89513830330634858               18
  0.94168773297450314               16
  0.70833451107187317               18
  0.69196830248558616               22
  0.90487983702032448               20
  0.44377896859600491               21
  0.53084680453597044               23
   1.0335063280706946               19
  0.24727751610009605               19
  0.29205646431199678               23
  0.45572849245921027               20
  0.34930462351696612               19
  0.11765934477455220               19
  0.40524631419315710               23
  0.39896638065331380               20
  0.67433354609039209               19
  0.36006507605637383               23
  0.64603052328076660               20
  0.39578363063368110               19
   7.3724067056357159E-002          18
  0.24577052451015535               15
  0.19426608983956381               19
  0.40840637311932165               16
  0.33267627473272388               17
  0.35933513152217078               20
  0.16389469946938096               17
  0.28321243882187519               19
  0.40703910719387720               19
  0.14644211942821447               16
  0.49783806574767231               21
  0.17227067702365109               18
  0.44627755901572697               21
  0.12221362420396542               19
  0.53203294250174960               19
  0.15265950312202339               19
  0.35361036185971861               23
  0.43854119537329095               24
  0.55911336977490877               21
  0.58303809251630234               22
  0.36104367761668343               20
  0.76699978492987497               21
  0.73910396458049699               20
  0.70892526788587529               16
  0.97523297703442735               15
  0.93874372916192139               19
  0.92907506338231216               17
  0.69498424387425473               19
  0.77338111544863497               21
  0.92794003649989654               17
  0.79902434818137558               19
  0.65077327638724958               19
  0.66026615775094022               20
  0.79146485731011085               21
  0.83125454837206192               17
  0.71722749552549114               20
  0.85533096284794097               16
  0.80026984521144584               19
  0.73074033587387222               15
  0.88260690484638016               17
  0.77789697646700473               14
  0.47655803579152733               20
  0.56979059680461797               18
  0.16796468262482481               21
  0.41571880887545054               20
  0.36518179959938379               18
  0.34879576769079401               23
  0.67327606343828328               15
  0.47445869656366518               22
  0.44714239725774085               20
  0.22660029424015388               20
  0.33391104682608386               18
  0.46898358036868193               21
  0.43653254074779485               16
  0.29194813665210234               21
  0.20507184088057645               19
  0.45671365941859765               24
  0.50640557759572702               18
  0.26132061046464283               18
  0.46673570253466540               15
  0.69727049652237250               17
  0.36419110813972555               20
  0.31867787573623452               19
  0.32476876510344793               21
  0.47030135939636725               18
  0.53816042634803807               17
  0.87429966536679560               16
  0.23875635169825010               15
  0.82871286665015875               19
  0.89194685596555434               17
  0.71146701193620643               20
  0.92463114771524346               16
  0.74603960848607875               22
  0.77204089860063196               22
  0.77071827147467642               21
  0.93888617148038533               17
  0.83531038103773303               19
   1.0598296232129978               20
  0.73855390897692685               22
  0.92310471491764590               23
  0.88943443312751103               20
  0.88881261893421060               19
  0.96153141965603894               18
  0.89132691778256656               21
  0.79490678267931936               17
   1.0312675127670718               17
  0.78380760254131765               18
  0.89228907286652792               19
  0.40166073754447945               22
  0.66228524537394973               17
  0.92805113567570274               19
  0.61107002352017692               23
  0.84680425828092976               20
  0.88561529454845611               20
  0.70506895134052272               20
  0.42998733353875812               20
  0.65520794939074745               17
  0.53876625737437411               22
  0.21180626633913241               24
  0.32945469926147464               17
  0.43633346629882419               20
  0.19275648260601341               18
  0.29525695721478712               24
  0.58991589925723886               22
  0.16985276746209513               19
  0.30521853232744034               19
   6.2798951097112837E-002          19
  0.33825743647154122               23
  0.28106675095466166               21
  0.46406430131213761               18
  0.23041266165980251               17
  0.27734772646137718               18
  0.39991281664020889               21
  0.36249646000199531               18
  0.46169630172484161               20
  0.51867449896176143               20
  0.51993584808767013               18
  0.37914450728335286               18
  0.95471253290165847               16
  0.70905705535894981               21
  0.79572810056851817               21
  0.50828504837381361               18
  0.85746813153885648               24
  0.91567470316763766               20
  0.89087373981142459               18
  0.60149160965183790               20
  0.76959001564564677               22
  0.87936147859091685               22
  0.46234498428646115               23
  0.79868800037023790               22
  0.98212248549320524               17
  0.86473021849904619               20
  0.96001462743591826               20
  0.86782203778241107               17
  0.67120312161393370               20
  0.93224220850203332               17
  0.78809474412884073               22
  0.92444876239552209               16
  0.65962985806637797               21
  0.95167468085995999               21
  0.54848893976216662               23
  0.80510686328603576               19
  0.51141791510473467               18
  0.40771342657790333               18
  0.75589868626617251               18
  0.32262484730987528               18
  0.36247983696235797               19
  0.58920736928848372               23
  0.22756205036490079               22
  0.24574750557580183               20
   5.6102718448530459E-002          18
  0.13149629861740889               18
  0.59687390134954732               21
  0.47124239291262748               18
  0.28092404272125870               21
  0.17685954433048978               20
  0.30566049382703475               18
  0.37140772294078828               19
  0.28390984718812889               20
  0.55061379223756235               17
  0.26537950055052739               18
  0.32557914679451500               20
  0.44081091081001145               16
  0.61487632677852067               19
  0.47752017230914062               15
  0.17373412358951412               18
  0.63099603987416231               22
  0.75469465076681219               21
  0.57521319145634087               19
  0.82515587123133516               20
  0.59670623531069322               19
  0.48136336425830700               24
   1.0276899833652784               18
  0.51368556791104147               23
  0.93560079147849495               15
  0.78070172653906500               21
  0.97359527728702655               18
   1.0851201049691974               17
  0.88021156154316949               22
  0.93832994081599108               18
  0.93162458014138039               16
   1.0602076717992879               17
  0.90290076671448649               20
  0.92494498063818997               23
  0.75615440076920915               18
  0.74563667636728337               18
  0.61800645558822986               20
  0.89755098643700038               17
  0.91587753311680120               17
  0.60238825935689322               18
  0.63000306295329744               22
  0.70406844630409426               17
  0.50905510306265511               21
  0.64527122338328446               18
  0.86672183397437019               19
  0.51754098755795208               19
  0.49379804189680132               20
  0.32181474658985559               18
  0.25437866615894505               19
  0.74045303153388331               15
  0.42913315201533742               20
  0.25896716001453318               24
  0.39631129417359728               18
  0.29644897918901431               19
  0.32817536087194632               19
  0.30334570502841024               21
  0.43371071486592400               20
  0.72640768553716217               17
  0.48976594852688277               18
  0.25047287553002712               20
  0.85874472449716865               20
  0.46821524442724632               18
  0.47786436709236468               20
  0.59100473153087540               19
  0.38706721630149243               17
  0.51590776184136411               23
  0.67484758726331184               21
  0.37708473550956806               18
  0.27686734337231456               21
  0.58143260180847689               18
  0.92095052380611220               17
  0.65217025277590202               18
  0.94110831541039774               17
  0.86452189849641248               18
  0.78962942493612887               22
  0.61880928963709381               18
   1.1068691156937474               15
  0.88247948999960135               19
  0.74907512236245044               25
  0.94270801970543172               17
  0.91626452940857372               17
  0.74796206396913734               19
  0.91345010022374362               18
  0.50364231414123584               19
  0.70283659677881805               19
  0.81447856315826850               18
  0.42108938715291250               19
  0.59097871928545243               19
  0.47358624274156391               18
  0.65730562236147738               22
  0.54318293815107865               20
  0.98781527342620901               20
  0.76228140280077339               22
  0.80702070390797964               14
  0.78626738773692084               20
  0.69182362952970777               16
  0.56463264486867593               20
  0.32851530886923330               17
  0.42499022365832650               18
  0.41709648683754558               19
  0.31763201001763641               16
  0.61770889143056018               21
  0.42900393755215133               19
  0.12742141328358103               21
  0.21217439221580853               19
  0.38035912164325536               17
  0.25830532096150471               20
  0.37978696149933727               21
  0.41161948981254126               22
  0.77314299733645719               17
   8.1548916490780096E-002          20
  0.66679594639019479               19
  0.31729343945599781               22
  0.34967051627054163               19
  0.24646395578559216               20
  0.69491514512238461               19
  0.79055106041729062               19
  0.66956374682952002               26
  0.91694022293252853               15
  0.70169650173586051               27
  0.87469538276335135               19
  0.65793308330062406               19
  0.72892419412830667               19
  0.86908460939289078               19
  0.85277097777150002               18
  0.77174388631228441               22
  0.72317203102989680               27
  0.97972959342154964               18
  0.87872485374531639               21
   1.0978116169218195               17
  0.87268967656829921               21
  0.65503806883731541               21
  0.89456005917081027               21
  0.80583138041629587               16
   1.1221226999758322               17
  0.82818869816689589               21
  0.59056593413154923               20
  0.91338927387862723               19
  0.81789594561700907               20
  0.82145672182278884               19
  0.48085475450351001               21
  0.49026199891442851               18
  0.47719912427199485               20
  0.67660927116771119               21
  0.85206821731315785               22
  0.75655471946796493               21
  0.70564703328950107               18
  0.82308988124709859               20
  0.21172365713449096               22
  0.27312729106118155               24
  0.46461335368258116               18
   4.9826540328306780E-002          20
  0.21454326459632483               23
  0.57943319659240289               20
  0.38041055858837924               18
  0.38899638395643027               24
  0.66497075664697647               19
  0.67091898470998457               17
  0.24176969188028127               21
  0.48598161062000816               19
  0.56481374080436586               19
  0.70543440386913425               20
  0.58062536751478577               20
  0.81664537395138714               22
  0.57097507112851109               17
  0.68120152097944431               19
  0.58549887603561268               19
  0.67039316923913006               16
  0.66900021849179991               22
  0.72222048081443746               26
  0.79080255278212974               23
  0.51355358419634334               23
  0.97978611641163205               20
  0.84267767613250844               17
  0.77865352827225143               23
  0.53313829562676907               16
  0.94947993799459063               18
  0.87254067477411035               15
  0.98351501679273379               21
   1.0001441050324338               16
  0.96360789900993371               17
  0.90576277274614525               19
  0.90119143973352245               17
   1.0930238338235467               18
  0.97406578655797060               21
   1.0164887411423811               18
  0.94952794323106871               20
  0.80311043485992362               16
  0.52599892299473694               18
  0.50043491378208582               21
  0.84176224625348539               14
  0.62974302942532701               24
  0.26209874717712672               18
  0.79799468214244784               16
  0.92240287910560559               21
  0.35598578745194226               18
  0.54546058061961833               20
  0.52299439138192405               17
  0.23014610220091089               19
  0.48305367606924693               18
  0.38702053770012634               19
  0.67214915974754330               19
  0.61612072740687596               17
  0.31535563098397873               21
  0.51876268712343443               20
  0.51740724927961457               17
  0.71948955228779077               18
  0.60005987901634139               18
  0.94399300901227678               16
  0.70233183393525389               18
  0.62174262378726286               20
  0.65643342924616221               18
   1.0443177921438571               23
  0.49320711447295956               22
  0.56927255860836046               20
  0.62012233187290622               20
  0.53591967380549921               19
  0.82729006486795709               20
  0.68227812376110286               23
  0.77469270191200967               17
  0.85094312723248500               16
  0.47459995274402250               18
  0.99274286678603951               18
  0.74321996370766075               26
  0.71608667850521301               24
  0.80993370338791892               21
  0.72687810723552571               17
  0.97152334056297085               17
  0.98858397402867515               18
  0.95624175780996268               17
  0.96006058343103706               19
  0.87349319513517631               23
   1.0126863735070197               18
  0.78896094025512697               18
  0.70240092618619177               22
  0.63379368664940361               19
   1.0545539885709498               16
   1.1250206862471968               15
  0.92119165762337063               21
  0.71414739753264178               19
  0.48195651250393734               19
  0.68728369572475190               22
   1.0761618876586929               16
  0.59184179455495833               17
  0.50596142021423762               18
  0.82413321359909930               17
  0.51701989371341484               19
  0.45797100025849080               19
  0.22572654065573430               20
  0.65409211863173744               23
  0.58453651251284144               20
  0.49657288927786147               21
  0.15848219664076094               20
  0.38659943840966005               18
  0.60813780426425357               17
  0.74975087883354830               20
  0.44998196865460338               18
  0.30199040778148017               17
  0.79604753740732082               16
  0.24634856256239571               18
  0.92323652062511075               19
  0.62788923901615645               17
  0.64280085046927216               20
  0.30816208162512265               18
  0.67435012229357494               18
   9.6609254112412307E-002          22
  0.98329872280391339               16
  0.70581929410591282               25
  0.53920543092550510               21
  0.88039980315717248               16
  0.68113502600872722               22
   1.0809810422089519               17
  0.97297958640428406               21
  0.88477080035173483               19
  0.92097129341869710               19
   1.0248652016390150               20
  0.91830007780114942               21
  0.86835094350494157               19
  0.75254449244156463               19
  0.76839061619968418               18
  0.93148506822084409               19
  0.96417278700812392               17
  0.98315260027680207               19
  0.92271800093345657               20
   1.1004047594607409               17
   1.0150512729700805               19
   1.1590898669315997               18
  0.88516151794144038               18
  0.67422469071498992               17
  0.59526911894983325               21
  0.85927945734696942               21
  0.79991132357597738               16
  0.59194494527644470               18
   1.1382611460737371               18
  0.76750986596359516               15
  0.89749802533996303               19
  0.60001451437668496               21
  0.43100747397577921               21
  0.81675325166806378               19
  0.35990276063808119               20
  0.40448149879858070               19
   5.3046757667459331E-002          21
  0.42674197616170345               18
  0.37161186327380091               22
  0.59427528649876138               19
  0.74476787015774404               17
  0.89808930301760237               16
  0.64658531096019300               18
  0.44431247493283199               21
  0.54317375625959186               21
  0.54682092074417710               19
  0.90070952981122987               16
  0.61006274941311678               21
  0.81823303720105589               20
  0.72802011034259329               16
  0.85646082904101195               16
  0.48527994389054807               17
  0.42489141783988532               23
  0.50236084874905462               16
  0.28044020322401941               17
  0.71679681367734904               25
  0.89691848868104618               17
   1.2024478872524327               20
   1.0750113032756405               23
  0.83573179537968112               20
  0.75475057421043668               18
   1.0083512047781997               17
   1.1924556932378045               19
  0.81983185820778071               20
  0.87994269079371079               18
  0.91101986707489413               20
   1.0192735319628292               17
   1.0676120536045597               15
   1.0600136244365463               20
   1.1315955178573804               15
  0.81057472167126154               20
  0.98372703544734974               20
  0.47638754218812479               19
  0.58495511630876085               19
  0.91900194811567626               21
  0.75894705844322063               18
  0.93025556996289094               18
  0.57786879905974342               18
  0.70108957494194213               17
  0.76267543136634053               20
  0.89282531701894929               19
  0.43633985312425660               18
  0.39092022420576750               19
  0.58389153628797785               17
  0.25992499592854401               19
  0.88014853818094996               23
  0.48093954041960640               21
  0.54439514063992067               18
  0.84714226460523878               17
  0.41003354612199905               16
  0.56621144099169740               19
  0.73942755467715626               18
  0.90817178453094149               17
  0.48263343084897747               17
  0.16347117985100457               21
  0.52651571161919397               24
  0.21761152554261223               19
  0.22306341816239864               18
  0.51537990984621562               20
  0.54494622905400147               21
  0.76849209743368452               20
  0.70996599551756723               19
  0.84868010840182762               17
   1.0869714626890394               14
   1.0341886999582917               18
   1.0249788479274964               20
  0.95600614233091519               20
   1.0215605636964618               23
   1.0385261662877483               23
   1.2675403988947107               16
  0.99787472442453873               19
  0.98425757970240246               19
   1.0973080659682592               14
   1.0089791987416985               18
   1.2239070449262774               20
  0.95390446316927169               16
  0.95264312082680391               17
  0.78032563104244002               18
   1.1164539328571152               19
  0.68367926582894423               17
  0.89125898619932031               22
   1.0491569780760521               19
  0.97349335906797574               20
  0.52520642639473869               20
  0.45533044825283925               21
  0.78749958986849056               17
  0.67136540320744831               19
  0.85150868977811189               20
  0.76301172978493426               21
  0.63026854024774215               17
  0.52804604093964191               19
  0.72954558578281981               19
  0.86942965904883585               23
  0.39968656816579229               21
  0.45563518648569912               20
  0.60414682932390684               20
  0.69116284167351105               20
  0.89118820693558021               24
  0.62054097709953038               20
  0.54070769976631938               19
  0.54312618317614803               19
  0.61580635918551574               17
  0.88432922598028252               20
  0.62094193277714116               20
  0.77667357760651867               16
  0.60405093722509662               18
  0.73296522577208345               17
  0.76061884224393783               18
  0.90056263125474112               18
  0.79702459427756800               18
  0.46501518221698102               18
  0.76324181574998518               19
  0.79863730668768373               18
  0.93754965236829102               16
  0.53049400366517030               19
  0.68153997054963456               22
   1.1914929746214924               16
  0.80362746995298739               22
  0.92695119880376864               18
  0.81721876347319500               23
   1.2499249966031905               16
   1.0581687869226590               20
   1.0668863486807709               21
  0.69840020406688086               24
   1.0794200262868801               15
   1.0336514712056806               16
   1.1045958283705042               15
  0.88706293323708529               17
  0.82589314701453354               13
  0.82709493739498852               19
   1.0233874103170046               18
  0.59958159957976964               23
  0.98444604834279659               21
   1.0478461739624305               13
  0.73817385392221990               15
  0.73511269927225376               20
  0.62205000560288692               19
  0.53557060313344818               20
   1.0249624555048396               19
  0.71793389295792798               15
  0.81435392304378684               23
  0.90316877310785193               21
  0.70851945413962647               16
  0.63103992124361685               18
  0.39038695175466903               23
  0.56497566215110540               16
  0.99918742406166761               17
  0.72648466749033491               16
  0.62024251244282513               16
  0.27979963059735385               21
  0.40300830434113555               19
  0.78825200818732599               18
  0.96588504816096254               19
  0.74406580688795887               20
  0.87080633433235732               17
  0.82635119853412209               17
  0.66610016971533603               23
  0.99837417640031567               17
  0.36792752804890227               19
  0.61690613713495657               17
  0.56124248820800593               20
  0.72108527700868918               20
  0.62092490446567628               21
  0.85666689547886410               17
   1.1083485080243674               21
   1.1366064800908084               19
  0.68930685040559003               19
  0.81824654933423235               17
   1.0950312793356971               13
   1.1314931698336324               21
  0.99191917813649733               19
   1.0231340384674037               20
  0.92665998710719910               20
  0.99308389796154783               18
  0.85114795620744266               17
   1.0036364631477943               16
  0.91359430615760406               19
  0.77708818089491449               16
   1.1970530982196579               14
  0.81235285966964976               20
  0.90715519350733564               19
   1.0194752309050075               18
  0.71000058126313714               17
  0.88697865860482283               21
   1.0632573201955258               19
  0.73757427431231937               20
   1.0166601029034033               17
   1.2164483167208400               12
  0.96513939930995696               18
  0.60872775507636312               17
  0.91683919816941828               18
  0.53709198001727176               16
   1.0192450452097481               17
  0.65422994830693570               17
  0.98497657842531061               14
  0.81463384952595352               18
  0.91963888456240239               13
  0.28052236576565820               22
  0.60584069856793776               19
  0.87219339345080782               19
  0.74878731039884505               18
  0.51090374011473350               20
  0.86522870580448252               17
  0.63885373944969626               18
  0.81301725506652756               18
  0.47615096649372357               21
  0.21563877194895614               20
  0.47775405342858407               20
  0.95525740831835948               20
  0.82015011561711937               18
  0.97765203947454382               22
  0.88196891296836932               20
  0.75746971434656618               22
  0.84023463397333353               18
  0.68204858169489757               20
  0.64239377400732478               21
  0.95420233628719753               20
  0.68381591863195290               20
  0.88159892082574343               20
   1.0348394847858489               20
   1.2997578547672368               15
  0.87395597530782854               18
  0.98009593182039223               19
  0.99820891226637698               22
   1.1797542838177533               19
  0.95614122411450098               16
  0.85443363462922173               22
   1.0566164387621704               14
   1.1275734373973580               17
   1.1231191357550490               18
   1.0155912045336573               16
   1.1131646885801201               15
   1.2597921472272358               18
  0.41571948975821998               20
   1.0567593480466262               18
   1.1224693924627780               19
  0.86176190445423606               20
  0.98628515637238723               21
   1.0011490556535145               18
  0.93617466999409071               20
  0.64286106545942090               19
  0.90617911047680388               20
  0.82043191588578024               23
  0.93597088972478837               19
  0.60702098076588051               18
  0.85168303424864822               19
   1.0145190597721379               17
  0.60997195706430007               17
  0.50924952191597905               18
  0.91384254336022763               16
  0.34383564249518678               19
  0.37672705021947722               19
  0.98669979950872444               16
  0.79375680533821813               18
  0.89256593774116222               17
  0.50536104740431298               19
  0.47154250111488250               17
  0.83388941946003659               16
  0.95057076786204975               16
  0.41308616990837865               21
  0.90149571545623597               17
  0.79936510210521239               16
  0.75523866194786760               25
   1.1656006049128040               15
  0.64899643354358116               19
   1.3330234791465589               14
   1.0387352688008411               20
   1.1031155565516941               22
  0.98132206964600188               17
  0.88704358331248800               16
   1.2667367295049967               18
  0.80728542684260562               21
  0.92937277736585533               19
   1.0637911639806434               16
  0.80727695494368867               16
   1.0311487368224663               16
  0.95472239817195026               15
   1.2864169717029295               16
  0.96452758095385827               19
   1.0505468263037361               15
  0.87485649849699165               21
   1.1766633876887802               19
  0.98034323265743850               22
   1.2257996988896180               18
   1.1826458908009627               15
  0.69489910163305402               20
  0.89479916101968182               21
   1.0571000216637860               15
  0.97572925014587764               20
  0.85918054001871580               19
  0.62160358265882798               20
  0.82405936891546872               22
  0.90827686559311216               18
  0.96475577436771154               26
  0.49697362660178879               20
  0.80576215140403351               19
  0.36733414185487956               17
  0.91933630298939961               14
  0.64012160992135125               19
  0.53485907237860397               17
  0.89939240718161984               18
  0.75093321110093525               18
  0.50225574980854970               20
  0.60006846981788942               18
  0.93140105428348874               22
  0.76895538870115421               18
  0.43041513069404252               25
  0.70113023463884960               19
   1.0058995187723025               21
  0.69223996532246035               18
  0.97890645902203510               17
   1.1476136557292755               16
  0.80815331102155541               20
  0.60768574769153894               20
   1.0381335833843430               21
   1.0145076234679022               17
   1.1092765394878759               22
  0.73438438808579265               26
   1.2093430502110298               18
   1.1512010950983835               21
   1.1189028995052177               23
   1.1815252439736106               16
  0.74249454655399927               17
   1.1834684906057391               16
   1.1846753408557533               19
  0.87673604145126582               19
   1.0814392876243608               19
  0.74830369288042908               20
   1.0843783607400226               16
   1.3484028484620321               14
   1.0299289198932937               19
  0.84511177084229827               18
  0.76794708577676307               17
   1.0627582923403378               15
  0.96996729472043364               21
  0.97236476096445357               21
   1.0700172739377316               19
   1.0283814988347877               16
  0.90302235609050141               20
  0.98612714267646584               22
  0.80128388035628406               17
   1.0309255118307625               15
  0.85591812409972290               19
  0.54669104573676097               20
  0.72051008281598639               19
  0.82410910931257408               18
  0.92192431627403226               19
  0.45012836216279750               21
  0.81848907727410503               15
  0.75157092157657301               17
   1.1368126365560371               15
  0.75657314484292115               20
  0.38898177947329693               23
  0.67502252584276901               19
  0.74950307784879222               18
  0.68941925147606442               19
   1.0336686403072692               16
   1.0271431174392129               17
  0.93804663800661370               18
  0.79373878877129289               17
  0.95170730707698137               18
  0.89501183826763842               18
   1.0081342168168137               19
  0.45862879364889436               21
  0.88256030901561577               19
  0.58129372565259851               18
   1.1982944060883047               17
  0.96811301086065826               22
   1.1490152520479784               17
   1.0737008177877920               23
   1.0487747104710290               18
   1.1449107750689995               14
   1.0436868002307638               16
   1.1269757711911523               16
   1.2331581837401420               17
   1.0939002578904038               16
   1.1933750543984070               16
   1.1353000756186777               20
   1.1509029884167410               17
  0.75272296515702408               18
   1.1192199853098264               19
   1.1778416443834332               16
  0.92981897661351043               20
   1.0146734771748300               16
   1.0390967451379405               19
  0.88180891351378932               22
   1.2793785101197703               16
  0.75749112963235532               21
  0.93410806989912953               21
  0.66805594082841879               19
  0.89494632985583711               18
  0.57482355662290030               20
   1.1356936335232468               17
  0.84082424914480414               17
  0.74475210102019629               19
  0.70607231751188393               22
  0.70572675587021161               17
  0.69476734274777319               19
   1.1190651999310559               16
  0.65377076606593088               16
  0.86206643970141383               17
  0.97668387315510119               15
  0.77877202169675963               15
  0.78567669540734186               19
  0.94659578778609377               17
  0.94562489447912612               20
   1.0705625131826251               22
  0.57133460418035009               16
  0.77375415596586539               17
  0.87421479876900254               15
   1.0023077488180407               20
  0.71042611322847427               20
  0.93145812264785266               18
   1.0536458542410512               15
  0.83553736723701832               18
   1.1965617245116891               19
  0.96055867388297977               18
   1.2362501527204592               17
   1.3175353718217608               13
   1.1330584025874237               12
   1.2068734983110385               17
   1.1453176539102734               18
   1.1368418469476089               20
   1.1780089445566597               21
   1.0161392146352641               15
   1.0120586295972109               18
   1.0260333354390783               21
   1.0208233250912742               18
   1.1579964942123304               16
   1.2409213599163129               16
  0.76694362307730013               18
  0.87735313003949167               18
   1.1292880736311250               18
   1.1301594046349541               15
  0.74914220867994274               18
  0.95885909951831028               22
   1.3175464207556353               14
  0.99091799702846250               19
  0.92515138474598280               17
   1.0854769088547516               20
  0.93870624027400928               13
  0.79104651287880223               20
  0.94240547541808972               13
  0.87552368225532318               16
  0.60462445817200472               20
  0.71875892919042139               20
  0.87203849776415221               18
  0.57564233534395337               19
  0.54901718870004379               20
  0.72506214996657692               17
   1.0423446699339523               18
   1.0095868565117407               16
  0.89444682787970842               17
  0.60702772187322129               21
  0.98547364218137812               14
  0.58416516969371179               19
  0.73092777633138517               18
  0.72076781911635712               19
   1.1223476757799162               23
   1.0285612339134469               24
   1.1016389470010330               19
   1.0138029837283873               21
  0.79028903325573141               19
  0.86261621932505106               20
  0.66152709777373753               20
  0.82131252525660592               16
   1.1811173382847131               17
   1.1438519710005646               21
   1.0453687839818049               21
   1.0155907505498423               16
   1.2113586387516626               18
  0.62347884013711963               21
   1.0348289960477806               22
   1.0756325483982747               18
   1.1988499546316496               16
   1.2193191011034126               19
   1.2223701865613903               15
   1.1544880687485837               21
  0.80491086758898489               20
   1.3096090488476260               17
   1.0838004864256887               17
   1.2836609421443208               15
  0.93780861092236156               20
   1.2616618195556322               13
  0.95237048254547563               24
  0.98434766642024896               21
  0.91918744803541941               17
  0.87334404937021548               19
  0.91456412659270092               23
  0.89897690442821998               20
  0.95801406970196079               23
  0.88906300409547134               20
  0.87313831244032680               18
  0.96099558604543922               17
  0.74472952668006043               19
  0.72953487424079655               18
  0.82465816879863107               20
  0.77857728945876059               14
  0.96811759377638595               18
  0.68302382892951863               19
  0.99265899707752425               17
   1.0395415645225201               15
  0.96781654965184971               17
  0.95132259284739407               14
  0.77090467786842543               18
  0.87884902934122944               21
  0.94275728403390691               19
   1.0958901757651702               21
  0.85910219194979109               15
   1.0112083695631850               19
  0.68473391039439957               21
  0.91370141582656739               18
  0.73625702373691226               18
  0.90396323078855734               15
   1.2983853026136307               14
   1.0195184368318211               25
   1.3210117885120762               16
  0.75113645690618835               23
   1.2358729963920623               14
   1.2717550524695895               15
   1.2198798409806151               18
   1.0673169570360168               22
   1.2389017712419481               19
   1.1844410932416303               17
   1.1997995691376053               18
   1.2335203224923841               17
   1.1448487196899064               16
   1.0785580635166345               15
   1.0944102158780882               20
   1.0985537381235859               14
  0.73105579658689124               21
   1.0091072512992925               20
   1.2776874514958090               13
  0.92594983573098011               20
  0.90777652554101873               17
   1.1399588624412429               19
   1.0486116533173664               20
  0.94856502144747123               15
  0.66584240371610837               15
  0.81947994349287800               17
  0.94678079083752675               19
  0.81275223009173347               19
  0.83218687672025504               15
  0.84340253994668235               16
  0.86239017503668680               16
  0.90329733553755998               14
  0.98454105703959394               20
  0.77014132973380645               19
  0.96152518634744166               16
  0.81044806970425654               18
  0.94178927495743114               15
  0.77323872187733855               21
  0.61340350765938911               21
  0.80603613474169311               21
  0.93295540852050152               16
  0.79428285929418219               19
  0.64289648758631335               21
  0.65452856701128392               22
  0.93096498342374234               20
  0.95016765548108306               16
  0.83654184478874316               17
  0.96766876905102206               22
  0.84189917675636539               18
   1.0716134395222567               15
   1.0319981803455149               18
   1.2515460788497828               20
   1.0753790021067864               16
   1.1573956004018020               20
  0.95387679836644501               20
   1.0866432649745090               25
   1.0595023506824603               22
   1.0767757780554632               24
   1.2844198619610061               16
   1.2561958489764393               14
   1.3023998891561515               15
  0.83693784983748265               23
  0.98723405646431517               21
   1.1565876113626208               15
   1.0150656728463352               21
  0.94135352933077354               16
   1.1668540344300113               18
  0.98246017836137600               20
  0.98148535853458552               19
   1.1798310487565065               18
  0.89230117744074688               20
   1.0483646835593210               18
  0.94657674204203612               16
  0.99439215194827357               18
  0.99932012366916745               17
  0.85266830729171450               20
  0.88700451547161319               20
  0.96703900565262568               14
   1.1828431715296610               15
  0.29146278955974819               22
  0.10655418203943916               19
  0.82851981290914944               20
  0.97967619272318640               18
   1.0233301020144767               17
  0.97624989731993594               20
  0.67983073032550279               18
  0.84941136830919006               19
   1.0365366318714035               16
  0.70345389429749650               16
  0.22913978494428264               21
  0.69955507378228554               19
  0.96887624383089921               13
  0.95215816912250717               16
   1.1239831014842585               23
  0.78731827870851723               17
  0.61027865315157503               20
   1.0720073567471868               21
  0.76417034229278924               19
  0.97293999373471007               23
   1.0019532775089486               16
  0.72216901767666852               27
  0.89139969510823869               18
   1.0321507738575799               16
   1.1801887415366781               16
   1.0784193598337182               19
   1.0663844590737328               16
   1.2132427796600660               14
   1.1443677144969060               17
   1.1434704760698138               18
  0.54011253486617794               21
