   1.1767404585033301               17
   1.1730291991965844               16
   1.3262290393229270               15
   1.0587404876406259               19
   1.0303540542185130               16
   1.0804703262201023               22
  0.95960042049711991               17
   1.2098757872195627               19
  0.68098032874705894               22
  0.94833529499547708               21
  0.97103153081180826               19
  0.97194500979198051               20
  0.82204730081031574               20
  0.83951720099962390               24
  0.86870677586824074               20
  0.84129025774722843               21
  0.79878377907438425               20
  0.96011907086871584               17
  0.84735962391776321               22
  0.95525151596181679               17
  0.68212279416193544               20
  0.51372547900665244               19
  0.83537748837704229               22
  0.59930658709507079               20
  0.79185414594134806               22
  0.87772178968997083               21
  0.62967967760188459               23
  0.95875821751395918               17
   1.0231453597579945               16
  0.89777594245138104               19
  0.94099806567861521               19
  0.61948905382982655               19
  0.96406225613042873               21
  0.86611469846396705               25
  0.73623686056696447               18
  0.93762016051518460               18
  0.38719386523602278               16
  0.92440505519115113               19
   1.0466381361103552               17
   1.0029735042438286               16
   1.0701041291309177               18
  0.68723843898149628               22
   1.2449942604737065               17
   1.2231624100731708               18
   1.0610101267855059               18
   1.2215606001638810               17
  0.91159655410242579               18
  0.93381768168387402               19
   1.1750985792923851               20
   1.1045428029908335               18
   1.1181879947783515               20
   1.1266430484081431               21
   1.2013735148957290               18
   1.2463876926115198               16
  0.98365856776372784               18
  0.94336916658034009               19
   1.2112430472334963               18
  0.93707487019701574               22
   1.0876117034174024               18
   1.0632018698988810               18
   1.1280247740039708               18
  0.87385814027517805               20
   1.0917241498505657               18
  0.93366204434539479               17
   1.0515943471343558               17
  0.94144940996486848               19
   1.0089357287596108               21
  0.76301807706382330               19
  0.83960249649472019               21
  0.87784148107411453               21
  0.86435854603031570               21
  0.98185747635080334               15
  0.77064453535941591               24
  0.95836723699688675               19
  0.97648978029180533               21
  0.89817734249933512               21
  0.90425970805982392               17
  0.83227795961096140               23
  0.83422336837480393               23
   1.0262713970959449               18
  0.91524934897897148               23
  0.77226756232017435               21
  0.98394297685491716               12
  0.95293504919902228               17
  0.85150743096147985               18
  0.87073290038342155               20
  0.97737864731547230               15
   1.0439781383019722               18
  0.90808779349747071               22
   1.3417335079162473               14
   1.1210438794267543               15
  0.97850810374781627               16
   1.0693618680160906               17
   1.1541524788387751               17
  0.99456742317916114               18
   1.1892726263681648               16
   1.2468856347809996               17
   1.1554827415184332               18
   1.2163005454492786               20
   1.0000185810165689               20
   1.2213363839995375               15
   1.2617831547430207               19
   1.3127382933837115               17
   1.1879896833896548               20
   1.2532084409250903               16
   1.2165326600316082               18
   1.0007712733910188               18
   1.0087600864934105               22
   1.0060253845467535               17
  0.91639885958675504               19
  0.95040749688475079               19
   1.0656250982854321               18
  0.74898736956117695               19
  0.92766050972955061               16
  0.81115009453369469               15
  0.92446577155988152               21
  0.69996439786774067               19
  0.94117582754423956               21
  0.92122002708778006               19
  0.83689915603181797               20
  0.91418157096626207               19
  0.85147870907303658               20
  0.80286498339666645               19
  0.91943583868712087               19
  0.75898697695807515               23
  0.74894113225440462               25
  0.88033021720978843               22
  0.94890042739971159               20
  0.87466927866893585               23
  0.61782190552890115               16
  0.72566879937999529               21
  0.96368082491580032               20
   1.0379099422603979               15
  0.77531809294494747               20
  0.89888103778690287               22
   1.1390280006139073               17
  0.81744827427949251               20
   1.1718420521551067               16
  0.98606899760492228               19
  0.94248193966682314               18
  0.98719393297510938               20
   1.0811480835541025               19
   1.0562677125233206               15
   1.0506387906495047               20
   1.0823561656948439               20
   1.1839899080188623               17
   1.0503846515415767               18
   1.3235648281701395               16
  0.93322775804533087               19
   1.1668323022470111               16
   1.1244043697626369               18
   1.1841094346586734               17
   1.1469997937560874               16
  0.94608414332306656               17
   1.2076180401172143               18
   1.0793411253644174               22
  0.93457772879555145               18
  0.83075497639842533               22
   1.0427780331530039               19
  0.69710456683545774               19
  0.94192416524408373               19
   1.0374269893884804               17
  0.92602083919405986               17
  0.78077299651180343               20
  0.65883807702414676               22
   1.0180473053376078               16
  0.82146614242062643               20
  0.98047050932450985               16
  0.96941862995667050               17
  0.79514492473704812               19
  0.75417267552550826               23
  0.89169850601655531               23
  0.82041202282347070               22
  0.56997902119731469               19
   1.0349025196779804               15
  0.61534266727100317               19
  0.46012384023977942               18
  0.71752196091238818               22
  0.89448513698974441               23
  0.89165006132407354               20
  0.65694053871038294               18
  0.71344122127086573               19
  0.84862353421710801               20
  0.79573631323793748               20
  0.47612744715498806               20
  0.99664423812317748               17
  0.99089083615584750               16
  0.96839201795872598               17
  0.59999172297371739               18
  0.99381047837081316               19
  0.98908392643171050               18
  0.95491066618373366               20
   1.1744984899564845               15
  0.93430971159725829               17
   1.0322065865148964               18
   1.1994729954740524               16
  0.87593659803456470               21
  0.93770056165160209               19
   1.1142448491188239               16
   1.3084514069579878               18
   1.2805552872205157               14
  0.75710039572620635               19
   1.2808581654640145               15
   1.2110655343851460               20
  0.81317730092489160               18
   1.1598808955920827               16
   1.1854845906526794               21
   1.3016022527869884               14
   1.2840566349135982               15
   1.0602105398589197               17
   1.0590606169971990               18
  0.87097796871058719               19
  0.96207550863070634               19
  0.58418794565569643               22
  0.83529268284131342               20
  0.81747385505317050               19
  0.63708143924619398               21
  0.99485900543859684               18
  0.94489715113154227               20
  0.80723705997334072               20
  0.66073640214269858               19
  0.64842602662066484               20
  0.89995236812542201               21
  0.93894573681811444               20
  0.62093648437894622               19
  0.88126194593617535               23
  0.78185321609063718               24
  0.61868247985526004               23
  0.93719613280939995               23
  0.95686537983555342               13
  0.43758753575297049               18
  0.85635939051269305               22
  0.96968154132593098               19
  0.75493616912605288               18
  0.81627437868442509               19
  0.62594505825286828               21
  0.84229753623333214               21
  0.94604301343599928               18
   1.0868977085033753               17
  0.67030541713118152               19
  0.79097258856551467               24
  0.91472758521757902               16
   1.1706618651923757               16
   1.2019347257879343               19
  0.92677084020252631               18
   1.0784273440718819               15
   1.0984981300355190               16
   1.2504007377224726               18
   1.1300271545096736               17
   1.1275177292575069               22
   1.2284614143070329               17
   1.1549718121130201               19
   1.0853658158837873               20
   1.0905551260388515               17
  0.97218328577317292               20
   1.1231772009542953               17
   1.1638156958629375               17
  0.88375191978042900               19
  0.81227649786213485               20
   1.0134596044832678               17
   1.0389701801513995               19
  0.85707366659291095               19
  0.97475716269009094               21
  0.86476193370784682               18
  0.90604244191020600               19
  0.81250899601786586               18
   1.1439224497123450               21
  0.74498478264297763               24
  0.90999449794113907               21
  0.79776399269502107               20
  0.97547416709244339               17
  0.43526497808402448               20
  0.59001339915469653               20
  0.92929779764454212               20
  0.26214195376940014               22
  0.84142991364670339               21
  0.37326495470613591               20
  0.85819641755452947               20
  0.42920377921310526               21
  0.71918853961202744               17
  0.76208530953187492               21
  0.72138444628660869               20
  0.81020613316149126               19
   1.0356686616453068               18
   1.0616436867886565               18
  0.69038182280350691               19
  0.89356918386875683               20
  0.93130117877428487               15
  0.56070673028224205               21
  0.70494569457310663               15
  0.65158606242379458               16
  0.86454118934349355               19
   1.2580983043022766               15
   1.1047943873424622               17
  0.93758453765460614               18
  0.87314161798360079               23
   1.3066888783260910               15
   1.1128528903389061               18
   1.2722614230995166               15
   1.0772515204930242               19
   1.1910838238749917               17
  0.94702454098276900               17
   1.1115444388789542               18
   1.1735500638703131               23
   1.0155923939307980               18
   1.1663894290772630               17
   1.0968087306458838               18
   1.0822669574215575               20
  0.90161243480539643               17
  0.88380058531933980               21
   1.0565530599498449               17
  0.76891837891563009               18
   1.0327770786796711               19
  0.83806123541443378               16
  0.78191227689397702               18
  0.69003109413072861               18
   1.1292262019134074               20
  0.61736771501933174               16
  0.69567273717564682               22
  0.79192218909139078               19
  0.79840955306445127               19
  0.71681586466018321               24
  0.69044192150316663               19
  0.64054623663871013               19
  0.53849069028100915               20
  0.77534712062258682               20
  0.24862220311741431               23
  0.36419644231073078               22
  0.84409103296007948               18
  0.78076793615692475               21
  0.82916247881187299               20
  0.47535430613129170               16
  0.81404832998537235               20
  0.85031838644414870               23
  0.67737818145406770               19
   1.0637258468393618               17
  0.63704346606394002               16
  0.99570350334572821               16
   1.1350660689486087               16
  0.98512273792849880               20
  0.76811756531298614               16
   1.0613771171346646               18
  0.99556740623897189               19
   1.1307656413977671               19
   1.1621177838744052               18
   1.1755515825943386               16
   1.0043612895170975               21
   1.0705115628843689               17
   1.0899232781353927               20
   1.2797170745117781               16
  0.99809163224105435               19
   1.1568536257428770               16
   1.0108329225238730               19
   1.3447538366325618               17
  0.90998135379648604               20
   1.0796808449223494               16
  0.63877053530327021               21
   1.1428755353963722               21
   1.0226861594017842               20
  0.63416479567958717               19
  0.66185493157535136               17
   1.1447380045050710               15
  0.92352918533692507               21
  0.72703305484450664               18
  0.80786866833756488               17
  0.81906784945382094               21
  0.65555926010753562               18
  0.97820413190651645               17
  0.94776892847333272               22
  0.93748659248522725               23
  0.73712001866869492               17
  0.81070168767257966               25
  0.91053274697106790               21
  0.74170599988568908               19
  0.44141719324094597               16
  0.25479188322245006               22
  0.84097879444227797               21
  0.56720014507482919               20
  0.40609304953840036               20
  0.78274927774789527               22
  0.72516295745397097               20
  0.59970078716439723               20
  0.86286040802518282               18
  0.73726485706899725               16
  0.83216636883664485               20
  0.61101895479664270               22
  0.98717532991906076               19
  0.79846091796759766               19
  0.90603514901239079               18
  0.84304663302392302               18
  0.97352919538994487               16
   1.1390035769827493               17
  0.94087202297120798               19
  0.80008292558318317               18
   1.0271810384101956               20
   1.0198177032229918               17
   1.0817912045206439               18
   1.0418855254439947               18
   1.2164319944255018               15
   1.2964059828615044               15
   1.0955755122015975               18
   1.0283386490515707               20
   1.0360639104070926               20
   1.1052983253439614               14
  0.89252719570746275               18
  0.89160940122380938               20
   1.1390767530725163               17
   1.0911877426454717               18
  0.64128850606014698               20
  0.79691739400246053               17
  0.83290541054691614               18
  0.99154921384992489               21
  0.73475870876353333               16
  0.94269700384913080               19
  0.85683591140409954               19
  0.56217711397877645               21
  0.67571848887104868               19
  0.88316683987052647               21
  0.99722637279419080               21
  0.86033296051289643               16
  0.87006358982940035               25
  0.72350927898451700               19
  0.70945141082696572               23
  0.45478295306722932               16
  0.46671846087727792               18
  0.64884235336519280               19
  0.43391307746969060               19
  0.72721726280022903               20
  0.49099679833933085               19
  0.59408409346716706               20
  0.76807575693258012               18
  0.46920244554948054               19
  0.41930200820449159               18
  0.48559206534266841               17
  0.54692211311355254               15
   1.0018843703827827               16
  0.65173312120883586               19
  0.80471322190368721               20
   1.0706692401329070               18
  0.88414999237060432               17
   1.1262232699848702               20
   1.1456121971031823               17
  0.81622163856943408               22
  0.97599050141982879               17
   1.0368517751456929               16
   1.2633265668743172               17
   1.0849417560446029               18
   1.0472094640839191               21
   1.0492868940037228               16
   1.0017111028525327               20
  0.86049615460151296               19
   1.3404168342239926               16
   1.2594735691539922               16
   1.0966776930509465               18
   1.0855210040409387               19
   1.0096524998476295               16
   1.1292669966313051               17
   1.2390604121711515               15
  0.69736460594176997               19
  0.76187345411928742               21
  0.97904724107568708               21
   1.0450969690317311               16
  0.76168230405872506               20
  0.66425566272955638               17
  0.76562435154640973               18
  0.83603845048080194               21
  0.57383457097792512               19
  0.40406347445587459               17
  0.77772196237792635               17
  0.92183996889945785               20
  0.92009930193737144               20
  0.81307502160324863               21
  0.59116161543265733               21
  0.36641622345059233               20
  0.43258958064593217               19
  0.65107003797519503               20
  0.72930235012798073               19
  0.90915695871641822               22
  0.68138153113905886               17
  0.43732866134157233               16
  0.92217280298943283               18
  0.64174265264895058               18
  0.69111620414666364               23
  0.96533294164584671               19
  0.56794359909222902               17
  0.97164435799806015               20
  0.56589889028666873               19
  0.87229072131845531               19
  0.98875110930850829               19
  0.92054465511289674               18
  0.65161573833622155               18
  0.97195886421633071               20
  0.80567876215239609               18
   1.1611491211050373               16
  0.93091496214495939               19
   1.1120249219854130               16
  0.81220617370454362               16
   1.0621328247579986               20
  0.90426376449227908               20
   1.2743837237310289               15
  0.89165028849353245               20
  0.89561415776928333               17
  0.96591346145838886               18
  0.95404780017200563               20
  0.81764279406140961               18
   1.0722533234460376               18
  0.69662884923549573               17
   1.0767202067171824               18
  0.89735563540671504               20
  0.98427776233438147               22
  0.97946363635086631               16
   1.1104937628382625               18
  0.53727780452127860               18
  0.52027476424608654               19
  0.43510077987241441               18
  0.80194451172368764               17
  0.72386012306736902               18
  0.70524116250073721               16
  0.44484525664331981               20
  0.55108452876001801               17
  0.69651250468656489               18
  0.69139332794644315               20
  0.55414577966037104               19
  0.47609283214849685               20
  0.59624988503435128               19
  0.25147113370434476               23
  0.85585042566705483               19
  0.67112263513511117               20
  0.51798579746857298               14
  0.32070114205299860               22
  0.70475207559405162               17
  0.82345405508598946               16
  0.87688621739443906               20
  0.91641824605005540               19
  0.65875624923259390               18
  0.87459166940942790               20
  0.80360875224889350               18
  0.54220451186389440               17
  0.75004572230846878               17
  0.64365034827054490               18
   1.0370184130916731               18
  0.84018879785478540               18
  0.76020127220833889               17
  0.63603850764154668               18
  0.96403998496866017               20
   1.0335220106248852               20
  0.88132796921828338               18
   1.0159951442463928               19
   1.1153248281026438               17
   1.2380337991396826               16
   1.0559720503866237               20
   1.1420480576461374               16
   1.1652334217337483               17
   1.0439111565470562               18
  0.93036295836653160               21
   1.0682663889072246               19
  0.62672248232821592               21
  0.86053579184885343               21
   1.1438208482555920               17
  0.95152868436950400               19
   1.0207621598243470               19
   1.1468633264131991               19
  0.51538567069935781               20
  0.72282335427974675               18
  0.61616088853760842               20
  0.71296697749813320               20
  0.84648423789662208               18
  0.61767318483872113               16
  0.78295289889835007               21
  0.40736304503063331               20
  0.52472116731796992               20
  0.63604669701571270               19
  0.43472153921055501               16
  0.69953690952289105               19
  0.62084683227396353               17
  0.40498369744481083               20
  0.56468222342167185               19
  0.34708747101221266               22
  0.30524893505590261               21
  0.47259130713333120               18
  0.44152407208526101               16
  0.79946777160710825               18
  0.64801145148428096               15
  0.80449218482884055               17
  0.46465253471085455               16
  0.81992581007330678               18
  0.79342754416384687               15
  0.81641623143266051               14
  0.85243884334209130               14
  0.90151880711735521               18
  0.79797163206818633               21
   1.1394129953773484               19
  0.68955517661119314               17
  0.83057174245060472               22
   1.0994495587634403               17
  0.75499127630720742               13
  0.84039557293629130               17
   1.2164016631415973               17
   1.0755792982374071               16
   1.0210135490285177               19
   1.0782149832637287               14
   1.2678736573748672               15
  0.94645958768846616               19
  0.93202387866642722               18
  0.89263391582798679               19
   1.0367153081502232               16
  0.92640705238957455               18
  0.77604498847749270               20
  0.69337530616564369               17
  0.71302322725246692               19
  0.87539501207501369               17
  0.82879489268693907               19
  0.70890030373432245               22
  0.87439170623131757               18
  0.70352545267597755               16
  0.49210893723744520               18
  0.77476274042872795               18
  0.42401431016475255               17
  0.48039084917001451               17
  0.51047700581699007               18
  0.72989755247208521               17
  0.50248483476841577               16
  0.65693598947820708               21
  0.47669430415992903               22
  0.52831384122833480               17
  0.67514550596287282               16
  0.28019321978392231               23
  0.25113214138484879               19
  0.68412235282056666               16
  0.44807107468723600               17
  0.62165485167231105               18
  0.55068874710578142               16
  0.72788624825890347               16
  0.49695564239945039               16
  0.58052825942030151               17
  0.55435863921382023               18
  0.70579136711066781               19
  0.93453531443693638               19
  0.48881216462408938               19
  0.77422160468623957               20
   1.2179820912640720               18
  0.76723634792508921               21
  0.62657701279490496               20
   1.1386175509748342               19
  0.68838978834308784               17
  0.63119503887364725               18
   1.1125561527512682               18
  0.83199447486412303               23
  0.97817999850691129               14
  0.74573014787308889               15
   1.0317476975370763               17
   1.2260071346787462               17
  0.88106317793080713               19
  0.93866184193601687               21
  0.98918015914116031               16
  0.73936014713576448               19
  0.97264986867834857               18
  0.95935838251501615               20
  0.51424259065019307               21
  0.97851023177144403               19
  0.36288020631890650               22
  0.54188161575798655               20
  0.61996934126563585               19
   1.0222272337925138               20
  0.68709136376977364               17
  0.77376612359350860               17
  0.31027376646037746               18
  0.57646075996203139               19
  0.74777996122435564               18
  0.67803139092522391               17
  0.35701019501244191               17
  0.26312644413588593               18
  0.51015062302567538               17
  0.26715963670629356               19
  0.45794025607751260               17
  0.88342205786279271               20
  0.63134399343994230               19
  0.27819017675398050               17
  0.26336767557673096               23
  0.75248828753872221               16
  0.53552080002645230               22
  0.30844333692051934               20
  0.72699054701629739               18
  0.59504667376447695               17
  0.51226072837642478               17
  0.94505417405418024               18
  0.97550793090312560               17
  0.76929763737110202               19
  0.88754855598629045               18
  0.98974690200207238               18
  0.56130360405511448               18
  0.88586938647275904               19
  0.85849054852169493               18
  0.93120069862286003               20
  0.77869396911183697               18
  0.82615107940815846               21
   1.1556903780211161               20
   1.0019397332898148               18
   1.0352020319496154               17
  0.95516900310010300               19
  0.85691902840033185               19
   1.2116927149224646               15
  0.96832025040939507               19
  0.78179462045540937               18
  0.99468343221977162               22
  0.88496078265473976               20
  0.35556435610984388               19
  0.62330677995090489               21
  0.60945956464199524               19
  0.98348932929931454               17
  0.76002702272680678               15
  0.99583138022898288               19
  0.43997113418510631               16
  0.59228536843759927               20
  0.87527747124990707               19
  0.51338328185854054               17
  0.62436669991107219               21
  0.38485200069286035               17
  0.37824324935463111               18
  0.61764548238785966               14
  0.40851486442290691               21
  0.20976031320950408               23
  0.59453205205715765               18
  0.71688897464323498               18
  0.20586154406466189               24
  0.54706495804980571               17
  0.63642826878698000               21
  0.27567747500825657               25
  0.54516279915986277               19
  0.22662747004299200               21
  0.31540166664483299               22
  0.81079427427094430               17
  0.49769823331889534               21
  0.37798469780994265               22
  0.71488366369035972               15
  0.96188875385827421               18
  0.39184785916839293               21
  0.86663448341438909               19
  0.68646803737918627               19
  0.62604610736126232               19
  0.56936351638274163               20
  0.89365184421561727               17
  0.86455412160426759               25
  0.68103960378447914               24
   1.1031886950364829               16
  0.77160024821844342               16
  0.92428540788455593               21
   1.0140698375700965               14
  0.89711152267985395               18
  0.73493061791607461               23
   1.0411226600846257               15
   1.0623915003903426               17
  0.84888060772198892               17
  0.99054119427184628               16
  0.99246171454757237               19
   1.0004203594189525               20
  0.76405807432781458               19
  0.80257086347047046               21
  0.55218320373823182               20
  0.89085001751552695               22
  0.38818200877885412               16
  0.59883400619213034               20
  0.74098152114437699               19
  0.56845849843469598               19
  0.56457734787702796               19
  0.46634983521529422               17
  0.53697476836925295               23
  0.76124223647643841               19
  0.33946856488577720               21
  0.32904421259901967               21
  0.59496379900940599               19
  0.25439891587410363               22
  0.37317326104881976               19
  0.30689195336470332               21
  0.67990433662423611               19
  0.35939866822693933               18
  0.34651269602100165               20
  0.38278786739900145               18
  0.79497618354041821               20
  0.46882119789859172               21
  0.31953000255120095               17
  0.78280982522027420               17
  0.58101915698383544               18
  0.48549220260887249               20
  0.60691772785445219               19
  0.49870704275422739               19
  0.73916515079401790               19
  0.56109132283417806               20
  0.71302430606147671               16
  0.72671882230641627               20
  0.92148811634620020               17
  0.72832259884925399               16
  0.94618993465424073               15
  0.44124440449269559               21
  0.28854020239071687               22
  0.77978799963352585               18
  0.96674774785856177               14
   1.0126132408576614               15
   1.0942239378324179               16
  0.78637595654770542               19
  0.85801946030503773               16
  0.76308045049257256               23
  0.94471958830113134               16
   1.0075333575563732               17
   1.0207641765998434               13
  0.90844843908741346               17
  0.50248840469112144               20
  0.77117941789506239               16
  0.56954598842019521               18
  0.78649101085668849               20
  0.48449470628664854               20
  0.47523609710602510               20
  0.36584155580774896               21
  0.61645064061994936               21
  0.66055115885384830               20
  0.61194967328219363               18
  0.41938370640802608               20
  0.63982894739990492               19
  0.49893756391177652               23
  0.42643283865700948               18
  0.23506183819157078               22
  0.19323626665448024               21
  0.34485126373933489               19
  0.18292621094397957               20
  0.52589000071586378               18
  0.44802708432193294               18
  0.41512440488225277               17
  0.26656867203964163               25
  0.34533160667806950               22
  0.11386620375600959               23
  0.52626606934148401               17
  0.72365896818170850               16
  0.16303407876148024               22
  0.66883110274375068               17
  0.61765754690535246               19
  0.39933637110933723               19
  0.46091946097475506               19
  0.89027249883897674               19
  0.53866391351660003               16
  0.63240197333162684               16
  0.55203942969606157               20
  0.92323781937109839               21
  0.86338862549356399               17
  0.88557973778168830               22
   1.2260069394914046               15
  0.94996788279109501               16
  0.66747308698867935               15
   1.2513630344281521               15
  0.96685249577941634               19
  0.90793356804346770               20
  0.94407305410356224               19
   1.0313564762969776               18
   1.0650435952502311               15
  0.60609633083307224               19
  0.67071801632477535               19
  0.75362013971661523               17
  0.81060173465618812               18
  0.82850291003459753               23
  0.72862990583941212               19
  0.88641819070213468               19
  0.80766342730265339               19
  0.50741022899403110               18
  0.55806910884475014               21
  0.32669581122449903               20
  0.76342614914137730               14
  0.64048728435234292               19
  0.40287419520032353               18
  0.61918104928438966               17
  0.50724364240942965               21
  0.29074594991031610               19
  0.41933706592830922               20
  0.26334138623976316               20
  0.17817319999299588               21
  0.18477382681288779               22
  0.56168941999430033               17
  0.38166581878940120               23
  0.12278883706474580               24
  0.63521400410650819               15
  0.67899009348421979               19
  0.55575314643475526               22
  0.37854405334564922               20
  0.37274328356079245               18
  0.59991531968440692               18
  0.40881272887208170               21
  0.94940369569508254               19
  0.80996875146585878               27
  0.48630145743732212               23
  0.62027840195821415               16
  0.79959575462820720               25
  0.71585771894183337               24
  0.93997732164755077               18
  0.86789405066622061               18
  0.83239735536876314               23
  0.96340166981274777               15
  0.64659183545942334               19
  0.79379101054341761               22
  0.60027971780758504               21
  0.87975797551816803               20
  0.95107770492842503               18
  0.84290088646694217               21
  0.93127223975343976               18
  0.96306601358241373               20
  0.59598311495613177               20
  0.86206560347611338               18
  0.84591739355699802               16
  0.79448308560993708               19
  0.66575413248513282               18
  0.83252051945899230               20
  0.73209563209332218               19
  0.67959681684209516               20
  0.56510038076568858               16
  0.56306176878484715               18
  0.29172744279484658               21
  0.41623193108798573               16
  0.37162700306167323               21
  0.68766024395435499               18
  0.21173316408388801               25
  0.41098155959835886               21
  0.27817622092280569               21
  0.58547517836676299               18
  0.68039245552723293               21
  0.16947104407527919               24
  0.30947485969070077               18
  0.46307977219269586               18
  0.38808861387098154               18
  0.18171655357692548               28
  0.51889222807097513               17
  0.24257032237904505               21
  0.27946059595724654               23
  0.32894544959735372               20
  0.28949120382876470               23
  0.29936400966913929               21
  0.83569049654577088               18
  0.54831725353582572               18
  0.53520519197621974               17
  0.25737949682076394               21
  0.52837180481500634               17
  0.49651134038420636               15
  0.69294820967129622               20
  0.83459498626670392               20
  0.75414501325207717               22
  0.77202831408523021               22
  0.96525974660184433               17
  0.80936196466624688               24
  0.92848705605278559               19
  0.94843504862795625               17
  0.89350333419500916               20
   1.1701149214745963               19
  0.97182760903369625               15
  0.71203358232863856               21
  0.70379183269617041               18
  0.75456139845381409               22
  0.76219761651320383               16
  0.97374804699699891               15
  0.80359648010013263               16
  0.85384673315040649               17
  0.93976049861663491               17
  0.46277775752253059               18
  0.76736400843670127               21
  0.80199374445454985               21
  0.53200880738715040               15
  0.57705386776836431               20
  0.68842147995177883               19
  0.55490812048116722               21
  0.44562197580113938               19
  0.55904344992026322               16
  0.57489454875543489               19
  0.52321480029481049               16
  0.16182197145729624               22
  0.16568953506340645               22
  0.42429414157568168               17
  0.55376181294960747               18
  0.34529597939376094               19
  0.50340556272528703               18
   7.5349246327283098E-002          22
  0.27940306159900008               21
  0.46912912792653721               19
  0.30006717964115953               22
  0.36061326921309622               20
  0.15602944817961828               24
  0.18258693374985963               21
  0.62392148550370030               18
  0.53404106024193387               16
  0.86457622287713676               17
  0.62771437964876031               20
  0.72259118581144210               17
  0.83274907532158060               22
  0.69734318977830589               20
  0.87058303200196041               21
  0.88646018222979417               21
  0.69983370151591828               16
  0.65572816668736522               19
  0.91632156750987115               21
  0.76002771374596678               18
   1.0513943955664256               14
  0.72479090902623888               20
  0.99240517349360591               15
  0.84484699380317851               18
  0.93228566289576675               17
  0.60130743080538562               21
   1.0499464880137095               19
  0.81865095937951182               18
  0.97665494383039131               15
  0.89873864762426248               20
  0.65356990685295147               21
  0.96588732778594488               17
  0.84249661522757924               19
  0.73142398690781274               19
  0.44013004209232742               18
  0.53596737550449003               21
  0.61032733221730517               22
  0.21174499924592563               17
  0.51455493099602412               18
  0.59268500210880726               27
  0.29448764732171090               21
  0.58880673644167314               21
  0.40304787933012864               19
  0.21658849291804974               23
  0.16797473467089688               24
  0.40748768605357411               21
  0.46262882683359879               21
  0.18959863611912245               21
  0.51763064961335037               19
  0.29105870940185391               17
  0.15713237196703353               24
  0.10383912691941770               25
  0.39481689888758248               17
  0.53757507016190342               15
  0.23192432620850986               22
  0.20202697175072612               20
  0.58409151043677909               20
  0.40965271220152299               23
  0.39234525063533854               21
  0.21644066091074668               23
  0.65030757727130795               19
  0.58251758623282635               18
  0.47816411722018926               16
  0.38962705107135759               18
  0.72574852669929790               19
  0.49700484039528453               19
  0.75799314861165001               24
  0.82672708289552721               24
  0.75403130346664460               25
  0.98793678126473383               20
  0.81671647841486272               20
  0.73806663018373742               17
   1.0055334775531697               18
  0.96552487430090272               18
  0.94931954202288527               19
  0.87124559705344928               18
  0.67225678021833801               22
  0.83253968309393345               18
  0.87755065880949057               23
  0.81440758655818069               21
  0.86222938079556566               17
  0.54891591255377026               19
  0.62501578441360406               23
  0.34560041938401342               17
  0.62868467272792594               23
  0.43622328301405067               19
  0.46651601899626766               20
  0.26193382971985624               22
  0.44782810197063982               21
  0.83291507602952430               19
  0.59338146620990750               19
  0.33107583820769615               23
  0.46377625566402986               20
   9.2136392152202026E-002          22
  0.33040216964018188               20
  0.16031975998873405               23
   7.9748780335047995E-002          22
  0.31608864506830070               20
  0.19415742446163467               23
  0.14229981724910626               24
  0.34463692962365705               16
  0.41554230222390764               18
  0.24906661926022802               24
  0.25383763538580012               21
  0.13208811144307328               26
  0.10572559481987298               25
  0.78671122575458874               24
  0.31959027839242843               21
  0.40026182907139957               19
  0.36731089163444514               16
  0.52166216766867990               21
  0.71486758759998059               18
  0.67049356765549117               21
  0.55674364034903723               17
  0.64494712742082827               21
  0.52594465171153792               21
  0.59423162092637838               17
  0.40088818095312428               18
  0.71249641365662342               21
  0.64627129382263127               22
  0.58285672698154345               22
  0.94904077551475940               20
  0.88675447900149396               23
  0.84148492999556046               25
  0.87695263960103020               15
  0.92195873648579263               21
  0.91318953120573376               20
  0.85918367950653085               21
  0.69884146478118958               21
  0.76738429936465447               23
  0.85070705500320720               20
  0.58334025813697243               24
  0.89467515533695330               20
  0.93502255155251768               16
  0.57175372250368739               23
  0.66879536739619594               20
  0.70301900861097311               19
  0.57013550548808312               22
  0.45386128605701342               20
  0.73987912676032819               19
  0.56635399920403140               24
  0.27235164337653966               22
  0.14796990861248299               24
  0.11521373710305353               24
  0.24795274908990836               21
   1.2858022984649463E-002          24
  0.11234437006725288               22
  0.34234364243048704               22
  0.39397552863519825               20
  0.38591412051823804               20
  0.60312621950962209               18
  0.12246787445609360               23
  0.33980030968331898               16
  0.34478638270255174               21
   3.5332941110054104E-002          21
  0.29913777024989824               24
   3.3245064144562436E-002          24
  0.22546391274871241               21
  0.32588005897950240               20
  0.35732725968961604               17
  0.52858545304374893               19
  0.48901581963767693               21
  0.42738992379890167               21
  0.36921641545970885               21
  0.79680789204528035               21
  0.50787163133641289               23
  0.49555318811224347               18
  0.64644999774379608               16
  0.84402586738820817               17
  0.86107234493756535               26
  0.59719236193892422               20
  0.83380515577785119               23
   1.0099871175938089               14
  0.87623805671715305               24
  0.82991707150951211               25
  0.87466114790226812               25
  0.69991594842744331               20
  0.58605689428502117               20
  0.88032231870086219               21
  0.68770590626572692               22
  0.81236256938386620               19
  0.42950893768341630               19
  0.93016140960042049               18
  0.65560842629413552               18
  0.77513231750810341               15
  0.88784117031471543               19
  0.25249982450930175               22
  0.85530098521815179               16
  0.63613101910836534               22
  0.82536803758913835               19
  0.54190847830472300               18
  0.31582307032657253               20
  0.39401833844986389               19
  0.53930028492984505               21
  0.31369753537350137               21
  0.48169101840456130               22
  0.25822445477865519               20
  0.10472346230215977               23
  0.13223248829928766               22
  0.17155526180677383               20
  0.12695508857087787               25
  0.36527127172844925               15
  0.20652227263884235               22
   8.0696666359172359E-002          24
  0.12112166938676895               23
  0.19959907880695338               24
  0.23050744360591768               19
  0.15204986826004993               20
  0.37833622943426448               22
  0.47996870336866698               19
  0.36507425542358657               22
  0.44221642129165206               19
  0.42334359435201507               21
  0.50324494448658774               20
  0.43894054176608299               22
  0.58816008119338337               18
  0.55487030377274615               22
  0.48399576607373457               22
  0.73726732849348464               19
  0.74315935397461130               22
  0.80423872453300504               21
   1.0306143708865507               13
  0.88319341805213891               23
  0.91011973249818967               19
  0.99891857967604514               15
  0.68134166282659192               21
  0.94054177003509365               19
  0.91548868207234579               16
  0.76958653869403904               17
  0.90181912815790222               19
  0.76064088800673280               18
  0.96245980574076051               18
  0.79216142905953846               15
  0.86767789364499470               21
  0.74838615725954705               15
  0.83827122366005480               17
  0.17136996274491276               19
  0.62054203946550113               22
  0.60214773129292176               22
  0.52172399361887400               18
  0.15557705095518215               24
  0.60616276107090683               21
  0.50827383590270214               21
  0.55904287435162225               20
  0.32306119740322642               18
  0.53361997946709416               20
  0.20220943655863619               20
  0.14780773039620315               23
  0.42961760066746496               17
  0.27370594430388662               18
  0.21260881991129510               23
  0.19140187529395530               21
  0.24042129146706165               22
  0.31784567099693362               22
   6.9251798489383024E-002          25
  0.51713425998461005               20
  0.42289417818341324               17
  0.46243539660209104               24
  0.64114904611072421               20
  0.45681814810811283               18
   8.0812031468309176E-002          26
  0.42631121738811617               22
  0.43444971181470898               22
  0.56164307944533365               24
  0.69733405119977410               16
  0.54721942348636110               17
  0.43155366755275765               22
  0.67170472239982715               21
  0.91826999559382494               17
  0.82518014147076169               18
  0.77654712578259821               23
  0.79760199231819062               19
  0.75756497191103789               20
  0.72613446726471542               19
  0.95114836446532780               21
  0.79357265243245489               24
  0.90395910922576084               21
  0.88839217886327482               17
  0.92278805577417888               19
  0.96695827860512384               15
  0.94087463172019747               18
  0.87895306078448121               21
  0.65103161124606801               19
  0.58462257143211172               16
  0.76883610804765157               16
  0.33452031809799943               21
  0.46884138509589618               21
  0.58455854312663003               21
  0.51965561101493074               20
  0.83551265782628614               19
  0.20256161919510504               20
  0.56678456359606177               22
   4.5460995373302719E-002          26
  0.49940978909431655               19
  0.26066305740315510               24
  0.44230048692317497               17
  0.20699727674483773               21
  0.43810970044905995               19
  0.14080342766828186               21
   5.8067414016909229E-002          22
  0.13368529567078608               23
  0.60701569900145969               20
  0.21127183856982951               23
   6.5086713954480652E-002          20
  0.20620777460134268               20
   8.9711040534307535E-002          22
   9.7339781373206993E-002          21
  0.62170587531038868               16
  0.18924149553307557               22
  0.19631569344901195               23
  0.24007318018109547               19
  0.52131666509138685               19
  0.41475169835085768               18
  0.32345309241596348               19
  0.82386829665839301               18
  0.34379506485538536               23
  0.50083501792496010               17
  0.95409329264207288               14
  0.64619201440184582               20
  0.63000550988637616               19
  0.89626759387755861               18
  0.83781142844882783               20
  0.61046216181754198               20
  0.89095120915258008               23
  0.96253814598288667               17
  0.94360125625294122               18
  0.79876159775238831               19
  0.88374696477775161               15
  0.95628376815384064               16
  0.95523848370642406               18
  0.73159767817154142               18
  0.29169547082073266               19
  0.57306858551272621               23
  0.67483736718934750               19
  0.64634085953593567               19
  0.64290147273398357               21
  0.67435837509468255               23
  0.40445505956235278               19
  0.38581849903659060               18
  0.47841488320042536               19
  0.51521949312591797               19
  0.50759557648143416               19
  0.51006789852635859               18
  0.20018316698284058               23
  0.64407704634672203               18
   4.1273578994258736E-002          25
   5.7942747521836438E-002          25
  0.13459447040272607               22
   4.7599910231762174E-002          24
  0.19318436829412972               21
  0.27904328626057850               23
  0.16025514966369755               20
  0.37846106626320969               20
  0.22468657130340872               24
  0.47481973240732844               17
  0.31971392747926630               17
  0.34239696162850980               17
  0.13790413527132730               23
  0.11060208762015460               25
  0.29361628465262479               22
  0.17241627840467572               22
  0.52903719638619129               18
  0.23013302974730235               22
  0.28905842112245916               24
  0.65619080864378776               20
  0.29427887147609738               22
  0.65480920043971358               18
  0.63594993292456381               22
  0.62323952998107901               20
  0.56496234106044030               18
  0.94381579284572459               18
  0.95346424195136759               18
  0.80422565984043326               20
  0.64582556943909841               20
  0.98341737585933886               15
  0.90972678964218556               21
  0.42117496056261405               17
  0.95526206144869386               20
  0.73888485552035077               20
  0.91310780167126349               21
  0.68972611869216793               20
  0.56270221809143794               22
  0.70639777757608080               23
  0.62617070109454609               20
  0.69731006099966453               19
  0.63784810673504688               22
  0.66313826924511976               24
  0.64719502215981917               21
  0.40884191838998846               20
  0.63136812527859065               19
  0.66840260006904140               19
  0.17407342493411912               20
  0.40182115012288966               20
  0.27652179926860410               19
  0.16448831578176040               22
  0.46750670069678973               20
  0.31264723281180384               21
  0.37175950924237411               16
  0.31556128609821188               20
  0.24653585751899512               18
  0.17923359915075582               22
  0.30154031200690845               18
  0.19662312585333694               18
  0.14952514991951824               23
  0.23855100311882388               22
  0.41407122003325442               18
  0.13552624599170449               24
  0.14901387656239212               22
  0.52559871621643006               20
  0.25733048137557846               21
  0.65157950685825483               18
  0.34804780346718972               18
  0.42658589443922124               19
  0.53863875398189720               19
  0.50691398520476438               21
  0.47271214505806070               19
  0.53850504623468964               16
   1.0217434559788774               20
  0.73356143395734685               22
  0.67268102078047964               21
  0.88145306354424535               25
  0.90300395647276943               23
  0.77559526964974645               24
  0.86189813625560985               17
  0.73510808124689275               25
  0.72874804018321293               19
  0.62121945805929868               25
  0.97627896859090524               14
  0.86447624363924547               15
  0.90947603441962754               17
  0.66238371363679283               24
  0.79164524727826302               17
  0.87840045506249509               22
  0.48678267040460560               18
  0.57464240395972299               20
  0.95361936247859813               16
  0.32692170984936425               19
  0.33905591560191572               21
  0.38844426572678303               17
  0.29118366015329494               21
  0.20058867952353973               22
  0.32106673057150054               20
  0.36224056051112058               16
  0.69264183019452841               18
  0.43559287847248063               20
  0.48870222246054912               23
  0.37536414814541136               19
   5.2634127548346690E-002          23
  0.17851105102373027               21
  0.10463580460184010               23
  0.41299927703217876               18
  0.18503849231792166               22
  0.17051709325472128               25
  0.12395609521322185               26
  0.19628342447878497               20
  0.25159834311622697               19
   5.6734285943927730E-002          26
  0.31267146278522817               22
  0.24499232572207127               23
  0.37485674909728739               23
  0.19655435978730362               24
  0.52760560618279073               18
  0.23654656098423943               22
  0.41633356396234983               19
  0.42450177242721032               19
  0.47612035012619169               17
  0.45790261675325256               18
  0.36197990507933686               21
  0.68141378330538149               21
  0.80725761919902939               19
  0.71166409381965046               20
  0.85058657704483465               25
  0.85179455188813402               17
  0.91430591117048676               16
  0.74801343697315370               17
  0.74757252042257516               20
  0.80245185841788846               18
  0.79065325694616040               17
  0.68926151521083534               19
  0.57312993846085003               17
  0.68400453671184935               21
  0.82626526415096468               17
  0.64092012198902226               24
  0.68932976285568892               23
  0.70746477486958104               17
  0.76225194957350306               18
  0.84752946954878949               20
  0.56481178140370703               19
  0.67081204534406802               17
  0.61352205141790828               17
  0.11873578390381835               22
  0.36095581497465218               19
  0.31176686801732323               17
  0.36455899737433872               16
  0.58454093097440107               19
  0.40542882770154648               16
  0.29862551755075667               20
   7.1128931284381011E-002          25
  0.29415993610976227               16
  0.39393328517866516               18
  0.27859054147242041               20
  0.31974087476296981               18
  0.16836224305906741               21
  0.19619879162066151               24
  0.49050102928077982               21
   9.2391316329908144E-002          27
  0.50790122916741842               19
  0.48880394207465627               21
  0.21232129598527477               21
  0.31860241518061716               18
  0.33266941830939650               19
  0.55099402547492804               22
  0.55595313592354934               20
  0.81360389253653087               22
  0.34269388974261439               16
  0.83408408433242176               21
  0.82798647555437443               20
  0.66680711572303586               20
  0.89933389946856590               20
  0.78955906748827909               27
  0.86018895561840825               20
  0.76270674421689899               24
  0.97824755406334007               19
  0.91572530874668934               20
  0.92764447130520067               18
  0.73525540570811787               20
  0.89006069916507091               22
  0.83420342192972063               19
  0.77387285518052262               16
  0.94439573795645659               21
  0.95023274796156965               20
  0.67600282240234966               21
  0.91182031439369127               18
  0.77751098724879431               17
  0.84190768614411104               19
  0.48710871093106090               20
  0.63909284611153994               24
  0.81655387708450389               16
  0.67078519925107150               22
  0.74916702064730811               18
  0.91196687146000055               16
  0.54625129885217549               16
  0.38553983875111369               17
  0.68866093880156332               19
  0.31965336515119847               17
  0.28408101884854203               16
  0.38016171610276267               22
  0.36512917568337944               20
  0.14780335201466885               23
  0.29176797361536766               18
  0.45039216898253370               16
   7.9593395292942598E-002          24
  0.23761671544008225               19
   6.7054627703568834E-002          22
  0.25489793171397213               21
  0.22791817628363120               25
  0.43383121859839502               16
  0.29115036165967789               23
  0.29826239271631272               19
  0.35941824782597109               19
  0.36449798713060222               17
  0.47821864258061592               21
  0.46837945296529115               22
  0.57090543802221083               19
  0.40754688274027939               18
  0.87719300415479518               27
  0.78770367624048476               19
  0.66628331807271002               19
  0.44557739866889728               17
  0.78569829304510996               18
  0.86435397380560297               21
  0.95341379732036691               20
  0.67173297934994525               20
  0.85423235603673286               21
  0.94518555136254456               18
  0.61452932020676110               22
  0.69203390114894014               18
  0.95966310905547980               17
  0.70814127500104529               17
  0.94881096476231186               18
  0.79338284412607940               18
  0.64906818815132972               23
  0.79009546097327044               19
  0.72853143825813893               20
  0.84110565236992474               20
  0.83091482299509856               17
  0.90455719406506629               21
  0.58850544986654496               20
  0.73055526069390431               19
  0.40692579473197588               16
  0.53202230691683261               18
  0.80012927069865514               19
  0.38636333704708942               18
  0.35092959862364426               19
  0.58559583445374364               21
  0.28009134394986046               20
  0.18750535372845689               20
  0.11799829839862777               26
  0.15591910401911238               22
  0.38968298945379093               20
  0.58454527822834279               19
  0.24511597041956779               17
  0.21795420569504373               20
  0.21526975193731551               22
  0.24348840865915744               22
  0.35086008772527744               18
  0.37449853099178715               17
  0.25202384737327999               23
  0.23626375144421238               20
  0.30188730573510636               20
  0.59628023239250982               20
  0.59228381024060239               19
  0.26901550699488641               22
  0.61041946692921889               19
  0.66741480085932292               19
  0.44907493903166062               20
  0.68662310715148978               17
  0.61720635557465908               17
  0.60156844757670258               20
  0.93720861323133442               19
  0.51581050756010349               21
  0.75236960647368312               15
  0.92225311547317668               16
  0.95402027399101152               17
  0.86527855807879728               18
  0.95891736028186914               18
  0.91495572039823336               19
  0.94800314838543609               20
   1.0619773497071241               15
  0.88596345122668185               21
  0.90326826703119911               17
  0.84493762397840999               19
  0.87998805903208532               17
  0.68358435859610445               16
  0.70944070400589199               20
  0.78182069741963967               19
  0.54217062988775067               21
  0.61866226727287554               20
  0.60434352723372442               18
  0.54102707399928307               17
  0.57908175483589530               23
  0.77468635971186539               21
  0.50159301334982531               20
  0.54247520615518963               18
  0.34087652636871080               15
  0.50470210015661765               17
  0.61125298993174748               22
  0.50585641902327827               20
  0.24609596192879016               16
  0.45006689009395118               19
  0.18535908427176126               24
  0.31798928420494937               18
  0.25423344723168506               21
  0.33266089981892871               17
  0.69086560030696809               20
  0.44849488181311387               19
  0.21477783801268510               21
  0.61844764237885630               23
  0.39631162344840576               19
  0.39901835260088403               18
  0.62824697674835261               23
  0.58623639373100667               19
  0.65567723000846678               19
  0.61299153651837457               20
  0.34178913114481740               18
  0.39821223745478818               19
  0.55719779623371102               20
  0.84267232636789846               18
  0.66987589645787138               19
  0.92209043601665697               19
  0.94820742835069205               17
  0.89801156599045395               18
  0.63298766768244752               18
   1.0980907386255785               12
  0.99002282049030199               22
  0.83383115785519213               17
  0.97423579992833298               15
  0.90822237536141881               17
  0.75219187643553298               19
  0.96338614047870919               14
  0.61058584154506979               26
  0.69747233198692571               24
  0.84378311616670432               17
  0.49986604811097801               19
  0.53059750772962588               18
  0.38367521060717175               19
  0.52692558501409925               20
  0.66613329564003831               17
  0.96524117876495374               18
  0.67707852577706529               18
  0.58474979081572520               24
  0.75827025565643058               17
  0.60514261170484507               20
  0.47593101830477730               19
  0.48198925474329368               19
  0.51444280578020773               16
  0.34490761319494512               16
  0.32556926099177175               18
  0.52406427375416897               22
  0.46684240502970581               16
  0.12458402772030110               22
  0.28372464560682781               20
  0.39959169037503905               17
  0.23330985406831808               23
  0.22090983031505040               19
  0.32695064223421250               19
  0.74188880659443235               18
  0.20885643880252058               24
  0.66848604239889242               18
  0.34910792018940395               23
  0.49522579022788915               20
  0.28072428384262432               22
  0.72406350591014323               19
  0.79832779136845555               16
  0.55857753057591808               22
  0.78554982810106178               20
  0.70815534144883607               20
  0.70296568262399550               19
  0.63859546829200076               21
  0.86931604316595845               23
  0.81138529371027568               24
  0.95016801589784927               18
  0.85092707974340298               14
  0.69069837369322873               23
   1.0226135539826238               16
  0.73123923553167691               21
  0.87543757931929855               18
  0.94488578847392479               17
  0.77038281304516498               19
  0.92868314668240382               16
  0.75964522700582759               18
   1.0897253042889306               18
  0.77975564599930980               20
  0.72234483244326941               17
  0.73766591677825422               22
  0.71241188049447024               17
  0.71723969415802924               21
  0.46500589308111834               20
  0.41947503103034933               18
  0.41837890736927519               20
  0.67148646530248335               23
  0.64699917936829388               18
  0.59331026669045528               15
  0.69369074483650361               16
  0.53171400020013992               17
  0.13514200527038148               19
  0.23180338677675053               20
  0.34946139815577160               22
   6.4135244794927201E-002          26
  0.33604206276678167               18
  0.42221653462258824               18
  0.38051138880895385               18
  0.43933114595414668               15
  0.50296542556275026               19
  0.66592857844285769               21
  0.26522887938645801               21
  0.29406445814323695               21
  0.25486260156097490               21
  0.67016801677568705               22
  0.45441446186625861               19
  0.71942669867727427               20
  0.57754729307731645               20
  0.60443215405606610               19
  0.62125129296159498               19
  0.58248926544535529               18
  0.66682619788949204               21
  0.77191837451684198               21
  0.81935262672243592               22
  0.64276225260452657               20
  0.88872076620807472               20
  0.95863382193320379               21
  0.80152966646939461               19
  0.51058830082130802               18
  0.84877866022852255               20
  0.88733997400108811               20
   1.0506921908248625               19
  0.99161369363023788               17
  0.98878063473035482               15
  0.83126009200325712               19
  0.96595130648388439               17
  0.98894676906294698               18
  0.97324508799916809               19
  0.90272433305225086               19
   1.0033408197350235               18
  0.67787298457245970               16
  0.60032219078799398               19
  0.65408290407815706               17
  0.73276978651015479               19
  0.51489487762338926               19
  0.34342139990951392               19
  0.78398020747615160               17
  0.81001349390613109               16
  0.44735562039413412               21
  0.46782527496634108               20
  0.48758262783091189               19
  0.27676736274343811               16
  0.38431345219203994               18
  0.30079640425117882               17
  0.66269113887041664               20
  0.45096167320287955               18
  0.33129662993160064               17
  0.52869217120752865               18
  0.49065777404715732               15
  0.56616574940222908               22
  0.49758250104848456               18
  0.93665229281476159               19
  0.64107764953907365               20
  0.60343129699934639               20
  0.57154420027375430               19
  0.89276344848660072               19
  0.47141981991837861               19
  0.41780270845294831               20
  0.54264180743043844               19
  0.61010198547111139               19
  0.74199578456535442               19
  0.73123934321221873               23
  0.63912484775546863               22
  0.89818946025548818               17
  0.71761359183952778               22
  0.94851513804326992               15
  0.74174759075626850               20
  0.73973580256128502               19
  0.84509889187702902               19
  0.77432224880779166               18
  0.86841877787391508               16
   1.0504312501450419               19
  0.75856871747137700               20
   1.0353735431546627               17
  0.88094027597435232               19
   1.0076389355291042               18
  0.99992747218811795               19
  0.75169156352112754               18
  0.57875293088591184               16
   1.0769281769419337               18
  0.93181199700387030               20
   1.0757525312531213               16
  0.67251862908033944               17
  0.55235746223485171               15
  0.58146673563519036               15
  0.94408193327490342               17
  0.68099212484833804               20
  0.59508519492503575               18
  0.70180073929593345               21
  0.57571553010975851               20
  0.42865570306686479               19
  0.23966054570449025               16
  0.62952044057392997               19
  0.46186793329430792               20
  0.46602305812084449               18
  0.10748992061876957               25
  0.40500731447748167               20
  0.67801658226163020               18
  0.71326728746361578               19
  0.27410778569489996               20
  0.44065324193283101               18
  0.58209706641496195               22
  0.31494385455925533               18
  0.79745563099709127               15
  0.64125744626559089               22
  0.53322874147025068               17
  0.47008933022927951               21
  0.69625700980807459               20
  0.22908399772516949               21
  0.91138505709210460               18
  0.69341835100239635               21
  0.51152947668528581               19
  0.77874101027574483               19
  0.76710755848174228               19
   1.0132864821247896               18
  0.98662578116612487               19
  0.99823679958685974               16
  0.95842310921200824               18
  0.99804955485025493               16
  0.99641956220143513               15
  0.76954008386286510               17
  0.67625726861198343               21
  0.74614348264642716               19
   1.0093703365637958               15
  0.89744164506575186               15
   1.0526482186304522               16
  0.86510335419294349               19
  0.97536007743267195               17
  0.97538960527308849               15
   1.1344636002525530               18
  0.83486777633221521               16
  0.56507697253537159               14
  0.44095075670840705               18
  0.79508316816077262               17
  0.76011359879032969               20
  0.65018775585386479               18
   1.0100827132142807               18
  0.61509274691391469               18
   1.0127939134442703               15
  0.46532198554851639               18
  0.59481565274259784               23
  0.71627771112084282               16
  0.32564237137317215               18
  0.46783556838181156               20
  0.17698631202706427               23
  0.49591218498820383               19
  0.50440265463706346               21
  0.66947794549710682               17
  0.67391535854365714               20
  0.76462577635912055               17
  0.55159729652809208               20
  0.23033494853162217               25
  0.64377873561036569               20
  0.25955059578367945               23
  0.86542755780547032               19
  0.60219272625446230               17
  0.82792847789576807               17
  0.60774054777539144               20
  0.86267566509586002               14
  0.48402965423079131               18
  0.55096820365965826               19
  0.54841509087420393               19
  0.47084515506174246               21
  0.72357717152876821               17
  0.84553614363973872               17
   1.1587486744372790               19
   1.0325489526446243               19
  0.77526680075751797               18
  0.82154853324310606               19
  0.97501970632587509               16
   1.0711480543217833               17
  0.85174479093394828               17
  0.95798132920251600               21
   1.0573401634362811               19
   1.0584293869634409               15
  0.97278757812791383               16
  0.97199362870305916               16
   1.0564497572850260               18
  0.91429570800821114               19
  0.94854527141855671               15
  0.52550574334447964               21
  0.62179910061705501               20
  0.94418864041573713               16
  0.75426441483906503               18
  0.80201296576627434               16
  0.68980515117341590               25
  0.71438542045942222               21
  0.66050296693355137               16
  0.83066756362502348               20
  0.51757948130588105               19
  0.41201954453488970               17
  0.54377082792691944               18
  0.29171276748084873               18
  0.68624507994370321               21
  0.62552481220197342               19
  0.51320069566135296               16
  0.72992388899702532               18
  0.51713477037562205               19
  0.52329359264704434               17
  0.54728088333467229               21
  0.93208953403024453               19
  0.52828645153485765               22
  0.27259801273354561               22
  0.51847631661585081               21
   9.6937089144478600E-002          22
  0.13924060239616562               22
  0.69051443623069764               21
  0.58263045642925770               19
  0.75080743862756683               18
  0.77442641600042994               21
  0.74748415345234720               19
  0.92746695002516299               19
   1.0238460142975350               17
  0.97875379002475504               19
   1.0782736607713188               23
  0.97120170398921390               19
   1.1954552146591964               19
   1.2554333388584211               13
   1.0469510926859225               19
  0.94480822570604528               15
  0.96581834529903388               20
   1.0810517613819879               21
   1.1841006727031156               19
  0.95693379691055647               16
  0.90327171630518188               17
   1.0089439637172968               16
   1.1618146835672776               19
  0.82683216542510873               18
  0.81756129129685107               20
   1.0160869939090500               17
  0.85503849900617090               19
  0.57590341584064808               17
  0.48922636409953435               17
  0.89901350392105772               18
  0.66189427017581826               17
  0.83612307934468222               20
  0.73234974874128078               16
  0.74378486982370640               21
  0.51377535534824847               18
  0.75625979033050283               22
  0.69568909488094133               23
  0.39075478944875813               16
  0.55044912699657433               20
  0.51504818181742473               21
  0.67393506608964726               21
  0.80728091850159678               20
  0.61801917062050704               16
  0.42468028826066045               18
  0.51520876369261814               19
  0.72762182344875159               22
  0.83179945640957842               21
  0.69507569402844249               20
  0.60079209182330207               21
  0.56681251377665731               18
  0.71048173864534248               20
  0.69487509542065784               20
  0.80679712887520139               19
  0.68429280928732317               21
  0.53197494350611341               21
  0.75821177266791062               21
  0.74703370963171911               20
  0.81913709364317933               17
  0.60119679286251260               22
  0.74947663424890443               23
   1.1393581841859803               18
  0.92912876600794436               18
  0.89949670433021123               19
  0.92636468964570629               21
  0.94200007217608273               16
   1.1199686957359487               13
   1.1387422390311064               12
  0.77995157918903402               19
  0.95773730015718828               19
   1.1266010741562189               17
  0.99970495366129630               14
  0.90633371557313303               20
  0.92147787231641276               19
  0.89272637489770312               19
  0.96956099861863876               18
  0.79726403626063747               18
  0.94849132441448547               20
  0.95693627042857887               23
  0.78514825321737225               18
  0.87651777265479958               20
  0.67073692161826060               19
  0.52838912458802612               21
   1.0110864025033566               17
  0.74249221675269905               22
  0.79065695704879646               16
  0.80053308607776452               20
  0.63087894467992955               16
  0.71372953757291913               18
  0.55649477617140497               20
  0.57217367702133459               19
  0.82681437597814611               18
  0.62715543328094503               18
  0.43002729451422311               18
  0.33059564714227596               16
  0.39441324454148552               18
  0.71240147851377189               18
  0.81215175784317917               19
  0.78828889453514484               21
  0.71556720293733500               23
  0.77164293461006306               19
  0.61345053718898124               19
  0.91061958348192840               14
  0.40105590623526371               20
  0.67588194995036199               18
  0.63527423346669210               18
  0.66714025577114489               21
  0.75031980812956367               23
  0.84069033867669707               16
   1.1000379110318201               18
   1.0101829741848889               18
  0.77764166111441380               21
  0.87621811124499771               17
  0.97323158247951302               20
   1.1695702402518837               15
  0.98164930552272056               20
   1.0710126832074631               17
  0.99316978701566339               21
  0.99867633375685150               20
  0.74608827048487969               24
  0.84838587047943415               17
  0.96220187303657922               18
  0.87356834908440995               21
   1.0252600296879761               16
  0.78397575275046205               15
   1.0789656584352438               18
   1.0600164929877574               17
  0.71178096286570447               18
  0.85104626143533724               16
   1.1317844448987950               14
  0.66091746267121276               20
   1.0173986444431447               16
   1.0804061814815960               15
   1.0822460913118368               18
  0.61369805609673433               18
  0.93672097105268004               17
  0.44404676889601818               18
   1.1157055799259354               15
  0.69835375902633900               22
  0.89539148830940885               20
  0.68625376281411055               22
  0.94456540212200824               17
  0.46892195905561490               16
  0.57104480666186386               18
  0.83008709307116979               20
  0.97677176148695388               18
  0.46346606280027242               20
  0.92328260572241527               17
  0.78260295112653233               19
  0.73398071659413466               21
  0.51927550643294418               20
  0.27608564963077498               24
  0.55629976063320830               20
  0.92815510168471893               17
  0.93482783254232105               18
   1.0511607866152564               18
  0.90952810308329701               19
  0.72542321091965689               20
   1.0039315808082028               15
  0.57742538803310361               20
  0.66842962871344924               18
  0.93978066002797100               21
  0.85772953978829147               16
  0.88886363270366764               18
   1.0958373305794333               15
   1.3227269560201242               12
  0.89895290109887416               18
   1.0394176856502311               18
   1.0438980561449021               22
   1.1735208274357529               20
   1.1360960016462540               17
  0.93513066376215803               18
   1.1238223953206326               16
   1.1120032138042646               19
   1.0696891061700977               19
   1.0181955221335808               15
   1.1118653118779962               18
   1.1616567698130427               16
  0.44939605700636337               18
   1.1373948188744247               18
   1.1513347251707713               17
  0.91957990104633358               20
   1.0473547652765944               16
  0.96497975301098970               18
  0.89622934032157198               19
  0.66032107894108494               21
  0.88085463048925172               15
  0.91104921307563680               19
  0.97586204671472787               14
  0.78428352367062659               20
  0.84589371616156295               18
  0.91328178265808702               16
  0.54325132719527147               20
  0.43385936445136997               16
  0.97276877590235233               16
  0.57722041245509415               17
  0.35507133355135639               16
  0.95362810660376263               18
  0.72985736646585253               19
  0.95694135938927316               17
  0.64838710137029298               19
  0.64463905341851058               21
  0.74009485309894207               17
  0.84480884768373699               19
  0.50144294580598825               22
  0.94079475901881338               16
  0.99312666377362879               20
  0.67467928700252000               18
   1.0401538660838003               20
  0.60642287771268810               16
   1.2195168258944447               16
  0.86261734556937131               14
   1.0525293592792844               19
   1.0819263461258619               14
  0.93610362800599412               17
   1.0581263831129932               19
  0.89340120553451219               18
   1.0706674396626148               21
   1.0639899497545782               17
  0.89733453879052272               16
   1.1157760349688284               17
   1.1713565914973956               19
   1.2979839117145002               15
   1.0238387032464795               17
   1.1656250458565851               16
  0.90712203642922862               19
   1.2630950057486880               19
  0.84598072586977080               18
   1.2272731391580696               17
   1.2588263484490443               14
  0.73798618462424048               20
   1.0128753195999531               17
   1.1027700148926338               16
   1.0339529650621531               16
  0.82408506724518282               19
  0.41924794306994961               19
  0.89718240844375619               20
  0.91676925212798555               19
  0.96974446543314730               17
  0.64119063724475400               21
  0.63241431273136794               21
  0.44779428477003486               19
  0.77967048909170711               20
  0.67916779108387293               20
  0.43622440638019971               21
  0.92648084079284465               20
  0.85628714531648420               21
  0.49435705117330325               20
  0.59558542020485261               20
  0.96343029141836001               15
  0.80905545203498097               16
  0.38355390273026552               18
  0.79930969807082675               19
   1.0573329147708175               18
  0.72115172184298382               21
   1.0128841504203827               20
   1.1131389432981211               18
  0.87209711450482164               18
  0.66615117560568438               20
   1.0136369061166219               17
  0.85581784099473579               18
   1.1929983202768180               13
  0.83549030337963959               23
   1.2678961358142651               13
   1.1661288141914492               20
   1.0338257707976624               16
   1.2170381116174653               15
  0.86215629960837836               20
   1.1391771052068602               24
   1.1342244195574454               20
  0.95097526605187654               18
   1.1421461792482170               16
  0.76606940287074865               19
   1.1750555772956879               20
   1.3521104625988456               16
   1.0211823635181985               17
  0.89274312731196726               17
  0.88859116740121502               17
   1.0722913942662333               13
  0.78524226649368656               17
   1.0759883458494930               16
   1.2106671295840972               15
  0.87746803930133099               17
  0.76175828382858934               19
   1.0753732885143659               18
  0.83580160351771204               19
  0.81411359466004873               17
  0.74887512865158157               22
  0.66718136107767112               21
  0.83307179497420158               17
  0.84757068336338892               20
  0.98600190871858640               15
  0.46535635943673820               21
  0.86084310261681929               17
  0.78889180399382508               22
   1.0504945874525882               18
  0.90058664457195947               22
  0.61312293791971417               23
  0.77847172779899665               19
  0.76546831120836301               18
  0.53442831281181968               19
   1.0383565073240941               17
  0.91116876736812857               18
  0.89042565004965024               18
  0.77246621485922995               18
   1.0536260840396678               19
  0.83686279863057267               15
  0.94043619258136524               18
  0.45796998652956256               20
  0.79908241257720336               18
  0.58947826560814809               18
   1.1824953568090333               18
  0.97685843203696454               20
   1.1242323063214132               21
   1.2611438412511400               14
   1.0920054240329116               19
   1.2453907062897336               17
   1.0338182479412632               19
   1.1501109345095764               19
   1.0968160949805552               18
   1.0074014008819847               15
   1.1949283377826427               16
   1.1757077786073298               18
   1.2229772778030781               18
  0.86392705020710270               17
   1.2049905705181330               15
   1.0849480487138374               18
   1.0859568916507565               17
  0.95963683351942364               18
  0.99063180967977116               14
  0.86757907502190290               23
   1.2632092982343575               15
  0.76588228166574956               21
  0.89011814140659584               17
  0.68702139129211226               22
  0.94951607808452376               19
  0.62390474033901444               18
  0.91321364324995058               19
  0.85749616800876827               23
  0.77382769629456616               22
  0.66087759081256503               19
  0.74645596400536884               22
  0.72630029035441468               21
  0.96886284768947895               20
  0.82074843858843460               19
  0.94516691688080834               17
  0.97136137289901081               14
  0.76722562409442940               23
  0.84303233177426662               20
  0.77459905797184569               21
   1.0070063119513866               15
   1.0590314782600776               19
  0.75395678170310287               18
  0.76207476697042809               21
   1.0001696666893032               14
   1.0017125546449195               14
  0.72090003884955045               21
  0.82927624214090812               17
   1.0689820640115661               18
  0.99230479903410396               19
   1.2101140664366197               16
   1.0078077079415102               18
   1.1309568039074296               22
   1.3419092232894030               13
   1.0222909717079409               17
   1.1435334648287299               15
   1.3184829326582526               13
   1.1523655625810403               19
   1.1582316386734128               20
  0.99955363464491620               15
   1.0538259132715455               15
   1.2509124601512247               17
   1.0987174559682693               15
   1.0035555614331635               17
   1.2800519134767934               16
  0.91773239729091793               19
  0.84206236372878784               16
  0.89947165646254545               18
  0.93015711993895889               19
  0.85864680860807974               21
  0.97399480635511215               16
   1.2914283284531753               16
  0.91940426450863810               16
   1.0296094244208995               18
   1.0578517032966690               18
  0.84432421710798888               22
  0.81519923539281980               21
  0.92994775722129941               15
  0.90073041740266713               15
  0.69652925725804560               21
  0.69582057171685663               23
  0.89060493988634615               21
  0.57365700196173042               19
  0.71137737111543664               20
  0.77335487499250710               20
   1.0356149605417508               17
  0.99781432876917941               14
  0.89640989864465970               17
  0.73337253855188800               20
  0.95610468358962120               15
  0.72221570417034286               17
  0.64376550908227748               19
  0.72921779103312157               19
   1.0043018009939404               16
   1.0112101297549689               19
   1.0566762315642211               16
   1.0442154547743880               18
  0.82674429857164677               20
  0.83205732708120250               15
  0.72843589601880332               21
  0.81143481369155290               19
   1.1840775926660092               16
   1.1767226720137653               19
   1.0472987809221217               19
   1.0335015853923089               19
   1.2401538481916998               14
  0.75223378137704755               20
   1.1114070740176889               20
   1.1037158632065098               17
   1.1410706870848706               21
   1.2362194422007919               16
   1.1940320027306672               18
   1.0142191770249105               17
  0.96963567689009311               19
   1.3031010549168593               16
   1.1388033561645672               16
   1.1765370575285543               15
  0.97155954530033040               19
   1.2008251775072396               18
   1.0064660202966216               17
   1.0376440028113287               17
  0.74443444003937242               19
  0.86695858747021648               19
  0.98201926618321367               18
  0.94023489858819631               18
  0.93054248940316253               18
  0.83290817774034842               19
  0.79445717617728873               17
  0.98965848296833037               16
  0.90493648207999378               20
  0.77613091342909013               20
  0.87356853518426880               22
  0.80652408555286959               20
  0.81091979073523535               19
  0.64874292480497042               22
  0.90432553271345728               19
  0.89598098520757108               20
  0.95109906754604467               21
  0.80425068318667281               21
  0.88858797190368488               18
  0.93922088780096247               19
  0.80512143220024257               16
  0.99091271392702762               19
   1.0093547428166194               15
   1.0310072461532722               16
  0.67230072250170947               20
  0.89609042993531018               14
  0.76818710071995122               18
  0.96502219588396243               15
   1.2000387723084993               19
   1.1171084897588672               22
   1.0905193107142952               21
  0.91880667313242670               17
   1.0968226894277777               20
   1.2418783059582368               16
   1.3009355800632130               14
  0.96664657074419180               17
   1.1995987233060059               16
   1.2841435026466452               14
   1.3074562853266560               18
   1.2277886535879816               18
   1.2652881501128788               16
   1.1326140431474903               17
   1.3357077244533957               18
   1.0565432770938323               14
  0.90468474738453253               18
   1.1279424734857972               16
   1.1315099698400237               15
   1.0154538370962711               18
  0.96444912840577934               17
   1.1821509223467741               15
  0.89758940928015207               18
  0.96759050685982095               18
  0.81499736898840314               16
  0.90509918589218596               19
  0.94252245039442262               17
  0.82336854802262471               21
  0.95834188853875080               18
  0.86914595969378061               24
  0.96220970689667484               16
  0.88153486844888274               19
  0.93122198735556461               16
  0.84293531895073492               18
  0.96004175326781160               14
  0.94035058717984632               15
  0.94582426057749380               19
  0.79172416865111073               15
  0.73134102511099286               17
  0.81126315387185366               18
  0.89466190431179293               19
  0.77562930543886344               20
  0.68013342663703213               23
  0.69596457267678535               23
  0.89597567661482402               15
  0.98769764077676803               20
  0.89473216462397787               12
   1.0895028596512213               20
  0.97656745891330765               17
  0.93789511961376049               13
   1.0044897527640646               19
   1.3073324655846890               11
   1.1084281989320426               20
   1.1521079794800095               17
   1.1016995257970004               18
   1.1420912675922861               18
   1.1048241383671156               20
   1.1231404814032413               20
   1.2189970601946789               17
   1.2019037563583324               14
   1.3193385786604486               17
   1.1030738881630311               17
   1.0810303654805327               17
   1.1915725248239200               15
   1.1131040102166117               17
   1.0002141807424636               17
   1.2390844916584280               16
   1.0450581263377281               17
  0.93308281282426953               19
   1.2527435725913105               19
  0.85630280097443146               18
   1.0195668102913662               14
  0.96493758185580081               18
  0.98484865011087919               18
  0.85221752125358663               18
  0.92025394514496239               16
  0.75776285156603562               22
  0.94125184342434842               20
   1.1416401775434999               17
  0.37831469645214771               19
  0.22943579639751485               20
  0.89047428595368161               18
  0.93755874070225720               17
   1.0161434296823100               14
  0.89807235491140913               17
  0.69159954704023019               19
  0.85754141410037021               19
  0.84709523625015848               20
  0.85431127144277197               21
  0.42606785223523419               16
  0.71554148292575426               20
  0.86858687929872491               19
  0.92287383344699936               20
  0.86010131086009090               18
  0.90251609934745747               18
  0.69311823524168703               20
   1.0444990030248100               21
  0.67996259670650527               20
  0.95044687583566412               19
   1.1175612155407630               18
  0.89862627059982225               18
  0.94744571750216477               20
   1.0110126524637153               20
   1.1370448209658386               15
   1.1767402652496779               19
   1.0855291052967282               17
   1.1437224635648933               21
   1.1430288698705857               16
   1.2040628752691280               18
  0.76149131681436455               20
