   1.1630513971245549               21
   1.2441917160239133               19
   1.2722282360278716               13
   1.1492171461517819               16
   1.0321238572865707               23
   1.1272930913276347               21
   1.0911997965345881               27
   1.2736645696359077               16
   1.0148982363522141               23
   1.1334277931847372               25
   1.0622468592153778               21
  0.95021592047770054               17
  0.99242532414065687               17
   1.1071818695415143               17
  0.78106109623951869               18
  0.82094164083914034               17
  0.95002886216408267               18
  0.97471249578600172               17
  0.94574089370022951               16
  0.87099559290648521               20
  0.84383317315366912               24
  0.72048789252776702               20
  0.86248796881921552               18
  0.63146565267101007               21
  0.76257440955771894               21
  0.88516114372143018               17
  0.81035783642640480               23
  0.88234498433072750               16
  0.93217744395585167               15
  0.93439014942557774               20
  0.88661661264702440               16
  0.90202566568403253               19
  0.89492993428900536               18
  0.91886078998778575               20
  0.96530817115888312               19
  0.93366537350262913               21
  0.78452375877542835               17
  0.84433719007741936               19
   1.0325183391186437               22
   1.0103777498174142               20
   1.1692676263539237               18
  0.92701539199237804               20
   1.2718931270202951               16
   1.2923072561546547               19
   1.1990476897453934               18
   1.1420251179278611               13
   1.1852848613289937               15
   1.1516096822184858               17
   1.1604796220344227               19
   1.2325579110012348               18
   1.2235335047590596               20
   1.3144284746704196               13
   1.3329624540299361               15
   1.2280784234092379               18
   1.1651369954866890               22
   1.1742519524438795               23
   1.0996420429241596               22
  0.97959560622410957               18
   1.3138817078977023               15
   1.1776362694496394               22
   1.1907401683663343               19
   1.1269145108863494               22
   1.0795487241978572               21
  0.99483173045975737               14
   1.1106201983713522               22
  0.92446582793394494               18
   1.0639765650938933               14
  0.95318786752576978               17
  0.96732931742859629               15
  0.89968538592243363               18
  0.82073280244232716               20
  0.97305754842044789               16
  0.90210841541396203               18
  0.96246875359362816               15
  0.92910151000439845               16
  0.79733770364435119               16
  0.95774216866546258               15
  0.93672327862871019               19
  0.94857407382191072               18
  0.94964242780548613               21
  0.94828436299933783               16
  0.96234259967787217               15
  0.88785201549375925               18
   1.0294249556341020               14
   1.0326396543521890               17
  0.83513558412149458               20
  0.97647861985926476               18
   1.0268881138357975               16
   1.0327122502333566               14
   1.0895629557329538               20
   1.1187040042085052               20
   1.0792725908945251               21
   1.1964070062147094               15
   1.0881251587233496               23
   1.0740136847980941               18
   1.1517095040263003               16
   1.2500760570782024               15
   1.2451489840032304               15
   1.3125702645442610               15
   1.2082234847069189               17
   1.2049370507801698               21
   1.2211250624447210               18
   1.2337042653925308               18
   1.1698410771313192               19
   1.2911901544630549               16
   1.1689972118111709               23
   1.0952565180465044               24
   1.0306163525773635               17
   1.0147593592465973               16
   1.0801774800306418               26
  0.93865073486248340               18
  0.98334468665337516               18
  0.92151744158262605               17
  0.95085017167956809               17
  0.85203817213776345               19
  0.88219602093716953               18
  0.83803204987517732               18
  0.82349845417271805               17
   1.0084787190538425               17
  0.99937741180125728               15
  0.90028474345535059               20
  0.75825397661253358               17
  0.90510371142476942               16
  0.85983045287446103               17
  0.91376674898821253               17
  0.82807618706911057               23
  0.90966666463529777               16
  0.96473580096707423               15
  0.94779955917667325               17
  0.92647025208781453               20
  0.79739412872165627               19
  0.89846408437414049               16
  0.87234032355590663               19
  0.85780648139359217               17
  0.99692182644061622               20
   1.0370270703505129               21
  0.99026619167775642               19
   1.1845152329453545               16
  0.98318222387304444               22
   1.0500041951856856               15
   1.0194685987210859               16
   1.1098590368898222               20
   1.0174132953172623               20
   1.0566386759638213               20
   1.2491072466257074               19
   1.3126958369957484               15
   1.3070766969207457               17
   1.2102086288734466               17
   1.1065110066099806               19
   1.1608027899163620               18
   1.2498224687921866               17
   1.2840659495667595               15
   1.2642541177466298               17
   1.2516142672552109               18
   1.2423108211909122               17
   1.1181484777335664               24
   1.0653904489300061               20
  0.93173024477780264               22
   1.1369235666432289               20
  0.96199552262975008               18
  0.88040991564163185               24
   1.0712798976081921               16
  0.93395475642544712               21
  0.83595952564963127               19
  0.84583911069070072               20
   1.0111017378199860               15
  0.90086041056581012               21
   1.0080875628768191               12
  0.98395668966260530               16
  0.83855309495921837               18
  0.77445574523972749               17
  0.88274271388415892               22
  0.85408618113669532               16
  0.78547201595519300               23
  0.90962886684335809               19
  0.66927436330062362               20
  0.69628864185167416               23
  0.91520179249524392               18
  0.97408492833234883               14
  0.97708014550031075               17
  0.93101385972626471               20
  0.75693886863198179               18
  0.93663666411510105               20
  0.81145900130059201               18
  0.79730537130981549               17
  0.98154818491873763               18
   1.1086291772931285               15
  0.98055754872473544               22
  0.94079830632116379               18
  0.99079638096688905               20
   1.1700462153259004               19
  0.85818140332211434               20
   1.1278466477342481               16
   1.0927193582282475               15
  0.99078585668427299               20
   1.1466277902140274               22
   1.1154487567183662               15
   1.1554516915206536               18
   1.2153316956955742               17
   1.3467308937497056               16
   1.1503645595734540               21
   1.0117797402467001               20
   1.1554834400483396               19
   1.1116246922217863               21
   1.0575110756309589               21
   1.3615912496521714               15
   1.1604867932155605               15
   1.2279428694965935               17
   1.1632924341432362               20
   1.1358156212271335               21
  0.98179199372012860               20
  0.98611082788017601               18
   1.0548555242799404               11
  0.76237083748648748               17
  0.78272269871941325               22
  0.87254723747024576               16
  0.69894318711330972               23
  0.90579904156534674               20
  0.86521276712449813               21
  0.91483257032255538               19
  0.71371680711528784               19
  0.78998201482881092               22
  0.91014722601047904               16
  0.84324100236830357               19
  0.75835223842491972               18
  0.90194902229697560               18
  0.71531165449049761               20
  0.73964967121449210               18
  0.95780368578091091               17
  0.91835291982382383               14
  0.67906274494438890               21
  0.84225316137057971               18
  0.92864943704343572               21
  0.72586666602396088               22
  0.96750469827527075               21
  0.66015752425932706               20
  0.96779393465181496               21
   1.0773635395216117               15
  0.99738106761705880               19
  0.84026838197231402               16
  0.90564227195608993               17
   1.0730914733963706               16
   1.0419812300037505               20
   1.2781477319412553               17
  0.93061298339622966               19
   1.0622355290010184               22
   1.1022263728282826               22
   1.3025141193053869               16
   1.2387169432875771               17
   1.1100765842007023               20
   1.1469433318344568               23
   1.2378901494311620               15
   1.1110103204637480               25
   1.0668018249158533               18
   1.1156331848910446               20
   1.2013338013580115               16
   1.0845347387204276               24
   1.0769127252289845               21
  0.86275529162308073               19
   1.0144743418109368               20
  0.86105383560216653               22
   1.0520348776234199               21
  0.80958342954324014               23
  0.91157582449405228               19
  0.90843453309760536               18
  0.94195923766643230               21
  0.85916628312930010               21
  0.73102744169672140               18
  0.84882153972315511               19
  0.87470654580310936               15
  0.85158266559436568               15
  0.67413096594129918               21
  0.69841901125935402               21
  0.75113561562817455               19
  0.55142858614001355               19
  0.83108204505542671               18
  0.56352513281577910               20
  0.99962999103296934               15
  0.68620430187028392               22
  0.82649239568390365               17
  0.66649001309260714               22
  0.75278498191889076               18
  0.83646124254607224               17
  0.96402244401537829               16
  0.90232134427182420               19
  0.76432234242931774               18
  0.99464926303946433               18
  0.90213812861531539               21
  0.77609767297919008               19
  0.84209704516810102               20
  0.93755123620021896               23
  0.96840117786445123               21
   1.2365115113563085               19
   1.0820440160330089               21
  0.92922307397633297               19
   1.0601833485552510               21
   1.1556118623144704               25
   1.1423509109184549               20
   1.2822884757891679               19
   1.0233950606148152               24
   1.1749425879321911               24
   1.1276349582271583               24
   1.1903432785073782               18
   1.1682802616332759               21
   1.1821354046385530               23
  0.99300077307415524               18
   1.1048769913753240               21
   1.0282997498412463               20
   1.0206948008201102               20
  0.91851654714064401               23
  0.90089634317212830               21
   1.0295613754586808               23
  0.96216934278024713               17
  0.87105701367032184               19
  0.81815901241927091               20
  0.76024839301688107               22
  0.97824498617764455               14
  0.68021808431098951               20
  0.80315693882008243               16
  0.82117821367061927               16
  0.70120354633600457               18
  0.69004757483461587               20
  0.74344008760688918               22
  0.67440778317712025               20
  0.62814674783406255               20
  0.67186829851176721               18
  0.57990302943873928               19
  0.66770204580589898               20
  0.85563459745086623               19
  0.74936907982893952               18
  0.81442276629797106               16
  0.62506150713312825               21
  0.68115480546011442               20
  0.74041430359705207               23
  0.75593509716697904               21
  0.92704140833978388               17
  0.79740125465028111               20
  0.96212025426393810               19
  0.90575342492080468               19
   1.0519278581453300               21
  0.83327238200532994               18
   1.0990201740079080               22
   1.0266513918170983               22
   1.1268949455960735               19
   1.1107548597694881               22
   1.2194636269186214               18
   1.1292582107774687               22
   1.1234999888402861               19
   1.1434614033651807               21
   1.0849002171546387               20
   1.0293077838137314               20
   1.1577984205497329               14
   1.1013712312881627               22
   1.2287417632798479               18
  0.98756927525745997               17
   1.1210914843217801               19
  0.97059214476508981               22
   1.1250679944563393               24
  0.96845475420052207               20
  0.88076874078447331               25
  0.73879560869724226               20
   1.0227011011024099               19
  0.77693422601230022               22
  0.93161962046314228               19
  0.71274211085178751               22
  0.78115921268372046               22
  0.76893352806884319               20
  0.92951637194138592               19
  0.97847044781947667               19
  0.77305568185744078               21
  0.67044708341518966               21
  0.71699796986952280               21
  0.81178943026503025               20
  0.70032150815617800               23
  0.62204394553318609               19
  0.47690911304540989               15
  0.73436731653554044               17
  0.64184606289190649               20
  0.61650007082197666               23
  0.70618680238280440               22
  0.82196910542944757               17
  0.74786417019145834               21
  0.76577990587935063               17
  0.67008720668115807               21
  0.83261800919989415               16
  0.64739183785984633               23
  0.93018495583823924               18
  0.71715150693284824               16
  0.92347298220617169               21
  0.84931454246371441               20
   1.0229207814388357               18
  0.98673956595265899               24
  0.98216273739918292               23
   1.0540370721968173               22
  0.98002826179982105               23
   1.1978692601853540               19
   1.0108786336529869               22
   1.0715431089684126               21
   1.1862201688008460               20
   1.2406737186723580               19
   1.0071917056338848               19
   1.0977981954064335               24
  0.91364152879103633               19
   1.1062866316179183               14
  0.97842144349062488               20
  0.95918453993976038               19
   1.0287763762391897               20
   1.0896222067427206               27
  0.80559239816197337               22
  0.83754492344524822               22
  0.75448798543723927               23
  0.93426138499242206               19
  0.79806625907662165               25
  0.76741565695969371               22
  0.72668067307946815               23
  0.66483918004413844               21
  0.67871705864700604               18
  0.75327252235257225               18
  0.91997340036695652               19
  0.68771131749627767               21
  0.72656294608605509               18
  0.82280823386487245               16
  0.83586887303261492               22
  0.50939160678458084               16
  0.56791897263630831               24
  0.78474254319810233               19
  0.50739162376926061               21
  0.85194827729013389               17
  0.59788702761609769               22
  0.58566580005898605               22
  0.73212787899991372               20
  0.61668007682710746               24
  0.60230499855219866               24
  0.73173881058819124               17
  0.61282142758995251               22
  0.95907590302570145               18
  0.77591549373380120               19
  0.97038389471738395               22
  0.78667896857681763               19
  0.84830104638108106               21
   1.0079471226238084               24
   1.0116985998700381               22
  0.91994505559891471               20
   1.0286937174611748               20
   1.0343978135765015               23
   1.2841494761154419               16
   1.0736316266727519               22
   1.0979624960810954               19
   1.0770829962961019               16
   1.1226968645169990               16
   1.1266584875779990               18
   1.2121288374914798               15
   1.1388021583016328               15
   1.0438437904177116               24
   1.0938767776219671               17
   1.0224642144290033               15
   1.0590435603658586               18
   1.0881537490862008               22
  0.81291796786183379               20
  0.85282793957738745               20
  0.93422944377703676               22
  0.86828600981197623               21
  0.74519517281390590               20
  0.77495679750751245               23
  0.80076651885138350               18
  0.72269285614218137               20
  0.64994970912471128               22
  0.64849129859013588               19
  0.64186285701087875               20
  0.75950846009419226               16
  0.75795952757381224               18
  0.76767112728983811               21
  0.62050067007645271               21
  0.55471730789625751               20
  0.63005143698776311               20
  0.62802123691997314               21
  0.52226818452596024               20
  0.78839859823134573               20
  0.64572998104260615               24
  0.51565723381682205               21
  0.77578560420696774               19
  0.65265260371868405               20
  0.77794736499660611               17
  0.81593829257943606               19
  0.68463813787318284               19
  0.77856091927018267               20
  0.69051798358030714               23
  0.74071722041210442               24
  0.81964287427752025               18
  0.92670064724816159               19
  0.89221811680286389               19
  0.99559697473670616               24
  0.98696763523367792               22
   1.0982079996878826               22
   1.1409728572656808               23
   1.0815532835938597               15
   1.0930971336456992               23
   1.0276352188059927               17
   1.0466063744152250               15
   1.2041807158575293               15
   1.0327230067284066               19
   1.1350808046206551               16
  0.94537081847057047               21
   1.0172261189680774               19
  0.81776674544666872               20
   1.0369682078853237               20
  0.92501356902752063               17
   1.0541465789761075               24
  0.86133561168950357               18
  0.82902538872616127               23
  0.98214738538576551               21
  0.92543723801623168               22
  0.70871563473024346               20
  0.67569779229001048               19
  0.71975898136824179               24
  0.70003409493421687               20
  0.72391872027263016               25
  0.57204030194464328               18
  0.56728596099876905               20
  0.51069992670746900               17
  0.59547215662104003               20
  0.66161876098198036               22
  0.53639670040581600               18
  0.52361069656842707               24
  0.54003739976932685               22
  0.43310392424981592               19
  0.74244222771361512               18
  0.49227395698854270               18
  0.45169546673031835               20
  0.48109905084427990               19
  0.75678921950388722               20
  0.71062687520793533               19
  0.72304280669794840               20
  0.86511950678938088               16
  0.63054907355082523               21
  0.78416771512449579               19
  0.75256883885934456               20
  0.64518746022087980               20
  0.81848852995240096               18
  0.59286692525610896               17
  0.85303305566300258               17
  0.89655214006373585               18
  0.96081904059611234               22
  0.93057441948060349               19
  0.91758269969135631               19
  0.95798287546451155               21
  0.83370944032686523               19
  0.92164420477731412               21
   1.0593351962138875               15
  0.97843368244463180               20
   1.0251915788925057               16
   1.0845263947040711               17
   1.0736735649327518               24
   1.0755818991046942               20
  0.89607775400219414               18
   1.0657164110914501               21
  0.76190114497335881               19
  0.94787314493809627               18
  0.97121380280974789               18
  0.91692679598151106               20
  0.86645928810015027               24
  0.96503283548260066               20
  0.69947141374966915               20
  0.65407552701729132               18
  0.73756246483763910               22
  0.73185291468355829               23
  0.67052081977106970               21
  0.55272574373543193               17
  0.66130814679513128               22
  0.55203387398675074               19
  0.58587876995641708               15
  0.63969735879127432               21
  0.57323397541112486               19
  0.46855073993147339               19
  0.62464664564610117               21
  0.49344207320044303               17
  0.66612536799827238               24
  0.44700001042732973               21
  0.52423136980443386               21
  0.40906414407641578               18
  0.56232659321231260               20
  0.66978138374694218               21
  0.75524107537021246               18
  0.65907090174672955               17
  0.55846176509870393               22
  0.69008411574974526               18
  0.59856593725542129               20
  0.68158822142870756               20
  0.81636935835340929               20
  0.94240172917419773               23
  0.85542650597838232               19
  0.96299887078606616               20
  0.77643251644459355               20
  0.75854454299354390               22
   1.0470914012686774               20
  0.78412014193220048               18
  0.79301964782854084               21
   1.1868355294367501               15
   1.0291075642440963               20
  0.98369190530124828               20
   1.0810438348564995               13
   1.0750986271992462               18
  0.86632889034932836               19
  0.96995284624391476               19
  0.81993023463998793               17
  0.99352575701913670               20
   1.0132388484007802               18
  0.78782674591778867               24
  0.89129532430704517               24
  0.81455610942606516               17
  0.95538634836346359               16
  0.72389290859808819               20
  0.75622763336299093               24
  0.82447150788646273               22
  0.68895839341737242               23
  0.61092152513189446               21
  0.64087264718277714               18
  0.53603655204513534               19
  0.62191984760252939               19
  0.44014497813893894               19
  0.64735066462061197               21
  0.56911040350474873               16
  0.64530225381978434               22
  0.46379326634626128               17
  0.43441655295873660               18
  0.56586692466037147               17
  0.50670349879199805               19
  0.44416469950707921               19
  0.53718547486940182               22
  0.57633617319145070               20
  0.59530443783367870               24
  0.64841767638091430               19
  0.65812998327753913               20
  0.48101282070942414               20
  0.60886085132745071               18
  0.63820408158825292               19
  0.59150007120907400               17
  0.81754339295740974               19
  0.54000414667544727               17
  0.90105889207166512               20
  0.99896485668417989               22
  0.80741159702723764               21
  0.80532896409075716               21
   1.0178091696254199               20
  0.89262407839274294               19
  0.86295730273565885               19
   1.1525057869909356               17
  0.98396725225651283               21
   1.0208814802072530               20
   1.0401278056413334               21
  0.99457736909966832               17
   1.0421926590346520               18
  0.88408670801610223               19
   1.0420994219217674               17
   1.0047893186071781               18
  0.78904949158870519               20
  0.84583521365290637               24
  0.89597185194844631               22
  0.70111544438087559               22
  0.91625267247639874               23
  0.57617607721541875               17
  0.65283438704749408               20
  0.54315723923403025               20
  0.84503421511319110               18
  0.76498622746246603               20
  0.61217813608828442               19
  0.53817857795854662               17
  0.51198706128562022               20
  0.62262824454681232               20
  0.49908615916117327               21
  0.46962730105422340               18
  0.38177910236216150               24
  0.49168338295188180               19
  0.41239887994577468               17
  0.53524886518365944               17
  0.61372210032019525               19
  0.55018458866350950               18
  0.37185734684007982               17
  0.37837647687596171               21
  0.60920309995953958               22
  0.60188078514376431               22
  0.46682355903299005               19
  0.61418258256652991               21
  0.61011955544399454               18
  0.55022529617985305               19
  0.79789851102966125               20
  0.83196760458825170               20
  0.77426393318497488               20
  0.78767144724722182               19
  0.93923971301449904               21
  0.69434802263161255               20
  0.88605923103597262               18
  0.85891772165282199               19
  0.75467978089041288               23
  0.70215259367432448               22
  0.94649492263157864               15
   1.0010464954794198               23
  0.94148049392120614               23
   1.0708696938718005               16
   1.0605314182969832               19
  0.76703957514906218               23
   1.1321799980876384               17
  0.98715821785077806               20
  0.91022688945635444               19
  0.97964172137897043               19
  0.80948604134520208               18
  0.66863936993491591               15
  0.83500902099470020               21
  0.66563395379488222               21
  0.84775500182271157               18
  0.85957076413884415               22
  0.73889849671908203               20
  0.52570764037626383               22
  0.59110178724136964               21
  0.68848286358714250               18
  0.49426894630232326               21
  0.58614822013882828               18
  0.40851707006957999               20
  0.44536965879168339               16
  0.60748427680840489               20
  0.41844130003118363               22
  0.40992677300569952               20
  0.43261864640503855               18
  0.61686626207385375               18
  0.39219792394912234               18
  0.46875832057139316               21
  0.48343431913111617               16
  0.30586868809797163               17
  0.46348627952359561               21
  0.34470426862930936               20
  0.41496998744746505               21
  0.51690463736650716               20
  0.44077049585539180               21
  0.48005930544248820               21
  0.62790188631741806               19
  0.74053774758073110               25
  0.48098647811151551               17
  0.67999635797083757               23
  0.71247912591257756               23
  0.71928115579758500               18
  0.64594045693244839               19
  0.89016411375921456               20
  0.68011605151069499               21
  0.76683458091482548               22
  0.95848694782235710               19
  0.77358674333142485               23
  0.99049996452676192               20
   1.0015042777082543               17
  0.86249210622058670               20
  0.81424685754172932               20
  0.98500484768177121               20
   1.0702476863741230               15
   1.0209390189483016               18
  0.99509502322153054               20
  0.88491674415613286               20
  0.94531691195321021               20
  0.87692496654728092               18
  0.79552474224743475               24
  0.75311372588629721               21
  0.83036190789036712               24
  0.62044736599159733               18
  0.66204804444628640               20
  0.62925192049894818               17
  0.58994118018359543               20
  0.69425385696656405               19
  0.50225262639415069               21
  0.64250540857690375               22
  0.53037055057141813               19
  0.43247484738267139               18
  0.42717479178279127               22
  0.52286639831603787               17
  0.38368473821755089               21
  0.43712872972978312               18
  0.34251393107521960               20
  0.57746002217450376               18
  0.31312589323764406               18
  0.42729678254705827               21
  0.39458932523276641               19
  0.55109203515472704               21
  0.38920981548195149               19
  0.30268252419149672               21
  0.57693509900482720               20
  0.41716885210138643               19
  0.39080446846100597               20
  0.54056091024962327               19
  0.45908239280402130               20
  0.74310654729659520               22
  0.63325551287721205               17
  0.85061861816735074               17
  0.66537736858732466               21
  0.88120740989665669               20
  0.63391295848903417               20
  0.82465442080855922               20
  0.66864798427595340               19
  0.65531973139292132               21
  0.80191498570626041               20
   1.0155932039416267               14
  0.94626688014445981               22
   1.1295715173537726               17
  0.90624552070427566               23
  0.95161538611060614               22
  0.98061685180987668               19
  0.92718564518025581               16
   1.0023721772373617               17
  0.92675906537912267               22
  0.96823206038321652               20
  0.64412911841282527               18
  0.78910638820401036               20
  0.55128687573625557               19
  0.73619275416641450               22
  0.60170397318948177               19
  0.56735820515576640               19
  0.47483763373718846               19
  0.70698891436437561               22
  0.59742427016403932               19
  0.55292841323342645               19
  0.46006458114034221               22
  0.60027474832169281               20
  0.34569816765829398               20
  0.35766716904496565               22
  0.33630620410626350               20
  0.32281029121423649               23
  0.34262002996589891               17
  0.29041229474786384               22
  0.47597047799814857               21
  0.47529043970654433               20
  0.35589585348677738               19
  0.26088850307446076               18
  0.34266257132497280               18
  0.23427993112410309               19
  0.52837996050361424               21
  0.55917711297669559               19
  0.29682243423811916               21
  0.56877221172146053               18
  0.61518886176030052               21
  0.48596187728855561               19
  0.42088976579574805               22
  0.65947638963449062               22
  0.67072597413548607               18
  0.68844775626646026               22
  0.58233026500513263               19
  0.72415223323583366               20
  0.83695801747437237               19
  0.91586270435576767               16
  0.90134836152162923               19
  0.99219988883857857               15
  0.71170906824175295               23
   1.0881224146283306               23
  0.94758218134409777               22
   1.0418089798467072               16
  0.95188304091931775               19
   1.0034626712029566               18
   1.0201424909148844               20
  0.75993471929788692               19
  0.77086629204088464               21
  0.74512609867189816               18
  0.81700247044295515               19
  0.87421497156298733               18
  0.71680277489019795               19
  0.67224247391534242               21
  0.71352464636903756               21
  0.55956575646541684               22
  0.52379708003409864               19
  0.50193358440834057               15
  0.67717772160036649               23
  0.47356827276705071               18
  0.38872564340637611               19
  0.57112740043835331               18
  0.36440887773167874               17
  0.46687794182418813               22
  0.31525562969843784               17
  0.36969846440389459               18
  0.31290795884648664               19
  0.31338879181477758               20
  0.44694850004553199               16
  0.26282094582172266               17
  0.24895400122378514               18
  0.36422133137505641               20
  0.60062866233021794               20
  0.41933494266002341               20
  0.33878770060007146               22
  0.21180440629948544               18
  0.49113641421124310               18
  0.49881774016914115               20
  0.69021569416280515               21
  0.65498528875090445               16
  0.61490448632762928               18
  0.69549968026912623               20
  0.63439544836630868               16
  0.77186482788186594               21
  0.76470716597894284               18
  0.74256668939972947               23
  0.76937838547144222               17
  0.89168475670639036               20
  0.72460445862930656               22
  0.67633257509415445               20
  0.71485975206041863               22
   1.0219737205832577               18
  0.98111752124983709               14
  0.96578883926219761               20
  0.71131287825828982               22
  0.99919674595967578               20
  0.81675489538070867               18
  0.71544030400638570               19
  0.90326157290269271               17
  0.90145289033517606               16
  0.73594684178640479               21
  0.75054138215986754               20
  0.65615623824904012               24
  0.69582071772264686               19
  0.66386402490633223               20
  0.61185749732136141               21
  0.40324914096960102               15
  0.37355565015496905               22
  0.42664139448556254               19
  0.47530256648361441               16
  0.40274712506277399               21
  0.42357360482773493               19
  0.31777081118162420               18
  0.41964023405450518               17
  0.49249467685734494               17
  0.26791511900436882               17
  0.32203718879381038               18
  0.33865878885190903               20
  0.28188573217506641               19
  0.29301595696590832               20
  0.35841608659324187               16
  0.18283156462624112               18
  0.40111554359060786               16
  0.17922892968088483               17
  0.34485260172928039               20
  0.41422839063355787               20
  0.48496860872816322               18
  0.56828856440881026               15
  0.43652453906126110               20
  0.43720511582669780               21
  0.50080058356246182               19
  0.53313176083921121               20
  0.67333866289765532               21
  0.74204398029623420               21
  0.72028873634239354               20
  0.80763332584455705               20
  0.81362260533238651               17
  0.75318443161012538               21
  0.94441162313646376               21
  0.90535328031367912               19
  0.94813325387705438               18
  0.97754611947342118               23
  0.96765548902593057               17
  0.79391377258161089               19
  0.91321788975421558               20
  0.90867120617618558               21
  0.85505691069864709               19
  0.94488811943221429               17
  0.82628902192283937               16
  0.85100398879824923               19
  0.88518214624793035               20
  0.67034097094856471               22
  0.84236897331797100               18
  0.64864745425128445               21
  0.44909851918300697               18
  0.62466136675199568               22
  0.62872032775225806               25
  0.61186686300998727               19
  0.52282301379983775               19
  0.53984966762325137               22
  0.47067474964276135               21
  0.53769958377857496               19
  0.30893131998260021               20
  0.25985174432711811               20
  0.32203568172215319               20
  0.40264911831327105               21
  0.25722602576509518               21
  0.32817658935014971               20
   9.9083392388553876E-002          15
  0.24947494735312167               20
  0.20073205598293828               21
  0.23704729428321319               19
  0.38926845747996036               20
  0.14593244153733423               19
  0.27438269565933704               21
  0.46689503270209148               22
  0.38125557140220845               18
  0.51312712696070861               18
  0.52654246819320150               19
  0.64349849407547921               18
  0.73194649504924880               21
  0.63411315544689084               21
  0.66562573769621347               23
  0.76801720555226460               19
  0.72666416074484874               20
  0.64457060159041535               23
  0.69924850196953092               21
  0.67441667982188158               22
  0.83150875778995759               17
  0.84320003668868759               19
  0.91292310386862885               17
  0.86858288908487513               18
  0.98595303497772846               16
  0.79780708831336122               18
  0.90805352793953553               16
  0.97890123353670211               19
  0.98517489317808038               18
  0.98083360296029143               16
  0.69803639831367614               20
  0.83053847520641899               18
  0.79456550984939767               22
  0.62833592876012401               19
  0.57178015002258753               20
  0.68304021254862790               21
  0.67312064727936560               20
  0.49187442123425645               19
  0.53711314886138994               19
  0.51448362660922153               17
  0.28562538015556194               19
  0.55961472105766141               18
  0.40790747902666152               17
  0.30660231990314607               20
  0.19627744561219296               17
  0.30300939314948061               17
  0.35912531465341380               20
  0.13864283369899028               16
  0.29387310995710320               20
  0.22029158476708913               21
  0.19001922026345763               17
  0.18307369780882377               22
  0.25696728745695063               19
  0.24312848532511183               19
  0.29556542297508726               17
  0.18648671005761100               19
  0.41696975734917724               20
  0.32909376442217247               19
  0.35720533665996174               19
  0.36071032677338966               20
  0.62653780372501577               21
  0.59584867251751639               16
  0.48947099083936008               20
  0.46710482097532113               20
  0.40356209853611003               17
  0.49764283655241609               17
  0.75459157084337403               18
  0.74042821642825851               18
  0.69730081309428393               22
  0.87221069288661979               17
  0.87860540807776311               17
  0.85646594351009586               24
  0.95220114112829324               21
  0.89557335221896395               21
  0.95429201138503006               18
  0.93395396746298165               19
  0.90345377631433421               16
  0.87006626390044794               21
  0.93257842354009868               24
  0.97366858206641138               15
  0.92258661781854101               15
  0.64521686988168891               18
  0.94110222205258043               17
  0.60263585711953993               24
  0.60921675725839008               19
  0.49360987119188859               18
  0.41075611814284069               14
  0.41960028711957037               16
  0.53912342674379210               18
  0.67921773837147625               18
  0.50905136641401749               19
  0.36606278575481954               17
  0.46052883819643359               15
  0.34388458616360024               18
  0.23218544162250071               19
  0.20444344168611428               19
  0.27088213739318651               21
  0.31248703244405357               18
  0.30205931268793840               21
  0.10013799196434618               18
  0.29481957712034546               22
  0.19154980136496066               18
  0.24015756647030406               17
  0.22727819195387480               20
  0.17787283959464240               18
  0.22180913068201366               17
  0.41840899759183264               19
  0.36728769795818733               17
  0.49851487995737426               20
  0.29989196372927379               17
  0.51679499718276656               19
  0.48891409164898636               20
  0.58232418327944657               21
  0.44038323173559435               21
  0.59278068802218087               16
  0.58144730683996193               20
  0.57453538594324161               19
  0.54791624183008569               20
  0.52002974576573158               22
  0.68041368035578498               20
  0.60182480711430053               22
  0.89579497618382042               22
  0.81883128741540256               20
  0.94450620169055088               18
  0.93031181115239625               14
  0.91082856105224408               22
  0.74239780796757515               19
  0.98174961571463060               18
  0.70989819658726772               20
  0.82406765435098328               17
  0.86547032417040271               14
  0.73047544555071642               19
  0.78678047554887998               18
  0.90157566077414941               15
  0.67349683672330762               23
  0.55683363002086783               21
  0.72252738452142695               18
  0.54790685437785946               21
  0.61094037378295507               21
  0.61902452809123965               21
  0.57269884114590197               21
  0.34877462834797623               19
  0.18868352716707457               17
  0.18079798072393335               17
  0.21782722975030464               20
   5.2868532949159538E-002          14
  0.12440749931523941               18
  0.22660557932546299               18
  0.22689945122923214               17
  0.35654767339731891               21
  0.25753153807072404               18
  0.11276657691728162               18
  0.16521892467933832               17
  0.28313521300724270               19
  0.14654343117918275               17
  0.28955323457897525               17
  0.25549568938905309               18
  0.31565903304253384               21
  0.37352988027210515               17
  0.30348103927117864               19
  0.47211574320007960               21
  0.52619276437407625               17
  0.55528561575796542               22
  0.38927849358062894               18
  0.53288234027784487               20
  0.60387911250431403               23
  0.51169117482699167               19
  0.55804283797048249               20
  0.80121947380193315               19
  0.84658127848490983               22
  0.62911105986343174               23
  0.91678009246138348               21
  0.94555711357941963               18
  0.86810852226115454               17
  0.97075173781712931               16
  0.88576593008201610               22
  0.95139743823454670               14
  0.67380098442852365               21
  0.87774943966400798               19
  0.74105368953037642               19
  0.85832969044599372               23
  0.71002840010089441               17
  0.66812067677542253               16
  0.76636826612198561               20
  0.79408394681374050               20
  0.83764401126549559               17
  0.42238350659620966               17
  0.73809206113492776               16
  0.59062708567924982               17
  0.43344615458515878               18
  0.48363679409095173               18
  0.38644224494867119               16
  0.41485158331006772               18
  0.39963041661944704               16
  0.30934516843469401               18
  0.27130533295737969               19
  0.20584400049454427               17
  0.18952263184884480               19
   7.7550192831044501E-002          18
  0.14438323166712397               16
   4.3165617405948091E-002          14
  0.25651859011343797               16
   5.4838281660428041E-002          18
  0.12872582811261299               19
   6.9215040688960949E-002          16
  0.18562527114408534               17
  0.36980689087599450               20
  0.19344437607559703               18
  0.31855990161900694               17
  0.45250160081271967               19
  0.38075350232604538               20
  0.39706929444450106               19
  0.45569293918999004               21
  0.53916267223486969               20
  0.55650186093011711               18
  0.54440858936652425               17
  0.64057822190771085               19
  0.64882785926794184               19
  0.88158032942761133               17
  0.76629716973849493               21
  0.78290453835242702               20
  0.92252465160693875               16
  0.95107373702654863               18
  0.82053660633831127               20
  0.92840238715095313               13
  0.77239779100193473               17
  0.80177155364328101               16
  0.88854410674135642               19
  0.88834844266964219               19
  0.91659863742556125               18
  0.84797471572584149               21
  0.75178721462012255               18
  0.78919618262194435               19
  0.81166035472842868               19
  0.62638417670633861               15
  0.65638746025153727               16
  0.49106444634800500               16
  0.49071447533715495               17
  0.58258765838074911               21
  0.47881760479204105               16
  0.33629922954969443               19
  0.55547848644332243               18
  0.40554035551358808               17
  0.43685928255841844               16
  0.25052509213449470               19
  0.40571873882022524               18
  0.19021585582282052               18
   8.2459720200701941E-002          16
  0.27109674723120902               18
  0.22304660665094075               17
  0.13621092285585040               16
   9.3267436559074296E-002          17
  0.12960305890037793               17
  0.16938108796250756               19
  0.14300653324777099               21
  0.40996844965583995               19
  0.23191878199696719               20
  0.36403072832210925               21
  0.52197465407866062               22
  0.34775818823736870               18
  0.22228796479545640               20
  0.49250600188979282               22
  0.40744034303808968               20
  0.46845286664559110               22
  0.64102007898031976               18
  0.48429251062580991               22
  0.57449478675542409               20
  0.76537641541565959               20
  0.79113464790443211               20
  0.68451229392995017               23
  0.68545057253237263               21
  0.71835333035237003               18
  0.86694579322926346               21
  0.93610290723563438               19
  0.91467322711507959               17
  0.84338170400883594               21
  0.82145974527601529               22
  0.91522490559042358               20
  0.77686043789322756               17
  0.91469019254669393               16
  0.83228345757658295               22
  0.84226546964060678               20
  0.74999914784573463               18
  0.67193414988000011               23
  0.75697042187460684               19
  0.54085158696199021               19
  0.51177072407575452               20
  0.55853707725389534               19
  0.33697385620379910               17
  0.62464397743451083               18
  0.30674016637898593               16
  0.34509079352589528               18
  0.26538353501774786               16
  0.37146510926908211               19
  0.23648981974293731               17
  0.32726907347786721               21
  0.22920403957099847               18
  0.26789741404624379               16
  0.14232425393056952               19
  0.22498935451188362               18
   1.6286463996380673E-002          18
  0.37054934750646334               19
  0.14273040857677941               20
  0.14359005555333590               20
   8.3439969280204848E-002          19
   6.7761481334062096E-002          16
   7.0896877556340693E-002          17
  0.38193587667289147               19
  0.26106593923591576               19
  0.26126062606568451               16
  0.28426820149351917               18
  0.44290847487698853               19
  0.49370272899836931               19
  0.45978906854980578               22
  0.81577119770072237               17
  0.51230526913084062               17
  0.62961442820001012               20
  0.73472465471417692               20
  0.69534468751467049               22
  0.66591554302252076               21
  0.67241080999743097               23
  0.68939176844495575               22
  0.73336301402564341               18
  0.89066428576416845               22
  0.96026567719815592               16
  0.97056272250726983               15
  0.78047754697094485               19
  0.92617577836507659               18
  0.92650144912136545               15
  0.86458743419445616               23
  0.67770874946164494               24
  0.58397272788812993               23
  0.54458887328890571               20
  0.78782550375794069               22
  0.68599972288775890               23
  0.75431318914767898               19
  0.73232092957926853               17
  0.57984501880976924               19
  0.55987808036941966               21
  0.28224858131531277               18
  0.54795767562943076               19
  0.47665326034847727               15
  0.44223489682429928               16
  0.23598937069674172               20
  0.36749174330764239               17
  0.16985508185135059               20
  0.23624311455528807               16
  0.11900140474953440               17
  0.10790438265909652               18
  0.12741914140922367               16
  0.20352264800148714               18
  0.14537121962081626               19
  0.17655520521962645               19
   6.5531090608134654E-002          16
  0.31632626781827516               16
  0.35497088614369071               18
  0.30294896179510999               15
  0.26114885304567004               17
  0.19905102328065671               19
  0.34599985190720883               17
  0.31077111598712470               18
  0.50890589108295414               18
  0.46421620346327430               18
  0.35517918321976277               20
  0.66417277831531984               21
  0.47109926458186047               20
  0.59425599220456771               19
  0.61937427952578195               20
  0.62594551727308878               21
  0.65952999439304405               22
  0.85589533507382665               16
  0.72477623363770105               20
  0.87030074739974950               25
  0.74789675241037645               20
  0.98043007297964424               16
  0.94498128478695631               18
  0.64873121182715465               22
  0.83715272903998794               18
  0.79885090671546422               17
  0.88212328409314045               18
  0.90607878227368532               14
  0.63983010142102137               22
  0.65260476900816267               21
  0.68879359030479226               21
  0.75056024889962691               20
  0.60009378962060644               17
  0.51521506634986780               18
  0.46681204857582170               18
  0.64321727540476736               22
  0.56958370321870333               19
  0.45512425693282876               19
  0.45711564478936101               15
  0.35918102254569867               17
  0.27081255319120839               19
  0.21054833645953253               17
  0.31075498824970499               16
  0.33197071481916174               18
  0.39271508529822913               15
  0.23027060975811434               20
  0.15891930148748476               14
  0.14495911021553415               17
  0.20147560202445958               19
   6.5347615525467501E-002          13
  0.17242603796071423               19
  0.19612455299489712               18
  0.23026825315695357               19
  0.11155837350898652               18
  0.32999881270925552               20
  0.30195943167537592               17
  0.31263980852344703               16
  0.45154022899402685               19
  0.46612017384095661               19
  0.53230307642652042               20
  0.61407752463017329               22
  0.61287206511247638               19
  0.41932376247305303               20
  0.61695012671018068               20
  0.77593633163294762               20
  0.72545685230133428               20
  0.78399604832272329               16
  0.80744317616721328               20
  0.67929563952618688               21
  0.87283048079994707               22
  0.82040372465472833               18
  0.82551434342939667               21
  0.83224005484298069               21
  0.83128225572634651               17
  0.95747340432745276               13
  0.96568565111183602               14
  0.94603514885632933               16
  0.80153550400651830               20
  0.71342026219093901               19
  0.75497381329932689               21
  0.49943734618007768               16
  0.59376509494815555               20
  0.70372704095887384               19
  0.38359625443699885               16
  0.42423145601356171               16
  0.51052253490866828               18
  0.36392644156236564               15
  0.28561180109022744               19
  0.25558592032793176               19
  0.40264527091251978               19
  0.49623052485815972               18
  0.42158077874731142               17
  0.29557319715647218               16
  0.30138261482697881               16
  0.21410745177326082               16
  0.10542538018230614               17
   8.1267177870392462E-002          17
  0.32941449445462606               15
   7.0344444542416437E-002          15
  0.17377563764507017               18
  0.12217212852646672               18
  0.21632555711205503               17
  0.22138424119648725               22
  0.14041511485753405               18
  0.39964960320281590               16
  0.19141471633069226               18
  0.37260114827161883               18
  0.37033378576108450               18
  0.63288131720598273               21
  0.36244217437493137               16
  0.37879951983356414               19
  0.57531632658114118               17
  0.54805355328480565               21
  0.47522717148477606               18
  0.55879966192814368               17
  0.67092169069041518               17
  0.76922575900312440               16
  0.68778126409333584               23
  0.87656394765475931               18
  0.81655096228385760               19
  0.94698153948287134               19
  0.94287334962952440               16
  0.77340488143886277               16
  0.87678557317769557               20
  0.91594158818049876               15
  0.84425791338332878               21
  0.68497193218255892               23
  0.75639096808599571               20
  0.92786862693183025               14
  0.79162377028019870               18
  0.71826800898262722               20
  0.69015864618817668               21
  0.68261170859730724               20
  0.60906132031026317               21
  0.63054513723905969               21
  0.57035975221835478               18
  0.45138204308113594               15
  0.32123661039004842               19
  0.24435277307492967               18
  0.53222891728789778               15
  0.37238292037318538               17
  0.28692702288113520               17
  0.41004760115320127               16
  0.16889537279259112               19
  0.15130416204072639               19
  0.13184777520290275               20
  0.23091788916381781               20
  0.34728113967464486               16
  0.21159970015406748               18
  0.26615228854815948               16
  0.11304614041941904               18
  0.30472228271605944               16
   8.4834273436506569E-002          16
  0.30647456732040429               17
  0.38658460016155688               17
  0.29585395216510607               16
  0.26502073915841989               18
  0.36446757181227296               17
  0.44967130848010578               19
  0.58265971955377349               21
  0.52384616444524490               19
  0.47457323761785308               20
  0.79377270299211022               15
  0.73640686813467360               18
  0.63176217068713780               19
  0.83551497356028714               19
  0.83562611776024598               17
  0.89235229662375182               17
  0.83992764136174203               18
  0.98940965191128727               14
  0.96235655951278121               13
  0.88522995443992780               19
  0.83507898525749313               18
  0.90703911692065786               15
  0.99754527463857234               16
   1.0287809544678201               12
  0.95426930082825345               15
  0.95913890139526714               15
  0.82578372955754398               14
  0.80216576236190917               19
  0.74395303413216385               22
  0.75059123709408482               19
  0.61521361472482738               21
  0.59210353625754497               23
  0.58322501164995200               17
  0.71981879858541953               17
  0.59240796049851541               21
  0.62880559146248527               21
  0.55420593276588348               20
  0.43235517465716738               16
  0.46444504579789969               15
  0.41602605539997700               17
  0.31102264342794289               18
  0.23952820861591612               17
  0.28832084299659894               18
  0.25255285116980292               21
  0.21152651240743542               16
  0.16537356151592811               16
  0.16478792537058490               21
  0.19661666595681573               17
  0.21047969848385742               18
  0.23107909503856541               17
  0.25394268176989021               14
  0.41283482236646490               15
  0.39711547691394589               19
  0.36056196563292076               16
  0.36774197671708547               20
  0.45661047383881215               18
  0.45914684428409824               19
  0.41686512632045891               21
  0.46305631292855065               16
  0.46533528222853859               20
  0.66948531436227887               23
  0.80803055768323473               16
  0.56632051928935290               18
  0.66606503810640072               16
  0.75034945153494592               21
  0.88083340853898262               17
  0.97271205422515827               16
  0.75342278306785349               19
  0.95705084216793168               23
  0.99558013748262442               15
  0.80905986334263835               19
  0.91278275428595668               20
  0.95752828630352627               16
  0.73937612046297874               23
  0.87818004748129763               22
  0.84652974436257267               18
  0.72397157369429210               21
  0.77479457406397911               21
  0.78086027950530035               19
  0.78352713592801948               21
  0.83076628704502631               18
  0.77249611098406812               21
  0.63586836818651693               20
  0.61364351155689079               18
  0.48409209173270640               18
  0.53249373966829783               17
  0.67812160011332168               18
  0.49450321946645731               19
  0.51184107554511182               16
  0.51145805806627564               16
  0.25093757327731619               18
  0.33254280521274510               16
  0.11612483577499276               17
  0.33427127750398172               15
  0.37763434719073236               15
  0.34692769674590779               17
  0.20183281936569955               16
  0.13305866464889879               19
  0.35847303725787499               18
  0.16509746151242521               16
  0.27433200931165208               19
  0.23700390624814291               18
  0.29933656266288683               15
  0.35316462666944182               21
  0.51081473366055419               18
  0.51623486745065894               17
  0.42245641455151367               14
  0.35359043780037780               17
  0.53552803478479105               16
  0.64468676989870688               21
  0.55463536006214131               19
  0.66695076584700674               22
  0.69720673118520693               18
  0.61261592081693528               20
  0.70530357079579731               24
  0.90471057135379040               13
  0.89500659709203179               17
  0.96911569998007407               19
  0.96334739808709635               14
  0.69980792613826870               19
  0.89514974497602273               16
  0.88849442061420181               19
  0.85812519900800754               18
  0.99980626966586006               16
  0.97975692856776442               15
  0.88609675518541775               20
  0.87640552027999719               17
  0.79409377149422566               20
  0.72217810852104580               21
  0.68689406282919829               19
  0.98589552282720494               16
  0.48417086005785548               19
  0.64254026518876395               19
  0.79471862827930140               20
  0.57352231539793930               20
  0.53827752211717095               22
  0.59106235446550781               20
  0.41646775490219112               15
  0.46539179321748592               17
  0.31613394376469278               19
  0.46650249857834991               18
  0.47288019062572800               16
  0.40624020764033192               18
  0.37963321384405296               16
  0.41796859323780983               18
  0.24748267085294093               18
  0.40007639364542563               16
  0.27785507746734400               18
  0.34658124796245665               20
  0.50739537288424019               16
  0.43241045537672301               14
  0.41894353237554166               18
  0.45060483704318910               19
  0.53946810743364193               22
  0.40993191517477090               15
  0.55665160376594913               13
  0.53427208536692217               22
  0.65716320803763395               18
  0.62933132186358676               22
  0.51706529117397293               17
  0.49088807431232862               18
  0.63056326969244114               16
  0.83924467481466425               23
  0.79277058160622671               16
  0.80751910071820487               16
  0.93587429325788407               15
  0.94940727971235772               18
  0.77352556985190779               16
   1.0130342680693458               18
  0.99292015335176409               16
  0.90416915495873340               16
  0.95842865626809337               16
  0.96126049339047870               16
  0.84952980238876974               16
  0.92295049646770932               17
  0.71112119489897607               20
  0.93090830713411399               18
  0.83099158907125059               18
  0.69572267859235737               20
  0.69194153830539618               20
  0.58463742602772817               15
  0.70094685013979730               17
  0.75304421992679671               17
  0.66471137528876756               19
  0.62228317524600674               21
  0.49190868039080327               17
  0.55806616485629446               18
  0.56985958180635399               16
  0.45449756721247864               15
  0.35485588515665384               15
  0.53759562543889572               19
  0.27179233989084250               17
  0.45103846111748480               20
  0.44452488987785332               22
  0.42813839544346027               19
  0.19863973070914301               19
  0.46522755440512692               20
  0.39788195807393922               18
  0.32763579090278250               19
  0.28360069436221264               17
  0.32518694097849388               18
  0.57671405077865479               20
  0.38908292576808101               17
  0.58273925821816619               19
  0.41935615115247554               19
  0.44994420462137003               14
  0.39857313462151045               18
  0.68281945474680084               19
  0.65197165749242947               18
  0.54913451767849075               20
  0.71855106128976576               22
  0.63618138767899379               16
  0.69875732705923133               21
  0.82581641809572059               24
  0.76589517885580161               20
  0.71410561670089501               21
  0.99756953102344637               17
  0.88866897002173539               22
  0.82759177623359825               22
   1.0712079414469384               14
  0.87116698506067947               17
  0.97237607720219088               19
  0.99539903722135348               15
  0.82778551193477268               19
  0.82716568593673767               21
  0.82583243884676216               18
  0.92356899352962263               19
  0.88131514750709206               18
  0.80900086466464471               18
  0.76637953686229532               21
  0.68942378771143253               21
  0.55540260515807260               16
  0.60990039097719551               17
  0.56180249903862411               17
  0.51001064346775538               17
  0.57292543817213637               17
  0.65839607013242663               22
  0.48566640034811931               17
  0.61048005156693075               17
  0.48733714802782430               18
  0.42377417564907016               16
  0.35699332660516914               16
  0.32485619464860493               15
  0.29933658466449192               17
  0.25180572001017315               20
  0.41299286187677553               21
  0.30153266717887683               18
  0.50366240231293735               18
  0.43540553283991601               16
  0.62635997047783365               24
  0.32307285674680275               16
  0.26068344105255031               16
  0.40702270232471993               18
  0.44821425856383468               18
  0.56939785157026723               19
  0.61810020660092579               18
  0.58447736957156282               20
  0.65369485301121943               19
  0.71064896943071032               18
  0.68339832710626891               22
  0.73963722629208073               23
  0.71773696891636130               22
  0.84270843641111515               22
  0.72580400740729922               17
  0.84221232542280966               24
  0.89116428455745456               22
  0.76461467762496127               20
  0.81275083246807911               22
  0.88533776900045913               19
  0.91060715481975418               18
   1.0178162400611004               20
  0.85435068805321424               18
   1.0230379611204532               13
  0.78293546821072435               21
   1.0439064057041121               17
  0.96141762278155574               18
  0.85878362793902363               20
  0.83059571575519930               20
   1.0123812702753598               17
  0.78608268768196343               17
  0.61813193633573971               20
  0.72068293502085445               17
  0.65162663044603708               21
  0.66618713930570439               18
  0.50656926144982140               18
  0.69449879418072702               20
  0.71369739709533186               22
  0.51885662649369735               16
  0.50241389446750928               20
  0.42136162298355589               17
  0.45334039421402594               16
  0.33722364743387900               19
  0.38133482066965713               15
  0.48833610263815952               22
  0.37531048236122400               16
  0.51510269311749157               19
  0.58462302468863037               21
  0.35256401371765000               20
  0.61378235586358021               18
  0.53570985164373808               19
  0.66226519352312785               23
  0.51740701465978012               20
  0.55989723918727985               17
  0.57595128858720213               21
  0.52878659167081454               18
  0.59141201405267074               19
  0.46110178658349910               17
  0.66575468536070104               19
  0.62387049437268849               18
  0.70599363644833435               18
  0.92539158372825159               21
  0.65331534466290009               19
  0.77845870996981803               21
  0.87976309296364297               22
  0.95276389597258970               18
  0.79809830329540654               22
  0.86918405953221745               20
  0.88995307648237698               22
  0.87836818647202330               21
  0.91641528468640965               22
  0.94384336400700841               23
  0.80912927708252735               21
   1.0601718919960028               15
  0.84031341664518489               21
  0.92060011147337073               21
   1.0426880889643289               19
  0.86134893025745929               19
  0.71885471057645089               18
  0.88638597547987974               21
  0.91585953475480020               21
  0.86023844159643958               21
  0.72342213783260700               18
  0.61026657236205983               16
  0.55045394942444092               20
  0.80451550293845142               24
  0.65521102602606984               20
  0.48631966319851949               18
  0.67837849158851404               24
  0.53125069217060128               20
  0.55184850654290518               19
  0.45468596785831195               16
  0.61056678843617962               21
  0.45930544038477811               21
  0.57840262444337542               21
  0.37446100315060205               19
  0.40807306678118316               21
  0.54113909253046921               18
  0.60757188669374784               21
  0.41697491716280088               20
  0.50511983885667944               17
  0.49876844257978531               21
  0.59608541811222637               18
  0.67788949038111768               24
  0.64245835053634126               22
  0.57479052202344971               18
  0.56814799536007832               21
  0.68891538758552107               21
  0.44248982330262437               17
  0.80202676370857595               20
  0.75988892802969532               20
  0.58456834565375815               18
  0.77126263073879975               19
  0.74255688853098234               19
  0.99415802498001149               17
  0.83577330321631604               19
  0.93752330453292465               20
  0.91107700216448029               20
  0.97339823920557089               21
  0.97451779779106140               18
  0.92016127853347029               20
  0.82025557934787785               21
   1.0479067520316090               16
  0.99777561680982574               18
  0.94253550071444381               15
   1.0776084466753180               17
  0.91902371733955202               17
   1.0088496901551913               18
  0.95017916712969119               21
   1.0450233182113895               19
  0.95853556937627005               22
  0.66767485495280676               20
  0.53359403784579928               19
  0.94266283899921377               22
  0.71021265022988445               20
  0.81911634078275197               19
  0.79838120777941390               19
  0.53345000035371404               19
  0.77005674158283965               18
  0.47513105877253864               17
  0.63408147600641107               21
  0.65149418893895006               20
  0.43340020929996431               18
  0.50880594483433217               21
  0.42430971864074796               17
  0.53414803993138260               20
  0.37061302224630555               19
  0.50804709089030409               20
  0.64879248219656505               21
  0.60538625381852307               17
  0.49166444868176601               17
  0.54434791362019319               19
  0.50577117750225786               15
  0.42681404326475397               17
  0.78752464754641982               19
  0.77856078499804959               21
  0.77024886618826149               22
  0.65041729340371557               21
  0.60665068501659836               19
  0.55871211948770561               21
  0.64887067924952757               16
  0.65200933234483294               20
  0.71292468826538802               19
  0.87755077735977649               20
  0.88842760982246161               20
  0.92139693015183000               23
  0.93953562369655941               20
  0.95685808832192909               22
   1.0310350836166580               18
   1.0217411202788715               17
   1.0571791885722537               18
   1.0006359325931362               14
  0.95105663830734977               16
   1.0961610638736374               18
   1.0742828084991716               19
  0.93457371322533955               18
  0.99261578631253822               20
  0.94107595611164940               20
  0.83901660062541605               17
  0.91606519940451225               19
  0.62509403756001181               19
  0.65594173944925260               17
  0.97136997682501514               16
  0.78473263470602495               23
  0.74813701777358976               21
  0.75301322416190053               23
  0.79427646548963804               23
  0.67602176821757143               17
  0.87980308607735613               20
  0.59381013503193569               20
  0.34684034083775728               16
  0.59864688832672885               23
  0.45581062941450218               17
  0.67681336643208934               21
  0.54608856006467843               21
  0.51833886656262995               20
  0.63981791515311826               20
  0.55143771566722222               19
  0.52083998826823852               22
  0.62860937799543182               24
  0.72168594284851395               19
  0.59274062448082732               22
  0.44622249174505907               20
  0.66253350738398553               21
  0.34264637502365208               20
  0.53073964149822161               16
  0.71273158157124750               21
  0.57593400019739449               20
  0.57312088834712582               16
  0.73776080201871019               18
  0.71200845031987248               17
  0.78680143780826972               20
  0.89687748194780037               21
  0.92605825868633362               22
  0.87099331386316314               22
  0.86047012040232884               22
  0.96712115625093997               22
   1.1338701731126268               16
  0.94645249169460488               22
  0.98852224426250512               22
   1.0296068928329536               17
   1.1342859793999291               20
  0.95528938529610863               19
  0.96542164544623910               20
  0.88531752300549049               19
   1.0854379806298446               19
   1.1115940001228504               20
  0.73540046122062364               16
  0.87726826016874848               21
  0.92470855944884556               21
  0.76742721354205401               20
  0.76945048723973075               19
  0.68454872821999313               20
  0.97547815436613083               18
  0.71693683039115186               24
  0.74298588068365723               21
  0.78870521292996920               23
  0.69953210322562343               21
  0.66671145001532672               22
  0.70108467252791995               23
  0.61813546111318973               21
  0.43601977504913014               20
  0.68970514373359371               20
  0.48019130274819072               19
  0.68481021832467182               24
  0.74396037953761807               22
  0.60325073206032009               19
  0.48079419738914814               18
  0.50388163065807090               20
  0.61430877332181133               25
  0.68578814513220010               21
  0.70618238766761021               21
  0.50341307729825835               17
  0.68021938533456672               24
  0.66885125800452894               24
  0.61741708838032350               20
  0.79704349864478918               22
  0.76524868356896003               22
  0.70476896944743217               21
  0.76612944931568183               21
  0.82496763373561399               22
  0.95075312444432836               22
  0.71821973029225461               18
  0.80093827748606083               22
  0.97631007737822673               21
  0.90163955493786552               23
  0.98155146722286879               22
   1.0572384147042748               17
  0.91087443286123981               21
   1.0712901120060647               15
   1.1053611276863098               15
  0.98640018581028233               23
   1.0011257741997055               24
   1.1494249223059259               18
   1.0957585119917268               16
   1.1410508335788032               18
   1.0313000489619286               18
   1.0413058776843009               19
  0.92275075252634320               20
  0.83367415621751018               21
   1.0405894726133966               18
  0.88056007441042516               19
  0.97138815687134850               22
  0.76269800296136347               19
  0.72101741753783510               23
  0.77540446454750311               19
  0.87533047992950719               15
  0.82794955511946833               21
  0.71762526756082434               26
  0.70251329086088687               21
  0.60838984114608197               18
  0.62665714440593689               21
  0.65002523475047647               20
  0.56740167036845524               19
  0.62460002861463859               23
  0.60409015677935596               23
  0.56103263809114168               22
  0.49888158617428030               19
  0.57038878635889867               21
  0.70613285125545466               21
  0.72635273780603771               21
  0.82768001848325978               22
  0.64804928900752679               21
  0.70193518110104958               22
  0.55967007300852467               18
  0.69994706356299485               23
  0.58036046103969297               20
  0.70703717429034352               21
  0.71237042985098653               21
  0.76919482430287456               20
  0.79818689133032816               19
  0.87362220819662006               21
   1.1303848203380205               18
   1.0165647078475377               18
  0.86070083561379063               23
  0.88153205163793158               22
  0.84886953662286102               25
   1.0786367886892798               16
   1.2003986706464755               16
   1.0732447462683450               17
   1.1706731669593446               13
   1.1821455720780814               15
  0.87291577834230061               17
   1.1017693504523274               21
   1.1357978672499678               17
   1.0359982845362086               19
   1.0522833762177539               20
  0.91332155658174907               24
   1.0852953394373788               18
  0.99956136054040234               20
  0.84366857569267317               18
  0.96394901786452203               23
  0.97685235297589279               21
  0.71862097700149929               19
  0.86961994043613078               23
  0.91202598076762109               22
  0.84536389920057609               17
  0.67633550813791832               22
  0.88073147705110977               18
  0.67559874966685973               24
  0.74972755893284992               21
  0.71257112243279042               20
  0.65194526839725642               24
  0.59831524169617623               21
  0.80152251256494855               21
  0.57096936896267192               21
  0.69050893314487138               24
  0.68071092009637935               22
  0.74064296090609749               21
  0.58293996642255286               19
  0.83017544466141746               19
  0.67222004487542553               20
  0.75943888128709924               17
  0.66964202006830853               22
  0.65508443194529575               21
  0.70788317965333436               22
  0.82284668703285957               19
  0.96712813942202991               19
  0.86130303090881100               17
  0.83925465296891033               19
  0.76996066171111965               22
   1.0325724019296889               20
  0.78023055049284562               20
  0.82010310934897446               22
   1.0065341371830894               16
  0.98087302430750989               20
  0.96484663011309413               21
   1.0083978890570140               18
   1.2944622385927396               17
  0.99972199264917039               20
   1.1199098830646639               16
   1.1776031253753059               22
  0.99725645598701884               21
   1.1607709722504684               19
  0.97477875670694469               18
  0.98399778775465818               21
   1.0492216861267072               21
  0.90086272107056020               24
   1.1097763774092899               20
   1.0590669578410303               22
   1.0569712194120990               21
  0.76835599808032773               19
   1.0913903889345091               22
  0.98093844124522522               16
  0.87430169973849736               20
   1.0768680371298069               13
  0.81453622855945984               22
  0.92352969694070097               18
  0.69715948167508346               21
  0.83434417711199760               20
  0.74333722976060879               21
  0.83528137839204475               24
  0.80917946796489881               19
  0.79590375889478326               22
  0.83362895688030825               24
  0.63829846680227997               21
  0.54865212366500704               22
  0.84099270158620276               17
  0.75583266580563879               22
  0.62195842302464877               21
  0.74918347077197056               20
  0.74788735781016136               21
  0.87157730296599645               20
  0.66919408582677997               22
  0.64012058471985456               22
  0.79847326747194292               20
  0.86869856184538774               16
  0.59897653085824332               22
  0.82057521301626346               19
  0.92661231817737355               22
  0.75873366722923752               18
  0.91480490193062125               19
  0.75380709633746090               21
   1.0118204864531199               21
  0.96253375239820271               22
   1.0276636777156571               21
   1.0239010141466038               17
   1.2348374232233243               17
   1.1227009302215283               19
   1.0736828058719994               15
   1.1121347769433105               14
   1.0132106789410846               18
   1.0215420051971194               21
   1.1296006149923012               18
   1.1784198008507276               22
   1.1148344893540136               21
   1.1075986981051538               21
  0.99013518050238125               22
  0.89177134187523199               18
   1.1647629436104963               18
  0.87378498896295576               21
   1.2266990559690880               15
   1.0982912385750314               18
  0.82715972793056536               20
   1.0071647838871787               18
   1.0312399737167763               17
  0.87944620625568770               17
  0.90727781669441809               23
  0.56451840709202661               18
  0.81060829357847164               20
  0.87857669664746330               23
  0.85746815929152964               19
  0.76867696426103305               21
  0.70837499435709750               20
  0.63307105832334210               21
  0.72042877791970361               22
  0.75765476400920140               23
  0.53053459472026154               22
  0.72068245156937638               19
  0.88750269242686752               19
  0.61398902809518197               22
  0.72322133647569453               20
  0.87733878668187226               20
  0.74864755480140854               20
  0.68344602068379368               24
  0.84847652712168919               23
  0.96441574958406528               19
  0.62414055491020692               23
  0.98311462727580345               17
  0.80782594595457269               22
  0.83730883008532186               21
  0.82879521739521467               21
  0.84910520038659809               19
  0.94109367359786866               25
   1.0471326553542295               19
  0.90978682383998766               18
   1.0982611141338725               18
   1.2421352117386071               18
   1.2903125586453190               14
   1.0774816461434522               15
   1.1749932599678843               19
   1.0761885506635234               17
   1.1542862979498500               21
   1.0928287627488489               23
   1.2238977333468148               18
   1.0016808231965710               18
   1.2054606230360212               18
   1.0850305181199049               25
   1.0668367375951728               20
   1.0209539517260042               23
   1.1426993518276780               20
   1.1663720465959588               16
  0.92509517857466139               18
   1.1254134626215837               15
   1.1617861054449989               21
  0.88793652798057265               21
  0.82794218562325661               21
  0.92754311061085659               18
  0.71852522710853450               22
  0.81481948008136318               20
  0.83196724682667855               25
  0.78702696800325578               21
  0.76639231684562747               25
  0.84613972955737404               17
  0.80508224215023483               22
  0.65672464180738122               22
  0.87923344580641383               17
  0.70134660550205252               23
  0.87076596330848111               18
  0.95976106221273105               17
  0.67924304705097793               23
  0.97433977512682901               15
  0.84304089582577668               19
  0.69525291392891708               21
  0.92952816758982626               18
  0.89624430491869733               20
  0.88382240602009110               17
  0.89214258442311367               22
   1.0733403594853690               21
  0.96288111130754706               20
  0.91230375215453052               22
  0.79903064610691643               23
  0.98520584695467273               16
  0.98167883019952995               18
   1.1667663815880833               20
  0.98620139165121579               16
   1.0482255820840767               18
   1.1683817091735196               24
   1.1015972171852255               21
   1.2204818256473853               18
   1.2033504523272380               19
   1.2406097125271680               17
   1.1909388634684281               16
   1.1646436683030177               17
   1.1479174251900450               19
   1.2035971095642155               14
   1.1793682746599858               22
   1.0752420232465392               21
   1.3225940922341668               15
  0.97344058370291819               17
   1.1509102972852954               22
  0.90009733391058278               21
  0.93850059921754470               18
  0.74249956934768935               25
   1.1260239246948576               19
  0.75425740501482463               20
  0.93524969174618078               19
  0.85539150029765609               21
  0.96183032757471332               21
  0.82427481172367634               17
  0.84828123700357438               22
  0.96218211324596348               12
  0.79318734959809545               21
  0.70753482878202612               21
  0.82318280712849534               21
  0.73642532716630538               20
  0.87622912052526547               21
  0.77018745490729013               23
  0.90763088959844329               21
  0.96314355034185373               16
  0.91179322120645734               16
  0.80799403132387115               20
  0.84820212072824852               21
  0.90716572403192797               20
  0.96305387460176373               17
   1.0121768784747947               16
  0.73097798355235655               23
  0.92474900036785979               19
  0.90388434241989946               17
  0.87284668404668342               23
  0.91874547608147605               17
   1.0806781349971606               15
  0.84593562961975499               21
   1.0318460841677877               21
   1.0100398932614887               22
   1.1060156524500755               17
   1.2140242586459717               22
  0.97218998782905586               20
   1.1818930778454575               17
   1.2369923226494262               21
   1.2281580227576776               21
   1.1267790810530842               20
   1.2161311682250922               14
   1.2066320169740516               18
   1.3532805427053480               15
   1.1763509639856666               15
   1.1096520680988413               22
   1.2052786777499516               16
   1.0798818740725238               17
   1.0596109115283114               14
  0.94061149360284957               19
  0.98213181673947558               19
   1.0991126170281225               17
   1.0455548499658807               18
   1.1139380646703518               22
   1.0454135522014008               19
  0.91090185398920909               22
  0.96849260986714669               19
  0.73830575353781069               23
  0.88157752528173983               21
  0.87017028126861551               22
  0.81782011303065827               21
  0.82788405792216324               18
  0.79905493515008430               27
  0.92971756101933578               17
  0.63663046745301077               21
  0.88889391075487312               18
  0.71557594815154713               22
  0.95584459970716762               17
  0.87818887523606926               23
  0.82707879390189065               21
  0.85474416214409366               18
   1.0058470601816849               16
  0.89857708402752512               20
  0.82160197959766978               20
  0.83158896199930754               19
  0.82450549461416545               23
   1.0642437388555721               14
   1.2046041293753524               18
   1.1196776755608815               20
  0.88601202634870124               23
   1.0590637186570606               17
  0.89186961846320645               17
  0.99778738772322983               19
   1.2090843976112096               18
   1.1457519524644320               17
   1.0220897553984014               20
   1.0798507419518644               18
   1.1896979953941169               20
   1.1550717863271693               23
   1.1892158032816014               21
   1.0890745580450159               19
   1.2017843060880311               18
   1.2096805077697939               18
   1.2836990553952488               16
   1.0398068565327558               22
   1.1385122896128463               21
   1.2317429264933712               21
   1.1493210876373654               18
   1.1478371792724786               20
  0.97602383227426714               21
   1.0792282947341858               21
   1.1027269080277775               19
   1.0502821895029071               17
  0.88078152151938705               21
   1.0041907267413608               18
  0.98750919954109129               17
  0.95984875034507711               18
  0.93836552679788376               16
  0.84686632672550111               22
  0.81001630754062015               23
  0.92897830850195806               22
  0.95255960006345453               14
  0.82065860662340695               22
  0.78431690917995522               18
  0.88903087696675076               17
  0.79172598906346492               20
  0.93105711003744929               16
  0.96997698517710040               15
  0.78694242173260964               19
  0.92202193243206765               19
  0.76500505505985905               20
  0.98634421507166159               16
   1.0055311170111532               16
  0.78698675104107008               19
  0.96150378053478591               18
   1.0499563399917242               15
   1.0402597528182154               16
  0.75946584517017002               22
  0.99572780804441652               15
  0.97645889443809319               17
   1.1038229362588967               16
   1.1076531393635671               20
   1.0942719362940068               18
   1.1375584109439663               19
   1.0250566267238124               19
   1.1276577618431001               17
   1.2757216210280995               17
   1.2878961406454430               16
   1.0463297725862724               16
   1.2239069783532861               17
   1.3087452025457644               16
   1.1038188026493196               20
   1.3384902281268851               14
   1.2773468154399850               16
   1.2021015156238968               16
   1.1987499380448261               16
   1.1454728281222908               17
  0.97827705501241324               17
   1.1684765417923393               19
   1.1903389733849832               18
   1.0051339285531815               19
  0.98362292785153138               19
   1.0879929717400396               17
   1.0496500778468685               18
  0.83988599018463361               23
   1.0320273592094129               16
  0.98552754958443101               18
  0.96860987728171211               15
  0.91008369246190157               19
  0.86497309016584578               21
  0.93557535166078620               19
  0.92597264892707942               12
  0.93518537128496704               16
  0.87279715083301423               24
  0.96450083592787250               17
  0.88255217707315636               19
  0.80204905404341431               20
  0.96126580835084541               14
  0.97168774052996032               18
  0.96974539653832093               17
  0.96649558716827833               13
  0.97163617067579766               15
  0.93227107150587274               16
  0.76000818868060893               22
  0.91475847042954950               21
   1.0010293430340274               13
   1.0641624598970485               16
  0.98729234552827971               17
   1.0166409497433389               18
   1.0516387553254440               22
   1.0865664623443241               15
   1.0952603211328216               19
   1.2477734842780737               17
   1.1898703169347546               19
   1.1378907961889588               18
   1.2329476090694569               19
   1.3568565648418540               16
   1.2558506563962646               17
   1.2867149469171382               18
   1.3279242166444873               15
   1.2247589831791412               20
   1.2472701271398476               16
   1.1688048829718924               18
   1.2447446912703930               12
   1.3138619546657881               14
   1.3078374584058281               15
   1.2691358509455322               16
   1.3199493632033095               14
  0.93464466409740776               19
   1.0578294512328335               23
   1.0464461443324811               19
  0.78206394635700061               19
   1.0403403651624137               15
  0.97903802347368640               16
  0.95603570480949307               21
  0.90031704497514498               24
   1.0276767741460435               16
  0.74958950549770142               21
  0.96749191394962586               17
   1.0261286840783346               17
  0.71067718665482582               19
  0.61735997108816909               20
  0.92445644607171018               21
  0.88190028732071502               22
  0.88892315381986597               24
  0.85383030119630232               22
  0.85582754796871519               19
  0.94502099051893329               15
  0.79616905229088619               19
  0.84277475288127623               19
  0.73642467115588373               22
  0.83978772913730027               17
  0.90132993753462565               21
  0.85881076838832138               21
  0.90104749866416944               20
  0.85491186491486815               18
  0.93841049794266562               18
   1.0188167183696442               20
  0.74428313812855329               23
  0.98046897936148225               20
  0.85946853139300150               20
   1.0764663764236926               18
   1.0053798794293023               19
   1.0327832294754993               20
   1.1959288330294702               18
   1.1684017120422299               19
   1.1713582062630288               19
   1.3512445807057332               17
   1.1534892544270041               20
   1.2354722715254780               17
   1.1315856873875134               19
