   1.1077594636212817               18
   1.1921518462902336               19
   1.3221325705520843               16
   1.1143121048984908               16
   1.0394662665011758               19
   1.0833097664608635               22
   1.0847930364569858               16
   1.2769819356344478               18
  0.83278071644731833               24
   1.0118838380284563               18
   1.0524367167050122               20
  0.93435565322471648               24
  0.91136937109082683               27
  0.95950726888706084               20
  0.75500694040992722               21
  0.87053999635930357               23
  0.86462068613170451               25
  0.95783900237478847               17
  0.88783675094983672               18
  0.88529394974338060               20
  0.80634497321205090               20
  0.52923457953346209               21
  0.84052150329935837               16
  0.55953662757366951               23
  0.75651286833902087               18
  0.95256176104420287               15
  0.70330410611841043               18
  0.86441925019909183               15
  0.99256209894249769               16
  0.98736061442623324               20
  0.96369822004842964               19
  0.70811334899097755               20
  0.84784172066792229               17
  0.84511585650411181               19
  0.74806663718078081               19
  0.92159877190610373               21
  0.52296496252386537               24
  0.91664346572549837               17
   1.0347263713693682               19
  0.99711897876920108               15
   1.0567951114704901               21
  0.76607970273565607               20
   1.2709924245277411               17
   1.3017262333395976               17
   1.0268254620461899               18
   1.1043750267273096               18
  0.96638708873251800               23
   1.0068856372155262               19
   1.1253885451588084               16
   1.1349980375118185               16
   1.0943070816613938               19
   1.2064683824708911               19
   1.2515562513344241               18
   1.3189893525410823               16
   1.0970236781290164               21
   1.0405324144231940               17
   1.1874604802009621               17
  0.94312571227791575               22
   1.2074749053556093               19
   1.1450683503545751               21
   1.1795339868945600               14
  0.98276906690893751               23
  0.97509316407659374               21
  0.93262280043870116               21
   1.1049729499769789               17
  0.94187309624425264               24
   1.0904202417407429               13
  0.87738954220885768               22
  0.92334505486267715               19
  0.94115930480472854               15
  0.76311604637637076               17
  0.97282701505030489               20
  0.71415069627778505               20
  0.92498890382159082               14
  0.95669933631390913               14
  0.82374909958098996               19
  0.90056950306796979               21
  0.88320397271078277               19
  0.81880989014914796               18
  0.97526143034742485               18
  0.94689561927718013               15
  0.89483938460065204               19
  0.97729514938615936               15
  0.98421019256762365               19
  0.92887862987509162               24
  0.87850817765304556               17
  0.97709251141628950               14
   1.0634751449258713               16
  0.92310387529156501               23
   1.2258335547761789               17
   1.0490964226091049               21
   1.0990889276416829               18
   1.1944741006347182               18
   1.1009321445282880               16
   1.1249607304666804               13
   1.1431979565869597               18
   1.2331298543884448               16
   1.1772521873900008               16
   1.2803298007600867               19
   1.0832044917702595               17
   1.2050647552507743               20
   1.2144416561967377               18
   1.3363132122258485               15
   1.1816099794259014               16
   1.2666788059004479               17
   1.2700603626751297               18
   1.0538309255599618               18
   1.0130195040447196               17
  0.99687199166641782               19
  0.96162163270142920               20
  0.92067877242445184               20
   1.0259060984050454               19
  0.82934172262470351               24
  0.98460832620643746               22
  0.79603309850995818               15
  0.84532917443403277               17
  0.67817957374057236               19
  0.93704216385514905               15
  0.89751456415495590               19
  0.93726553876969765               24
  0.95891140617009585               14
  0.84441076485936728               17
  0.79937441312168189               17
  0.86434355980775956               17
  0.86074737131534274               18
  0.75376128103015361               22
  0.97970724320455427               16
  0.93678380025880514               15
  0.88617511956918960               17
  0.83731921905614726               17
  0.70220729154367256               19
  0.89411448400951177               18
  0.87063180149808772               21
  0.81042805990361133               18
  0.96413479987462081               16
   1.1621886885776631               14
  0.79957502521174983               20
   1.0720375377571627               19
   1.0000751420115370               19
   1.0217891562644281               19
  0.99265518408248865               22
   1.0919456295933663               20
   1.0350659770630513               18
   1.0155914678709370               21
   1.1703602215798137               19
   1.2544116895976769               18
   1.1293157633878363               15
   1.1522656565290474               15
  0.87275533821249573               17
   1.1692507554791340               17
   1.2353355818544340               15
   1.2733488237749928               19
   1.0972487636535089               22
   1.1760471642345478               21
   1.2347791598248552               19
   1.0699993423185323               19
  0.98173488248422502               18
  0.84489678955550618               22
  0.98965653654297259               21
  0.92188187384985998               17
  0.82683433544294882               20
   1.0759556731602842               15
  0.83445085727948687               20
  0.74109420936658210               17
  0.71519020350178719               18
  0.99499655483385863               18
  0.83813710334223657               26
   1.0088583277642176               18
  0.99175544833039808               17
  0.80753108727109379               21
  0.71888804285225738               22
  0.86437077504586546               21
  0.85968930034095536               17
  0.66640405617271659               20
  0.97290047048083883               22
  0.67870435919044592               18
  0.62941463190934854               19
  0.76258491047983512               16
  0.97026462606806585               14
  0.88734083772638572               18
  0.79051858261488206               17
  0.64437680400690822               22
  0.86218636365098045               18
  0.78185763903455308               19
  0.63804925652206546               20
  0.93855142518387369               19
   1.0314725454340661               16
  0.98804022484641330               17
  0.70060446204914273               23
  0.98034288939425152               21
   1.2255026069482546               18
  0.90968492760225395               18
   1.1793026229868855               16
   1.0266330698297799               17
  0.91865793488988656               21
   1.2385724743049682               15
   1.0243062886395882               22
   1.0449494557929044               19
   1.1351869023454737               19
   1.3067485520689774               17
   1.1331732758843978               20
  0.87422462672066104               20
   1.2075843502554890               17
   1.1283759906316606               20
  0.93836172725668809               19
   1.3025218890004215               15
   1.1198272741931063               21
   1.2103493415097673               22
   1.2376479853089108               15
   1.0992920090354428               17
   1.0308936522675278               18
   1.0210547033688333               20
  0.98185900698620521               24
  0.65376647564106061               18
  0.80907647184754727               17
  0.88338882374903982               25
  0.57892080069034613               23
  0.92631717461977681               24
  0.89707075362316946               17
  0.81746066440090726               23
  0.65379097424523525               19
  0.82648118900095224               18
  0.98630739283957347               18
  0.87762424574954745               20
  0.72540802422080031               20
  0.87575042129062319               18
  0.68280021373200128               20
  0.63413052627248823               23
  0.93947178026844291               15
  0.95692744341599412               15
  0.59746982792137193               18
  0.79559845400709228               18
  0.90864943403539100               21
  0.68923643575431592               18
  0.86984524590524115               23
  0.61940200904507925               20
  0.88927075154475221               23
  0.96299033707228843               21
   1.0917832617952623               17
  0.77823727346988891               20
  0.84778491819682444               20
  0.98637588475055338               17
   1.1040188359080860               16
   1.2249336178981061               19
  0.86685493793531176               19
   1.0765012825639555               17
   1.0423287662315168               16
   1.2861456135646616               16
   1.2344934934555012               16
   1.1965041490353172               15
   1.3429903359425615               15
   1.2204768168156110               17
   1.1332389881474856               14
   1.0421542688914154               20
   1.0467857782888366               17
   1.1561966030893192               15
   1.1239004621687236               19
  0.97677085448789802               20
  0.77744981509279387               20
   1.0210316886443174               19
  0.96636425176509233               18
  0.94112124093866889               22
  0.86159430228536338               15
  0.88957336836235745               25
  0.90587560001432854               26
  0.86729351868800253               22
  0.93477507492298995               20
  0.69741279489363384               18
  0.85457187461244410               23
  0.86328968493461611               26
  0.91206879601448931               20
  0.57502208026585133               21
  0.57588736485168834               21
  0.82737271311140792               16
  0.39748030150798874               24
  0.73946706479988478               18
  0.45730383907791416               22
  0.91111284400812054               25
  0.48391867424543927               25
  0.65778185073859474               18
  0.78201637641127952               21
  0.70095285663783580               20
  0.84644253694270755               19
   1.0035302506903019               19
  0.99011201299650042               22
  0.71428026452439575               21
  0.93650856565661234               18
  0.93359525969455048               21
  0.65892047480407456               20
  0.72319142112829515               19
  0.83554009339128310               18
  0.83997725316525662               17
   1.2670384877570515               19
   1.2522775112158968               17
  0.89993161137437216               21
  0.97505386284671125               19
   1.2211434215501860               15
   1.0908710701958371               19
   1.3478845872882850               16
   1.0113471489948198               18
   1.1355292461983471               23
   1.0418105028259981               19
   1.1001638447943205               15
   1.1993345841201364               16
   1.1655606706095156               20
   1.1416785700513827               16
   1.0926864088644128               15
   1.1156494378598816               13
  0.96749057760563517               19
  0.87977338935653215               21
  0.93876203114239332               20
  0.91769129432720209               26
   1.0641021703564266               17
  0.93589133059740148               21
  0.85759139446252985               20
  0.72058216544594189               17
   1.0461473465468936               16
  0.63990107438357602               24
  0.78109110575390561               24
  0.76140385897709273               22
  0.72745487026487377               24
  0.67874542689287454               21
  0.76962281088706608               18
  0.64223184230146479               22
  0.54974134580897971               21
  0.72262471223605063               18
  0.36525651844691254               18
  0.55808831205558185               22
  0.99074064296966824               14
  0.75460385483884240               17
  0.84812731500581851               24
  0.55654778080113798               17
  0.81530479672271761               19
  0.76597726741823458               15
  0.70517689001152650               18
  0.94545760567455239               21
  0.73944569324038678               17
  0.98362135749100077               18
   1.0046237554884672               20
   1.0641022643672187               17
  0.84152033758288658               15
   1.1012228719809727               17
  0.93337191104018524               19
   1.3454449379089952               16
   1.1604383827175899               18
   1.1226267914450323               16
   1.0017679796966472               18
   1.1869578194917174               19
   1.1346857141453761               15
   1.2493479399517526               16
   1.0042440468444314               23
   1.1569203121745666               14
   1.0194419366618506               19
   1.2742979295208485               17
  0.93653552022006070               19
   1.1560303725388363               20
  0.80387936096682100               20
   1.1571150279256255               21
  0.95851889116740330               19
  0.73775322283523648               19
  0.68705603277977423               17
   1.1432030624099718               17
  0.84881744707549722               18
  0.81724603130237028               21
  0.83896957310702547               21
  0.79978970846591102               17
  0.69858918589745067               16
  0.98407520110662217               17
  0.92391072784433959               14
  0.81066490787118262               18
  0.69217177505673178               22
  0.71254647340691590               18
  0.88631643676053362               23
  0.77671588714057227               19
  0.49198918368764444               17
  0.25634872050413843               19
  0.72730206152707344               19
  0.58289815338507966               17
  0.52192824178046715               18
  0.78395008089693075               19
  0.70417028668520742               18
  0.59694297321429657               18
  0.82713776934519356               17
  0.68173572400161786               20
  0.93756327216639623               21
  0.61278987569347898               18
  0.90726668314059244               14
  0.73937876264061630               17
  0.88825159500124418               18
  0.85104461333801162               23
   1.0684009205953386               19
   1.0720903213072841               17
   1.0053063002987368               19
  0.95733049267805792               22
  0.98145145068201678               15
   1.1655805711423755               15
   1.0525225665222055               20
   1.0917648794590351               16
   1.1964045393908647               14
   1.2698143990188091               19
   1.0249327014438969               19
   1.0854777586477395               19
  0.95489938214323700               20
   1.0840937062418936               17
  0.91757332976750516               17
  0.92588728135098119               20
   1.0826914702808801               21
   1.1412361675780187               18
  0.67268669573107076               16
  0.76058415966311266               19
  0.81144840018447362               19
  0.97184999547232420               23
  0.80774850157494149               19
  0.89938203262867689               20
  0.82093627615203812               16
  0.65227969501755911               19
  0.63082440818012286               20
  0.81970981084925365               21
  0.97288607687813133               18
  0.79096389387317234               18
  0.73457500580684132               19
  0.79877159185816493               22
  0.80760509926678070               19
  0.56583387120390827               19
  0.48615272359709166               16
  0.72284139574805184               18
  0.45648744603343899               22
  0.81422122030643029               19
  0.56575164120831112               19
  0.55205713778923327               23
  0.73979539734279731               15
  0.52152848495567117               17
  0.48006771918114699               16
  0.66410082377827495               19
  0.64122207236381534               20
  0.88598513077222552               21
  0.76507908805884639               19
  0.90292797785437484               16
  0.89193965748377635               17
  0.89567263150661813               19
   1.1278901406986868               16
   1.0489091269706070               22
  0.88491540036842842               21
   1.0523210189782668               20
   1.0068647920585012               15
   1.3180972045608135               15
   1.0658809305149402               22
   1.0157654269586678               20
   1.0201984189533480               19
   1.1481599034217271               16
   1.0010314143386168               17
   1.2713487359138564               19
   1.1867287766830996               13
   1.0364884300380663               16
   1.0916160052171804               17
   1.0800143768585591               19
   1.0274898570275397               20
   1.1900152709617409               20
  0.73782904173548114               20
  0.74981335829746409               24
  0.97805193355880893               19
  0.99192781395852270               19
  0.75029572122159494               22
  0.68027892700913195               20
  0.76588727279422975               21
  0.74977377516798660               17
  0.60837814704983406               18
  0.50500379622199798               26
  0.62942105659431891               22
  0.80305491594133149               23
  0.86433627747989061               16
  0.73554761955181425               20
  0.59151896057727593               20
  0.41640788062810052               17
  0.52080335542296863               17
  0.65322866610918062               21
  0.72681389050413081               21
  0.94769593089211923               16
  0.69173472037946815               21
  0.45098965457519619               25
  0.85945792528049347               17
  0.63515052789403581               17
  0.75931698568802286               18
  0.89637973412673733               20
  0.67315497245118372               20
  0.82455688755349832               18
  0.66302412658928345               20
  0.84341547172104281               18
  0.85556770889818312               16
  0.94149693480378005               17
  0.82194711202695259               19
  0.95379892727973492               19
  0.89883234940925227               23
   1.1822350070896361               15
   1.0720823340693015               17
   1.1237463515630683               15
  0.96344382891710878               19
   1.1114946702006543               15
  0.94978292558030109               23
   1.2998839659382171               16
  0.98581148222250059               23
  0.91604365888946837               20
  0.85593072798327841               22
  0.93953084817945698               21
  0.79583289791756884               22
   1.0369474653544937               18
  0.80343328738124298               23
   1.0831876928247535               21
  0.86738055870599107               20
  0.92031161053701038               21
   1.0401252689741165               15
   1.0759162973716856               19
  0.59706911054107759               23
  0.54718241264667733               26
  0.61475471231392698               20
  0.76707743109963111               21
  0.79149489387357419               21
  0.68752727781359591               19
  0.49594515498176162               21
  0.44749682646162486               21
  0.60616321817751417               19
  0.62372969448005589               21
  0.56744358782227322               19
  0.50985772809759322               16
  0.55676409290586248               22
  0.35664744350863781               18
  0.82671863713517302               17
  0.59923715073092643               21
  0.45297245752177312               22
  0.39118086729321644               21
  0.68998274659962922               16
  0.81067446309717273               17
  0.79072613435039185               22
  0.98768797431962574               20
  0.57283203310267561               19
  0.83950874961425570               20
  0.76829825917444960               16
  0.57948426410061626               20
  0.83357837064104179               22
  0.58776804165451446               23
  0.97352780328277710               21
  0.74658823072461777               19
  0.84495633913753299               18
  0.81074366802249098               21
  0.90896891936949953               20
  0.99633803204021887               20
  0.80998890514939781               15
  0.91313424244282693               24
   1.0207317588285867               20
   1.1232879483539151               18
   1.0137404402251122               18
   1.0529295151922939               18
   1.0958638456539418               17
   1.0440480777569894               19
   1.0122297322184881               19
   1.1207382335584797               18
  0.61496929376176668               19
  0.85750340954245285               22
   1.1441864370112298               17
   1.0034829671696970               23
  0.94118475555628844               19
   1.0739619348828926               21
  0.57078067618681727               20
  0.64616217439778745               21
  0.71499889223346147               18
  0.77271918043366117               20
  0.77959480138004211               18
  0.56076020274546623               23
  0.71048300357185279               20
  0.52197744115052269               20
  0.60490917089999585               19
  0.63108252204632964               23
  0.46152150893364952               23
  0.58985959755198092               20
  0.60186444214635848               20
  0.43011919076919214               19
  0.67451136392823596               21
  0.39936868243314932               19
  0.39663113436847142               20
  0.36924336411938324               23
  0.43512115225230802               24
  0.85767505674314171               20
  0.67800730265141973               19
  0.75103440159599577               19
  0.50279434039132120               21
  0.79655776738589990               18
  0.72084199653744041               18
  0.80405973691277688               17
  0.74028435296745554               19
  0.92376445495910220               17
  0.86388707887733918               18
   1.0795925228004257               16
  0.63274278603408729               23
  0.68249614243791845               20
   1.0264622854538012               17
  0.74097756385727065               19
  0.75948819533625311               22
   1.2416865827690606               18
   1.0110475490515078               23
  0.93602446294630348               23
   1.0613785033941860               17
   1.2305198651510056               15
  0.80979426410285338               22
  0.98655812642099872               22
  0.89111488282574602               22
   1.0293760200832969               23
   1.0485822854260098               19
  0.76124574707949821               20
  0.82038425444773833               22
  0.82275328158617778               18
  0.94298280920593591               21
  0.73953738975810557               21
  0.77984548832555989               23
  0.90596184569523053               21
  0.70398780661346028               22
  0.53420571264445516               28
  0.75487655169455747               19
  0.46604845127512506               19
  0.59938285741087105               20
  0.45715378708695648               25
  0.61325160728537575               20
  0.53106199532645337               23
  0.67300072948444500               18
  0.48625926979994094               18
  0.51704669149915439               23
  0.67065420774441442               20
  0.30239505560611418               21
  0.26848849111023371               19
  0.62434898755161428               18
  0.51541120426048925               21
  0.59568743288808368               16
  0.58169430569992386               21
  0.63212454121140715               18
  0.40279272677754641               22
  0.58180967392515182               20
  0.54510917330517528               21
  0.62844856248055225               19
  0.91819452795102119               17
  0.47740788141873314               20
  0.77822523750576000               18
   1.1822070209404152               16
  0.84330925084790365               24
  0.73330380821141983               16
   1.0134056439712160               18
  0.85306650727165001               23
  0.71914900536185111               19
   1.1219590170058202               17
   1.0269584183107086               18
  0.99822031814928780               23
  0.87593762564229904               22
  0.96906198941034993               22
   1.0677497741275179               22
  0.92139817418363912               18
   1.0072658079767323               22
  0.97852347429810516               17
  0.78461221911215973               21
  0.88943231716860671               19
  0.83711846077609753               22
  0.56834822951296660               20
  0.94836113454982263               22
  0.46205341692538943               21
  0.67048089631098862               19
  0.54195236904705446               20
  0.89373148683141224               19
  0.75148544485001367               18
  0.68668405493088647               19
  0.41414146365307930               18
  0.50115733520229166               22
  0.69429740953266394               17
  0.60785155421353843               20
  0.40512915678944939               20
  0.29135358636582481               18
  0.46766310277895901               19
  0.34651527328359605               20
  0.50773090023535050               24
  0.82824501718984023               19
  0.61627523358166458               21
  0.39831405150827603               24
  0.34265868445222886               19
  0.67625658584729509               20
  0.60005007378600617               21
  0.38299199679174001               21
  0.64128392780388843               20
  0.63395903613861593               17
  0.43873923835709588               24
  0.88039182085488654               20
  0.96090031750332128               21
  0.81128445495788781               20
  0.89644265364461806               20
  0.98243545736303750               17
  0.60454060222326889               24
  0.87642491903429753               19
  0.87442221738571513               19
  0.80552897966644810               22
  0.75553118874760994               22
  0.87292386272898304               19
   1.1044218299534996               15
  0.94249100704887623               16
   1.0557577273894496               17
   1.0794625453674589               15
  0.76732597102446587               15
   1.2061062894735546               15
  0.99210388341756262               21
  0.82376289628433530               22
   1.0344058902126436               16
  0.89451362498535658               20
  0.43753041275763432               19
  0.73602384638959839               20
  0.58713474916497099               20
  0.94972730758413260               21
  0.83806149760731519               20
  0.87593410425060225               19
  0.46340077245464123               23
  0.59647218309517946               23
  0.74579273417045111               19
  0.43125762151751418               22
  0.65693196064648940               18
  0.38154050035518855               22
  0.42449380968342415               18
  0.52405463999751589               21
  0.37278416176075224               19
  0.32140775670137084               20
  0.47989801562988443               24
  0.68869761703121679               20
  0.33700989797495456               22
  0.50111211193369642               16
  0.54502377615679420               23
  0.32970723837118415               20
  0.50681479348236491               16
  0.25865887258005804               23
  0.36816056710971162               19
  0.76906502108340802               18
  0.45897178425930979               20
  0.42664737397098923               25
  0.62588891032707139               21
  0.86197866137750490               19
  0.34887269732650283               21
  0.75146667085703878               17
  0.71342544702999533               19
  0.66655105597376874               20
  0.54157342589101209               25
  0.98990863615279368               19
  0.77810351918781895               20
  0.69001823801966178               22
   1.0739917406231032               16
  0.73327955851611870               19
  0.99632644481573318               23
   1.0471761127554240               16
  0.78192367414469599               19
  0.75120953047780914               21
  0.97039554039578901               20
   1.0497336950759479               21
  0.86844164813853675               21
   1.0168297414359349               19
  0.96768317070889986               23
  0.95065175704148219               18
  0.91494743451323257               22
  0.90582328806882750               21
  0.58801086585843665               18
  0.87070067376769011               20
  0.51166893592189100               20
  0.66822874752982675               18
  0.58626821913101812               21
  0.59583476886364373               21
  0.62626669282441871               22
  0.48830935660517344               25
  0.65984600442150065               18
  0.64754022757683183               20
  0.43593409367522323               20
  0.41305640485404876               17
  0.51891506327980175               26
  0.26684349824321407               18
  0.54284140828376404               22
  0.34076437283664829               22
  0.68704434046313478               21
  0.28866374714237558               20
  0.34725703381683626               21
  0.39734054822117115               22
  0.65447597784538458               20
  0.40269716292822688               21
  0.19426119715915649               18
  0.65794462102257023               19
  0.46334684280394411               19
  0.49283822794868404               22
  0.58099773255927567               22
  0.46453267470423126               20
  0.72980863025529641               20
  0.50289034783797271               20
  0.80491732051711984               20
  0.67050890655543272               23
  0.88698385830284732               21
  0.67164158784940831               20
  0.83452294699689566               20
  0.53489221438475887               17
  0.39810452477908592               20
  0.77357235215154641               21
  0.97827846864312862               14
  0.99230320193871058               23
   1.0569854271472798               16
  0.77879300255202533               22
  0.88902316376199053               18
  0.82750175809690141               18
  0.95577369989152172               17
   1.0267157029714145               21
  0.95266384452897135               21
  0.94104197699918635               21
  0.49799124070152251               21
  0.69035700929236310               18
  0.51140280338262800               20
  0.75077050607603368               22
  0.53835903284139230               20
  0.54443696338730330               22
  0.39825833985031223               19
  0.61034999386071986               23
  0.65791973483518584               18
  0.63354388936342820               21
  0.49593583672027974               22
  0.60586036312862235               18
  0.43392569358338740               18
  0.40958984872165682               24
  0.30410104378955422               17
  0.25449991053166204               20
  0.35764242683667230               20
  0.24435922695018522               19
  0.53922755411840984               15
  0.47643083861821289               19
  0.40629818819507635               21
  0.20862547459588293               20
  0.38049588764030151               19
   7.1353724763143334E-002          20
  0.57375149432122563               17
  0.59603438291277011               22
  0.15395535283641315               19
  0.68847227151390333               22
  0.65348152121696246               19
  0.48393038665465432               23
  0.37303177953160238               21
  0.73371381667229174               15
  0.62425839793768367               21
  0.60637690273715783               20
  0.60133959725206720               19
  0.80280844297773868               20
  0.83682114599351287               18
  0.92788563376544364               19
  0.97568383629414834               14
  0.99987548887842037               20
  0.57705071039096512               23
   1.2097350297934051               19
  0.98694518330987813               23
  0.95710247378114943               20
  0.93734439900340860               21
   1.0215352468684251               16
   1.0129578225247529               18
  0.68995606964805856               17
  0.76481435877030635               20
  0.81680676978152189               18
  0.84097741732825582               19
  0.92996035826291901               16
  0.69222398596005197               20
  0.71535862198864342               17
  0.78035413552055155               21
  0.53116933212818584               19
  0.54697922885151840               22
  0.47600033213512727               20
  0.75798955325571371               18
  0.57373619679894949               20
  0.38770706646341280               21
  0.64278820944770532               20
  0.46668137800091802               22
  0.46108414869849373               25
  0.38088729097043655               23
  0.33804220930167522               20
  0.23338843278849164               21
  0.30331823317673773               22
  0.53968936255481381               17
  0.27415731311598146               20
  0.18031205877896686               19
  0.46747737392061567               22
  0.63329851233622192               21
  0.48291597124099134               19
  0.33724640519233007               21
  0.33164755378522381               19
  0.51164372383296008               22
  0.42140838242761341               21
  0.82932723430162281               20
  0.74970165886995443               19
  0.53637772319910260               17
  0.67301252545026402               21
  0.68152321013223294               17
  0.71631780926845290               18
  0.86221814411309428               24
  0.81550398596141216               21
  0.74317102264410961               17
  0.90865660856985575               20
  0.70464833323423226               20
  0.73322455766037020               20
  0.60306122228496239               18
  0.94344571490495044               21
  0.99475154518124675               20
  0.92102522760230465               24
  0.77660443062075823               21
  0.95725276004453508               24
  0.68928317491206392               22
  0.75221883715306259               21
  0.93599282899965563               16
  0.86792619122981118               15
  0.68119345445902302               21
  0.84540591438927393               19
  0.69858118780959289               22
  0.70935471656275473               21
  0.70545057144257028               17
  0.62897001409131936               19
  0.34826718979763299               21
  0.40042413144674283               24
  0.36983564411423436               19
  0.68169608356278011               20
  0.31560088528096703               20
  0.46641751043817820               22
  0.31859659472846685               22
  0.53082628793619802               20
  0.58504292684094217               18
  0.24791805206896883               21
  0.33378829545016120               24
  0.46937338371917331               22
  0.36749450079204327               20
  0.30840898137092965               19
  0.44432578107276238               22
  0.18691482714175545               22
  0.38866693008100733               22
  0.31509375486284952               17
  0.36016190668955367               17
  0.36048443379827094               18
  0.76126696655675641               19
  0.62557524738841164               17
  0.45081792283751793               16
  0.33278844906416305               18
  0.54572232137558507               23
  0.49782069738767820               21
  0.66996442949725488               16
  0.78407898735663339               21
  0.65413428417809183               19
  0.81744467466358317               20
  0.88118396234126195               20
  0.83068498201624397               21
  0.94453792632359723               22
  0.86002997091903199               19
  0.92948947697474193               23
   1.0310219399059402               18
  0.97792992709555038               16
  0.72903512344219490               22
  0.86234111829980886               19
  0.75776008144108276               17
  0.82036083399955517               20
  0.97762771501653278               16
  0.77553482638703541               16
  0.92273865582455539               22
  0.98260198670656762               15
  0.57729603749131886               17
  0.83755474793676299               17
  0.74405435213016535               16
  0.49384272011279023               20
  0.60088772617129715               17
  0.60669529794111487               16
  0.57093280753812647               20
  0.42001924899580484               15
  0.57241182863674323               20
  0.42560979126721987               21
  0.56750064852794346               24
  0.25849257856019103               16
  0.18991635625385783               17
  0.37705190292538193               19
  0.49638984132268177               21
  0.36702186182880148               20
  0.40359975193651237               21
  0.11720656430338373               17
  0.23592904813392226               20
  0.38321425999315123               20
  0.23521726896549988               17
  0.42675857657059191               18
  0.18829898955656613               20
  0.27841737288655760               22
  0.52198238663053809               21
  0.44676777793525230               24
  0.66809168215204162               23
  0.62412097941126343               18
  0.66057321760667476               17
  0.79963875330549716               20
  0.64453410346827100               18
  0.80954794405539521               22
  0.88332320797230390               23
  0.63980141252091693               19
  0.64957976688371544               20
  0.86256114962371511               19
  0.71968084578717506               21
  0.94854435288325267               24
  0.77675407447447953               19
  0.94849514149929937               18
  0.91374264829096019               19
   1.0270880624355847               18
  0.73666535800636368               17
   1.0014262770049436               18
  0.88270321906579219               21
  0.97284902638530402               15
  0.99257061543514835               17
  0.69469411829291727               16
  0.86917283223763664               17
  0.85373907576793362               20
  0.60444836371782296               20
  0.47897774872363752               20
  0.63847879867884838               16
  0.59086503353137121               19
  0.31934821915498229               20
  0.46194535987667390               17
  0.62491742684520402               18
  0.28789416928553774               15
  0.55593457783129174               20
  0.38890614329641721               21
  0.35146964597362557               21
  0.18858142517779877               20
  0.36733936134957568               18
  0.41271781128036178               25
  0.10532809663888769               18
  0.46027853767127536               22
  0.25360969764945218               20
  0.18101566225771903               21
  0.12523871682026846               18
  0.39872359657470546               23
  0.37089147920519527               23
  0.31408679874649770               21
  0.17944734908432605               18
  0.54511896898523859               21
  0.41710980536671877               18
  0.41868321148260312               17
  0.25810816839077982               20
  0.62326015757026720               21
  0.66387284858669582               18
  0.55322241899449298               17
  0.38250984301394064               21
  0.58073225991160571               19
  0.45444968145252973               20
  0.68344259313305711               19
  0.77862119278959152               19
  0.75712119726113025               17
  0.93807708881866414               20
  0.90744851753139710               24
  0.83149390632322895               19
  0.97767477340465270               20
  0.95162364191934679               17
  0.96129311011297336               15
  0.91441502860751744               19
  0.84784831888553902               16
  0.81182454284763372               19
  0.87555862987626298               17
  0.89963259055348721               18
  0.97027944970661106               13
  0.52215764006159493               16
  0.77240332803163581               17
  0.38974956120169513               20
  0.56589424227788809               15
  0.51036878013169684               19
  0.41748913875771665               18
  0.31650035801261162               20
  0.46678743746756779               21
  0.73876320290080633               17
  0.52862130498713611               23
  0.33620224957697709               18
  0.42029026385509943               19
  0.27998261019108917               19
  0.24487935077982798               21
  0.14210388924839479               18
  0.21030763843277706               19
  0.32779109516749411               20
  0.23748315354742464               16
  0.27488445111709803               20
  0.32153617470152146               21
  0.24309362251219746               18
  0.21477031992350040               18
  0.17890501865638744               16
   7.0209155041138879E-002          19
  0.14019309680852712               20
  0.48646632715108712               22
  0.35110788497495404               21
  0.47509805111507353               23
  0.26529508383680162               19
  0.50828282489543453               18
  0.61311303253903815               18
  0.70357731572228288               20
  0.53079942009856984               22
  0.60304622012700204               20
  0.53383371422210124               20
  0.56591323672286620               18
  0.40066183359018254               15
  0.63787034006227683               19
  0.68265553784340605               19
  0.61510104538197585               17
  0.95885456825424131               18
  0.84972091649968517               20
  0.86941994739296213               18
  0.86927731420299026               21
  0.92850693946297125               18
  0.77809794297632429               20
  0.86226426910634646               16
  0.72622151324338258               21
  0.69917742673068684               20
  0.90763584582508261               20
  0.67564658840115943               18
  0.83081439774651400               15
  0.96248800042907601               16
  0.61468291443059375               15
  0.57006778858075913               21
  0.78703714325750485               18
  0.45734904923560177               17
  0.54594325600753280               20
  0.62075537773186096               18
  0.51379157620133198               18
  0.37014705637449929               22
  0.19385089337452288               19
   6.8658742641457424E-002          19
  0.26259045962399852               18
   3.5050870333400395E-002          19
   8.8108989427891957E-002          18
  0.23485973172998009               20
  0.23827746560470842               17
  0.40095913060046012               20
  0.47158408901463750               17
   3.1871773920759371E-002          21
  0.21343709658382515               20
  0.27237033348689665               21
   9.4379127423660725E-002          23
  0.28486717730099875               19
  0.16306184253818762               19
  0.28785901482079285               21
  0.35571349570111044               20
  0.32498145276395246               18
  0.51075046722174133               23
  0.50893266233061851               19
  0.56646837329907385               18
  0.43628502540428887               19
  0.63984721458319793               17
  0.54025089505445878               18
  0.59448765967988826               19
  0.52041432789339814               19
  0.84755357444969437               21
  0.86754092554426976               19
  0.55232833072227960               16
  0.91381788502877814               18
  0.96547537603727140               15
  0.90805956686912248               20
  0.84900232627541661               21
  0.83472814081525615               19
  0.88209734180186761               19
  0.68107771942763673               19
  0.88245626529833721               17
  0.59914037338972215               19
  0.78340456631021305               19
  0.54750257392794399               16
  0.78986777982406553               18
  0.71794504348779020               19
  0.79998762185040240               20
  0.94037159131097026               17
  0.33784307035018535               20
  0.74718879803473071               20
  0.66257326097225122               17
  0.53205752947923912               20
  0.51529591528580543               18
  0.39250472754691140               19
  0.39453356848942001               22
  0.43860981837243695               18
  0.29154382501644488               21
  0.35959418135334836               21
  0.28078203742565772               22
  0.20999176793746779               15
   7.3750215172344230E-002          16
  0.13797591126512837               16
  0.10356254326596008               21
  0.27240465634798566               20
  0.17193909785020881               18
  0.16751360909172927               18
  0.10593485587231199               16
   9.4025497309550357E-002          19
  0.34344694488596961               20
  0.18623996118936351               18
  0.42428754804306090               20
  0.48292800872124830               21
  0.30775337989237084               21
  0.36932255523052587               19
  0.49086679296318897               22
  0.54008550349246498               18
  0.48805747988705817               15
  0.56253270591743931               21
  0.56452474797949481               17
  0.57865574779833095               19
  0.85136218067185809               19
  0.73611505810312838               18
  0.78289899520083561               19
  0.94236344005522532               21
  0.95821551176759956               14
  0.88856413387561972               23
  0.89357986415685953               19
  0.73706532784078804               20
  0.81959685475043853               24
  0.96408459805787317               17
  0.81442333787581456               21
  0.90656677129181673               18
  0.72914027286222394               15
  0.89049078415589311               17
  0.80321125689859707               20
  0.86976639035636327               22
  0.67678152456705565               19
  0.74047414159345004               17
  0.34554018299324479               21
  0.59806313184968807               17
  0.54223695272786587               19
  0.45096200004417863               19
  0.18893974012679848               18
  0.55364153701474195               14
  0.43649185481663172               23
  0.49650512071020214               18
  0.26398443793835075               19
  0.52867519894630055               18
  0.25010958316476706               19
  0.17502486639059117               19
  0.33399767579811185               22
  0.28949101207217875               20
  0.22902265550491538               16
  0.15456429612231098               19
  0.27281704653285888               23
  0.21331288349590097               22
   1.5475942932265637E-002          22
  0.49298761318573187               19
  0.31505015764502364               19
  0.32402247076125823               21
  0.63921223822210838               16
  0.39869002783830210               23
  0.19201532583078837               16
  0.42485640076091313               19
  0.45157936999097154               18
  0.48873932373756551               20
  0.72346315789903948               20
  0.47397233917241738               20
  0.57349834729497640               19
  0.72777368833983380               19
  0.90296800513890707               18
  0.72975037136621146               19
  0.71219362100933048               20
  0.72724245873326088               21
  0.81515310647900630               18
  0.80440225578148827               19
  0.94684897798727030               17
  0.80796807931428838               21
  0.83419006229416470               19
  0.89336039233583331               17
  0.99598441294391493               19
  0.96595935400178001               14
  0.95145112173385737               16
  0.90794672050170722               18
  0.74431815598947570               20
  0.62176313576159936               14
  0.70811626651066106               16
  0.42151023993447057               19
  0.51268959193274621               20
  0.59773787156036118               18
  0.44567913728066538               20
  0.70724998945027695               20
  0.21319531536684697               22
  0.36895595996820318               21
  0.16630342279580912               19
  0.45904030824580333               18
  0.18179689827006423               17
  0.39987996064749659               19
  0.22665006608695412               20
  0.32085776069429245               21
  0.10734677594643162               19
  0.22989569445623567               19
   5.6675140016904692E-002          18
  0.46327221717488437               19
  0.16187818480080582               19
  0.10765192918341597               17
  0.13308535664135113               16
   6.9784658389485693E-002          20
   4.4168225953591170E-002          20
  0.58259110965581473               20
  0.21871747982228182               20
  0.21820262845981769               17
  0.25789745646804418               18
  0.50982652879139900               19
  0.43398193590037953               19
  0.39284190291850191               20
  0.91100949271949805               19
  0.39684962299251103               18
  0.57041291945353190               20
   1.0069782808366163               14
  0.67212290726322410               23
  0.64274634229912186               22
  0.75191775550274853               20
  0.69301891337981592               20
  0.63511988415995679               19
  0.89468842924570735               22
  0.94546708312577299               16
  0.96491054238805762               16
  0.73347711546786709               16
  0.88817781739363633               22
  0.94657182368839798               14
  0.90175701694944854               16
  0.77321235756915518               22
  0.34677576151637085               23
  0.52837959074579499               17
  0.74287433504266032               17
  0.69429041019822813               19
  0.64614658940849534               13
  0.65637769323873418               18
  0.44874236229554709               21
  0.47813778033360693               22
  0.30457906745877678               21
  0.51675865526967346               20
  0.47072017850061337               19
  0.48833566881666635               18
  0.13206822627869169               18
  0.47331470687658822               25
  0.13897899031968175               18
  0.14170371228634665               17
  0.18630929199399943               17
   7.1079545836171695E-002          24
  0.10725548817474193               17
  0.20459202691672063               16
  0.27319265356724620               20
  0.26707107853141887               19
   8.8130593742733715E-002          20
  0.44376746233352365               22
  0.34265464307530402               17
  0.38254194941464903               20
  0.23407806559572647               15
  0.18449368254822604               22
  0.26259352969641359               20
  0.22612616054027623               17
  0.51837091782828049               20
  0.34391993777963004               19
  0.40790459618657821               21
  0.72237382311640397               21
  0.33275356843662079               20
  0.67837343142895312               23
  0.58647442282972106               18
  0.56329146972897171               23
  0.63318568047070722               19
  0.90069987374463478               20
  0.89318726232377676               20
  0.84729746328915101               19
  0.69995888209455048               18
  0.97181534044523521               16
  0.89872639822853884               20
  0.44856822883061548               22
  0.83757227130849121               17
  0.75653887805691589               20
  0.82196202552732034               20
  0.78666799322453407               20
  0.57313962991486955               19
  0.72208276664584026               17
  0.66227624847295863               17
  0.76017069134794002               19
  0.65886028409889930               17
  0.61706705355670566               19
  0.67351224339661075               20
  0.49695986229877637               21
  0.58892383438361628               18
  0.47282766142901222               22
  0.27101678724092582               24
  0.38603926582613007               21
  0.29534744766536941               19
   8.9438544374881260E-002          19
  0.38170914033362785               19
  0.31001848538270038               21
  0.39952882679432278               22
  0.29317975271858160               20
  0.28752034167222251               19
  0.13999357779647320               19
  0.15649421840190242               19
  0.12634246279845321               19
  0.17174096202238287               18
  0.19408802985088414               21
  0.28270186503034489               16
  0.14141537876081284               18
  0.32662294850916279               21
  0.45144443945490925               19
  0.35552352468517745               21
  0.55004912045311483               19
  0.45694289748376926               19
  0.47702944174182543               20
  0.48345776009138103               22
  0.59544615923075028               17
  0.44831975939618768               19
  0.53363673543356926               18
  0.82628444801114831               19
  0.72355591814484765               16
  0.82372590800111489               21
  0.83894591976246191               23
  0.77741710289456034               16
  0.83693293343097752               18
  0.76303482850538840               17
  0.80743346718303810               19
  0.79865982419299919               23
  0.69734891289887002               19
  0.90646524788695959               19
  0.87912761964769648               15
  0.97641671775539396               13
  0.69971554937459945               21
  0.74398061548592176               19
  0.87369220973961248               19
  0.56967099278316724               17
  0.50419429982378361               18
  0.82988313594972374               15
  0.32660319831143370               22
  0.36549608391212673               22
  0.43311683994260736               20
  0.30892723936467986               23
  0.24565382678486319               16
  0.29126671052819741               18
  0.39227351714631342               20
  0.61867082305091325               22
  0.47532391443131827               22
  0.40713242363179314               23
  0.29893961993815860               23
  0.11051071802988680               19
   9.4654934804026619E-002          21
   6.2780892930877893E-002          19
  0.41383768571226071               19
   4.4187191344105294E-002          17
  0.20597950111298707               20
  0.13825723009674551               17
  0.18234787440814734               19
  0.20584302147840966               17
  0.15541903603686100               18
  0.33928084680222476               18
  0.18224138390011368               16
  0.35855602428248573               18
  0.28266915038213047               15
  0.65556695985868307               21
  0.31355799642045240               22
  0.39049539200306504               19
  0.50212375798263487               21
  0.49153017765951856               19
  0.41511660322576543               22
  0.49581773915430227               20
  0.64096546619941730               21
  0.77303447258946378               20
  0.62368147285741926               22
  0.84303954548694837               19
  0.81210748713073788               18
  0.96155585022386669               16
  0.90816427687465229               16
  0.72101022716800922               15
  0.85717588017308011               23
  0.86000885896628854               19
  0.74768213004003126               19
  0.60966804818953257               18
  0.73965611957802113               18
  0.89211717636255272               20
  0.73241871541672798               19
  0.66802273768006393               18
  0.66502217353363691               19
  0.64869055512059293               16
  0.75382221086720869               22
  0.61794649893728848               19
  0.65601538344671440               19
  0.53124236206029496               18
  0.27353805994640185               20
  0.23213077175981978               21
  0.38637935712082611               23
  0.33777490983243935               22
  0.56576232230302603               19
  0.39425707903782442               23
  0.15927286323382264               21
   9.9256671020529985E-002          22
  0.18167915626735986               17
  0.35343971562828175               19
  0.29112768376438408               22
  0.34949820461735814               19
  0.30399003580983303               20
   5.0198181456927241E-002          18
  0.37382701846038147               19
  0.13432936077666069               20
  0.46835276822386512               18
  0.49700842078718088               20
  0.27534646852056027               17
  0.35513063878853823               18
  0.38683135527325385               17
  0.42282820149948303               23
  0.61154337244421297               21
  0.68133957735314166               22
  0.45996715675052080               22
  0.91063110787246659               18
  0.82724664200364695               15
  0.61629837930185338               19
  0.85837494022820282               17
  0.84344800790599916               21
  0.92460053160041322               16
  0.76593379702596198               19
  0.90324674927101456               23
  0.93024539292301889               19
  0.87836118078505887               19
  0.75395313401850683               21
  0.88110710098950717               15
  0.83512947157799156               19
  0.91133302779368575               16
  0.94719349392480234               15
  0.97976715738440101               20
  0.83627151160529289               15
  0.83722592722503641               15
  0.74834772066920863               18
  0.77627895990915941               17
  0.53946444604422006               18
  0.59713489850872303               17
  0.77647400748760342               19
  0.78396999820002489               18
  0.68048311193632494               19
  0.77563230761931090               17
  0.51147143186580124               20
  0.41025195332061426               23
  0.58391360702632145               17
  0.42364926540427955               24
  0.37063460024249462               22
  0.21109954483867785               20
  0.28260828273419669               19
  0.15411803421588535               19
  0.23232090747634720               21
  0.24216594605342159               15
   7.2291734036267347E-002          22
  0.30103687549023189               16
  0.13424027837092534               22
  0.18671583918292722               19
  0.27162191061695956               19
  0.40847944458683394               21
  0.33597104415798518               17
  0.25661592396842842               17
  0.33933851024318107               22
  0.43577955754120196               21
  0.43238287145970217               22
  0.45007222593376739               22
  0.46897016542720832               25
  0.38654426622482857               19
  0.81153248296665392               21
  0.84867621797650650               20
  0.54420755869733417               19
  0.51877036676547139               22
  0.68698190141460247               21
  0.88568182550251739               18
   1.0632347808117348               14
  0.70583176551575000               20
  0.83994838999228538               18
  0.94492718909820561               17
  0.67769625443383219               19
  0.81388938304356107               23
  0.90823923149839458               14
  0.73602477547996425               15
  0.94963465143966985               21
  0.96740441891098417               15
  0.70346553397465295               17
  0.82896936583065306               23
  0.78687852395587543               17
  0.81248974163350651               23
  0.81648516122483250               21
  0.75531542873541369               21
  0.56073143889130084               19
  0.68310858101653837               16
  0.41155459656811921               24
  0.53603018781234879               20
  0.70096668379605209               17
  0.49092769561704735               19
  0.45483155109037787               16
  0.61436545998863057               18
  0.33825464867622446               20
  0.29886675342298696               18
  0.14190629780406255               19
  0.27628129647924832               19
  0.42609302371796459               22
  0.49633427266295216               24
  0.25787075660911357               20
  0.18914219107813732               16
  0.25065345598534589               19
  0.23734635646744279               17
  0.33442750381645869               20
  0.31878075782876508               19
  0.34052207606998214               22
  0.29248474564929505               20
  0.45882020855143513               21
  0.53894851968400825               20
  0.52293628885590360               18
  0.25661208880484898               18
  0.55717632182435128               20
  0.64104240346841335               21
  0.50302270086107370               22
  0.70138470186334989               22
  0.55808050487298344               21
  0.58938251916234774               18
  0.80241471381549090               16
  0.82847119205879982               18
  0.70073130483910340               21
  0.96807629235472348               19
  0.97829039131414164               16
  0.78192866509526182               18
  0.95681183928909574               18
  0.90653294894342029               15
  0.88303770359243972               19
   1.0587488187352281               17
  0.97105679092153452               14
  0.88593157016017754               20
  0.94049746856943561               16
  0.83658559012762590               18
  0.68927873728182276               16
  0.64779454661500069               15
  0.83397987715312627               17
  0.47501343072869801               22
  0.62745306959198754               15
  0.79127472200256155               22
  0.57049398984201727               16
  0.49455343072185054               24
  0.70999330062052335               15
  0.48240067229379419               21
  0.52952899066364434               22
  0.28917847455630735               16
  0.45654344568750327               16
  0.55842437069478801               16
  0.42868577868517099               22
  0.35628574149564213               22
  0.35706858901939242               20
  0.25717108447589959               22
  0.27035917488486150               16
  0.32260431523278071               18
  0.35797177657400742               17
  0.62662359065945572               17
  0.42487926044734731               24
  0.32469717632044909               18
  0.48630636978089503               22
  0.46418573216064285               22
  0.38192079204578744               22
  0.62995782683236690               16
  0.51490733088491558               23
  0.69937520553282551               20
  0.61095801300459518               18
  0.39139017329707282               19
  0.44665994510412577               21
  0.61151276026356938               20
  0.87383346379726412               18
  0.74428855760928048               19
  0.95466681766859385               16
  0.94665859788048012               17
  0.97992131640124902               18
  0.61290607172329081               19
   1.0896426035153646               16
   1.0584734433162071               14
  0.91233452401463988               19
  0.96977534140350785               13
  0.88142421543047811               20
  0.77714301418765663               16
  0.94920361838051093               16
  0.64304122155938448               17
  0.94948411454463000               16
  0.89123194892296520               17
  0.57693921868228648               21
  0.50304589582183334               24
  0.43327643488583317               23
  0.54549560882692638               18
  0.68678780434706155               21
  0.84260684662197205               19
  0.59644289447051613               15
  0.54316266793212287               19
  0.69047220533322540               19
  0.55717734180133549               16
  0.46308779213388440               20
  0.45021994161068402               24
  0.53369197984303141               21
  0.29945824290307965               20
  0.40692396449141666               20
  0.42954106043867990               20
  0.45860921225905243               20
  0.15419053009020781               19
  0.40515750818957630               22
  0.39757447116075706               18
  0.28332460629890599               21
  0.27928491458457616               20
  0.22359911584176645               20
  0.68592841743706179               20
  0.35181337031176441               21
  0.59700526743887694               19
  0.37653071828796736               20
  0.46466575236231794               19
  0.40093693692133731               22
  0.71167036314491294               20
  0.79816779601773957               18
  0.54884955391576329               21
  0.76570409989782873               22
  0.67363039586729201               22
  0.68352261257967994               22
  0.74488062321176796               17
  0.86476800976030632               21
  0.74326711111288035               18
  0.98995394001020010               16
  0.99779800383776385               17
  0.75474238928885318               19
   1.0310852849628374               14
  0.74896816736239369               18
  0.96520600171317694               19
  0.99173753787926477               15
  0.80808405101313940               17
  0.83724601907175444               22
  0.82605460083865134               23
   1.0165498109296089               17
  0.83841023215050581               18
  0.80516161479727222               19
  0.68141262108992218               19
  0.73777482052203791               18
  0.62006520709834556               20
  0.49797588408728710               20
  0.45197731772859578               19
  0.48032252345867771               19
  0.60918008734650764               18
  0.63915778734671780               14
  0.50277537382725868               25
  0.68651223479704904               21
  0.49934716338218921               18
  0.25314835577169131               16
  0.30364347371940509               16
  0.34523635641402317               20
  0.21001771767388042               18
  0.24207867139793332               17
  0.40281336969605674               20
  0.36423791664227184               18
  0.48053222352357200               21
  0.50599619036213894               22
  0.68783651093712772               15
  0.29295242737867050               19
  0.22889465679248955               18
  0.34055157139312386               21
  0.64033914035438244               19
  0.44738776005249137               23
  0.62792126957319205               19
  0.55954113860579668               19
  0.63673431851925300               22
  0.62948893359053004               18
  0.51452155312308323               17
  0.79189907494869405               20
  0.79316696204662351               17
  0.78990754924413487               17
  0.63250591721815363               21
  0.88023747459384194               18
  0.90415942360661128               21
  0.76202410120448227               15
  0.67597234691661223               22
  0.85510915098940232               19
  0.90435334535352607               20
   1.0585247748068785               19
  0.88725677156476401               24
   1.0008665569831656               16
  0.79616920486680687               23
   1.0124851619188981               16
  0.94207003842704773               19
  0.97953778710509387               21
  0.83226715459244138               21
   1.0120517365801409               18
  0.68392339535405966               22
  0.54830407108079149               19
  0.74879812889936204               19
  0.67364890562861168               16
  0.53675401699583725               22
  0.43067564163356709               19
  0.71593321985297576               18
  0.78042047353122823               18
  0.50054935015267010               21
  0.47339762310913847               18
  0.39707822146050092               18
  0.43268665365706466               19
  0.38481798330496414               20
  0.41066227956119128               21
  0.55518993086328938               17
  0.35621192168695481               18
  0.44786456666663871               21
  0.62362354041531498               20
  0.38295542918281189               18
  0.52826548182470701               16
  0.51857194303329601               20
  0.80680029273082665               20
  0.58242322924442247               19
  0.56344900934932463               20
  0.54639931396642705               16
  0.64319482668441474               21
  0.55469942223193969               22
  0.39639157858913110               19
  0.51980476618729921               21
  0.60093060190814851               18
  0.71988705122140773               21
  0.86081562327113248               19
  0.58211426565146596               19
  0.86587459310815917               19
  0.81933520330059761               17
  0.98088985125488271               16
  0.77273277392470141               18
  0.82989479889988749               18
  0.94918305780396761               19
  0.78863673651310118               16
  0.90367038663191834               19
  0.98985098472654076               17
  0.71055587376090190               16
   1.0460052779046172               17
  0.87672348399428979               18
  0.90674823949722660               23
   1.0192204581590427               19
  0.81691519096922582               22
  0.65757289136439112               20
  0.89773712244983617               20
  0.90749851745373256               21
  0.97375145561267307               17
  0.60606609874429462               20
  0.55291591131016860               18
  0.56415718331463016               19
  0.83806989265100451               20
  0.70019056755211428               18
  0.49297417946011446               20
  0.65945539138677145               19
  0.55135381337025435               23
  0.50379268082742790               20
  0.35190236802408931               23
  0.56113591375423255               20
  0.45218169188125606               19
  0.52832331829615586               19
  0.20108270055362382               21
  0.33911013270097401               20
  0.65389059936462290               15
  0.64156101786430975               20
  0.39456061130824338               22
  0.45190186760706408               21
  0.61224324067507896               18
  0.48357867124918891               21
  0.75064902913238785               22
  0.59676975131464005               20
  0.50523908939281326               19
  0.53552606999034835               19
  0.68221619118665899               18
  0.37089659675962366               20
  0.85022178856252373               17
  0.66919446674687844               17
  0.53968544213217662               22
  0.77290719846367650               17
  0.75802096053175161               22
   1.0134956678289115               16
  0.85692052938331054               18
  0.96231889556867789               19
  0.93614579662559338               19
   1.0456975877837011               15
  0.90349069551396555               21
  0.87604132111680810               22
  0.70575363159568638               17
  0.87379112899519618               23
  0.97647546071886004               19
  0.96493687345110446               16
   1.1026910383664055               18
  0.83743426198451143               19
   1.0547442089788468               16
   1.0999514860356683               18
   1.1137069725356328               20
  0.89159050004576113               19
  0.66145102903705522               18
  0.42281313822745281               19
  0.84458516664025307               22
  0.66940326588999921               18
  0.82282589897230807               22
  0.82743622088692959               18
  0.53593240453283608               16
  0.88314129681027553               22
  0.46747970014224888               26
  0.65815966003228843               17
  0.70009980035946251               18
  0.38733659350490357               17
  0.44636673198433996               24
  0.37713815551401059               21
  0.50385896797543139               17
  0.44954711682427861               18
  0.64956216372727915               22
  0.61668069704487716               22
  0.73050622112696062               21
  0.49435753424649803               22
  0.27149822951979963               17
  0.50663610586257013               20
  0.29110136913402568               19
  0.83894860258355874               21
  0.71706636015299408               21
  0.80063333424573901               24
  0.67949059802980261               20
  0.69652398640261382               20
  0.52394629100200429               20
  0.66988890222463715               20
  0.62871883354666336               18
  0.55475701508700537               23
  0.80253134037048002               18
  0.89050432270763613               19
   1.0652383311514522               19
  0.99410379943962990               20
  0.87341331344661655               15
  0.96716613316067701               21
  0.96771253223758014               16
  0.99095716136771150               19
  0.93337832661665177               20
  0.93244851104487514               13
   1.0096944410957005               15
   1.0605343768387754               17
  0.94246895775371053               18
  0.91890852488579722               14
  0.90029548520652336               19
  0.87614505937042120               20
  0.96520424320194131               17
  0.54859913894809498               22
  0.57839440595454961               24
  0.98826163091521191               20
  0.74934161149334011               20
  0.79092752762487362               17
  0.82139904393187491               19
  0.78065608309849854               20
  0.64775449570200794               17
  0.91154655276539687               19
  0.55774251980752665               18
  0.39935527907474599               20
  0.54048672295778188               21
  0.31155198722658356               18
  0.63891981637923412               17
  0.60458806608058802               18
  0.53449764446139758               20
  0.76357077691456210               16
  0.56426574443943256               19
  0.40872852117669611               19
  0.66439852816227929               17
  0.88948100941250552               22
  0.55148758355628003               16
  0.41340887714777197               19
  0.64748635368519958               22
  0.14020676680505076               21
  0.35326115701462679               19
  0.81751362957076190               21
  0.51174850212712064               22
  0.70296371183619788               23
  0.76452258148896612               20
  0.67615564035335263               23
  0.88271432968910946               17
   1.0028797331791455               20
  0.96935726813680667               20
  0.94438168416706325               19
  0.84872454607031389               21
   1.1024174483139382               18
   1.1895377201050670               19
  0.94609898774343093               20
  0.93365254412853371               19
  0.94505252476374635               17
   1.1384018050531448               21
   1.0452729864874217               15
  0.82820568758724500               23
  0.85602857536376042               23
   1.0172239886911896               18
   1.1664878625636277               17
  0.75997836784809958               19
  0.82469577949199879               18
  0.95026861695478892               18
  0.71088630090775928               19
  0.69360768381331395               17
  0.43903121662825217               26
   1.0753777322275757               15
  0.71760290843998953               18
  0.78360971598746965               18
  0.77081678702448864               18
  0.76478185959272593               18
  0.57997951288983784               20
  0.73132104206882986               20
  0.62337582999159447               17
  0.41950283262862925               20
  0.60344796067003659               21
  0.47924938470903183               18
  0.66368389577296727               14
  0.79741908943610351               15
  0.61106203494662314               19
  0.36950644446403835               24
  0.40597849355884719               18
  0.69850331113741049               22
  0.75188490401735075               19
  0.77544349110341160               19
  0.52157282926468618               18
  0.62758407378502068               16
  0.68671073796806992               21
  0.64220651760484038               18
  0.76970580150316059               17
  0.67881433687031323               19
  0.53275370290622326               20
  0.77676926994558770               24
  0.74654924602595996               22
  0.84673171752951226               18
  0.67051095698437613               17
  0.74690929085908586               17
   1.0522806307929864               19
  0.92675770686790238               21
  0.91294856731377694               18
   1.0398433891623378               17
  0.89731278990024144               20
   1.0602892089275038               19
   1.1403992101091236               16
  0.92077987977471931               21
  0.95285391267306518               17
   1.1750035709012219               18
   1.0766199154499698               17
   1.0101350597454173               15
  0.92533949684831174               17
  0.99683248464519558               16
  0.92653318658150619               21
  0.84667117735383379               19
  0.98510210862634506               21
  0.91332376663161219               17
  0.85991767787375384               23
  0.81484234422391710               18
  0.66719704228588095               19
  0.62473524454889284               19
   1.0347445983560031               18
  0.88572680926818115               21
  0.74026263246365187               19
  0.68506555973194705               15
  0.62358097402728752               19
  0.66132979296588179               18
  0.60973867889395006               19
  0.58210896060123418               19
  0.76729776469823718               18
  0.59274176312362725               20
  0.46704654310970600               19
  0.33305479987897663               21
  0.51656527491950344               20
  0.73216940784695905               21
  0.78067029598818050               17
  0.89999086159051567               16
  0.66988238720711912               20
  0.70265084480377737               19
  0.57664285456398001               19
  0.79225977432553607               19
  0.45048411755202716               21
  0.67713462458939477               20
  0.73754397595504606               19
  0.72929956205163060               16
  0.70837922442725187               20
  0.90225762385030173               20
   1.0416681397649676               19
   1.0120775831490600               18
  0.87246609373758877               17
  0.90275816213256266               20
  0.89072511762064099               19
   1.1273669087569840               18
   1.1147508194824978               22
   1.1007556395548821               18
   1.0920727970549027               14
   1.0436255502992215               19
  0.74972080658079510               18
  0.95719111826509762               19
   1.0388161638973754               17
  0.91963488248029746               21
   1.0593144854439105               17
  0.85708865343464702               20
   1.1080073077589694               18
   1.0320698833487538               20
  0.76968152779285492               20
  0.89756098222833525               19
   1.0199653319001234               17
  0.65762663090118489               20
  0.97326902433857831               21
   1.0737875895098674               18
  0.98032514694472361               17
  0.63645269898296430               18
  0.89662285470054670               20
  0.38519252048193148               18
  0.90403753995906444               21
  0.77917136532529074               18
  0.73703973345889662               23
  0.60059382909546488               18
  0.84210842856800050               19
  0.45428884994897306               19
  0.64425917989603609               20
  0.74755456730648528               16
  0.86857159665530403               20
  0.47774097784580477               19
  0.91906395498401838               19
  0.74989482244791750               21
  0.70669823969555490               17
  0.55697179248936235               23
  0.41760913685231477               23
  0.58715038305175016               21
  0.92177915302701641               24
  0.99570850323910443               17
  0.98994697944517474               18
  0.94306702883100058               20
  0.73674777394600954               18
   1.0271185250505637               19
  0.61652692906280993               16
  0.76219179028021689               16
  0.97032999303857959               20
  0.94754392179803304               18
  0.96265415552707145               23
   1.1139281112742330               20
   1.3142869465358202               12
  0.93645908471311934               18
   1.1060138613007648               17
   1.1725287282855850               17
   1.0929011339703865               18
   1.1326765097775091               18
  0.99352850208298382               17
   1.0044587763956490               20
   1.0856826192591851               20
  0.94033469472007469               19
   1.1001574744854699               18
   1.1418323328451316               16
   1.1026355787293600               17
  0.60507267525304820               17
   1.0590756948027522               17
   1.1566089141244371               17
  0.87794066793107817               21
   1.0794918052053473               22
  0.89224464336650910               18
  0.90988410555803867               19
  0.69164814308705447               17
  0.84602877397802490               19
  0.82819232179442515               19
  0.95377729632166597               21
  0.85054935426628020               20
  0.87619967422703615               19
  0.85877055581698081               19
  0.56658220251485425               20
  0.53218012113870217               19
  0.90959815018279644               18
  0.75271024152788146               17
  0.45797034040311091               17
  0.85159166762882543               20
  0.69046405934325328               22
  0.91534081650892662               17
  0.64413298645728911               21
  0.61646206140190474               21
  0.69378520556819412               18
  0.88857618373697633               20
  0.58213755523503552               22
  0.85594388823436285               20
  0.98577302276698808               19
  0.66801794190539543               18
   1.0175081698363055               19
  0.58203037837178773               21
   1.1093594864510548               18
  0.92477719146651571               20
   1.0314647259016603               16
   1.0755730319612120               21
   1.1004018784471818               17
   1.0267113975843374               17
  0.99548368493607087               19
   1.1189143598776587               15
   1.0139684458355187               19
   1.0108935374276433               14
   1.0585803579679649               16
   1.1579015988942483               22
   1.2636770125424994               20
   1.0846521750627136               18
   1.0848209538896818               14
  0.85866625019378751               20
   1.2844839182242609               15
  0.83840709660050150               19
   1.3097015430004300               17
   1.2004180119480945               13
  0.76969086743962722               20
   1.0640010677174303               18
   1.0404627169767295               18
  0.92165796710930004               17
  0.87287070106352893               20
  0.36038084243029639               19
  0.81415893926286531               15
  0.87891109282413871               22
  0.90835881273725516               19
  0.66429665558370299               18
  0.65514660260499225               17
  0.59806710273243269               22
  0.78995535186420163               19
  0.75935708992030204               20
  0.50654709290422728               19
  0.82046800299852762               21
  0.92002041216166752               17
  0.51848039186234318               18
  0.66362490066338953               19
  0.99209476073162550               15
  0.76041083070717441               18
  0.47136076365531909               20
  0.89075507670798260               21
  0.98173830669760620               21
  0.67347918885372615               19
   1.0426286074709996               18
  0.93552957079112520               18
  0.81434961435607378               18
  0.73161371227506566               17
  0.87524390536201679               18
  0.82815409053356370               21
   1.1415949884857004               16
  0.80746405054789738               18
   1.1634362862038221               18
   1.1981491264210071               19
   1.1274419395123898               20
   1.1274425238291839               20
   1.0664262234299600               20
   1.1765136349352967               18
   1.0765298353436683               19
  0.99271346671577865               15
   1.2195326362522012               16
  0.84957696965635365               19
   1.2760981888522103               14
   1.2316429302431986               20
  0.99546544877326015               19
   1.0322453302956554               15
   1.0395114507611245               20
   1.1036553390021977               19
  0.86945161907984503               21
   1.1467327902139157               16
   1.2080303769470055               15
  0.89173226494437263               20
  0.81063890429616925               16
   1.0436996802942355               16
  0.80438349398144937               18
  0.73522183713677614               17
  0.74033015892670906               19
  0.72635641780940774               16
  0.81817531218637973               21
  0.88104911540289943               20
  0.91162362929236251               19
  0.60465985348208484               18
  0.83929673078697353               16
  0.69771795327052699               17
  0.93166713674886048               21
  0.94941897509923379               17
  0.66320262789062401               23
  0.94919572831476384               23
  0.84898844206847390               18
  0.62685180415293029               22
  0.97774384640516809               18
  0.84356595647452537               19
  0.94154165995395800               17
  0.81101967005423947               18
   1.1491648726179344               17
  0.86222560689632366               22
  0.93560309530813635               18
  0.63183717149316720               21
  0.91664137740704921               16
  0.82563405600175044               19
   1.1897230578362810               14
  0.99133279781730732               20
   1.0571603496704214               18
   1.2166552722175803               16
   1.0953710896065982               16
   1.2025530752761784               20
   1.0225747697098113               19
   1.2127866674873016               14
   1.1148731669332645               20
   1.1422514755730939               14
   1.1287884468717606               16
   1.1991747922869884               20
   1.2164886406110229               20
  0.95911853456974594               18
   1.2645440283235474               20
   1.0822363036809461               16
   1.1279250676786892               21
  0.91175169603882289               20
  0.91282752343958218               20
  0.80981144475384725               18
   1.2029515850334471               18
  0.74517788088518766               17
  0.90775479350951294               20
  0.69565196107911753               19
  0.97212527374008306               20
  0.73096885786769383               19
  0.85552641494935300               17
  0.95838632994261985               14
  0.83423311636548481               21
  0.57608867307198186               17
  0.79267203899687211               17
  0.75019467151386665               19
  0.94465050355254276               22
  0.99342881718810339               19
  0.94434793895609426               19
  0.97227894983768370               18
  0.89513475727722891               19
  0.77716232771020199               21
  0.80295667204181898               19
  0.89261528917187039               20
   1.0300910201016522               19
  0.90330720259270958               21
  0.81124864700323962               18
  0.98895097154747280               17
  0.95988956725172092               22
  0.68867330221942846               17
  0.86984907508324183               20
   1.0693547606164977               17
  0.91402438447932288               21
   1.0920617018189276               19
   1.0237254421252449               21
   1.0812945456975311               18
   1.3528311109738138               14
  0.97020968666511764               20
   1.1238891867860801               19
   1.2777625051270349               14
   1.1704137722758721               18
   1.1456572302330654               17
   1.1243092113605893               22
   1.1618710725793511               20
   1.3108070577418303               14
   1.1646609377661603               17
   1.0090195987120867               18
   1.2709084728067011               16
  0.94234023701486236               22
  0.98992960906227756               18
  0.87699224847780310               17
   1.0179142234034542               21
  0.95512055373471916               17
   1.0178959954487856               18
   1.1339779498302405               19
  0.95381361538037679               21
   1.0346823703385721               22
   1.0911830202752251               17
  0.78419658496799971               15
  0.88436330279379294               17
  0.86166536353303125               18
  0.89734930008916869               22
  0.83100586281006483               23
  0.76778724530137321               15
  0.97692753012948286               16
  0.53280303487936564               19
  0.78736530667959981               18
  0.72687589730095348               19
  0.97074777853182959               21
  0.95550327564253290               21
  0.89352985575583566               23
  0.88470127526346398               19
   1.0049321560364535               22
  0.79955594033000466               20
  0.73751484195355022               21
  0.82761457268089333               22
  0.90801975951302916               18
   1.0433618907828348               18
   1.1076632126067796               19
   1.1659089389144799               16
  0.82567849521950343               16
   1.0922012530317979               17
  0.76050409933075858               20
  0.97003897279266316               22
   1.1807953124964847               16
   1.2672334710854729               14
  0.99426943400270107               19
   1.0736139618181864               21
   1.2596427448971137               14
  0.93535748710932520               18
   1.0989660820255864               17
   1.0327583962004925               20
   1.2020076826503550               20
   1.1502059970519238               17
   1.2373810626069359               19
  0.98278361080957966               16
   1.0909902583508777               17
   1.2677642515326568               16
   1.0593339423135766               20
   1.1555244690185136               17
  0.97298065375757259               20
   1.1569525015945354               17
   1.0320458001888051               16
   1.0494942863239638               16
  0.80196540953799622               16
  0.99509678545406355               21
   1.0292882168092938               17
  0.97510060322474856               21
  0.93359118230092908               16
  0.86252142006518273               20
  0.76423177349851112               19
   1.0001901121921122               18
  0.96134507783386347               17
  0.80042725673473958               21
  0.80255074590947495               18
  0.84593949326029239               17
  0.81951766851981134               20
  0.76386665473115578               20
  0.90191639112255428               22
  0.78440717374293845               17
  0.96621390082031489               17
  0.71639382640181914               20
  0.96576624691394986               19
  0.99532827685772385               19
  0.81822844198991129               22
  0.94177622418308371               20
  0.99834919830404378               20
   1.0286479299655804               19
  0.71166077502055725               20
  0.91946284953861224               17
  0.78407617684595021               21
   1.0602903201748042               18
   1.1649286095832432               19
   1.0929607477036145               20
   1.0130885720306377               16
  0.97572923882610973               19
   1.1364626782854712               15
   1.2264905098758743               15
   1.2887919402113086               14
  0.99459719566398674               20
   1.1876742221598440               20
   1.2581988806404547               15
   1.1804705011992935               18
   1.2634066132819595               17
   1.3389614343580707               14
   1.1908136585447047               19
   1.2446402590471852               14
   1.0792779756029840               15
  0.93200672814165619               19
   1.1205919367270398               16
   1.1700044390549467               15
  0.97408765477402015               21
  0.99889245136382643               19
   1.1226857626510243               17
  0.91026308797138522               18
  0.93561599840333509               22
  0.94040578074644054               23
  0.97486113021789489               16
   1.0118943235223650               17
  0.85598264643013322               19
  0.90035199035524094               20
  0.91205356543951022               23
  0.93105442591092269               18
  0.93607488500784508               15
  0.89607345448561404               20
  0.91862041982949405               18
  0.89239800228334465               17
  0.86003026606592448               23
  0.95450349267542889               18
  0.87557023846994131               19
  0.84173766362088775               22
  0.84426166871935127               22
  0.98927536307053587               18
  0.88268204151270746               23
  0.70340524570965468               19
  0.82890590576867496               17
  0.95630825091380378               22
   1.0350203164840566               21
  0.92421348974717832               24
   1.0378151769341695               17
   1.0231995686170818               20
   1.0042609928294746               20
   1.0118008002767003               18
   1.2353339153142733               18
   1.1759763547339983               13
   1.1417069461821676               17
   1.0843828656106460               17
   1.2941353030539726               15
   1.1896949776594992               17
   1.2549040170472616               13
   1.3077530789852017               13
   1.2209575755888014               14
   1.2457891926680309               15
   1.1431430934615538               20
   1.1655321412165638               17
   1.2117127102225691               18
   1.1140723728949815               19
   1.2045956743620696               20
   1.3264947298373135               15
  0.93429475687196517               18
  0.95499127422639529               16
   1.0993636002251592               15
  0.81317446412322625               20
   1.0392944025397877               16
  0.96255177526009927               16
  0.97039423269608116               18
  0.90643922355664330               22
  0.93774829235216239               20
  0.67712759800295641               23
  0.94520265796810810               16
   1.0914653433053094               16
  0.57343003626905653               18
  0.34868967628394554               20
  0.89199440484241843               20
  0.99245352382577223               17
  0.98356029703775938               20
  0.90138337981204131               19
  0.75111472341114061               23
  0.93698116257334485               16
  0.81619148701723454               19
  0.91239903982261972               23
  0.61003595734339267               21
  0.73508831384173245               20
  0.86971461997976973               21
  0.83086860579857058               20
  0.84417891916710142               21
  0.81744787956210230               24
  0.79795051409221096               23
   1.0348289181761137               18
  0.67799617795320044               20
  0.95102198268456717               18
   1.0078428997101518               19
  0.97536241755622965               20
   1.0385490920160965               19
   1.0853887143250374               17
   1.1348351110157822               16
   1.1450494665571866               14
   1.1037524099119651               17
   1.2258720369615383               15
   1.0915173210542415               20
   1.2841433009965866               16
  0.87901954084104861               20
