  0.97996995832084666               18
   1.2510917960375514               17
   1.3230673530643025               14
   1.0433600299893895               19
  0.80827385163760546               21
  0.99422165943409280               19
   1.0457454753920941               20
   1.1340892650334240               14
  0.51438789862120626               20
  0.89964823055675325               22
   1.1284786237229085               17
  0.87889382060792054               16
  0.92090314499311288               17
   1.0023660090870044               20
  0.74888369379834308               20
  0.70811482536643022               21
  0.78130346806544559               17
  0.96935475426689954               16
  0.86773710867964149               19
  0.97878358513162167               17
  0.66943056642270027               20
  0.50249538912708880               19
  0.80363381817873580               20
  0.62003742707253073               23
  0.93711946777276312               18
  0.87305593047037555               18
  0.79927914356228791               18
  0.94628167619778458               17
  0.95015758735005074               17
  0.78598546100088196               19
   1.1415770951587303               16
  0.74791938122268797               17
   1.1160157132883191               17
  0.85455481278727130               17
  0.52747548357310681               23
  0.84620155318950074               19
  0.39177632727301454               18
  0.84125389358148495               22
  0.79784732905635336               22
  0.97462591177138092               18
  0.95675461930136818               17
  0.65142841007418151               20
   1.2271283254467420               18
   1.0382009872643301               17
   1.0338950241787268               16
   1.1834735578229214               18
  0.78503399718764633               21
  0.83121465500009428               20
  0.97583096016360171               17
   1.0591209388685903               17
   1.2240183245296590               20
   1.0788849705935890               17
   1.2829137617882167               15
   1.1109511815994171               18
  0.87310760213040839               20
  0.82103688617652937               17
   1.2239846652025952               16
  0.98018417870798669               20
  0.98833910590624807               20
   1.0825523309023908               16
   1.0625395663135093               17
  0.72196941405562953               21
   1.1202821595419337               18
  0.96213733534241697               15
  0.99054924075394213               17
  0.93203500159165686               20
   1.0000509465260528               18
  0.62700701933134939               20
  0.73016323425894525               20
  0.77146949668364440               18
  0.80831985992767907               19
  0.91489729189511415               19
  0.68689150608427152               21
  0.82230469568517439               17
  0.93509938663910142               19
  0.95094377862640722               16
  0.90237106823475133               20
  0.69092182729643770               20
  0.77621715477725339               19
  0.92793998678584766               21
  0.84163325207507822               17
  0.63068143745066108               18
  0.93390769739899493               16
  0.91476956326614223               15
  0.90261632625392629               22
  0.93002992088607273               21
  0.88678417530177933               18
  0.85794960283663246               17
  0.88666491442237416               18
   1.1666228829910146               19
   1.1137099751128847               18
   1.0449011963340762               17
   1.2137864552133764               16
   1.2886689068430794               16
   1.0410360073286951               20
   1.1782724887609888               20
   1.2123695756685187               19
   1.1355802694826029               18
   1.2922767215072104               16
   1.1062456318781968               16
   1.0976237310915069               18
   1.1536290003282366               19
   1.1838941048724188               19
   1.1224912370602964               16
   1.2329871011015368               17
   1.1822176190094198               16
  0.99494714983366772               16
  0.93793522269567320               20
   1.0427459843351090               14
  0.95340155109035229               17
  0.86158453519212574               18
   1.0071363344541795               19
  0.65461250731938103               19
  0.85457275112210918               19
  0.92351164024565424               19
  0.96030021874415494               15
  0.72614647763749440               20
  0.88302672384141834               17
   1.0150664934680620               20
  0.78201162461418638               20
  0.81456195545562982               19
  0.80096862198643448               19
  0.87666965576481048               20
  0.94881440598540945               14
  0.62208247293205932               20
  0.67255720638626704               17
  0.81611444669162014               22
  0.84472102708787733               20
  0.93323801474624557               15
  0.50148744396601030               17
  0.82024858200372064               21
  0.96522641575920531               15
   1.0657508961013245               16
  0.55543803695703708               22
  0.74119727188402118               20
   1.0582650882620217               17
  0.88414463316961500               19
   1.1116218592766440               20
   1.0946309591395118               15
  0.92443537904543538               20
  0.95811919286487790               16
   1.1006738681002302               17
  0.96401245019470050               21
   1.1901026290644607               20
  0.91416221791129593               18
   1.0433507513087243               19
  0.91398350192037803               21
   1.2257167679299930               18
   1.0532376622827946               18
  0.96911214028507664               18
   1.0509630720437779               21
   1.0634644260390405               21
   1.1707929782293158               19
  0.92666612343473598               19
   1.1190292625485758               16
   1.0541056617138418               16
  0.91406299232846633               19
  0.81415927325474791               18
  0.87445571357358576               22
  0.63919179382580005               23
   1.0739282510495507               19
  0.95380135841886537               20
   1.1029895445124069               20
  0.64599005602086379               21
  0.67176847800607165               24
  0.84962571215414040               20
  0.95998026398436476               17
  0.95517620484337118               17
  0.90222693152515088               18
  0.72206331459494377               21
  0.87061097401183585               19
  0.67909395837604047               21
  0.90730166942499735               17
  0.47624969595809991               27
  0.96861542961525082               13
  0.60830350375194164               18
  0.32079100320725590               20
  0.53297181425692930               28
  0.78539644178643275               18
  0.98411150741329501               20
  0.64366472099255634               20
  0.92815641367065616               22
  0.82138686103870207               20
  0.62812313973430411               20
  0.38620304540260314               20
  0.96747102137269181               17
   1.0097624261286462               20
  0.96458715390244598               16
  0.47670093839852717               27
  0.96497942377421231               16
  0.95548101182133116               17
  0.77543929327854066               18
   1.1637340225490576               18
  0.98076519929709260               19
   1.0199348463323670               18
   1.2719167895682304               19
  0.96468930000483033               21
  0.90897569533348976               18
   1.1707264721002588               18
  0.98959420843035339               16
   1.3002344478196550               17
  0.65733187633369783               22
   1.1720739944657379               19
   1.1588979717331289               16
  0.60792470861901493               18
   1.0630745747692545               19
   1.2645174805022608               18
   1.1962645589104133               16
   1.3548725138103750               14
  0.96563679738367525               18
   1.1501535401562686               20
  0.57888305535809181               21
  0.82545340911522291               17
  0.58883415467262457               19
  0.81564310788114058               20
  0.79099234406967323               20
  0.80483675896503570               20
  0.91570140749153861               18
  0.84447742898360045               19
  0.80518032448273003               16
  0.83186615250321982               21
  0.65059606490486466               19
  0.81394709563526890               18
  0.71411265198362728               18
  0.57972883854036494               20
  0.90124549070440996               19
  0.78073156715783620               23
  0.73618030771152265               18
  0.91031459478288979               16
  0.98904455290656557               15
  0.51623693548199312               24
  0.75965931431272493               19
  0.91209322069900778               16
  0.80227902138980611               20
  0.65029889638550675               17
  0.56062905564894372               19
  0.64585339204157854               20
  0.90060947536237501               18
   1.1464274874545755               16
  0.81368409277532749               18
  0.79824537126410500               21
  0.82330778411531158               20
   1.0898384198152515               15
   1.1723445395822532               21
   1.0239628378512977               19
   1.0894550772977438               16
   1.0771954047918961               20
   1.2511019917580724               17
   1.2833262056703265               19
  0.95453639287444147               19
   1.2698378661596821               18
   1.0377803215281058               18
   1.2065752887389294               17
   1.2223522397611066               18
   1.0227350734383822               19
   1.1363409573434831               15
   1.2240801005206978               20
  0.73047625477755740               21
  0.92718614021936741               19
   1.0015336007014288               15
   1.0295476563169224               15
  0.79796371702247115               20
  0.93481039144717781               17
  0.89255601789209449               20
  0.70852633745183058               19
  0.87496031844340072               17
   1.1859172263042224               16
  0.73560439732770266               19
  0.97024533989600292               20
  0.84613251621461372               20
  0.93297716942455478               18
  0.40118632006565980               20
  0.53740751618482263               19
   1.0131733152011000               19
   3.7697772016255335E-002          17
  0.97020833965183118               14
  0.45047300266922269               24
   1.0213950696791183               17
  0.45683080943161930               26
  0.59332486181906208               19
  0.77557212489533078               16
  0.75326138361308881               22
  0.77505328202477930               21
   1.0648038180552291               15
  0.99451361430651086               19
  0.56924010336264397               21
  0.60255915930689619               21
  0.98923700135437853               18
  0.54366436250959238               21
  0.75870981079013944               17
  0.66364461165927358               14
  0.81033210400517774               20
   1.1963176033807859               19
   1.1019054774122448               19
  0.89530365416324642               21
  0.90491431017524593               19
   1.2142368579617751               19
   1.3390771490918814               15
   1.3467045210527933               14
   1.1664043342223815               18
   1.2829067072733493               16
   1.1196838297930867               18
   1.0347333981671061               22
   1.2184542765342030               20
  0.93594625802293507               20
   1.1232665125759176               18
   1.0679431185591430               21
  0.97082482018766025               22
  0.90522121888991836               18
  0.73892073436621952               17
  0.98931633502940064               14
  0.69662548474250108               20
   1.0798106460934456               17
  0.65983172415590896               21
  0.70498009268168627               22
  0.72662869887410719               18
   1.0952696988192274               17
  0.52094369477919178               22
  0.76701660811343775               20
  0.70694153048320474               24
  0.68964552125378831               18
  0.83052229729141547               19
  0.73586190318783462               18
  0.62698759983554453               24
  0.39729821759359679               18
  0.73082017586221870               19
  0.37715171749810561               17
  0.40893775141926997               20
  0.76528010281749348               17
  0.71852721677573528               20
  0.74597044869803564               22
  0.56815746223046282               18
  0.76120047531384172               20
  0.74556406876828374               21
  0.55953289848901278               21
  0.92000205060647411               21
  0.68802649195502585               17
  0.84003102092631310               23
   1.1279125471806728               18
  0.98231282341520598               18
  0.61927542880985642               17
   1.0015734191154542               17
  0.94847403019243037               16
  0.98708511663004173               17
   1.2539261427862116               18
   1.2850642854198624               14
  0.99876775177912347               16
   1.1142187793968690               18
   1.0902909130215102               21
   1.1062399044448050               16
  0.93817211185917293               22
   1.0503115996676355               18
   1.0196875041377842               20
   1.2323178384898106               15
  0.70026833281581369               21
   1.1055612764052209               19
  0.59352401080736750               19
   1.0310539937856920               20
   1.0548944718619548               23
  0.57960720205464000               23
  0.64013783486980524               24
   1.0673682123287922               16
  0.86745716734650335               19
  0.53307369482994782               18
  0.68590113234075822               24
  0.83530445385917629               16
  0.59085681393347422               23
  0.92129219118952976               17
  0.91524640650218292               16
  0.95175713129741124               16
  0.75993485382915005               17
  0.92324203657649129               16
  0.86022393238669670               18
  0.67692876901975807               22
  0.39943113748985509               15
  0.31080685341527226               22
  0.96514618632822446               19
  0.67043154793940163               18
  0.53618309600000991               25
  0.64212401454169410               17
  0.69366863145326074               18
  0.54039731792341217               23
  0.85719641415632930               19
  0.63742809377930265               23
  0.79240480074719088               20
  0.56179273056475298               20
   1.0226160603516847               14
  0.69938207869260038               21
  0.95943105144545504               20
  0.83779800399884063               23
  0.81354906675894090               22
   1.1113021488662251               19
   1.0395068278392852               17
  0.73380597823304428               24
   1.2483756111079960               16
  0.98941832880418423               19
   1.0558343536812778               14
   1.0008362841538949               14
   1.1920901848622456               20
   1.1689271400715460               16
  0.90857030034414754               20
  0.83787620847890754               17
   1.0922148820142632               19
   1.1079688829799930               18
  0.87965876587634417               19
  0.95432906023225983               17
   1.2907331572382796               16
  0.97226703657540337               16
  0.57147779840947144               23
  0.86235347104878957               17
  0.87141470101696872               20
   1.0836241699204754               18
  0.62485902208797339               22
   1.0501142770411485               21
  0.81218027293976158               19
  0.43896222870089729               17
  0.79162866329568005               17
  0.82630232443114582               17
  0.97993216052621790               17
  0.93531282347315114               21
  0.71571963950975859               22
  0.86071412365141087               20
  0.48695315511716197               25
  0.51933058118311271               22
  0.53359234994585691               24
  0.74571550949178733               19
  0.49502166021397476               23
  0.64125287121311048               16
  0.32264661227458907               18
  0.47471990070920772               25
  0.73923724318627460               20
  0.46077764447818836               21
  0.62722497763833962               18
  0.63152720557025765               19
  0.48349365179509074               23
  0.92262453103449227               16
  0.60974713545742720               24
  0.85881128999291512               21
   1.1781136539244457               14
  0.90716634979122723               24
   1.1547509816595181               19
  0.97696170934699100               18
  0.64757788994452670               20
  0.86685836051326615               23
   1.1483173587084015               20
   1.2559249368828043               18
  0.99797113231112644               18
   1.1310648154839891               16
  0.91185090247182532               18
  0.79168338611302136               20
   1.0289011834282722               24
   1.1830582801788652               20
   1.2830466417073247               16
   1.0711699043683707               18
   1.1356350616041635               17
   1.0420662010597339               24
  0.97512303396443412               20
   1.2588955327035238               15
  0.81647184873039291               18
  0.84124751134453002               18
   1.0038339952167794               15
   1.0057155212517666               19
  0.77165141200692922               20
  0.73466831170219471               21
  0.76210620786276029               18
  0.90668873543917305               19
  0.44606700120996240               21
  0.43416086368242485               17
  0.81506897367302122               17
   1.0195775897524861               16
  0.83590139469896951               18
  0.88165941416903348               22
  0.41228208625324825               20
  0.39882256094409729               18
  0.50598586689636482               22
  0.59782795344604212               21
  0.59415777078068521               23
  0.80803455391267232               24
  0.71728592359623833               21
  0.45117524950274512               17
  0.90445628156674207               15
  0.76541021206352577               20
  0.79264553999506449               20
  0.88793483619843738               19
  0.77168966078206380               22
   1.0639311804679454               18
  0.52433244922921229               24
  0.94563352385984822               20
   1.1011667264519220               17
  0.90568641963757368               21
  0.57867332090242096               25
   1.0347831444280089               14
  0.72554428616980438               20
   1.2040156981810715               15
  0.94135129958016717               18
   1.1485268645526909               17
  0.86333279383621431               20
   1.0747892951282703               22
  0.89334195203903788               20
   1.2477784868582065               19
  0.83008754771494964               19
  0.88957739494302313               17
  0.99265794381073769               19
  0.97784518218448457               20
  0.78176270827703420               19
   1.0492327132352885               16
  0.67527310134147778               19
   1.0296028088468490               22
  0.94769175602298483               21
  0.87997222821048160               22
  0.94095978916305778               17
   1.1515824285712670               20
  0.56710084331724264               21
  0.43807247581120495               21
  0.19627077660989686               19
  0.92018101974440125               19
  0.77280557958432028               21
  0.66727477867906182               21
  0.64706924136996224               22
  0.55568602563280012               17
  0.86419351616116902               22
  0.74523256493599332               19
  0.82861489956663292               22
  0.30167277240077445               19
  0.74134114766293735               22
  0.42405878602360220               18
  0.88503314511896036               19
  0.77330051222176055               22
  0.54785430580328942               19
  0.25328252667508949               18
  0.68723867858694876               20
   1.0610453971191991               20
  0.94725439203767070               21
  0.68892140411399361               18
  0.88942691274394503               21
  0.75995139329911132               21
  0.87497905340741644               19
  0.59751706627501555               21
  0.61764568020514077               22
  0.51538360055762400               20
   1.1603393252813812               21
  0.78494495582003954               21
  0.83042256887314525               23
  0.69847080695306296               17
  0.89821530872815103               20
   1.0726749230862878               17
  0.86483129986564411               21
  0.88610680939658859               21
   1.2315065289402602               18
   1.3086734053448872               14
   1.1212471545109419               18
   1.1915885326299458               16
   1.1481007408017057               18
   1.0642575151775553               21
  0.76519685526344128               22
   1.0825945489464688               19
  0.72398967183629359               22
  0.81932098846586621               19
   1.0950514821297010               20
  0.91328941912675266               20
  0.98558400382372646               21
   1.2433604304587080               17
  0.33567883185484942               23
  0.82296606868284794               16
  0.62820774887535835               20
  0.71849719114848742               22
  0.91377658780994220               20
  0.67810255716351575               21
  0.76577214536148119               17
  0.27227835838223907               19
  0.49224410399119956               19
  0.70768374240274257               22
  0.60610123418664164               19
  0.63317791652310518               20
  0.72122640079675504               22
  0.45835660335557321               24
  0.43923389852071582               22
  0.25157409622200549               20
   6.9913958973804938E-002          16
  0.57914742580515666               22
  0.53574582987787733               20
  0.63300368660270745               21
  0.39953218337601509               20
   1.0405226023946008               18
  0.54767949962815865               23
  0.92935830551986087               19
  0.91907889616077032               18
  0.99094042683195493               17
   1.0438110409975423               20
  0.95359913679012076               20
  0.84269504995284528               25
  0.91723947445842002               22
  0.86592750828557163               21
  0.80220668212725299               22
   1.1369423478294671               16
  0.84615515949373499               22
  0.74159403238100674               20
   1.1612470098462633               19
   1.1007861865562232               19
  0.90171522799708370               20
   1.0216224366075481               15
   1.1599464570461104               14
  0.75357113985792989               18
  0.89406255157834547               19
  0.88948595836541544               18
  0.85933224640054451               22
  0.74271372267084257               20
  0.86219578766225424               16
  0.50780075469418984               19
  0.74870986013633734               21
  0.88774562119517597               19
  0.86104002627934817               17
  0.73133346466729110               19
  0.85238835590425532               21
  0.63981021510302061               22
  0.27123437467161671               21
  0.75522382561551282               20
  0.31667764497519929               14
  0.46815575850365854               20
  0.48992014077346829               24
  0.75718213485588193               21
  0.36533127968717588               15
  0.53187111312343771               28
  0.40086519978512525               19
  0.59381517229504954               20
  0.59579408707147441               20
  0.31554640516489962               19
  0.36055180330523751               19
  0.76029245424951863               18
  0.53288947546235976               20
  0.73540015551307070               20
  0.77105720030769931               18
  0.56184579903127085               23
  0.47572606668832113               18
  0.70696815747088926               20
  0.73392930932220379               22
  0.70958380171578750               20
  0.98595731230802020               21
  0.48051897316887254               17
  0.89736759184002479               20
   1.0605568400578909               17
  0.75078795605114457               21
  0.72842091740775883               21
   1.2044754373454789               20
  0.59289168868374897               20
  0.69193130462981045               21
   1.1201940432521309               17
  0.82120740961044381               22
  0.84826320101915875               23
  0.82884041518071072               22
   1.0451840868843838               18
   1.0898455535139489               21
  0.80900954231299838               21
  0.88494128664571825               16
  0.92199953116380229               22
  0.77746604542322706               17
  0.85228275446151824               22
  0.94459682479271423               21
  0.65979904604243089               21
  0.99009805577447962               20
  0.26723324875893423               18
  0.47106094094819656               21
  0.51619961449615581               22
   1.1569833266386598               16
  0.64090552181652238               23
  0.86471040125341747               20
  0.38413287870161444               24
  0.59565862402418379               20
  0.76845370572952976               17
  0.68590330588844994               22
  0.45856740809636898               20
  0.21799105367447408               17
  0.50673869400132432               24
  0.33317953512543025               20
  0.55133466461144698               20
  0.88147036915277110               19
  0.73561222337526333               20
  0.21742034015784301               18
  0.32938932458009518               20
  0.80049486720888419               19
  0.46171113063451885               20
  0.49597440777541857               19
  0.82073721309189440               23
  0.49331793187461997               25
  0.60728086050526986               21
  0.95504286367987545               18
   1.0311014553443523               19
  0.77290542545426388               23
   1.0675115232815457               16
   1.0058009876853518               18
  0.66539433496597433               17
  0.84302830991004818               25
  0.84446907345801325               22
  0.98699566957907270               18
  0.79888484995440956               21
  0.66562322043874922               17
   1.0117907172060550               18
   1.1304522207203356               20
   1.0594214689725843               17
  0.82560744997263702               23
  0.98701600769808251               20
   1.2000766123653357               15
  0.99402431662919577               19
  0.72511227198293204               22
  0.90349451575770656               21
   1.0464773179686289               17
  0.34927325246197716               20
  0.70230984420138254               15
  0.80687592263147356               21
   1.1454106715493879               16
  0.67863195889127659               20
   1.0653833827708397               21
  0.63233800802049867               19
  0.58938025901425894               21
  0.78946954114943657               15
  0.53224365720956479               18
  0.68833924783144629               19
  0.50188647616276094               19
  0.36024427753254762               18
  0.70556131642149289               22
  0.45461272601919633               20
  0.38714684417607964               18
  0.51181557486057749               24
  0.66154861655241504               21
  0.16720667835508413               14
  0.60935106200653000               18
  0.69883864258457129               20
  0.30296629143093390               20
  0.53276505592685108               21
  0.34322999540727966               19
  0.22443642211194464               16
  0.85616707269578984               19
  0.41199016109551062               18
  0.57471482056680634               19
  0.75605103794948847               20
  0.89267301506849384               22
  0.40760745772743973               21
   1.0295506740078819               18
  0.76702592502285782               25
  0.67248146737087655               20
  0.40471023339716350               17
   1.0366435192875523               16
  0.84417850847460163               20
  0.82670152073667402               24
   1.1975259655990425               18
  0.65055818273539689               21
  0.99369031847413269               16
  0.94102415584721366               19
  0.85078888951342413               20
  0.74401929592006677               21
  0.94261635238197028               17
   1.0028016258816055               17
  0.93409884172317104               19
  0.98250140562160759               19
  0.88560063139085621               16
   1.1017331596380939               19
  0.69901171608738266               17
  0.66783731639170241               23
  0.57536582822016158               22
  0.93153226621846896               19
  0.44202782130127011               23
  0.61334383219639266               21
  0.91136020323428135               18
  0.57733921898238794               22
  0.65042374491814292               20
  0.57620532645496569               16
  0.60176732631814556               24
  0.88146886528721302               24
  0.38092213444359430               17
  0.41552465647510645               16
  0.62890644442023969               21
  0.28415166743512782               20
  0.40551183126128942               21
  0.54931401010325387               19
  0.70472674155154358               21
  0.44732637369611755               25
  0.51333036947051613               17
  0.38687698034378626               18
  0.81132960235682883               20
  0.45887977080610604               18
  0.56499922758837084               23
  0.77474782338794068               19
  0.65396836029494121               18
  0.41400965973607479               21
  0.45001354616420686               18
  0.57168074443085770               17
  0.67085769625727509               18
  0.74457662803517821               20
  0.71846048518542494               20
  0.85349668572865034               21
  0.75748196246007404               25
  0.78053032250448917               22
  0.96819747363643072               19
  0.50962692898429629               20
  0.36772914373908222               17
  0.82529573273677492               23
  0.93600447642242679               15
  0.97456662556911056               19
   1.0708064051574986               18
  0.86814894477148608               22
  0.69512948164537725               19
  0.44135582729636125               19
  0.76856538577213296               18
   1.0816489060230328               16
  0.98760783922301354               21
   1.0580505328793492               17
  0.54505579510834956               25
  0.79460421534529901               21
  0.70493437321088459               22
  0.74950641826790287               15
  0.39233981143797342               21
  0.47781134365224448               18
  0.42498126431600319               21
  0.51746303708383456               19
  0.58111994480991114               23
  0.66697368440048732               19
  0.39681328091077128               17
  0.65175896962655611               16
  0.55926064812341525               22
  0.51245782915644233               20
  0.25613980430563577               15
   9.0406498078055730E-002          20
  0.36827597144266611               21
  0.24640941111525450               20
  0.55087871956409762               21
  0.39932085598646727               21
  0.40651180670087311               21
  0.43220063859922403               22
  0.25207090154862416               17
  0.22169485417428456               17
  0.35345427492963621               19
  0.86157170152694551               20
  0.34720049195487696               20
  0.71001030471020909               18
  0.65589761109434630               19
  0.61960855744201160               19
  0.57108324986858083               21
  0.90188872857352309               19
  0.34862508131767689               19
  0.67013063352971824               20
  0.42185524635045174               17
   1.0101421310298102               16
  0.86529268782546809               18
  0.80152691742264015               18
   1.3253792559994588               18
  0.77635731860276502               20
  0.86768712258586422               16
   1.2355107258298597               22
   1.0654517896644673               16
  0.97376171167708359               14
   1.0563938718574100               21
   1.0044626791488764               24
   1.1091349491519285               18
  0.46333094842750761               22
  0.87812234322266303               19
  0.62354657036616201               18
  0.73459801670268288               21
  0.86963498126061411               19
  0.73372726746127548               19
   1.0290990550434025               20
  0.72410564578162140               25
  0.35444633477267751               18
  0.65177321039681380               18
  0.12664318604769587               19
  0.84942834619013130               21
  0.63166821770721193               18
  0.44987572722992936               21
  0.59702797196318846               21
  0.48847135132334352               25
  0.19382045902712725               16
  0.52168957965332341               23
  0.55068730425304735               19
  0.27388501512502639               19
  0.13215665250693651               12
  0.50134715437528032               23
  0.62761610306424254               17
  0.16221286532056639               16
  0.71613905814027101               22
  0.66095013934795199               18
  0.52241570512071400               21
  0.42476748394645292               17
  0.32951364550785189               15
  0.73528064332281595               20
  0.54428675892682776               21
  0.87706753813542171               19
  0.90905629275416666               17
  0.29658400855860201               16
  0.59071074860478878               19
  0.66531829054451486               15
  0.60559353694559503               18
  0.90791332010535042               20
  0.86950953217372839               23
  0.76835437527525674               18
  0.97180302868052448               19
  0.70351294434350820               20
  0.63943282899319620               18
  0.62127149631402412               19
  0.92324508456356524               20
   1.0032664194137184               17
  0.88357130536009121               24
  0.91832603858770623               23
  0.88793031104804365               18
  0.76278683922411694               18
  0.91794402543074161               20
  0.72661974354130821               18
  0.87156396576688344               20
  0.92414192312280852               20
  0.69126273860022636               19
  0.85104516607377134               18
  0.75320129497593791               19
  0.37463004668758593               20
  0.55893460608707357               22
  0.39481455655669156               21
  0.46230065963889905               21
  0.50315597655349964               23
  0.63234239667618908               25
  0.38775134634655190               17
  0.28581029616039899               21
  0.18827595206982470               17
  0.68070548184519364               24
  0.67173694766562897               19
  0.19873449898825857               21
  0.20895709282873709               20
  0.51982994307382224               18
  0.37552929138860108               20
  0.27187177441269234               19
  0.61482672203129729               21
  0.42504832918160218               22
  0.52729487183361956               22
  0.33811236740446232               23
  0.14289527138753114               18
  0.26125158114365105               22
  0.80458231181407447               23
  0.69166214065450704               17
  0.45467013276919327               22
  0.29624474294375591               20
  0.49087435801799917               21
  0.41500850872496620               21
  0.82523149351476077               23
  0.89464573963049709               24
  0.77255030094166088               21
  0.73234440489976793               22
  0.95036517109904339               16
  0.71944047233208197               17
  0.92933048208661495               20
  0.91130932598029046               16
  0.94419020447872226               23
   1.1599831386526556               14
  0.93211055622198657               21
  0.66627092477979832               18
  0.66185777406796165               16
  0.80112946937274021               21
  0.76902773567220040               23
   1.0176017325664428               18
  0.83071605986384789               21
  0.84706211616809612               22
  0.92878277171773804               16
  0.48133936271648825               22
  0.61361031203713423               18
  0.78189390088989852               21
  0.56520629063673655               22
  0.68033714966711889               18
  0.89924562987845236               17
  0.54632972155006021               19
  0.52852212314003855               21
  0.67883977943336127               21
  0.59868524956024538               18
  0.50214474863660907               17
  0.17126613442354460               18
  0.14986789704715195               14
  0.56807695888635890               23
  0.72351118434458683               20
  0.39810177051255580               18
  0.44376884820518142               18
   9.9499439012049454E-002          17
  0.31876269805093971               17
  0.49648229338806632               21
  0.50714981076162013               22
  0.24092844998870924               20
  0.20293791538906872               17
  0.28070810469505980               17
  0.67265307736301116               21
  0.46404214519808290               17
  0.92549833187627228               21
  0.56836870806025142               21
  0.64107398308216490               22
  0.98955866090683842               18
  0.95021060465348794               16
  0.99864232823594778               17
  0.76355429263826669               22
  0.77492025310622326               21
  0.75627250234910126               19
  0.93976735398472011               16
  0.79093127325262824               22
   1.0239343894236903               20
  0.61795539496081353               17
   1.0398270385360426               14
  0.91004562205597095               18
  0.76964317021300888               19
  0.53419342672328851               18
   1.2135386680967841               16
  0.75356458467923648               19
  0.99066492129278494               20
  0.96970047385109770               19
  0.64205350359470448               19
  0.91079087178174278               21
  0.69473847182143667               15
  0.72307871544171864               17
  0.43351293403037683               23
  0.38483108061770055               23
  0.55660031253980058               20
  0.36921431405148220               20
  0.62971437323612234               16
  0.76246682299464330               19
  0.40228564248063531               19
  0.70348230795258759               20
  0.46012724137760125               18
  0.28491545688727898               18
  0.20944155321386559               17
  0.52582310511653585               19
  0.56232048321509942               19
  0.28335842422980589               19
  0.38403815130353258               21
  0.44544500419722316               19
  0.35842360817532054               20
  0.14645088755435709               17
  0.47204846605981116               20
  0.61453950124004864               21
  0.37027642899499558               17
  0.38036784495083364               24
  0.53777704121283898               22
  0.30152872015642879               20
  0.64886797601980928               24
  0.28119145094116099               20
  0.56698619544900752               21
  0.43524143078923239               20
  0.69857548730496244               19
  0.34689060315176085               17
  0.71712660889690572               16
  0.54586100257877634               22
  0.86763562616087431               18
  0.91578310869758350               16
  0.69859905081596863               23
   1.0476171092584503               18
  0.85157324935953027               22
  0.67613684356741122               19
  0.96123693528593690               19
  0.92758250863483271               20
  0.97632850371076940               20
  0.89066244772769732               22
  0.61593481205910749               16
  0.84834492141276840               17
  0.70013953630488657               15
  0.79804487598851026               18
  0.94175232022640964               16
  0.50038467253925956               19
  0.65566704170589574               17
  0.28943146190842289               20
  0.54814418033134904               20
  0.29467706169780283               22
  0.52957362286706433               17
  0.38219822925223146               22
  0.55123077124904152               20
  0.77612433158333682               15
  0.64427684556043718               21
  0.31753683818575695               20
  0.47703965034572665               19
   8.1075171544343003E-002          18
  0.45678417868373999               18
  0.11393323968636640               18
  0.22613607489797685               22
  0.43387512832082836               19
  0.19578862731579053               19
   3.4110417985770698E-002          20
  0.27525314754669233               15
  0.55784817220486294               19
  0.30132247098700377               19
  0.27800593370829152               21
  0.21295336812504204               21
  0.18919394031793432               21
  0.81853028776855430               17
  0.47121569265545843               19
  0.26364604993428281               17
  0.56139748509389809               24
  0.39737692605830993               17
  0.58352848665495660               21
  0.63807395385881338               17
  0.55033794289298099               20
  0.72885993482674716               21
  0.51712840600371579               21
  0.63062033657499073               17
  0.51797057582301975               24
  0.72333404881226493               21
  0.82221030330992873               18
  0.65840982958224870               22
  0.95286048183428840               15
  0.97184768982028202               17
  0.89498053406893641               21
  0.94632975932083119               20
  0.85932004842352561               23
  0.94151968795043728               19
  0.83533232240329536               20
  0.66428165250210913               20
  0.74056803823866757               18
  0.72890715163889119               23
  0.56600124414425645               16
  0.86598493310188396               18
  0.92731317130936608               20
  0.64258379159675061               19
  0.69096851207920928               22
  0.75550961351977730               17
  0.63774060884115047               18
  0.49525288221050218               17
  0.86048844362676880               17
  0.70651184469847772               17
  0.33131934788801354               19
  0.10208037852672081               16
  0.17560625747681155               21
  0.15055429242338636               14
   4.6652860857403271E-002          20
  0.31506171714072451               25
  0.39591260215082463               20
  0.53362906539488153               19
  0.15222013694474046               16
  0.60688900632769927               20
  0.34499323230113532               21
  0.32726631063751144               17
  0.34246972144321364               21
   4.7250948847873044E-002          17
  0.43878321703368312               19
  0.13430069308679363               22
  0.39476446189731051               15
  0.45398590963973168               20
  0.41989318317214225               20
  0.51016296773806136               21
  0.43643575295254250               25
  0.31564533989691285               21
  0.34533717635568961               20
  0.89187970614514367               18
  0.46075507721734965               20
  0.47137257853462816               20
  0.81913107698175236               24
  0.88358905069496652               19
  0.81473713525868185               20
  0.62022962938041193               18
  0.82623488140264922               19
   1.0320440438191190               16
  0.83856782235962479               18
  0.78382313595440523               19
  0.90616609092893630               21
  0.56559281773094250               17
  0.55210661302408681               17
  0.85188466438065213               20
  0.76768054478873560               16
  0.82201539848110683               21
  0.36802219780058587               21
   1.0123107266452103               16
  0.77997936894999531               19
  0.84720003333043559               22
  0.95427623566757291               23
  0.25181325044861547               20
  0.96335861413076485               16
  0.68357959776954935               17
  0.97328290361574832               15
  0.62405518974581498               26
  0.40485251409374307               23
  0.50418651623967647               22
  0.54905488546222747               20
  0.40015844610401630               16
  0.51883008101602968               19
  0.39453821645082310               18
  0.10278209592511994               17
  0.16109620362822930               17
  0.12460219400867477               18
  0.13392874740402780               17
  0.19890051572954162               18
  0.25717255901024821               22
  0.28202336199952016               18
   3.2494314950323580E-002          19
  0.28017904500245611               15
  0.36022072254565007               19
  0.23416192256997709               19
  0.39157792597269547               19
  0.60070908738856543               18
  0.49364199279728976               19
  0.38733381354243385               22
  0.60570110428959234               22
  0.33962593716568285               21
  0.64001821811644566               17
  0.61095692751102126               19
  0.54962537908673903               18
  0.46267362904632942               22
  0.63478949702839271               18
  0.83252555553265495               17
  0.76192173870176871               19
   1.0854482145574578               16
  0.82603225970660243               22
  0.78447494878053559               21
   1.0344051486242654               17
  0.47535716292025160               19
  0.98870268457166444               20
  0.87980250632141910               17
  0.95782503734797575               15
  0.78266014247332305               19
  0.90894841370804469               18
  0.97016801762595861               16
  0.79180972868809707               17
  0.68373590488085401               17
  0.54489577486759200               17
   1.0742310002654332               20
  0.21939695311364482               19
  0.63802033685213677               21
  0.79511026015179909               20
  0.47427859171496894               24
  0.28945022344129112               20
  0.57577728359387970               20
  0.59413747794445926               17
  0.36705406250696382               23
  0.38447029259950621               22
  0.50733922103448259               18
  0.24940414104321174               17
  0.22405690291931540               21
  0.41973569705185332               19
  0.46157897760307942               17
  0.23763197420783222               19
  0.17201625362577030               18
  0.20557581478243450               18
  0.38808424240833089               21
  0.20943629691827340               16
  0.63747869464841822               20
  0.33113433984664981               21
  0.57973146482343496               19
  0.75695232689700986               19
  0.48287689957740920               19
  0.12513752526249772               19
  0.42099990861813169               22
  0.46922384946106349               17
  0.66211492043444575               21
  0.81440696786474676               18
  0.68160253314038399               19
  0.30829229781497108               20
  0.71953376412053860               17
  0.88013235693559422               15
  0.80316282533956895               20
  0.84091817186959095               24
  0.85817020068486949               18
  0.74590648800111004               16
  0.62019625282387403               18
  0.92182761709316985               15
  0.57766486452936283               20
  0.84410406409442795               16
  0.69883244926668386               21
  0.82634821938277636               15
  0.95817851884735450               19
  0.94772108969916580               16
  0.60084212864768771               20
  0.61483406714397426               21
  0.66298811570221350               17
  0.77423944098876318               18
  0.47361099251368655               23
  0.33006716451451285               21
  0.55339466312852503               19
  0.49193080217411889               17
  0.72424668430027983               18
  0.22888292237481231               23
  0.66658848948042693               16
   3.7577219274422806E-002          20
  0.44276533722829375               20
  0.31385827582487191               22
  0.53133454259879442               18
  0.33342066614387134               22
  0.44931008632812813               20
  0.51249926074612839               21
  0.23119557465039847               20
  0.16525762525600238               21
  0.63532378999539596               20
  0.24243557270123414               17
  0.29697381386525967               22
  0.47593595618062107               23
  0.16678113732994287               20
  0.11890906960661378               19
  0.43569877713533517               23
  0.32959567438750098               16
  0.23650131887419137               19
  0.32787698115357133               19
  0.71498671562463434               22
  0.48294423494963906               23
  0.37889462307478922               19
  0.82561717951296854               20
  0.30497356706821421               20
  0.57153054333366970               19
  0.98860127652061291               21
  0.56299885555162865               20
  0.42299258744398954               23
  0.88973714609195420               20
  0.77832741488820267               22
  0.50215402363650363               20
  0.86722664747432254               17
  0.94853491365654574               18
  0.96334134231678237               14
  0.73832900533700896               18
  0.87251232453361838               22
   1.0047630844306217               19
  0.99505277950769722               19
  0.64088818233817546               22
  0.29852515959451792               20
  0.57807338819485854               18
  0.59488341016172541               18
  0.65856191782148399               17
  0.64461253815131414               17
  0.69174450763275486               19
  0.45575577720514393               18
  0.24008412242183816               20
  0.56058054619132180               19
  0.59310374253378650               21
  0.62151725696084081               23
  0.60024906652819965               21
  0.16612372489265650               16
  0.59670660041934509               20
  0.17826120018993649               16
   8.6558800261368571E-002          19
  0.28214926975269711               21
   6.5470837369883669E-002          20
  0.25127682912203980               23
  0.34138156566180167               22
  0.20306189154049675               22
  0.47355788701650153               22
  0.27720420859103451               16
  0.48437035385443566               17
  0.50276810916781856               19
  0.36236606981846631               17
  0.23529236511051174               18
  0.25576973774508865               21
  0.35212315106552028               19
  0.30334102408665498               20
  0.57687206588565276               16
  0.28877257622856334               18
  0.16786030692005294               18
  0.63437776269268775               20
  0.19509237063185916               18
  0.58116939880384189               18
  0.72911635427715471               21
  0.74535724580370299               20
  0.77720133500581590               20
  0.95412732633024444               18
  0.95800089369649377               14
  0.76926318531757365               21
  0.56304315020468343               20
  0.96779084096445755               15
  0.64190318702171556               16
  0.33889928207025855               17
  0.93504759920784253               21
  0.76592982769380535               22
  0.86036051825604953               21
  0.81267685155969360               19
  0.53957748103574665               21
  0.70661800339832714               20
  0.69734708553746660               20
  0.60230367924010775               17
  0.51896773875107705               20
  0.83758405292407623               17
  0.72326271302238143               17
  0.33091639410588664               23
  0.52947436135109993               20
  0.77781172463737602               18
  0.28966202457967183               22
  0.43293563602248558               21
  0.31609195013625002               21
  0.20928961384805855               19
  0.47522171240327782               19
  0.51810849817136950               22
  0.42619411347888647               18
  0.25216889241451579               23
  0.47036936555744807               22
  0.14429093752032510               20
  0.45619772752938670               18
  0.11368868953332240               17
  0.14400200989941558               18
  0.10097702932836775               19
  0.46072820260719316               17
  0.53333741443200500               25
  0.13765635307688207               19
  0.40684776617851459               17
  0.35961791263566656               16
  0.58737287733705390               20
  0.38379402769211485               20
  0.33603525333859152               18
  0.55676705474706023               18
  0.34410371408628548               18
  0.37189107234786417               22
  0.68871131371464767               27
   1.0368290985377506               17
  0.77065228841724609               22
  0.54479211752431533               19
  0.86774086343890988               17
  0.80824508541405171               21
  0.76992128519808867               20
  0.95425913694275033               20
  0.80498925675776045               19
  0.60456954366217308               18
  0.62520310138600699               18
  0.98965107357408799               18
  0.89189910944512518               18
  0.93995823840537218               16
  0.71191629176787885               18
  0.68507664207899277               22
  0.90839633686266941               22
  0.44259855291726008               20
  0.53043794357376706               23
   1.0381005016445490               18
  0.24908821833639780               19
  0.29213388747532321               23
  0.45907967354001422               22
  0.35243855038271760               22
  0.11146196306759421               18
  0.40493757340390285               23
  0.40783557733766251               17
  0.67418584513604407               17
  0.35821854390898694               22
  0.64781877818319311               18
  0.39924956399672118               19
   7.7556167692119121E-002          18
  0.24905539506798818               16
  0.19844899453734363               18
  0.40705081186490227               17
  0.33789209568325940               18
  0.36726883898602797               19
  0.15780286722219591               14
  0.27700524610237459               18
  0.40612219268986549               19
  0.15405548373845840               18
  0.50528260212287091               21
  0.16006792515697954               19
  0.45243411761875263               21
  0.11828027861920443               19
  0.53354659101893076               17
  0.15002417197173709               20
  0.35092053517137689               21
  0.43881264661937630               22
  0.56239531733896619               21
  0.58828990895906585               23
  0.36310043665560660               20
  0.77298942267039350               21
  0.72702109765590883               23
  0.70932050954738324               18
  0.97553667205052219               15
  0.94053749737256120               19
  0.93086360898166054               16
  0.69745257061780608               20
  0.78145595471921592               20
  0.92997670307518809               16
  0.80039164737172541               17
  0.64728831362666950               20
  0.66961236878494934               19
  0.78231195130179387               20
  0.82622996567064666               19
  0.73619756605611275               21
  0.85274032046951731               18
  0.80433264822280415               18
  0.73311752782482087               15
  0.87730115572865941               17
  0.78175236012626603               16
  0.47445332689227054               20
  0.56744056633255413               18
  0.16599671563648405               23
  0.42049871462814070               20
  0.36522165131068884               19
  0.34383474266100272               20
  0.68563289311781461               16
  0.47224878919866026               22
  0.45143161295973699               22
  0.22792747078213374               19
  0.32962455794109902               20
  0.47010685793037121               21
  0.44552828569362485               17
  0.29539016740238444               21
  0.20141067599530649               19
  0.46502100698721799               27
  0.50182095483653222               18
  0.26600587158092037               19
  0.46842252288922742               17
  0.70394139826261459               18
  0.37346790176829603               21
  0.30729130824224921               22
  0.32522930360730201               20
  0.46903271818921605               19
  0.54210328838203170               19
  0.87569431962129474               15
  0.23456195940502111               17
  0.84033769569277939               20
  0.89630322175271659               16
  0.70785374684136149               19
  0.92581308807360907               15
  0.74351366325138368               21
  0.76804167761636699               21
  0.76900613502626913               21
  0.93533247184378732               20
  0.84611234411669289               19
   1.0604645042946670               19
  0.73845963438720064               23
  0.92729668308031699               24
  0.89008001409045445               18
  0.90045212195581459               16
  0.96841589797327166               15
  0.88652756967460788               21
  0.79660612437285061               16
   1.0383351547943604               18
  0.78346758026177499               17
  0.89549189548693320               22
  0.40533824298699223               22
  0.66569560224335300               16
  0.93516911438984873               21
  0.60670771494553244               22
  0.84457220211533124               20
  0.88684057875043987               19
  0.71008497067609355               22
  0.42372742970432076               19
  0.65685551482175153               19
  0.54555176214382106               17
  0.21207530963675014               22
  0.33253951033163187               19
  0.44295054746961587               19
  0.20002258961311226               14
  0.28949896912429290               22
  0.58847662907194020               18
  0.17243703061828333               18
  0.29969243682635355               20
   5.7136923895091458E-002          18
  0.33926594038728763               22
  0.28720864229674131               20
  0.45694368568147797               21
  0.22493444820046579               16
  0.27060870624896122               17
  0.39766589560692189               19
  0.36975568698893613               17
  0.45913480339334778               20
  0.52364828049411638               20
  0.52105849299004492               19
  0.37365781867966419               19
  0.95186217965301190               15
  0.70671738074227719               21
  0.80602075009502150               22
  0.51684948348087945               18
  0.86358729582476956               19
  0.91822545975370173               21
  0.89352021005759819               17
  0.60120244680310309               20
  0.76399425320526004               23
  0.87081605198031509               20
  0.46875218653700362               25
  0.79750483486992652               21
  0.98249846503860050               17
  0.86512699451646047               20
  0.96179677754947823               22
  0.87392360799964641               17
  0.67084760326520898               20
  0.92695625774679768               16
  0.78125428423057519               20
  0.91223392605995257               19
  0.65967713625925162               21
  0.95495350882410757               18
  0.54796917337869422               21
  0.80746619766397421               17
  0.51881232232172780               19
  0.40774223406141347               20
  0.76340954925574200               17
  0.32176178403092520               19
  0.37241991452588585               21
  0.58904860756776278               21
  0.23104155961754302               21
  0.24942868663354273               20
   5.0451051824326208E-002          19
  0.14157017066441943               17
  0.60991446321070919               23
  0.47482642461152025               18
  0.27971491442736307               21
  0.18332416915878738               21
  0.30571998177214088               18
  0.37995091346189214               23
  0.27877435907475007               21
  0.54500045327893243               18
  0.26401853179805662               17
  0.33280066338067044               20
  0.43876838463988749               18
  0.61290902295471272               20
  0.47296809801443790               17
  0.17405107346007639               16
  0.63177733375690348               23
  0.76280740197656938               18
  0.57419464624804439               16
  0.82461390925610167               20
  0.59942211954818270               19
  0.47587969261767404               22
   1.0255611996174570               18
  0.52048359477084150               20
  0.93220284505202045               17
  0.77294771060499867               19
  0.96974445541285215               15
   1.0901607964517346               17
  0.88215832992684096               21
  0.94010608817332986               19
  0.94008071441765118               17
   1.0690922382434518               15
  0.89397476181594193               21
  0.92500516258871657               23
  0.76135633363968480               19
  0.74070043360915783               19
  0.63145896075436458               17
  0.89724512179830096               17
  0.91372251764650048               17
  0.60948896405060649               18
  0.63487641359777147               22
  0.70847266485938953               18
  0.50277747358979952               20
  0.64962639482048579               17
  0.87601590162065046               19
  0.51409763713007250               19
  0.49622823514394993               21
  0.31927429245207850               16
  0.23943878157013718               23
  0.73317946875595308               15
  0.42496949161502934               19
  0.25652820255514097               23
  0.39797897072945876               20
  0.30664797107075681               19
  0.32543606167970779               21
  0.30394954809343139               21
  0.44125830298839797               20
  0.72278092276048300               16
  0.48850638501900900               16
  0.24884997508728282               23
  0.87589585220421895               19
  0.46663429767219844               18
  0.48385088029005879               20
  0.58995044252394968               18
  0.38406037748170641               16
  0.51514063248919850               22
  0.67029373676011672               20
  0.37152222325305212               17
  0.26944400596687473               21
  0.58830031188649279               19
  0.92216242099649737               19
  0.65484001993757968               17
  0.93282986141269408               16
  0.86319557571161487               19
  0.79050278560595921               21
  0.61961593081555444               18
   1.1062797303639333               14
  0.88573573301862307               18
  0.75167689818457906               26
  0.94121103859578581               19
  0.91790388514936305               18
  0.73446400662163258               19
  0.91155892213898415               17
  0.49846087747453416               19
  0.70864448335752250               17
  0.81089782695118928               18
  0.41526392219597941               19
  0.59744895217931671               18
  0.47822598475922895               18
  0.66342022979638160               21
  0.53606297534332537               20
  0.98926536031222556               18
  0.76905607307203272               21
  0.81355208387057276               12
  0.78451569534561794               22
  0.69537743075568370               17
  0.56765765355897024               20
  0.31634829335299236               18
  0.42798265012484349               17
  0.40801729093873718               20
  0.32155836512005459               19
  0.61688966356039332               21
  0.42290080954059212               20
  0.12605537042692957               20
  0.20732498517514980               20
  0.38465630385993221               19
  0.26031199556804974               22
  0.38745256957380808               22
  0.41739841828867119               21
  0.77205340452783622               17
   7.2669277708354574E-002          19
  0.66670795980278574               20
  0.31369393951976404               22
  0.34062269718117044               20
  0.25301005130896431               19
  0.69002794907148435               21
  0.79073424809478376               22
  0.67225420359744614               25
  0.91707457773302625               16
  0.69901392529152240               25
  0.88367919577714726               17
  0.65548850227534439               20
  0.71886507509002218               16
  0.86904302658311117               17
  0.85418327162807517               20
  0.77527087276105244               21
  0.73141460150308146               28
  0.97940070678382440               17
  0.88232802611327432               19
   1.1094428134757346               16
  0.87481202596021834               22
  0.64719342714808314               21
  0.88673601218970066               20
  0.81277030115473603               17
   1.1290352249155917               15
  0.83459720833110851               21
  0.58332564437111445               18
  0.92069920514675696               19
  0.81849602378363628               20
  0.81873342691513173               18
  0.48351147169166503               20
  0.49426231261561004               19
  0.47536179606407997               20
  0.67609523578234276               22
  0.86186766751427524               21
  0.76526591390619425               21
  0.70615768381013189               17
  0.83220454315622683               23
  0.21006548943375411               20
  0.28001227363301817               25
  0.46902334240475746               17
   5.4874732113809166E-002          18
  0.21139344435908908               21
  0.58917534064532862               17
  0.38936470589977623               17
  0.38654885259902066               24
  0.66872108194826341               22
  0.66277807083245144               17
  0.23738390555620839               22
  0.48612069803563873               17
  0.57551576450414943               20
  0.70785903764848335               22
  0.57963987966745634               19
  0.82185153235846753               20
  0.57147022698487404               17
  0.69048173499597798               20
  0.58075690920537115               19
  0.67343897387630303               17
  0.67123204599160702               23
  0.72178175392890231               26
  0.78458022666217364               21
  0.51571542596813635               23
  0.98256390318287823               22
  0.84066778051905500               17
  0.77561033959158621               21
  0.52893778138595415               18
  0.95619166148827583               19
  0.87396373444408493               15
  0.98414631924227780               22
   1.0017070595650444               16
  0.95952508460680508               16
  0.90687242277737923               22
  0.90178471399867222               17
   1.0897675400555416               19
  0.97224709767835038               20
   1.0119728581864642               18
  0.94994018373581146               22
  0.80684172829534584               16
  0.52916451668807596               22
  0.49478340855477204               19
  0.83401159654168244               12
  0.64053741323687374               22
  0.26594067968547180               19
  0.80112505406631307               17
  0.92631009318174384               21
  0.35876869019849650               19
  0.54738068203650381               20
  0.53363752269554843               17
  0.22180881277939965               20
  0.48699356570959113               20
  0.38977646042589842               18
  0.67320465713622557               18
  0.61803526978323242               19
  0.31444845232221508               19
  0.52688212045411698               18
  0.50798567849226850               17
  0.72419475200618089               18
  0.60017166466445571               19
  0.93941249668289573               15
  0.70394941036685843               20
  0.63103365764210750               20
  0.66658245758182988               19
   1.0535223330332733               22
  0.48971887975458156               22
  0.56644453345965806               20
  0.62545102163009725               20
  0.53514966511701956               18
  0.83090564939541400               21
  0.67959478385035521               20
  0.77805464419793136               15
  0.85806957419518293               14
  0.46705026950245820               18
  0.98913227368001400               19
  0.75283351923747432               24
  0.71011044456800931               24
  0.81540459501742013               21
  0.71728405078535373               18
  0.97725447094801365               18
  0.98830247220722722               17
  0.96007332553259439               19
  0.96196985994800743               18
  0.87062117261516914               20
   1.0131835607821635               18
  0.78666708265883123               19
  0.70037876605463112               22
  0.63295615010031081               18
   1.0561663441169282               18
   1.1220978720110857               16
  0.91647413805131672               19
  0.70739430983061835               21
  0.47861128127387265               20
  0.69192730633790589               22
   1.0797082686308521               15
  0.59799594243759502               18
  0.50310021522196868               20
  0.83098205028460226               17
  0.52128737630391531               19
  0.47672889316893846               19
  0.22494916359431372               19
  0.64619586239272619               20
  0.58358145494331326               23
  0.50639118356556589               21
  0.15689180865150446               21
  0.39272060820589905               19
  0.60640354927724915               15
  0.74588875971954460               21
  0.44989146558290205               19
  0.28826194985195608               19
  0.80436093047525181               15
  0.23607220751570240               17
  0.93109287679786923               17
  0.62777562878867899               18
  0.65324591049165659               22
  0.29862396001123115               20
  0.67608769125455415               21
  0.10241977648898254               19
  0.97528187611026607               14
  0.70582551008141681               26
  0.53593741825183250               21
  0.87429859381476571               18
  0.68172469299716731               22
   1.0762994923427973               18
  0.97554640486612254               21
  0.88583230000025015               19
  0.92694781291605910               20
   1.0286870809164264               21
  0.91710545170056401               21
  0.87086447944654455               19
  0.75006794040111713               18
  0.77355274365193127               19
  0.92373833475131251               18
  0.96702499551688581               16
  0.98147218975585093               18
  0.92228129119728619               19
   1.1102124969488929               16
   1.0267080224354714               17
   1.1598637102944682               18
  0.89200949093557158               18
  0.67761233673274834               17
  0.60275053604702311               21
  0.86405926462948057               22
  0.80351370904116592               17
  0.58650786494131180               21
   1.1446078924451017               17
  0.77047532812023578               16
  0.89924054432843226               20
  0.60875091433062523               22
  0.43402867521916727               20
  0.82707329693872278               20
  0.35748583218761615               20
  0.39827803877380008               19
   5.2702344342351590E-002          17
  0.42908480016338646               19
  0.37136748862956459               19
  0.59422037484762147               19
  0.74941500591000709               17
  0.89671457680090316               19
  0.64897093416921015               20
  0.45537870608699743               18
  0.53437298759587071               23
  0.54713334798666557               18
  0.90099285775084614               15
  0.61397152843556402               20
  0.81807350077900498               17
  0.74575871282357054               18
  0.85538550146419379               16
  0.48496581725179294               17
  0.42516615773207839               21
  0.50834129350104074               16
  0.27798547273094409               15
  0.72289255634466421               25
  0.89977465021145242               18
   1.1991929379737554               19
   1.0881127226074749               22
  0.83472956981719348               20
  0.74681033342752323               20
   1.0078250592494669               18
   1.1830762032708650               19
  0.82536984588531959               20
  0.88383400593453509               21
  0.91329291764599263               20
   1.0188508119109541               18
   1.0734603611214661               15
   1.0571282918074185               19
   1.1217049287153960               15
  0.80488717402926757               19
  0.98633151799129593               21
  0.47439920467551372               19
  0.58492927696060260               17
  0.92127409598211663               20
  0.76568245323352879               16
  0.93162237656480518               17
  0.57256563266307525               19
  0.70352054354901394               19
  0.76218218592143050               19
  0.89240589584841434               21
  0.43569306500003080               19
  0.38805419494316434               20
  0.59261989959728778               17
  0.26220510779609130               22
  0.88255792868410632               21
  0.47541496646653103               22
  0.54654441161886880               18
  0.85444910674909169               19
  0.41558701140840187               17
  0.56398161499768273               20
  0.74341655989334099               18
  0.90908877907964880               16
  0.48937579611419513               20
  0.15605116348230799               18
  0.53317468871160445               24
  0.22018559850643135               22
  0.23703591164608881               19
  0.52059528087725127               21
  0.53631217250572338               22
  0.76812103806518661               19
  0.71072883465333070               21
  0.85083055273164399               17
   1.0871509327288316               15
   1.0226673560008399               20
   1.0251958457075079               20
  0.94533884636398924               20
   1.0166737065562117               23
   1.0372478966113123               22
   1.2656939741645354               15
  0.99678066141646859               21
  0.98182442007491755               17
   1.0981583363815579               14
   1.0115455597063452               20
   1.2255582834488485               21
  0.95721863275603247               19
  0.95129818099994490               18
  0.78172617044322612               17
   1.1090551985726429               17
  0.67288573869853574               18
  0.89445844514948147               23
   1.0452157197340564               16
  0.97905305119049313               22
  0.52676868476857230               19
  0.44889841443111461               18
  0.78492980881245777               19
  0.67339646910714979               19
  0.84856676976816892               21
  0.76793951122420545               22
  0.63123089488198025               16
  0.53291271621391989               22
  0.73597018929944724               17
  0.87376811878844529               22
  0.41069034341461291               21
  0.45740965332306804               22
  0.60910980108935930               21
  0.69284666845239140               19
  0.89526755925796253               26
  0.62760749639434821               19
  0.54955785817364855               20
  0.54173631991630911               18
  0.61882031949560479               17
  0.89256650026860040               20
  0.62081996984436227               21
  0.78064597716586137               17
  0.60740866577003516               18
  0.73063916041012000               19
  0.75495850058908998               20
  0.89687493959157538               15
  0.80237810951358968               18
  0.46107480637891035               17
  0.76266847071856136               21
  0.80393474331997861               18
  0.94490904300583523               16
  0.53771673611129311               19
  0.68137291218312868               23
   1.1875504539585122               15
  0.80556494659346900               24
  0.93436357603048481               18
  0.82154563283088755               19
   1.2592129997412411               15
   1.0615793470202837               21
   1.0598181836295997               23
  0.69523634977186211               24
   1.0848080439315158               16
   1.0344811377674870               17
   1.0947459522174199               16
  0.88889512585041230               19
  0.83103949540558297               14
  0.82236264395711822               19
   1.0161664807230648               17
  0.59942025199278737               21
  0.97683931739602836               22
   1.0415502791482905               15
  0.74678963064352111               16
  0.73694153674535179               20
  0.62044941206792525               21
  0.53266320942800172               20
   1.0300160592731609               20
  0.71418694451829490               16
  0.81332412941262766               21
  0.90324104788836612               20
  0.71256399774018853               17
  0.62618916095698751               18
  0.39431995264668801               23
  0.56528814486335754               19
   1.0037521067445494               18
  0.72943169806395003               14
  0.63171862856238803               17
  0.28597945349838316               21
  0.39950916324550617               20
  0.79118702813578889               17
  0.97488603709155131               17
  0.74286505429419092               21
  0.87431262796252085               18
  0.82617980882156683               16
  0.67099871962699909               23
  0.99567759342359829               19
  0.37428172618230687               21
  0.60734150637999751               19
  0.56122001500693908               20
  0.72221245751121632               22
  0.61713001868784911               18
  0.85414098332467536               17
   1.1065083978082104               21
   1.1526845048847913               21
  0.68736760250683271               20
  0.80467236532840247               17
   1.0888341944380782               16
   1.1230121499616341               20
  0.99712938405926799               20
   1.0224675725596406               21
  0.92606753266815200               17
  0.99271637425738113               18
  0.85598811302056688               17
   1.0030389646784763               18
  0.91413512501377103               17
  0.77477520577910597               18
   1.1991577789170595               15
  0.81297624141367186               22
  0.90504465330468120               17
   1.0188015605355056               17
  0.71077673566573130               16
  0.89667446441267507               19
   1.0615404125525392               18
  0.73727493932469257               21
   1.0101370775664380               17
   1.2137301163029921               13
  0.96452544000484086               16
  0.60305951231816335               16
  0.91758919232383529               18
  0.53901701108581557               19
   1.0212541853648840               16
  0.64938075804532036               17
  0.98905582000809067               15
  0.80947347305918449               16
  0.92062344504188887               13
  0.26786025503611016               21
  0.61369875803011198               20
  0.88311031465915757               19
  0.74938997419743214               20
  0.51363037618653540               20
  0.86953443970790556               18
  0.63210284759272506               19
  0.82232328168129476               18
  0.47640262331480115               20
  0.21477549476036670               20
  0.46560578295738453               19
  0.95583717880426389               21
  0.82426826745494153               19
  0.98208621055362455               23
  0.88352156408698013               18
  0.75531572402738478               20
  0.84479329705666550               18
  0.68833417740482405               20
  0.64683965809068689               23
  0.95274881118199850               20
  0.68068787276175358               21
  0.87909605808702129               20
   1.0292804015974366               20
   1.3040144412495902               15
  0.87184249305990957               18
  0.97835852064108719               20
  0.99962899558577323               24
   1.1731570708277481               18
  0.94664662766844732               16
  0.85958307003695000               23
   1.0635742237432522               15
   1.1302663085021658               19
   1.1335286089511769               19
   1.0119937702088453               18
   1.1083513816212711               15
   1.2663503903991857               18
  0.41443235310440896               20
   1.0464121773726776               17
   1.1206513695037810               19
  0.86087804788064992               22
  0.97691951765725316               19
   1.0073448573648882               19
  0.94585587914682412               21
  0.64339264347547176               19
  0.92277585025780540               18
  0.82301537254385160               21
  0.93768890126049720               19
  0.59933245587290807               21
  0.86099612326430053               18
   1.0058379443776115               17
  0.60569511721440605               19
  0.51262589774196432               17
  0.91183433754966581               17
  0.33339590076457104               19
  0.37676208046828785               17
  0.98857902457977809               14
  0.79342718524967226               18
  0.89164242101204272               15
  0.50770504706577824               19
  0.47202903287139636               16
  0.83955088484530760               16
  0.95763583524853224               15
  0.40518613408270637               21
  0.89763017620469499               17
  0.79765529360272369               16
  0.75927619108546529               24
   1.1615020363593778               16
  0.64926883045981343               19
   1.3370154203259239               14
   1.0407496000709537               20
   1.1030824173400162               23
  0.97796950374328784               17
  0.87936179021429361               14
   1.2688517910602932               16
  0.80915719928321850               20
  0.93597926236405116               20
   1.0598311334093182               17
  0.80722062214277035               17
   1.0267261705162267               17
  0.94925612812322679               15
   1.2757240681606732               17
  0.96492437063599135               20
   1.0437221805323642               13
  0.86687278163199255               21
   1.1751219451024595               21
  0.97256649196148426               21
   1.2302605273800680               18
   1.1830217836576813               15
  0.68937580450540403               20
  0.88931526369417524               19
   1.0546346508029110               17
  0.97897125177226374               18
  0.86119650053243602               20
  0.62202229213776727               21
  0.82516219550970693               21
  0.90430177991227523               19
  0.96322570789139450               26
  0.49142229745878213               20
  0.81592986116728783               19
  0.36988309030469740               19
  0.92205447904093907               14
  0.64209523470041308               18
  0.53963197740739699               19
  0.89798330607453258               20
  0.75554240988544696               18
  0.49570330835627185               20
  0.60243789114435753               17
  0.92388427100144588               19
  0.76682045449276071               19
  0.43641402809929020               22
  0.69908773072924013               19
   1.0073626766769863               21
  0.69247928014682214               18
  0.97894559432644823               18
   1.1468497505280189               17
  0.80934555449291734               20
  0.60335077416302940               18
   1.0308191493072845               20
   1.0214803838896460               17
   1.1007295518451063               22
  0.73004517832777782               24
   1.2021364395789564               18
   1.1462247000654198               21
   1.1301091164404411               21
   1.1818374234934732               17
  0.73485972888330997               21
   1.1845025514225267               14
   1.1890926097821861               18
  0.87594507576834357               19
   1.0778140304667689               19
  0.75094244132794274               20
   1.0827591855829115               16
   1.3517129492500017               15
   1.0305794956080243               20
  0.84742498067396177               18
  0.77396829310577187               17
   1.0706343400984182               15
  0.97801872592171424               22
  0.98116738477942878               19
   1.0650420899185771               20
   1.0309938862400385               18
  0.90146318253395996               20
  0.97893189659531155               23
  0.79944065574087930               16
   1.0413913595369613               15
  0.85487020682541925               19
  0.54640221226484564               19
  0.71722454714828299               17
  0.82798115102548620               17
  0.92008012613430523               20
  0.43956759341453217               18
  0.80997745926565523               16
  0.73880338953744817               17
   1.1411731711390161               16
  0.75930442921667074               19
  0.38774801505063206               22
  0.67406215916391510               20
  0.75514763072742086               18
  0.68976213026471944               17
   1.0366233164541205               16
   1.0154010223716978               19
  0.94154127785161534               18
  0.79372021748654320               18
  0.94972856364097724               20
  0.90325166410798763               17
   1.0047452822440848               18
  0.46226042314472748               20
  0.89180140852636780               18
  0.57871979243417127               18
   1.1973514461876440               17
  0.96592114810198626               23
   1.1532289586211040               18
   1.0692334762658804               23
   1.0475396144229581               18
   1.1468305708143345               15
   1.0450852943630349               17
   1.1209153833566876               16
   1.2365239649053528               17
   1.0962188880068149               17
   1.1948087435848975               15
   1.1345719670358456               18
   1.1483431372506419               17
  0.75264234833828714               20
   1.1222320913533470               19
   1.1816100562706620               17
  0.92959890144683976               17
   1.0103800505595064               16
   1.0396688750071177               18
  0.88770838971427335               21
   1.2778077592243871               16
  0.75146000613292108               18
  0.94163132151214235               21
  0.67232958012527511               18
  0.90163353612350405               18
  0.57126169032016649               20
   1.1231810616442577               18
  0.83762404322251494               17
  0.74361265405008525               18
  0.70210916206648089               19
  0.69889296036272508               16
  0.69692063550723493               17
   1.1221506847657448               16
  0.64375517253228376               16
  0.85927282635499336               18
  0.96942344281333870               17
  0.77608048983089539               14
  0.79104435360064629               19
  0.94658916597320097               17
  0.94119313988365505               21
   1.0725890733395775               23
  0.56646993739531126               18
  0.77411319878097462               19
  0.87514144629608315               15
   1.0071078749607667               20
  0.70431710017294125               20
  0.93686401384431284               17
   1.0465546886928279               15
  0.84179903203042694               17
   1.1873649749161641               19
  0.96725863741592377               18
   1.2341734510431839               15
   1.3192783381105397               15
   1.1299949061190813               13
   1.2105814123632035               16
   1.1352178835344546               20
   1.1402101711486070               22
   1.1661548557579613               18
   1.0171144083455281               12
   1.0181666425761131               17
   1.0201590690982612               20
   1.0205833739060892               19
   1.1514235267405395               16
   1.2428999941417656               19
  0.76777859448469632               17
  0.87267765213175119               20
   1.1389456451753754               18
   1.1395847973634157               16
  0.74058315243551387               18
  0.95133417805859133               22
   1.3102737173505123               14
  0.99249136535950255               19
  0.92654564107604898               18
   1.0884471027163796               20
  0.93310903554978164               14
  0.79070951492636354               20
  0.94246240998216746               15
  0.87838017092396747               17
  0.60022199714640090               20
  0.72331906569366267               20
  0.86855162479527903               18
  0.57327556513688960               18
  0.55516036448703077               21
  0.73243029128453296               20
   1.0446921412986399               18
   1.0054897473463347               16
  0.90110566823410765               17
  0.59881864013917985               20
  0.98205865979642937               14
  0.57532017508824718               19
  0.72545346138219868               19
  0.72255708179263345               18
   1.1216953192569481               20
   1.0250763169828643               21
   1.0919459422172868               22
   1.0136915698641684               22
  0.78632653042237100               19
  0.86456196254775208               18
  0.66210492730865311               19
  0.81881865707145729               18
   1.1770668997002858               16
   1.1466918070944225               21
   1.0422935759109728               21
   1.0145257265742145               15
   1.2064161983589861               17
  0.61495629811907293               21
   1.0350536572931137               23
   1.0767810204836967               18
   1.2070710853137550               16
   1.2151883470907632               20
   1.2266778967968772               15
   1.1602271639894184               20
  0.80745193067078813               21
   1.3058667224464917               18
   1.0819879580686007               20
   1.2854738223734998               15
  0.93481683318255016               20
   1.2617709679292495               13
  0.94410831054756872               25
  0.98154523729667476               20
  0.92824224476376427               20
  0.88195830282134702               20
  0.91607872365725573               24
  0.89889668778724174               21
  0.95207882907247676               23
  0.90028826667165096               20
  0.88320144451125104               19
  0.95404653064069089               17
  0.73842124066757042               18
  0.73105316941109533               18
  0.81985637714952275               20
  0.78434630004563122               16
  0.97394490770352182               17
  0.68806119396972321               20
  0.99493999620984541               17
   1.0478459716151496               16
  0.96562572898187571               16
  0.96198997819533782               16
  0.76748205341296194               17
  0.87684787368133277               19
  0.94932039629181408               17
   1.0999805575653219               22
  0.85342081256642299               17
   1.0127116677436059               17
  0.67865694312252534               22
  0.91270671536040637               18
  0.72839187662757277               20
  0.90217917986030127               18
   1.2946197571117035               14
   1.0080016178419839               25
   1.3319438595123161               17
  0.74543701505006277               23
   1.2375589614478160               16
   1.2820808969941699               16
   1.2188200199612480               19
   1.0678912978621429               21
   1.2404675142789452               18
   1.1794483703385898               17
   1.2013081924878823               18
   1.2366294028229703               18
   1.1417925206100450               15
   1.0815758059726350               17
   1.0826573857619384               20
   1.0944829346760416               15
  0.72078743267148615               18
  0.99688551689001670               19
   1.2879402741991326               14
  0.92157503298715193               19
  0.91165086596942346               15
   1.1428143358614484               19
   1.0550856986923869               20
  0.94958822597389447               15
  0.66261941368783006               15
  0.81752758964068795               18
  0.94166011778766279               20
  0.80959075793401425               17
  0.82943758640174448               19
  0.84129694568567948               16
  0.86437408009041772               14
  0.90149510311396353               14
  0.98820041834746686               19
  0.76667597151908295               20
  0.95840134570349456               15
  0.81569703165581897               17
  0.94390122540271348               15
  0.76823872528050019               20
  0.60478784519562157               22
  0.81377516381455295               21
  0.94914412799391734               17
  0.79189965374357840               21
  0.64393026514408713               21
  0.66160813830624665               24
  0.92972029805664691               21
  0.95684174293711777               17
  0.83444959803304541               18
  0.96089580194503921               22
  0.84759315600513763               16
   1.0831224259206083               16
   1.0299618199803757               19
   1.2560595656625799               18
   1.0771410779446824               16
   1.1553894891722267               19
  0.94855125620647662               20
   1.0850437768741721               25
   1.0549064596304594               21
   1.0739533369041390               26
   1.2833705884518123               13
   1.2582950740558199               16
   1.3076055681684586               13
  0.82048255167128537               23
  0.98576930721528988               20
   1.1515216732889324               15
   1.0204228934609123               18
  0.94142027818428720               16
   1.1657218241170046               18
  0.97459316272453556               19
  0.97838054031857147               19
   1.1758905849738255               19
  0.89212488820646429               18
   1.0483731942174055               16
  0.95046017309568032               16
  0.99000035315301949               19
  0.99273111004635461               17
  0.84797126304671788               19
  0.88916072028696502               19
  0.96472462299337658               14
   1.1838454742661715               16
  0.29280377497637622               22
   9.2044641574531974E-002          18
  0.83479326374082952               19
  0.97957001382276776               18
   1.0172695527298485               16
  0.97023966566851694               21
  0.67914119737687884               18
  0.85260459237428465               20
   1.0450039449899033               19
  0.70248119674466403               17
  0.22557646389346389               23
  0.70383627564681606               19
  0.97286666008288913               15
  0.94167286392923233               15
   1.1373957504037941               21
  0.78505626850062449               17
  0.61103462148556498               19
   1.0693902911561644               23
  0.76819537245222402               20
  0.97657911721294699               23
   1.0049944219740969               15
  0.71670241170922533               25
  0.89020952172903933               18
   1.0417176175096732               15
   1.1818485332753821               16
   1.0715256800267696               21
   1.0664257910592554               14
   1.2050625392211751               16
   1.1415269689034218               16
   1.1344600772505589               20
  0.53254918038197585               21
