  0.99325479280124940               18
   1.2569249858226317               15
   1.3210715964438120               14
   1.1566495820122622               20
  0.76537573298864159               21
  0.94502287132901430               19
   1.0381033401661377               18
   1.0723990397802219               15
  0.51171730205719523               22
  0.91268997000346885               22
   1.1303218774949937               19
  0.82658264196377096               20
  0.90511126679803455               21
   1.2334556387478748               19
  0.81727389698172781               20
  0.69097475588624557               19
  0.82819680181018507               17
  0.95022098974439573               17
  0.84483930082632686               17
  0.96592632412735990               18
  0.79885206260169683               19
  0.62446364655504960               23
  0.83177482761933907               17
  0.71645972837913485               18
  0.88297035228701026               20
  0.87640793648557536               20
  0.92891061263891317               17
  0.95429637389160726               17
  0.86323100842081635               17
  0.77150967555665872               18
   1.0427934697424006               22
  0.67970106526368557               17
   1.1207485771017878               16
  0.74319073338067099               19
  0.52270771292837737               19
  0.94645552107503828               18
  0.53900939457251107               20
  0.73682214456459971               19
  0.79518491207829256               22
   1.0790356988940886               21
   1.0826987227805862               23
  0.60512739136039129               17
   1.2718056717900375               16
  0.99908356714484969               23
   1.0513521946269426               23
   1.1523505490577315               19
  0.60246379739902800               19
  0.86128092038252957               19
   1.0431451018427356               25
  0.92081753516854326               21
   1.2927451923681756               17
   1.0910167804744619               20
   1.3367129687647772               15
  0.99869520787910360               21
   1.0019748599805050               18
  0.97803059061867925               15
   1.2102712360723162               21
   1.1063187228717515               22
  0.89784494325663078               20
   1.0765272518138875               17
  0.94265170360053563               16
  0.67214113447054435               18
   1.1425632965309158               19
  0.99715754923157907               15
   1.0228531406053245               15
  0.96413672161473485               18
  0.87430119620886160               17
  0.56510492957576675               16
  0.71246350081752274               16
  0.84015104784906780               18
  0.73757618763781829               18
  0.87772946687928310               18
  0.65230848072293979               22
  0.66288130183353622               20
  0.89940122356065288               15
  0.93921095914576069               18
  0.84632900759831931               22
  0.89589644528240664               17
  0.80356267625352473               21
  0.74037622268578762               21
  0.77478100339427258               18
  0.51724711699202008               20
  0.94633142627050693               22
  0.77996049584949911               17
  0.93261734905198379               18
  0.81496941009668056               22
  0.83266830322268903               21
  0.82588679949721644               21
  0.84984283481499845               19
   1.1001173484838189               18
   1.1880757718299371               19
  0.96154211222647334               18
   1.0788347711427961               21
   1.2163237509149207               17
   1.0456147879439912               19
   1.2878401922319762               15
   1.3239989056138235               16
  0.95247425271737618               24
   1.1971074176128285               16
   1.0605556963344114               19
   1.1189358828591180               15
   1.2050780262571430               17
   1.1257000514561115               25
   1.1602540529733549               17
   1.2825919552380327               17
   1.1983901268365180               18
  0.89711606101267327               19
   1.0310661309280340               18
  0.99943130214773113               16
  0.74062069871828606               18
  0.92146187123359213               16
   1.0184132099178702               19
  0.60735226549646748               18
  0.70139325331106483               17
   1.0404138149847642               23
  0.89667774497614472               20
  0.80993861640502607               18
  0.82797947108781977               18
   1.0538418417633271               19
  0.77685742578149997               17
  0.74195597938965741               19
  0.65120439399573571               17
  0.94080322098003388               18
  0.89359879936572528               19
  0.70097856464549035               16
  0.69576944823383202               18
  0.79295548370860813               22
  0.92329443527876798               18
  0.94342277847187728               19
  0.54304085657220968               20
  0.72246627802073760               19
  0.96150255133124718               18
   1.0146836000745045               16
  0.49650549117105808               18
  0.67166660766363551               19
  0.97448416727131892               21
  0.88321719299000245               22
   1.1233292268110822               19
   1.1670252858562880               15
  0.93570607924590454               22
   1.1550593705770793               18
   1.0205014776026899               17
  0.77454701224071931               21
   1.2111717042606036               19
  0.96841085470073085               22
  0.94953156389135629               18
   1.0103794007153097               24
   1.2523651874628259               16
   1.0793616921420846               22
  0.92888856397643316               22
   1.0888006927528939               20
  0.94978084175957256               21
   1.1862418763378151               20
   1.0464977957070929               16
   1.1117180310758388               24
   1.0047573575376589               18
  0.90600569371109385               21
  0.75257081194203901               18
  0.96309893626280607               20
  0.65349644528042850               19
   1.1902360152878830               18
  0.92423412394073035               17
   1.1073818136305269               20
  0.63705455340925510               21
  0.76151001725106993               18
  0.79642767771059109               16
  0.85345408396135736               18
  0.91851573216572002               16
  0.81129750959104263               17
  0.76242070318345112               18
  0.96738687803204115               17
  0.65217674448544949               20
  0.88367820572412392               20
  0.36194842338853567               18
  0.96176399459472639               17
  0.50885160288264508               20
  0.42708210216762610               18
  0.41217233690486949               20
  0.69683609331397023               19
  0.90167817080672774               18
  0.72511755122674382               18
  0.97577399193766912               17
  0.85157782515932090               19
  0.57948155232898613               19
  0.31640125436508104               19
  0.92393057210713703               21
  0.95961406346625977               16
  0.98056137976685775               17
  0.54427035302128079               17
  0.81514776397802602               18
   1.0260917712514304               20
  0.71763014008266024               20
   1.1558454683970727               14
   1.1040101926528010               16
   1.1244031353162200               19
   1.1854585721702193               18
  0.87222517386142351               21
   1.0571462194880765               20
   1.1627381962519070               19
  0.94087659990863692               19
   1.2441413237097183               22
  0.60364906503287663               20
   1.2208546716244986               21
   1.1722920509539503               21
  0.53194591592153673               18
  0.95439008707866801               20
   1.2443085182796971               18
   1.1732131022435086               23
   1.2694719872529465               17
  0.95826370439893049               19
   1.2175635053980463               21
  0.65640886268328769               18
  0.68536939599190916               20
  0.60480789082563391               20
  0.66070758766585036               16
  0.73804458572971510               17
  0.85608438991015456               17
  0.96456389626686934               17
  0.87865904725891242               19
  0.96461018208718941               18
  0.97075687985292536               17
  0.68096364310940793               17
  0.76335986072826012               19
  0.66830761750429679               20
  0.61570759084468085               21
  0.85593737586793517               22
  0.81189828469264680               21
  0.67391258507761531               19
  0.96139608365695073               16
  0.90878083227768969               20
  0.56157886977648164               20
  0.86692082115353131               22
  0.82107758286740073               19
  0.69218014724932597               18
  0.53495973098636473               23
  0.42974763469071436               21
  0.68940873926599677               19
  0.81557216621896500               20
   1.0377429333126063               22
  0.89218466617119740               21
  0.87790369530860812               19
  0.92378725678131435               20
   1.0003470618391106               22
   1.1417643276664240               18
   1.1215406900289500               19
   1.0387218316714963               16
   1.0960754187546187               22
   1.2546117949700044               16
   1.2111275455379304               16
  0.97669974433145723               18
   1.2658876595726427               19
  0.95279920259739026               20
   1.2370472462393765               18
   1.1772655311371927               18
   1.0260095559979869               15
   1.1933991479782686               17
   1.0631680641229404               19
  0.84456455275800912               19
   1.1114371434116075               19
   1.0355684352170815               15
  0.96294575220887080               18
  0.84385211264590820               18
  0.89556313193213199               22
   1.0545125820465169               17
  0.85119410624367209               17
  0.84380493048677296               19
   1.2162938561004291               20
  0.71207484319214098               16
   1.1478988569471966               18
  0.91038196173807961               20
  0.93475575848978421               20
  0.45725810654364218               19
  0.54360472482020783               23
   1.0603420328458764               14
   2.9426141748282258E-002          21
  0.92803246524287497               18
  0.41389449424511865               17
  0.94176946180779419               20
  0.39335301994267119               15
  0.56656101211449239               20
  0.82281092171925851               18
  0.64008752467150509               19
  0.84430967786176503               20
   1.1736068990053952               16
  0.99448516979966950               14
  0.54572152866643253               20
  0.47912517820479433               18
   1.0019845462089747               16
  0.51905521707256230               23
  0.72699955060967614               21
  0.65550526160091493               19
  0.78139027854805387               23
   1.1844578012835834               17
   1.0663343647422427               17
   1.0046678815198238               23
   1.0068201267548478               24
   1.1272325566817061               21
   1.1256287647655665               20
   1.2876569195179846               16
   1.2998666078779917               13
   1.3049472265841995               15
   1.0840929290213561               19
  0.96964555710130296               20
   1.3020298569988948               14
   1.0979472609929350               25
   1.1300137710397424               23
   1.0591006622489092               21
  0.92150873338753625               20
  0.88563986162121489               17
  0.58988242502951871               15
  0.96635060671769768               19
  0.66521373180601762               20
   1.0246703278108986               15
  0.59694786906058162               21
  0.66831455006952001               16
  0.90197764289459803               21
   1.0944651405768304               18
  0.54348052914513589               17
  0.92282906346211369               22
  0.72163013233076578               16
  0.58806124103811153               18
  0.79402910270247073               19
  0.95104675945002493               17
  0.63568176982133551               20
  0.34601699840584899               20
  0.91197002987436970               19
  0.42613304034427391               20
  0.34682719799462258               19
  0.80860463049852283               18
  0.67222311924819200               21
  0.67478205916047240               19
  0.65043100616593541               19
  0.75736925777179287               19
  0.72197556462387746               20
  0.54271977902205892               18
   1.0274604700781169               14
  0.64579301930585020               20
  0.89105100795908010               21
  0.99761255720687991               20
   1.0869900662001448               21
  0.70662703225748325               20
   1.0218917913145407               20
   1.0360059473513099               21
   1.0438478156180719               19
   1.2164777946951957               18
   1.2153233126411265               13
  0.89817331475218931               24
   1.0466654959410762               21
   1.0757216091173289               18
  0.99821155495569214               20
  0.93183624057434189               20
  0.97410789993569258               19
  0.87602067558526953               20
   1.1899789124165132               21
  0.78313034977464524               21
   1.1236375730944075               19
  0.55718172083062034               19
   1.1345728211759523               20
   1.1274948403301019               20
  0.68084259284838589               19
  0.59395822455046177               20
   1.0094170833545542               15
  0.83700003316655291               20
  0.44516167075759577               18
  0.67038111624635588               19
  0.91982010552181181               21
  0.53861331511328314               16
  0.91945944745776564               21
  0.77558705638264447               18
  0.93764958771379037               17
  0.78962299775317557               18
  0.86127920928376966               19
  0.88447880288251890               22
  0.66877613220679022               21
  0.32401159154699516               19
  0.47084546842929337               18
  0.81916986468727082               18
  0.77006810050300312               18
  0.55855365518032407               19
  0.60737799374232826               21
  0.48105491549848872               17
  0.57189018883356391               19
  0.84035432938328192               22
  0.65212116373366513               20
  0.78882875146022746               17
  0.58155864590814821               19
   1.0484719997928165               22
  0.81009282328992183               24
   1.0014406508275737               14
  0.94169976870004679               18
  0.65428009448326341               18
  0.97041863649957416               20
   1.0015830502000613               22
  0.66583448659032973               19
   1.2537600150674777               16
   1.0056096633869573               18
  0.90980612233298008               17
   1.0723752057185603               18
   1.2840264280102189               17
   1.1211263172968078               20
  0.81792752564700733               22
  0.75133051458015010               19
   1.1098162100363420               17
   1.0547200567814030               20
  0.92262211889598311               19
   1.0450780299699172               17
   1.2021127155115434               21
   1.0642963099721821               18
  0.52264259127443824               17
  0.90358208804601370               19
  0.95815532806857517               18
  0.98483709770554151               18
  0.51533677673517575               18
  0.95706696594803053               20
  0.93519124107231499               20
  0.39066365975837924               22
  0.84259796666720677               19
  0.83948999112282041               18
  0.99116138874270276               17
  0.98837310140868306               19
  0.73489272810030626               19
  0.87230334355596328               21
  0.39919720142694359               17
  0.56471890304082106               21
  0.51760103955827352               19
  0.69057488248517063               19
  0.40007625864729690               23
  0.73711112219282915               19
  0.29033766471041889               21
  0.32162143466495846               19
  0.77441350127719111               19
  0.46969821049060745               21
  0.78367554539799944               19
  0.83006543865054871               19
  0.61555187604941652               19
  0.89081865187003273               19
  0.68057321204700350               19
  0.88643619981709931               22
   1.1670381340708724               20
   1.0572659654965653               18
  0.97289104236573587               19
  0.95318499586238525               21
  0.71843193669345162               18
  0.83147706171484759               19
   1.1145140587276536               18
   1.2474346308999285               19
  0.85547934089725286               21
   1.1052216932135146               17
  0.87924137027153659               22
  0.60824595361152001               20
   1.0938033369499105               17
   1.1658646880140984               20
   1.2322260156836866               17
   1.0054892572907757               19
   1.1633648915665109               22
   1.0797603127273785               23
  0.97541234328063009               18
   1.1567258642713723               22
  0.89287268412032994               19
  0.91487162079699391               19
   1.0028301891929123               16
   1.1748740175513697               18
  0.82358112130779271               15
  0.68610976033872983               18
  0.75170296059530828               18
  0.94309299392913992               22
  0.57846742874971402               21
  0.39972553104749098               17
  0.74681865683372617               17
   1.0174593364379738               15
  0.96931724968929045               23
  0.89850991199487407               20
  0.28931720595400068               19
  0.42076049071141697               19
  0.46519159921346015               20
  0.63679336202784498               20
  0.59591110408561632               22
  0.67260406744900314               18
  0.73044638480718171               19
  0.49333020426799379               21
  0.97145813798071712               19
  0.77647002962498657               17
  0.91552961188128412               18
  0.92722411039150832               16
  0.81968752845301351               21
   1.0946557928440237               22
  0.41984333507733423               17
   1.0108868822637025               18
   1.0716753223712239               15
   1.0083394522455400               18
  0.59054044247810833               22
   1.1717131348112739               17
  0.80588687667881331               24
   1.1002357489754042               22
  0.96628873187240627               19
   1.2239972260123977               18
  0.99418792739174378               23
   1.1193515178781557               20
  0.85388979870514214               22
   1.2996812267609317               16
  0.78369343616997367               21
  0.87471267717949264               19
   1.0814102148218421               18
  0.88573160911966631               21
  0.85342173888338480               21
   1.0542195734201054               17
  0.68684609703208521               20
   1.1510765873946069               20
  0.95793515744067270               19
  0.77375884434408648               18
  0.95647167107845643               17
   1.3007233469622661               17
  0.66040870042666378               16
  0.53411618846091513               18
  0.16116678245073635               20
  0.87045224344417804               20
  0.76770931877889292               21
  0.88868499192168482               18
  0.85506393412947523               22
  0.75506151077129979               17
  0.79469815086631157               20
  0.78725668645873792               17
  0.88204659100141425               19
  0.21265245040940006               22
  0.75780874855356384               19
  0.49030204731205829               15
  0.94849993960768730               19
  0.71551671104495629               20
  0.44782645892501477               20
  0.26201973815088558               18
  0.60892935248468361               22
   1.0644138408411330               20
  0.97210872368951817               22
  0.55487163926113536               18
   1.0066275607996744               17
  0.87099378340048150               17
  0.94730582373483951               23
  0.61649392216106724               20
  0.68731874859868680               16
  0.49129647564652879               19
   1.1597186783530218               18
  0.82357878440686216               23
  0.91918796632288469               22
  0.71297022764293128               17
  0.87061724794171391               23
   1.1620529490542357               18
  0.84043695231996041               20
  0.83168270186338966               23
   1.3212461613854651               15
   1.2733073747879342               18
   1.2244538948332846               20
   1.2067709300867897               19
   1.1544203962981641               18
  0.96283295896296717               19
  0.66628453331737036               17
   1.1517089174324953               24
  0.85052824937873361               23
  0.63142815462384250               20
   1.1614746508810216               18
  0.99664549585479567               19
   1.0172193022262703               18
   1.1757274344743234               21
  0.31226427386207678               21
  0.84139164535852196               20
  0.61964320170221587               23
  0.80846795578480890               19
  0.85481317533723267               21
  0.61708634040678834               20
  0.78516540616387731               18
  0.34653434772983271               19
  0.47249811325474461               18
  0.70254610883844515               21
  0.71484801344265969               17
  0.58074030713583635               16
  0.60531270735851062               19
  0.49947166326378761               16
  0.41689222075870730               19
  0.36645938364054603               21
  0.19913985642642132               20
  0.71504925335751301               15
  0.56410285441392516               22
  0.58711763611399514               22
  0.45863519082642606               18
   1.1263118596824675               20
  0.60663859054262426               22
  0.88564583892498805               21
   1.0083175607879005               21
   1.0008897132958388               18
  0.95591934194810291               23
   1.1761869427295109               18
  0.85251590671647037               20
  0.90202916943136946               22
  0.88621564714046686               23
  0.88066458474465781               20
   1.0418449377897625               24
  0.94126316248603914               21
  0.69308617838467201               18
   1.1518008551159020               20
   1.0315008871592815               23
   1.0221044567543007               20
  0.97686467857306014               18
   1.0208295685177957               19
  0.87062731993091891               17
   1.0694358832255255               19
  0.80078087006889820               23
  0.76822238834356305               22
  0.67194857098947913               20
  0.83738215435565044               19
  0.48727590690620931               22
  0.68966539547959749               19
  0.84350155078671751               21
  0.92763851255618046               21
  0.64915734754148291               20
  0.85196148650988002               19
  0.73935893205144299               20
   7.5851833251213321E-002          15
  0.70041014816082792               22
  0.24722474111985998               19
  0.49095112823791159               21
  0.44099654152087081               19
  0.78523180590268171               21
  0.34148654160478314               20
  0.56421152293721644               19
  0.35676249088340806               20
  0.57640009512853008               20
  0.46436708753525163               17
  0.30560143389616845               18
  0.39426497237741781               21
  0.75471414012670424               22
  0.54329556557658443               18
  0.80495779917288979               19
  0.82909629388642370               20
  0.65619396165270960               18
  0.47362879238582334               18
  0.73706437921855239               21
  0.65781476027885288               17
  0.51645653225788180               22
  0.97996249532664126               18
  0.39857079489603126               19
  0.95784040616958177               22
  0.94209345912152731               23
  0.74217884032882964               23
  0.78598714697597161               23
   1.1503490085099353               20
  0.59653885971305409               21
  0.63104931767563355               20
   1.1211988633710603               20
  0.86064566276264387               21
  0.89560544484984050               19
  0.85530399658941381               22
   1.0467702365866371               20
   1.0139850802153176               20
  0.70315466321624365               21
  0.80840346274741048               18
  0.88404318590449182               21
  0.83195132808429140               19
  0.83825378760399749               18
  0.95141110433576870               21
  0.76034743133271920               22
   1.1201621413586496               22
  0.26122727494822889               20
  0.50171582691674310               19
  0.37726832538528815               20
   1.0755020506289557               17
  0.74610816266332369               17
  0.90918086870306247               20
  0.41675465226193148               18
  0.59240045509894346               23
  0.75917228892348476               18
  0.59098436165046386               21
  0.55551006996721242               21
   3.9025773697567642E-002          20
  0.58593612748021195               22
  0.30730083569792377               17
  0.62723493372370875               17
  0.98303226599746252               18
  0.65857599881008166               15
  0.18025026759589158               19
  0.44230045695313336               20
  0.87638888916950142               19
  0.40564055307344021               21
  0.66613825971972807               17
  0.93284682027538401               15
  0.44056633032657716               18
  0.55887044492966942               22
  0.97674113729697210               19
   1.0965674698667081               15
  0.75157984898354024               20
   1.0469741990677846               20
   1.0698877775560638               20
  0.78097848025476024               15
  0.76026468205756781               20
  0.87498722232782034               23
  0.94527948431198872               21
  0.94340915901052413               22
  0.72541333702816346               21
   1.0336125002358303               21
   1.0959582057111197               23
   1.1050093928123643               17
  0.83147492836599268               24
   1.0282679441616560               19
   1.0843691938971969               19
   1.0427206045554569               18
  0.80958630420236555               18
  0.84028295575813605               20
   1.0812351370887576               17
  0.26651141488026486               20
  0.73195230226080887               18
  0.84834249024020680               21
   1.1442957329884587               19
  0.52087242564828984               17
   1.1431547131127775               17
  0.57890945528253335               18
  0.49715882138146550               19
  0.76955209735525321               22
  0.43875058564256769               19
  0.83445911592554678               16
  0.51290078624260982               18
  0.28904373865410721               19
  0.78875597832550137               18
  0.47450133623534674               18
  0.47191689470948345               22
  0.55067688529374026               19
  0.69357550052707762               17
   6.1747860322546547E-002          20
  0.67485508096579105               21
  0.68111023967251938               17
  0.38744426487724171               21
  0.65301124862437154               20
  0.37187481501477881               20
  0.22106901237439533               18
  0.84256409178970715               25
  0.35875626585037879               19
  0.56503799785203257               17
  0.75931218216441010               16
  0.97777184429565311               22
  0.37782522346483677               19
   1.0746909017136486               15
  0.92876356047399877               23
  0.68829610494728011               18
  0.42272809137398820               19
   1.0361603151423853               21
  0.74309211411444831               18
  0.83636290158694038               25
   1.2400285371498896               17
  0.75614109555471554               20
  0.94709730195928576               17
  0.96644445434705972               21
  0.88396497182253675               19
  0.82203415642876720               21
  0.82282284044897480               21
   1.0389547910298451               20
  0.95712121205952949               19
  0.82134027082135819               20
  0.70742272341053403               20
   1.0285591062065853               21
  0.78415506669417612               18
  0.64000988503149026               19
  0.56086312152717810               18
  0.91324302765936027               22
  0.40402199357002522               16
  0.74765645628202904               21
  0.94145337390635642               18
  0.57542847863666502               17
  0.73307870792247765               21
  0.55964129788994443               17
  0.58201788838952728               17
  0.99485799449663925               19
  0.27815917987149730               22
  0.57729386874392219               15
  0.64592889720045887               23
  0.22534826180653975               19
  0.40329754955692704               18
  0.71998532145732430               19
  0.65156809515216219               18
  0.47938284498512501               19
  0.49531186649528713               21
  0.34083478035910075               16
  0.78653217282981669               21
  0.35404324916578772               18
  0.52963878219210947               22
  0.79049116261902186               18
  0.47648438610284305               18
  0.40662570963389061               18
  0.44191745770102558               23
  0.64910479959050527               18
  0.73294036378078797               17
  0.69059646302403832               16
  0.65004963866012899               19
  0.89990738980528062               19
  0.73962620117140310               20
  0.82617135117249951               20
  0.96336157937508204               18
  0.49721872634632625               17
  0.38661444718645610               18
  0.83222393223784530               18
  0.97426485695095622               16
  0.88233463059111572               22
   1.0759898872101461               18
   1.0229568319744475               21
  0.52287913025781418               16
  0.44048565737738682               17
  0.67546107861534699               24
   1.0709167229674212               17
   1.0101211950365134               20
  0.89627949850379884               19
  0.55372942715044982               21
  0.90949563538735734               18
  0.87083325591993321               18
  0.64798411923384980               22
  0.36665899806614410               19
  0.40562664366309531               17
  0.58362715358796924               17
  0.37609649273813334               20
  0.67367919141125465               19
  0.68271599736287769               20
  0.43750994004244187               19
  0.69636224149807935               19
  0.62387581078557042               22
  0.57564193549757514               18
  0.24980266465309842               21
   5.8051482174893261E-002          18
  0.42120390388668416               20
  0.30082969451759123               22
  0.75695644437194998               19
  0.42523604687398908               19
  0.25615105694675233               19
  0.47226364157225409               18
  0.29785723249030827               20
  0.30778777498256610               19
  0.27035807276119345               21
   1.0108446867101621               21
  0.29289480882639518               20
  0.82500010815474700               19
  0.61832034680751258               18
  0.78963123433356031               22
  0.61297684823112797               19
  0.81464183642151511               21
  0.24415402725882748               20
  0.79743179161585875               19
  0.43083833949489586               19
   1.2223303112431483               18
  0.90509021841650428               21
  0.77691170974566071               21
   1.3472575894834844               16
  0.80278001827214562               20
  0.97536423063802546               22
   1.1998182500126529               18
   1.0388568299897978               18
  0.82021979300797176               20
   1.0335408715476571               18
   1.0409803152098176               22
   1.1160592103686309               23
  0.46876627799304643               17
  0.94781994471303799               22
  0.71379492237327402               22
  0.79572292884258944               19
  0.81855708314916609               21
  0.72327988089288742               17
  0.99150053877230282               17
  0.71173831034288115               16
  0.34195458928921096               17
  0.82299272914501909               22
  0.17083155884236162               17
  0.86910306048624264               16
  0.68967603920129084               18
  0.37546798860068609               15
  0.51196110156528518               18
  0.60946703070560970               19
  0.17716929064462233               17
  0.48826858314398119               17
  0.61659459199840561               18
  0.21440534426589322               20
  0.20523725325473743               20
  0.53552979655027433               21
  0.59626131533515891               18
  0.21035436055988851               21
  0.76950339460526707               19
  0.76725038765683184               19
  0.54955059922743665               18
  0.32982795846334367               20
  0.36763517912690052               21
  0.66728866071316351               17
  0.61640845427560442               17
  0.90606935576622583               19
  0.88291241637193185               21
  0.32866178178906269               19
  0.60828731404491554               21
  0.60666666298878280               15
  0.72353955157819305               21
  0.87961987965414246               21
  0.91896359212876588               22
  0.78812275865684045               19
  0.92015576350964712               18
  0.70050019332785673               19
  0.53832371132022216               20
  0.74087819310425695               16
   1.0215509278907624               24
   1.0499568035456459               18
  0.90264104955243296               21
  0.94444332560282018               16
  0.91317842402705873               18
  0.90936789780871741               19
  0.85797964497801804               18
  0.66021832758602095               20
  0.80519004667815175               21
  0.99009507702160982               20
  0.73446275716298060               20
  0.91033592630739657               16
   1.0410831345492908               22
  0.43233884810896489               18
  0.63598759497813273               15
  0.33892118143312250               20
  0.60846238626619742               18
  0.55184167720506572               16
  0.46188919699221431               18
  0.33083044030103398               19
  0.22158468124749831               20
  0.24501083000074428               18
  0.87510002833553491               22
  0.76026861739822693               19
  0.25131404488081777               18
  0.17730813140239549               22
  0.56042388006508248               21
  0.33003781506425001               18
  0.30244399684451356               19
  0.87870060491578206               19
  0.58309280145171249               20
  0.57587582064020215               18
  0.27403219797430090               22
  0.25144856029362372               20
  0.26765384053226265               19
  0.76969595431962534               19
  0.86951725007780023               19
  0.54395706543764910               19
  0.36944851212040963               18
  0.43211777524901701               17
  0.38253479658808526               18
  0.80196287953191958               22
  0.98202712758305322               20
  0.89159516530975624               23
  0.64070866236910728               19
  0.94104887342096211               16
  0.82706698814075741               18
  0.86411306208110261               23
  0.82296744553957946               23
  0.96376343684601795               20
   1.0822828672889173               20
   1.0082720981183251               16
  0.66600389271565263               17
  0.77443172723056131               22
  0.78291170012282130               19
  0.71815942407069888               19
   1.0250540488345947               15
  0.88181774239337340               20
  0.83205772489986340               20
  0.87885823764754523               21
  0.54548793922195304               19
  0.57686678561054383               22
  0.80129132729398489               23
  0.62553371628346799               17
  0.64367854077511211               18
  0.81339245435171481               18
  0.65049314974958006               20
  0.60827800950622291               20
  0.78483673329649228               19
  0.64341210208689037               23
  0.67424961521620808               18
  0.20037366736954113               16
  0.18950888366442736               22
  0.73429275158494300               18
  0.76184181501943249               21
  0.46220169899352120               14
  0.41810465338993918               19
  0.19572696131183556               19
  0.29197002025436958               17
  0.45897727064086874               19
  0.66549722415109680               18
  0.27415868267712268               19
  0.15391778147819510               20
  0.34807704041087162               17
  0.59592859234030804               21
  0.52311259518497333               18
  0.96600036531824296               21
  0.53334573741112445               18
  0.84089617800451710               24
  0.96724762334908654               13
  0.93127174060303997               20
   1.0364508744326826               20
  0.76699161390344706               20
  0.76115857104573570               19
  0.83788469576829738               22
  0.93599652436709246               17
  0.90662777093929303               22
  0.96444740057625367               23
  0.57210516105831566               17
   1.1194597175522416               19
  0.86548704328165937               21
  0.97255764974992231               23
  0.45231947725249727               20
   1.1030437135137601               22
  0.79753787373263929               21
   1.0511858980032960               18
   1.1343433166825339               17
  0.67275974436590369               19
  0.83186613120992015               21
  0.76458606863002110               22
  0.72068345142834567               16
  0.34620009145552710               18
  0.33647629494859876               19
  0.57113661589387521               21
  0.56334541736116006               18
  0.53622373085552033               18
  0.73175660216152327               17
  0.45762381687171838               17
  0.69756504196733082               20
  0.42493643061734881               15
  0.32663914631630775               17
  0.20581971538255750               19
  0.65841472597484840               23
  0.48876011745141756               14
  0.34280307857709080               20
  0.46864691245429541               18
  0.63118049565527623               21
  0.39621441491941362               18
  0.10916484049960413               21
  0.57350372402870442               23
  0.59852349853031983               20
  0.33601288388651607               20
  0.39489295457152401               18
  0.50651839679585453               16
  0.22234351800380900               20
  0.59795967573528608               19
  0.29758227255739123               19
  0.51717137706908201               15
  0.28451346586008275               17
  0.86633277370362927               20
  0.42267980629852880               17
  0.74093009264506116               17
  0.51421674470683798               21
  0.88425215494450848               22
  0.78688064665710966               19
  0.62860339438425783               19
   1.0420587544834763               20
  0.93523510760372919               20
  0.71791184564074828               19
  0.99261565445955291               23
  0.92599310418680769               22
  0.99198361095547560               16
  0.91458039277092484               24
  0.45110803219426132               16
  0.81015627548486091               16
  0.62295579578334415               22
  0.97294317743954750               18
  0.93622182025749157               17
  0.52918670679511359               19
  0.69380115115536223               19
  0.31631499518121314               19
  0.49812394233173929               19
  0.21616320180560369               19
  0.56297594677896345               19
  0.44461361806237032               17
  0.73027242756014510               16
  0.81021311952592479               17
  0.73320032064120277               19
  0.47283238954426193               17
  0.41843631875547621               20
  0.14159082166638379               16
  0.36244498041687889               17
  0.15715342687407058               23
  0.11790990931461542               23
  0.32056364729072012               17
  0.21005395085912698               20
   8.5691623646173568E-002          17
  0.36596720190843274               20
  0.72639805119328671               20
  0.32409720925490715               17
  0.29538191049191648               19
  0.23578987223436029               17
  0.24143389693694151               19
  0.84473796410269908               22
  0.60991146433786980               19
  0.20712707714784387               20
  0.72921323578080388               17
  0.39112392159014292               22
  0.58563142799900103               18
  0.74507216557751144               18
  0.66165910132620820               20
  0.61615175517667964               17
  0.66168750352743788               18
  0.77736810782689669               18
  0.51318900982559479               20
  0.78311530445314537               20
  0.81647747947969795               21
  0.57115400780919934               17
  0.96416123549538801               17
  0.94211782164534341               23
  0.96275078938536374               13
   1.0243111894365553               20
  0.84850584181218458               25
  0.87131788257352072               17
  0.89038724160636440               19
  0.77027852557432364               19
  0.75826639633668835               18
  0.71043257215715294               21
  0.63444958624230918               21
  0.91233816661272615               19
  0.84549967852597885               21
  0.58710731035648678               20
  0.63419835665383084               16
  0.75805330148428984               17
  0.62373398728591212               20
  0.42317490664448654               16
  0.81008812941404007               20
  0.90842376020156146               18
  0.34245539445638240               19
  0.10184662104141767               20
  0.19266430378870983               19
  0.14429709677870270               23
   5.1626363866970018E-002          21
  0.43690905720465872               18
  0.37689363750594701               16
  0.50709170455343378               18
   3.8756745376396562E-002          19
  0.49223489710178925               18
  0.38768012350396064               17
  0.41003805795863296               21
  0.31002480986403580               20
   9.6763391029989182E-002          18
  0.52219532990730511               20
  0.21222757826862268               18
  0.45963502509334370               22
  0.49353509852823657               17
  0.55999248839826510               20
  0.58616781897863623               19
  0.45173188957535459               20
  0.34535942959283800               18
  0.26982834507993148               20
  0.90793790791843199               19
  0.45341339716189771               20
  0.47995966529263179               20
  0.80383267473798614               23
  0.88378107391861549               17
  0.75972057665860193               20
  0.68724670312523606               17
  0.88820334331095030               19
  0.99418844902970926               21
  0.84045306452171931               21
  0.83577237078048816               19
  0.89933284105751210               19
  0.60482994339566254               20
  0.69414007394584332               18
  0.88025083718503228               19
  0.83862780840691942               16
  0.83304805129065262               18
  0.39280122809523438               20
   1.0148887924846486               15
  0.94662947696227784               19
  0.85200100442536952               20
  0.92405426165375171               18
  0.33917127463414298               19
  0.77763336569966846               19
  0.67707998324523111               19
  0.94136018992065362               15
  0.66723203823472910               20
  0.46380303201107992               16
  0.60205639082130036               15
  0.65529448116994748               21
  0.50348005169158272               16
  0.62248068115000710               21
  0.30773075899401270               18
  0.15919643323899546               19
  0.13454753195230165               21
  0.24766441679546097               16
  0.25328348681766183               19
  0.14224854462654646               18
  0.15049860677615681               19
  0.27666558997641921               21
  0.19323318169664377               20
  0.27657584533153512               19
  0.36654474637523793               16
  0.30560685477412430               16
  0.48243053624753118               18
  0.61252641525200280               20
  0.58396917811384541               16
  0.23835162850677660               17
  0.71533804556273273               18
  0.21830304642416787               20
  0.76001613761825992               20
  0.66509345470855274               16
  0.53966859416873458               15
  0.51361222146876817               20
  0.59241290688074133               19
  0.90073631109968189               23
  0.83573515781720065               24
   1.1865327402070605               18
  0.89147138665548875               19
  0.76058513358557533               23
  0.94898410032526193               18
  0.23973267405253418               19
  0.84819851516219003               24
  0.75736439230715991               18
  0.94724251187298314               20
  0.97710429162660395               13
  0.99763693947415566               16
  0.97633130777175647               16
  0.63634355675453913               20
  0.70245304449066281               18
  0.61139725467682760               20
   1.2124579120235939               22
  0.24851351204541602               21
  0.77304627488079036               21
  0.76018656466117673               17
  0.42261910685823628               18
  0.45507882733412963               16
  0.65054536698254151               18
  0.71424774611307928               19
  0.36760687181129437               18
  0.44691041609079696               20
  0.56241179467181979               19
  0.24998139606572242               21
  0.12968272130695829               16
  0.44164560499835132               17
  0.43940826820998485               17
  0.31033600702070058               17
  0.12526990877570363               18
  0.20969500609552841               18
  0.41993860317879578               18
  0.23174092094496601               19
  0.84722910073312985               20
  0.41022163079887997               19
  0.53402081213001606               19
  0.88376814149783844               23
  0.47425841623892534               18
  0.20699689473842700               19
  0.37642645476078218               18
  0.48135356328008977               19
  0.78138977883316640               22
  0.88145884003226038               20
  0.74042577085074135               17
  0.29753141894988722               21
  0.71489865208919245               22
  0.69757361550417074               16
  0.77672309075138279               16
  0.90071428154503541               24
  0.97032240783473456               17
  0.73155650061732824               20
  0.53906989138048111               17
  0.84284813951800408               22
  0.46976017231985212               19
  0.71573295974275497               18
  0.55366240142339207               19
  0.88048643183991127               18
  0.95933091879026233               15
  0.95007742282523577               18
  0.55486662215004312               19
  0.61801046614385502               18
  0.70287462621422025               19
  0.75712432799161644               22
  0.51517047159069451               19
  0.24933357219824409               18
  0.71237746049516215               19
  0.41876461313024016               17
  0.72439397469339395               23
  0.34955875151495353               16
  0.69638397386814421               23
   8.3114002290974556E-002          19
  0.61279508850326048               20
  0.33937094589435657               16
  0.63277118875376215               22
  0.42503826960435831               19
  0.48702158003411616               16
  0.54338113894535400               18
  0.24597455642112742               17
   5.9949544348958751E-002          19
  0.54646368664886014               22
   9.9735204011757950E-002          19
  0.30875138046745670               18
  0.59262991272527421               20
  0.15195459534466990               20
  0.23018701986553139               20
  0.34443768362351190               21
  0.16424718713920974               22
  0.25985728686670462               17
  0.36948729456621116               17
  0.85934936682737040               22
  0.55528103673098461               15
  0.50351881014440891               19
  0.90449486287303338               18
  0.37204868128952429               21
  0.62063921308253633               17
   1.0421148124046251               20
  0.62669263191383839               20
  0.41611393654759204               18
  0.87679154749801158               19
  0.87200129475747401               16
  0.50790541281049550               19
  0.79239116916523833               23
  0.95886568866740729               19
  0.95228938876593905               18
  0.70924443113225955               21
  0.86280358417570313               15
  0.88169973575698646               19
  0.99359714350226103               16
  0.75983984424973117               19
  0.35531453075088121               17
  0.50955151245041330               18
  0.57836141833683685               18
  0.53172432697175265               19
  0.74437541288368425               21
  0.86950809204024182               18
  0.45613312394279831               20
  0.27292396200762409               16
  0.50502187439048696               17
  0.65986583876742488               22
  0.73623347463507738               18
  0.61494995257328255               20
  0.19879946452087741               19
  0.61059425588762617               16
  0.27984355454226983               18
  0.32454049047571637               20
  0.18649893623141567               18
  0.18168643054742648               18
  0.36888012976113627               20
  0.39080149792029784               16
  0.19401860255607295               19
  0.45183502526719999               20
  0.31641306282669340               18
  0.64853606148620835               18
  0.66791589582641697               20
  0.30530934321877334               18
  0.17064955067568804               19
  0.36217224842162687               19
  0.48819094007671759               20
  0.36440337777819826               20
  0.57365926607356632               17
  0.24108545731203485               16
  0.12068982601202068               19
  0.78028679016369118               23
  0.28337017066410791               20
  0.44409472933880573               19
  0.84046604296755933               22
  0.86563742817511491               21
  0.86527346440098574               19
   1.0261637082497037               15
  0.87385947106745188               20
  0.91359747490524146               21
  0.50309978864146820               21
  0.98726386075557893               16
  0.46491818481614794               18
  0.27812902496434244               19
  0.97850317741627346               15
  0.83733348108303496               16
  0.81134184906066020               19
  0.93482209969596208               21
  0.59627594259656580               21
  0.66941830112780443               23
  0.81862857854105786               18
  0.60365025696239161               17
  0.60812398249319854               22
  0.78857579030512770               18
  0.68304160603330222               20
  0.18274064652580047               17
  0.43431208025801388               18
  0.68160630348463347               23
  0.36396084840009169               20
  0.51124297380149586               18
  0.43165555139559003               21
  0.27398841378714273               22
  0.61897218915086905               19
  0.57456219548002807               20
  0.48440974540381110               19
  0.34594044742857544               17
  0.59627663033608735               20
  0.13792538388833903               16
  0.52730514779577664               19
   2.3630727990144984E-002          18
  0.22917024192306612               16
  0.14873916563463252               21
  0.35390833269308181               19
  0.80878705699301834               21
  0.17620027870290603               21
  0.44700322216768501               18
  0.28340598503461550               18
  0.67804308293209814               16
  0.44523780322042789               18
  0.33692455911781127               20
  0.70175604687692761               19
  0.40350337847172341               20
  0.36405285067329063               20
  0.78515709382328902               23
   1.1602221598123184               19
  0.80920668250621752               22
  0.45886068150563991               18
  0.82028391660485100               20
  0.76345526241709061               21
  0.77523099202181689               20
   1.0283641209122998               18
  0.85870248785526615               25
  0.61054087791723632               17
  0.60248941577247239               19
   1.0218849013048954               16
  0.70267993030876963               20
  0.95424673530969883               18
  0.76428392178307725               17
  0.56022355179863770               18
   1.0052035322877573               18
  0.54070130047034082               17
  0.52450995535538147               16
   1.0865894743844080               16
  0.39209125403623152               19
  0.19292825696348689               20
  0.48200438019826564               17
  0.36012358118396609               18
  0.20334827706382444               14
  0.34156874426923756               17
  0.46934039620139595               22
  0.88513615948987456               20
  0.33032544874714703               19
  0.55187006272992556               19
  0.45618000324461266               23
  0.10926501382221336               19
  0.32365027965839049               24
  0.24915541249759479               21
  0.36989413578733898               18
  0.35929329209537347               16
  0.51681088606995540               16
  0.26686208877743628               20
  0.22010547608554890               16
  0.41147757040795446               21
  0.23332140318229655               18
  0.64320766149566366               17
  0.10733478051867795               18
  0.63533113546305520               19
  0.19104601770408122               17
  0.41798121866806870               19
  0.12938919530280776               18
  0.21585122899021084               20
  0.34957207730363382               21
  0.55595795547633875               17
  0.59294457776168330               15
  0.47756240109981440               20
  0.72552052543159540               17
  0.71040348468687142               18
  0.76152763007312885               16
  0.95810067764069329               18
  0.84459769095671011               23
  0.93451972600220101               18
  0.88088195078910236               18
  0.95444928506218552               15
  0.93998984445893308               17
  0.77964834756606294               18
  0.58393209997841977               18
  0.80422496231941343               22
  0.77499097947314444               18
  0.71097796924526557               19
  0.96262369867877839               16
  0.81380913166388491               19
  0.87969928943682318               15
  0.82657959975520268               16
  0.78570903360832978               18
  0.68449096497538964               19
  0.41657191022364470               19
  0.47342659350220384               21
  0.12415227703923030               17
  0.56817669025278372               20
  0.29907298460269954               20
  0.24102378694162863               17
  0.76913913739596496               17
  0.49819547142324894               16
  0.64511189830426152               16
  0.25217252598761258               19
  0.35890913560958965               20
  0.48266914038100150               18
  0.70236787304484449               19
  0.42487037053676102               21
  0.21604612083786964               20
  0.48611685765454071               18
  0.50838082014027364               16
  0.35250018459030830               20
  0.48575522036950580               15
  0.79624619621391568               21
  0.46325514799629247               21
  0.36191800721162842               20
  0.34663795910160700               20
  0.38931957021440827               21
  0.54127970227991384               17
   1.0605122152529998               18
  0.19406598394833241               17
  0.93383425286296085               17
   1.0595747610303574               15
  0.54452581409493583               17
  0.73169358075655044               20
  0.74249740471826275               17
  0.80478286752813422               20
  0.75391407435959668               20
  0.85567476625866157               19
  0.94599660864015933               15
   1.0756587357811553               16
  0.79591841042188627               20
   1.0276323942964927               15
  0.96090749298199174               16
  0.89742651036236409               21
  0.82511614606958195               18
  0.84452025160839705               21
  0.78269578650144189               17
   1.0479713899117502               14
  0.80668326754554953               18
  0.89077449157020094               22
  0.51171238166941668               20
  0.72592389052000650               21
   1.0362345516557474               15
  0.51047721944518831               19
  0.84584545055331539               17
  0.89975496410583444               22
  0.91787426583010923               23
  0.40808057309339479               17
  0.58915059007891024               18
  0.62099933433579302               17
  0.20112130362407221               21
  0.29861864937227722               17
  0.35933903732281952               19
  0.17433653763195120               15
  0.27140081896446888               17
  0.57505002166725472               19
   5.1591878785000399E-002          20
  0.34912251045646636               18
  0.13109314535990627               17
  0.40800117709067418               19
  0.27958625706817430               16
  0.37378387926327228               20
  0.30839018292895970               21
  0.18745898099440492               21
  0.30174575002123327               20
  0.57759805644539930               19
  0.51567321676730615               21
  0.53363685415703921               18
  0.57386328372291862               19
  0.39935805493426862               19
  0.92647087708261833               17
  0.57232892981001815               18
   1.1758658735387717               20
  0.51946135269680760               16
  0.92972039437528375               18
   1.0249423461662048               18
  0.94057592468123186               17
  0.61332794706848259               15
  0.72688464696338362               23
  0.81564353585355587               21
  0.58795747726731684               15
  0.85561527155530748               21
  0.93064023241863736               19
  0.85934342899119820               21
  0.99650771189253728               14
   1.0755314472399158               20
  0.76963449616963275               20
  0.97668392648400792               18
  0.79848412944644009               17
  0.89752378916220144               20
  0.76901066558970210               19
  0.91627584491539193               18
  0.48621637772693960               17
  0.65030050012309859               19
  0.36355151396999158               15
  0.48914148644714411               19
  0.72325215567622458               24
  0.43217787963728160               20
  0.57756021050192197               18
  0.58369383378341200               17
  0.28782428077043459               20
  0.32525787655933774               17
   9.0167337648187018E-002          21
  0.19482769779703440               21
  0.68667510047858704               16
  0.40539783641934529               21
  0.33920524858013834               22
  0.21958057285473573               23
  0.23839184208917891               21
  0.46600151639848064               17
  0.26008237262318989               18
  0.50223432630952825               15
  0.29485360283070616               16
  0.46732736091436822               20
  0.44489411953802632               20
  0.58695845111339040               17
  0.48489960780393193               21
  0.13743830256726997               17
  0.64237544087606979               20
  0.93252860565778062               16
  0.55039947927311905               17
  0.86775727216716325               18
  0.65600351614616226               16
  0.36696903221095900               21
  0.94687110059926094               22
  0.63330274539991671               18
  0.94908070215813833               17
  0.67483209228408825               17
  0.88432072451998522               20
  0.90714245268146054               20
  0.87972713268325131               24
  0.93641285792023643               16
  0.91563442220318947               19
   1.0825788278932080               17
  0.90221535428080391               19
   1.0010414089321849               19
  0.84201020106243119               20
  0.67478772696100753               22
  0.81611750835796804               22
  0.82963146717931679               17
  0.87691541567296893               19
  0.66035572542339660               22
  0.64607103070139604               21
  0.71844478850556948               19
  0.45807038284282370               15
  0.73134845398493764               19
  0.96663923581995181               19
  0.44041885270415232               17
  0.52898603302064595               18
  0.34398327305032761               18
   7.8787605304882949E-002          18
  0.75350330807821420               17
  0.43003329564080606               19
  0.11968619150865076               16
  0.47443761151297414               16
  0.41010131275595885               15
  0.30481083586439006               19
  0.43430361639971110               18
  0.47698618077776955               14
  0.71548122126521529               18
  0.39200580577420552               18
  0.23635105892682712               18
  0.87876397194349087               19
  0.37012379163434950               18
  0.63104738642224967               18
  0.67789624907822343               16
  0.38977173400077303               17
  0.50001232806020479               17
  0.63218882149158784               15
  0.22998078695247637               19
  0.14578513967286072               19
  0.69849293351917230               20
  0.83756967436704410               16
  0.65791534245592820               18
  0.96238071020863780               18
  0.81674744520602260               19
  0.90388388806346609               20
  0.70726923590437962               17
   1.1477688787568257               21
  0.92642723591519283               20
  0.98412918518719228               18
  0.94366351703957130               21
  0.96998722133141224               16
  0.71292018881748032               19
  0.95985293418830420               22
  0.48509556629995365               16
  0.79605641729258603               18
  0.63346319550733310               20
  0.57752447507748639               19
  0.70903062776470360               19
  0.57597474193466502               20
  0.64180175679612839               18
  0.49493874594653425               19
  0.89818676740703396               19
  0.93040089861508868               23
  0.87905748173189036               18
  0.68891578513947915               19
  0.86040479190325037               23
  0.62885330369125580               18
  0.38513695237568157               17
  0.42101278125208397               18
  0.25283592819331080               21
  0.46820513584582879               18
  0.66836663584479350               17
  0.34763694694776132               19
  0.13734039546093638               16
  0.14075277588057314               19
  0.44735467695873687               17
  0.32469822023615447               15
  0.48244505937953858               16
  0.38947581775869139               18
  0.78667037870794132               17
   7.6940705400303497E-002          19
  0.60167012253156293               16
  0.14305063640804830               18
  0.27351931477250108               19
  0.33076926183700323               17
  0.59492931551479666               18
  0.70272665718253213               20
  0.54204075939548091               16
  0.88661250594055330               19
  0.65189058526566712               21
  0.95594653126769746               18
  0.72625033575735409               19
  0.69973584937590450               19
  0.96350166700763884               17
  0.88160752167432122               18
  0.76134827642373681               18
  0.82053178277379912               21
   1.0112586864647086               16
  0.87025727763258087               23
   1.1640883817741623               22
  0.87551236498981466               19
  0.66618042241027342               19
  0.95467803026253872               16
  0.94217215535646781               24
   1.1384742399534946               18
  0.91793961118321155               18
  0.57972054437300147               18
   1.1556916541955500               18
  0.94153374239066545               21
  0.83570251699455300               20
  0.35973986847151823               19
  0.55102930628168367               18
  0.46604428363464950               16
  0.78281903936458741               17
  0.95368744067402600               20
  0.90027520187230003               20
  0.71856946595686699               20
  0.88467631139419056               19
   9.5932308635668859E-002          17
  0.33983669088799662               18
  0.53541294045674681               21
  0.12592002764020604               22
  0.18111996832224450               15
  0.66004965529432325               19
  0.54387891136279887               19
  0.32043780011329348               21
  0.70479220470090109               16
  0.63568683063037090               16
  0.13840066007208396               18
  0.66007987838405213               15
  0.72704571528832995               21
  0.76512468594845306               23
  0.51762979877187199               18
  0.82797504644476816               20
  0.68452038132623216               20
  0.82360535698931725               20
  0.64140124765687501               19
  0.77418381249493240               17
  0.65099286948786605               18
  0.69519731957354614               19
  0.75420189796935733               19
  0.58294662694646981               16
  0.93645218675934649               22
  0.86789750256199993               22
  0.80276540910698602               20
  0.40574129899014821               18
  0.81264614592945084               19
  0.90734111594045708               18
   1.0333071673975343               18
  0.95478374491816864               17
   1.0328063992028171               14
  0.94765740864735182               22
  0.91187116999846352               17
   1.0196221949661344               21
   1.0059430049053690               15
  0.96620904443848088               17
  0.81638559700504887               20
  0.97015730140588052               20
  0.55701919238877551               18
  0.55329069189635371               18
  0.78086474845875642               17
  0.83774174914546262               17
  0.37898601834529266               17
  0.83014343593321782               19
   1.0065408252925940               19
  0.41358150958526591               19
  0.57985234005936415               19
  0.67740779821224317               20
  0.26371519454858056               20
  0.57134431318713785               19
  0.41125517914194049               18
  0.70800753959802376               18
  0.69792311538842977               20
  0.45776994173422475               19
  0.44820308932085146               18
  0.48915109187948885               22
  0.81528510916881480               17
  0.63888641057824458               19
  0.93650166255587308               17
  0.71854061811830883               20
  0.70912069048657500               17
  0.85108277044774494               21
   1.2147534925589965               17
  0.40040653045720287               18
  0.51418525656183933               20
  0.71933523399584953               17
  0.54815201231109545               18
  0.91939582401858277               18
  0.65129882979820908               16
  0.80459097877992769               17
  0.96871473701260347               23
  0.40626846936586103               19
   1.0071265602932777               18
  0.77286471296995696               17
  0.75174935853038416               19
  0.71570460123188540               18
  0.77662488083148684               19
  0.97312808516122162               19
  0.98096584975710710               15
   1.0644182957077795               19
  0.93528583087528505               14
  0.78007677599828174               17
  0.96807377341825873               15
  0.93912318173940235               16
  0.67583788218680096               18
  0.59614900136108961               17
   1.0780619275627252               17
   1.1780916926272667               19
  0.87318085681377189               20
  0.65319328809479260               17
  0.53402370837664903               14
  0.74406974510297608               19
   1.1912002914629873               18
  0.77257658020735054               21
  0.50704941982708884               16
  0.96205337603512420               22
  0.77597438740189340               24
  0.71336674041908776               19
  0.29667451277637014               22
  0.62318153154798095               20
  0.65523852694457263               19
  0.54333090782689597               16
   8.5193870588540457E-002          19
  0.47526785982965031               19
  0.51980298098437983               18
  0.79753495761260129               20
  0.50555621492335401               19
  0.18438562097496583               20
  0.83619782638063544               19
  0.16508374675793513               17
  0.89254613926797166               20
  0.65715163526769638               18
  0.73523602423235379               20
  0.35769327416101282               21
  0.62020818781916609               19
  0.30053120118530657               19
  0.87050485299761893               19
  0.82209293845761477               19
  0.54492607811916827               19
  0.81241277597202843               19
  0.72657763379705509               19
   1.0068154392981374               23
   1.0779726412794399               18
  0.90231074496544150               20
  0.95650663176929984               19
   1.0820191547101117               19
  0.90921242137200764               20
  0.79328343796770828               21
  0.75518453084479564               18
  0.88360575321498946               20
  0.89859687893360229               18
  0.87378762260624021               15
  0.96561189021378080               21
  0.93251503721986673               15
   1.1717223884810417               23
   1.0338006864900691               13
   1.1172862636891947               19
  0.85180425354034006               21
  0.73248875560492299               19
  0.63573082612277398               20
  0.91905474337152049               20
  0.69090201584371702               19
  0.71011567056362668               20
   1.0312344498344264               21
  0.74785260390406361               19
  0.79466726009997091               20
  0.84840023596919023               17
  0.42883226651240441               19
  0.93623752132477589               20
  0.28406429381985482               20
  0.25779372513760690               18
   8.0601571507897346E-002          15
  0.36242681886618250               18
  0.42258261004253700               19
  0.61310673710263930               18
  0.80528986773926281               16
  0.95496810679383293               23
  0.58163655066532760               21
  0.52410169493895253               19
  0.45170962807875403               17
  0.64758626003482977               19
  0.93407905436137817               20
  0.66616897086001237               17
  0.91721915822994060               19
  0.77888311350655626               18
  0.86896868499256597               21
  0.43637022980498802               16
  0.45252198193452042               19
  0.55185069565188216               17
  0.27853347997414896               19
  0.80350081847254795               19
  0.91372449342293283               17
   1.1063272145921814               25
   1.2209881755806233               16
  0.78708665647649911               20
  0.82234192869535438               20
   1.0723799512983558               15
   1.1723329635812021               19
  0.99056849441312500               18
  0.96217843232532574               17
  0.93455405384890233               16
  0.94713142155992358               16
   1.0591615117986406               18
   1.0420170289950601               21
   1.1308373491328851               15
  0.77106496871501840               17
  0.96198052990461103               22
  0.52645791608010084               19
  0.74830937517455742               19
  0.93867013066785665               22
  0.87733388613408203               20
   1.1202194892032094               17
  0.67052639082081966               15
  0.73548938567673250               19
  0.62917503453688295               18
  0.93786782538612479               20
  0.56529335049851470               18
  0.22708698225531054               20
  0.66324268489270732               18
  0.22969918289671767               18
  0.86022844409891752               17
  0.37702687893107256               19
  0.45695199548520393               18
  0.82163557738540638               19
  0.48473276933752618               17
  0.61237981398339325               19
  0.82509500116643619               20
  0.89273139851987415               18
  0.39910413194098465               19
   7.4047303435944484E-002          20
  0.69438562915720958               18
  0.29187658808658024               16
  0.32176694090693159               19
  0.56321316847498204               15
  0.40326321383528618               18
  0.71914135108801802               18
  0.68246011718177024               18
  0.90218692709785409               22
   1.1600431633779744               18
  0.96437674388825778               19
   1.1332483336331056               22
  0.94734414169669923               18
  0.84310563453127807               17
  0.96561172676079077               23
   1.2445051226728832               19
   1.0080623396794086               15
  0.92517391804036553               20
   1.1173723096908461               19
   1.1313525968948930               20
   1.2047647973750715               21
  0.93158190950691611               17
  0.94038274955155687               17
  0.90265230770411797               17
   1.0264134066353761               20
  0.59124351282846577               17
  0.74644564344811337               18
  0.94632197850408994               20
   1.0406640941373180               19
  0.52896865589786424               16
  0.35850670881730418               16
  0.89297349717297059               23
  0.63443125032531023               15
  0.77159088216131400               20
  0.85053693132730301               20
  0.51399662018418590               20
  0.50533766929101542               20
  0.74834073080337593               18
  0.81161078775256856               19
  0.61192270896094791               18
  0.65209505368581766               20
  0.73484963467744124               18
  0.79132802403426117               19
   1.0027236468728296               19
  0.71472544233041957               14
  0.56898007269723649               16
  0.54296810902532988               18
  0.82146785756292107               19
  0.95123765877344935               15
  0.59639090240326864               17
  0.74078894141728935               20
  0.60163402513046826               18
  0.81597038817691736               20
  0.76082541722662655               16
  0.83335321808049723               22
  0.77389939487927495               24
  0.49238736180506598               17
  0.85990463586294619               18
  0.93311102251949862               22
  0.99849169248754133               20
  0.55682641904275532               18
  0.66968365180758072               18
   1.2131575128777718               20
  0.82229681165284840               22
  0.93324457562598762               21
  0.87489823002588807               18
   1.2797472724175234               15
   1.1648084204764055               17
  0.85759822249822104               16
  0.58196274963313999               19
   1.1699873890112318               19
   1.0262307168531031               21
  0.98473799281753593               21
  0.85645514342274054               20
  0.96540546937481808               21
  0.75970778309989406               19
  0.83067192104263576               19
  0.78013776868970719               18
  0.98666661211585449               20
  0.88387715701576597               20
  0.68197350606966434               19
  0.80596313500563554               21
  0.53381878785329995               21
  0.42504269436761394               17
   1.2529761518898819               17
  0.63911939274397900               18
  0.78994987699050423               20
  0.84448585997582681               17
  0.87623681106037921               20
  0.62370887215440485               20
  0.43736682495035456               16
  0.63980616437333393               22
   1.1348871449176847               19
  0.84521369804833579               16
  0.79212091290804132               18
  0.34216423839039645               19
  0.28312620603967359               20
  0.92601505122741334               18
  0.96857540892482086               17
  0.74636903620599748               19
  0.84574889412175924               22
  0.91358102339576430               16
  0.76283553724821973               21
  0.88755436588100112               19
  0.42884716992230676               18
  0.59309546513852829               16
  0.65885258317730688               16
  0.80740339385525051               22
  0.66161956910662290               17
  0.80099837529895856               21
   1.2119906219820387               17
   1.1522365943296764               23
  0.59221699682529416               19
  0.71603321631479466               18
   1.0959701510434956               20
   1.0892546090482524               24
  0.97866004233403814               19
  0.99840023932670674               19
  0.90633858873820317               15
   1.0007169508525522               18
  0.88311840906270711               20
  0.90198568079248154               17
  0.96828180611071413               17
  0.71653817629164529               18
   1.2890404272480538               15
  0.83627218691881544               19
  0.81420104398242532               17
   1.0431212925677233               23
  0.78234861266723132               23
   1.0128115117041117               19
   1.1667237058360973               18
  0.83410768694329462               20
  0.79535156319844580               23
   1.1150249178043219               20
   1.0523236460018031               18
  0.43110380491754585               19
  0.87064653749441900               21
  0.53338251650216439               20
   1.0482017343513528               16
  0.72393288337172412               15
  0.98282066307511617               16
  0.84646240998445832               18
  0.79936138344071317               19
  0.20657792078799908               19
  0.79760797600175892               17
  0.99805027493280607               19
  0.74318790210786567               19
  0.56080727312739509               18
  0.85441902544598969               18
  0.62173132790617747               16
  0.75656837964687962               21
  0.52467748239655099               18
  0.27288852823654830               16
  0.40014824946406119               18
  0.99970711876553864               24
  0.90311436472549900               21
   1.0457380804680705               26
  0.93062651825134046               18
  0.72598516483418207               19
  0.93642231436119783               19
  0.82362215320919197               23
  0.39629015899818221               19
  0.88923869697521551               22
  0.59498147704998505               17
  0.75345232721395006               20
  0.98118256937678194               20
   1.2276614272194581               19
  0.90104399321887063               20
  0.94509092924519589               18
  0.99885421763597415               20
   1.0296199652720599               21
   1.0146099783597808               19
  0.95592716802690358               19
   1.1253984180271592               17
   1.0882456551683772               20
   1.2278527292617143               21
  0.97780737309240995               15
  0.99861486017683387               19
   1.2484166396981757               19
  0.65261495861133911               20
  0.95853002458774439               23
   1.0506621959295337               20
   1.0041847867722571               22
   1.0634664136122591               19
   1.1508908481183400               21
   1.1035740862525896               21
  0.65528456075444474               19
   1.1882406343956220               19
  0.90785712316767653               19
  0.93223655732867361               18
  0.62529536703318023               19
  0.84711641399909388               21
  0.97357404144203408               15
  0.60265593568592046               18
  0.63904644563907043               17
   1.0141708205219124               19
  0.25236548036484741               20
  0.29913388605422858               20
  0.98180684297680043               22
  0.73670465020498010               16
  0.91158426713433194               17
  0.47512562131358355               20
  0.47105929962955556               22
  0.93795386519244961               16
  0.97063652426425162               21
  0.46766935724269970               17
  0.75343855074400801               19
  0.76617885817909326               22
  0.76598424296232948               22
   1.1068735814571902               17
  0.68303327647985479               17
   1.3190466221767509               13
   1.0272980515221051               18
   1.1697041430885717               16
  0.79800108755797616               19
  0.77101092700747953               17
   1.1186968598127534               17
  0.84205293901146261               21
   1.0921080387050497               20
   1.0775150719130855               18
  0.77148398248658345               19
  0.97820385136190080               20
  0.99541745531978831               23
   1.1734300167822282               18
  0.92774189999156353               17
  0.93713525275504783               22
  0.89754496490104163               21
   1.0698784263470302               18
  0.88040170589793432               21
   1.2923461053796494               19
   1.2310858032817109               21
  0.75928384673938498               20
  0.91485418168446808               17
   1.0747571732755490               13
   1.0158022208253121               20
  0.82918946608524879               18
  0.60429955786496048               19
  0.81803480327525202               22
  0.73518361232823470               20
  0.96941328965604234               24
  0.45063839820572726               19
  0.95267804461249883               17
  0.45728659153749268               20
  0.94270242084170208               19
  0.71924717283146244               17
  0.73329283552001767               17
  0.92217558292891166               21
  0.75445015363976953               19
  0.35580127249153320               18
  0.60385838814364745               20
  0.89656108292941716               20
  0.86790789552847747               21
  0.44271324055152284               21
  0.65650517468257252               19
  0.97782630126643455               18
  0.68617330539133126               18
   1.0223431847877174               21
   1.1307579105349133               18
  0.80237720693867920               18
  0.73771030410616312               19
   1.0418829448968812               18
   1.1291393800604015               15
   1.0833467199731148               24
  0.73214426467488303               21
   1.0517843759908923               22
   1.0753801875361939               19
   1.2173993233714426               18
   1.0413924621855797               17
  0.61903725483641026               16
   1.1861999328002657               15
   1.2381663224256463               20
  0.82335882402060900               20
   1.0009455521759694               22
  0.79316864374523655               17
   1.0909820218656892               18
   1.3203475575061452               16
   1.0060531353489681               14
  0.86080306061138134               21
  0.78802732133304543               19
  0.96358668447081741               20
   1.1095287972209864               19
   1.0485082572335969               21
   1.1615892625552322               17
   1.0915094599052866               15
  0.88620059053715960               18
  0.98165700508984555               19
  0.78606934730744915               15
   1.1366797096220607               18
  0.91954365525354653               22
  0.55080119637307545               20
  0.79918667815464239               17
  0.84278847696555681               19
  0.96873066980558564               18
  0.38652289057532568               18
  0.66235636754204874               17
  0.68118058939987058               20
   1.2134728061598576               13
  0.85006509664327989               17
  0.27552618880121477               21
  0.67943624428224336               20
  0.85614881508832674               18
  0.64308439008111051               15
   1.0772255937756408               16
  0.81602262602206155               17
  0.95605018006972986               23
  0.86283343728737727               17
   1.0173651666319721               19
  0.91521613596160456               18
  0.88557036066118933               20
  0.52407177334170885               20
   1.0279209903156004               26
  0.61146467435388352               19
   1.2918118715490823               18
  0.93507559059628353               18
   1.1176259887586084               19
   1.0743691863774034               24
  0.91382763738628092               23
   1.0977699892688919               15
   1.0419673735836046               16
   1.0154058330513522               20
   1.2631986938014537               19
   1.1370943968379619               23
   1.2734722496163231               19
  0.99476372247901135               22
   1.0883277123157329               20
  0.73976880458312588               20
   1.1844360316210110               15
   1.2689408823394310               19
  0.89302006490997543               18
  0.98168319750682775               22
   1.1333490000492388               21
  0.94798527069547989               20
   1.2243909537585922               19
  0.80349917767847778               18
   1.0011496438362883               19
  0.76207546948768967               17
  0.94655068510922125               14
  0.67343582439772520               20
  0.98827069304452075               21
  0.78919042366661551               20
  0.89637156196898582               21
  0.77566915226992594               20
  0.49075327254957618               16
  0.73051324037439869               21
   1.1593493686658634               15
  0.55744666079741445               19
  0.78793245379488841               19
  0.93295420451568956               17
  0.61951652437450799               18
  0.80095293147777191               22
  0.85033689502809395               17
  0.80530848888432216               20
   1.1896041615991884               20
  0.45450041278668019               20
  0.84370790061104040               24
  0.90662487718128026               21
   1.1084771454686180               15
  0.76104126998262178               23
  0.98957382455058351               20
   1.1106767710658518               14
  0.88220662199182198               20
   1.2053546858742339               25
   1.0718233247577655               16
   1.1071434403718359               25
   1.3315201150642704               14
   1.1100368968179595               19
   1.2245423526531500               24
   1.0693506453313026               22
   1.2045798967077830               16
   1.0326981479827035               24
   1.0265290690304831               18
   1.2237069482075382               18
  0.89214748293113000               18
   1.1099024423946964               20
   1.1154154298648864               16
   1.2943707344054640               15
  0.62859179484089200               20
  0.72248787720449303               18
   1.1035504605553499               21
  0.96349627012607186               21
  0.66380433315224230               21
  0.95807973560313830               19
   1.3504688219558425               17
   1.0071851769886937               18
  0.90639744082872975               17
   1.1224308176779951               21
  0.95041805737575935               16
  0.87730238018981543               20
  0.94287066373323902               14
  0.86132635298722060               19
  0.55730863435795808               18
  0.74314146308180540               18
  0.88983313114509044               23
  0.58163159415518562               16
  0.57706957206211851               17
  0.80550599092186292               18
   1.0602433941112115               18
   1.0129570774233783               19
  0.99699736321313526               15
  0.48874290392151787               17
  0.91872110383725691               17
  0.53139988841207109               19
  0.72558820651126543               19
  0.72444777754027467               18
   1.0884424732190225               23
  0.98927615178025297               21
   1.0036152313699223               20
   1.0495799303058182               19
  0.72771229539466431               17
  0.94818688552070107               20
  0.68802774593996630               23
  0.92057098675606530               21
   1.1751313841159730               20
   1.1290468264629570               21
   1.0823104393683540               22
  0.95499011044883475               21
   1.1789473333322460               25
  0.62920158011552429               17
   1.0094520611459357               22
   1.1005570613625206               18
   1.0236300737019497               18
   1.1860683673360404               20
   1.1319965265898326               21
   1.1959964196085953               20
  0.69645513137717652               16
   1.2399755215231194               21
   1.1621445806051065               21
   1.2717527770665475               17
  0.96369491708775845               21
   1.2730444569993282               17
  0.93121475417689559               22
   1.0066274885289546               17
   1.0750294055201945               22
  0.84920819266129588               19
   1.0102829278998136               22
  0.90665679080742145               21
  0.93467901603098258               18
   1.0731136784825006               21
  0.94223660885471128               17
  0.85317862445940185               20
  0.69910215987483149               19
  0.72873448388656015               13
  0.88097034105675442               20
  0.86011777570175563               18
  0.96056824930119722               20
  0.76259700262532981               18
   1.0067531147066755               18
   1.0601101901205154               17
  0.93764587916694597               19
  0.83921130701549351               20
  0.78865826828960839               22
  0.82155575275503478               23
   1.0447776284855339               15
   1.1422422627885300               20
  0.71111614977140047               18
   1.0540067153826322               17
  0.45280105177239743               15
  0.91651859237039113               19
  0.67509261488174799               19
  0.87728294446235400               23
   1.2819999589090443               16
  0.88921488161239726               15
   1.2778971600927176               16
  0.65857471601533002               21
   1.1674127009408970               18
   1.2734750415731557               18
   1.3125481582841361               19
   1.1458947281678653               20
   1.1809188604010237               21
   1.0869842170783177               20
   1.1840109622642607               21
   1.1944160006820761               22
   1.1018975273904850               22
   1.0391683121305986               17
   1.1591488740921632               21
   1.0876426511400543               22
  0.62566917462087990               19
  0.96122043574786697               19
   1.2031891044389293               24
  0.90405399923876728               21
  0.92049751057072016               19
   1.1667003296730329               19
   1.2130101554310178               18
  0.88340405057881477               18
  0.68837055151291293               19
  0.77004197483327463               20
  0.95936722138404629               22
  0.73742960275104796               19
  0.84453126337890749               22
  0.96736516242362014               17
  0.84396140775900108               19
  0.92161982558782884               16
   1.1008540465169385               17
  0.66712965904510391               19
  0.96866120041584336               18
  0.97058918050402088               22
  0.89781522234958067               19
  0.86115064119285145               20
  0.67427624908935579               16
  0.87557127952328206               21
  0.99144407813346846               17
  0.79490667760418732               20
  0.59916310242229320               16
  0.62429550872183159               19
  0.88786275603979770               18
  0.98876507109709544               23
  0.73703194746120482               20
  0.91286757177822364               20
  0.94891374962435993               22
   1.0099119645769583               21
   1.0537138737072052               17
   1.2432336015136820               19
   1.1477944868078160               16
   1.0281612903540613               24
  0.83966490335946153               21
   1.2544190271389459               17
  0.97714150565416358               21
   1.0327178289141796               24
   1.3325023920092123               14
   1.1578068425973158               21
   1.2785239427732975               18
  0.51672250467236969               19
  0.91535711692377242               23
   1.1191726037066152               14
   1.1396454077061144               18
   1.0431161764173382               24
   1.2769861650480410               19
  0.87392866948148873               24
  0.98062226769652194               14
   1.0925197891710234               20
  0.90058632727159349               22
   1.0127670749787050               18
  0.97145054631186167               16
   1.0233718383790307               19
   1.0065845958488515               18
  0.85647484062204426               16
  0.82337675400348165               16
  0.96652029427966801               14
   1.2326131875991346               22
  0.29553676280302266               18
  0.10288839394726845               19
   1.0550000813360261               18
  0.99314190167630267               18
  0.88146500468510725               18
   1.0150389660296106               24
  0.80599901019392617               19
  0.90481233132367012               18
   1.0618788520433977               18
  0.54029922808668618               22
  0.25953792776496037               19
  0.75078543523188535               22
  0.93585255432715320               19
  0.89657214534684782               16
   1.2441299686386615               22
  0.83167221127920576               17
  0.63241418004300176               18
   1.0184172756941936               23
  0.68432881474433971               16
   1.0073442371593155               19
  0.97430071417861130               22
  0.63243726916217935               16
  0.93014762952936636               21
   1.2320927663635302               19
   1.1702974323820259               23
   1.0455422127354905               22
   1.0840114815534312               17
  0.98757044619635914               18
   1.0169789800398392               21
  0.98185346480399549               21
  0.49481909955859865               21
