   1.1111972839093720               20
   1.1809039031711255               22
   1.3216057539412849               15
   1.0916717828036460               17
   1.0511803919544120               21
   1.0725264247429638               23
   1.0618039914249753               20
   1.2449291913341762               15
  0.79689149148850114               20
  0.97715615588455529               18
   1.0128299890041133               22
  0.92231616945544770               24
  0.87617163886746219               24
  0.92202059453358698               21
  0.75800538474532853               20
  0.88148636727571639               22
  0.82143023292366224               19
  0.95085134171614694               17
  0.86706167671510814               16
  0.90311273629910593               24
  0.77028375450102082               20
  0.52069487455521934               21
  0.83585422126622566               18
  0.57125785158681353               23
  0.75912349221788622               19
  0.91883832801373722               16
  0.68618766274452936               21
  0.89098494044388754               19
   1.0099036055536841               17
  0.95186494544753975               20
  0.95040278353802032               23
  0.67156118635569040               22
  0.83195560108656563               18
  0.83017841152794525               19
  0.72853391823893454               17
  0.93726380789478836               21
  0.47870917249410383               22
  0.94645729501289277               16
   1.0274429318115883               20
   1.0007935881209413               19
   1.0342541904328189               19
  0.73652396077256244               22
   1.2462112555861398               16
   1.2768823302649090               15
   1.0119345655552174               19
   1.1184657295207538               20
  0.91294235286943426               21
  0.99040163393884562               21
   1.1084154513924547               20
   1.1109726458967368               14
   1.0956266793037064               20
   1.1780836702062083               17
   1.2199497041498941               19
   1.3584172505785841               15
   1.0762675948520650               17
   1.0079547810147071               18
   1.2160246015829932               14
  0.92250617108960808               21
   1.1430479267874918               19
   1.1179687599210391               18
   1.1475207845940640               14
  0.97612027205851915               21
  0.97055845026329857               18
  0.93694614264143949               24
   1.1057704320160280               14
  0.93522242706178127               23
   1.0720393458959823               17
  0.84347061307222815               22
  0.92099198634266188               21
  0.89632302659266949               18
  0.76416450921421419               21
  0.98421070032695179               21
  0.71809126191990880               23
  0.92993703826030172               14
  0.96344421647617917               14
  0.82501063011944598               16
  0.89832046324915737               25
  0.89262416846801484               16
  0.81062046288978840               21
   1.0173253207507240               15
  0.95592464796514010               16
  0.86860320799112178               18
  0.97818921978784901               17
   1.0008650338162310               15
  0.89871061589259227               18
  0.86429735053109868               20
  0.98276375343621036               17
   1.0412376188741723               17
  0.90570075480883194               22
   1.2707599170927144               17
   1.0637563404753101               21
   1.0802620296180072               21
   1.1734979798506140               19
   1.0957404207907269               14
   1.0859581682400612               19
   1.1615567503259612               14
   1.2184950624623265               19
   1.1553709322159473               12
   1.2738766015545195               17
   1.0323389986537428               15
   1.2178034409981544               20
   1.2640218055828660               16
   1.3135501158793117               13
   1.1691323160850220               13
   1.2712328513403439               17
   1.2772808470485988               17
   1.0306199784442245               17
   1.0191987230187436               17
   1.0065943880641208               16
  0.93076383652314498               18
  0.92159836691617669               17
   1.0546780653114411               16
  0.82259979816171835               20
  0.99418329496637892               18
  0.78839167484574635               18
  0.87252749024195608               20
  0.65389975708510095               18
  0.95546885844868990               20
  0.89066513765368871               20
  0.92256793954691207               25
  0.97458640168622157               16
  0.84944872218281786               18
  0.79573186376342964               18
  0.87516008192538741               18
  0.82254462950049623               16
  0.77378229880794724               19
  0.95627412822813129               18
  0.95068993929169598               15
  0.88477116017182322               18
  0.77402068694330095               16
  0.69684251115634488               18
  0.90330433341846195               18
  0.89692022784437841               23
  0.81179891555259087               20
  0.93326340904385596               16
   1.1856065582176056               14
  0.77967379234334089               21
   1.0768526868327037               21
   1.0073356025291107               22
   1.0072169556151347               16
   1.0104356215202734               20
   1.0906168052363787               19
   1.0528261904023815               16
   1.0241322941691706               21
   1.1488559066252955               14
   1.2149330771960727               17
   1.0982189278082275               16
   1.1743253446499176               18
  0.83527802339610202               18
   1.1659708711169630               17
   1.2266814901171899               19
   1.2597383962452808               18
   1.0820808777525461               19
   1.1181477928278714               19
   1.2131605397687872               20
   1.0427613821607353               20
  0.98163961877952077               21
  0.82796224006176589               21
  0.99781945587604981               18
  0.86340095249606796               17
  0.84610811417394161               20
   1.0495410732970236               16
  0.83812575680394941               20
  0.75963774655576000               16
  0.70119439965121999               17
  0.99871949433622231               19
  0.84108759831099233               22
  0.97315291610670485               21
  0.97511204518371675               21
  0.80455284608312749               22
  0.72299939870346419               23
  0.87189025813428700               20
  0.87481797711514864               17
  0.63548098975577494               19
  0.97391387858937772               23
  0.68790853827275167               21
  0.58356926230146056               21
  0.75873306994005629               18
  0.93064220427560640               16
  0.90504477965160923               22
  0.76284295239276356               19
  0.65622260197150895               21
  0.87827652439559234               21
  0.77982748898767429               19
  0.59244383479845231               16
  0.93336655666261792               22
   1.0247280635528861               14
  0.99396803364375663               17
  0.64162564492540985               21
  0.98782793114332301               19
   1.1604532226815667               17
  0.93170151495598985               20
   1.2066369067509835               14
   1.0121861564660484               17
  0.93331738044303203               20
   1.2349880723363122               15
   1.0083629215511236               20
   1.0156172236349128               25
   1.1180847954575497               17
   1.3052965458172092               15
   1.1602910366305659               21
  0.83625371634356116               18
   1.2455372060890364               18
   1.1859547035741234               19
  0.90380861769116227               21
   1.2476711871493922               17
   1.1070808249181705               21
   1.2323365126364711               20
   1.2495128902635992               15
   1.1029861031952115               18
   1.0532552032337374               22
   1.0146281580891199               17
  0.98998285976111022               20
  0.65009519262202764               16
  0.83322562209731421               19
  0.89332785052004726               23
  0.57791769262909498               19
  0.92897561587713906               25
  0.89946453299207618               15
  0.81194585319577073               24
  0.63659092516054394               17
  0.79622871607023249               18
  0.95425345049493349               21
  0.92111622552958738               18
  0.69204399330710298               22
  0.86921099754539655               17
  0.70338412960810326               21
  0.63194528265743444               23
  0.95079726127248765               14
  0.94820334110906035               16
  0.56387780233765394               18
  0.79518962068433063               19
  0.93026843033060247               18
  0.68358264094751464               21
  0.86498573070281382               23
  0.62730749021564025               21
  0.88255288778883711               21
  0.92210841429173618               21
   1.1057278838160909               18
  0.78673999994758370               16
  0.83411710388336890               18
  0.95947013141902293               20
   1.1388071737508467               18
   1.2080880576802306               15
  0.87745298341960409               19
   1.0768993116194845               18
   1.0428252649625509               16
   1.2681359796902372               16
   1.2163457156530362               18
   1.1633273555593955               15
   1.3163672308460521               16
   1.1935923575951810               20
   1.0948597230674684               18
   1.0956841553991119               15
   1.0378440839927490               20
   1.1567061769512212               21
   1.1450544186762628               17
  0.95262025990784427               24
  0.77432610961871962               20
   1.0334209263106451               18
  0.98904670795630578               17
  0.89416904638987149               18
  0.87298964123745049               18
  0.87502322495650997               21
  0.92797682491296596               26
  0.82773958753656507               21
  0.97686414516942044               18
  0.68163765420003297               24
  0.87212387782711365               21
  0.86729999353932252               22
  0.93197817117180504               24
  0.54155886160343858               19
  0.57531485009173777               20
  0.85181359901109011               17
  0.37290953590330439               21
  0.73630214181497344               21
  0.45077655618224832               19
  0.88583116261533845               23
  0.45800333766076212               21
  0.65067594553359320               21
  0.78220776506194578               21
  0.69752598807242994               24
  0.85709027470702692               19
   1.0172514937510393               21
   1.0095392334816347               21
  0.71141822892677431               15
  0.94079495786093781               18
  0.93632513384919358               18
  0.65832173471029953               17
  0.73492337333809943               20
  0.77847806607489090               17
  0.84530801274699874               15
   1.2749724090587480               17
   1.1958781914950090               18
  0.91264726747715597               17
  0.93519812882791198               21
   1.2351314303083247               16
   1.0924446039930544               23
   1.3457412215080291               16
   1.0268794275497957               23
   1.1393266280402670               18
   1.0133848867588813               20
   1.1122893065521160               17
   1.1778684295801953               16
   1.1424139604094294               22
   1.1492741853399906               18
   1.1187575901358093               16
   1.1329414980282861               16
  0.97773660738517332               22
  0.86980679725897947               19
  0.97065549757839797               18
  0.88974064908920891               25
   1.0933569330896118               19
  0.91749928837209260               25
  0.85777375553633817               18
  0.72895644530724391               15
   1.0435627236287526               18
  0.64118548079822224               20
  0.74095844900951169               22
  0.74651823239386905               21
  0.74757913529816611               21
  0.66972293020970652               23
  0.72584341536132690               22
  0.65779212033625789               22
  0.54597553958730283               20
  0.71639243142395448               19
  0.33075528236165763               16
  0.49906643654851707               19
  0.95229877769686400               17
  0.74700656550870648               19
  0.86084463304006620               23
  0.53977108950680763               21
  0.82445964116947135               21
  0.81946728184147644               17
  0.68970583616854997               17
  0.95848395216701143               21
  0.70459995838152722               16
  0.96780668736172804               22
   1.0290226309333679               21
   1.0737313335455094               19
  0.81409229854624765               16
   1.1020864489419799               17
  0.95820466539565496               19
   1.2694720431502982               16
   1.1534505354416151               18
   1.1261355085125562               20
  0.99744490106654260               18
   1.1512351683239983               17
   1.1254222587646583               13
   1.2933636098121470               17
   1.0227340581128259               21
   1.1381234385970078               19
   1.0268291696010037               19
   1.3055022103877016               16
  0.92834377180341898               21
   1.1620720632770689               21
  0.74815472970209673               21
   1.1560388671161030               20
  0.98766539444452150               21
  0.71041993248768964               20
  0.67838885656981762               17
   1.1415619972926019               14
  0.85307417205833735               20
  0.79326689740191547               21
  0.84631316979874682               24
  0.80389877814084865               20
  0.71821754195177934               16
  0.98049567101861068               21
  0.92488032022500655               15
  0.79985790451492889               20
  0.69705750574070935               19
  0.72080695350129698               22
  0.91812394396106600               26
  0.79622289906392119               20
  0.49267768905248843               18
  0.22717931119433038               22
  0.75100639590906471               19
  0.56841305953020949               19
  0.51187964955712595               19
  0.78340689381001505               17
  0.70736142999171769               20
  0.60318413873589782               24
  0.82927495500285275               17
  0.68421067842699079               19
  0.96382912962690659               22
  0.60811080078184832               20
  0.92667641964955538               19
  0.78101504617153283               15
  0.90147406300262500               16
  0.84363227843164568               24
   1.0428237865856436               18
   1.0770996100580901               20
  0.98837888232425863               22
  0.92224105586862615               22
  0.98742066030980569               17
   1.1441132096121844               16
   1.0546038918095486               20
   1.0591803873884822               13
   1.2156420992816763               15
   1.2758881857231545               17
   1.0403160592885874               18
   1.0731545236409363               16
  0.96731973808735505               21
   1.0865113216478028               15
  0.90276652209499297               18
  0.94433704174036370               19
   1.0790749795643597               19
   1.1374463520658715               20
  0.63813965919028626               18
  0.74764036573870307               19
  0.83173681404212885               20
  0.98526308606631219               16
  0.79712330346342664               19
  0.91919175196886627               16
  0.84420712047263491               20
  0.65439126094735545               24
  0.63068473261531421               18
  0.85353636536918986               21
  0.98038355792332021               21
  0.81024931017250634               21
  0.78353549027068925               20
  0.75422664188679267               21
  0.76608573953456738               24
  0.56294743061993680               21
  0.46700704899352224               19
  0.68232221375453117               22
  0.43747077362956360               21
  0.79292021708096527               17
  0.57626236616743309               21
  0.57317133296673251               20
  0.73611702928373390               20
  0.49215846948387548               20
  0.44427499957144112               18
  0.59749892602408738               22
  0.65950928393017916               23
  0.89631337203755801               19
  0.75146207306294421               18
  0.88469587597141619               18
  0.95202163965975295               19
  0.90184166163403012               17
   1.1325597749148653               15
   1.0767722632620966               22
  0.88846684621618244               16
   1.0305670695934783               25
   1.0027629844835881               22
   1.3113818079986825               16
   1.0673730706975264               21
  0.99701821085334641               19
   1.0193328191824003               17
   1.1108702764106395               19
  0.95244281820774712               18
   1.2966250101309009               18
   1.1951809074166453               19
   1.0453196405686367               19
   1.1052706581074938               16
   1.0800865585563433               16
   1.0298939948898245               22
   1.1840606505535063               17
  0.72084234964830030               19
  0.73361501946076335               18
   1.0037665149235642               16
   1.0012133313339000               20
  0.74276661617267203               18
  0.66067261479263872               19
  0.74987284438977309               19
  0.76526207687938319               22
  0.61381801389250878               20
  0.48407171931445703               23
  0.66043114663461522               20
  0.84422219989674940               20
  0.87115283418552991               17
  0.73603355648547464               19
  0.59169381122255682               23
  0.41184771292292405               17
  0.47875261535728669               19
  0.65477813816737118               20
  0.74872492460676765               18
  0.94985879194563938               16
  0.69877192020956969               18
  0.43278415797706699               24
  0.87846679763537960               21
  0.61903764716793930               22
  0.72356148411785759               21
  0.93443747685397027               20
  0.68000037882077857               17
  0.85798453530749119               18
  0.62172710903398354               23
  0.86234793492236828               19
  0.88293874362260516               21
  0.94412422815056873               15
  0.80946838156128809               18
  0.96997961449627790               18
  0.87992363524413253               20
   1.2034533228946644               14
   1.0160292250876111               18
   1.1221823035590730               13
  0.90175814952818645               18
   1.0819198558317684               16
  0.93733894812475604               24
   1.3348118898897490               17
  0.97426476368969128               22
  0.91623007163946502               21
  0.90253487264196885               22
  0.92404989762506728               19
  0.79957726611412194               19
   1.0278916127564253               21
  0.76648910763118505               23
   1.1057470934081934               22
  0.84819494207595580               20
  0.93740425595782340               21
   1.0191019124822849               18
   1.0659741440405950               18
  0.57005277888968053               22
  0.52542642527242278               20
  0.55952783740332179               19
  0.80616860699452975               21
  0.79080809077162850               22
  0.71711433662948365               15
  0.47126036972048468               21
  0.44671372206796445               18
  0.61047200195041451               19
  0.61468688171949715               20
  0.56671172086184751               19
  0.52382047633794437               20
  0.55828776194232921               19
  0.31032958591076287               16
  0.82910462123923923               17
  0.63133364001772263               23
  0.46478418134004124               19
  0.38415319102755718               20
  0.68662693666380514               20
  0.80992095986932178               19
  0.81396730629079106               20
   1.0013512311730390               23
  0.58957946319634469               19
  0.84840332035429522               19
  0.79677036140488078               15
  0.55558598102463175               19
  0.81179212609599660               17
  0.60890771373128094               19
   1.0040057947694365               21
  0.77428656637657778               19
  0.81698430519377263               23
  0.76289711982924080               21
  0.93324946332766967               16
   1.0106691205260365               19
  0.83025740389599523               17
  0.92631888074294166               19
   1.0465065763378558               16
   1.1665130408785189               13
   1.0190077267015882               17
   1.0828528529295216               18
   1.1051325146871736               20
   1.0397742599323190               20
  0.98905425085028631               20
   1.1327710025739559               19
  0.59838158253732576               18
  0.82793225903684464               21
   1.1882353264086127               16
   1.0252090663425151               19
  0.94841111829332969               17
   1.0833968294883267               18
  0.58132924908889305               17
  0.63939952434249026               18
  0.70482552221894601               16
  0.75808475365095385               21
  0.78965218623660738               19
  0.58077491959922189               22
  0.72527735117615788               20
  0.51581122738125618               18
  0.59414600786398619               20
  0.65299608011175281               22
  0.43849280321810014               20
  0.59380923548650499               21
  0.61576481688480988               24
  0.42269676309635573               21
  0.64475995013157938               24
  0.38813236737267648               20
  0.37014242699888983               20
  0.36794683625704461               23
  0.42487198496993972               23
  0.85983269296165610               19
  0.69903844955470518               20
  0.77792893885450987               20
  0.46317560119542667               23
  0.80381130770176390               19
  0.73095897080110805               18
  0.79356008509113929               20
  0.74436758949619619               22
  0.94232568886351575               18
  0.83377194778484764               21
   1.0861519589895103               20
  0.61258865185453115               18
  0.70771329771077918               19
   1.0449319378697477               19
  0.73564736412113008               22
  0.77964708351702861               20
   1.2350218301262510               19
   1.0324658139834837               16
  0.94670859826739562               18
   1.0701755801909356               16
   1.2423487726992504               18
  0.84997512626439509               20
  0.95731672046389049               20
  0.90940801518955683               24
   1.0344603892297688               18
   1.0333864241577457               17
  0.76083363437977780               19
  0.80556142667498498               20
  0.79211868872099578               21
  0.94114323236540531               19
  0.75791452205329557               19
  0.78287673003616531               18
  0.89048118109472840               22
  0.70212557388507491               17
  0.52646759556936507               22
  0.77183701724257381               19
  0.47102790769286057               19
  0.57825252358777002               20
  0.44926311148999415               21
  0.64074599682023803               20
  0.51340751062867762               19
  0.66952089071465004               19
  0.49149028041744369               16
  0.54019142109571994               19
  0.68387142856148841               20
  0.29187633437086735               16
  0.24731159833309568               19
  0.63562680783202719               16
  0.50015822372389485               21
  0.59513539973307084               21
  0.56058348790593937               16
  0.65608357060272837               17
  0.39471902456554847               23
  0.58437315278315871               18
  0.54428716351301665               17
  0.65431201817490714               19
  0.95450502956120931               18
  0.45332763325337638               18
  0.77332744761177519               20
   1.1992760489095484               15
  0.82552044006495717               20
  0.69343090760549453               20
   1.0351070297392384               20
  0.83302025664195478               23
  0.68704252107846808               21
   1.1310418732119982               14
  0.96949779535025138               22
  0.97917077400247465               22
  0.84106422970262862               22
  0.98353863357100879               19
   1.1146950726222908               21
  0.93373775005162640               20
  0.98129459526090335               20
  0.97840350312583002               18
  0.77304110757982236               24
  0.90564643233870457               22
  0.86741896480221947               20
  0.53692664399254986               19
  0.95198196866689200               20
  0.43004555923777010               21
  0.62275725677314075               16
  0.56937449150255071               22
  0.92509746112733737               20
  0.73609259991170206               21
  0.70913722846019556               18
  0.36777679457768997               23
  0.51701588105220175               19
  0.71432055727202637               19
  0.64070816182178425               17
  0.40485270297062914               18
  0.26916719365846192               19
  0.45142534861730427               19
  0.31636079102816828               23
  0.49207748223254855               24
  0.83182957781773725               23
  0.62078048901346050               20
  0.38950644978061383               24
  0.34233654059330904               21
  0.69480163843152665               17
  0.60850893702415276               19
  0.33747959482384865               23
  0.66010464898263066               19
  0.62919224277503238               19
  0.42950237037479261               22
  0.89109412107000063               25
  0.97708307959631413               21
  0.77932730377604353               22
  0.92393555549521489               21
  0.97781254537454687               20
  0.60303365709679901               16
  0.87344175345746455               18
  0.88203817781157856               15
  0.81726352143567593               22
  0.79451743886121784               19
  0.86775943750246709               23
   1.1325896163528071               14
  0.97116025182038090               17
   1.0429539078877101               16
   1.0567192412361286               16
  0.77718696161640888               19
   1.1745595629234060               20
  0.96913364772942800               20
  0.80344824610347298               21
   1.0790584634995903               16
  0.88878243839880855               20
  0.42310207747608958               23
  0.69484704538367459               18
  0.59142779641753429               22
  0.97294026824324087               21
  0.85130086426399953               19
  0.89331576914935296               21
  0.43899360194015580               22
  0.60153550851193927               20
  0.77714735299091720               20
  0.43304942748949571               19
  0.65547545006297825               21
  0.39621781510873294               19
  0.40996634726222803               20
  0.54962096546334671               19
  0.35578714314308124               20
  0.27063863205996991               19
  0.50104432051088510               23
  0.70974599842208186               17
  0.30894709721284636               19
  0.50924406309951809               17
  0.59549043700289173               22
  0.32172125226171705               21
  0.53458038019627763               19
  0.23760229811109232               20
  0.38174481073581379               20
  0.79250850589775468               21
  0.46960788570507944               18
  0.39692615538762321               24
  0.64018685327012348               18
  0.90281894574925403               18
  0.35002967144274594               23
  0.74742718001956532               19
  0.70522644634851173               24
  0.64769724994418598               25
  0.54072069046340954               15
  0.96613565120550715               20
  0.78338837090614222               20
  0.65987401959690739               21
   1.0724955967727201               15
  0.74204058736702583               21
  0.95801491567781938               25
   1.0396501337259623               16
  0.80394315455685050               17
  0.72884429687242835               21
   1.0123897727903823               18
   1.0608737180068901               21
  0.85097777194178303               22
   1.0079540285244311               18
  0.98021571625113890               19
  0.94438025982561258               19
  0.86255493796006877               19
  0.89681774609653608               18
  0.57443100284889059               20
  0.87893424539833154               19
  0.46035874417480077               17
  0.65755520526620792               18
  0.61071720198817070               18
  0.59426855981480675               23
  0.61097809846432016               17
  0.45460848584670172               19
  0.61632081665329130               20
  0.68041552069270794               18
  0.38636943978879612               24
  0.40901023235880724               20
  0.52425140790897418               20
  0.28411592779716549               19
  0.52876488094883423               22
  0.34463736168966419               17
  0.69170043768722400               21
  0.29164943813702970               18
  0.34758726678229956               16
  0.40391297781020363               26
  0.69188989782619570               20
  0.41479347391762589               21
  0.21417647067350815               22
  0.69899968643243826               20
  0.46294827733181310               20
  0.50742983046044243               18
  0.58938483407163689               17
  0.47577185315139670               20
  0.73530921841149666               22
  0.51102729394978663               19
  0.76339505578343947               23
  0.65972021609939091               17
  0.89224053873353659               26
  0.68772988890501741               19
  0.86267458962371069               22
  0.52133337819315806               19
  0.35343133087140416               14
  0.75332698860872627               23
  0.98556816178885887               17
   1.0049492942987917               18
   1.0681908135791327               16
  0.75494879845161167               22
  0.87192772953524633               21
  0.80817228138839337               20
  0.94760235040184504               15
   1.0121343635850366               17
  0.96749344065404608               19
  0.93233989340850321               22
  0.48893398306487368               19
  0.70211903144235732               22
  0.51440241401131870               20
  0.71887084454485450               19
  0.52178160557224174               18
  0.50339425355267320               21
  0.40311129659396444               20
  0.62183594674434095               18
  0.68210061098240105               19
  0.63949528822792556               18
  0.48577118882725129               23
  0.62140389702208465               18
  0.45387466250669795               20
  0.41593161334148043               20
  0.30742726027709844               19
  0.22548653511371855               19
  0.35940377823407188               19
  0.21043432796872361               21
  0.53363352741369308               19
  0.45527149257043270               19
  0.40780865618924328               17
  0.20987839554931206               17
  0.37282970383522868               20
   7.0379494465351911E-002          22
  0.57099502113789069               21
  0.63014214657538481               21
  0.14327723010956461               22
  0.69528562644038683               18
  0.63061767683355541               22
  0.43262003620471839               21
  0.36766079465826706               21
  0.77179930026787680               18
  0.60506431264239602               18
  0.58971270308277224               16
  0.59716712340917943               20
  0.82863338685403343               18
  0.83045219691871686               20
  0.91858915682038467               20
   1.0063218832249721               17
  0.98639834952166627               20
  0.58563788809947526               15
   1.2079311528771497               19
  0.97468400899794283               23
  0.93651721496012130               23
  0.92921047633221421               20
   1.0275561958493513               17
   1.0223424273390538               17
  0.68219269316196851               20
  0.72070798460151020               18
  0.82246083129557224               22
  0.83116466247600007               20
  0.90819059444373174               16
  0.69658809984892012               19
  0.77422836220550428               16
  0.79202851282035858               16
  0.53332605695945434               19
  0.56054206016916819               17
  0.44907048715184122               20
  0.75591382493010373               16
  0.58705596802774651               16
  0.41241086326294302               19
  0.61872585666803193               21
  0.46676399205857211               21
  0.42424102807211467               21
  0.41934244160574663               20
  0.30320172896796904               22
  0.19859301542512814               19
  0.26415021772931013               24
  0.56040116686789376               21
  0.30223992747659162               22
  0.14811331093276725               19
  0.49359149655616563               21
  0.65111405952622115               20
  0.49724684257746993               19
  0.32406479739003896               23
  0.35868057145847354               21
  0.50400044220385332               20
  0.39532875034334014               19
  0.86702910578074133               25
  0.77248085862041738               18
  0.50418215510729747               19
  0.67354586149512785               18
  0.69603449123093275               21
  0.70469518198325709               24
  0.90899610885241366               24
  0.84350071961605166               21
  0.77550529238244681               18
  0.92285129034537283               26
  0.69807126160873867               25
  0.75888355243203176               21
  0.58852098121472407               20
  0.90763426075937093               24
   1.0053369817037907               20
  0.89766739169346310               23
  0.83783398087702898               17
  0.97484679433256560               20
  0.64763175330676348               20
  0.77073547239292173               20
  0.97415032713387451               17
  0.84299763881855683               17
  0.67663231488090703               20
  0.85287892144063837               18
  0.72060876388202577               19
  0.71553145350894864               21
  0.66978329691679650               17
  0.60597641291981952               19
  0.31568561089912178               18
  0.41343308665247258               20
  0.36403862018506877               21
  0.69528028295483679               16
  0.27382030848588340               21
  0.44833940934055905               24
  0.32141297354066761               18
  0.54913902140672799               17
  0.60419707700355407               21
  0.24564334878138966               18
  0.34244450164402346               20
  0.45819034343224696               19
  0.37429181466260358               20
  0.29097337731163753               19
  0.46997932709199336               20
  0.18530078361924776               16
  0.37306035826791933               20
  0.33486725981029947               23
  0.34893015210334410               21
  0.35234520613797565               18
  0.79848403216109465               20
  0.62070279612034784               24
  0.46905201689591558               19
  0.30671072127317134               18
  0.55540249423836341               17
  0.48224314791829176               22
  0.66050165747158662               20
  0.78865085236345212               23
  0.64620853663195554               20
  0.82668085828703608               21
  0.91624577873843127               23
  0.83479341312105881               18
  0.94528963890109929               21
  0.85746208263483659               22
  0.92147954005934229               21
   1.0850614282190640               17
  0.94885260818437744               19
  0.71647897818817929               20
  0.81839437071731214               19
  0.73863165031512235               20
  0.82355565301660205               22
  0.97218346097744157               14
  0.75883955660418734               20
  0.89438464195717926               22
  0.97765622856289136               14
  0.53778578200985905               19
  0.81860899582594127               16
  0.74292761660541362               19
  0.49887180253251895               20
  0.59628659325738531               20
  0.60164766593892516               17
  0.56703667414325132               21
  0.40782293346796084               19
  0.56318939759046904               22
  0.44080969613461340               20
  0.56686908472436381               21
  0.21088548353587364               18
  0.18081663575893148               19
  0.39425317032354856               18
  0.52336490215047760               17
  0.36483044040824003               24
  0.43482882155194114               20
  0.11448954697073094               19
  0.21296656651510271               21
  0.42267869013458603               21
  0.23984634360015514               22
  0.42450462076125689               18
  0.20018433715747139               25
  0.24980070403108492               18
  0.54239459891425168               18
  0.46370666615382106               23
  0.71062729007752812               20
  0.64143907985438431               24
  0.68863982712106198               21
  0.81255500237151435               19
  0.65273090332392125               21
  0.83928747372034906               21
  0.90085304947776057               24
  0.64488339309018439               22
  0.62367905628079767               17
  0.89967298707895682               16
  0.72336870842926582               20
  0.96237686739925987               23
  0.74588689580404310               19
  0.96797659345791287               21
  0.90305325020436955               24
   1.0031450911385762               18
  0.69995129592551542               21
   1.0062586863749612               16
  0.88739063432128651               19
  0.96466240018061911               15
  0.97587514925069352               17
  0.70137396337569058               18
  0.89132063553175078               15
  0.84824158230158686               16
  0.64392289066327546               15
  0.45916392378531523               18
  0.61541807506298019               22
  0.59350771799257407               20
  0.27789764674074330               21
  0.45068721717554289               17
  0.60258904145112913               18
  0.26633098882305173               19
  0.53435305500520880               18
  0.37247876018415477               19
  0.32842149918362251               20
  0.18717736296580914               21
  0.36892542651800231               21
  0.41635924803402002               23
  0.13327713518390497               22
  0.51098439727237444               19
  0.23844865445879102               19
  0.16205520337048379               21
   9.6595005261248992E-002          21
  0.39163196489981145               24
  0.42194418573907549               25
  0.30150049914150806               22
  0.17766733096240983               20
  0.57238135827096415               19
  0.42539787123962464               19
  0.42534160193230297               17
  0.22025511142912624               18
  0.63153766985282234               16
  0.63540922728245786               24
  0.53850443956469685               17
  0.36401463713367205               20
  0.64861072736120406               18
  0.45075403551247917               22
  0.66470995979163106               20
  0.78127144349190725               20
  0.77591042620581274               20
  0.95762515556177452               20
  0.88192427200950296               25
  0.80149447718307443               20
  0.98457835351752421               18
  0.98421461261484977               18
  0.93530172369429032               19
  0.90941559418178997               21
  0.81777215830906436               18
  0.82669125425199919               21
  0.88726649972368621               20
  0.89402254407161563               19
  0.92452736036459993               15
  0.53517865859715663               19
  0.71590775712863541               16
  0.37591284069264141               19
  0.58065322639226735               17
  0.49560272484820883               18
  0.42069750606386097               21
  0.28797472457984558               19
  0.45257634198359398               19
  0.73354106563452548               17
  0.56807507288019277               24
  0.34163018603830336               23
  0.42489923896507120               17
  0.24031446321979674               19
  0.27181669283201987               20
  0.13549891992652441               20
  0.17688593505184441               18
  0.31723876414836344               21
  0.22837562824977051               19
  0.26935248397509559               17
  0.33730670601436974               20
  0.29728788957080382               19
  0.20804316455361965               22
  0.18693802167129597               17
   6.6433548250288674E-002          24
  0.13293600100595554               22
  0.54941527134395485               19
  0.37158458124265081               19
  0.43084147186730043               21
  0.27878224160187959               25
  0.48811283877814754               18
  0.66259158606143898               20
  0.71328453053371954               18
  0.55330406623312134               20
  0.62003263369224493               22
  0.53482286258884393               19
  0.58187709099930618               21
  0.37036830227348622               15
  0.67326790314438822               19
  0.65890573001194630               21
  0.60799002825643278               18
  0.95720406033274008               16
  0.85411249320910254               24
  0.86302641889666198               18
  0.87086883374048751               21
  0.92989940192998632               20
  0.81353101716652476               22
  0.84078791527031116               18
  0.75739333047519097               19
  0.70782282947343200               19
  0.91662918584011843               21
  0.64503167987598398               16
  0.82509163386208295               16
  0.95008339387256469               14
  0.58837771538854178               19
  0.60295222126325310               17
  0.78512514989474635               18
  0.49318382289886747               19
  0.50806572906586156               20
  0.63628043256349909               21
  0.50330385720899751               18
  0.34997479040974211               20
  0.19706243196800341               20
   7.7601085374389006E-002          19
  0.25259000168021295               18
   2.9283760115519461E-002          19
  0.10949687257873035               19
  0.25406504854366185               23
  0.27794909175341997               19
  0.40631181743005157               21
  0.51174496834052596               17
   2.3588864052454365E-002          18
  0.23672267720934378               20
  0.27421439203632525               21
   8.9477563155302101E-002          20
  0.27841700113538587               18
  0.11258255338681494               20
  0.28625435179304531               19
  0.35473673747001039               16
  0.34008308860521819               21
  0.51146712017160778               19
  0.52755794587922566               18
  0.53684609620077128               19
  0.42414714046508684               20
  0.68443834191143749               23
  0.55053256795852734               22
  0.60803142544462019               21
  0.55928384767802408               21
  0.84384213846156853               19
  0.87755444927966630               19
  0.57079300609985506               19
  0.88930596991308752               24
  0.97981571156891867               20
  0.91306954877211899               21
  0.84246157246656372               19
  0.84092685482662011               15
  0.83175561997763203               22
  0.66284433159447020               15
  0.84567346377832464               20
  0.61586257713826109               18
  0.78645746805542338               20
  0.51889213193081962               19
  0.83300472056128472               17
  0.68286996784188492               20
  0.77457219024963353               21
  0.95284593826300090               17
  0.33128223370606030               20
  0.77945657127150392               22
  0.66604786277363015               19
  0.56851825672234135               17
  0.52686839087722659               18
  0.37184766706324374               21
  0.36929352351203215               22
  0.46358493026432690               21
  0.27862806358803727               22
  0.36727518910088086               22
  0.27521455421643526               18
  0.17957527180591168               21
   8.0315808319049456E-002          20
  0.15843772296035236               20
  0.10884128477505541               19
  0.28391826028564698               23
  0.19619455674415209               18
  0.11727958272971201               20
  0.13029684664553917               18
  0.12266911814972903               18
  0.31577900108061768               24
  0.18895593027918753               19
  0.44860755881729514               18
  0.45660830078261555               18
  0.30197980807982028               18
  0.35933357752932749               16
  0.46134487734310431               18
  0.52444252874456421               17
  0.47555273473557208               18
  0.57049317135843802               19
  0.55392993403580604               19
  0.55731740838463240               24
  0.80775265688552944               20
  0.71653117646585651               19
  0.80087538975128514               19
  0.95524315833782414               23
  0.97383718322951041               19
  0.89638549199425288               16
  0.90003872976003019               18
  0.70503590938322291               21
  0.84314460357952126               19
  0.94151223001063622               17
  0.80623614446336678               18
  0.92996926068361740               14
  0.71342887738930028               14
  0.94152749334129604               19
  0.82446193285170744               23
  0.85244994104213623               19
  0.69320835247752188               20
  0.76690200138733311               22
  0.28988420002577542               19
  0.60324053863164273               19
  0.54586122221280386               23
  0.43564640426786916               20
  0.15660973966274841               20
  0.55832268711253419               18
  0.43598759251169061               21
  0.51022168612240659               20
  0.25654539106066648               20
  0.54030162915554181               19
  0.22742866163142780               20
  0.17500734053243963               19
  0.36048162548152135               21
  0.28665076199582729               19
  0.22689480342217538               20
  0.17078837259669322               21
  0.28758769971610854               20
  0.24297813077149163               19
   1.1398283922352693E-002          19
  0.50628135924244400               23
  0.35246846014525118               24
  0.35679204638110618               16
  0.64669628060522610               23
  0.42069453893865089               20
  0.17568897709480435               23
  0.42037851779054514               18
  0.46053045801610687               16
  0.51333136248314948               18
  0.74830257578023240               21
  0.47889906707794022               19
  0.57952387546137352               22
  0.71443645524288246               18
  0.93839525094996190               19
  0.74393595100024990               22
  0.71934669278410235               19
  0.76511414060023375               23
  0.80017122500448390               19
  0.79384863338326206               19
  0.94005516817207735               17
  0.83210106001259831               21
  0.84610879711985276               21
  0.88646555705960761               19
   1.0230090106103655               19
  0.96533697038732480               16
  0.96842155782207406               13
  0.93105534853813077               17
  0.70167679400187077               19
  0.63129636974491155               16
  0.73546836069390220               19
  0.36406734950654884               20
  0.54831537959725729               22
  0.58212015350194213               19
  0.47455527488254129               20
  0.74833412828702195               22
  0.19808236947162192               21
  0.41394903172652053               18
  0.12670068166390891               19
  0.49374402081255603               19
  0.21731891723512800               21
  0.41612821747003809               21
  0.21377976257921505               22
  0.34961409623611989               20
  0.12190572070842061               18
  0.18838452126003044               20
   5.1841963141107242E-002          22
  0.51975079955500736               20
  0.17769240718676763               23
  0.11755766698012753               22
  0.15562093539544805               16
   6.7216719225017818E-002          23
   3.8691503087627636E-002          20
  0.60689250399559513               18
  0.21326455082963841               20
  0.19354213636829379               19
  0.24761208909301619               18
  0.54475977100115924               21
  0.43110785471469065               20
  0.38195722184313552               24
  0.89448070059451612               20
  0.37932807396333101               19
  0.54902413224825508               19
  0.96561356433788592               18
  0.66212552058734198               19
  0.65535144574868420               20
  0.79127898877741598               19
  0.73078068990271006               18
  0.62340082180011003               17
  0.89643436126344200               22
  0.93647325424659478               15
  0.94947702714236382               15
  0.75700114301622945               20
  0.90222500823731033               19
  0.95081005817653064               13
  0.90693021844258537               17
  0.77383187206495663               23
  0.31209269628391251               19
  0.53654285720594863               19
  0.72863479682208099               17
  0.68439346046950800               17
  0.61728135910315907               19
  0.67671319036012956               17
  0.43986691695345764               17
  0.46794246184249161               19
  0.34069123916701505               19
  0.50815144513544253               21
  0.47057665563046375               19
  0.48800624868692649               19
  0.15358742300755890               20
  0.50587099945844238               19
  0.13048205395458670               18
  0.13773475811779537               19
  0.18262912149532476               19
   7.7074815282438022E-002          16
  0.13949136369830967               19
  0.24358563016162543               17
  0.23844028975288914               22
  0.29329525814836233               15
  0.12760924647668939               15
  0.46283845920512867               23
  0.33952893438150072               20
  0.35648855579649208               24
  0.20630061589741552               22
  0.18565909475060721               22
  0.23720865460819604               19
  0.20737461593162640               22
  0.51875241227318192               20
  0.27497161578447044               17
  0.41319861085364157               17
  0.71680403861064201               18
  0.30121355585214649               17
  0.68094359965131890               22
  0.59415779411964031               18
  0.57246709025713927               16
  0.60246870709273859               19
  0.91090699346726345               17
  0.92200952765192112               17
  0.84631036903981915               19
  0.66741337868431350               20
  0.96058024344216097               19
  0.90821278058312360               21
  0.43505256955935007               20
  0.84582287683327662               15
  0.74276398496854490               23
  0.84861022272481912               20
  0.77196523488883173               18
  0.56215379214721095               18
  0.71936901741741488               18
  0.65372207022019813               16
  0.74239632034202108               17
  0.68047867648757376               19
  0.63356016440972607               17
  0.68291061278162624               17
  0.44417665190062178               22
  0.60514288949917749               21
  0.53004088145880979               19
  0.23300281757873856               21
  0.40633822269324932               20
  0.28268544239157822               20
   6.5997218061071644E-002          17
  0.41160208551398564               21
  0.31053644009000103               22
  0.38991371291257287               19
  0.29441967106407063               20
  0.30152157942358970               25
  0.13769860940421044               18
  0.17186279409642174               19
  0.14769164037293436               20
  0.19807004011984075               19
  0.22999255362174797               19
  0.30901776856264263               20
  0.13599570306077416               21
  0.31971529198040444               17
  0.47244783232124998               24
  0.32014192091476718               23
  0.58693713040247586               20
  0.42144042539018578               21
  0.47369826843243446               20
  0.49959775359881198               19
  0.57314201103497320               20
  0.46121105107544846               16
  0.53509510695465012               17
  0.85780289943112453               19
  0.73240403269069831               15
  0.81437884390729065               20
  0.86867392060995408               19
  0.83607930827042931               17
  0.81598257512363292               17
  0.77513347680694256               19
  0.80460733750434132               20
  0.77739626267773365               20
  0.67607268506520091               19
  0.90279595850042493               19
  0.86587071269874261               20
  0.96122259277627575               14
  0.68716545645065874               15
  0.75081970230292983               20
  0.86121131899785164               22
  0.56893217306110200               17
  0.53012671133151823               20
  0.86940066492571988               17
  0.32693439592777468               20
  0.36975268199140437               21
  0.38868911859085575               21
  0.31436610625860972               21
  0.24043974113774433               22
  0.28668693309799437               22
  0.38216552556876016               19
  0.64216621777077088               20
  0.47284827585922484               21
  0.41997251159360838               23
  0.31447735146709455               19
   7.3168444189530404E-002          16
  0.10880769181571383               19
   7.6759852152623292E-002          18
  0.44323349713500598               18
   4.7228171580816734E-002          19
  0.18913432790260792               21
  0.13940357940231105               21
  0.19736960442409818               23
  0.20383525792737273               21
  0.14161096296212547               19
  0.29565306983911344               22
  0.18751401608658777               22
  0.35275423373633175               18
  0.24383593616093352               18
  0.63277176550094916               17
  0.29639292139953993               21
  0.41032424843090931               14
  0.45961794118748789               22
  0.46929165710096954               22
  0.43127227520367684               22
  0.48478484366681290               19
  0.65627842613901666               20
  0.77497291524890688               20
  0.64973115342453913               19
  0.83076805432935041               17
  0.82796780109583357               22
  0.96687993160664965               18
  0.85722694401503308               19
  0.72406110301625304               19
  0.83933435054150218               23
  0.83717824532032081               20
  0.71042603652089642               19
  0.60230038497514560               16
  0.73803257958689095               20
  0.86675818037273467               20
  0.71347448353885545               20
  0.67525446704628411               16
  0.67736210328594348               18
  0.67324538483876240               15
  0.79494807489320019               20
  0.58556069345615269               22
  0.66152507551521289               16
  0.54940576816620246               19
  0.23391940261023175               23
  0.26642520236531991               22
  0.37176532965150549               22
  0.33643362882296218               20
  0.60122814298664895               18
  0.40254988384228868               16
  0.18381437834063166               22
   8.1101328109507959E-002          18
  0.21648714446119346               22
  0.35814630940678283               20
  0.29284487548069627               22
  0.34549090321526460               20
  0.29946141762763961               19
   8.9747014683133550E-002          17
  0.40131159609038014               22
  0.12788819645211255               22
  0.48250015125040063               21
  0.51307794916698557               17
  0.24367575327897992               20
  0.35803922919229292               18
  0.39682058344103516               21
  0.45544216625457978               20
  0.60709083759180116               18
  0.71344171527023925               20
  0.43316357630300328               22
  0.98991861154426519               16
  0.83328981273486280               18
  0.62677350565597467               20
  0.86026027909300962               21
  0.82867780603387275               18
  0.91960088862465017               19
  0.73731239819739158               19
  0.92406681967919091               21
  0.95079014045510291               18
  0.86441471903622913               20
  0.72803746438671801               20
  0.87925412159865413               21
  0.80532742681810998               18
  0.84390909068144238               13
  0.93506479752673299               15
  0.96377520566036445               18
  0.78940135685765278               23
  0.84268184222187059               17
  0.75704016573133670               22
  0.77876844613366347               21
  0.54202641463929790               19
  0.60903200865771623               18
  0.77439125061152392               22
  0.77140161928654039               19
  0.71177236856482928               18
  0.81739600106378718               19
  0.50864882102214781               21
  0.36002083962950310               21
  0.60589904216560242               21
  0.39700068706612029               20
  0.33627161923774979               24
  0.23395491992765446               23
  0.32174082469204568               22
  0.15162550178796566               19
  0.24736242136032294               23
  0.24033839843509183               18
   2.8262067885061831E-002          21
  0.31594032220768664               22
  0.12248983427604766               19
  0.19302326962192054               22
  0.26075932733778562               19
  0.42534430704723419               22
  0.33599299419617568               20
  0.27540609736098026               17
  0.34279319699180832               17
  0.40630033989381037               20
  0.41955250514809195               21
  0.45464878350722698               18
  0.48098183443925735               22
  0.37783591322303983               23
  0.84110224145766632               20
  0.85930642429628801               24
  0.55405207603371187               19
  0.49650769855278443               20
  0.70543008451743505               19
  0.89383595552478168               17
   1.0535597870547480               15
  0.70067490192505966               20
  0.84701089841794097               20
  0.95424581780261208               15
  0.66340372498917211               19
  0.79921198019607642               20
  0.90678925333666260               18
  0.74176843647495105               20
  0.96338391274952184               18
  0.94171328496262863               13
  0.68518334095608135               18
  0.84932520999499117               22
  0.77558590708123998               20
  0.80570447391267597               23
  0.82951230280617183               19
  0.77201902541904077               21
  0.56671211322510595               16
  0.70829018483954942               18
  0.41799715035846219               21
  0.54848486200294966               18
  0.74561697444844977               19
  0.45495729357786246               19
  0.43133883103108112               19
  0.62119295138826847               15
  0.33025842637932373               22
  0.27169423235500373               21
  0.15760332310111358               21
  0.22089509863950837               21
  0.40487090451819907               18
  0.52132579783474886               20
  0.25122686991948884               22
  0.21505231462711985               21
  0.22624585683698537               19
  0.24392130109469404               18
  0.33847895334920575               17
  0.34119628386275014               17
  0.33099186638902584               17
  0.25619740573906108               16
  0.44734813097340653               20
  0.56813142170046071               19
  0.52806113559143575               14
  0.24750700517763013               21
  0.56272645134789179               17
  0.68546599299805178               19
  0.48312269990755635               21
  0.70288436501949170               20
  0.55518214145978184               24
  0.59762722598054052               20
  0.80698728625978255               19
  0.75491982406081859               19
  0.70314228156345160               20
  0.94778603514577942               23
  0.95623616637912134               18
  0.81710330490950989               20
  0.94101921031389413               19
  0.92572185580711219               15
  0.89121642094297626               19
   1.0581025140708722               15
  0.94294318668593391               17
  0.88498060679857815               18
  0.93688790332825889               19
  0.83232016405765674               21
  0.69169343873942857               18
  0.65323138215819676               16
  0.79562714480907404               19
  0.49469313840527135               18
  0.63281455223054195               19
  0.76917712739422606               20
  0.56615517351381628               18
  0.50099568605185829               22
  0.74747436253865129               16
  0.50172293023551207               18
  0.56980398400468013               22
  0.28022503460147730               24
  0.48494700655041062               22
  0.56486746633579143               16
  0.46926796356888129               20
  0.33584357017516597               20
  0.36724530090314961               17
  0.23022615534285362               20
  0.27533862644427493               22
  0.32763653834920858               19
  0.34781921269859067               20
  0.64733080497231477               20
  0.41917513338532991               21
  0.26530231011228639               18
  0.50541172930780143               19
  0.45544437256341447               23
  0.38572937065995810               20
  0.64190338862842145               18
  0.53545451105423025               18
  0.69949809412091113               16
  0.59729992868152038               15
  0.36917186390668832               19
  0.43107661211097609               19
  0.56775551206044039               19
  0.86760128695906613               17
  0.72438973457053024               20
  0.94827777108325850               18
  0.96705275469683949               16
   1.0206246067826630               16
  0.62583005219151322               19
   1.0939088807722135               15
   1.0437801663755089               14
  0.89117127797313644               21
  0.97435539751506450               15
  0.87608285948219333               21
  0.77740936260442606               17
  0.96368833741176385               13
  0.61991594737026190               20
  0.91554167610713755               18
  0.91226165854502261               15
  0.57284279731353926               21
  0.50957597736196314               22
  0.40147789523642358               24
  0.52355789547630782               21
  0.67840974740262805               18
  0.89916266909354314               19
  0.61157747077985192               18
  0.54412379922042775               19
  0.71934237180641769               20
  0.55074103147120224               16
  0.46390891481780949               18
  0.47997929450806365               20
  0.52711751562953157               19
  0.29806231420555979               23
  0.41173538519827235               20
  0.44080723723194026               19
  0.45730253556367612               17
  0.14445915145637761               21
  0.36896188642773847               21
  0.38356594538412569               21
  0.25526373807933073               21
  0.25963854546156251               22
  0.22690533984370995               17
  0.69063497138894769               17
  0.31581638427132613               18
  0.63438639348581649               17
  0.35900150888696919               19
  0.46926544118127067               20
  0.38605751505349684               20
  0.71498870757616440               20
  0.81386370455247337               20
  0.54670746786149671               19
  0.75572534617055975               21
  0.67969172415331836               22
  0.67680314232560423               20
  0.72830597140575504               14
  0.86417942556756822               19
  0.72964322543491500               18
  0.96871340166344833               17
  0.95585427775366039               18
  0.73443671395783228               19
   1.0112171478319287               15
  0.72489618006007961               18
  0.93645367373817956               16
   1.0220908177523855               17
  0.79793716387245184               19
  0.86335227511592327               21
  0.83091449568240050               24
   1.0456947818753162               19
  0.80755160391489345               19
  0.78922410423463729               18
  0.69034277068115424               16
  0.72565342811283196               18
  0.64522973380597193               19
  0.48246942083220895               21
  0.43467310107426149               16
  0.46843271309820139               17
  0.61099553536309859               16
  0.59973821084122059               16
  0.53045389447025615               23
  0.69013424963384418               20
  0.51465476480486394               17
  0.23902229198928263               20
  0.27465576725300034               21
  0.32407415867803330               21
  0.18363067758972040               21
  0.26329899084707897               18
  0.41024710501717199               20
  0.38202651897424217               22
  0.45684179064473618               22
  0.48860240251072889               23
  0.69187083082240519               20
  0.32512593673266593               16
  0.22304882744086935               21
  0.32024287292143355               16
  0.65155249808532145               19
  0.42988138777811780               24
  0.64452984623843401               19
  0.57289908076664686               21
  0.62021622259702380               19
  0.62607337411192376               17
  0.49997828190369603               20
  0.77110747956913417               17
  0.81510867641174500               21
  0.79146125213608864               18
  0.64657782417619059               18
  0.88482596023301729               18
  0.89430883146700657               18
  0.78863317257710486               15
  0.61544569886137324               21
  0.86409410593627245               18
  0.91381726201008873               21
   1.0738242892168799               18
  0.93134569373786724               21
   1.0003895166236301               16
  0.80234991049415827               21
   1.0134840811137016               17
  0.94680246918975675               19
  0.97281507047588522               17
  0.84901994664242397               21
   1.0034957725653511               17
  0.67807336344458757               20
  0.55565885376420687               24
  0.71601918305520151               19
  0.68173629688338278               16
  0.50870343462300827               18
  0.42762919954555667               20
  0.74035447173652691               21
  0.79615444458978135               18
  0.48916955412265534               19
  0.44797346892806494               19
  0.44429149851245647               14
  0.37923280723259323               17
  0.37128249827715137               20
  0.37067141016081528               20
  0.59515990865323232               16
  0.34972078001048718               17
  0.41729198984454025               20
  0.60569905585621475               20
  0.41005178730837399               18
  0.51033985191879772               18
  0.49691475164696952               21
  0.85165480745285027               20
  0.60328973721939105               19
  0.58955507584034783               20
  0.57652358220320676               19
  0.69159672635155667               22
  0.53738294143605991               20
  0.39183320630318746               20
  0.51527978568654997               21
  0.60616854312494262               22
  0.74380816079125611               20
  0.81683609327275486               19
  0.57598523243070487               20
  0.86887118201973401               17
  0.78812212158410322               15
  0.98835611870616580               17
  0.75636314526132220               17
  0.81711355950871789               20
  0.94817417212456867               19
  0.79591782205169270               20
  0.89373315840708079               17
  0.99726008449109094               17
  0.71559607656123969               18
   1.0318275585860890               13
  0.91843213496799392               16
  0.92271263528609970               20
   1.0328468083189293               16
  0.79784708326101339               19
  0.61369796181364700               22
  0.92942293035780388               18
  0.88841627255586986               21
  0.97682655406113794               20
  0.61723376650087125               20
  0.56036586083475781               21
  0.58080815545248876               20
  0.84872849241373927               19
  0.71725928481830237               17
  0.49880560603003149               19
  0.67911118750599653               16
  0.57757372001208540               19
  0.49114815038021192               21
  0.30665908346077508               24
  0.52862559865327807               18
  0.45524290894728359               18
  0.51787881471344022               21
  0.17937427098739880               19
  0.35642708948074714               19
  0.65752374232736788               20
  0.67525973389090144               23
  0.38902275582761026               22
  0.42296922783995294               21
  0.62288090140466190               15
  0.43182686267874776               18
  0.75156959992861294               21
  0.59896973796620823               19
  0.50779145131368542               20
  0.50342931009636005               20
  0.69866138080155615               22
  0.32984039059833431               17
  0.83752045632117778               21
  0.65991633392720261               19
  0.54475325625588511               17
  0.77090589997145753               20
  0.77756770120220653               17
   1.0230640948209133               22
  0.91058238047200601               19
  0.98563199077264718               16
  0.93704026473160562               20
   1.0096467802936790               14
  0.91068958836099045               19
  0.84484810697139523               20
  0.66787893619070049               16
  0.85253596041101853               25
  0.99186133122274500               17
   1.0055846707433449               19
   1.1023827613831680               14
  0.83720366852381489               15
   1.0402084826830573               19
   1.0563702789433402               19
   1.1360018504203053               21
  0.86348857783517441               21
  0.66325149697977348               17
  0.40100533163703189               18
  0.81368791470479429               19
  0.69578946314013845               17
  0.79844071690089746               21
  0.85446607223663573               19
  0.55916060548417135               18
  0.90752278224056449               24
  0.46221782386581767               18
  0.67388742903840360               16
  0.72190181556164412               16
  0.35828511233058546               21
  0.46606916687696009               19
  0.32885632513644308               20
  0.49719405938100836               20
  0.48706514927505956               20
  0.65734007735080036               20
  0.62623688360035468               18
  0.73419645791306165               23
  0.51277637710653967               19
  0.22501690726826851               16
  0.53313309923089613               13
  0.24142003151989011               19
  0.84172165130457244               24
  0.67762953992801012               25
  0.80147424197821249               22
  0.66641874112205046               18
  0.73902235807773198               22
  0.49214661117946273               20
  0.65903856831721219               22
  0.62402784304310754               22
  0.53537728991050493               19
  0.76795455705691162               15
  0.87671665384281039               20
   1.1068307934020991               22
  0.99806923597831254               19
  0.84886184999953640               19
  0.92992468815638785               18
  0.97369778559061559               20
   1.0022239108888973               13
  0.90441995894920901               23
  0.94155550612274641               13
   1.0277277295773668               16
   1.0499572350642079               16
  0.93680923504549418               22
  0.92593053499259359               20
  0.92444457891071963               18
  0.89544986406102600               21
  0.97427614768119786               17
  0.55088446142421410               23
  0.58313246146474396               20
  0.96637401930120637               20
  0.74491497449673882               20
  0.78573317321614966               18
  0.78689069452973781               18
  0.73363432369658610               18
  0.62203281479525041               20
  0.88188339533662641               16
  0.57300860519978758               17
  0.41536827617357314               18
  0.51104519304532126               16
  0.28795723143259783               22
  0.63817350136321005               18
  0.61824594730695837               21
  0.52328533085345841               18
  0.76626584112711371               18
  0.56875793309634448               16
  0.41689918340269139               21
  0.65590607013187718               16
  0.89154972549898248               24
  0.58422790834394611               18
  0.39560609117044498               20
  0.61301734649423234               21
  0.12611982330277494               19
  0.25962954822514556               20
  0.80501476009780848               17
  0.50567887679074441               24
  0.71825161997396259               21
  0.75786394230105047               18
  0.69006009004002955               23
  0.88852128972337141               21
   1.0226802251570832               13
  0.97287957660394631               19
  0.98644923081106606               19
  0.88089093626763593               21
   1.1479440728378096               18
   1.2427075455351384               16
  0.98051507238910940               17
  0.90938300112874970               19
  0.93502071745011839               18
   1.1438734164185511               15
   1.0719577408440568               19
  0.85139535708621594               18
  0.85778102975868176               22
  0.99591934587131736               16
   1.1895988018425101               19
  0.76758873667755634               19
  0.81775590561951694               17
  0.97789776193414768               20
  0.74307389162330550               18
  0.66299047331435323               19
  0.43104285438741285               20
   1.0180384675498022               18
  0.71578700270218587               19
  0.79573934005644387               18
  0.76325144054234551               19
  0.79631904998283032               19
  0.56322330426986200               21
  0.72580306566763464               19
  0.62361090074204995               13
  0.41308278373723883               19
  0.59799341674870743               19
  0.48722906223038220               20
  0.65083748637271965               16
  0.79022171994453105               20
  0.58884963971710158               19
  0.37505018933673717               20
  0.39604125745675783               20
  0.71944015746249690               19
  0.78527948967669781               16
  0.75314224794741491               22
  0.52030455409097265               20
  0.60463706379932070               19
  0.69982862710119553               22
  0.64507169802570474               22
  0.75800458088953215               16
  0.66417129618865289               19
  0.52002073293428441               18
  0.75296654077437519               21
  0.73151610857698335               19
  0.84800010861426389               16
  0.64727950557903891               16
  0.74557474313295891               19
   1.0962541045981191               18
  0.95652442917637170               19
  0.90102366741967732               20
   1.0004150162781200               17
  0.89606725305081114               20
   1.0890410133044370               19
   1.1710689855393077               18
  0.88990833733579111               18
  0.95466003270262734               15
   1.1784055871468639               17
   1.0733176128691178               15
  0.99138963043955841               17
  0.87954395161654531               23
  0.96116975060821408               16
  0.92251017861619478               22
  0.85116955618037349               18
  0.99474593099482811               20
  0.92400448295323923               20
  0.85262569048833170               23
  0.82071445523840358               15
  0.64152262438609975               22
  0.59279902425039643               20
   1.0778681787338338               17
  0.86911329127304393               22
  0.76488446178698610               20
  0.69986263038603291               17
  0.62763396171823937               20
  0.69267690820872785               18
  0.61447769448189915               15
  0.60132531843902060               15
  0.76944912219480666               21
  0.58216742920806863               18
  0.42878173673504161               22
  0.34047108463573272               22
  0.48841158374591787               18
  0.74438474361489837               19
  0.78422176444534430               19
  0.86140597829161047               17
  0.67761926900805425               18
  0.72833355724362137               21
  0.61175427320628328               21
  0.82412777330617049               18
  0.43704907151385680               15
  0.66617778221170942               18
  0.73174843903009401               19
  0.73594607146491409               17
  0.71735505649265008               17
  0.89378407662705350               17
   1.0576674999935043               18
   1.0323805366025287               18
  0.84949976822110229               19
  0.92244387087310997               18
  0.90597990450958177               17
   1.1399252596961309               17
   1.0571676623080064               18
   1.1099645168971417               15
   1.0659647070105869               17
   1.0496849379615716               19
  0.74487163707720494               19
  0.91421909573180182               21
   1.0034840491708243               17
  0.92624119520189152               18
   1.0448306105065250               17
  0.84724861193329570               22
   1.1012345405630835               20
   1.0449710749506949               16
  0.75053928535476755               17
  0.87002102137619797               20
   1.0640848777079606               16
  0.63123975541901445               19
   1.0019214251336435               19
   1.0554441997045863               18
   1.0266522913257909               19
  0.62426419825053314               16
  0.91473593597520098               19
  0.36636925277365662               21
  0.96476307364089275               20
  0.75033660011022218               17
  0.78158145094438281               20
  0.61257549216907448               18
  0.86092512390560127               22
  0.44832985695345196               21
  0.61954054055499430               18
  0.77953431990767430               18
  0.90580932434370831               20
  0.44083321327636665               22
  0.90168590653461567               25
  0.75565072590387794               22
  0.73607563611259486               19
  0.54578965667431201               21
  0.36628951992777770               20
  0.55566585088680343               19
  0.94270500159364867               23
  0.97161172182081612               23
  0.99995736133712176               19
  0.95459863013944846               19
  0.70010094864892380               16
   1.0515179010590128               19
  0.58498391924635029               21
  0.72693658472985545               19
  0.97857849127776919               17
  0.95482878378809144               20
  0.93966754613101988               16
   1.1277038871152520               19
   1.3064337206642189               12
  0.90926194908985192               20
   1.0844609243868844               23
   1.1494452345523620               18
   1.1142369755851120               21
   1.1141183322224777               19
   1.0140439539300110               16
   1.0312855792489353               13
   1.0814274937595287               17
  0.95324945201835054               16
   1.1026166825473727               13
   1.1221963799976409               16
   1.1264824337561969               16
  0.55952294778183764               18
   1.0725084306004962               18
   1.2005716446048742               14
  0.90845167494442214               17
   1.0516181916705949               17
  0.89536771613593003               14
  0.90148572678405337               17
  0.69159008402107081               19
  0.84233980209161452               20
  0.83767486175081896               21
  0.97516221641530354               21
  0.83328185239456198               21
  0.86494033554090544               23
  0.89230506570996249               24
  0.55588650968111375               15
  0.50739637438964824               20
  0.93955015021679367               20
  0.72398227098849532               18
  0.43200127904595481               21
  0.89273370268956476               22
  0.68244498950136490               17
  0.90784624261007585               16
  0.64654800156512426               21
  0.61947104005977249               15
  0.69531203311920731               19
  0.89303222602794219               18
  0.55846129833655611               22
  0.87925610834801948               18
  0.96502990388177734               21
  0.66219267151216799               19
   1.0385716350927119               21
  0.55553145665082793               21
   1.1175602090940890               16
  0.89289714297425615               19
   1.0219767370824644               22
   1.0869660307986113               22
   1.0523268198824935               19
   1.0374599187085674               19
  0.95047812894486550               18
   1.1237869283936714               17
   1.0228031233933288               19
  0.99544140571999407               18
   1.0460695434654248               16
   1.1848991940751055               21
   1.3031261089225554               13
   1.0769185491532383               17
   1.1008464778826414               15
  0.86063969084590008               23
   1.3251824927932219               14
  0.84216573092098668               19
   1.2874102360905566               15
   1.2305029033109620               13
  0.75166944162881877               18
   1.0563757359622863               16
   1.0450276473722435               17
  0.94315235443631662               16
  0.85354845487365882               22
  0.33318396625415436               19
  0.79797298416930829               20
  0.86776932180575450               21
  0.91624983826920137               19
  0.66231010738642193               18
  0.63909907116499642               17
  0.56286589319360569               21
  0.78961494598879933               19
  0.74725754007450518               18
  0.49328238168561850               16
  0.88551541049311666               21
  0.88478330689130291               23
  0.50070290451103761               19
  0.65100922187911348               21
  0.95989400094981192               20
  0.76552570854992663               18
  0.43530234467753570               26
  0.88659611642550396               21
   1.0082293060215297               20
  0.70472604718893883               19
   1.0439104349958028               15
  0.97553863325043666               21
  0.83032373900211220               16
  0.71477819436546086               17
  0.92928723980414063               18
  0.84130720005198112               18
   1.1480647111383329               18
  0.82614470005906238               16
   1.1819066753516958               16
   1.2061511530557631               18
   1.0835696437037252               19
   1.1512591808237531               20
   1.0286880731985220               21
   1.1645372043887798               19
   1.0637055068855741               18
  0.97717908098291073               20
   1.2025699319543193               17
  0.81658757080078281               21
   1.2514154629313901               20
   1.2627592237968273               17
   1.0105812844417474               20
   1.0070892499007782               18
  0.98369058051385849               18
   1.0817766038099608               17
  0.84013433965463247               16
   1.1396933009002292               18
   1.2304822256253838               13
  0.86415408397183235               21
  0.80563281836001444               22
   1.0576979240302804               18
  0.82236555689232604               21
  0.75389264133380240               21
  0.74466937480817685               19
  0.72456720757505610               17
  0.82061356574183519               21
  0.88787037302675731               16
  0.94214515915269381               21
  0.58068650452299431               17
  0.83292838150511683               19
  0.72313979325133704               17
  0.93823152690249967               24
  0.96307893389315946               19
  0.65608228488632703               20
  0.94466889594139813               18
  0.85844318852004176               20
  0.63397045437538169               22
  0.99388103954555584               21
  0.84870707907565712               14
  0.95659044592902098               20
  0.80318773117926023               17
   1.1812993830628800               17
  0.85899774444435661               15
  0.93646509178366666               19
  0.59316852763721961               18
  0.90514592236457792               18
  0.75717028985858537               23
   1.2162485269312313               17
  0.98001266019793065               20
   1.0690292078609769               19
   1.2463524046698069               15
   1.0949533050202906               17
   1.1917442294631331               16
   1.0002462146912956               18
   1.1980245617585792               17
   1.0763421938593212               19
   1.1019809914521204               18
   1.1427263679695412               19
   1.1935785040424118               16
   1.2203034012967284               18
  0.93269209020045352               20
   1.2371233598029769               19
   1.0891408321267551               18
   1.1519659828273439               18
  0.93129086862509103               15
  0.93019079875464972               18
  0.83498374773833717               23
   1.2161693259621849               20
  0.77892246782287644               23
  0.89819230431514541               24
  0.68124637435115032               19
  0.94211668314708841               18
  0.69579537034963512               20
  0.86695371282782907               18
  0.93332201687509764               16
  0.82274356540259885               17
  0.57695242486389231               18
  0.78957753924099716               20
  0.71772561943925250               19
  0.93011456830209904               23
  0.94279479318993487               18
  0.95537082950985952               18
  0.97776062617535164               19
  0.86122756689992730               21
  0.78756363499149373               19
  0.79781676262434253               22
  0.91713637956918304               18
   1.0412416598443095               19
  0.88119961303904248               18
  0.83598515707553422               19
  0.99938134438353987               18
  0.96890732395391799               21
  0.67638444764572703               17
  0.87439398611168384               24
   1.0616923466160861               18
  0.96414565486552306               21
   1.0983102280619348               18
   1.0448120953061182               22
   1.1168184937422190               17
   1.3231435788643939               11
  0.97240977209113899               17
   1.1028132187630075               23
   1.2483790082463355               18
   1.1593854494298312               16
   1.1519049785272932               17
   1.0815852342484877               18
   1.1230222134566088               21
   1.3143436254692897               15
   1.1567794760880796               14
  0.99878616195901537               19
   1.2579508837423545               18
  0.92717496732818394               23
  0.93752961349878683               22
  0.85484706054577186               19
  0.99448791571269690               17
  0.93830235882285706               15
  0.99237017385163862               18
   1.1622239126831579               19
  0.91994624806559899               19
   1.0875702668640304               17
   1.1292101066328903               17
  0.80153736477937043               19
  0.85966465009783255               22
  0.85462727455662302               19
  0.91355023207798070               25
  0.80129669633344480               20
  0.75280389050418195               16
  0.95954289220393174               16
  0.51505107802489314               17
  0.78167963780131600               17
  0.76247899839613564               20
  0.99340883518484846               17
  0.96970078613127864               20
  0.90610834392915673               24
  0.86841621231122701               26
  0.99024896159975440               20
  0.78064985024076861               22
  0.68396258234390961               23
  0.79801358101711850               20
  0.90704659684077316               19
   1.0336242703211695               19
   1.0850446400215916               19
   1.1191214044537670               18
  0.81703850562654823               17
   1.0331201297155761               23
  0.74654210897049855               23
  0.92105828658685340               20
   1.1799378786146131               17
   1.2428802742942628               17
  0.96934628911591914               21
   1.0711885409028785               19
   1.2975299248131948               14
  0.88761320491576556               21
   1.0794772109200503               18
   1.0535159172435409               16
   1.1904392428974024               19
   1.1699272642254155               16
   1.2351329953037662               17
   1.0041316900021515               19
   1.0557215387864114               20
   1.2480285825091484               20
   1.0864503351171968               18
   1.1687682833713746               15
  0.95020232646760949               15
   1.1885300969877486               19
   1.0275019754610026               17
   1.0446685082057205               16
  0.78506128942244935               18
  0.97404122472830790               19
   1.0117620282602056               17
  0.96918084419806561               19
  0.96844101692443441               16
  0.85310191552674330               17
  0.76841331741706409               16
  0.98094242472171378               19
  0.94645514497071059               16
  0.80733956819648767               21
  0.80595881858638430               21
  0.84159515772304105               18
  0.81254521897188492               21
  0.74025185078523004               23
  0.88651982133174168               19
  0.80365562408280422               23
  0.96233913105816504               18
  0.73321095815187276               19
  0.98777359980702673               19
   1.0081921785321346               19
  0.83432326556461112               25
  0.96465258007436860               20
  0.99770045774790361               16
   1.0281160974443047               18
  0.67997981974860455               22
  0.90070346035907201               21
  0.77355555502088191               20
   1.0247512328933315               23
   1.2008496709090941               18
   1.0839061145873201               17
  0.99445791982953746               19
  0.96360431354594900               19
   1.1140734459659307               20
   1.2347646449069583               16
   1.2974032884127271               13
  0.97599405591606336               21
   1.1704316432903390               17
   1.2540745526561237               16
   1.2210735994911548               20
   1.2158740826020979               18
   1.3132433174971370               13
   1.1880609493401115               16
   1.2754305541654447               17
   1.0577914703234144               15
  0.92728940566086515               18
   1.1233407765608283               14
   1.1753374703425967               17
  0.98017702268375173               17
   1.0006048286980367               14
   1.1464826105147841               16
  0.91251306185391856               20
  0.96872743668696915               17
  0.92201914206738333               22
  0.94352204357511205               18
   1.0114621489961790               20
  0.84188560974506443               19
  0.91368426949750847               20
  0.89990826007108093               22
  0.95515952785899350               15
  0.93843586741724450               19
  0.91174417977106170               18
  0.90252105773362523               20
  0.89935646066443919               17
  0.87909432840032264               20
  0.96038141727861293               17
  0.83924162336009223               21
  0.80960826844351186               19
  0.84714891485515753               20
  0.94962247013794965               23
  0.84403072974779136               23
  0.70627108064218103               21
  0.80521191747902343               18
  0.92188578778121300               25
  0.98733247388698420               18
  0.91803761146147611               18
   1.0552060491563289               19
   1.0161658931304292               22
  0.96747358758751667               20
   1.0049333577206263               21
   1.2266543194905615               16
   1.1343392127392846               18
   1.1378061802644117               17
   1.0842941453336716               18
   1.2450536462212831               16
   1.1827703396646201               18
   1.2109055262182309               18
   1.2895035202922369               13
   1.1898662602356418               15
   1.2513921320796728               14
   1.1527776887492263               18
   1.1323226033178440               17
   1.2065836459584212               16
   1.0972323309737588               18
   1.1727825668412528               19
   1.3220111162476085               16
  0.94164840273153194               18
  0.93663732522697296               19
   1.1248277631864230               19
  0.82327223647953063               20
   1.0308503802558411               18
  0.95625285179837582               15
  0.98991252660585194               22
  0.89297967411262624               21
  0.92770197062400905               22
  0.67932267918364664               16
  0.94196803923292305               16
   1.1236990602785217               17
  0.51924527544277121               16
  0.30401352624655475               19
  0.86808481980624608               22
  0.95558051078694062               19
   1.0009092376414654               18
  0.90574880284060877               19
  0.73088373613082869               20
  0.91689855043149548               22
  0.81737103432242808               23
  0.91668399981299931               19
  0.57602093645555108               21
  0.70045497905567455               23
  0.86870490764552477               21
  0.85602293936398344               22
  0.82491034238429861               19
  0.81723294633438759               19
  0.76647702891099945               22
   1.0535736248247181               19
  0.69195320914243108               17
  0.94199609648907079               22
   1.0449608778829833               22
  0.94869105759801653               18
   1.0024524910238575               19
   1.0733673132570167               16
   1.1255011372043320               15
   1.1562713264035851               16
   1.0840526226477598               17
   1.1970058750110626               17
   1.0990214829812732               21
   1.2451334836373020               15
  0.82260146148662472               22
