   1.1342163782691213               19
   1.2187946177447646               19
   1.2535953297303690               19
   1.1217331289677217               14
   1.0035256194499016               21
   1.1122537074176859               18
   1.1145133891817804               21
   1.3595844236557577               17
  0.89316439289866756               24
   1.0890770221055899               18
   1.0669772183748987               19
  0.94210146712984799               21
  0.96875466921135800               21
   1.0517731290729415               17
  0.75732575924208523               21
  0.80115417767567942               19
  0.94121792238995405               19
  0.98002282701670884               13
  0.95443011694584468               15
  0.86324698612983886               20
  0.82439685676649876               19
  0.59436610446423943               21
  0.86351582733142063               17
  0.57019228142236555               22
  0.75090635917155923               18
  0.96509607064212100               16
  0.74189478430150435               19
  0.87373539186896554               20
  0.98566606878800012               15
  0.99202787368515266               16
  0.93048288027471793               19
  0.80071441059493731               19
  0.87282178691446832               21
  0.86198399157547589               20
  0.85482092889493777               21
  0.91373760566647522               19
  0.64442977006587177               20
  0.87512419884997117               20
   1.0368103619775337               16
   1.0075557793062313               16
   1.1148042716059778               17
  0.83059763765608052               21
   1.2652551903385423               19
   1.3702712548831737               16
   1.1176316119754002               18
   1.1068434437721855               15
   1.0891130456137785               17
   1.0605368530929418               18
   1.1570430852791651               18
   1.1544650659232905               19
   1.1411425544403160               18
   1.2434610172384140               20
   1.2867688936347119               15
   1.2533494193093881               18
   1.1194896637662584               22
   1.1165150319175094               18
   1.1133897024046746               22
  0.96919182597779818               18
   1.3004517610012960               15
   1.1822487403827153               20
   1.1704532665864527               20
   1.0610403565768460               18
   1.0431693481206394               20
  0.97142341991092152               19
   1.1294186805930171               17
  0.92931611291577287               19
   1.0577843094571280               19
  0.91713866052916360               17
  0.93155366891132863               18
  0.94486735745025996               16
  0.78400773596201678               16
  0.96973403380093159               14
  0.78028162525132749               19
  0.93325402733396989               18
  0.96779004327216589               14
  0.81192797354286661               18
  0.90693797765718465               20
  0.89707336151746242               16
  0.87794405762305894               18
  0.94817415128798788               18
  0.95205256256052029               14
  0.96278545848191865               15
  0.88845196687618044               20
  0.99346297860203292               17
  0.98278501712395205               18
  0.86248625466464424               21
  0.96791623020252560               16
   1.0310258200133602               20
  0.97885073819045809               18
   1.1166573588266675               17
   1.0505296899385121               16
   1.1167993162725449               18
   1.2059935325985995               21
   1.0881126631216249               20
   1.0905960335286995               18
   1.1436256287080178               16
   1.2456642227935257               15
   1.1894720980078972               14
   1.3479720900157586               15
   1.1663066474548922               17
   1.1982652771387892               21
   1.1861192243385801               18
   1.3252471643929424               15
   1.1853601458304326               16
   1.2864244602285719               14
   1.2323993664049009               16
   1.0714744740766295               15
   1.0579043121897869               19
   1.0334527532806084               20
   1.0246815559640414               22
  0.89927230830437666               21
  0.99431426598772921               22
  0.80767551715762120               20
  0.97272721603006285               18
  0.83069789671490379               22
  0.82702881898591973               20
  0.73105049687463353               23
  0.87308387270754961               17
  0.93545397970734279               18
   1.0193743580161041               20
  0.89210694142104296               17
  0.80282348648064683               20
  0.82696414821738873               18
  0.86161155899768060               18
  0.96078567023926187               14
  0.78572272126577491               20
  0.90735455743075089               18
  0.96366694429407651               14
  0.96591587515842214               15
  0.90825070441470002               17
  0.72340046222909515               18
  0.89313375574642206               18
  0.87103057394527372               20
  0.81081219496523438               21
   1.0092467241095251               14
   1.1144141993586134               15
  0.86448287422407233               21
   1.1373652186555434               15
  0.97206619659375548               16
   1.0528288812001934               17
  0.97083472611432575               18
   1.1340528216254817               20
   1.0204753566455502               22
   1.0342905445250490               20
   1.2169997679819982               18
   1.3281471604075850               15
   1.2188843260910742               15
   1.1664681514338340               20
  0.98807367351773845               17
   1.1473674095024089               16
   1.2710385237191117               16
   1.2931866730422208               17
   1.1832413879334895               18
   1.2449138993650681               15
   1.2538943503571722               17
   1.1080660137911356               19
   1.0033183335035791               21
  0.91218810244636650               19
   1.0757176132916528               18
  0.94164131040439036               20
  0.80572378816997825               22
   1.0766080620723473               18
  0.85349390039119610               20
  0.74805757206479095               23
  0.75380172362976339               23
   1.0128841810704714               17
  0.82954144940453112               16
  0.98658707005014357               18
  0.96955011180804851               15
  0.80901774456537889               19
  0.76121425218004957               18
  0.89337347281396706               21
  0.85772615446399358               17
  0.69954570061121135               18
  0.96654695799833790               19
  0.67458522836087276               20
  0.67265363576748594               18
  0.83009825856864894               19
  0.93524846124773553               16
  0.92756356076205693               17
  0.82348851336662698               21
  0.68365734642527909               17
  0.85159401516573019               21
  0.78864841408550757               20
  0.73775469371687941               22
  0.95998232466135258               19
   1.0862161394417542               17
   1.0391017770772455               17
  0.82853615463420405               18
  0.98424467416047512               19
   1.2384064557142016               20
  0.87659592240348072               18
   1.1578892773641267               16
   1.0755949148169663               17
  0.94629894002479931               20
   1.1993052787069260               15
   1.1112882632592738               18
   1.1311218838019514               19
   1.1790850026381667               19
   1.2927717004784267               20
   1.1334329893073090               18
  0.94837937565407016               21
   1.1773561170516342               20
   1.0792533012619099               21
   1.0004311841827769               23
   1.3383060150241319               17
   1.2015445329175272               17
   1.1924747218937624               19
   1.2051229033596393               18
   1.1523367665973501               17
  0.98006002442351525               20
   1.0007703119822182               18
   1.0122662989645657               21
  0.70334298824889374               26
  0.76389165996196851               21
  0.89700983904142861               19
  0.65563938775828123               23
  0.92405809289867558               18
  0.88583907243465487               16
  0.88442807904020615               18
  0.71924241624329199               22
  0.83127714826954824               19
  0.93262452618590130               13
  0.87025004815587037               18
  0.72500106061703617               17
  0.89027926193014817               18
  0.68784362083884476               20
  0.66905649318229443               21
  0.94443804541746135               16
  0.97274106452806941               14
  0.64514344026672155               19
  0.81740636395499866               18
  0.90633662733303533               19
  0.69821897745531802               16
  0.91340358271119215               23
  0.59883722818717144               19
  0.94151697781885957               20
   1.0434718800498104               21
   1.0769866531789185               19
  0.81811773363903351               20
  0.87354248196851181               21
   1.0182142838598649               18
   1.0896143027194487               15
   1.2343476910308535               20
  0.85748137640232047               16
   1.0800399360256445               19
   1.0553824678303985               19
   1.2949718627839473               17
   1.2549066154934923               16
   1.1912680862711262               18
   1.2861998608566145               16
   1.2287122763512830               15
   1.1029080337055017               16
  0.98918061332064500               19
   1.0512110732724744               21
   1.1499982148008030               16
   1.0907728022601590               22
   1.0604193812001859               17
  0.78160924233915718               21
   1.0087387273764328               22
  0.89129114741891335               19
   1.0316635203285305               17
  0.82636178531153981               20
  0.88578937569830962               17
  0.87865473182960319               22
  0.93367421853635824               17
  0.94066775646053769               19
  0.71852448100303756               19
  0.83116516865803414               20
  0.88352363369296028               16
  0.87833734130703811               17
  0.66035464844837088               18
  0.60810021862587926               21
  0.75826667121761593               21
  0.43493827415630149               18
  0.76220918104507096               22
  0.50464099503492077               18
  0.92504495428295030               17
  0.58361942380720766               16
  0.74221599381551451               17
  0.70977414898593194               20
  0.74138301396649064               16
  0.82459974469644959               21
  0.99979574851490971               19
  0.94151038905064743               18
  0.72701157707839859               20
  0.96711186964710016               15
  0.88807085701570609               16
  0.68222174719203432               21
  0.74792178602357429               23
  0.87648447977935640               16
  0.90400343200696298               17
   1.2367098111391730               18
   1.2142787486938058               20
  0.90089963959848929               18
   1.0194480772685524               16
   1.1943423275989931               14
   1.1127550301833422               17
   1.2991538147956694               17
  0.96326871635637246               17
   1.1471019774647366               20
   1.0920511364965926               22
   1.1087145371040550               18
   1.2096005583474061               18
   1.1756631487417761               16
   1.0838756949596215               19
   1.0958129769590546               16
   1.0722074722547743               17
  0.97212134648535176               19
  0.90020087161002138               16
  0.88426523932692158               20
  0.97076262835985139               19
   1.0149919941926526               21
  0.89271992385485877               22
  0.83973887489708365               23
  0.74851512054890146               23
   1.0543214509514622               18
  0.65314123299604177               18
  0.78793546346430687               19
  0.77821072244217571               20
  0.73343985627975194               20
  0.68016228092143705               20
  0.76745970320074142               16
  0.64461192611856000               21
  0.55885484510826888               19
  0.71549786693076811               19
  0.47163336368433789               22
  0.62916650485371339               18
  0.92772588832269798               17
  0.77824255442524592               16
  0.82653252016520473               21
  0.55937777168871350               19
  0.73789178120119947               22
  0.70720299913806328               17
  0.72100000206653392               18
  0.92477813423280042               22
  0.78584875161079681               21
  0.99445263495185021               21
  0.97362878538417741               19
   1.0391127166751764               15
  0.81646877619140878               19
   1.1089319562967062               17
  0.96820296318387489               16
   1.2743015109262692               15
   1.1121576271016058               18
   1.1626855206550359               18
   1.0676965019035067               21
   1.2128817509447893               20
   1.1640908487685773               14
   1.1404514634010059               20
  0.99907311015278510               21
   1.1700296250686300               15
   1.0402589671658620               20
   1.2302345493736588               20
  0.99297249588096292               21
   1.1457271592539886               18
  0.88883686443484045               17
   1.1778649095769658               24
  0.98107039059406675               19
  0.79896030100791571               20
  0.69312090158086048               23
   1.1501941205576121               17
  0.83773354082959295               20
  0.86394039718148030               19
  0.78401309975963729               22
  0.80166068334783480               24
  0.72364310162999201               21
   1.0061712057791061               17
  0.90640814703792016               14
  0.81629640826411531               21
  0.69237544369981541               19
  0.70555775794589481               18
  0.81790382790075267               20
  0.74976346131283389               18
  0.54456054921485697               23
  0.38196419782484570               20
  0.71633645234730781               17
  0.61816335785921683               18
  0.54592729054030442               18
  0.76118821577156071               18
  0.78385148940520410               17
  0.65721442974652133               16
  0.81221873082778451               23
  0.69484046473233751               19
  0.87403582290621296               20
  0.59149675549458725               21
  0.93266762755813371               18
  0.69602753960157682               21
  0.89117038270787241               21
  0.84622994610815150               19
   1.0692931673141943               19
   1.0364433493579464               19
   1.0002185734097677               16
  0.99841035421649460               20
  0.97158245935830079               17
   1.2273505160053721               18
   1.0307605611284076               17
   1.0795096866549205               20
   1.1970880737749501               16
   1.2602349121957614               17
  0.99252951752805263               19
   1.0971556336604467               17
  0.92335042941206169               21
   1.0988925056294681               16
  0.94608437271500867               21
  0.94316513585692330               19
   1.0338802049673632               16
   1.1423943451885790               20
  0.72259431609293812               21
  0.78238439071551613               23
  0.72923721171612221               21
  0.94693553880477721               19
  0.80035287815767286               19
  0.79606117451583780               18
  0.75686373186607070               22
  0.63485773977405635               20
  0.67802502437239187               22
  0.79157407973623328               19
  0.96313830593196714               19
  0.76793033964906721               19
  0.69930032302584799               19
  0.86492625557732350               17
  0.85035427941923114               18
  0.51039712976799900               22
  0.52055315450707595               20
  0.81005738073424505               21
  0.48477377721018505               20
  0.85251630566245429               14
  0.54447225547989730               20
  0.53834420096973978               18
  0.77898374849372698               21
  0.58079381518535789               20
  0.51501355704926266               21
  0.70112859834578456               18
  0.59881720398836347               21
  0.90719336723487554               23
  0.72963198762421899               19
  0.94746615135486623               17
  0.82535600681606636               20
  0.84928086975556427               18
   1.0530101674561334               17
   1.0172733087411019               17
  0.91050974890763270               20
   1.0577104585934072               18
   1.0228144467068789               17
   1.2593552563377268               18
   1.0840958331935668               18
   1.1092912096418230               16
   1.0731493452132173               19
   1.1901286603718677               19
   1.0884497622246472               22
   1.2045355828458200               23
   1.1122010588972657               16
   1.0062460902044275               19
   1.0932248514404310               19
   1.0849760628843659               18
   1.0750727202461445               19
   1.1465605869410742               20
  0.75076906036644997               19
  0.78901388440427522               18
  0.96460131093386825               19
  0.93030521271817102               20
  0.74662076851048742               22
  0.72542947819107217               23
  0.80424449629799144               26
  0.69969752306902200               21
  0.62223845495892172               22
  0.54659230424447347               21
  0.59791194319813823               21
  0.77034772860442768               17
  0.81762009626571464               21
  0.76733438109440366               20
  0.60132068958095619               20
  0.46776493991107704               21
  0.57835102939698957               19
  0.63520120712717698               17
  0.62281023503459665               20
  0.87154621322452674               20
  0.67274178435560350               18
  0.48170747838518924               22
  0.83710669281399175               20
  0.65340726573010821               17
  0.80762528401565425               20
  0.85157403845672974               19
  0.68695762843339137               22
  0.79571478353423120               18
  0.69178659564565859               17
  0.82138810931700523               19
  0.80853692048580150               21
  0.92497679806170208               14
  0.84163902170671978               24
  0.93931488707356903               17
  0.95653728127242854               23
   1.1392827776200902               18
   1.1115356848504332               22
   1.1095282052702016               20
   1.0343657695274635               23
   1.0839854857383120               18
  0.99436393988694516               19
   1.2514605318057446               16
   1.0199749572733443               19
   1.0054540303746893               21
  0.85426491448599584               19
  0.97466093417477107               24
  0.81643675876700372               19
   1.0560166099851482               19
  0.87706039225864307               23
   1.0706608281186745               18
  0.86690912033436485               21
  0.85113879823995620               19
   1.0356440141945005               18
   1.0018386438936284               20
  0.66876209298131184               23
  0.61980444353154307               21
  0.69037015907601340               22
  0.70573431382458052               20
  0.76904398135686058               24
  0.60086875187995381               20
  0.52621436222903051               19
  0.47110272228181932               25
  0.59235397091810060               23
  0.64143224861728154               22
  0.55022495609989286               24
  0.50473364302964918               21
  0.54057730664929371               21
  0.42884855278203610               21
  0.80494367451902282               17
  0.54654630205839516               24
  0.44510697799464632               19
  0.44307742926702354               21
  0.75144248431586236               19
  0.77701618529720717               20
  0.78521552020056251               23
  0.95522670173723623               19
  0.57111528178238724               21
  0.82360720552501188               22
  0.76807950838623629               21
  0.61236423671909168               22
  0.80432895764917878               22
  0.57606510026115221               25
  0.88365711684402948               24
  0.79694766633021263               19
  0.91108449545182180               21
  0.86278354684115321               17
  0.90268615988589085               25
  0.97136167664017747               23
  0.78101466696738886               16
  0.89325608006585167               20
   1.0365765969896892               20
   1.0363334736153917               25
   1.0147582416777006               23
   1.0355929963056207               23
   1.0552864310952710               24
   1.0666296265488560               19
  0.98088838450921889               21
   1.0897078570639283               20
  0.67431842465406444               18
  0.91661752976198063               20
   1.0321196174214304               20
  0.95266069488240501               21
  0.95280991405007232               21
   1.0472204156599914               20
  0.63617818241416002               18
  0.64056185649698838               21
  0.74133515539949224               20
  0.76825843178595343               20
  0.74025124142831078               24
  0.56489518169297448               23
  0.68531108997638523               21
  0.51364052620808898               22
  0.59244876867943397               23
  0.62192273362410400               19
  0.53417171334408198               20
  0.52908803680794136               20
  0.60538056504404070               20
  0.45777435278707929               21
  0.68635884433381111               18
  0.45171304013651953               19
  0.46960654221678261               21
  0.32481010646585928               22
  0.48607852769289750               23
  0.74634963698503098               20
  0.72536353885696692               22
  0.72098351880999689               19
  0.53239494872295412               20
  0.74973889941170557               21
  0.66611594742715907               19
  0.74628470359996069               21
  0.76318444878545033               17
  0.93189154996770851               16
  0.88423132354156697               18
   1.0361238529021626               15
  0.64650169242193245               20
  0.69872184489731548               21
   1.0428460713688792               16
  0.75024870464491178               21
  0.75165351493732557               18
   1.2274595527440024               18
   1.0234761447554919               17
  0.93992969002173521               18
   1.0608954143431362               19
   1.1303013473838095               17
  0.81446656650526217               16
   1.0062670031228536               22
  0.86257758968366427               24
  0.99870430320356773               21
   1.0725478947900671               17
  0.76172379327164064               21
  0.84426507292495634               17
  0.83213266213891801               18
  0.93113940579149246               21
  0.71605413746789259               21
  0.78900597233836689               20
  0.89003368544542649               16
  0.69715795467420061               24
  0.58894254290820813               24
  0.68754052823996392               21
  0.52359329985567593               25
  0.60604585061432492               21
  0.44114206135525658               20
  0.62565329687462445               22
  0.54722654446836316               20
  0.65009826967716877               16
  0.47751212006805821               23
  0.45232358884820018               22
  0.61424985431922408               20
  0.39158054012652699               20
  0.32563786353319035               19
  0.57312300500223279               21
  0.54804681208787165               21
  0.55052116696515518               20
  0.61882095825483541               23
  0.62877685607763889               19
  0.42037048961081680               20
  0.57644339869332040               22
  0.58175270904628384               25
  0.58773750085290299               20
  0.87060914542235002               17
  0.54068763046997237               22
  0.82857918481436832               17
   1.1041761755954114               15
  0.82712032414876280               21
  0.77902009030832486               19
   1.0260457618412315               23
  0.85696963502149504               21
  0.78780874450375649               18
   1.1159581001803045               19
   1.0212066013623844               19
   1.0240351267597809               21
  0.95990956562559870               22
  0.97319439139314046               22
   1.0218197359553507               21
  0.89313065801512659               20
   1.0327393982961424               18
  0.98050829983947418               18
  0.81213924705468221               20
  0.86149846530435237               18
  0.84656602449454554               19
  0.63056479104151075               17
  0.95152102152081230               21
  0.50265599130917815               18
  0.65887539031830922               23
  0.54450442761903894               20
  0.85780117837329761               19
  0.76176321004225411               21
  0.64482694791014961               21
  0.49674196463347559               22
  0.49382593093034510               23
  0.64748462592352451               18
  0.57269259789758931               22
  0.41944661414007622               20
  0.33539256903776959               18
  0.49371836892224846               20
  0.41146540724705261               19
  0.52413300549701458               22
  0.73550390664221688               18
  0.58652964457192047               23
  0.38454135665180206               18
  0.33549476143974399               17
  0.64349753287166489               19
  0.59593943318848597               18
  0.42481868822889401               22
  0.65057913652092547               16
  0.63769853774943186               21
  0.50418208205030723               23
  0.84764803933871158               20
  0.91513762538059462               17
  0.81399827762296206               20
  0.84822482064458082               21
  0.97028584857985845               17
  0.65384025560038095               23
  0.87686366721943798               24
  0.86434766069930480               17
  0.78623163303966359               20
  0.72251163329276313               20
  0.91862181381452257               18
   1.0481974200448367               18
  0.94027397662232515               19
   1.0595256970252138               21
   1.0636631924096682               20
  0.74503250540072086               17
   1.1964836615803280               17
  0.99761969726969835               24
  0.85742105923674261               21
  0.99492828700522917               22
  0.83675699275579696               19
  0.55422416969960364               20
  0.78095794719186562               13
  0.62309021175530965               19
  0.91025694933943557               17
  0.86127304090194257               19
  0.83907033050975677               21
  0.46262917113943325               21
  0.60421802887563392               21
  0.71684076000864938               19
  0.43489418675133112               20
  0.62705755970014376               19
  0.39161936248004364               18
  0.45825831405752654               26
  0.54414400374534000               22
  0.38582864493561619               19
  0.39805123908298562               20
  0.45140511937728911               20
  0.67196741530316062               20
  0.35283363652014421               18
  0.49847457258941341               23
  0.49552793812004642               21
  0.30291368362131776               22
  0.47006521344153379               23
  0.29096708850582154               19
  0.38980008907464758               21
  0.65761203622479081               21
  0.43792986695055386               18
  0.46327867122303357               21
  0.62971118584428021               21
  0.78612156797623089               20
  0.38904589452653165               16
  0.75711211408156198               21
  0.72284250291162666               18
  0.70383167432080351               19
  0.57788917947176155               19
  0.92644347909339309               14
  0.71821891991555420               19
  0.71905532567630215               18
   1.0146491816084253               24
  0.71069474749350148               24
   1.0497553337441707               13
   1.0145897675787638               16
  0.78477227172841857               20
  0.78729788576242432               18
  0.94423343374443724               22
   1.0416589803493286               16
  0.93253394704845871               24
   1.0462030842471204               18
  0.91757396905132771               22
  0.94389020473116148               23
  0.90971934375982733               23
  0.84924601517772280               19
  0.65500514892863193               19
  0.90899461172497109               21
  0.59217159852673484               19
  0.65910356045744245               20
  0.60585976817487441               20
  0.58891323348006008               19
  0.68218398286582183               19
  0.50715163883519487               21
  0.65738272324959091               16
  0.57515642371570941               22
  0.45762943045455245               23
  0.42718424195999738               18
  0.50776997146063596               23
  0.31079546841060585               22
  0.50213068644287462               20
  0.33964551510547603               19
  0.66130658361122729               18
  0.28130352281269949               18
  0.38900317520115291               19
  0.40231444914108949               21
  0.61427999277018663               20
  0.41558911026163936               21
  0.26187638197394042               20
  0.59580429854746275               23
  0.44930754154924857               23
  0.44285784888239937               23
  0.54421752829025216               22
  0.42563169780159266               22
  0.72942853579332967               20
  0.55968517195491430               21
  0.83497820633996500               20
  0.67169692921621049               22
  0.89189229615720145               20
  0.65929805967043553               22
  0.82408239706336217               19
  0.61356524972556192               20
  0.52428475525175655               17
  0.81163474073924913               21
  0.98572923805285617               17
  0.94912269805373828               20
   1.1010972536200361               18
  0.85102318257456910               22
  0.90648581731747624               24
  0.89518694452958181               23
  0.94710810502627929               14
   1.0023830454920319               17
  0.96622293461881081               19
  0.96954940812271206               17
  0.55636481382263381               17
  0.72338496864782975               19
  0.52036891173002420               19
  0.76880393023502935               14
  0.55437334839155483               17
  0.56633934981732104               20
  0.41714811522419382               21
  0.66271267342554807               25
  0.63974271640541969               23
  0.60893184635412168               21
  0.47539481186263344               19
  0.61041539244160437               26
  0.36926790206726590               16
  0.41022498759316545               19
  0.32914530594640962               17
  0.29006294649469960               19
  0.33704732110004965               19
  0.27050311688383127               18
  0.53391310689221694               21
  0.50746909592407152               21
  0.40795935419780538               19
  0.24744477097524351               21
  0.37329800335380059               21
  0.13909551878961077               15
  0.54151329425764760               20
  0.55181768464457870               24
  0.17883276941160278               14
  0.62642235666058266               27
  0.64906128999251878               18
  0.49502416211149664               21
  0.38297036098838388               20
  0.67305814520260110               21
  0.66644215990564648               21
  0.65840125120882254               22
  0.59389780370161738               24
  0.76327302168389377               19
  0.87010913096811882               23
  0.93089571071788124               20
  0.96285128747054738               20
  0.99427622359165790               14
  0.60566904749073369               23
   1.1773482529714052               16
  0.95142172022348903               18
   1.0206178922117510               15
  0.92752186412343907               22
   1.0062691005947295               17
   1.0104377031455889               17
  0.72623667776640177               21
  0.82787549254586934               20
  0.77500400735686115               18
  0.85712888812484356               20
  0.90246679292434873               17
  0.69582738709247782               17
  0.67357828616677262               25
  0.76654985374723961               15
  0.54953616842456177               18
  0.53758297938283006               19
  0.50413653685179427               18
  0.72593172725507982               23
  0.51906277908384790               21
  0.34374945599687945               19
  0.65975449385006024               21
  0.41663210084258301               22
  0.47160286783227329               23
  0.33387284311627080               18
  0.38017759594861666               19
  0.25844697335335048               22
  0.32641192826789345               20
  0.49575931067803330               21
  0.26079574936000860               20
  0.24425982799279780               20
  0.42312424016402728               21
  0.65768119168028383               21
  0.45506247075480155               20
  0.33347862711568438               21
  0.26028384730991644               19
  0.53169026045876311               22
  0.45922431504595596               21
  0.78464937407577828               20
  0.70950876600523083               15
  0.61469375257384262               16
  0.68251747422614373               22
  0.64974160861437913               17
  0.75057706353765941               18
  0.80807225274599059               20
  0.76518848348660773               21
  0.73691958830081095               22
  0.90558775721685758               21
  0.69942427389666140               17
  0.67685281784459650               18
  0.64856149961143061               15
  0.96779871975965215               20
  0.99138805341471492               17
  0.95032906425959895               24
  0.68546419513784917               18
  0.96907716228976737               21
  0.78255186067851679               17
  0.72603364530320469               21
  0.96185144156682811               14
  0.89273968196166542               20
  0.69030221545886383               18
  0.83274075040476880               19
  0.67225276579164339               18
  0.66857645195696902               24
  0.73950535777109505               20
  0.65876696134989710               22
  0.41586727893031683               19
  0.36709697349655968               20
  0.37594717844441689               20
  0.58037401246092879               19
  0.38762252631260469               20
  0.44546666170203075               19
  0.31660187137093060               18
  0.46969692881802794               19
  0.55125423864849166               22
  0.26661434937991924               15
  0.30587651331766197               22
  0.42254771897640714               21
  0.30784325158743164               18
  0.29876413920647388               17
  0.39552782356676186               20
  0.18833771750047340               20
  0.41111433752109133               16
  0.25266015937267844               18
  0.36627432153003919               20
  0.41124527598382415               19
  0.64224116151765853               21
  0.61482941532602031               18
  0.44760404983137575               18
  0.36803582682616609               19
  0.51675031531971716               21
  0.53116393442774457               23
  0.70610636696872409               24
  0.74947343516439280               15
  0.69125671092842511               18
  0.83090082068765025               17
  0.85497222762579617               19
  0.79837850161179680               19
  0.94010204530140018               23
  0.88102076730227818               23
  0.94005806718205487               20
  0.99999692709737287               20
  0.96988744257788495               18
  0.76216419817537273               18
  0.90184593000157887               21
  0.84235814852331137               21
  0.82035455611063690               17
  0.98333591078415916               17
  0.84822002321523138               16
  0.88505616276511256               22
  0.96193388028414917               16
  0.61874080423719569               19
  0.86228544950751884               20
  0.67769469606696131               19
  0.45704760063405864               19
  0.60405849086984231               20
  0.63704171508326812               18
  0.57546903525248805               16
  0.45618802255955065               18
  0.57351997570302060               23
  0.45632697658111210               17
  0.57324058571615144               21
  0.27366175896350858               19
  0.23067839858630979               19
  0.34260858979523007               20
  0.46679298087746623               23
  0.32434582402974949               18
  0.34429103682073708               19
  0.11259420820662999               17
  0.25633731325159553               19
  0.31696913988327619               20
  0.24726476652756232               21
  0.45200718988610494               22
  0.16776125291066327               19
  0.28059066021927476               17
  0.49325133189824882               21
  0.42120072666567948               19
  0.59579196064248319               24
  0.55700274966724217               20
  0.65222227149745493               20
  0.78486567398745011               19
  0.64195391494360354               16
  0.73262795221828336               18
  0.84167266914687333               17
  0.69277620185991307               18
  0.65433090454697140               19
  0.76084804494453218               23
  0.65713061551828778               20
  0.92616394549843306               18
  0.83698658916106217               21
  0.93834427359385109               18
  0.88466128798454935               19
  0.97760899771981891               16
  0.78641815327286579               19
  0.98167245891343424               22
  0.93401635790078874               26
  0.98001372010254983               16
  0.99991840030482915               16
  0.68436546304056234               18
  0.86580714838686246               16
  0.85076997256146936               16
  0.61439177567836512               18
  0.52030356703805114               16
  0.67230576353072724               16
  0.63105502186974349               21
  0.41005183358521491               16
  0.52153653546835299               18
  0.59868992563112078               18
  0.28778314890369311               21
  0.57741401934394287               19
  0.40303559586829241               18
  0.33329894432180396               19
  0.17116053168068093               18
  0.35223157721930798               17
  0.40546101221065728               19
  0.10085466283888000               17
  0.40086991492001811               21
  0.25429981865704210               16
  0.21907967754340457               21
  0.17534497185916972               16
  0.39262688473628160               17
  0.29393903268221078               19
  0.28921283540687509               18
  0.19073265573928674               20
  0.48478453342442740               18
  0.38367833107978577               16
  0.39302980452158137               20
  0.30692641453181269               16
  0.64850758142159448               18
  0.63557582833630055               19
  0.53574682743517565               22
  0.45075250083437485               18
  0.44847686574328854               22
  0.49736023258340767               19
  0.73064789327070312               19
  0.73574782025149876               21
  0.73348880710205500               22
  0.90362796790966682               20
  0.88733822304033416               20
  0.85452038477813930               20
  0.97792095354085740               23
  0.92157041399171724               16
  0.93585086143851859               15
  0.91171591325084933               19
  0.86536663285954940               20
  0.79621301344015738               18
  0.87625774983583193               21
  0.93931215737251694               18
  0.96560806961852264               16
  0.55787392776198286               18
  0.88271525705424558               19
  0.46917396859676380               20
  0.57629528904950089               18
  0.49361964033055938               18
  0.43474847803376132               17
  0.38266955930531071               16
  0.52301721763924247               18
  0.71899682535749720               20
  0.52184699085280861               20
  0.34123819700713587               18
  0.44821630208461199               19
  0.32248205464735269               18
  0.24337884879040228               19
  0.17041402373645495               19
  0.25074262794329227               17
  0.33347295214317474               21
  0.25541313868264592               19
  0.21045297420648335               19
  0.29244612045906621               19
  0.19688474119694638               20
  0.23706245190876687               21
  0.21328244563165694               18
  0.11316472069185968               16
  0.15326303596613844               14
  0.45020828099600846               18
  0.35972376418665680               20
  0.52078013741751006               21
  0.28210148661991696               17
  0.52334172823844727               20
  0.54228733120189743               23
  0.65525400949649992               17
  0.48281163009920991               23
  0.60875303452743190               17
  0.53521749011281539               16
  0.56532257209725334               21
  0.45414813269540866               20
  0.54346911881723325               19
  0.69868413212185820               20
  0.59290379493231149               20
  0.96110008947489589               14
  0.84055689262556221               22
  0.94487327564662649               16
  0.88985637035758891               21
  0.90818873591480176               18
  0.73009815067061745               20
  0.93190109668007781               20
  0.68018087698121832               18
  0.70480284602494303               17
  0.88668220417720611               19
  0.70324521404906692               18
  0.78870239637020867               18
  0.94346897445844302               19
  0.66567545739213152               16
  0.51777192402605465               20
  0.77317447567083319               19
  0.46500757894125982               18
  0.58272817719258374               19
  0.61796400010074504               19
  0.54058023302461866               18
  0.37528386351673321               19
  0.15408261459720177               17
  0.12964586126393313               17
  0.23506603431213557               19
   2.7981897431258292E-002          20
   8.8072102242948022E-002          19
  0.22807018123745015               18
  0.20276058285221660               19
  0.40832584040041098               21
  0.37556088485226319               21
   5.7138208191470433E-002          18
  0.17911052537513308               18
  0.28699420085697724               20
  0.11081198680544933               19
  0.31601225007913408               21
  0.24116615438092984               18
  0.28854188212186827               18
  0.37206651574201838               20
  0.31527016173859906               18
  0.51129033646547262               19
  0.51786557983042381               22
  0.56060311391237361               22
  0.41422108593676643               18
  0.60381996257370452               17
  0.55159685165273131               12
  0.53574657244429469               18
  0.48933606239112659               20
  0.83057582622481441               19
  0.88077912262513325               17
  0.54286360124826638               18
  0.90093280766285977               17
  0.97158299573233808               16
  0.87338142877775182               16
  0.90046020121799075               19
  0.84795660968929287               17
  0.93554839987600824               15
  0.66646202311407610               17
  0.99217788721813149               18
  0.66089199944575783               19
  0.78520760616489238               15
  0.61205809211693152               18
  0.71040066595893725               19
  0.73899216589945915               17
  0.84412220783064429               19
  0.92060089439593595               22
  0.35433602509731182               18
  0.74312304001825136               19
  0.61769900657416998               20
  0.51335146998202463               17
  0.48399473430194495               19
  0.41952651137146346               16
  0.41632467913967464               22
  0.39350224689070340               23
  0.28824514510106314               18
  0.30969559530008223               17
  0.27257886090786010               18
  0.22157719620471580               16
   8.6019723160782366E-002          18
  0.12067837549040200               18
   7.3937009101126008E-002          18
  0.24503595077990908               18
   9.2804077281255004E-002          16
  0.17332160359552695               16
   5.9200634275466263E-002          18
  0.14845448249845564               15
  0.35631520984421339               19
  0.23489177931573457               18
  0.34066375629291762               21
  0.51339407007908699               19
  0.33371770051398397               22
  0.39209657131234082               20
  0.51586038658734545               16
  0.55437326764791794               20
  0.52139782237902565               23
  0.53628234343697445               20
  0.59478180585717610               20
  0.61440830386810119               20
  0.88850759889751574               19
  0.75307386237188823               22
  0.76872196316207486               20
  0.95187153036350625               18
  0.96203339637897811               16
  0.85074979953301955               21
  0.95490519525089379               17
  0.76099490300722117               19
  0.81330113725640163               16
  0.95000732168372914               17
  0.85252131777827955               14
  0.95339290829269907               14
  0.77301924593714355               17
  0.83009629480632297               18
  0.76714533155114695               14
  0.85599791022050797               15
  0.63728461018811777               18
  0.69703711214537911               20
  0.41844220132681265               18
  0.55740532391075825               18
  0.54771325384713287               19
  0.45754202288496743               20
  0.24174401356362429               16
  0.56919375828137575               18
  0.40893455165042603               17
  0.46367484528737229               20
  0.26315174880174180               20
  0.44460614282062194               21
  0.20602960730307585               16
  0.14555525204956218               20
  0.31281515001807841               20
  0.29055087740726682               18
  0.20612527297520755               18
  0.11466236101627146               18
  0.21699448358311527               18
  0.21190514142320141               16
   4.3852903345540935E-002          15
  0.45034106479728270               21
  0.25339287403857297               18
  0.33758284132438726               18
  0.62604683776910608               18
  0.33626067724658626               18
  0.20117331373784550               19
  0.47866512155811813               19
  0.41564615856725395               20
  0.49127497419249122               18
  0.65510291257783626               18
  0.46853211508931852               18
  0.57113255805186436               23
  0.74527330347476484               21
  0.82132435338377019               19
  0.71231640085161585               20
  0.67433484214739481               17
  0.71307427286029434               18
  0.81214970827153432               23
  0.83091889743675373               20
  0.96971791586985179               16
  0.78396687662390763               21
  0.81913538957243048               15
  0.92480545512408052               16
  0.87542781640701262               17
  0.95225042293780671               16
  0.91947688638075575               18
  0.90591805506793166               17
  0.74763765995330100               17
  0.61463644660095940               19
  0.71584492285732615               20
  0.53267171927563239               18
  0.50275938279392685               18
  0.58608122560237796               21
  0.38007292657258906               21
  0.66280745073369773               18
  0.22589009528089793               18
  0.30480948791162682               16
  0.21904133252251348               18
  0.42903082265387826               20
  0.16748507302569676               17
  0.40727441362702405               19
  0.24898353992817679               16
  0.32362233077691804               17
  0.14239593616086815               15
  0.27608535478233331               19
   3.4505181163505851E-002          16
  0.40616407515301117               18
  0.15601356951526643               17
  0.10883148742213566               15
   9.6046937603256444E-002          19
   4.7798357954429216E-002          18
   6.0293882248642211E-002          18
  0.51211914117973478               24
  0.24704722674300172               21
  0.23744691911568083               19
  0.26867532872123134               19
  0.44766230559368070               19
  0.48928756574648113               21
  0.42565970497633659               18
  0.91800973282482379               19
  0.48095859296432286               19
  0.55798061213926642               22
  0.85794652259041115               18
  0.66825834969238940               16
  0.63472924970857336               18
  0.72488670065345784               18
  0.67121208268554844               23
  0.67823423277450401               22
  0.89883872784317032               17
  0.95050346876919778               19
  0.93743604893352295               17
  0.72319353779742745               17
  0.90150759038404271               17
  0.96065531387745207               16
  0.90110273984526290               13
  0.72547979309154598               16
  0.44593392868007675               18
  0.50744438394778602               19
  0.75353190714282259               17
  0.68994652318484584               18
  0.71639390734485853               19
  0.69358893448897796               20
  0.47390817780022854               14
  0.49190380470966288               19
  0.27759266395151100               17
  0.54603522349617117               23
  0.47410269012246670               19
  0.48323150501429080               18
  0.16397565709096379               16
  0.41651493129467154               16
  0.16499809259821410               18
  0.19809346289017077               17
  0.16754032526502038               18
   8.7633354207549335E-002          19
   9.1093242588005857E-002          18
  0.19258763482363572               19
  0.25935043281772513               16
  0.21592723090374213               19
   6.5567315726297468E-002          17
  0.35772062351403205               21
  0.37000076969802059               21
  0.37751393207057488               18
  0.24607045958526522               19
  0.21309669724475175               16
  0.30038267466152280               21
  0.26103347652193570               19
  0.52748558357726172               21
  0.43526283588638148               20
  0.35665654786960221               19
  0.72951791301648772               18
  0.37679768795952440               17
  0.64102144152849527               17
  0.57798476560065759               21
  0.60298351773124748               19
  0.65447052128012217               16
  0.88674103455007791               20
  0.81652521386506161               19
  0.85906631759733798               17
  0.74412486141709566               21
  0.98814955616587252               14
  0.90384354050857940               19
  0.53963527092627017               19
  0.82495480331464410               18
  0.79820505784887463               17
  0.83828568081454846               17
  0.82362708515163241               18
  0.57700275034895765               19
  0.67899752167287120               18
  0.67736488892754121               22
  0.78455847600683293               21
  0.62836629210374573               19
  0.57669838192946155               21
  0.56702557094182771               14
  0.59194556006952215               21
  0.56795151929312715               15
  0.44812282996394026               19
  0.37445085536572142               19
  0.37459068774661214               17
  0.31857124376947782               20
  0.14929381355418922               17
  0.34578421005089754               22
  0.33978459770940672               19
  0.38886958998350790               21
  0.28551470826321856               20
  0.22401600740440480               17
  0.14120861706587656               18
  0.17695556535479715               19
  0.11864359885255941               19
  0.18530284025978727               17
  0.19339726956120881               17
  0.28084452513356389               19
  0.13681694925246168               18
  0.30316134335110767               20
  0.36512483312865673               14
  0.33162111142454831               19
  0.49310090867039391               20
  0.49860083270267441               21
  0.49108192084408747               22
  0.51555022515535254               20
  0.62879983619564550               20
  0.40864181792527599               20
  0.54366554814970969               23
  0.80454091505524084               18
  0.73200249405442952               19
  0.79063807839935418               18
  0.80451551173519786               21
  0.67612574587868035               19
  0.87655063303370084               18
  0.77354421094806958               17
  0.78828600448917474               23
  0.81093084932648707               19
  0.75486228802324118               19
  0.94571829180754297               18
  0.93447612356693588               18
  0.95350277274613804               18
  0.75678082292612447               19
  0.72028969354177030               20
  0.81988461070789342               15
  0.51065508491503608               19
  0.53671228709327790               19
  0.77121684379384658               17
  0.34309010399936585               16
  0.38706362174509390               24
  0.50149913079789932               21
  0.31134571491324203               19
  0.27805259873132010               18
  0.26792358128166405               16
  0.42399214228757337               17
  0.57269812282512611               19
  0.46878535315890141               21
  0.35034590329152321               22
  0.28202622624374513               17
  0.18692342805757534               16
   9.6188879730927601E-002          19
   5.3737638834854835E-002          18
  0.35428552957863030               18
   3.8130687663972478E-002          21
  0.20390170100554242               17
  0.14520424657042211               18
  0.20391515712094060               20
  0.21477783323612951               18
  0.14517542177629533               19
  0.35759625582434662               18
  0.17564359139006525               20
  0.36427746606155936               18
  0.34634171825019161               17
  0.65681075734061312               18
  0.34962010966921653               17
  0.39127293822505299               17
  0.56016807987006945               18
  0.51900453328318563               23
  0.41733451499234836               17
  0.53512621265841986               24
  0.63125741692473292               17
  0.77684502936117117               18
  0.60904692647321979               22
  0.83790911248984723               19
  0.79571345771512869               20
  0.96048328213148193               14
  0.97661505069180332               19
  0.76109609162840941               21
  0.88333735087117515               15
  0.86828872776666244               14
  0.78288913571664431               17
  0.64088677658941706               18
  0.73399348500758921               16
  0.96981344345378362               17
  0.74346749456658445               17
  0.71257214359942511               16
  0.66253488298812480               22
  0.68582859819951092               19
  0.67310796125499528               18
  0.63491535910661823               19
  0.60645733647642619               21
  0.50203466861136015               18
  0.30477209654021031               18
  0.18523368092419987               17
  0.44439806828821010               21
  0.35657079954686499               22
  0.43258987273652727               21
  0.40527574491438800               17
  0.10762942764263039               18
  0.13739529484139765               19
  0.15992205798930803               18
  0.30850575055111079               18
  0.32363489628682807               19
  0.29861044973471124               16
  0.23963187875216518               19
   7.8710710222314600E-002          17
  0.31427431580654552               15
  0.12213974724138200               15
  0.39407636688622200               17
  0.44221816851597584               22
  0.29062120956893217               21
  0.29422307003161657               21
  0.36640405362651612               18
  0.41622658435858162               18
  0.57272232536995693               21
  0.62500368668926953               19
  0.48404000485456689               20
  0.85037968605928804               16
  0.79558606603565363               17
  0.58898405959811695               21
  0.85380954174428669               20
  0.85539561314749979               18
  0.91242625826574897               17
  0.78803100520962410               18
  0.91964261900444610               18
  0.92694949380297542               15
  0.88499720007173655               19
  0.81432795136338654               21
  0.90181103940533680               18
  0.91184603356714999               18
  0.99927349144534960               13
  0.95758501393126139               14
   1.0141387854468071               17
  0.86378944932116741               20
  0.82143705155533198               19
  0.75166969738892020               19
  0.76237286209687694               16
  0.57605503664453650               20
  0.56368932199161004               20
  0.68200286590955983               20
  0.77806992930825025               21
  0.62541869817689433               19
  0.69707465004526703               16
  0.53421303673137077               22
  0.46352475756216133               20
  0.52204357154315850               20
  0.45522199725691614               16
  0.33982564476542221               20
  0.20475975338937019               15
  0.26011867493910701               16
  0.21389341552160512               19
  0.21229187717319423               18
  0.21185159133989975               18
  0.13630988991258869               18
  0.25129224072071349               20
  0.16686621317725092               19
  0.20197072249480219               18
  0.27612817533613015               20
  0.38702628953544976               17
  0.35678230902961122               19
  0.29542641070036119               21
  0.33916656880627649               17
  0.46846665745911042               19
  0.46193144354126731               14
  0.43182526494319751               18
  0.45131993767024786               16
  0.41480707109713760               19
  0.75715540776862611               22
  0.81540833635618515               20
  0.56553037309902299               22
  0.61728145274328816               20
  0.70487305611460926               17
  0.89280441164703805               19
   1.0412147017069704               17
  0.70828018547185234               17
  0.85554495237935813               19
  0.97359160468109751               14
  0.72205302219936029               18
  0.83810253329055306               18
  0.94750672443229078               15
  0.70104197803070256               18
  0.90275920476897598               18
  0.90860781613682173               16
  0.71644276303339982               20
  0.77729863929858423               18
  0.79597267077539202               20
  0.79783729369122303               20
  0.81205276913297286               21
  0.76583722215227790               17
  0.59695574100500270               21
  0.64184999068650883               21
  0.42480961178333398               21
  0.53861729288510718               19
  0.66512250010264584               21
  0.53222016802662209               22
  0.50806370522966837               20
  0.56169553976410969               21
  0.30548604291133663               21
  0.32161878778976399               16
  0.10992480110354592               17
  0.33248449392565377               19
  0.41078705339983546               20
  0.43133693061586764               20
  0.24561535862887554               15
  0.16274307104049782               19
  0.30582161937595931               18
  0.21174141835016649               20
  0.32200022249225135               20
  0.26989846284660657               17
  0.30604895751469113               17
  0.33049631235365773               19
  0.47328952602896102               20
  0.51554300936431963               16
  0.49239763784106133               22
  0.29655306541638077               17
  0.56200694599517398               18
  0.61621967091418650               20
  0.53281503316872036               17
  0.68183410622929941               15
  0.64794886367371207               26
  0.57789914486413396               20
  0.77645995378975829               16
  0.91659185303886370               19
  0.75688170238560193               18
  0.97962983089344369               14
  0.96749349444619359               15
  0.71106383808276818               17
  0.95854227965065830               16
  0.88510636590794123               20
  0.85848148405687230               17
   1.0517148698304479               17
  0.98518768359531228               15
  0.87735869232020069               19
  0.90314439858232509               16
  0.82329299522222732               20
  0.70270487817373284               22
  0.64726541785145741               19
  0.91076567155558397               15
  0.49181927320504359               16
  0.63210192837982015               22
  0.79287820462283354               20
  0.58085982020214966               21
  0.49529652145912317               20
  0.63125308387982038               19
  0.44393393155483069               17
  0.48381165624638733               20
  0.29957833668083911               17
  0.45035867475392988               18
  0.53802952528372738               21
  0.39001349944585595               21
  0.36956260240404237               19
  0.38446226329018285               20
  0.27067742516941085               21
  0.31980996983806087               19
  0.29130983520264225               20
  0.36510883786072895               20
  0.59236594111876861               17
  0.44493673308206305               15
  0.37214502729405469               21
  0.46349839774010326               14
  0.50759554026776543               16
  0.40441917320519888               15
  0.62281556823775586               18
  0.49619498268432927               19
  0.68549004976696482               22
  0.63779108881168478               23
  0.45737651383574407               18
  0.46250968495205402               20
  0.64879851183184611               17
  0.83490682856741683               18
  0.75840920491022645               18
  0.91902379624446462               19
  0.95838271552595511               17
  0.94376905578946646               17
  0.63639277830874363               20
   1.0808799574347008               19
  0.99931929138289144               16
  0.94214100153109048               16
  0.95612089838467640               17
  0.93245219200629659               18
  0.81051275355613717               16
  0.90513159500130080               16
  0.65277077202647160               18
  0.96478648384996257               14
  0.85942313299624495               16
  0.63200532979585688               18
  0.57155773556841027               19
  0.50103488230219118               18
  0.61057760790151538               21
  0.73501724936446167               18
  0.73734821221978342               19
  0.60129530841973522               20
  0.53645851263875866               17
  0.62162730367411734               20
  0.58572659933769566               20
  0.44002067404618922               20
  0.38179047379741621               18
  0.56996730098138892               23
  0.31251211391504119               19
  0.43373057716198610               20
  0.46270109979492857               19
  0.43698791714430513               19
  0.15939730155692386               18
  0.47058289839746281               20
  0.43217871077855435               21
  0.31853477847929229               19
  0.27933973379848509               17
  0.26856938742721864               18
  0.64994805859008509               20
  0.36649201536582848               17
  0.58477278912508945               18
  0.41203522952347965               18
  0.45738776577336515               20
  0.40204435643854891               16
  0.72308374149871035               24
  0.75365932764267729               17
  0.54598414944519191               19
  0.77885384873576746               21
  0.64323579062758929               18
  0.70437952109194901               16
  0.79987741713229055               19
  0.78599732444394899               17
  0.76277443369101217               20
   1.0472595421891087               15
  0.97736766091719240               17
  0.80361159597940579               21
   1.0297926485066675               18
  0.83671954658168646               19
   1.0097898504704876               20
   1.0341824563852622               16
  0.81331478904591681               16
  0.84256044994398771               18
  0.83585732024748638               16
  0.98192244308345455               20
  0.86247235523113663               20
  0.79561791659851777               19
  0.70618742085204544               20
  0.71214897483628892               21
  0.57204059584943712               24
  0.54986072214809278               21
  0.51850325251163809               20
  0.48917270870397511               19
  0.57433812576269727               20
  0.69149174134482827               19
  0.48925746469270265               19
  0.64835521530080320               20
  0.46095661642143343               19
  0.31465081979429943               19
  0.34355706594018659               24
  0.34553764709077295               18
  0.23872501727802883               18
  0.23767411640076772               17
  0.39923497216908194               18
  0.31509884834067026               15
  0.51196934222581270               15
  0.51306554935121451               19
  0.68633121159945221               19
  0.23697260417280283               17
  0.21681469302875853               18
  0.34995749914861346               18
  0.56449189053479953               21
  0.51599337156347103               21
  0.60045200087038386               19
  0.55667635143040306               20
  0.64375639572308385               21
  0.66165802667202189               23
  0.60241753482157434               17
  0.76421695610805107               19
  0.73846097118966858               20
  0.81192098094674114               18
  0.64271579732426987               20
  0.87052967159128480               20
  0.87292047484360502               18
  0.71046770767674983               20
  0.74826372824189680               18
  0.86701786385114799               20
  0.88651364330781057               14
   1.0346759867506026               23
  0.85563738470091333               13
   1.0026771875701792               15
  0.75089156563644965               16
   1.0338080289104998               18
  0.95298040284575214               19
  0.96015984622497919               19
  0.80631003636028831               19
   1.0296132587133859               20
  0.77998142757074540               20
  0.56309871455954652               20
  0.76842249671719798               21
  0.62864141244263338               21
  0.59170321763287914               19
  0.44257886918207667               19
  0.72298235493143070               17
  0.76166632460838046               19
  0.53053997626677363               20
  0.48131090638660384               19
  0.38550789618876702               20
  0.45157417560038321               20
  0.36456766935278850               21
  0.41830990246794247               18
  0.50518756508679308               21
  0.36692083249010193               21
  0.50791786280466622               20
  0.62390938263794049               19
  0.35153508352272023               19
  0.59087484377280575               20
  0.52470406926509749               20
  0.74426533972879139               20
  0.55025673840904610               20
  0.57624072995914388               22
  0.56240782508582410               21
  0.55468529388238341               21
  0.57527893906400640               22
  0.43655588624963909               21
  0.60327345592358672               24
  0.58803152550759175               20
  0.68542132316449045               19
  0.93137320399661039               20
  0.59282110066744054               21
  0.82156771343005131               17
  0.87892417786375787               19
  0.99166745994778926               16
  0.80231286921333811               21
  0.85554687322145928               17
  0.91624589164045900               20
  0.82742636932877833               22
  0.89948781427142344               16
  0.95729497144835385               21
  0.74194068563761972               16
   1.0458890035371671               20
  0.84307619108061704               17
  0.89018288621776787               17
   1.0189600838490276               21
  0.85485843675420203               18
  0.70420488650899349               20
  0.91173529301287459               16
  0.96896809203834255               21
  0.92308748315764377               21
  0.63637679663686864               20
  0.58692957389998435               20
  0.55037557957239169               22
  0.83107849914768772               20
  0.68578248532715769               19
  0.48073065254812175               19
  0.63540336573360190               18
  0.52050883191425856               17
  0.52328300008447837               22
  0.39578154366647550               20
  0.60647937958513110               20
  0.46933334807220017               19
  0.55634865221919771               20
  0.28715404266213485               22
  0.35685063957446472               19
  0.60715437134298356               20
  0.59116347925387713               20
  0.41366072772077289               19
  0.49773858016549877               21
  0.57570940933509462               22
  0.54795842651254145               17
  0.69589005089743872               17
  0.61647802200120116               24
  0.51750641079246418               20
  0.56127278882221610               21
  0.66287065826179048               22
  0.41195858617240572               20
  0.85546423332317389               17
  0.68911128481800443               18
  0.56630344529225229               21
  0.78024725845597109               19
  0.75794110057147412               16
  0.99506938859954364               18
  0.79894657410375647               18
  0.93009022944659281               17
  0.91930448633310713               16
   1.0264511257177376               20
  0.92228382353238703               20
  0.89593825270902128               17
  0.74261123049387079               21
  0.95779009791459102               18
  0.97284581844997942               19
  0.94995682337052079               14
   1.0944568637017200               19
  0.88964014876025677               19
   1.0423419804110781               20
   1.0672948356285421               21
   1.0641976888090097               18
  0.92998358161631356               18
  0.64384648816761858               21
  0.46686909537924554               20
  0.88188004488687910               17
  0.65969107936762694               19
  0.80207015709163210               18
  0.82269390422066802               19
  0.54347330312124775               17
  0.82840907461612279               19
  0.47141884080836322               19
  0.63741127136065656               21
  0.69296993135172191               21
  0.40818032858992825               20
  0.44475102247494608               20
  0.37989799136565583               24
  0.52528498786116751               22
  0.40454129679321271               22
  0.58327309816393202               19
  0.61623653342492968               20
  0.68215513455832133               18
  0.47498949745097901               23
  0.41911661026505198               20
  0.49690043461946226               21
  0.39641280444206206               20
  0.81443425649452228               21
  0.76176321229861266               21
  0.81412450313415097               21
  0.66942424698520187               20
  0.64315137256995125               19
  0.57063906050924074               20
  0.65774058287543469               21
  0.65959503745531534               23
  0.65430854258429194               25
  0.86423898333701898               17
  0.88447096586538210               19
   1.0119570202227204               19
  0.96257238572534731               21
  0.91778364003430446               17
   1.0296663701857347               21
  0.98840874934008061               14
   1.0374054488750513               20
  0.99013070214618915               17
  0.90467879766307469               14
   1.0336317827447856               21
   1.0766773572059805               19
  0.95246630245090191               16
  0.96726227552044586               18
  0.90109606019508004               18
  0.83095251288222371               20
  0.92616261959915325               18
  0.56070719769314459               22
  0.62388423197270426               19
   1.0072357325205821               24
  0.78073033920411539               20
  0.77332854121534444               17
  0.80127186958315921               18
  0.78804694096336159               17
  0.64285924113095572               19
  0.93130936009073950               17
  0.56867104538524027               15
  0.35748946577049923               21
  0.59009996547182875               19
  0.38148609731925975               18
  0.63429344504380858               18
  0.59922979888496253               18
  0.54054787372505220               19
  0.75388485359783464               18
  0.52371435634728014               21
  0.45839194995127686               19
  0.62597530097691445               19
  0.82539381661497746               17
  0.55409127863632834               22
  0.46310096429815800               21
  0.69477111460083185               18
  0.21608384703125660               19
  0.46882312493873163               19
  0.78950263751483496               19
  0.54376856710402499               20
  0.66621156422687511               20
  0.76487884154420260               22
  0.68449505014767598               24
  0.83833213510434168               15
  0.97817102527340727               22
  0.93625547446509672               20
  0.91028786724091693               18
  0.82341547575281882               20
   1.0234444644061407               16
   1.1445907987192649               16
  0.92412224847615354               16
  0.98454705113977048               22
  0.99953341613845259               16
   1.1328175451862952               18
  0.99815736340158379               22
  0.85820203941955664               18
  0.86491484664908080               16
   1.0714293690663221               18
   1.1395689168531278               18
  0.72619905709429544               20
  0.84233771750597963               20
  0.94727470365193767               18
  0.75545553643243235               20
  0.74467468397779024               21
  0.54447465363060821               21
   1.0546432430606307               20
  0.71292513487942555               22
  0.72089708701802091               17
  0.77642185358720928               19
  0.72620557377798134               17
  0.61782239812235318               21
  0.72900792533924308               19
  0.60823263334889122               20
  0.41978261572654518               22
  0.62643450121204536               21
  0.47189524803462107               17
  0.69464550432159544               20
  0.79814116013126002               20
  0.61866721405453473               23
  0.40257728501005258               17
  0.44199372765688116               21
  0.63768850593544957               20
  0.71769770236941588               19
  0.77316969532703728               17
  0.49835050603503311               19
  0.65360629175244012               22
  0.65799479677194417               23
  0.62668117258293854               25
  0.80051622975176173               21
  0.71246691500003079               23
  0.62147533663911059               19
  0.79624438174836099               22
  0.79810287887858145               23
  0.86159639232182594               20
  0.67385110332610454               20
  0.76041639321535581               18
   1.0042431905733589               19
  0.91830188961908643               20
  0.95778327606921310               21
   1.1002175165232979               19
  0.91315407473361832               21
   1.0582484454860281               20
   1.1632682668430421               14
  0.96838171823068864               20
  0.97088486180806877               19
   1.1682094590189043               17
   1.0743753050226046               18
   1.0713264344494502               20
  0.99480037859706916               21
   1.0378857391041281               18
  0.92517390785776787               17
  0.82214773255901086               19
   1.0165835573563287               22
  0.88792784429603577               19
  0.89172775206069832               19
  0.80747450610282145               17
  0.69503936698008950               21
  0.69932722862733177               18
  0.93848274460252923               20
  0.87365088185689332               16
  0.70486287959724592               19
  0.68955854871115319               19
  0.61155503607851214               22
  0.62029865672692519               20
  0.66064865910657511               19
  0.59354810094394839               22
  0.69010477424766736               18
  0.60147291508941003               20
  0.51604607803684654               21
  0.38933598384807200               22
  0.58149342839065854               19
  0.74041172027589797               20
  0.75538039913161392               20
  0.91289926084823525               18
  0.65925468090586081               22
  0.69988759898513309               20
  0.53251062653775372               24
  0.73397282535370290               22
  0.48571713608996281               23
  0.69128711125820230               18
  0.71975214734761706               18
  0.73851734357330101               21
  0.73112813485774519               21
  0.90256756164835195               22
   1.0864947902018793               18
   1.0244851266566535               20
  0.88627143516650353               18
  0.86835545564226557               18
  0.85118150235386647               21
   1.0964040089480158               18
   1.1726875613891443               15
   1.0935304042552174               18
   1.0894570669503150               20
   1.0942777613475607               20
  0.78246508188186326               19
   1.0211052231419127               23
   1.0773405348391933               19
  0.97455161567540471               19
   1.0435797176353327               19
  0.85952007327071067               19
   1.0946023733920918               18
   1.0141440622904909               18
  0.82377674006065826               19
  0.94914208261645761               21
  0.98975522142217298               23
  0.67620114841052548               17
  0.90048003470680760               18
   1.0211708127338588               22
  0.87466889903339262               19
  0.65139069584824694               23
  0.87344307539888455               21
  0.50661137836844461               20
  0.80932746654202703               17
  0.75417679187013043               21
  0.67857584263133863               20
  0.58281465896097528               18
  0.82862663335613140               20
  0.48241753788742714               19
  0.66335427521786905               24
  0.69238708284269701               23
  0.79651543632760013               20
  0.53038258748522737               18
  0.89583375177240299               21
  0.74391351022652075               20
  0.70750965701040036               19
  0.58451028191330234               21
  0.56520147440310742               22
  0.63152553916948651               20
  0.87955394119167374               18
   1.0141690322069847               19
  0.96359384110445301               19
  0.91125625468226379               19
  0.77760526413522979               18
   1.0327720885858038               18
  0.70171004999142872               19
  0.77739530470974061               23
   1.0073623339781670               21
  0.94891211021943656               23
  0.95814978919088367               17
   1.0604873500703098               20
   1.3519522669139239               16
  0.96632918936118173               20
   1.0886386961295247               19
   1.1942712302408585               20
   1.0156742891535424               23
   1.1501212479030021               15
  0.95424519520121565               20
  0.98520518157909054               18
   1.0985426428898848               17
  0.98207998991427148               20
   1.0805771554096313               20
   1.0808592770796610               20
   1.0751655689535722               19
  0.67944714299490350               16
   1.0704932306399455               21
   1.0700924461261196               17
  0.85110206983329373               22
   1.1044676786846732               20
  0.84791385473149505               18
  0.94072208919520683               18
  0.67243007025537627               17
  0.86207592449540849               20
  0.78738742880877932               18
  0.89260095676249696               20
  0.81755728385797366               16
  0.84120722009891213               18
  0.82702522577946713               18
  0.60579012916812025               20
  0.57075825085872922               21
  0.83830743129822372               18
  0.72798078325305116               19
  0.54326603406911322               19
  0.78965853929524898               18
  0.73192356925876212               19
  0.90150963457462963               18
  0.66510709186680883               20
  0.61898133038352221               21
  0.75259268472594743               19
  0.89809273433879999               17
  0.61051665257779009               22
  0.82759952705011275               19
  0.95829465158780069               18
  0.70318330385900907               22
  0.98225880631643914               20
  0.63949014338277543               22
   1.0718005343378414               17
  0.94549398862132172               16
   1.0581659602730757               17
   1.0458074120133682               22
   1.1910227007653555               16
   1.0726975250308739               17
   1.0484991354727973               20
   1.1039970506242640               20
   1.0187854179281406               21
   1.0162549393126015               21
   1.0885178658239312               21
   1.1449405465927893               18
   1.2107679553830364               16
   1.0859361664751486               19
   1.0125053323021738               22
  0.86366087456436569               20
   1.2285686177798449               18
  0.84466708667271950               17
   1.2901932676437937               14
   1.1638696649169675               13
  0.80420028764998530               17
   1.1054823126569866               18
   1.0695615039008397               19
  0.91073501922150457               22
  0.85389126563909490               19
  0.45233568291071086               20
  0.86133053546793692               19
  0.87212239264444125               17
  0.92344700365408539               23
  0.70827043497588082               20
  0.68835230854456109               20
  0.62105155202131712               19
  0.75754145361529279               21
  0.76535888336378355               21
  0.48215226476185724               16
  0.72508512871528241               20
  0.96103025397203357               15
  0.54849669265965506               16
  0.72210083746311904               19
  0.96244416947029665               19
  0.74015947001065752               20
  0.53980959670445539               20
  0.91860271986906239               21
  0.94926572523789099               16
  0.61508600446780226               22
   1.0186058804285980               21
  0.86235824085213775               22
  0.81468486814231544               19
  0.76884623786541217               22
  0.82624667903949134               20
  0.84893113839383549               20
   1.1015868390890089               18
  0.82160315895375302               17
   1.1271860254100705               17
   1.2606233957894482               16
   1.2313809266919256               21
   1.0814408517770897               19
   1.0989505162288244               17
   1.1307946972850809               18
   1.0870721058226722               21
   1.0305837231080801               23
   1.2340442701548195               17
  0.94360253733133670               19
   1.2682766410160140               15
   1.1529366768780349               15
   1.0064291977071078               24
   1.0436141243183608               22
   1.1366387290753999               18
   1.1242926525620169               17
  0.89151656523186218               18
   1.1235498264175920               15
   1.2270698932268960               13
  0.93929917864375301               21
  0.81856894618353160               16
  0.96873127375802504               22
  0.79080854348727869               19
  0.72868861492479375               19
  0.74106521169929818               22
  0.73063515499071385               18
  0.78939835211732623               19
  0.87431978440442504               20
  0.83758955035566740               17
  0.61385761876980638               19
  0.88286500277536950               18
  0.69133716610543672               21
  0.91200122401219186               24
  0.96544277348505636               17
  0.66375744955940963               19
  0.96582158035850607               20
  0.84534175487127439               19
  0.62522093721050098               19
  0.94938671797177931               20
  0.85788402859953916               18
  0.92601617286913984               20
  0.82753179368625462               20
   1.0923902173569671               18
  0.91560399146311966               18
  0.92032188192269015               19
  0.68123632180638438               23
  0.94512718524746597               21
  0.91955975376514787               22
   1.1734626876319403               18
  0.98426326857643975               22
   1.0522679007304381               20
   1.1648915488311491               17
   1.0629708427995876               15
   1.2421565801878749               13
   1.0938505223645891               20
   1.2478424133158383               15
   1.1673141758969214               18
   1.0984108585972516               16
   1.1055457556942998               21
   1.2381417154963030               15
   1.1667837970916606               17
   1.0054620236190166               22
   1.3350831134712755               12
   1.0131203995086155               16
   1.1025767800524289               17
  0.90469781082748413               19
  0.88561958803500151               16
  0.74219595398796190               19
   1.1540412646772704               17
  0.71783362452837540               19
  0.94091717660381768               19
  0.78619794199341486               17
   1.0002908645673574               16
  0.79736322241443469               19
  0.83193083311848159               18
  0.94046855065787804               18
  0.81385616540850370               18
  0.61523951877299732               20
  0.78680194469341447               20
  0.76620788417988184               19
  0.93779534318372604               20
  0.85727794667228052               17
  0.96322166643915474               14
  0.99063982354559765               19
  0.96118651388890208               18
  0.76825911179338835               20
  0.83904183356023077               20
  0.92869395461783444               21
  0.99499520635342009               21
  0.94843212345065553               23
  0.73699893075520029               20
  0.95234010178942707               26
  0.95250076147989249               23
  0.74963580213654379               23
  0.87834463731787327               18
   1.0687292826053980               19
  0.86169391733412248               22
   1.0619915802004873               20
  0.99464847360490372               16
   1.0660723269303851               19
   1.2962822148983850               16
  0.96349502592818503               17
   1.1602310875425268               13
   1.2620035786871178               21
   1.1979154426052325               13
   1.1218311099793123               18
   1.1883786066367723               16
   1.2007938966210103               17
   1.3067380740828163               13
   1.1725686008581087               17
   1.0811231121662583               20
   1.2541313259991647               17
  0.99471793041061385               21
   1.0562406202535859               18
  0.89761196087409745               19
   1.0517090486760035               20
   1.0205525263186843               18
   1.0135327517295563               19
   1.1224170945007625               14
   1.0057120328083959               17
  0.97411567617284900               20
   1.0035922523486818               24
  0.75784946838640299               19
  0.91049162896405078               20
  0.86381985365812741               16
  0.86909356096657175               19
  0.86630960729192119               16
  0.76748117193313703               19
  0.90969715663223305               20
  0.57921838910315215               17
  0.84922458620929797               20
  0.70005451924844997               22
  0.97932596658209414               17
  0.95385162622839803               16
  0.88544425102274926               25
  0.86466208493321339               19
   1.0010346564689836               21
  0.89664886939433452               22
  0.79708848791119402               19
  0.83715112192844710               20
  0.86728132317818540               21
   1.0273335052015329               20
   1.1814327972227741               16
   1.2068475847752937               20
  0.83495486669531327               19
   1.0676071627117154               19
  0.80734454378303222               20
   1.0134930829909987               22
   1.1731494784413699               14
   1.2474441008894832               16
  0.99865283782819769               16
   1.0682439398316677               15
   1.2286423787854011               20
   1.0112180481965163               20
   1.1387033027276490               19
   1.0443989120410246               22
   1.1684408578813643               17
   1.1694281429651165               13
   1.2460729354438891               15
  0.98124594020140532               19
   1.1371082954732592               17
   1.2572314058385519               17
   1.0600271242551575               20
   1.1419475033246769               17
  0.99159195904361719               18
   1.0882061082785757               21
   1.0557681777268721               20
   1.0406823895912947               19
  0.86747031470852887               21
   1.0272104640142310               15
  0.99001737028368586               22
  0.97570459636698637               16
  0.96574131288505893               19
  0.88176025459470642               19
  0.79184350597929254               19
  0.96975413935993560               18
  0.93876091871832601               16
  0.82008852858293002               20
  0.78799225330313627               21
  0.82784810420905985               19
  0.80181839806972710               18
  0.84556225422486997               19
  0.93830469963283525               16
  0.73624076149866335               17
  0.96301821552081734               20
  0.75122540287747919               21
  0.93260360231171924               21
  0.99939009584244998               21
  0.76459663240107079               17
  0.93376615616872738               22
  0.97590141567372679               21
   1.0309920556340708               19
  0.74279722519003233               20
  0.97303439504088118               21
  0.86046642058193479               20
   1.1137475765947040               15
   1.1189228106035394               18
   1.0852218156714899               18
   1.0857757547669282               14
  0.97973955346066499               17
   1.1752577609040094               12
   1.2517822421313316               18
   1.2822737503131336               18
  0.99630714653217634               18
   1.2028219366636104               12
   1.2768534240487881               16
   1.1294668293953711               18
   1.2777465841646314               17
   1.3050759819742301               15
   1.2188201268416232               17
   1.2022504040769093               15
   1.1016722613787340               20
  0.93894158497022462               20
   1.1612548739683091               16
   1.2024203344888926               15
  0.95744935966085720               23
  0.96947641160521414               17
   1.1114306523784521               17
  0.93826068200066937               21
  0.86715761386575052               16
  0.96860981630454579               21
  0.97366134169464136               16
  0.99946472698247191               15
  0.89998421055575828               17
  0.85266479015386332               18
  0.93413928952761749               18
  0.91378839392046551               16
  0.95606202681200758               19
  0.89943178029129589               21
  0.96109754756157784               19
  0.90550704459669384               19
  0.78638944659954113               20
  0.94518553867801625               15
  0.90533386408566241               18
  0.93491823793400652               21
  0.88656906701025340               19
  0.99695419906627269               17
  0.92283520911207073               19
  0.73022652248966580               19
  0.89088594285879141               22
   1.0183781495917623               21
   1.0609768636292431               18
  0.95002717460497033               22
   1.0084500516883741               23
   1.0339719192899812               18
   1.0884589957684654               17
   1.0518698962484652               19
   1.2297042746908837               16
   1.2322519396708642               14
   1.1161888172394041               17
   1.1274203990568723               18
   1.3130706078025001               18
   1.2290120891253780               21
   1.3021770677825346               20
   1.3460503522604457               15
   1.2424826708072554               18
   1.2430059590761922               13
   1.1357569875329243               16
   1.2376005706841031               13
   1.2433209260235789               15
   1.2207428442047572               18
   1.2680845006422496               16
   1.3270032440627235               13
  0.94680250063107763               22
   1.0190902412021030               19
   1.0467804044967568               15
  0.78058837071464493               19
   1.0164247542959082               18
  0.95989474960920640               16
  0.94457483870033643               22
  0.94151564537335675               18
  0.98388772737977115               22
  0.69148421379809821               22
  0.95471297324166549               16
   1.0656803729315389               21
  0.66694908010283083               23
  0.44211779170565657               19
  0.92808886658078882               17
  0.95989921901696518               20
  0.94392621755091455               21
  0.89063491136764050               18
  0.76790605870129758               18
  0.96482132666708531               16
  0.78952169125577187               17
  0.88387829504237503               19
  0.66512996637109434               15
  0.78287001274857226               17
  0.89605027745828658               18
  0.82098228715395039               16
  0.88511367642981409               21
  0.81971333050144957               20
  0.86040615851004520               18
   1.0251417511561729               17
  0.67678700048067031               22
  0.96812521040077115               20
  0.92284615511559631               19
   1.0088136236758869               17
   1.0265407446244201               21
   1.0427603300350423               21
   1.1386401787971772               14
   1.1481431255207351               18
   1.1282695642400942               17
   1.3249207261923988               19
   1.0983140735435839               19
   1.2984651511043099               17
  0.98972216657117218               21
