   1.1291369454450539               20
   1.2148820665338844               19
   1.2621829967942155               19
   1.1225977769756827               13
   1.0054279227274276               22
   1.1099070401204587               16
   1.1147149854170568               22
   1.3533229586523758               15
  0.88210895481134288               21
   1.0818309072023244               17
   1.0668543764308094               18
  0.94271184547442377               21
  0.96260929716622801               19
   1.0375137851729030               19
  0.75525523878944589               19
  0.80490649761996313               20
  0.93567733601008440               20
  0.97322493490440820               14
  0.94243930163865963               16
  0.86123989441437410               20
  0.82328053038811155               20
  0.57978596021752293               23
  0.86054357662941405               19
  0.56950957363918775               22
  0.75163617484232426               17
  0.97148867919954685               15
  0.73621485428187972               19
  0.87234717225744263               19
  0.99252019861168994               13
  0.99862464705517318               18
  0.93459384906631404               18
  0.78752686486492196               21
  0.87145699594310111               21
  0.86037199281618959               21
  0.83942253709762871               20
  0.91256175234040182               19
  0.62747365360129737               20
  0.88307753150175827               21
   1.0406664651523929               18
   1.0058256861761126               14
   1.1086196385379810               16
  0.82265518034832852               22
   1.2664829496275947               18
   1.3682984263731062               17
   1.1068163800637552               16
   1.1034479611182595               16
   1.0731614837746768               19
   1.0541857020492034               16
   1.1546842377306192               16
   1.1466921551863094               22
   1.1336591893725063               16
   1.2372178350697032               20
   1.2843104486120180               15
   1.2608333843323964               18
   1.1145458177791350               19
   1.1018448070720699               18
   1.1208915978940177               21
  0.96743494561812626               21
   1.2894270758172277               16
   1.1792951216162553               21
   1.1691494876962265               18
   1.0485533451310156               17
   1.0375751770510000               19
  0.96831337877414425               17
   1.1199376265800682               17
  0.93324036751514428               19
   1.0587555856856283               20
  0.91211410413102822               19
  0.93202642870357832               17
  0.95573192162965448               16
  0.77920339564992469               16
  0.96751500945286084               16
  0.76690939265271019               16
  0.92989592291253997               16
  0.96424354413804447               14
  0.81442474250284924               21
  0.90610725246787727               20
  0.89200696580773831               17
  0.87255080391344009               17
  0.94549920347015759               17
  0.95242672718684251               14
  0.95293266792241993               17
  0.89765628225100735               18
  0.99302823514595606               16
  0.97504070068677651               18
  0.86561581550925937               19
  0.96027325682591036               16
   1.0306648023222464               20
  0.97426210211832753               17
   1.1286193347726441               15
   1.0481469874796503               18
   1.1222138381572597               17
   1.2079008102015676               20
   1.0906073707414827               20
   1.0900038508511303               18
   1.1389338288580828               16
   1.2476650484556411               14
   1.1860987865005586               18
   1.3382816242918012               15
   1.1525398600113999               16
   1.1977804354452954               22
   1.1844830526445049               18
   1.3306285237243274               15
   1.1864739610028192               17
   1.2801428301244628               13
   1.2467676383148321               18
   1.0715362841578933               16
   1.0611595656574544               19
   1.0347230944909855               20
   1.0163578571720673               22
  0.90056380351774357               20
  0.99515045587798590               22
  0.80656075167775687               20
  0.97201153227240855               22
  0.82721005391965141               23
  0.82571078372750351               18
  0.71927991969291849               21
  0.88263196605585736               18
  0.92420362386548827               20
   1.0078021521548506               21
  0.89868164699870046               18
  0.80691751016462410               20
  0.81715136505699582               16
  0.86451757611469782               19
  0.94946103637518042               14
  0.77914511098988515               18
  0.91180251859136319               18
  0.96216051714794593               14
  0.95203317611002247               17
  0.90314462050027156               17
  0.71674802382487834               18
  0.89508128422915123               21
  0.87347860825663626               20
  0.80575804722397426               21
   1.0095872021718879               14
   1.1200505934323961               16
  0.85264541013594819               20
   1.1266115109164856               15
  0.97049931867846184               14
   1.0455885681123991               17
  0.97379197435037590               19
   1.1284235471156265               19
   1.0186821795819456               22
   1.0310459077462069               20
   1.2107988996663650               17
   1.3154180154461426               15
   1.2081670077662425               17
   1.1600757990188340               19
  0.97111863001230481               15
   1.1501545038730798               17
   1.2664614782820052               15
   1.2911587910529814               16
   1.1672709232507594               17
   1.2372015624482722               14
   1.2570902182543497               17
   1.1038690812656129               17
   1.0000267272615513               19
  0.90179234636273065               19
   1.0615288267360803               18
  0.94196402033579163               18
  0.80501902252081492               20
   1.0714313083354905               18
  0.84934055151002763               20
  0.74186003393413846               21
  0.74627387667516853               22
   1.0187007699062560               18
  0.82880653809683869               17
  0.98782012949125353               17
  0.96995684999146603               15
  0.80824966465635351               21
  0.75641794180434563               19
  0.89252576111872806               21
  0.86023218309162808               16
  0.69687898823381589               20
  0.96869404400081338               17
  0.66944159659312552               21
  0.66955478275987168               19
  0.81951120080743245               22
  0.93898546212034972               16
  0.92093688509083016               17
  0.81960661587798700               20
  0.67919108356692859               17
  0.84819227565595823               19
  0.78323141182321221               20
  0.72763526240345300               21
  0.96023704899716611               19
   1.0808442217856897               17
   1.0331028543266718               15
  0.81341538635400656               22
  0.98508996066887367               18
   1.2470358513963009               17
  0.88261514145460862               22
   1.1636259823497956               16
   1.0690912905993020               18
  0.94390313529905812               20
   1.2066409128609685               13
   1.0993113740362217               16
   1.1193205237234050               20
   1.1730400103856666               19
   1.2933788965213662               18
   1.1295861939331828               17
  0.93927762431046469               21
   1.1808609402332519               19
   1.0797933057051146               21
  0.99288524432424785               22
   1.3369355873222206               14
   1.1920062124598558               16
   1.1924322342776101               19
   1.2136404384526154               20
   1.1489120798646162               18
  0.98098129584764238               18
   1.0025700940995381               19
   1.0061604308092917               20
  0.69382841758506919               23
  0.76826800220520219               22
  0.89476468030435918               19
  0.64496292509454567               23
  0.92820444038203620               19
  0.88742233115679681               17
  0.87755327829293772               15
  0.70978687933060636               20
  0.83055842157735515               18
  0.93887907356527578               13
  0.87073645801331923               17
  0.72773568517504150               18
  0.88739378907536826               16
  0.68303761270119301               20
  0.66020451152692350               19
  0.95170792354010481               16
  0.97344993686381964               16
  0.63730958036564589               19
  0.81313761630084369               20
  0.90599013666007377               19
  0.70068212917305195               17
  0.90738250971698731               21
  0.59763846421624889               18
  0.93279363433292917               18
   1.0305536643391155               20
   1.0774062911754259               20
  0.81141897264868101               23
  0.87305616858384494               20
   1.0173967825348402               19
   1.0928075078642852               15
   1.2302329029474954               20
  0.85266557267435361               17
   1.0778438282880567               18
   1.0546822669056983               17
   1.2900674585291283               16
   1.2630550259183604               15
   1.1988095358631627               17
   1.3018982611355401               16
   1.2353115491795605               12
   1.1064917431653689               17
  0.99133661318775412               19
   1.0462041477972397               22
   1.1519826363209680               15
   1.0929726609419632               19
   1.0548400395732440               18
  0.78204070832505335               21
   1.0124253314893423               21
  0.90331036654920971               18
   1.0191551272955159               18
  0.83294619529696778               21
  0.88395044074485241               18
  0.87804681639301185               20
  0.92872649588729639               19
  0.94381399354186923               18
  0.71747660989342321               19
  0.83565113317862905               19
  0.87912256599623095               16
  0.88390854986477008               19
  0.65082473204432445               17
  0.60631379312681577               20
  0.75980302539730094               21
  0.42824152853735831               18
  0.75453234801094082               19
  0.49952051580607182               20
  0.92051696775721925               17
  0.56722707264119177               18
  0.73100906427366608               19
  0.71936750318623455               19
  0.73748986225082913               18
  0.82495348872855623               20
   1.0023531461862447               18
  0.94658354581382953               18
  0.72729483029892683               21
  0.95326610505191245               15
  0.89345702497045409               15
  0.67776540812682307               23
  0.74002384660530851               20
  0.87231011378615797               17
  0.89390034238105887               17
   1.2380333708910001               19
   1.2237160966040710               20
  0.89756892643291186               19
   1.0117074199647660               14
   1.1977236397965469               13
   1.1130411140896659               16
   1.2992545376749993               17
  0.96430658285952742               16
   1.1459312746741017               20
   1.0835904642249683               21
   1.1000857168925613               18
   1.2178301741970574               17
   1.1778935023896557               17
   1.0932280615233472               17
   1.0869765155630924               17
   1.0784458744065177               19
  0.97094984330097134               16
  0.90340184439772830               15
  0.88327295161532882               21
  0.96617171920626355               19
   1.0216614643724906               18
  0.90047894968468289               20
  0.84215397920726287               21
  0.74778829578274997               21
   1.0575175421338574               17
  0.65155344800694104               17
  0.78699185811812000               18
  0.77210444792317601               22
  0.73453535114794211               22
  0.67875811366160899               18
  0.77020315381289273               20
  0.63986112745741719               19
  0.55226069356894547               20
  0.72315103952394699               19
  0.45730752608958786               23
  0.62246300428311918               17
  0.94258805342885565               16
  0.77778927965860489               14
  0.82934502398611043               21
  0.55858285175671207               19
  0.75040994777857783               19
  0.71062341382095973               16
  0.72064758031858189               19
  0.92254084801174296               23
  0.78419763498950323               20
  0.99554695410111760               20
  0.97700551520683832               19
   1.0419606338838587               18
  0.82465950304503999               19
   1.1104148039959298               16
  0.95910366792444457               16
   1.2967509908230697               16
   1.1163444519176782               17
   1.1515928009930481               15
   1.0596939948933006               20
   1.2170006832847822               20
   1.1592774870141795               14
   1.1514740621711925               20
  0.99914185244114040               19
   1.1780635509239943               15
   1.0367077995936334               20
   1.2335821401411518               19
  0.98980847470869315               22
   1.1442351104635660               18
  0.87668019543817544               17
   1.1787536582540972               22
  0.97978007540541379               20
  0.79026835937170137               20
  0.69014014621179876               24
   1.1553466419201845               16
  0.84083297181563099               20
  0.85591854363935138               19
  0.79582297959910198               23
  0.80214483115003710               21
  0.71668176340818812               21
  0.99942185701212660               16
  0.90675969147649427               14
  0.82041955553325852               17
  0.69925200844013846               22
  0.70530464271599125               19
  0.82131405995018636               19
  0.75452012874744245               19
  0.53568497564827755               23
  0.36758506691907966               19
  0.71702285934423626               18
  0.61374548803763995               16
  0.54174766782404216               17
  0.76875048425283377               19
  0.77000683529786274               18
  0.64478271606106308               15
  0.81461147989806570               24
  0.69078416059697845               19
  0.88135813912060024               21
  0.59105401355580356               21
  0.93352773222675134               16
  0.69585661779587904               21
  0.88914867483815807               21
  0.84402999496028830               21
   1.0740746176360443               18
   1.0459340333236711               22
   1.0038693551151421               17
  0.99240034255226472               23
  0.97338384225828023               18
   1.2229512118324843               16
   1.0338678232843357               14
   1.0810914256150155               20
   1.1943544982934666               14
   1.2650124954434729               17
  0.99130659746596850               19
   1.0980246916339378               18
  0.92438741113487255               23
   1.0968726310273573               16
  0.93849895495181790               23
  0.93947294436413231               22
   1.0376868661919716               20
   1.1434796435998604               19
  0.71275337029808850               24
  0.78099188257237406               21
  0.73538159733733077               22
  0.95166191202637818               18
  0.80526740802504915               19
  0.80638486247795105               17
  0.76512448021584933               21
  0.63632230014023061               19
  0.67490570586129406               23
  0.79760030083468447               20
  0.96557656166835848               19
  0.77327920748800982               18
  0.69878717705448024               19
  0.85583511167822968               19
  0.84560009109993683               18
  0.51469085625936928               22
  0.51682945604470631               20
  0.80425808543953825               20
  0.48330540033536812               19
  0.85026153044643948               15
  0.54733001240742096               20
  0.53807286672885457               18
  0.77797465392524834               20
  0.57605627130654447               22
  0.50670724030240544               20
  0.70427917652905014               19
  0.60365736806642922               20
  0.90059383489430478               24
  0.73204013421435998               18
  0.94016588953059033               17
  0.83621782805611877               19
  0.84963058626938992               16
   1.0588784189670228               18
   1.0242873373863017               21
  0.90587974332986687               21
   1.0598233893144853               18
   1.0185089701601158               15
   1.2656536750798206               17
   1.0863042394431097               14
   1.1035173449075175               17
   1.0686028533736422               19
   1.1938698104910790               19
   1.0780172519995297               20
   1.2115841665241318               21
   1.1170084907355327               16
   1.0080373611822739               19
   1.0953447333905417               20
   1.0914356984515019               18
   1.0753483476735433               19
   1.1533375097258967               21
  0.74885693921804697               19
  0.78512161888150611               18
  0.96648261635141275               19
  0.94019712314130066               18
  0.74699886712424857               22
  0.71718826970901539               19
  0.80150122692983528               22
  0.70102981713001900               23
  0.62187521174982252               22
  0.53666533998661725               20
  0.60192961450011218               18
  0.77234873507123603               18
  0.82403793486355648               20
  0.76550443226872622               22
  0.60232858194908323               19
  0.45990188347087402               20
  0.57373458069650585               18
  0.63692008521430388               19
  0.63909765460256340               17
  0.88437203866596015               18
  0.67292311263165683               18
  0.47994286053453961               23
  0.83777922746757916               21
  0.64820665559529356               17
  0.80403009965581063               19
  0.85366208441629732               20
  0.68761989327342665               21
  0.80271451387786108               18
  0.69294792567360208               20
  0.82621350011612049               19
  0.81135430586213286               19
  0.92758813767605686               16
  0.83710082018685439               24
  0.93557948223666920               20
  0.94909884441981596               22
   1.1455577027046584               16
   1.1051898993899165               20
   1.1116252655805214               19
   1.0283114932132194               22
   1.0954791208992354               18
  0.98845806921078061               21
   1.2563340423321525               15
   1.0157765947383091               20
  0.99071210346713590               21
  0.84487694132338442               18
  0.96927243328991830               23
  0.81310585194483131               18
   1.0578284028246265               20
  0.86739460340373431               24
   1.0729803951279036               18
  0.86862073891709612               21
  0.86009947480768700               15
   1.0384392668804598               19
   1.0112227103262392               19
  0.66183848189407590               22
  0.60869581034472064               21
  0.68505518771346208               23
  0.71560542739625088               20
  0.77419244945585963               24
  0.61151913390038215               21
  0.52172576043304186               19
  0.46548943982394136               24
  0.59139223746236180               22
  0.63783441062024149               21
  0.55027567736663319               23
  0.49951327816751534               21
  0.54282173825479962               19
  0.42182547459312508               22
  0.80760274513041730               18
  0.54925839737564131               24
  0.44950786719987973               20
  0.43756916540643653               20
  0.74493712114828237               19
  0.78656523718583093               20
  0.78496077403685971               21
  0.96210509696599666               19
  0.56894496772213488               22
  0.82588308192117399               22
  0.77209598034254534               20
  0.60981248599184446               21
  0.80876379906832097               23
  0.57565494351849322               23
  0.89170944258627616               22
  0.78301944939059298               19
  0.90306353774098880               20
  0.85828403784790830               19
  0.90178056845074850               23
  0.97365090584602287               20
  0.77787235447363501               17
  0.89268770284607424               22
   1.0357498940636920               20
   1.0471960121979977               22
   1.0151930928558182               22
   1.0379153232130058               20
   1.0619710614153415               23
   1.0674550936200875               18
  0.98800324374069615               22
   1.0911624777600109               18
  0.66841680517890001               18
  0.90919184474414327               19
   1.0449617937910134               21
  0.95873034484642194               23
  0.95505390553909886               20
   1.0537400948897138               20
  0.62342619293419888               16
  0.64150795721983123               21
  0.73876147911672874               21
  0.77244005351678924               22
  0.74788897374719598               20
  0.56741684841717477               20
  0.69054110149458048               21
  0.51240836703347237               22
  0.59521226854583220               23
  0.62156670924659929               18
  0.52618486535696285               21
  0.53488338931154722               22
  0.60537883154471983               19
  0.45347289225034565               21
  0.68742847460226886               18
  0.44785053155807764               17
  0.46124027553844565               20
  0.32555143318121182               20
  0.47829925565839054               23
  0.76258046518739619               22
  0.71503117318091625               20
  0.72708587286426740               21
  0.53028898662259893               20
  0.75272910456821096               20
  0.67771142526937689               21
  0.75997327509536838               20
  0.75575667711179650               21
  0.92974744087141792               16
  0.88383419515851813               19
   1.0434589031891501               16
  0.64015983957206102               18
  0.69859473363181701               20
   1.0413276277074472               16
  0.74912951139674244               20
  0.75084201079544377               17
   1.2303780606789181               19
   1.0220063532400823               19
  0.93938846086904892               18
   1.0638094378986365               18
   1.1408949120692908               15
  0.80795130544559435               17
   1.0060972565638502               23
  0.87212781793684357               23
   1.0035737090505410               24
   1.0718271141056119               16
  0.76092339136212783               20
  0.83941661588375627               18
  0.83168743701201386               20
  0.92806924577538108               18
  0.71771286851468574               20
  0.79153874584122452               18
  0.89430098365438870               19
  0.69633891795954039               25
  0.58573221821022048               23
  0.69618684469127590               22
  0.51707133112452097               21
  0.60547465389894584               21
  0.44282685996182364               21
  0.62388889348710486               23
  0.54650398313568049               21
  0.65514821650998378               17
  0.47912336892724211               24
  0.46273944284368407               24
  0.62305785211339493               17
  0.37880169164310229               19
  0.31242774722113903               23
  0.57948480256803470               22
  0.54450759571220297               21
  0.55278385489793858               18
  0.61130737191927120               24
  0.62589114158446135               21
  0.41659127823661418               20
  0.57169163133942968               22
  0.57381389146518436               24
  0.59126211930488404               23
  0.87231948524514513               18
  0.53710536868586101               23
  0.81886645629162524               17
   1.1155747866341057               17
  0.83157102118472570               20
  0.77571914505958561               19
   1.0244971618712500               21
  0.85855700662997791               20
  0.77941214907181144               20
   1.1177418080076020               17
   1.0278210165721124               17
   1.0221144341198816               22
  0.94996584366241488               22
  0.97128943268755030               23
   1.0252900456461158               21
  0.89785551394150309               20
   1.0304328633292534               18
  0.98259288262823330               20
  0.80891209125915653               20
  0.86333426755153309               21
  0.84140629258133037               17
  0.62430634065128487               20
  0.95035253228955552               23
  0.49331782731927848               22
  0.66003890295398082               23
  0.54100207123274435               22
  0.86082141420771685               21
  0.75938479667669712               21
  0.64929965908495502               21
  0.48960197341347172               18
  0.49166069732319395               24
  0.65273866687516502               21
  0.58037079255496826               21
  0.41891818846501111               21
  0.33041369615150756               20
  0.49101336692956865               21
  0.40523231539364268               18
  0.51699128288214613               22
  0.75075791579907358               16
  0.59267448830389624               22
  0.39007466106728739               19
  0.33325871751306657               19
  0.64844239625187905               19
  0.59346256454757973               18
  0.42718615329830140               23
  0.65401841116979187               17
  0.63408657752921171               22
  0.49443748490308198               22
  0.85422966837488001               20
  0.92342760702046356               18
  0.81667849521708169               21
  0.85222869773098253               22
  0.97085604618641363               19
  0.64472115812483921               22
  0.87893575404052249               22
  0.86593937313942249               18
  0.79098605696101065               18
  0.72552783720459146               20
  0.90967708896260380               17
   1.0571816690721021               18
  0.93699768212280343               21
   1.0635286298464939               21
   1.0648197749937833               19
  0.74729870298784362               18
   1.2034180580535339               15
  0.99900795747615412               22
  0.85502913719945128               21
  0.99769915839954215               22
  0.84694368493004835               18
  0.53716089994321203               18
  0.77911022180830680               15
  0.61877500359994542               18
  0.91250353750459889               19
  0.85919279292850104               20
  0.85084003420755772               22
  0.46517715659661063               20
  0.60523180039608859               22
  0.71488004877151745               20
  0.43151626740987414               20
  0.63095221166149618               19
  0.39079011535654296               21
  0.45455400877344726               26
  0.53574335046650801               23
  0.38384967732305714               15
  0.39272292206854853               21
  0.45825916815951029               20
  0.67264921611925832               22
  0.34941756782371075               20
  0.50191916279066418               22
  0.49794019899705033               21
  0.30344172082248000               21
  0.47095547768288865               22
  0.28639527180397234               21
  0.38306725246987866               22
  0.67308624667395578               20
  0.43673541708452235               17
  0.46184393677153174               21
  0.62966492080446768               23
  0.79767938200755273               19
  0.37998509254163432               18
  0.76092024924444079               20
  0.72030098016575039               19
  0.70212029136199761               20
  0.56971365729173273               24
  0.93575770611441822               15
  0.72983636407710673               19
  0.71507255306954431               17
   1.0226594315182644               23
  0.70754167409217417               24
   1.0431430556483030               16
   1.0200839011700058               16
  0.78189541823723485               20
  0.78410716681612491               17
  0.94356958301498917               21
   1.0393373503685499               19
  0.92381945460174886               24
   1.0451172434026086               20
  0.92079248819019854               23
  0.94588178343595219               25
  0.91508558560972653               25
  0.85939384197235702               21
  0.64163994856919071               23
  0.90732753259880883               21
  0.58677461484174787               18
  0.66019078354770688               20
  0.60186125247857158               20
  0.58894873985987295               20
  0.68138625524954244               23
  0.50660942976308265               20
  0.65921614559275943               19
  0.58554552642118607               20
  0.45947400174080194               22
  0.42560189871986392               18
  0.50955754851908319               22
  0.30425615514546794               20
  0.51003855723742719               19
  0.33634151502164822               19
  0.66595898308793589               17
  0.28625141589811071               15
  0.37930651562339163               20
  0.40378770152029908               20
  0.62120065828275650               18
  0.41721736221125544               20
  0.25507188506690598               19
  0.59861263671383358               22
  0.44985966279630324               22
  0.45559690476725001               22
  0.54823211558344909               22
  0.42448633984710959               19
  0.72980274762425690               21
  0.54916403394842550               20
  0.83268818198052119               17
  0.67529492323384277               22
  0.89015071672272650               20
  0.66263164122673701               23
  0.82206967138646669               19
  0.60026485877616642               22
  0.50839804942508715               17
  0.80697682259665704               19
  0.98192615012647100               20
  0.95532514645035571               20
   1.0955655736787755               18
  0.84262874671188037               21
  0.90518315507135316               24
  0.88868796185890708               22
  0.95090271675629878               12
   1.0155279404973745               14
  0.96632219475413339               19
  0.96901245844275308               17
  0.54633745524699484               16
  0.71565284087785930               20
  0.51384290401779598               19
  0.76976047899000177               14
  0.55647665980581240               19
  0.56656954041317753               17
  0.41442521495814388               23
  0.65376295019982456               23
  0.64340830547917605               22
  0.61145173370556083               22
  0.48058698502070213               19
  0.61226796865808408               24
  0.37803686441826639               17
  0.41382922288066332               19
  0.32576373879974813               20
  0.28884955591556705               20
  0.33684279730693090               19
  0.27250903978951613               18
  0.53964308479028933               19
  0.50316767788357564               22
  0.41035653862957366               18
  0.24497797569366267               19
  0.37424092938335030               23
  0.12522944002198022               15
  0.54591983364563701               21
  0.55596884552809689               24
  0.17332709937607688               13
  0.63489834210139695               24
  0.64834453229886402               18
  0.49634864217836444               23
  0.37621041667530214               19
  0.67615694575837204               20
  0.66177587583891206               19
  0.65248019141152447               22
  0.59423627704912230               23
  0.76841871847934584               20
  0.86681086571212385               23
  0.93104520416074099               20
  0.96384797773020492               17
  0.99615388714405328               15
  0.59636074220665214               22
   1.1811751279902296               16
  0.95802023176543627               19
   1.0120311034399638               17
  0.92720427921692439               23
   1.0015425213779459               17
   1.0040625982252394               16
  0.71971006116544345               19
  0.82926116753347745               19
  0.77983403646635430               19
  0.85777894718894665               22
  0.91149829397702964               18
  0.69245841318848422               17
  0.67311711562707166               23
  0.77217961113346933               15
  0.54701173503701461               19
  0.54068491506009886               21
  0.49904437271548485               19
  0.73076573250042243               20
  0.52538500824181433               19
  0.34479136135961969               18
  0.65958035337304777               21
  0.42293928288308918               21
  0.47074999685937047               22
  0.33662924515724668               20
  0.37477207030146725               18
  0.25829767988560770               18
  0.32455804363269541               19
  0.49967664429034975               23
  0.26461900662096643               19
  0.23982524575006725               21
  0.43086498331025702               20
  0.65497916972873915               21
  0.45838149301757192               19
  0.33405946326444647               19
  0.26802909949757331               18
  0.52863952065886266               23
  0.45399007595619778               21
  0.78783829241656245               21
  0.71822057249752225               18
  0.60990420440676651               16
  0.68056614454432651               20
  0.65337923938705489               17
  0.74630446108698356               16
  0.81538348514530257               19
  0.77001434823358206               18
  0.73522895284916456               21
  0.90253871976375222               23
  0.69807975743933925               17
  0.68028787788911660               18
  0.64286126305674385               16
  0.96806525746628624               20
  0.98933398859622268               17
  0.94503333793423916               22
  0.68998661319548737               17
  0.96477684753953952               22
  0.77641736389160843               17
  0.72584526097094793               22
  0.96744584204776141               16
  0.89513934635791448               21
  0.68539738139888218               18
  0.83417452100293166               18
  0.67773480381036821               18
  0.67404884671330156               22
  0.73832878701239768               23
  0.66291858426002082               23
  0.41203685946461904               18
  0.37070053637647921               19
  0.37001108780342451               20
  0.59623235195340074               18
  0.37963403879732016               20
  0.45026541053150043               20
  0.31297557215502703               17
  0.47876906985655793               20
  0.55095920067717830               23
  0.26366196713279533               15
  0.30547702438535834               22
  0.43110122419529473               23
  0.31299567657776756               17
  0.30193266519071837               19
  0.39822780404950781               17
  0.19053707494686573               19
  0.40928621205844928               14
  0.26192092056839378               21
  0.36460854240179197               20
  0.40503869907936241               22
  0.65805880189126464               19
  0.61501698489947842               20
  0.44409941376098072               19
  0.36400607480578201               21
  0.51631025745389192               23
  0.53061657697641484               23
  0.70656044321358380               23
  0.75449467150844207               15
  0.68385125668607483               17
  0.82965291888944759               20
  0.85455370396679176               21
  0.80483073521095305               17
  0.93687880253533895               24
  0.88005078394615199               22
  0.93861237430462552               21
   1.0009009010083163               20
  0.97031840779802403               18
  0.75995307086044073               18
  0.90020927313021104               22
  0.83220674615274748               21
  0.81508956883233874               16
  0.97733832305261648               16
  0.84454505427642756               17
  0.89220463185823806               22
  0.96543245026873770               17
  0.61595685933621147               19
  0.85699985224043573               19
  0.68763147872747554               19
  0.46336777060150791               19
  0.60668055531751486               20
  0.63770309595736741               18
  0.57286466108984446               15
  0.45345467527397065               19
  0.57168643054126589               21
  0.45348827123605295               18
  0.57324154619971612               22
  0.27471025615219968               21
  0.22447832443401816               19
  0.34846317861850379               18
  0.47450067789892475               21
  0.33062206860263049               18
  0.34704915385631646               19
  0.11436753469157182               17
  0.25694478068291932               20
  0.32364242556840023               22
  0.24218503776586206               21
  0.45093721375225843               21
  0.17278424427909317               18
  0.28069855258625004               19
  0.49573282833602988               21
  0.42843698903095528               21
  0.60469219125574813               22
  0.56233880282753523               20
  0.65626752069643080               19
  0.78781507995694389               22
  0.64179255334293395               16
  0.74210354577755622               20
  0.84903814592735616               19
  0.68528341492040534               18
  0.65856609557775692               20
  0.76952518813724247               22
  0.66680197984235035               20
  0.93535465737607171               18
  0.83418357243162955               20
  0.93724802226060178               19
  0.89025667177604484               18
  0.98369455519644478               17
  0.78291784586006818               18
  0.98692429110295021               21
  0.92299406317899213               24
  0.98241132874770165               16
   1.0042745643155508               15
  0.68374167382706752               18
  0.86937746181319575               17
  0.85414642741734814               20
  0.61062522210307346               18
  0.51131227476383423               16
  0.67048055842090171               17
  0.62286057312337251               22
  0.39691102015228719               19
  0.51682539445545372               17
  0.60468183141466825               19
  0.29268944187165397               19
  0.57334494506515110               19
  0.40234384317245103               17
  0.33710132736431092               21
  0.16993744909833194               16
  0.35358382147720535               16
  0.40771764828568996               21
   9.5801769519212446E-002          18
  0.40833032707699024               21
  0.25523283374188011               17
  0.21401376873981826               20
  0.17554681063964503               16
  0.39976453915633886               18
  0.29962647757422312               20
  0.28987884195305025               19
  0.18587447919146569               20
  0.49330752642413445               20
  0.38832112484072384               18
  0.39709361808520938               20
  0.29741898082852591               19
  0.64418471084196871               18
  0.64209436722548086               16
  0.54233832793579340               20
  0.44454742323542640               20
  0.46458406279726572               19
  0.49286391749113179               20
  0.72921444603440078               19
  0.73980506290268067               21
  0.73966458561018311               20
  0.90430694519632537               23
  0.89280168565825713               22
  0.85310622702268146               20
  0.97807531383120394               20
  0.92718937561421233               14
  0.93561810028463122               16
  0.91073917706413443               22
  0.86273919025615731               20
  0.79221232532823505               18
  0.87105091785738231               21
  0.93436534242603098               19
  0.96157913951037310               17
  0.55042509584940136               18
  0.87029573018763473               19
  0.45655012627497932               22
  0.57457819242387476               17
  0.49890226128723492               18
  0.43507828006537264               17
  0.37188962728027097               15
  0.51723743561122293               18
  0.72226661784161106               20
  0.52379846443253331               19
  0.33705249015192518               15
  0.44672838864949754               19
  0.31904662459271393               16
  0.23826308851675243               17
  0.16219004423270744               17
  0.24938544314557612               18
  0.33480610947543193               18
  0.25489512605259879               21
  0.22500257494569675               16
  0.29503919802679296               18
  0.19840868121652594               20
  0.23703201490354434               19
  0.20942760524275963               18
  0.10801499050211760               16
  0.14707015595633374               12
  0.45583004637119978               17
  0.35710731768248527               19
  0.52045964060865790               21
  0.27454875566596398               18
  0.52281783210508226               20
  0.55006355811091190               25
  0.66260064346264069               18
  0.48918336092212150               25
  0.60603639819751998               18
  0.53806956027978170               16
  0.56244866346402200               20
  0.44537500998052276               21
  0.55266715276755340               16
  0.69796196526865195               22
  0.59486506297064645               19
  0.95751712854549675               14
  0.83981106961233576               23
  0.93571905929178556               17
  0.88496426082498914               18
  0.90947856571216490               20
  0.73321929608634462               20
  0.92132247303202397               20
  0.68033353050567591               19
  0.69924547191224828               17
  0.89058749899976419               19
  0.70157711129488298               18
  0.79315093478884591               16
  0.94226046669686192               18
  0.65700660294392044               16
  0.51453132620832787               20
  0.77514196816314496               18
  0.45906494281664983               19
  0.58304386596142643               18
  0.61814656736041795               20
  0.53546591143753630               19
  0.37747111668887956               21
  0.15583416866566915               17
  0.12371344890285535               17
  0.23678899814171633               18
   3.3579140990801636E-002          19
   8.7564002769959279E-002          19
  0.22459926859034851               18
  0.20350206423524000               20
  0.41170389525795514               22
  0.38992444985222247               21
   5.3550993383916293E-002          18
  0.18262183551740191               18
  0.28285710215984583               18
  0.10996633211246296               18
  0.31415353233164117               22
  0.23965016746426984               17
  0.28275768893143050               19
  0.37104248503702952               21
  0.31465012101265361               18
  0.51519293206345662               23
  0.51740658939873896               23
  0.56342066755858145               21
  0.42051917572383923               18
  0.60801175055715262               17
  0.55283731889561072               17
  0.54491377290610921               17
  0.48826484692199351               19
  0.83417221039178169               20
  0.88408085670787384               18
  0.54071119190966455               17
  0.90573383120578443               16
  0.96788078773899977               17
  0.87532069517755862               18
  0.88782651579944261               19
  0.84335536805526667               15
  0.92853893237314256               14
  0.67206799148297403               17
  0.99025418885657179               17
  0.65232206387737246               16
  0.78621703822876410               18
  0.60566500477883489               22
  0.71639311769624692               18
  0.73477815567899618               16
  0.84449815243324566               19
  0.91909537544527597               20
  0.35122657227357817               19
  0.74145294749994917               18
  0.62297042119922041               19
  0.51567966990341096               20
  0.48518405174895318               19
  0.42085085854175736               16
  0.41433899423541004               23
  0.39539105021417814               22
  0.28967794256715973               18
  0.31849217098828264               17
  0.27639329501831206               19
  0.22204315815179940               15
   8.9865648176761417E-002          18
  0.12392038564748463               19
   7.9918843191880390E-002          19
  0.24908249631014212               18
  0.10648759632995899               18
  0.18260998758542418               16
   6.4529653207418047E-002          16
  0.14096408826009268               17
  0.35286879765733969               16
  0.23728832511374465               17
  0.35324758873541962               20
  0.51596125059573916               19
  0.33300387671916798               21
  0.38717305160265630               21
  0.51166150247856268               17
  0.54983168241636604               20
  0.51638847434828927               22
  0.53620514573501321               23
  0.58718539292591543               22
  0.61103253159890381               20
  0.88325141995985290               19
  0.75243368447010051               22
  0.76686951049596619               20
  0.95139265419386065               16
  0.95919702258076867               17
  0.85822693204339484               23
  0.94310499764790601               17
  0.76052252664800668               20
  0.81508249564877044               16
  0.96407683389650778               15
  0.84446048258615647               17
  0.94191408434296986               16
  0.76687840894414694               15
  0.83935318055464536               19
  0.76873453245997680               16
  0.85843359842534261               15
  0.64134639291548823               19
  0.70397975232456689               18
  0.41186693964221682               18
  0.56213903200334026               20
  0.54369903811238585               19
  0.45806169381458600               21
  0.23605908520935079               18
  0.56512926352319170               16
  0.41159006738702725               18
  0.46487396337291709               21
  0.26225069277665863               16
  0.45143831937561429               22
  0.21274126906796118               18
  0.14835513050197460               20
  0.31822295101570047               20
  0.29496055829031370               19
  0.21087844983499474               18
  0.11763826472616161               18
  0.22781909268363146               16
  0.21448888685675649               16
   3.4418229999796573E-002          18
  0.46128599705800355               19
  0.25868275172870830               19
  0.33598013286731060               19
  0.63103819344595780               18
  0.34491028058704643               21
  0.19592312292564323               19
  0.47321216040477665               17
  0.41903938543557306               18
  0.49402532610771621               18
  0.66136085911005305               18
  0.46987469201694698               18
  0.56906046932288934               22
  0.74141559135890633               23
  0.82800310205590866               19
  0.71158373212127191               21
  0.67418781992104282               19
  0.71346259637641340               17
  0.80830182431687891               20
  0.82421660492970605               19
  0.96383506423733556               16
  0.78182231336328301               19
  0.82108169284501897               14
  0.92447678637827746               17
  0.89077235948903599               21
  0.95937217801849439               16
  0.92386395865114701               17
  0.91153289086686784               18
  0.74903886959337840               15
  0.61282219127527693               16
  0.71239421807138814               20
  0.52349408441110179               18
  0.49706250447803124               19
  0.59048324374140604               21
  0.38848161056412128               21
  0.66644420781232716               18
  0.21976045736987859               15
  0.31133140495409928               17
  0.21268268154471448               17
  0.43286337499718242               20
  0.15949823663071502               17
  0.41158369988011240               17
  0.24560539346685550               16
  0.32371475254517790               17
  0.13612479531663538               14
  0.27429546159750223               20
   3.9990903077156470E-002          17
  0.40653292680190761               18
  0.15398429906913846               15
  0.10614621836865737               16
  0.10227645344555511               17
   4.8775357813691779E-002          16
   5.9724984223556529E-002          19
  0.51972165552610528               23
  0.23913953530984863               21
  0.23886020239684241               21
  0.26861230998239344               19
  0.45262895287248933               18
  0.48130051348778047               23
  0.41894773295377663               18
  0.92316401190563746               17
  0.47012378592363319               20
  0.55580911309429581               25
  0.87901963503477420               16
  0.66932294438321416               16
  0.63386386433837871               20
  0.72632090603533717               17
  0.67245067390391300               24
  0.67126049788785846               20
  0.90218240828355523               17
  0.95616953437383578               18
  0.93798332843163534               19
  0.72192103158752918               19
  0.89507051590068321               15
  0.95403359086904260               18
  0.90474983190622926               14
  0.73484418465710166               17
  0.43105230974703557               18
  0.50827560870900035               17
  0.74915697983991036               16
  0.68677808447982258               18
  0.70852772803312891               18
  0.68799834764915002               20
  0.46740622004838323               15
  0.49103905578573842               18
  0.27884406418577429               18
  0.53732932467759564               21
  0.47164759514190768               17
  0.48884144486870790               19
  0.15719621826018038               17
  0.42383916165739000               18
  0.16379902149336412               18
  0.18621004735986907               15
  0.16921223602856966               17
   8.2703414889296792E-002          18
   8.6541539089509151E-002          19
  0.19145670808257748               19
  0.27201934068084749               16
  0.22439801964367484               19
   6.6378348729456929E-002          21
  0.36766611207367145               17
  0.37005447431593214               21
  0.38527821121452632               16
  0.24317279368614197               19
  0.21304089853717431               17
  0.29870331732702315               19
  0.25744159073921047               18
  0.53302018747104674               22
  0.42687125288957822               20
  0.36457158405850859               20
  0.73349822336727333               18
  0.36632863045185787               17
  0.64665166935369844               17
  0.57663712874485884               22
  0.59707924637636589               21
  0.65564156402799711               17
  0.88769175097673048               20
  0.83005757504199484               21
  0.85848902603334643               19
  0.74240386662609936               22
  0.99271466995293078               13
  0.90290960133503062               19
  0.52813047399450863               19
  0.82481850240694699               18
  0.79345305720963699               21
  0.83091444545572102               17
  0.81607127207578734               19
  0.57799543484564797               20
  0.68358646250705180               15
  0.67266088313391159               21
  0.78269435056848702               20
  0.63324136562340605               19
  0.58256141017143637               19
  0.58443728256590144               18
  0.57934467888318353               23
  0.56733758773828868               15
  0.44144720368128904               20
  0.35703647930495153               21
  0.37368503410931297               19
  0.31934377433533406               19
  0.14383355428389202               17
  0.34870719625583724               20
  0.33890514524934440               20
  0.38595993295760123               21
  0.29219623231636233               18
  0.23271898562402954               19
  0.14116988573258785               20
  0.17723991124471511               18
  0.12084951707272247               17
  0.18307342592864290               16
  0.19249652303153811               16
  0.28434890741230007               18
  0.13904354237733163               16
  0.30711500393936059               20
  0.37477243687889950               16
  0.33774188901077506               17
  0.49994122579232808               21
  0.49760173358194004               23
  0.48844449893677905               22
  0.50830622933114888               21
  0.63156437591714787               21
  0.40847683249687672               18
  0.53932922428580066               23
  0.80573883429886783               20
  0.72771823269911429               21
  0.79467540887279853               17
  0.80617129911642504               21
  0.68413171594982691               18
  0.87483603291853096               19
  0.77372789699364308               18
  0.78809621658428830               20
  0.80885844125672723               21
  0.74504544002461359               19
  0.94268771943874541               19
  0.92723567995614997               18
  0.94968973483283026               18
  0.74828209031806758               21
  0.72324162278985704               21
  0.82764193138647779               17
  0.51720863002066786               19
  0.52950432331271158               18
  0.77392307809462313               18
  0.33992593740047555               18
  0.38527992974557440               23
  0.49877790356327145               20
  0.31190839083706684               16
  0.27477704584652729               18
  0.27514544131106783               18
  0.41626635455434735               17
  0.57838800062798468               22
  0.47197854545005780               20
  0.35997086138611750               22
  0.28386637824144823               18
  0.17364524688533872               15
   9.0703989639067908E-002          17
   5.2613057468031771E-002          19
  0.35720362958769869               19
   4.1275803228512431E-002          21
  0.20614838930301840               17
  0.14972146565875227               15
  0.19538535913272692               17
  0.21379297774211189               16
  0.14522448771450377               19
  0.35381265005444301               18
  0.17671836008311448               21
  0.35940051988139210               17
  0.34037370421468344               18
  0.66040182552138160               18
  0.34965100165226265               18
  0.39084273396811342               18
  0.55866408038101034               17
  0.51736400422365625               24
  0.41375999332574059               18
  0.52959178784194283               23
  0.62197862571195606               18
  0.77928730510659616               17
  0.60225118883496853               21
  0.83986656308654328               20
  0.79672835459009284               18
  0.96202704467633626               13
  0.97654269137643201               19
  0.75769931132071344               22
  0.88407707523414536               16
  0.86127874696946194               14
  0.78396315563929653               15
  0.63709214952998405               21
  0.73481564862241922               20
  0.96175144100781895               16
  0.74267384582530804               18
  0.70694734721256336               14
  0.65915549734386691               24
  0.68006057421402921               19
  0.68705378159509500               20
  0.63293772023514505               18
  0.61673144492013154               21
  0.50641729204528207               19
  0.30511983171423118               20
  0.18452513046419766               16
  0.42994644079687555               20
  0.35924777991037066               20
  0.44954165026161846               19
  0.40131124653009942               18
  0.10946625006023619               17
  0.13534636766191130               23
  0.16151765607761859               19
  0.31614701193930633               17
  0.32065149497302542               18
  0.31013844158913556               15
  0.24192296700407248               19
   7.3779302858098486E-002          17
  0.31696548822554671               16
  0.11816003763775598               16
  0.40362186182985771               20
  0.44878797275791266               23
  0.29246608182398293               22
  0.30335829713601281               20
  0.36977240103468589               18
  0.41393463511413159               17
  0.57627189604057583               21
  0.63836483043204406               19
  0.48369075405567996               18
  0.85512264234156032               16
  0.80248191721180151               14
  0.58951630638579333               23
  0.85469128455231203               21
  0.85204704123431430               18
  0.91415382488234453               21
  0.78291060599148865               18
  0.91499700281450680               17
  0.92595266807127430               18
  0.88767608906707851               19
  0.80738857696468691               20
  0.90097741417614086               19
  0.89858155641941917               16
  0.99934182410788419               13
  0.95796533175659515               15
   1.0148201177041782               16
  0.86463345830353844               21
  0.82325635729581770               20
  0.74901200230219400               19
  0.76088638685237708               18
  0.57251203502592518               21
  0.56392350443233374               19
  0.69864847810859565               21
  0.77947323129922219               21
  0.63004040677949946               18
  0.70447598338463957               17
  0.52778853620807864               20
  0.46273199029771001               22
  0.52443693877328657               20
  0.45955716118502937               18
  0.34753466614574913               17
  0.20427497950665754               14
  0.25721150635279000               18
  0.20490064001718145               20
  0.21292748225579805               17
  0.21381114101449286               18
  0.13198388153597049               19
  0.26009919081388572               21
  0.15956821661439238               21
  0.19676316356928958               19
  0.27714934792666002               21
  0.38935982255146800               16
  0.35344382937539914               20
  0.28919557572096127               20
  0.33258968881093393               19
  0.46416666355456604               19
  0.45673850210955136               17
  0.43241588165641709               18
  0.45012354304078489               15
  0.41135421890652624               19
  0.76303365565228787               21
  0.81491577472864063               19
  0.56653542832034065               24
  0.60363471357068654               19
  0.70257366555269796               20
  0.88826244238735685               19
   1.0401947337455253               20
  0.70278390522725109               18
  0.84953057946688704               20
  0.97508865328684968               15
  0.71261457205843393               20
  0.83290138492843235               17
  0.94678689602262311               13
  0.70347043013432775               19
  0.91008074707844588               19
  0.91328575035880177               17
  0.71126747870442641               19
  0.78606278000579199               16
  0.79734063041669379               20
  0.80003722503424646               21
  0.80957804949787293               20
  0.76534222506989746               17
  0.59127517069419611               19
  0.64725473017213775               20
  0.41659202536458928               19
  0.53086906150063573               18
  0.66706810445741838               23
  0.52986889599581066               21
  0.50108162238536014               19
  0.56457299586304266               22
  0.31505241234917558               21
  0.32199953024492445               16
  0.11313285826947302               19
  0.33389042926494977               17
  0.41429144394449979               19
  0.44176281853833960               20
  0.24779313437377617               15
  0.16484283705207517               18
  0.30034571477188909               19
  0.21260247768264778               20
  0.32667851049005514               18
  0.27514950075936878               18
  0.30962782225783958               16
  0.32697244270553072               19
  0.46565771382602339               20
  0.51527161625788553               17
  0.49903975553018287               22
  0.29450712937172463               16
  0.56413279634180602               20
  0.61215742134872320               22
  0.53243515069768510               16
  0.68690286853535643               16
  0.63685475754892085               25
  0.57708387678263162               21
  0.78338854020755433               17
  0.90981160374299219               20
  0.74455567925706623               16
  0.97839246987884332               13
  0.96617031284328903               15
  0.71733488717839433               17
  0.96598159997680044               16
  0.88298276556421784               20
  0.86355070681591672               17
   1.0568521702558293               17
  0.99362824365122893               13
  0.87787939947504956               19
  0.90700332696620534               14
  0.83057436113666194               20
  0.70427447558760192               21
  0.64856548108037659               18
  0.89820777055789325               20
  0.49068467944629840               20
  0.63429975215472256               20
  0.79076819909113771               20
  0.58010413833864716               20
  0.49358448445229913               19
  0.63945710588114002               19
  0.44652101802266503               19
  0.48715454743395653               17
  0.29797999906497152               19
  0.44498446744275155               19
  0.54493553191067701               22
  0.38785358066044107               21
  0.36719675267345436               20
  0.37719334870812377               20
  0.26436077427056431               18
  0.31052783838151710               18
  0.29178187654432891               20
  0.36838900205383762               20
  0.59435890106969924               22
  0.44151450433826811               16
  0.36692617545880984               20
  0.46404205990522518               18
  0.50346388537455744               18
  0.40327086548834240               15
  0.62372093649756899               19
  0.49678901203792086               18
  0.68875056584026717               20
  0.63583996643903029               23
  0.44918719711282040               18
  0.45697872208991724               17
  0.65027851703159889               18
  0.83957502080462576               18
  0.75752158522361923               20
  0.92442347211482156               18
  0.95497250164169289               17
  0.94442143090312147               17
  0.62520761804892877               21
   1.0790579661834871               19
   1.0028085132311142               14
  0.94352349096039967               17
  0.95620808700511029               19
  0.92724645812113038               19
  0.80513266696212571               17
  0.90939787877933820               17
  0.64978657264957729               19
  0.96331377318879718               13
  0.86772177869108835               21
  0.62427682756162683               17
  0.55516515361448560               23
  0.49603365798369387               19
  0.60221958117120356               20
  0.72713470937610203               19
  0.74880842794769109               20
  0.60167504801116900               19
  0.54114065276868129               17
  0.63019584688365937               19
  0.58440662520386388               19
  0.44070838007223556               19
  0.39083565600218906               18
  0.56943007015632174               23
  0.31888595770649314               21
  0.43139218281413882               22
  0.46230544084706365               18
  0.43958526378840579               21
  0.15864011820471066               19
  0.46598695533582590               18
  0.42945485865705713               21
  0.31770368094601986               20
  0.28183325617378324               17
  0.26164592096320816               17
  0.65830878114154756               20
  0.36792199744244641               18
  0.58042515159643437               20
  0.40806485805596149               18
  0.45419357232505969               22
  0.40342229069391899               17
  0.72657010311350856               22
  0.76471614217927919               19
  0.55050956991918920               18
  0.78032360796995193               21
  0.64713857394532148               19
  0.70288423951020773               15
  0.79604620641822521               22
  0.79645306048542197               16
  0.76384847434116521               19
   1.0470856136200068               15
  0.98893259649350429               16
  0.79563242531188416               20
   1.0268234925859436               18
  0.82650796636931345               16
   1.0079852257005177               21
   1.0264809471846632               17
  0.81127719295954526               16
  0.84145110382993005               19
  0.83254733116856494               15
  0.98621209982710145               22
  0.86202066676804168               21
  0.79305780326851882               23
  0.69699253250157689               18
  0.71849235507031350               19
  0.57516059917248763               23
  0.53978770069801552               20
  0.51001812123369383               21
  0.48344758094888518               20
  0.57810188896549197               20
  0.68985878150929081               20
  0.49047908872498591               19
  0.65785405233766026               19
  0.46375900150173988               16
  0.30415272932328047               19
  0.34820851161771071               24
  0.34738260202236337               20
  0.23493689256366709               17
  0.23987642618984920               17
  0.40090644481778381               19
  0.32084576001928239               16
  0.51033893042093204               16
  0.51583056450779641               21
  0.68634620019991366               21
  0.23747674047029771               18
  0.21643947416883483               15
  0.34752112914271688               18
  0.57536148429944078               26
  0.50458815909749510               20
  0.59801709860668317               19
  0.55474392923134397               19
  0.64242182140746074               22
  0.65501018397711475               24
  0.59036048475452318               18
  0.76991409980216285               19
  0.74414651487825367               18
  0.80728273034430409               17
  0.63674298247826333               18
  0.86923906465917311               20
  0.87822887379816073               18
  0.70871563392007486               18
  0.74486905904791734               16
  0.86202980434687748               19
  0.88433125237767496               16
   1.0372818767619667               22
  0.85604961364905718               14
   1.0010823966406339               16
  0.75695130356149953               17
   1.0323682710298683               18
  0.94788058772612527               19
  0.96836548916706311               19
  0.80574027425820216               19
   1.0279375810441587               20
  0.77330655401708248               20
  0.55824239875131954               20
  0.76616774203201010               21
  0.63433853807411211               20
  0.58996088080252840               19
  0.43626949348498684               19
  0.72053795969119516               17
  0.76173543951137845               17
  0.52526704247942646               19
  0.48214591774649362               20
  0.38003604558925802               19
  0.45341652949700523               21
  0.36724659800808596               20
  0.42239541144125092               18
  0.50885542829741826               19
  0.36178989521562283               21
  0.50376772465780117               17
  0.62570793716970763               19
  0.34973430985324122               18
  0.58223360934377577               20
  0.52282919006765993               20
  0.74913746053887564               20
  0.55025438272089922               20
  0.57681021929217546               24
  0.55788922051553402               19
  0.56353865622493537               20
  0.57729767962674594               24
  0.43656530327751747               23
  0.59373538946423909               25
  0.58593493984547518               19
  0.68809439454883825               20
  0.92535406991279401               19
  0.58825747956429841               19
  0.82557465775061989               18
  0.87091990018905951               18
  0.99331334998501575               15
  0.80322146475946976               21
  0.85411233329782832               19
  0.92259981701148741               18
  0.81756847558533119               21
  0.89578082989925789               16
  0.96170539544619837               20
  0.73538064138874315               17
   1.0443089901452716               18
  0.84616749820824633               16
  0.89386885409290884               17
   1.0178330258374242               22
  0.84999546072175880               19
  0.70396110945836365               19
  0.91091979988416749               18
  0.96744037319993947               21
  0.93200849886361403               20
  0.63048820443975617               18
  0.58167455057708772               21
  0.54961560587074687               22
  0.83180953188238971               19
  0.68655814526409287               18
  0.48227421433991846               16
  0.63492308120810781               21
  0.51918226784316024               17
  0.51811056448651316               22
  0.38758644206851001               20
  0.60450081873542294               22
  0.46837108051234932               21
  0.55400627893871190               20
  0.27302933406585694               20
  0.35224505782268833               19
  0.61158864165887905               23
  0.59629836674851289               20
  0.40968969243274694               19
  0.49473804434781909               18
  0.58006418488030109               19
  0.54324292119518158               19
  0.70446405325354711               20
  0.61175795745742678               21
  0.51978231099287386               21
  0.56323997459439734               18
  0.66216124444047442               23
  0.40742035252961606               20
  0.86250451325361177               17
  0.68462928316630178               19
  0.56547187140418509               20
  0.78064753170457624               18
  0.75958356613343236               17
  0.99467938913511611               22
  0.79633899514248885               18
  0.93285854552508940               16
  0.92286426321005022               20
   1.0305018404840842               20
  0.91697115960661735               21
  0.89264193862087127               17
  0.73604351006034197               19
  0.94590790383067924               18
  0.97293728402576629               19
  0.95283705445926836               13
   1.0926174175619978               18
  0.88125399756744260               21
   1.0443384317498940               20
   1.0756677523744405               20
   1.0689421422055632               18
  0.92808624558391595               18
  0.64627073799094525               20
  0.46356645918258982               20
  0.87477275845902547               19
  0.66052336542434575               21
  0.80328047075132003               17
  0.82353051027796143               20
  0.54009244962136971               15
  0.83209715385266425               19
  0.47392817718725871               20
  0.63915355818497410               21
  0.69511801349669966               19
  0.40711898994719942               21
  0.44356059767945349               21
  0.38219202533271990               21
  0.52191068377999350               20
  0.40853421684109320               22
  0.59354243680699492               19
  0.61401355999965401               22
  0.69048351094759985               18
  0.47230101286048110               21
  0.40122117597770601               20
  0.49929895083397724               23
  0.38495769956944648               22
  0.82103572372534539               20
  0.75864122504489007               22
  0.81235029512099499               23
  0.67084764766128169               20
  0.64734465717216860               23
  0.56772520116907710               19
  0.66278348923797736               19
  0.65275981795847948               25
  0.64146363754234415               24
  0.85979245335130572               18
  0.88578343223592504               19
   1.0168442253524443               20
  0.96368827605255436               19
  0.91091408212857561               17
   1.0243906103623313               19
  0.98062709856668540               15
   1.0356598761981606               20
  0.98596518513715881               15
  0.90208315527246163               14
   1.0239190778636420               22
   1.0768679787820510               18
  0.95048957203942031               15
  0.95917783168403936               18
  0.89617782442241800               19
  0.83350306376026151               18
  0.93091671405324239               18
  0.55613267062419047               19
  0.61812481596816948               20
   1.0103743734431350               23
  0.78170849504123086               20
  0.77833160988200789               17
  0.80905312028302834               19
  0.79430542773961876               17
  0.64337711293370625               22
  0.92968972135299588               17
  0.56656430457318085               16
  0.36223913347037784               22
  0.58684764300268022               20
  0.37235724368357864               18
  0.63338779438269766               21
  0.60070005196082155               19
  0.53595263744872768               18
  0.76225722258241524               18
  0.52672766089046785               21
  0.44813318121627504               20
  0.63260693056698059               18
  0.83689557678701210               17
  0.55085247278190208               19
  0.45813185214410412               24
  0.68990838994171255               19
  0.20106830991211877               19
  0.45707444956686660               22
  0.79475117746236146               20
  0.54326119010497043               22
  0.67786195420028283               19
  0.76695508445315130               20
  0.68296571759480007               22
  0.84823220878766858               18
  0.98114572541258949               23
  0.94284182081584644               20
  0.91107019285254520               19
  0.82261079151595884               20
   1.0340983546310596               16
   1.1498387128928962               16
  0.92322285386084524               19
  0.98406767641988413               21
  0.99232169344285914               18
   1.1334928027805122               18
   1.0043846572306250               22
  0.84866579500348194               18
  0.86218055635458668               18
   1.0683629633836238               19
   1.1379718837849211               16
  0.73694075257592673               22
  0.83900099236380277               16
  0.94870817183404144               20
  0.74352435185580401               20
  0.74071458413688673               18
  0.52623701609928741               21
   1.0592145096723264               22
  0.71319064795279297               21
  0.72294606721111065               17
  0.77720755869766112               20
  0.72899178289612232               18
  0.61344208249723509               22
  0.72877681941042172               17
  0.61189495387000437               19
  0.42312714745227831               20
  0.62105974310371237               21
  0.47361871172662084               18
  0.69359617761286729               19
  0.80247841843300893               19
  0.62042801319483143               22
  0.39145036221239793               19
  0.43674140403762984               20
  0.64127294477899932               19
  0.71720932549955707               18
  0.77211830110290425               19
  0.50154613045202701               21
  0.65357382993556890               19
  0.66074958564372432               21
  0.62708919589200307               25
  0.79807866577597419               22
  0.70753911282287596               22
  0.60753497537961454               21
  0.79626040185797020               20
  0.79455591755178112               20
  0.85746209289222408               21
  0.67257290421578453               20
  0.75408287754175019               20
   1.0062618837313215               17
  0.91550180671499226               20
  0.95236841556437624               20
   1.0904267039458548               18
  0.91198004179467906               18
   1.0547113112625452               20
   1.1561059008893644               15
  0.96348122712842255               21
  0.96612874342197519               22
   1.1717631234038672               17
   1.0751617543804388               19
   1.0660234898444687               20
  0.98758706531435492               22
   1.0399586403109942               17
  0.92547276863209960               21
  0.82654701031143751               21
   1.0117767854752751               23
  0.88899625344490996               20
  0.88545199338797687               17
  0.81452147903272598               18
  0.68964869726480171               18
  0.68814839311672404               18
  0.94705335558117210               19
  0.87700946623892306               19
  0.70439927784770029               20
  0.68461484656826999               20
  0.60884642082531626               24
  0.62409258506811949               20
  0.65504322113881097               19
  0.59391271387649591               21
  0.70322750170366533               18
  0.60027842812706556               18
  0.51222860605202447               21
  0.37947438594662386               19
  0.57818477964606330               19
  0.73849066130411067               20
  0.76215073734823802               19
  0.91479567962600128               17
  0.66535152850190815               20
  0.70000444186470612               22
  0.53672436373963017               22
  0.74000552219171245               19
  0.47923906336345762               21
  0.69062060177474827               20
  0.72051377308175701               16
  0.73405666907091227               20
  0.72692659147552785               21
  0.90494080770435215               21
   1.0797706392750057               19
   1.0227195522140671               21
  0.88924024393118506               18
  0.87406290651118512               19
  0.85552491753008930               20
   1.0995838715143555               18
   1.1660193801506209               16
   1.0906084304989601               19
   1.0855853416864039               20
   1.0849672306145330               21
  0.77708915539259349               19
   1.0122484217824039               22
   1.0725368511075486               20
  0.96489193400917839               20
   1.0448700292109614               20
  0.85792428119159281               22
   1.0919931438206645               19
   1.0199009257889127               18
  0.82042035008875958               20
  0.94329530059201416               21
  0.99460773269565528               21
  0.67846871750636595               18
  0.90426147450330074               21
   1.0299394891999991               21
  0.88694667902801771               18
  0.65108250977430515               24
  0.87222752428753625               22
  0.48764640501182221               19
  0.81934766492010969               17
  0.76418789609279758               21
  0.68507184964779511               20
  0.58624455217655236               20
  0.82889210771495159               20
  0.47755869520184635               17
  0.66087769686349229               21
  0.69376510805311475               22
  0.80386221558393978               20
  0.52434009241318369               22
  0.89770081598003348               20
  0.74554584717169914               19
  0.70674110025288084               20
  0.58327869926500742               20
  0.54954102115291825               20
  0.62092158316306612               19
  0.88676532705274846               20
   1.0163151084463589               19
  0.96942798567246713               20
  0.91614132708840978               21
  0.77711166039335178               17
   1.0323749791447117               18
  0.69224883278498306               20
  0.77849394594718901               21
   1.0065812606674263               24
  0.94596032325661172               20
  0.95585021362037537               17
   1.0670121366422904               20
   1.3592840121545888               15
  0.96694575312863018               22
   1.0926251845967010               19
   1.1953778625680032               19
   1.0239173300646680               22
   1.1476893677325006               17
  0.95918027903506098               21
  0.98682835997626894               17
   1.1006699160674285               16
  0.98178676250061414               21
   1.0820275381342583               20
   1.0861794865901111               19
   1.0738181798690900               21
  0.67055549895792088               19
   1.0689715415954206               20
   1.0832588493273703               16
  0.85083834183023954               20
   1.1047343956449029               18
  0.85218527374745645               20
  0.93562605798481346               19
  0.67111485647606806               17
  0.86184841987316063               22
  0.79505356564576846               19
  0.90376768033570509               20
  0.81956553715776570               17
  0.84574012636919071               17
  0.82603255155914257               20
  0.60179739602421123               21
  0.56990379899797272               20
  0.84456732387349598               20
  0.72717889187519047               19
  0.53044535170241391               20
  0.79661002835794614               20
  0.72588412724303386               19
  0.90327803348113955               17
  0.66392455659110772               19
  0.61722475345075056               21
  0.74341640421045518               20
  0.89651848275016655               20
  0.60813738175204446               23
  0.83193880140436782               21
  0.96295951149593784               14
  0.69600730809734435               22
  0.98514634347309438               18
  0.62945047790776887               23
   1.0748456528333457               19
  0.94008985728605121               19
   1.0580738873975000               17
   1.0489742923401051               18
   1.1795961860502224               13
   1.0638215004508740               19
   1.0432794759255886               19
   1.1011402847841172               22
   1.0193269908015574               21
   1.0157206570159254               24
   1.0829200363328930               21
   1.1402248867556006               16
   1.2218797499062717               16
   1.0842766207239369               19
   1.0226244451493780               21
  0.85744354457725636               22
   1.2368812717371696               17
  0.84461701168120740               17
   1.2912779969912038               13
   1.1720245735684087               14
  0.80227319455121460               19
   1.0985603414781435               19
   1.0634424269651646               19
  0.91331381624389285               20
  0.85097311069453807               18
  0.44122209722790356               22
  0.85721226299391240               18
  0.86893188465232152               17
  0.92285396803881747               20
  0.70216317512410553               19
  0.68244364740372254               21
  0.61703043628028698               20
  0.76160911678707077               21
  0.76601934615437073               18
  0.48686950317046473               18
  0.73402252939120838               19
  0.96835191160078327               15
  0.54451893284192743               17
  0.71774061336034378               18
  0.97278311913969684               18
  0.74211970866095900               20
  0.52699555540654819               20
  0.91729108707115192               22
  0.95405339349493379               15
  0.61839834265739047               22
   1.0232181661397781               22
  0.87068215048733288               20
  0.81271472622717789               18
  0.76570950858627618               21
  0.82844728750421481               19
  0.84370348653575067               21
   1.1132753914292308               17
  0.81462249554338462               17
   1.1321657831157634               16
   1.2524907692816925               19
   1.2194413494796088               22
   1.0855340299508924               17
   1.0934046984868677               17
   1.1476620171763598               15
   1.0857889370844158               22
   1.0231329750351799               21
   1.2336599257079608               17
  0.93446788664416258               19
   1.2761229974506665               15
   1.1667134698575736               18
   1.0023923527045666               20
   1.0455325899409122               20
   1.1307788278751145               17
   1.1224928339605482               17
  0.88614148972066609               18
   1.1248476134188492               14
   1.2197357766271699               14
  0.93991852737117665               23
  0.81955612148783008               15
  0.97605148864249458               22
  0.79385042895864599               18
  0.72637765506831509               18
  0.73297471109780277               20
  0.72586854392808675               17
  0.79248874658220037               19
  0.87783466544325839               20
  0.84574127832208834               15
  0.61258050812582365               19
  0.87949753225616589               18
  0.69155161944956800               20
  0.91494124086256579               20
  0.96783826179711174               17
  0.66480585828978400               20
  0.96206167899700057               21
  0.85016632607897180               21
  0.62125958305798978               19
  0.94957571763105897               20
  0.85664082081970583               19
  0.92925319637426040               17
  0.82198864008507921               23
   1.0923151381749128               18
  0.90879860921781253               21
  0.92020482132113945               16
  0.66827046411955104               23
  0.94452218952883316               21
  0.91021687223249037               22
   1.1740269536577221               18
  0.98327321452954264               22
   1.0492118504014527               20
   1.1695489286337164               20
   1.0669122931994526               14
   1.2428059130093692               14
   1.0837532341532661               21
   1.2523718093083787               14
   1.1661399316345715               14
   1.1015219524549473               18
   1.1051294939945664               19
   1.2302054853541406               17
   1.1724373096319873               17
  0.99934234830720858               22
   1.3311828477128667               13
   1.0212148631490989               16
   1.1018428525079635               19
  0.90544123894247119               19
  0.88457215394551814               19
  0.75298188003637379               20
   1.1620002957681586               18
  0.71809400286929881               18
  0.94031782924591611               19
  0.77529001042625290               15
   1.0039516892616882               17
  0.79413558685636731               19
  0.83159288446352897               18
  0.94337043248118591               18
  0.81686107074951098               19
  0.60700141952335129               20
  0.78756308559774779               18
  0.77046359475965309               20
  0.94105744164257321               19
  0.87587811455540121               19
  0.96790589723983422               15
  0.98882961902204070               18
  0.95342134791971300               18
  0.76395288911002024               19
  0.83395697850797368               20
  0.92200471084472513               19
   1.0018177377876381               22
  0.94314692524676802               23
  0.74611367720081878               21
  0.95529869176163695               25
  0.95576225999563946               23
  0.74067711995684227               19
  0.87031647102939924               21
   1.0666227858407860               19
  0.86745826233437462               21
   1.0684347286744196               16
  0.99616001654922204               17
   1.0679062619051125               20
   1.3092159078150121               16
  0.96508955549923925               19
   1.1542686663065933               13
   1.2630492778522717               20
   1.1973673844899846               12
   1.1207785255387066               17
   1.1865742414822897               15
   1.1996189209573236               16
   1.3039507880186338               14
   1.1700933627285020               17
   1.0711982953488197               19
   1.2542231183352228               18
  0.98635969269746382               23
   1.0451307148092357               19
  0.89143112237761213               16
   1.0498516287688993               19
   1.0115411715643075               17
   1.0112426198533691               17
   1.1200009446431867               14
   1.0007895086516168               19
  0.98391199661906825               20
   1.0170667788670227               24
  0.76401961468087531               19
  0.90744717156789856               20
  0.86106932171994122               17
  0.87400501075606374               18
  0.86529834376680836               15
  0.76967579241440764               18
  0.91930512098987238               19
  0.57262841048222368               20
  0.84201358634501910               19
  0.70281438602523671               21
  0.97980684720298139               18
  0.95625318821330263               17
  0.88408569622034305               23
  0.86565698397670987               20
   1.0105608425234616               21
  0.88568643704309757               19
  0.79216726769215684               18
  0.83911482492787226               20
  0.87340104562034149               22
   1.0303352369897234               21
   1.1743531606158601               18
   1.2078413006395525               18
  0.83323957972709961               20
   1.0730272840745234               18
  0.80527129528923425               20
   1.0137025851794395               21
   1.1767723127206247               13
   1.2501749069918677               16
   1.0034201091478510               17
   1.0705680254369769               16
   1.2292128373537154               21
   1.0011403642994616               20
   1.1350384037949806               19
   1.0415425901095747               23
   1.1723952059395142               18
   1.1678557513328769               14
   1.2372714171193973               16
  0.97779242181784665               20
   1.1357032977368162               17
   1.2584001967858462               18
   1.0528092317596227               19
   1.1436543390226226               18
  0.99224305322412854               17
   1.0946674815191688               20
   1.0484478366982912               20
   1.0382447021758026               20
  0.86261955779898325               22
   1.0244539641848269               14
  0.99102036958957795               22
  0.97107557856917315               18
  0.95861408683317584               19
  0.88337190548897615               20
  0.78444015533463418               19
  0.97730939932391980               19
  0.94141171881998675               15
  0.81925477058107843               18
  0.78906266496055544               20
  0.82850052522581308               20
  0.80632669592464190               20
  0.83572361382132132               17
  0.93230722085565076               17
  0.73889017419236636               17
  0.97039781235347966               18
  0.74531523992765525               22
  0.93351746016229742               18
  0.99722648073737341               21
  0.76855734073755744               18
  0.93368528058367461               22
  0.97220944038562718               17
   1.0326740963379444               19
  0.74073193721872344               20
  0.96567652140169735               22
  0.84404720380624365               18
   1.1083460031129744               18
   1.1166682234858492               16
   1.0862556041418054               19
   1.0788949022076304               14
  0.97928942114061179               19
   1.1708094401978477               12
   1.2473920539706769               17
   1.2811481717840030               17
  0.99448283339457044               22
   1.1991765509368866               14
   1.2749755664675586               15
   1.1337308515537043               17
   1.2750407059669480               17
   1.3127847968352460               14
   1.2218099249732004               16
   1.2041399054725779               15
   1.1010944557600157               17
  0.94087866459679881               19
   1.1583876117327920               15
   1.1995115654355948               16
  0.95690711816492580               24
  0.97169940334507821               18
   1.1158958261308911               18
  0.92909018609605698               20
  0.87813399675338655               17
  0.96854994331157485               19
  0.97007132538853325               17
   1.0040666557884119               16
  0.89508479928238804               17
  0.85765703861280929               19
  0.93427571347525329               17
  0.91470174102260637               17
  0.95709662458304035               19
  0.89880050020594149               20
  0.95534620131508241               21
  0.90235188076890072               21
  0.79609677597109729               21
  0.94432181936455961               13
  0.90074716661732712               18
  0.92642393658061051               24
  0.87648554757054109               20
   1.0066361293884629               16
  0.91817935928030969               22
  0.72618351693493466               20
  0.88307815667699607               20
   1.0102166289918979               22
   1.0652999779784409               18
  0.94869062856909669               22
   1.0147314462502750               22
   1.0321484841974220               19
   1.0754129628881686               19
   1.0477712846151364               18
   1.2281719803291586               18
   1.2365247751702015               14
   1.1225995400983662               18
   1.1130724515290049               15
   1.3126192810775419               18
   1.2232256349036810               19
   1.2963851503079484               20
   1.3515842565834244               17
   1.2467306487113428               16
   1.2354336385352516               14
   1.1391440758786560               16
   1.2294658155155167               15
   1.2346153899333512               16
   1.2061614074988010               15
   1.2608417957327041               15
   1.3322705538660051               12
  0.94783396453625635               24
   1.0111516260776672               18
   1.0546060720185753               15
  0.78494387550036915               19
   1.0153246885927953               19
  0.95817659372387398               17
  0.94717491017142696               19
  0.94114460575875813               17
  0.97804576724785586               22
  0.68814445497491361               21
  0.95883413536107287               17
   1.0645429774728661               20
  0.65594380585299594               22
  0.42846341779511943               19
  0.92732410502028317               15
  0.96666204593351623               17
  0.95109019680482143               21
  0.89361106971838034               18
  0.76308104744858718               18
  0.96246395626169634               16
  0.79345254959577916               16
  0.88841330463191670               22
  0.66043216090651513               17
  0.77758178744106110               19
  0.89043001838891778               19
  0.82280220090419876               16
  0.87937164686303093               24
  0.82009941317812263               21
  0.85095474369135871               19
   1.0268728479252955               17
  0.67097356446605472               21
  0.96363459214425318               19
  0.93203509889097635               19
   1.0094379076097895               17
   1.0317864497926605               20
   1.0481751094942287               19
   1.1352390196046043               13
   1.1458406220336208               19
   1.1300729321853047               17
   1.3134255925731095               18
   1.0940736107083679               17
   1.3091735929002994               18
  0.97646708956527417               22
