   1.1427492970932893               20
   1.2303389415299779               21
   1.2403133185180517               15
   1.1224556358035291               17
   1.0034177200064125               23
   1.1172847563490516               19
   1.1161747227441403               22
   1.3573170639820080               17
  0.92458382236847103               20
   1.1044350960498892               23
   1.0637566493791688               20
  0.94411750551421914               19
  0.98123297941925980               19
   1.0800506953040923               18
  0.76125105609364152               20
  0.80482827455648465               19
  0.94798683116615312               21
  0.99133838627749316               12
  0.97943050765129169               15
  0.86585826467842320               18
  0.82681436081316151               19
  0.62491540684395530               20
  0.86701733667105607               17
  0.57564877196782072               22
  0.75089691124084312               18
  0.94477490679693410               15
  0.75394409758587144               18
  0.87783595606201892               19
  0.97142660015565796               14
  0.97693607377168901               15
  0.92545383936543757               22
  0.82933072605888924               18
  0.87372400303560682               17
  0.86905481409379659               19
  0.88926450541707347               22
  0.92000422056575992               17
  0.67944809361610603               23
  0.85731799427882416               22
   1.0303779894229517               19
   1.0089515881240974               18
   1.1268107576352511               19
  0.84920636071512956               20
   1.2667071342515897               18
   1.3589480776920293               14
   1.1421262344395642               18
   1.1124829320635812               15
   1.1197832405018358               17
   1.0762083866667205               17
   1.1608499672220600               20
   1.1743817993644852               21
   1.1553935920237370               18
   1.2599630926135783               19
   1.2948918651257453               16
   1.2412957593265561               18
   1.1368045120023695               25
   1.1428523251799827               18
   1.1023760185760414               21
  0.97346560219701406               18
   1.3100394032428524               15
   1.1817800522483546               21
   1.1744939690959495               18
   1.0903101326389082               17
   1.0468720421487567               20
  0.97571231140926040               19
   1.1442007632762630               19
  0.92185591259325128               20
   1.0562761941404442               18
  0.92564489945656603               16
  0.93054962776324801               16
  0.92232377898109363               15
  0.79691055202088212               18
  0.97195456128637736               15
  0.81447321274648421               18
  0.93818654955980707               15
  0.96334007911984343               14
  0.81026430024474672               19
  0.91534107920155361               18
  0.90759157967985693               18
  0.89579300558923391               19
  0.95470374407904268               17
  0.94543965777570105               18
  0.96998550410278594               15
  0.87294968820802288               18
  0.99357743394411357               16
  0.99507870450754787               20
  0.85665830862275816               20
  0.98822553230486143               14
   1.0354436787046355               18
  0.99266177973633873               21
   1.0983488633177927               18
   1.0642403763853778               16
   1.1064974352757855               18
   1.2010855327459764               18
   1.0812644550122099               20
   1.0894938611194764               16
   1.1449147065933563               15
   1.2396201255460453               15
   1.1963442659319428               16
   1.3501216544199468               14
   1.1950483929683813               18
   1.1998420096799236               22
   1.1896381829319784               20
   1.3004726282221377               17
   1.1798098458406199               18
   1.2974199628517082               16
   1.2076977452407491               18
   1.0721156798750255               16
   1.0444377731067307               19
   1.0226824945814421               20
   1.0394726402640118               19
  0.90628189828426398               20
  0.99482687014912785               17
  0.82575079317273048               17
  0.97664117368974201               17
  0.83049671702321892               24
  0.83555898666277828               17
  0.75496761246201205               19
  0.85560215297052744               20
  0.95833795089981022               17
   1.0413345899896274               19
  0.88345426359085888               18
  0.79035496204544375               16
  0.84968183919885887               20
  0.85274621148054142               22
  0.97445950301722850               15
  0.79956374189418888               18
  0.90816667979448362               19
  0.95298057658374669               15
  0.99141690932153237               14
  0.91563165645272482               18
  0.74130766288953098               17
  0.89797679126690666               19
  0.86698098972298010               20
  0.82104391111769892               20
   1.0016028411365778               15
   1.0955038864222657               17
  0.89652575245811938               19
   1.1625640807653352               17
  0.98076463622229038               20
   1.0622879787090798               15
  0.97167558993997427               21
   1.1433543568762143               16
   1.0214413020546087               20
   1.0388254203521625               21
   1.2260758991678191               18
   1.3461982830890888               14
   1.2363963442885231               15
   1.1829006478628259               21
   1.0221697759698363               19
   1.1445111290939407               18
   1.2765687971914683               17
   1.3040338916454113               16
   1.2142439349566077               18
   1.2594616249956363               15
   1.2474287676813172               18
   1.1146824181456414               20
   1.0140052301014422               20
  0.92575001132593882               17
   1.1057373432850732               19
  0.93945447860038755               21
  0.81450737728628286               24
   1.0941344931900356               15
  0.87063580890392189               21
  0.76603620653405324               25
  0.77395968313292818               18
   1.0070898924327285               19
  0.83445093403184867               18
  0.98992709958099312               18
  0.97382120773455783               14
  0.81627860361175575               21
  0.76544051655681744               17
  0.89648627990587648               18
  0.85196755986783557               20
  0.70882682329865210               17
  0.95585934452342269               18
  0.67866733524502065               21
  0.67779920490537393               16
  0.84800060756283724               20
  0.93142137700461491               18
  0.94022493448899636               16
  0.83649832554771142               22
  0.69263139085158953               19
  0.86731583776016608               19
  0.79501107208793642               19
  0.75083414312021912               23
  0.95844389571511401               21
   1.0947660298831980               16
   1.0361493189235842               16
  0.85759425675961631               20
  0.98095041858555343               16
   1.2183404556492092               19
  0.86592472898646078               17
   1.1527759632707066               17
   1.0786443811833131               17
  0.94862197010118754               19
   1.1861308202287419               17
   1.1250788000899790               18
   1.1481910320010746               17
   1.1942684269652595               17
   1.2944135823025213               17
   1.1407721620086944               20
  0.96435775034137783               23
   1.1701315533283354               19
   1.0810580054858203               21
   1.0183669112092533               22
   1.3305054222160113               16
   1.2220411555501254               16
   1.1936204877929670               18
   1.1895705143543325               20
   1.1564473399879727               18
  0.98102518060149468               20
  0.99694184005142616               21
   1.0166678465638228               20
  0.72372987894984331               24
  0.76048838182065426               24
  0.89487846163855334               17
  0.67138597886984075               20
  0.91824143726285201               19
  0.88188932420112898               19
  0.89319540357744087               17
  0.73399884409584260               20
  0.82613648393526673               20
  0.92286262522814588               15
  0.86803006116477233               20
  0.72000497533491215               18
  0.89562861112236236               17
  0.69435449962369367               18
  0.68605384221231902               18
  0.92979926012436409               17
  0.96130246776462658               16
  0.66121027907875241               18
  0.82595225357733359               19
  0.90693390134558982               21
  0.69324759775313738               17
  0.92344175347874458               20
  0.60175186897261124               23
  0.95524472610486255               18
   1.0685453315065645               18
   1.0735045058475536               17
  0.82506001447052468               18
  0.87914686434760625               19
   1.0231961490090991               17
   1.0816363522366739               18
   1.2497441914850942               21
  0.86875575034841579               20
   1.0840950559897757               19
   1.0632649032487613               18
   1.3108525517099228               16
   1.2370556810405189               13
   1.1729420967019897               16
   1.2516355251399456               16
   1.2164555558777637               16
   1.0990634607416441               20
  0.99608204662116639               17
   1.0657135270947857               21
   1.1544287280665038               14
   1.0889348526773883               19
   1.0653558896857962               17
  0.78683487076059244               25
   1.0004792621941907               20
  0.87204541286207249               20
   1.0480436778778071               14
  0.81124788717174068               23
  0.89074471640146380               19
  0.88417088362295049               20
  0.93815117541393123               15
  0.92771211533661413               20
  0.71918761961123479               18
  0.82319410750313660               21
  0.88843148207796763               17
  0.86862445263759847               18
  0.67041672356417159               20
  0.61895673986617805               19
  0.76088609583262645               21
  0.45360645741996525               19
  0.78429782403392767               19
  0.51612191889510117               19
  0.94000616042923157               17
  0.61883344352970548               15
  0.77007398680036665               17
  0.69132003916671225               17
  0.75003662023576234               18
  0.82826682797635010               22
  0.99004823933322184               20
  0.93565699143745429               24
  0.72959950557826936               21
   1.0018205311289015               14
  0.88068797076156913               18
  0.70121786400166342               24
  0.76594645055936250               20
  0.89538976407853543               17
  0.92351491724067070               19
   1.2402014972532081               20
   1.1895089324877828               21
  0.90890196541842150               21
   1.0331978639811947               20
   1.1866617286812655               16
   1.1089143983759595               19
   1.2944016267366978               16
  0.96965539252330157               16
   1.1477709622797141               21
   1.1069053619494482               20
   1.1293193202221290               20
   1.1957069410640002               19
   1.1681848005388615               16
   1.0580867336551942               20
   1.1211324328938144               18
   1.0559624218219172               18
  0.97880042794095845               18
  0.89291604062853880               17
  0.89007681859735499               21
  0.98303791240974203               17
   1.0021884764126354               20
  0.88320073763122531               21
  0.83043921039482593               24
  0.74773040369173305               24
   1.0376368327522254               18
  0.65708731939831377               20
  0.79063148738596722               22
  0.79379703840934734               17
  0.72781613378631838               19
  0.68595707192040944               21
  0.75922792656947513               19
  0.65750974660428108               19
  0.57687182906830270               19
  0.69889687106591702               19
  0.50111062392933048               19
  0.64479607733062305               18
  0.89491585691503772               20
  0.77389913592275406               20
  0.82469320507921140               21
  0.56947107172080347               19
  0.71193040479932679               17
  0.70201779999693181               15
  0.72525044926869331               18
  0.93118267134052879               21
  0.78863005890415694               18
  0.99098124262788989               20
  0.96827743657508913               17
   1.0387356683525333               18
  0.81000846225025647               20
   1.1049154828749872               19
  0.99179863393546697               17
   1.2337186649497129               17
   1.1015432856711069               19
   1.1856030101498518               16
   1.0819883636036536               20
   1.1971522065935873               19
   1.1717975692929452               19
   1.1193945084885821               19
   1.0011743584337320               23
   1.1531952156958634               16
   1.0541836346350744               18
   1.2250131035824470               20
  0.99790895980599870               25
   1.1450972124864407               19
  0.91687670246583497               21
   1.1738740596743560               21
  0.98187124700920703               20
  0.81353315168347640               17
  0.70174219802438098               25
   1.1269985278082846               20
  0.82750245681816392               22
  0.88353884406123362               22
  0.76099608304302313               26
  0.79808563250887266               22
  0.73645055783503333               25
   1.0045764387076122               16
  0.91277180651502854               16
  0.80664786653111953               18
  0.67637867251044825               17
  0.70763564129712975               18
  0.81505826906611234               19
  0.73485701029015826               18
  0.56286056421905584               20
  0.40967619224094332               21
  0.71919646445854213               16
  0.62340277909095521               18
  0.55589946887379893               21
  0.74687194817563973               18
  0.80687841279949768               19
  0.68420052693216937               18
  0.80188367021591955               20
  0.69568194944668715               19
  0.86553879135196043               21
  0.59748259845109508               21
  0.92770622011940440               19
  0.69902115397134379               22
  0.89374680285736330               21
  0.84599152277132739               21
   1.0572620908703358               21
   1.0156586759822679               22
  0.99214968199789988               17
   1.0149975957030137               24
  0.96538832467193214               18
   1.2291635282566975               18
   1.0230367481947304               16
   1.0782624964845100               20
   1.1972313132190771               17
   1.2532941860511251               16
  0.99416763305724476               19
   1.0928929328092072               18
  0.91922578741129213               19
   1.1028364799692456               18
  0.95822166642408635               23
  0.94839891340972204               21
   1.0353331961725225               23
   1.1371107421034354               21
  0.74148601045029428               25
  0.78804219505687778               24
  0.72439646929822210               21
  0.93598423613124915               19
  0.78985037635554622               22
  0.78048927378385169               23
  0.74284371890526357               25
  0.63706293209266651               18
  0.68271372896250859               24
  0.77837549879145296               22
  0.95707680850988042               20
  0.75329523845475943               19
  0.70370115647637521               22
  0.87317303071129371               16
  0.85618274074717149               20
  0.50327718559129264               20
  0.53239393522326262               22
  0.81549568482668022               20
  0.49066224492959942               19
  0.85550130075067243               21
  0.54099950880803160               17
  0.53686893872822872               16
  0.77208943441103406               18
  0.58779912000655477               18
  0.53508973732149123               22
  0.69883451233371952               17
  0.59558124333730011               20
  0.92216311824086861               22
  0.73216128882891385               21
  0.96309058468702602               19
  0.80478334303802057               21
  0.84828813582116358               19
   1.0428957667359913               16
   1.0007133503165093               15
  0.91676527534615659               22
   1.0543266875694113               16
   1.0275532299276360               17
   1.2565862951326805               19
   1.0767725732818672               18
   1.0984049842550165               18
   1.0736857013604928               18
   1.1764888778735441               18
   1.1070042674949385               20
   1.1941078700623748               19
   1.1154100928680768               16
   1.0065485414030835               16
   1.0871592145050437               18
   1.0729347098163193               20
   1.0665573450763912               22
   1.1338675431344649               22
  0.76170869158367338               21
  0.79433669152923181               22
  0.96064916566176972               20
  0.90927094820628074               21
  0.74596253780253063               25
  0.73819711063481541               20
  0.80099252089036110               23
  0.69821893385688660               21
  0.62335956526475711               23
  0.56941129754053788               19
  0.59648186242220380               21
  0.76351371477275065               17
  0.80518390035978527               22
  0.76580421349468042               18
  0.59846154627880799               19
  0.48738462921797976               20
  0.58932886608530244               18
  0.63432438710977834               17
  0.59070049426110660               21
  0.84680448388754903               20
  0.66909384490407398               20
  0.48188966937695671               22
  0.82991514521488796               19
  0.66469942476932731               16
  0.81093978167496472               20
  0.84551108366985128               21
  0.68665123269176753               24
  0.78724964238292872               22
  0.68773389349867320               19
  0.80537425610394775               21
  0.80982003430941074               21
  0.92041359218370289               17
  0.85104347300917016               20
  0.94823852505184603               19
  0.96606986859585509               22
   1.1273419150658799               16
   1.1304573456352434               19
   1.1126049496441457               19
   1.0485062363493873               20
   1.0634587914648606               21
   1.0068955397426653               21
   1.2441165899596924               15
   1.0239111872763220               19
   1.0371417688964637               23
  0.87342487745704889               18
  0.98642062313552115               20
  0.81783664874524542               19
   1.0514057080255141               21
  0.89490408076625061               23
   1.0684813916272748               19
  0.86538947187033688               19
  0.83595932587614274               18
   1.0246236743097492               17
  0.98192045033431719               21
  0.68199971083971411               25
  0.64589468480576939               20
  0.70101673065591896               23
  0.68596238471058968               16
  0.75616094145611534               22
  0.58389676452895856               23
  0.53658781103747299               23
  0.48069752727903836               24
  0.59098023953768464               24
  0.65024204740065561               20
  0.54981748820730647               19
  0.51566075078006834               22
  0.53603427935898118               26
  0.44554734502893079               20
  0.79620382888783992               19
  0.53887589707289696               20
  0.43943666578045548               20
  0.45480040995885662               21
  0.76628761565879366               17
  0.76056658905278751               20
  0.77499967587528684               19
  0.93573557451232525               22
  0.58003025027317046               19
  0.81885230772671069               20
  0.76083501065814363               24
  0.62264777317142284               18
  0.79671341481154945               22
  0.57426056702892125               20
  0.87673619876240705               23
  0.82471880384735330               20
  0.92935507706191689               19
  0.87902883329216031               19
  0.90826924741202675               23
  0.96753949594005051               25
  0.79185637439785961               22
  0.89429617755960844               20
   1.0385115172863031               22
   1.0142534172754472               23
   1.0166982179873241               24
   1.0384152526373662               25
   1.0441043934756709               21
   1.0685211747145835               20
  0.96075500563333360               25
   1.0830025084344455               23
  0.68951595239594765               18
  0.93076889746839597               22
   1.0091616774173291               23
  0.94504186203207596               21
  0.93909042701924383               22
   1.0296398038859844               20
  0.65699759684336090               19
  0.63479805764669750               21
  0.74264386774719648               23
  0.76453322090651477               20
  0.72288812676952596               24
  0.55538143345993951               19
  0.67551078113033769               19
  0.51614866844244622               20
  0.58822773425388253               20
  0.62549875708402047               20
  0.55155093124713406               18
  0.51611802217307035               23
  0.60494352462699297               20
  0.46505029739403991               22
  0.68398818145478835               19
  0.45312950782792444               22
  0.48650927596988824               24
  0.33454231549147534               21
  0.50380408996955894               24
  0.71909716363163345               21
  0.74138389649083503               21
  0.70477197925188562               19
  0.53862436312800932               23
  0.73735650711163736               24
  0.64056016364702884               21
  0.72040810436722325               19
  0.77989218137555272               21
  0.93765264430258255               19
  0.87793208309376169               17
   1.0208569540164880               18
  0.66984678885393556               22
  0.70781698055729692               23
   1.0436360603208674               19
  0.74790691766898909               22
  0.75333078851977908               18
   1.2180719380816358               17
   1.0127246817791120               15
  0.94072320735115178               16
   1.0571451826786979               19
   1.1149206857919538               16
  0.82785473915659502               18
   1.0020978732362662               22
  0.84498989073929553               19
  0.98943262595233694               23
   1.0658347717037948               20
  0.76510214824446554               21
  0.85965269708007119               19
  0.82988576163441097               20
  0.94200175385802176               21
  0.71581146856229050               18
  0.77937767185707763               18
  0.87957310438263014               17
  0.70398519361478284               22
  0.59205452221224897               21
  0.67361049274482576               21
  0.53472306010578730               20
  0.60930540565531899               23
  0.43946401053392831               20
  0.63056680898688178               21
  0.54752435098031549               24
  0.64531545673534374               20
  0.47156519488266374               19
  0.42612166011431207               20
  0.59632097336199652               22
  0.41995516533867588               20
  0.35971363819563479               18
  0.56199597857292849               20
  0.55388785100228044               21
  0.55496912677658750               24
  0.63220971618710720               23
  0.63340795518809767               20
  0.43286358070838304               20
  0.58776254309848619               19
  0.59806525419904633               20
  0.58190593333192964               21
  0.86415573792560119               19
  0.54381103866449543               22
  0.84570844965638015               19
   1.0758659788468090               16
  0.82120343311490285               22
  0.78648159284665531               20
   1.0297192791986394               25
  0.85761482437083003               20
  0.80451704305237870               20
   1.1156009343778088               18
   1.0108790963515271               20
   1.0265907108459931               22
  0.97880866410385514               25
  0.97687234890674091               23
   1.0224397148784889               22
  0.88949687720978643               21
   1.0349060065859550               18
  0.98057420804982809               15
  0.81170099375630511               20
  0.85887798745743960               20
  0.86104567960644940               20
  0.64313634300186839               18
  0.95469156190221816               19
  0.52213213499569688               18
  0.65879879213990733               24
  0.55011779269657268               21
  0.84884322216369024               20
  0.77029404815009761               19
  0.63315318999900516               21
  0.50890466250917443               25
  0.50039802512111264               22
  0.63911529601836481               17
  0.55553776757981277               21
  0.42256160178483598               19
  0.34490849818257036               20
  0.49875936028249418               20
  0.41967561478888704               20
  0.53628208223867169               20
  0.70159699534567088               17
  0.57621295936149819               23
  0.36992720235478133               16
  0.34518788431005998               18
  0.63118932893349844               21
  0.60186220819957992               18
  0.42109581153750519               20
  0.63922757677514142               19
  0.63626076033051593               20
  0.52485675849992608               19
  0.83486161599066167               19
  0.89180371309231199               19
  0.80864522701987951               18
  0.83784051531503023               22
  0.96882185362589412               19
  0.67154003200266843               22
  0.87297004340062656               19
  0.86429441017960307               20
  0.77230095312483882               16
  0.71321549114847949               19
  0.93732620156405588               21
   1.0314773634522862               18
  0.94835203205235485               18
   1.0514868761514276               22
   1.0610625890497714               22
  0.74451030995254053               18
   1.1796687784097457               16
  0.99144814578128915               24
  0.86831375137785338               20
  0.99349042196765469               21
  0.81392201534796060               18
  0.58776511606797721               17
  0.79078674543579530               13
  0.63553049978708365               19
  0.90289044320490142               23
  0.86892151878781476               19
  0.81408545199214133               19
  0.46103752229677675               21
  0.60011866757934085               18
  0.71645576140657063               19
  0.44531522590701483               20
  0.61579199238621118               19
  0.39574603212430565               17
  0.46746645287343114               22
  0.56655256948841626               18
  0.38871226935420156               23
  0.40067357853786334               18
  0.43998964783069161               21
  0.66784697712395513               21
  0.36165948572399365               16
  0.49056666608483868               21
  0.49684859538094789               18
  0.30519859300533814               19
  0.47001828788247685               22
  0.30271520141966457               17
  0.40334371742292041               17
  0.62336672581589014               21
  0.44209509815714076               19
  0.46240635220629323               20
  0.63495509910622394               19
  0.76649502670309200               22
  0.40489415348216284               22
  0.74409685504382783               22
  0.72503507789370980               20
  0.70648285646483111               19
  0.59562181843224371               22
  0.91043635656933219               17
  0.69532515654984206               24
  0.72681851243497309               19
  0.99752212903563198               23
  0.72122357688672911               21
   1.0538983761399301               14
   1.0004367375897787               16
  0.79330562577914188               20
  0.79107677676928734               21
  0.94983136215938768               23
   1.0445264631072373               19
  0.95436256601378744               22
   1.0413970159836983               16
  0.90985408188573336               21
  0.94253928653116570               22
  0.90267259446741255               20
  0.82862350272094631               21
  0.68533232371955799               19
  0.90449628095714230               19
  0.60352460524441831               20
  0.65782266470319584               20
  0.61452869089164108               22
  0.58984651291186707               21
  0.68523878888118628               18
  0.50802702166853919               24
  0.65702366710577842               18
  0.55334111274946918               22
  0.45236083387864423               20
  0.42882548210113169               21
  0.50847580079818333               22
  0.32876046500693062               22
  0.48127499279684938               19
  0.34744186845022040               19
  0.64909733238995082               20
  0.27161737060779056               22
  0.40901112119759264               17
  0.40170363715917007               19
  0.59444320022673713               21
  0.41188148375866412               21
  0.26982551152969053               14
  0.59265531397792082               23
  0.44659158879233479               23
  0.41879744021946952               21
  0.54237246156479968               21
  0.43529442458277195               20
  0.72751821113959614               21
  0.58207147061740672               24
  0.83831151431267092               19
  0.67293956075731620               23
  0.89426514149943492               24
  0.65132473659956003               21
  0.82914819405027329               18
  0.63702126550656979               22
  0.55405161316824292               16
  0.81764460581600595               17
  0.99371488955520859               16
  0.94433087378683533               18
   1.1133195888684637               18
  0.86928024500629431               21
  0.91376165819716171               22
  0.91107420653533255               22
  0.93616613436001916               15
  0.98133812465203651               19
  0.96191032104714402               20
  0.96674770592927806               19
  0.58054074533333078               19
  0.74201351152871664               18
  0.53151869471272628               20
  0.76176280754977765               14
  0.55001443578179832               18
  0.56761907785494181               20
  0.42943376669316857               16
  0.68317233288316959               23
  0.62839662472298630               18
  0.60534500255411117               19
  0.46910454060750684               19
  0.60541303357459220               23
  0.35603555224364769               18
  0.39592885799792232               21
  0.33671157278584468               19
  0.29011746729747867               18
  0.33703873718008076               18
  0.26984277779325017               18
  0.52297557287607144               24
  0.50683292362612642               26
  0.39939191306790855               20
  0.24857619379363965               21
  0.36589977351978925               19
  0.16533775039663320               16
  0.53661311552769120               25
  0.54958123699132455               20
  0.19670476455730279               17
  0.61213368343848895               20
  0.64978666408619956               20
  0.49376106459602209               21
  0.39436727666221394               20
  0.66864957655518553               20
  0.67290875072768486               23
  0.67234788149224334               23
  0.58951903529895300               23
  0.75429606716683573               21
  0.87290455232182096               20
  0.93073495109425475               18
  0.95629118460679075               21
  0.98984346248792798               17
  0.63072664371394438               19
   1.1642984224776287               20
  0.94422139481409628               18
   1.0384585665259760               14
  0.93063220443160888               21
   1.0214867842790500               16
   1.0325865912830261               16
  0.74010825610763142               22
  0.81449076823692923               16
  0.76608034868102493               17
  0.85037399835826544               19
  0.88747646483932641               16
  0.70552306345930138               17
  0.67821737515108393               25
  0.75191820129660580               17
  0.55323271224331905               18
  0.53234196549448010               19
  0.51136183362619869               16
  0.71531650253657209               24
  0.49920310895489384               19
  0.34996715557066149               20
  0.65367316520957564               22
  0.40520898172543213               19
  0.47661307048435914               23
  0.32905987688389249               17
  0.38495091330401260               22
  0.26056925668667552               19
  0.33353673402011319               19
  0.48743418307770769               20
  0.25233577172294297               20
  0.25064122814458667               17
  0.40948704250650775               20
  0.65720608671794989               19
  0.45075379160840545               20
  0.33519715149677271               21
  0.24406973008439012               21
  0.53610949840164457               19
  0.47395844378925939               19
  0.77636017619627873               19
  0.68908275256948859               18
  0.61759713727196364               16
  0.68453801750875998               20
  0.64386965792496242               17
  0.76356366666446140               16
  0.79087135186067792               19
  0.75639490092450046               23
  0.74016696130355319               20
  0.90666586196099175               18
  0.69889193543450490               19
  0.67609982910324218               16
  0.66107512348378572               16
  0.96837042445693922               20
  0.98860030994032044               16
  0.96142926715091392               23
  0.68590048656159752               19
  0.97540286590501624               20
  0.78663340220414613               22
  0.72639654683742183               20
  0.94270927218345357               15
  0.89247110039432931               21
  0.70429681034115210               18
  0.82112930836023479               16
  0.66306189189185849               19
  0.66474102121165690               22
  0.73433784708506455               21
  0.64632693841518185               19
  0.41566810642359392               19
  0.36618846270758915               19
  0.38852733638228382               19
  0.54909502509111463               16
  0.39446287905020844               21
  0.43710164839734922               20
  0.32456280650198954               22
  0.45242338058539250               19
  0.55195869192879543               23
  0.26841727792695591               17
  0.31028221765871677               18
  0.40604159185287836               18
  0.30504811765692874               21
  0.28973858231934574               17
  0.39116692501404832               20
  0.18585098710682385               20
  0.41478853497940371               20
  0.23441804594529828               19
  0.36397322004058025               20
  0.42355446426342075               20
  0.60966120155741876               23
  0.60471806975601894               18
  0.45660854409937979               22
  0.38076256088857652               19
  0.52026524583000411               20
  0.52444096963732489               19
  0.69949330317156100               21
  0.74553222769936045               15
  0.70519343497526066               20
  0.82921591061303568               20
  0.85557383746325721               21
  0.79088414362983406               21
  0.94547221705070039               22
  0.87990182646721604               18
  0.94277794138667625               22
  0.99878172359736361               20
  0.97012639528366673               17
  0.76268928419515070               17
  0.90452851234397680               21
  0.86226940319752865               20
  0.83225104974595543               21
  0.98355886905213197               17
  0.84534309405190133               15
  0.87040685405857254               20
  0.95317391129426710               20
  0.62302064577342553               19
  0.87319619852308861               19
  0.65545186537744382               16
  0.44642929014497512               18
  0.60059663278341047               19
  0.63227769498875774               19
  0.58387828814149045               16
  0.46656326523058805               19
  0.57551760766811610               21
  0.46111056222029673               22
  0.57462427990061327               19
  0.27334932312062560               19
  0.24232777261687613               18
  0.33125374931612733               19
  0.45116108224201384               21
  0.30974114797884550               23
  0.33681466531275184               19
  0.11245844781267575               16
  0.25175378147663036               20
  0.29623175067007806               23
  0.25333901307191792               19
  0.44716487649194381               22
  0.15732882267824677               15
  0.28246795075154840               21
  0.48345060935577588               20
  0.40367410040717056               20
  0.57324422521160423               22
  0.55135938415279706               19
  0.65289214708240539               22
  0.77285183252646905               18
  0.63994669182976482               19
  0.71376574379081514               17
  0.82273999595883152               19
  0.70551613007601488               18
  0.64252437156662146               19
  0.74384576628593246               21
  0.64753706168355973               20
  0.90344952308870885               21
  0.84001834535635544               20
  0.93940415094391583               21
  0.87745668772645469               19
  0.97181884024424059               17
  0.78987081083053812               18
  0.96584920930949558               22
  0.95214621639619834               18
  0.97537517314401301               18
  0.99250156927703337               17
  0.68308464971991312               19
  0.85525935812881426               17
  0.83616539217942443               18
  0.61986733215617329               17
  0.53814930077021372               18
  0.68062141435033352               17
  0.64629903230067243               20
  0.43400140155446315               21
  0.53322011530623004               19
  0.58801677632000493               21
  0.27616398403361858               21
  0.58890870170676757               20
  0.40211009238481332               22
  0.32819425654923701               20
  0.17379804094337808               19
  0.34623023939089553               17
  0.39736860663983692               21
  0.10838787290678006               16
  0.38755075819613438               17
  0.24938187643481230               18
  0.22424784801629916               19
  0.17381427150239365               17
  0.37047014544710638               22
  0.28923529311642021               20
  0.28988937970232187               18
  0.19805578255169981               17
  0.46935262333928240               17
  0.37348383859276135               20
  0.37849028397442053               20
  0.32769077797473273               18
  0.65682483623982002               20
  0.62375366444645819               21
  0.51825052357874013               22
  0.45232953139371840               16
  0.42185303481815772               17
  0.50222794674833160               18
  0.73235664444224857               21
  0.72560382753098274               23
  0.71817574025062392               19
  0.89522628677555116               20
  0.88068505485235249               21
  0.85606286980491841               18
  0.97897709655929366               23
  0.91096594464450964               14
  0.93781591396545982               16
  0.91498125562251753               20
  0.87003404738173051               19
  0.81107914136145964               17
  0.89097806386399525               19
  0.94907603989074574               19
  0.96960181456872907               17
  0.57509107507364021               17
  0.91142409884479136               18
  0.49948609036857150               22
  0.58287162746566612               20
  0.48890770134993716               19
  0.42748343980821485               18
  0.40129086849622381               21
  0.53841195226958782               20
  0.70915105896855279               16
  0.51178125866960988               21
  0.34781307801417988               18
  0.45326968936987139               18
  0.32710773576221525               17
  0.25128473491521808               19
  0.19050810847728331               19
  0.25244687198832017               18
  0.33292939156836376               19
  0.26134690789443088               21
  0.18127993029857517               17
  0.28902665408209738               20
  0.19572627895084074               18
  0.23381703118207564               21
  0.21665611714487926               21
  0.12453621685957457               17
  0.16808203971171240               18
  0.44008867046866040               19
  0.35858733747839411               20
  0.51615065904707369               21
  0.29826374833536640               18
  0.52476304342976654               20
  0.52404915501626059               19
  0.63920139810014931               19
  0.47112037162821635               19
  0.60857875233637371               22
  0.53273077282187364               21
  0.57598688822485355               19
  0.47737549739560570               21
  0.53064292378267508               20
  0.69722837684209493               19
  0.59108309131590853               18
  0.95438878328178089               13
  0.84353717504047998               20
  0.96310747144773556               15
  0.90359022403649503               22
  0.90595417205343243               19
  0.72752303432367293               18
  0.95144578712518102               18
  0.68039341289756550               15
  0.72488916968869210               18
  0.87805564994519680               21
  0.70988242841856264               17
  0.78430188557364078               16
  0.94722866762112734               18
  0.68364253493893512               14
  0.52637363236636603               18
  0.76780388165587055               19
  0.48135426883854548               21
  0.58021148922739474               17
  0.61113475874506051               17
  0.55300312937547846               19
  0.36635089595913295               17
  0.14955357717004450               19
  0.14345809052441849               18
  0.23243130173636220               20
   1.3227856637873179E-002          16
   9.3501702704998330E-002          14
  0.23537274255847163               19
  0.20781162266657716               19
  0.39535019388527720               22
  0.34270459637313144               17
   7.4999761007152624E-002          17
  0.17228701304053001               18
  0.29646231067805934               20
  0.11129722293704934               16
  0.31054579086477635               18
  0.23764972048333199               18
  0.30465689365038345               19
  0.38001627850267483               18
  0.31808238977174519               19
  0.49974626741563699               19
  0.52098583995353454               22
  0.55631254064025470               23
  0.39921009726097328               18
  0.58516794476234224               19
  0.56130603440009075               15
  0.52174308517341739               18
  0.49618075381556653               19
  0.82431414179590778               16
  0.87284163303050288               19
  0.55760110812240449               19
  0.89461516004725450               18
  0.97712261685164370               14
  0.86708875465875679               18
  0.93001715288606757               16
  0.85762623909376590               19
  0.95237951531509280               15
  0.65268918626433303               19
  0.96652540389235753               14
  0.67848609176908914               19
  0.79194299858235584               15
  0.62975897790214486               19
  0.70333225485032613               20
  0.74988020490255791               18
  0.83299731739444338               18
  0.91780912596086039               21
  0.36423377230071530               17
  0.74107560087975044               16
  0.60820535456378610               18
  0.49519197390678116               22
  0.48724272022757209               20
  0.41350943806748247               19
  0.41538358566718525               18
  0.39438788672060343               18
  0.29116310489834685               16
  0.29048802874888974               19
  0.26149776764190902               18
  0.22074713178846622               17
   7.6394416053864656E-002          17
  0.11513342890156601               18
   6.0015103928183142E-002          17
  0.24447144050690484               20
   6.4624430670267560E-002          17
  0.15592955307573708               14
   4.4519112327353061E-002          14
  0.16300912967671152               16
  0.36369218133955883               21
  0.22198210082123729               16
  0.31804550118894037               18
  0.49915388260026794               18
  0.33940504136082739               21
  0.40211492082776373               19
  0.51024760282629511               20
  0.56040880183716979               24
  0.53387954380014058               24
  0.53869457913729013               19
  0.61182446199539631               21
  0.62147989073371779               20
  0.89810057650644604               16
  0.75504400513070846               21
  0.77783362187423477               24
  0.95277006599679959               20
  0.96621877154957758               13
  0.83513250177562637               20
  0.97523036096782623               18
  0.75941588899673240               20
  0.80581747190446695               18
  0.92241317364245601               17
  0.86905873987269167               15
  0.97784229662350630               14
  0.78754936978208390               18
  0.80793076896974214               18
  0.76661840629682176               16
  0.85500776920648847               17
  0.62395436342858490               18
  0.68611327646253595               16
  0.43650839467646618               16
  0.54502744790874025               20
  0.56024718572764765               20
  0.45805862987722357               19
  0.25898561036617040               15
  0.57640396883538580               20
  0.40178730768704241               15
  0.46318017875906309               20
  0.26153433089642991               18
  0.43288858221984183               21
  0.19243231141848996               17
  0.13734095774854349               15
  0.30117763667356651               21
  0.27699733443263219               18
  0.19737282971814679               17
  0.11030064461980994               15
  0.19052923637503677               17
  0.20216454737706741               19
   6.9716840390190660E-002          16
  0.42975709210721630               17
  0.24099886829604658               18
  0.33883235830657499               19
  0.60430821439991278               18
  0.32044071041738176               20
  0.21756296521452040               20
  0.48588361997999119               19
  0.41039412893453381               16
  0.48694680237969773               20
  0.65300874719282020               22
  0.46838668660264909               20
  0.57375910417142972               20
  0.75445015580931107               22
  0.81082667660445329               22
  0.71164182270707665               19
  0.68029263868000511               18
  0.71473344975191067               19
  0.82140990656214785               20
  0.85531533394934867               19
  0.96786281029242349               17
  0.79426812177419359               22
  0.81598009333199850               17
  0.91961353177363925               14
  0.84471106250970251               17
  0.93674812217455472               15
  0.90163428700681780               15
  0.89230774616156883               16
  0.74594495585237330               18
  0.62223549620886920               21
  0.72544342014532104               18
  0.54160764255534655               20
  0.51330452978383967               19
  0.57736426325458801               22
  0.36281863573662060               16
  0.65503361641156410               19
  0.24243105740538648               18
  0.29943209864026143               16
  0.23913234787789228               17
  0.41955922570369747               22
  0.18743010321757475               17
  0.39217083281028658               16
  0.25041313299722961               20
  0.31786907692314598               16
  0.15278736424065137               17
  0.27220158742722833               18
   1.9699752801549196E-002          16
  0.40899289056230703               17
  0.15930473504933046               21
  0.11484345718827341               17
   8.7204245365722730E-002          16
   5.5925342823699459E-002          14
   5.9630746789004541E-002          19
  0.49306032867701621               20
  0.25898325122834703               21
  0.23911408479523874               18
  0.26745268180795989               21
  0.44100065751390521               19
  0.50079659776824881               22
  0.44185859044846976               19
  0.90292314766076609               16
  0.49473547324992206               20
  0.56883729406913230               25
  0.81109864822173194               16
  0.67091325173379757               18
  0.63805166238000133               18
  0.71574216220179809               17
  0.66994287206738656               21
  0.69565863858082477               19
  0.89123979421712973               17
  0.94479962454336797               19
  0.93999581734531734               18
  0.73202626333221732               19
  0.90943869444672498               21
  0.97153286039231901               15
  0.89122873562435623               13
  0.70500651476499621               19
  0.47994055335504687               20
  0.50818874345395304               21
  0.76407089144069729               17
  0.69779091736650534               18
  0.73234172250107143               19
  0.70827887753322094               19
  0.49086625235093739               18
  0.50168726179224077               22
  0.27556047185033994               15
  0.55569087069030987               24
  0.47795096221619032               22
  0.47339308419786447               18
  0.17993872181381385               19
  0.40008663214499762               18
  0.16592581447927079               18
  0.22386298760058665               20
  0.15832361239919537               16
   9.7511936512719485E-002          18
  0.10409190734129896               17
  0.19811875961626160               17
  0.22931033270353862               19
  0.20018961680611252               18
   6.5073908039908993E-002          18
  0.33919542923597207               20
  0.36416369423834277               21
  0.35473101765502046               15
  0.25445324073022496               21
  0.20902922890275016               20
  0.30189067441170503               18
  0.26648452483769547               21
  0.51447939524983344               20
  0.45028354314843494               21
  0.34253588604184276               18
  0.71319192292927425               17
  0.40240550408822634               16
  0.63071324590688227               17
  0.58329630322627224               24
  0.60809063009169573               18
  0.65374089225107035               15
  0.88178004839093493               17
  0.79239508140191328               17
  0.86013804511655612               19
  0.74448675063280312               20
  0.97463341765791878               16
  0.90756032646343354               18
  0.56149361946730769               23
  0.82320199089872548               17
  0.80409359833087857               16
  0.85367294604444444               18
  0.84589056021149589               17
  0.58340065477451741               20
  0.67061168488085332               20
  0.68490225147559469               20
  0.78118162363693044               16
  0.61630684461493968               19
  0.56474221110735767               25
  0.53030560275017991               17
  0.62040483434630878               20
  0.57134153953122790               19
  0.46108535664565509               15
  0.41036802404292733               16
  0.37307233196823403               18
  0.31381117269867659               19
  0.16063443538641631               17
  0.33581667345969807               20
  0.34500363860190486               14
  0.39764864707003450               20
  0.26854993231553470               17
  0.20919298677429521               18
  0.13942897482933519               17
  0.17617071069367526               19
  0.11328581383753714               19
  0.18443283299883467               18
  0.19067626840691604               19
  0.26915635318471970               19
  0.13020189868797394               15
  0.29701327959338936               20
  0.34332416571540214               16
  0.32097684028098489               20
  0.47899682872336308               18
  0.49710305336289873               23
  0.49721747078406869               23
  0.53384649320670541               23
  0.62499928907809632               22
  0.41062327876951238               17
  0.55513926070754138               22
  0.80051282739853225               18
  0.73688710487846065               19
  0.78054258458061176               17
  0.80391815201757388               19
  0.66674248842845707               18
  0.87727327493806984               18
  0.77907865070404014               18
  0.79248374522571374               21
  0.81657303776190349               20
  0.77777425004474798               19
  0.95142442948960770               15
  0.94838101363927940               14
  0.95976232699380803               16
  0.77522203249390387               18
  0.71797434314174924               18
  0.80447299223333191               17
  0.49866592250333297               22
  0.54874059764076333               19
  0.76429564865850075               16
  0.35283121347925539               17
  0.39313545667004784               18
  0.50363537382154933               19
  0.30847639773243818               20
  0.27736874778146203               20
  0.25424678642641191               17
  0.43705120903611983               15
  0.56150598796982643               19
  0.46501156722713632               18
  0.32939333278829835               20
  0.28329237286859033               15
  0.21217222314978496               17
  0.10941423068122372               17
   6.1601685936323244E-002          17
  0.34908494528009598               20
   2.6649457437143333E-002          19
  0.19543543364470667               18
  0.14053592996818823               20
  0.22123370059956521               20
  0.21668947402487801               19
  0.14650772632341019               19
  0.36704248449765287               15
  0.17631325281208923               17
  0.37644108240554475               17
  0.35690654593281113               18
  0.65161989520254038               18
  0.34658578391851780               16
  0.39039643224517362               15
  0.56736215435251780               20
  0.52599709207856549               23
  0.43084049206893371               19
  0.54785706504969200               22
  0.65338433381375882               19
  0.77468963647426559               17
  0.62512609516370399               22
  0.83847567652775079               17
  0.79351865605806893               18
  0.95393426388698721               16
  0.96308953287393129               14
  0.76253817136619051               19
  0.88141512781279885               14
  0.88114066432100335               16
  0.78600417512930854               16
  0.64985624583817581               19
  0.73171921979934007               16
  0.98614917313110662               12
  0.75056195942690951               18
  0.71520811800000306               15
  0.67038917495274397               21
  0.69581648633971638               22
  0.64316689326566201               18
  0.64120329477127525               20
  0.58769347531893767               23
  0.49172662337148132               16
  0.29953759265084567               18
  0.19678852547831457               18
  0.47444652125138781               19
  0.35362043889571604               19
  0.39929465744595344               18
  0.41572720737840690               19
  0.11497081328515533               19
  0.14163727916460755               16
  0.15393836936563904               18
  0.29015821239325218               19
  0.32717358360290522               19
  0.27404747580479460               17
  0.24397409401866493               18
   8.7228650927473297E-002          17
  0.31159864000941651               15
  0.12146708346918651               17
  0.37135661540809628               17
  0.42930018449200635               21
  0.28847630112733436               20
  0.28074636895968996               22
  0.36180483523927454               16
  0.42428408799735112               17
  0.56622069849985857               23
  0.59468612283178979               21
  0.48437493340129939               21
  0.83767774370615344               16
  0.78273564958788677               17
  0.59077193680889750               24
  0.85279774044446777               18
  0.85924828251534324               18
  0.90774172061990910               16
  0.79759825718283861               16
  0.93529123074901654               19
  0.93177560376763457               14
  0.88205387266107549               18
  0.82433805182041020               17
  0.90177587978714835               17
  0.94028983711400838               15
  0.98999481245231302               15
  0.94904439885782454               14
   1.0064774402010355               16
  0.86003189026884042               17
  0.81860345783740929               19
  0.75380743542524720               17
  0.76363460669053140               15
  0.58234077794904104               22
  0.56769632363265599               19
  0.64718610835746804               22
  0.77155045856286808               21
  0.61749082805480970               20
  0.68159088297700809               16
  0.55018180764217661               22
  0.45828446717902682               16
  0.51654219198883566               21
  0.44140664488957010               15
  0.32854785457732644               19
  0.20857896988702093               17
  0.26748968242844545               17
  0.22925234422401472               19
  0.20892896268474756               17
  0.20605521638193566               17
  0.14249453600640288               19
  0.22971420914717941               20
  0.18115551039628539               19
  0.21848508416709417               21
  0.27190777958890350               20
  0.38803875905671592               14
  0.36861410751997786               17
  0.31527293174243343               19
  0.35442873306862227               17
  0.47406882331560590               23
  0.47137598484961180               14
  0.42752982964239100               22
  0.45847468871549013               15
  0.42139776650932181               20
  0.73656677537365112               19
  0.82031780822506950               21
  0.56209365036455439               24
  0.63715884278604784               19
  0.70494502922503877               19
  0.90301407195302508               16
   1.0447058835884386               15
  0.72023617220950731               20
  0.87275380313328987               19
  0.96844858401920475               16
  0.74409736286482120               20
  0.85671099797828387               20
  0.94620012395302067               15
  0.70197591029951056               21
  0.88789178778205213               17
  0.89778095247160028               17
  0.72566220421443317               19
  0.76302055163429072               16
  0.78965131331909266               18
  0.78988843653020391               18
  0.82110503951786729               22
  0.76655985805465643               20
  0.61008044952652052               24
  0.63157952944419715               25
  0.44105352963872219               20
  0.54925469236457514               21
  0.66309581989053890               20
  0.53139138639047201               18
  0.51695113883479693               18
  0.55640670991955254               20
  0.28878416382906141               19
  0.32072224365437590               21
  0.10640888803665541               17
  0.33009821377605181               19
  0.40475098520677316               18
  0.40177308174896664               17
  0.23693706518612284               14
  0.15577742912395764               18
  0.32037648062817997               18
  0.20778437803853397               19
  0.31062121935971326               19
  0.25890152628077828               18
  0.29810850066837563               20
  0.34062457213488362               20
  0.48947233718054206               19
  0.51459653679760908               17
  0.47872642983624636               20
  0.29856769523813942               17
  0.54957872687540810               18
  0.62486236947272233               21
  0.53098564210723309               15
  0.67250712016369563               18
  0.66788743848854537               26
  0.58177272268210101               20
  0.76420997826255654               16
  0.92251883487408259               17
  0.78091795033615741               17
  0.97753502288100369               17
  0.96765364164766787               16
  0.70380645838058087               18
  0.94262441091011162               16
  0.88575527966984557               17
  0.85342528783127436               21
   1.0384248009702144               16
  0.97160292896502753               15
  0.87508565741857824               21
  0.89823436062468109               17
  0.80836624643746247               18
  0.69752623891703336               18
  0.64623406769095981               21
  0.94309482960172752               15
  0.49264759112477485               18
  0.62806715047022332               24
  0.80164602023057530               17
  0.58051315713263529               21
  0.50431166823736506               18
  0.61956258864921654               18
  0.43828993543604833               18
  0.47734392009366411               17
  0.30095394125803554               19
  0.45638401322097844               17
  0.52417184631704195               20
  0.39969870280894870               17
  0.37274318952803287               16
  0.39941514704322750               20
  0.27463671979142001               19
  0.33799841836847888               16
  0.29003172145323552               20
  0.35505681460280958               18
  0.58442241476410794               18
  0.45330631719250697               16
  0.38722893747297943               17
  0.46518015368750637               15
  0.51342638522459638               15
  0.40811227555207619               14
  0.61078438315983885               19
  0.49982981344601429               17
  0.67839770665536581               23
  0.63425671087287006               23
  0.47201343859470601               18
  0.47289100613390816               20
  0.64539064627441312               20
  0.82928899519298216               19
  0.76568557675912519               17
  0.89879996254467021               19
  0.96170170586364556               15
  0.94543818388769285               20
  0.66216913367519736               19
   1.0704939778414164               16
   1.0014358698041166               15
  0.93591247750502127               16
  0.95988427728187375               16
  0.94228332544369620               18
  0.81881193032439903               17
  0.89725195342369068               19
  0.66260437628399083               16
  0.96542479604553100               15
  0.84663690169559658               18
  0.64751735591166193               18
  0.61203198333089304               17
  0.51294822672043849               17
  0.63100688837392882               21
  0.75360880830163368               19
  0.71714398507186317               18
  0.60013826815515658               19
  0.52618551634679833               22
  0.60538436385487682               24
  0.58423025165437514               23
  0.44222951907754154               18
  0.36512719286644024               18
  0.56820131783672045               19
  0.29694886749515292               17
  0.43758854689747217               17
  0.46123114518517200               20
  0.43121127618503968               18
  0.16247956347662551               14
  0.47367917211539873               21
  0.42654740633102206               19
  0.31759961450747148               20
  0.27578862106759466               18
  0.28569516901242259               14
  0.63085343821228956               20
  0.36511914141269114               16
  0.59036641098956322               16
  0.41745286023413408               20
  0.46609381397861049               18
  0.39433732217414796               16
  0.71387690934241155               27
  0.72714503698297051               20
  0.53834989546064271               20
  0.76884167595978492               18
  0.63957702112708270               20
  0.70259311770518396               17
  0.80545806476681203               19
  0.77329344038232006               16
  0.75716275740239047               17
   1.0339307604938373               14
  0.95038284285531671               19
  0.82252841469431781               18
   1.0393237640424300               16
  0.85397082751650977               20
   1.0090663817225312               21
   1.0382617386122044               16
  0.81630389512273038               16
  0.84095222341898301               15
  0.83742046288061955               16
  0.97248559426739578               20
  0.85924884132261525               19
  0.80450370271649718               18
  0.73003951098848363               19
  0.69705629588555806               16
  0.56842415779747624               24
  0.56797966502018438               19
  0.53312170725985419               20
  0.49876198503462676               17
  0.57106034548933493               20
  0.68513815036683168               20
  0.48687217984517761               19
  0.63319495427316741               20
  0.46464362253883512               17
  0.33696022791474461               19
  0.33407548413614691               19
  0.33890461112067732               18
  0.25319744102197206               15
  0.23398989140441626               18
  0.39850716709547335               18
  0.30669477757215141               18
  0.51069149748325970               17
  0.50330188871145565               17
  0.68023541454357894               20
  0.24705557173644221               18
  0.22548201770167942               21
  0.35795844868780624               18
  0.53398194586174808               19
  0.53852465337349986               21
  0.60275336158504966               19
  0.56656390614834617               21
  0.64345709315868915               18
  0.67674922968794160               25
  0.62858013666617785               19
  0.75412255415962826               20
  0.72820482998505587               21
  0.82245881757472428               18
  0.66432377356131789               20
  0.87390066159792257               21
  0.86863255857384447               17
  0.72102233645554037               22
  0.75705895428741177               19
  0.87557966956258959               20
  0.89479959760575312               16
   1.0305033013120781               24
  0.85452785030921896               17
   1.0079414486516920               14
  0.74557471868796221               17
   1.0357465181430721               17
  0.96535497484692590               20
  0.93859407461690547               17
  0.81042448980985393               19
   1.0293567542638715               23
  0.78699770725366380               18
  0.57533553372569091               19
  0.76553151278729781               19
  0.62150720921286540               21
  0.60270753471614391               19
  0.45782529948272788               20
  0.72129266398611380               18
  0.75769761238423272               20
  0.53565775929576587               21
  0.48631384488049134               18
  0.39847952108235873               20
  0.44751444535066193               19
  0.36051615740357118               19
  0.40991299551310639               19
  0.49612266566262686               21
  0.37571244782206875               20
  0.50772165544911085               17
  0.61825290761943674               23
  0.35567528186801817               19
  0.60536944561854855               19
  0.53010630891583921               18
  0.72814508413440171               20
  0.54830014960815288               19
  0.57662380701177274               17
  0.57095393759900881               24
  0.53958475888545354               15
  0.57288095351150214               19
  0.43224930331827000               19
  0.62552726702800576               23
  0.59708801801444844               21
  0.68588100531189311               18
  0.94480017685570550               22
  0.60642833289504461               19
  0.81391074318535062               19
  0.88984833099324789               17
  0.98699524202016742               16
  0.79651541889337196               21
  0.85602516204031653               19
  0.89979771586459967               19
  0.84426436179651354               21
  0.90811961132426067               18
  0.94916099232020990               17
  0.75668120384992343               17
   1.0555821782946901               19
  0.83732332267540643               18
  0.89061775002721300               14
   1.0219556407110650               19
  0.85935622401661937               17
  0.69980297814202974               18
  0.91293803643092319               16
  0.96407349998935166               19
  0.90149529843162968               22
  0.65172774249169230               19
  0.59593140562577829               23
  0.55091134109206563               20
  0.82892460725769068               19
  0.67931193770356169               21
  0.48118104249138516               20
  0.64194946924721674               19
  0.52826202274521783               20
  0.53372380706249323               19
  0.41459256913711501               19
  0.61226037711427728               21
  0.46748698016027151               19
  0.56214953629841191               18
  0.31228053644512976               20
  0.36822043607712951               19
  0.59600632812985810               20
  0.58551792537455682               20
  0.42253109508089276               19
  0.50248577435793240               17
  0.55608917316771911               21
  0.56049821992313154               18
  0.68290594502425228               18
  0.62380525428563882               23
  0.51619937490310341               21
  0.56050704571670784               20
  0.67396186114318046               20
  0.41974771097372371               17
  0.83947362813169324               18
  0.70524314359550222               21
  0.57322085474634188               16
  0.77978403203830537               18
  0.75025259074993322               15
  0.99720517730265479               21
  0.80764990632579181               19
  0.92173966799492169               18
  0.90967393837626609               19
   1.0136262012066297               22
  0.93775193642450505               15
  0.90380238444668615               19
  0.75984563355799994               22
  0.98458953973277608               18
  0.97269259842735356               17
  0.94866239538931041               14
   1.1051266254344045               19
  0.90270137058305089               17
   1.0386875817071977               20
   1.0421900632697589               21
   1.0598830013855629               21
  0.93763034792651145               18
  0.64406867465701190               20
  0.47794606778523763               20
  0.90648823335941542               17
  0.66158762382236802               19
  0.80171807902275061               20
  0.81963048037993369               21
  0.54449979622764388               21
  0.82025857548899950               15
  0.46402919240837504               17
  0.64057381499516886               21
  0.68343208685461654               19
  0.41292582157358310               21
  0.45380818417533952               18
  0.38191677348758152               21
  0.53329430885158546               18
  0.39737201969086594               22
  0.56226877422695010               18
  0.62685093366664058               19
  0.66469418144649939               18
  0.48315290453132692               20
  0.45782442047183430               19
  0.49729818137236181               22
  0.41472015281421681               19
  0.79686065940587358               19
  0.76928898442773241               19
  0.81129045093351848               18
  0.66522013436488503               19
  0.63334577947350867               23
  0.57427344108024125               19
  0.64886737671237249               20
  0.66882909301308835               23
  0.67956921621785937               21
  0.86933149474248228               18
  0.88124845212358371               19
  0.99424305089497056               19
  0.96528860525554039               23
  0.93062375787702911               19
   1.0348066506292095               23
   1.0126271887838685               14
   1.0420791661116839               21
  0.99703645949337416               15
  0.91361665389109237               19
   1.0581141071630606               20
   1.0753718481130086               21
  0.95303572279258963               17
  0.98278038498993614               21
  0.91798357306325773               18
  0.83306871741487465               22
  0.91622782743769271               21
  0.57598104137656259               19
  0.63716075807452222               18
   1.0026724847061255               19
  0.77471320998142945               19
  0.76729903160386115               21
  0.78820519543762524               18
  0.78134945755319019               17
  0.64669385396546997               21
  0.93499361883126220               19
  0.57245815565292235               16
  0.35069282864095558               19
  0.59252644346706274               19
  0.40200461982999658               18
  0.64125873526010968               20
  0.59109220572853272               18
  0.54300407743445323               21
  0.72750975619177949               19
  0.52841497948976823               18
  0.47826665954032138               18
  0.62021396090722936               19
  0.80164341021601837               17
  0.56323995120894621               21
  0.46686805075807702               20
  0.70022404254276938               20
  0.24852001536520082               15
  0.49210410015712935               16
  0.77178147640889172               20
  0.54319096371292974               19
  0.64605654768421683               19
  0.75981211342810429               28
  0.68824047083366824               25
  0.82038507254357007               17
  0.96869209608564910               25
  0.92799652687041945               19
  0.90541878504501383               21
  0.82426044662971454               19
  0.99879671715836327               18
   1.1354846977780140               18
  0.92970756756408257               17
  0.98568068444944468               19
   1.0114678324823150               16
   1.1338763627656776               17
  0.98408233720683824               21
  0.87767838672041620               19
  0.86973262132126294               18
   1.0740630893411642               20
   1.1407010005004186               17
  0.70601351142065916               16
  0.84578351681831321               19
  0.94316199792484923               19
  0.77229983084896348               19
  0.75534048902427497               20
  0.57836876566576090               21
   1.0435502437353823               18
  0.71428914620254402               19
  0.72470966949354465               21
  0.77290824237084021               19
  0.72160643779914668               20
  0.62782639521484906               21
  0.72648917134840219               22
  0.60543642672358688               20
  0.41804463432662137               19
  0.64123516924569246               20
  0.47114507400995587               20
  0.69172750286535589               21
  0.78611020905505813               20
  0.61192702450197634               22
  0.42703589920137469               20
  0.45834434684882874               20
  0.63613317690584870               21
  0.71319543530789231               21
  0.76722185940946019               20
  0.49314702779723990               19
  0.65634730529334462               22
  0.66117788260969479               22
  0.62127745994362127               22
  0.80056666262722198               18
  0.72963454576873865               22
  0.65052541105570627               20
  0.79509323459067816               16
  0.80251144092029048               17
  0.87796916115709078               18
  0.68564205231007425               20
  0.77148825059903814               19
   1.0017998324739048               23
  0.92332810051282654               20
  0.97076359212519292               22
   1.1030584179182668               19
  0.91280528117021853               17
   1.0636228517203246               20
   1.1675406168872358               15
  0.97409202157145025               20
  0.97591095364493752               21
   1.1629463150989836               17
   1.0729260959311420               17
   1.0817647658383194               22
   1.0078083814466126               21
   1.0346720431855334               20
  0.92649637495552295               19
  0.81768371792434624               17
   1.0243899318403999               20
  0.88618737933844094               20
  0.91139092649716480               23
  0.79022052096083828               20
  0.70639949687170234               24
  0.72375383453045838               19
  0.92762781204974065               20
  0.86787261536501270               16
  0.70876249226299826               23
  0.69863885428171224               22
  0.61582534535515721               20
  0.61714102400763104               21
  0.66749315779865770               22
  0.58789579971191408               21
  0.66623781160763840               20
  0.60144812252753521               21
  0.52837640921000906               17
  0.41052169435964336               24
  0.57981286788731712               19
  0.73698517166941835               20
  0.74080238324131897               19
  0.90234217918492055               18
  0.64431445022370348               19
  0.69935350194241541               19
  0.52646466252235924               23
  0.71922999717208014               20
  0.49994110077774184               21
  0.69607169274609959               20
  0.72132410503524436               18
  0.75040173062572957               24
  0.74905926591070393               23
  0.89394100187732262               19
   1.1008802726466862               15
   1.0251009372106041               19
  0.87357464793998696               18
  0.86049961576465639               19
  0.84700585374092718               20
   1.0929193976424962               20
   1.1841242863795234               14
   1.0988527093203386               18
   1.0992149809538341               21
   1.1156052071918845               20
  0.79359196697104750               20
   1.0399837445930582               23
   1.0896167279030278               21
  0.99300238276508346               22
   1.0448680838649043               21
  0.86710342579128186               18
   1.1036794380965858               20
   1.0023505534509960               17
  0.82836545962249353               20
  0.95435698717545758               19
  0.97895983447468438               20
  0.67219768924548373               16
  0.89312877035415339               18
  0.99964678452074274               19
  0.85493222755107834               19
  0.65321471359181638               21
  0.87841119217464070               19
  0.54847682816742238               18
  0.78943025447712856               19
  0.73474349529784322               20
  0.66796256914143004               20
  0.57942555997473533               20
  0.82406873257538438               19
  0.49899898920633229               18
  0.67341041087255460               24
  0.69219656211399849               22
  0.78470402297385389               20
  0.54634099677464054               20
  0.88683128484265927               21
  0.73485512495799665               19
  0.71325886528515547               19
  0.59041529318015229               23
  0.59575067028513307               22
  0.65386721740912579               23
  0.86436473190114793               18
   1.0035229521388236               19
  0.94341391385397189               19
  0.90051160653535600               21
  0.77369668060330277               18
   1.0319590953339508               17
  0.71958023513832470               24
  0.77710297748437240               24
   1.0070740253489356               21
  0.95999974025612922               23
  0.96396252742273247               16
   1.0419991373010506               21
   1.3301371451586361               20
  0.96549302009796178               20
   1.0854761022828456               21
   1.1882117309045239               18
  0.99982129852263291               20
   1.1509263532783245               15
  0.95118168894711885               21
  0.98022368955808303               19
   1.0881894158398857               19
  0.97271000075574243               22
   1.0807279245192161               21
   1.0738715354582198               22
   1.0748316387114001               18
  0.69155782179533254               18
   1.0752036519650663               23
   1.0453428887035778               21
  0.85498708716252025               20
   1.1109218328850865               19
  0.83674002616899223               20
  0.94514865055157948               20
  0.67841459158647566               19
  0.85849406648352355               20
  0.76945949533346625               19
  0.87339444876899230               16
  0.81511651390109641               18
  0.82854415068351173               19
  0.82836393681383058               16
  0.61565149197226499               19
  0.56181860418106266               21
  0.82995330293060166               20
  0.73499071527263782               22
  0.56502398212914084               18
  0.78129003184207768               19
  0.73998745808656774               22
  0.89712266272090779               17
  0.66664844734494721               21
  0.62295231516019367               21
  0.77225488827560018               20
  0.89987085684021584               20
  0.61459640753558364               21
  0.81655374782004786               19
  0.94840706906938887               16
  0.71929217645283128               25
  0.97688308595441820               20
  0.66420316548494918               23
   1.0643859185909210               19
  0.95478236388795057               17
   1.0505216663903874               15
   1.0376415410345790               21
   1.2140852668723268               16
   1.0924502834195238               18
   1.0634239483404153               19
   1.1156442437185206               16
   1.0175338516393979               21
   1.0159874531385069               18
   1.1047755083582025               22
   1.1565160776403429               17
   1.1841704606217001               17
   1.0905883813398083               22
  0.99339781249104053               21
  0.87422420026282976               20
   1.2075417035714149               18
  0.84410465866242612               19
   1.2868537662276485               16
   1.1487709642915755               14
  0.80953663794270614               18
   1.1036682175301995               19
   1.0745771147149834               18
  0.90064699345636234               21
  0.86323444302341990               22
  0.47782119301958326               19
  0.85939345462209871               17
  0.88084514190419283               19
  0.91838900185986350               21
  0.72376681722076386               19
  0.69828154547279597               21
  0.63062376629855210               18
  0.74773707943991741               24
  0.76453718268236692               21
  0.47924045208700683               19
  0.71422553323117255               23
  0.93929397004094328               16
  0.55520717183596580               18
  0.72024698404111709               21
  0.94357532502145647               22
  0.73700334633347753               20
  0.56895443156399395               20
  0.91771860554702367               23
  0.94581250991929711               19
  0.61322073474368344               20
   1.0102902278961432               19
  0.84809395436798751               18
  0.81835865999265678               22
  0.77641116284783618               24
  0.82291749170722273               17
  0.86552202863964167               19
   1.0818211413874430               19
  0.84136236334834713               18
   1.1190432137450137               16
   1.2752644822683858               18
   1.2564493892513449               22
   1.0722282492935495               21
   1.1178991474832349               18
   1.1014329300400119               20
   1.0930385529865858               20
   1.0545220690207833               22
   1.2319439673346835               18
  0.95590332923926746               21
   1.2586924670871293               17
   1.1270584597453643               21
   1.0187910600579151               22
   1.0375286944147628               22
   1.1402320834781237               18
   1.1336100061092236               19
  0.90228373582575738               18
   1.1180171515130579               16
   1.2331029273120087               14
  0.93019655521734723               20
  0.82074781617353310               18
  0.95179930197234064               21
  0.77604532197309017               17
  0.73731111543582573               20
  0.76187606402243169               24
  0.74529094159213927               21
  0.78377642942215386               17
  0.85825563792216708               20
  0.82473627824944040               21
  0.61921143300053327               22
  0.88880582969518562               19
  0.68940198684788645               22
  0.90368718833511830               22
  0.95925109276843579               16
  0.66310484886969823               17
  0.98149260386801229               20
  0.83551673947582716               15
  0.63758772655850415               18
  0.95054895943022977               25
  0.86351186730959595               19
  0.91914094625895915               20
  0.83932578665634250               21
   1.0951461317964548               18
  0.92547568495850063               20
  0.91883791090091582               20
  0.71130045138116260               26
  0.95031361297040695               21
  0.93713492476067772               23
   1.1693469580435869               18
  0.98569754981288427               25
   1.0599464734797299               18
   1.1585451657460455               18
   1.0623450820297320               18
   1.2356534705977982               13
   1.1178367901186428               17
   1.2390071854334128               17
   1.1690618342677737               16
   1.1019043310359906               19
   1.1081207240692152               19
   1.2451547337342399               14
   1.1630718366491251               19
   1.0237999722073432               21
   1.3397945776955258               13
  0.99779541258425219               18
   1.1066225131138376               19
  0.90632760982787131               20
  0.89689346631873124               19
  0.72285946151133296               19
   1.1413201961536930               15
  0.72151888423050803               18
  0.93958770272498515               22
  0.80459217906154779               15
  0.99065038655687299               16
  0.80207394802231446               17
  0.83452565988151184               19
  0.94312529993937577               19
  0.80743872813595829               18
  0.63698823503566160               19
  0.79349865026946553               20
  0.75638398141325058               21
  0.92947488390693467               21
  0.82028737195939450               19
  0.94517496947528179               16
  0.98905849574061400               20
  0.97293898471684237               17
  0.77986869100801826               19
  0.84287927610087976               18
  0.93203547178929391               21
  0.97967482003032824               19
  0.95917712002178979               21
  0.72124506057944959               21
  0.94335133105403002               23
  0.94211804480851402               20
  0.77460018276170406               22
  0.89738243263294493               20
   1.0697648863002844               17
  0.85001899087924337               20
   1.0506857504452141               21
  0.99755018842320153               16
   1.0684759307242311               21
   1.2733044759838108               18
  0.96206742800482137               17
   1.1739799976335716               15
   1.2616453623105510               21
   1.2038490101798567               15
   1.1284634992839722               19
   1.1905986555453030               18
   1.2007918540164042               17
   1.3202277530001063               14
   1.1677122360338807               18
   1.1023863982104047               18
   1.2572127813058984               14
   1.0203671483299672               20
   1.0785284339673900               18
  0.91194320599468182               19
   1.0454970547509497               21
   1.0453461201475294               15
   1.0190722523570503               18
   1.1299497694631255               15
   1.0159163282208485               16
  0.95355712643962642               21
  0.97854776019330503               18
  0.74871212720836056               20
  0.91298852870518554               17
  0.86779361140787958               17
  0.85491639884349468               20
  0.86790427291040340               18
  0.76566802702182424               19
  0.89881166566185611               21
  0.59243774071643285               17
  0.86160886574887263               20
  0.69473462248967144               20
  0.97347941998677834               17
  0.93962117009537649               17
  0.88695454161039544               20
  0.85945355263994105               21
  0.98536621675692371               21
  0.91222707949660042               22
  0.80049918761148131               17
  0.82871449516824403               19
  0.85712092783080174               21
   1.0254027681597417               20
   1.1915248079378438               20
   1.1984790830222127               17
  0.84011181865635320               22
   1.0597645946817813               18
  0.81512663617441805               21
   1.0067448169677289               20
   1.1672236773676548               15
   1.2320476101483946               16
  0.99300841948852969               19
   1.0591854589480398               17
   1.2259325122120119               22
   1.0390298588885492               20
   1.1469026154231117               17
   1.0500289866323285               22
   1.1674217959896400               18
   1.1694688283301264               15
   1.2640483754754046               12
  0.98908851632261463               21
   1.1361500817412269               17
   1.2593832225257358               15
   1.0781656975006824               19
   1.1367073828418341               16
  0.98592832622866622               21
   1.0789776383199501               20
   1.0712313342646027               20
   1.0462333619585371               19
  0.87770538452365210               20
   1.0159059535869879               16
  0.99189109534499276               21
  0.98363245767749619               14
  0.97346729870317139               17
  0.87741020301298078               19
  0.80863901000007443               20
  0.95279025170541098               17
  0.93739005437024725               15
  0.82100048183303498               17
  0.78575304891777664               19
  0.83104332376947743               20
  0.79733845476053755               19
  0.87215175740404216               20
  0.94805919321600063               18
  0.74212681045094153               20
  0.94939758843407673               20
  0.76201388267234271               20
  0.93714130099440884               18
   1.0102491787499353               18
  0.75979096745831964               16
  0.93456834059035621               19
  0.98682680687576485               23
   1.0322610511049657               20
  0.74638334623484515               20
  0.98924263150447445               20
  0.89677600384257605               19
   1.1163938479545803               16
   1.1254688278818421               17
   1.0881375166537677               17
   1.1026756349460225               16
  0.98192239604277465               18
   1.1715823111336323               13
   1.2692359902663035               20
   1.2896443569956053               17
   1.0020621199292679               21
   1.2095684030725986               13
   1.2841328848510440               19
   1.1174884136412582               20
   1.2861500113979416               16
   1.2937428732566560               16
   1.2011581913825657               14
   1.1955854890708637               18
   1.1040127375359701               19
  0.94239910260997750               16
   1.1583231948705304               17
   1.1981537523949191               14
  0.95820526724425625               20
  0.96993674281975406               19
   1.1050992363395118               20
  0.95936002030910339               18
  0.84832775968235374               18
  0.97360311548887357               18
  0.98697107442451470               14
  0.98906346459042538               15
  0.90638915932957398               19
  0.84646484863704219               20
  0.92965418581401704               21
  0.91324287365952084               19
  0.95335877313332473               16
  0.89538658520574832               22
  0.97112169657117220               17
  0.90717382607290908               19
  0.77473396987373777               18
  0.94595988687785637               16
  0.92104360317557632               18
  0.94850891541595561               21
  0.91193085662777418               17
  0.98120230577341050               18
  0.92798591225072868               21
  0.73594066149557280               22
  0.90547896236271574               20
   1.0383237837186272               16
   1.0523506043414428               17
  0.94919729681620146               19
   1.0020223617226858               22
   1.0348087823799144               21
   1.1065417056012596               14
   1.0552497001187540               15
   1.2331407093409119               16
   1.2184087046405825               17
   1.1066903590851211               16
   1.1668581460464869               16
   1.3141238125761412               17
   1.2450845023155785               22
   1.3073986675323377               18
   1.3304794603508363               20
   1.2344776843981158               15
   1.2583048545693218               14
   1.1312687349935935               17
   1.2476367031711626               14
   1.2609016412584577               14
   1.2486231724005936               15
   1.2783864726088718               14
   1.3213809406806960               16
  0.93986862107765434               22
   1.0336480354367767               22
   1.0332185895336983               17
  0.77586520696509986               21
   1.0205686023585050               17
  0.96125171602440918               17
  0.94019734490098228               21
  0.93303107373141314               16
  0.99824812001214547               21
  0.70211066954620949               24
  0.94856938235998756               16
   1.0696608023349707               17
  0.68350254669749855               23
  0.47553110942392562               18
  0.92581143216812212               17
  0.94407874713422635               20
  0.92869318768540698               20
  0.88713172486691483               21
  0.78248109300731272               18
  0.96329593568268890               16
  0.78754728732294066               21
  0.87526146109502256               20
  0.67288094570962675               18
  0.79761970947593286               18
  0.90991624616728606               18
  0.81774972835499893               18
  0.89844165796101638               20
  0.82231050122889093               17
  0.88201893304756640               20
   1.0212678622254283               20
  0.68868705330132773               25
  0.97536543052370528               23
  0.90552027201592444               19
   1.0127990737454111               18
   1.0192310216631493               21
   1.0307848603841530               23
   1.1438760521751674               12
   1.1501976129811007               15
   1.1281203097042451               15
   1.3381179709697606               15
   1.1124159641208617               18
   1.2734034199470885               19
   1.0214434116497324               24
