  0.97867753192909879               22
   1.2495880844392679               15
   1.3451990101865423               16
   1.0688884306940585               21
  0.81563461496975698               19
  0.99809594923717870               21
   1.0345350445863049               20
   1.0956073443385359               18
  0.52543123889155940               24
  0.91338189133198455               20
   1.1084041170192220               17
  0.84728681684012075               20
  0.95150256954465895               14
   1.0644519737254838               18
  0.75031008271376587               21
  0.67759875278633530               20
  0.81033137609268224               18
  0.93988904292290620               16
  0.84070444310122250               18
  0.97462703684806995               16
  0.70308754874725166               21
  0.54194323936707478               17
  0.78424774319475521               20
  0.64086017905868109               23
  0.94535534318339765               15
  0.84826846842699666               18
  0.87408325941630194               17
  0.95097190322801950               14
  0.91581643366501264               16
  0.76671203881860372               22
   1.0810444327619648               15
  0.74628061889815855               25
   1.1106097609745744               17
  0.80783449224502724               20
  0.52339643109632028               22
  0.84753557817551128               19
  0.43308495252427692               20
  0.81241757698871453               20
  0.80642434128819629               22
  0.99175148941158076               19
  0.99176558924853531               20
  0.62306392832572710               20
   1.2327288923315476               17
   1.0252428503982691               21
   1.0180251202822583               18
   1.1709215378735960               18
  0.71805606844368719               25
  0.83060584869972254               18
  0.97036361511430325               21
   1.0424737252352614               19
   1.2751849940442768               19
   1.0534400073064056               22
   1.3235720410084404               16
   1.0599468252713522               20
  0.90299418088131600               21
  0.82680570043445023               19
   1.2232401149493459               13
   1.0307372383005968               20
  0.95113011055358487               22
   1.0794456873215981               16
   1.0957929795574750               16
  0.67945807151270476               22
   1.1097934412202435               20
  0.99903027579343018               16
   1.0116164635097056               13
  0.94945529093761472               17
  0.96340626799019347               18
  0.63129471631793088               18
  0.72836273014239672               20
  0.76308489764612430               21
  0.81299383803828751               21
  0.87061600063757716               17
  0.67607743320519065               19
  0.72704017428798262               22
  0.95321116741268597               15
  0.93605889248087626               16
  0.87013174071336419               19
  0.74392612856317597               22
  0.74141410945056863               23
  0.82855780648213662               20
  0.80871083993308990               21
  0.59475650845370187               20
  0.90915733770568929               16
  0.87196070739634324               19
  0.91398468783221709               17
  0.89108126706560742               21
  0.87263343936862647               19
  0.80397636035372599               20
  0.87547754506228803               18
   1.1400181516356807               18
   1.1383331642009686               18
   1.0012826307579226               22
   1.1879491126120061               19
   1.2815677837461910               18
   1.0596779901989313               19
   1.1690207678924822               19
   1.2382830729977425               20
   1.0951032933754594               17
   1.3194700343839729               18
   1.0669825551805956               18
   1.0966750623649311               14
   1.1803273369173586               16
   1.1237577702117494               21
   1.1433622362048628               17
   1.2355869762816838               16
   1.1927003645201613               16
  0.96824570568240875               20
  0.96926436090152046               21
   1.0308909793908494               14
  0.90360775452470343               20
  0.86005452600325372               18
  0.93181045686724406               20
  0.65173422550255455               20
  0.79490427496139138               21
  0.96851555888889829               21
  0.92072966312283155               17
  0.76498087914652502               21
  0.88654610549041801               20
   1.0462154882671935               20
  0.78537395066699478               21
  0.77362056842344773               20
  0.75726374417127218               21
  0.87390915068920993               15
  0.92720201834539306               18
  0.63344054352616486               19
  0.66450401714130825               23
  0.80620520889496516               23
  0.86497177452756080               17
  0.95811355260166542               15
  0.51804411542003881               20
  0.79663933565878453               19
  0.95546547688250694               16
   1.0489034291426387               15
  0.54725242307176303               19
  0.73245062043727804               19
   1.0298484658384026               17
  0.89233493970828004               17
   1.1351777224669135               19
   1.1263920631612656               18
  0.91479177687992841               17
   1.0213170290963076               19
   1.0623963183745275               19
  0.87699481270041479               19
   1.1820355341608371               16
  0.88712435385153232               20
  0.97837670243738051               15
  0.92364541046916859               18
   1.2266717874807653               18
   1.0697438377700459               21
  0.93283573326133384               20
   1.0370011831235246               19
   1.0071581781945951               19
   1.1873080638055011               14
  0.97413535281936314               22
   1.1754872478902494               16
   1.0192011525626452               21
  0.91676735361854256               19
  0.80897158912162070               20
  0.89269975229682308               19
  0.61717000949304823               20
   1.1429726834738081               17
  0.92953185694685769               16
   1.1093707965132471               20
  0.64773634559031967               18
  0.68712983392511284               23
  0.82772201820404268               19
  0.94871682674120827               15
  0.99333083045933745               14
  0.82636117715893509               19
  0.70868059134163264               21
  0.89368867137413088               19
  0.65901107961797056               18
  0.90898439316340041               19
  0.42361663220518192               19
  0.95646318634862260               16
  0.58445377029340939               22
  0.34860380326493273               19
  0.47057880126569052               22
  0.77031523574075833               19
  0.97942599905908612               21
  0.70807658670112228               21
  0.98545969861016280               14
  0.84412094513786662               22
  0.59486315146902069               23
  0.38209609330221078               17
  0.98469104130809859               21
  0.98312952867466707               16
  0.97269859022562100               16
  0.48786209910400635               19
  0.97397344667617258               15
   1.0061969494582412               19
  0.73006096327790693               25
   1.1755087004629474               19
   1.0226870888797734               22
   1.0025266296482069               18
   1.2928105884298682               18
  0.92898697796674523               16
  0.96652580532040466               19
   1.1813183159671850               16
  0.96035146891078704               21
   1.3048931126053080               14
  0.66694618357631286               21
   1.1980630478656054               21
   1.1414836194824118               16
  0.58707202547965531               18
   1.0555122126808019               19
   1.2695602282337322               16
   1.2354562204448487               12
   1.3140636057734139               15
  0.97658324013780873               23
   1.1897750082737479               18
  0.59742899658410598               21
  0.78425598448564127               19
  0.55961265026563289               24
  0.72580514765472171               23
  0.77814892078337639               22
  0.82262777754108019               19
  0.89337412030903607               20
  0.81603753400826451               22
  0.86482121512010590               20
  0.84809959190575690               21
  0.65759587779731776               21
  0.79961048401055612               19
  0.70486605570728700               18
  0.61211076147715726               20
  0.91082678199354272               17
  0.80097689187389332               19
  0.71206593079414171               19
  0.90453625727887998               19
  0.97160622211514491               18
  0.55826018307277470               16
  0.80414200056819274               19
  0.89660473959702303               17
  0.76808934524798744               18
  0.60248176120085750               24
  0.47347011194898952               21
  0.65961551348458325               20
  0.85522266945238778               16
   1.1459615076629359               20
  0.83843649433731227               18
  0.80709538208896958               18
  0.79963084825624031               19
   1.0684692582817121               17
   1.1359103724610640               16
   1.0811519207267839               19
   1.0725995726298281               18
   1.1154748727318122               17
   1.2087998047857798               14
   1.2930233247504599               15
  0.95275087008112558               20
   1.3019272801471047               17
   1.0151056351367416               21
   1.2068367432237712               14
   1.2348740401301685               18
   1.0152603027320128               19
   1.1724066709869938               17
   1.1497632787735177               17
  0.77106940952387337               20
  0.98926533148065166               20
   1.0143567462927170               21
  0.98240257616082516               14
  0.81265073643731200               19
  0.93758850585804854               24
  0.92413318556658408               16
  0.72341145731123990               20
  0.87976564314727068               19
   1.1909870843916415               16
  0.71683334698675050               20
   1.0150100076322157               22
  0.85857292934934459               19
  0.90748267911488778               19
  0.44875725503736036               19
  0.53135913324230077               17
   1.0251405663494062               14
   2.9207048349791404E-002          19
  0.95814630227116782               15
  0.42899808037130271               22
  0.93565103836477104               16
  0.42520078290241442               21
  0.57367713240973373               22
  0.78369701330218688               19
  0.75030587146128036               24
  0.80005367569116892               18
   1.0841854132355888               19
   1.0138301685000157               13
  0.58344035073130085               22
  0.55242356854203478               20
  0.95075423115265201               17
  0.52950421274997816               20
  0.75563932152822133               23
  0.68249272286165474               22
  0.80492059104404456               20
   1.2242094881046905               21
   1.0894897911118586               22
  0.89713771387245655               20
  0.96846393371627126               17
   1.2148056109301455               16
   1.2468767366426057               18
   1.3221749577349413               18
   1.1722763062323422               18
   1.2842313245075925               15
   1.1078056312115738               20
  0.99046618625439431               20
   1.2597061438974282               18
  0.97521513295192996               22
   1.1389433621740868               17
   1.0355706007746373               21
  0.96090984687646808               20
  0.87625193594851947               18
  0.69329387867853287               21
  0.97414846126885624               14
  0.70456363850470993               20
   1.0470040741938831               16
  0.60254053757761294               18
  0.73918975926299380               20
  0.80590543483116017               19
   1.0905133468532455               18
  0.51091565753655466               18
  0.83340284169237100               22
  0.76126544044408018               21
  0.65368843308743718               19
  0.80470294209894666               19
  0.80447132837594415               21
  0.62949232553772294               15
  0.38698574358025667               18
  0.78193578789907281               18
  0.37883281456702111               19
  0.40405452064820618               22
  0.76700465727662381               23
  0.67318926945682900               24
  0.69577808739819103               24
  0.56345355159800492               16
  0.76820784147570220               21
  0.72241876217445677               23
  0.53055274128475072               17
  0.92087682966223972               17
  0.70846280204227086               21
  0.87686052494935973               16
   1.0508447840739414               17
   1.0517758458643394               23
  0.66311843057232323               22
   1.0140563635497317               19
  0.96512593123248858               18
   1.0038238730120779               20
   1.2152691032392584               20
   1.2324938813705981               14
  0.97904163729002391               20
   1.1199865392978750               17
   1.1350195363113444               16
   1.0663396621720427               21
  0.91334318499086942               20
   1.0074844305165704               23
  0.98856725616186858               24
   1.2101811656722330               17
  0.68797953444314852               18
   1.0887164736005763               21
  0.58001905022401878               24
   1.0670487201609069               20
   1.0688199500457258               21
  0.63541694912382307               24
  0.63184742988305098               25
   1.0115522179753018               15
  0.84348344449901458               18
  0.48291138229493813               20
  0.67558605506796654               21
  0.84131064851958459               20
  0.60286235811102551               25
  0.93509258318426935               16
  0.89189773332340760               20
  0.94616152551304666               16
  0.78449644689140641               21
  0.96554235436344660               12
  0.82448564362966625               21
  0.69447683964561191               19
  0.36558917717223061               18
  0.35108746679467989               17
  0.90951109307399325               15
  0.71592427596864849               19
  0.56256753608422505               20
  0.61592365195487542               23
  0.65200143994529547               22
  0.59694637744027002               20
  0.83809435075018590               22
  0.65817766467412309               21
  0.80929913112889418               23
  0.57564981139825333               18
   1.0016781110476158               22
  0.73361037959535513               21
  0.98938946017325835               15
  0.82822262259869894               19
  0.77315943164758250               22
   1.1198364090616892               19
   1.0351712283788110               18
  0.70133757857889634               23
   1.2246958863606445               15
   1.0422714394210515               14
  0.98542538635070287               18
   1.0145660992208090               19
   1.2275101031778057               19
   1.1745801963174587               16
  0.87103865416372905               23
  0.81813184812156570               18
   1.1518856054265305               17
   1.1016812914104375               17
  0.91474013399406728               23
  0.98562054554798340               20
   1.2999812413470215               16
  0.96394683903712575               19
  0.58196863911646213               24
  0.87867239813145914               19
  0.91630852854942657               19
   1.0840621494897371               17
  0.59525930888988543               21
   1.0620228469499244               18
  0.87258684283423049               19
  0.42065620048887092               17
  0.79714468797488902               18
  0.82402560421352888               19
  0.96634077889604131               16
  0.95797279277025149               22
  0.71657173208014857               20
  0.90223166628871831               17
  0.43781376037891512               21
  0.53000939799512214               21
  0.53884395649473382               20
  0.72925826691430273               23
  0.48528036798262836               19
  0.67949354368791415               24
  0.31912037572102214               18
  0.41482309409896023               20
  0.76539117598421036               16
  0.47685254488802331               20
  0.65741466386568626               22
  0.70995206144694023               19
  0.53669334916247624               22
  0.92770621643954065               20
  0.66396105684519846               21
  0.87180428979493041               18
   1.2189799731967124               17
  0.97798232686170727               22
   1.0668356811561031               22
  0.97688886238689798               17
  0.64731594462354447               21
  0.85237473504747829               19
   1.1369035420696103               23
   1.2585662867645702               19
  0.96022903860592645               22
   1.1518493706669315               15
  0.84529642209439981               20
  0.74098081869363430               24
   1.0385202382967382               22
   1.1145344916216460               18
   1.2538428519947831               16
   1.0717239317653282               16
   1.1574000060892558               16
  0.99366222250732061               20
  0.94366270757126625               20
   1.1814578091844878               15
  0.86133009906125779               22
  0.85940345358194481               21
  0.99309772672354824               14
   1.0462262054242442               21
  0.76304810475274054               22
  0.75836577370040859               18
  0.75690986958933937               18
  0.90046061446445680               16
  0.47092442885317981               19
  0.41098276558726127               18
  0.78048895720500844               20
   1.0331741459182036               15
  0.90327181110356081               22
  0.85553412693574782               19
  0.35040995669526326               18
  0.45027459308119394               19
  0.46422688794283201               19
  0.60936670957730366               21
  0.60413007105011141               23
  0.75986831313832792               20
  0.68718397601424841               19
  0.42627148033869605               18
  0.89319005544910912               20
  0.74271897195016068               24
  0.83157698160909843               20
  0.87908598300405816               19
  0.77612389519453562               17
   1.0710450888470624               19
  0.52154989268822960               21
   1.0143646490244826               15
   1.1038035046002985               17
  0.93843747841338854               20
  0.59336431886178720               19
   1.0558475182318487               17
  0.74993645217083782               20
   1.1807603466616581               17
  0.95220519696887096               20
   1.1622812209782687               19
  0.85440825721682223               19
   1.1322094750925271               16
  0.88562975073528805               23
   1.2675350982756599               17
  0.82069196479782069               20
  0.91403678197380456               21
   1.0192932316345622               18
  0.97169673693836978               22
  0.80624310956858891               19
   1.0259711919617354               16
  0.64931568570681908               21
   1.0972405341131533               17
  0.96040656960891624               21
  0.84362680651962996               18
  0.97022885953483529               16
   1.1334494817115421               17
  0.58133855620162533               23
  0.44175798885036943               18
  0.12523523430948136               17
  0.93920806096277476               22
  0.74616074640958052               20
  0.76836037162710979               20
  0.71727959636524585               26
  0.63097956752538387               20
  0.85665775389703358               22
  0.74329128698392199               21
  0.87018004385265779               20
  0.29135484767163894               16
  0.71017223551414299               22
  0.47009575188553249               17
  0.91705862337958410               15
  0.77297517142701488               20
  0.51859459657513329               19
  0.25581812614248872               19
  0.66716688070441166               21
   1.0671531259811191               18
  0.94642708827131972               20
  0.65149201850338012               22
  0.94111074659865146               18
  0.74444417539305507               22
  0.91702331177593721               22
  0.63135987175242669               18
  0.61796316186917832               20
  0.49730819801906789               17
   1.1576482096290914               20
  0.81927895497145820               19
  0.78401931865213581               20
  0.68845017768133832               20
  0.90550664701705619               20
   1.1330375141822746               17
  0.82178954793395120               21
  0.86129962009010086               18
   1.2902021241012509               16
   1.3288079653788765               16
   1.1249932569263812               18
   1.1918131248388548               17
   1.1499094579610276               18
  0.99012361555796402               19
  0.71967619593862275               22
   1.0929708162506708               19
  0.77183568540549463               21
  0.72132206075941552               20
   1.0972470953531397               17
  0.94208071260255610               20
  0.99670328623027771               21
   1.2540339403248639               17
  0.33788846162063596               19
  0.81200301649078876               21
  0.64712692106532088               21
  0.77921336794527074               21
  0.88669168012677591               20
  0.66121811673630115               16
  0.73360491191980326               18
  0.26943294637030385               16
  0.49640907863521061               19
  0.73613249181010820               19
  0.61378909331070020               20
  0.62617415662670617               20
  0.66384064418751720               22
  0.44227331911896017               22
  0.42046421312167692               19
  0.33078923665597160               19
  0.10322118507603097               21
  0.60054847075167861               20
  0.54598214277074597               21
  0.62280238647424224               18
  0.40199487050376531               19
   1.0790775204748839               19
  0.56352460889452027               16
  0.95184216040826652               18
  0.95816663360204901               16
  0.97802240277447550               20
   1.0136389109805022               20
   1.0490124938518877               19
  0.85794600795444820               21
  0.89736968303345521               19
  0.87698447568156968               22
  0.80932455395675196               22
   1.1240663933192461               18
  0.87787753701773086               19
  0.71726158115536109               18
   1.1605099994355716               19
   1.0533035143079683               20
  0.92570461361865941               20
  0.99564353300165309               18
   1.0933633771533799               17
  0.78713488914318219               18
  0.91946239638001803               19
  0.86246230068418761               19
  0.77542981079997775               22
  0.71022567783194623               15
  0.85963193675444716               22
  0.52206910716000599               24
  0.69966884585071409               21
  0.91215117206464491               19
  0.84447023004509869               21
  0.73696768084543307               19
  0.83817877557545228               23
  0.67436545293552552               26
  0.18044614442690371               15
  0.72883847164273463               22
  0.31429365515589075               18
  0.45188547629624337               19
  0.44918461150485933               21
  0.75271885229802427               22
  0.31565383811852055               16
  0.51863507680561460               20
  0.40623098797385937               20
  0.58603954955511206               18
  0.52395611564126843               20
  0.31366149052460796               20
  0.35268868397431635               17
  0.75236325381610936               24
  0.55435357156261533               18
  0.75616859197056940               19
  0.81693122974775889               21
  0.57711198018362542               18
  0.45216301079213989               17
  0.70082828307665657               22
  0.70101254845535776               23
  0.65625353338233949               23
   1.0227753985954862               11
  0.46706517677951143               16
  0.95391178828921830               20
   1.0041550069951952               19
  0.74558619917440272               23
  0.72222263320464275               20
   1.1843674338311019               17
  0.61955614517184943               21
  0.67814479018640861               17
   1.1227765129393767               15
  0.82461751510455383               21
  0.86228630785496663               20
  0.82481295288521206               20
   1.0614150031646634               16
   1.0488934537359056               22
  0.79529697750359196               18
  0.86484155593152534               21
  0.86245506484716805               18
  0.81809952396866870               15
  0.82593774555995580               20
  0.93070457512215798               22
  0.70915069752156046               18
   1.0185793215840730               21
  0.23319754919839675               20
  0.49801715101097649               19
  0.51186574990661693               24
   1.1047854419597363               18
  0.67219424955873674               25
  0.91524247167417172               19
  0.41881773457373966               20
  0.58897951245688973               25
  0.75266519037233282               21
  0.64175637204464431               22
  0.49502310731673765               17
  0.15008811634106484               15
  0.52154311571943202               20
  0.37128781120886378               20
  0.57658969819127404               18
  0.93454019847185177               16
  0.69320689463399843               21
  0.21801639556870608               17
  0.39431502318699141               20
  0.82647807929143513               20
  0.42385285387052291               17
  0.57967780772893451               21
  0.84833349445041317               21
  0.45148125765998603               17
  0.57000896685816183               22
  0.97443200478189740               18
   1.0711085894630399               18
  0.77786321922064250               21
   1.0666209806541616               20
   1.0349501442826392               18
  0.73888976938916551               25
  0.82892046325173685               18
  0.78596405860940066               23
   1.0160671276865463               21
  0.86207436944378613               21
  0.66428347234650387               22
  0.97673128022593325               22
   1.1079288482554934               17
   1.0939935131598586               18
  0.81108965372306829               22
  0.98623863594309025               20
   1.1568179980210356               17
   1.0000008800455111               21
  0.76958408576391668               19
  0.84061428395109516               21
   1.1087695087382541               18
  0.30888029199937989               18
  0.74199747201703381               18
  0.84951234686844657               20
   1.1645099499091756               16
  0.63241780010194704               22
   1.1031301478168469               14
  0.60668926538521351               21
  0.54253045192908123               20
  0.80641125364843780               18
  0.51310346702862264               18
  0.71517244908840127               19
  0.54998455110109090               17
  0.33432775465751624               16
  0.72479794727360636               24
  0.47927005227992886               19
  0.41600740437844691               15
  0.50405450600791391               19
  0.66154852710405521               19
  0.14440324799742713               20
  0.64059029984335458               17
  0.67227281891397717               22
  0.36332774705802956               20
  0.54191761530805715               18
  0.35705597961727487               19
  0.20914938314251927               16
  0.79377076189290541               23
  0.38271644441472724               19
  0.61671385861915717               23
  0.74463926884635978               22
  0.94198105396284659               25
  0.35525660259500136               19
   1.0091376686069840               19
  0.83727834350335828               19
  0.66946252004851881               23
  0.42638452196349930               19
   1.0212983943351255               16
  0.81705427457709479               22
  0.85875406637806095               17
   1.2321628960289339               21
  0.67874916563587007               22
  0.99072618139368995               16
  0.91708497366011255               20
  0.84836969823154773               21
  0.76220748339416056               18
  0.91533364030918563               20
   1.0330336919852479               20
  0.94307455126502004               22
  0.93645056008765326               16
  0.83572460127142245               19
   1.1191791307068522               21
  0.73703493150304844               18
  0.64094174554868588               21
  0.57164955675148499               21
  0.90216563032599173               20
  0.44064999838147928               19
  0.63060651644160626               21
  0.94106279483824251               19
  0.54829788576252025               20
  0.63762083417216364               20
  0.56638468816411380               17
  0.61575082518558732               21
  0.95267147560836285               21
  0.34802844249836040               19
  0.42197661994670643               16
  0.63604861985870531               16
  0.26142370804196180               18
  0.38767040014887949               20
  0.60676854923407142               17
  0.70307066106802552               17
  0.47268581315784491               19
  0.53974524047903438               22
  0.34094543546769185               22
  0.80123566866988460               24
  0.38940319514701460               21
  0.60351735042281762               17
  0.80085012823183754               21
  0.62599210476125211               24
  0.43905190842932745               18
  0.46716417983473774               19
  0.60547166083730286               20
  0.68229938801333512               22
  0.73155772326085911               22
  0.67502422432094555               19
  0.83394907013244557               16
  0.75385276581939198               19
  0.77026376508430561               25
  0.96213021044646774               17
  0.49305549407105148               19
  0.32526736955978580               20
  0.79234006445017380               21
  0.96708665629312929               21
  0.94105135784845217               20
   1.0658143760695367               17
  0.90275984514860663               20
  0.62485601175698147               24
  0.42592527200913116               19
  0.68094555897265796               20
   1.0821719899413602               17
  0.98164788480175147               21
   1.0063972500290856               21
  0.52454931397879845               21
  0.80586137407865599               20
  0.73499230011818939               17
  0.69988567428891590               20
  0.41137351544374529               19
  0.43562933786674368               19
  0.50744217491478638               19
  0.45996227016795083               20
  0.62908329727469492               23
  0.65931152142622684               18
  0.41645622273498084               21
  0.69110691364232568               20
  0.59226013132684041               19
  0.52209250267255625               19
  0.24689252079220927               18
   5.3646619835580958E-002          17
  0.37825391346627485               21
  0.28257677241410817               17
  0.64239680452153081               19
  0.36480312729380493               18
  0.38229085634166482               19
  0.44389892663135572               24
  0.26274830553667766               18
  0.24973803948982923               15
  0.29947464293847631               16
  0.90869762717841440               21
  0.34982174086906070               16
  0.76759551956828065               26
  0.67492559104754213               23
  0.70088792085972096               23
  0.61869811371609917               21
  0.89976063451267818               24
  0.32381632266642774               17
  0.73947446454647969               22
  0.39946467921562229               18
   1.0886557937198016               20
  0.87486307771841110               20
  0.80511792395480819               19
   1.3469120559639955               14
  0.73808166275008003               18
  0.89639680653740239               17
   1.2341847911603681               20
   1.0559012912117525               20
  0.96112892648775683               20
   1.0439422131563723               20
  0.97829333832258281               19
   1.0913787344116954               18
  0.44416903798479362               23
  0.92205655099324058               16
  0.65969727215209306               22
  0.71714599168622539               20
  0.88310858651773028               17
  0.72936820374035061               17
   1.0125041468628626               20
  0.70330369224801503               22
  0.37322423902573865               22
  0.70363716232319906               22
   9.8745814702366777E-002          20
  0.88036738715055696               18
  0.61817883794457318               20
  0.45485114122766440               20
  0.55200382757704913               16
  0.54813839442880385               19
  0.17807795750478517               20
  0.51166523785390683               20
  0.57723416284375473               19
  0.28907382802875153               19
   9.0640603487602972E-002          21
  0.49998378513874969               20
  0.65486077379902463               23
  0.20733839542538154               19
  0.71304731926890219               21
  0.67387310515873933               22
  0.52346569162371703               18
  0.38679357576901569               21
  0.33127988946061920               17
  0.70271775942599879               24
  0.56908210068010134               17
  0.82130398341039357               22
  0.92168489555309818               20
  0.27967729035609906               17
  0.59775892062382296               18
  0.65219482533028594               18
  0.64048548506026293               22
  0.92542288852441090               21
  0.89704288706210267               19
  0.78371175337880628               15
  0.98082468897738517               16
  0.71449914989292795               21
  0.61065176626914841               20
  0.64918097717899681               22
  0.94168005168942281               23
   1.0348393480438534               17
  0.90097324993790762               19
  0.92070249921747682               19
  0.87169388958898431               19
  0.79951527502810849               19
  0.91759289806110822               22
  0.70198540808875098               20
  0.86235679351686856               19
  0.98347390681053237               21
  0.71102882946575763               21
  0.87278421121857586               21
  0.79476501614132777               18
  0.37360285382097652               18
  0.58138176109009221               22
  0.36662286166500080               20
  0.49914644876953052               18
  0.53400028484124962               19
  0.58821679746942612               22
  0.34182025924620330               20
  0.24517246005751273               19
  0.21879888131289987               18
  0.73706428054020723               22
  0.70330584768022197               21
  0.22206131273799887               21
  0.16499696931758800               17
  0.52662554424169283               18
  0.35739135111428949               18
  0.27071199629974108               16
  0.67823352861600683               23
  0.48599511952037183               17
  0.56823475550115732               19
  0.32638483437593263               16
  0.19213341316679280               17
  0.27561235215905999               17
  0.77025684896431812               19
  0.74184632433585462               19
  0.46845881693886193               19
  0.31546866097120524               21
  0.50914636883064479               17
  0.43831543460508404               19
  0.82894734232322798               22
  0.90903019931827356               19
  0.77208379443537589               21
  0.68414552004515450               18
  0.97005104651422069               16
  0.74965877921021251               16
  0.91937380058210505               19
  0.84767625171495686               20
  0.96015901637244261               22
   1.1598770485090419               15
  0.95357747387806968               15
  0.66273886607429999               22
  0.65069472109311655               17
  0.78725757380600325               18
  0.75843981144949224               22
   1.0264903205294689               18
  0.82787219950128665               19
  0.85844075687432142               21
  0.89289516284105064               20
  0.53303636093893214               22
  0.57863452691907802               19
  0.78990293132140221               20
  0.60215557173050838               22
  0.70969538403713373               20
  0.86576303627977436               22
  0.56807242730833196               22
  0.57437555307708410               23
  0.73202478526135395               21
  0.61200286249647362               21
  0.58002791062122627               18
  0.16378896998031636               17
  0.15481626922684044               18
  0.60959691385091885               19
  0.70900188734726333               22
  0.44063777376131996               22
  0.43754165509512183               19
  0.11270981980638325               18
  0.32169125048507019               18
  0.49378054588259013               19
  0.54268830356995656               19
  0.24430551518458521               16
  0.18298658471252649               20
  0.30790236592282016               17
  0.66765578623199462               21
  0.47562131170779559               20
  0.92461570194596743               20
  0.53604567357681532               18
  0.68119112226424317               22
  0.94726622616608935               20
  0.94074975959204110               17
   1.0058506531458569               15
  0.73261884022161172               22
  0.75950639830108069               26
  0.80310474826837885               18
  0.96839486123674712               16
  0.88801034549577396               19
  0.98117739575447582               23
  0.60373797107326121               24
   1.0516794017949060               19
  0.90956832186231462               23
  0.79827416075883995               23
  0.50141112349721650               18
   1.1596762574757398               18
  0.77748525731868401               19
   1.0623893373450084               18
   1.0043579678368271               23
  0.64894076247070520               20
  0.87711080181426493               19
  0.67133674104725471               19
  0.71406748542391607               17
  0.39029002766058574               21
  0.38070324500564745               19
  0.58383450407519288               21
  0.42800105383033088               19
  0.62669695297997885               18
  0.77377106789015981               18
  0.39429529064060576               20
  0.69430773283490077               21
  0.48992687035643934               22
  0.28590693066054124               17
  0.20800927598054247               20
  0.59584944100802362               22
  0.50854626409535719               20
  0.29146561118555786               19
  0.39902767463420752               20
  0.52778608239227842               20
  0.37247987016276096               19
  0.13727187527710777               20
  0.52065423618661744               18
  0.60672265871554720               20
  0.35615346592142255               18
  0.35929151850007607               16
  0.50953825135473130               20
  0.25155782432435103               18
  0.64281550080935024               19
  0.27280191801091247               19
  0.57489068351158468               15
  0.34653616254259240               17
  0.74239900581956408               22
  0.35124881186630130               17
  0.73849131657454314               22
  0.53057077860958723               20
  0.86110227214637081               20
  0.90771895162988270               20
  0.67841962264713607               19
   1.0523911435800231               18
  0.86960650881692636               19
  0.71388726405775293               22
  0.97313000545959227               22
  0.91200352622638492               20
  0.99289435707481444               17
  0.89775683159456354               23
  0.60927659251214650               21
  0.84772698082237574               21
  0.65026842921258854               17
  0.86591161360491875               23
  0.95252719023496168               15
  0.50762323099828977               18
  0.64650609576695484               20
  0.28768079203977837               19
  0.54013697156331020               18
  0.26464630052125915               16
  0.53520132005909749               21
  0.44345620870688568               18
  0.63290367648404289               17
  0.77901246063983687               20
  0.66277430715656882               21
  0.39233226362873724               19
  0.48069941005618644               17
   7.9145083551348777E-002          20
  0.43751913602063486               22
   7.4415516982019772E-002          23
  0.21404244223073790               18
  0.41420239319911289               16
  0.18498421796911910               22
   3.3704830070559771E-002          20
  0.30785829936287251               18
  0.57370200952831574               19
  0.32293568908480680               18
  0.27801344983284804               17
  0.20792557142979351               17
  0.18777033248639921               19
  0.82239847613548844               20
  0.52927007476215471               19
  0.23158857642375943               17
  0.59887220107476979               20
  0.40254012115472820               18
  0.57839144909270790               20
  0.68104513969688840               20
  0.63300351463437643               21
  0.72013642471705219               17
  0.55368723242877527               20
  0.66216113740254390               20
  0.50648837620824860               16
  0.72845762587368212               15
  0.84515267272193517               14
  0.61783665130868470               19
  0.95428766706686763               17
  0.96209524955452153               19
  0.97107411747286931               15
  0.97404471443720375               21
  0.85762484064454370               18
  0.92062082635145714               15
  0.79750858266176927               19
  0.68501450790697738               20
  0.77409072756299802               20
  0.71814715964140785               18
  0.59658087742069432               22
  0.84144563192676203               18
  0.90544076560782516               18
  0.63332060859521966               20
  0.67058415770365987               24
  0.77744955911276326               20
  0.67595813510482172               16
  0.49520453562812544               20
  0.85569303654632989               21
  0.76372451461949509               17
  0.32613208761753482               21
  0.10173597137703835               20
  0.18494108012957969               22
   6.7996179031201545E-002          21
   6.5008054978357058E-002          22
  0.38371407855704315               19
  0.37989555303814093               18
  0.53760692544134214               21
   8.3496552235513763E-002          17
  0.57884376469805920               19
  0.37099922628212878               22
  0.39337979679634844               20
  0.34787494379326694               18
   5.8768505301995060E-002          22
  0.47914526983103656               17
  0.17488104109907232               23
  0.42902357486371145               18
  0.47567481675465018               15
  0.47331944154936950               20
  0.58017533116570708               19
  0.44866534715276102               16
  0.33397406785801648               19
  0.30450340437952422               19
  0.88703692782386967               18
  0.47354821974237726               14
  0.47926477175962490               21
  0.78217436912043703               22
  0.88171193752080801               24
  0.77216669378047120               16
  0.65958002724501030               20
  0.88719053878220822               24
   1.0173088807549349               19
  0.85121863109260931               19
  0.81710480353400816               17
  0.89040335699168993               18
  0.53476293870738045               18
  0.60073887640086276               21
  0.86001080817472186               17
  0.83539231081764254               17
  0.82964903794969036               15
  0.38379637678529011               17
   1.0164637168495325               18
  0.84964777272079661               21
  0.83497879089301230               21
  0.94577209112490279               22
  0.26778443333888458               22
  0.91649168394660341               15
  0.69870287273345577               18
  0.95329209765865486               14
  0.62833511092922945               23
  0.41289650959579610               18
  0.53706051954540124               19
  0.56195138240828713               21
  0.41996032568885283               23
  0.54765198735776599               18
  0.37353281926693666               22
  0.13045874998240684               22
  0.14173545106989935               18
  0.14170090298264626               18
  0.16300415840250118               17
  0.18466247752424567               21
  0.21043098292054624               18
  0.28051591056528519               19
   9.2389053725046133E-002          21
  0.30969892993797971               16
  0.38497545178839016               23
  0.22714683325239685               18
  0.40870949560372843               19
  0.59468394395841395               22
  0.57892057632537397               16
  0.31784984991897236               19
  0.66503684192204482               20
  0.24786438823404602               20
  0.68701688761356017               24
  0.62434159974058911               20
  0.58074282101342178               20
  0.46994771738516833               21
  0.62351050413316500               23
  0.83532339382748566               23
  0.76528379153985526               19
   1.1186817028172400               16
  0.86566661854243487               19
  0.79517370449784286               15
   1.0987504556199332               16
  0.37668377543929371               18
  0.92834433626278567               23
  0.83199289813374167               22
  0.92590276575152253               17
  0.88752521367602688               22
  0.91881032387889727               18
  0.96524509756664301               15
  0.75051772134316685               18
  0.65171374775075708               20
  0.53642353814338883               18
   1.1122725263015532               16
  0.22141823645299952               25
  0.67646214956786965               16
  0.78437730093330593               17
  0.44906143255734177               20
  0.32749617557133248               17
  0.59991503888301700               19
  0.64140882732864035               20
  0.35397472028347898               21
  0.42057511884701820               21
  0.51276643963069346               21
  0.23520499285393548               18
  0.18320522952179910               15
  0.40752643050339343               18
  0.46060213047845344               19
  0.25138280008762182               15
  0.14234559673268343               18
  0.19659756639148276               18
  0.38648797632866655               22
  0.16901609382515703               17
  0.69733080899440636               17
  0.34367163898261410               17
  0.58982092874164993               19
  0.81983685786141647               18
  0.47106136249623809               15
  0.15196361474045819               19
  0.37010253025968531               18
  0.49355191329982312               19
  0.68976142831896625               17
  0.83077995826923523               21
  0.68787178346291200               21
  0.31588814084632000               19
  0.71924538193719689               16
  0.80458870421517936               16
  0.79956010679396317               20
  0.85782816496362069               19
  0.90311661248763375               19
  0.72042750795265953               18
  0.61419882687031002               21
  0.88909953096048699               18
  0.55736577039948698               21
  0.80085935240412987               21
  0.65775462537492568               19
  0.85558298040200964               21
  0.92832350743443204               15
  0.95507553162565095               14
  0.57829437874353629               22
  0.58815408629867671               17
  0.69495284912730171               21
  0.76896251424920270               17
  0.49641786033037028               21
  0.27052206005159662               19
  0.59985297230172274               20
  0.46259892730693913               20
  0.72464068274142901               18
  0.25613066528260681               21
  0.69704630999369377               15
   7.8523682148449094E-003          20
  0.50358626686272057               19
  0.31162091429174699               18
  0.56474024570202330               17
  0.33294658407742822               17
  0.45034777789142427               22
  0.52948995533186738               19
  0.23332895161268624               17
  0.16733911123745901               22
  0.61262151792005970               22
  0.21049067247283371               16
  0.32035281736543775               20
  0.49517299261398673               20
  0.18169882922882935               21
  0.14295000223964721               19
  0.40609665523278171               18
  0.29942307640126337               19
  0.24852046558967006               17
  0.33850937686909788               19
  0.79158905916394862               21
  0.53078740804433189               19
  0.40966009101688500               18
  0.84741973343077959               20
  0.34437924477779380               19
  0.60285810802206385               22
   1.0176155003915597               20
  0.60398014936207101               20
  0.39973933556704400               19
  0.88145390551707881               23
  0.81968517076996861               17
  0.48147799405090208               17
  0.88388087971321783               25
  0.94044302010017622               17
  0.95488830469440034               16
  0.72571097322617995               17
  0.90200741794061001               19
  0.89454734556489501               21
   1.0067270210960697               16
  0.67907763289644962               17
  0.30989799193355927               17
  0.52648220992714068               21
  0.60011765414922735               20
  0.62397432633946159               22
  0.68662579054764550               19
  0.73073947406975059               19
  0.47441325275563168               22
  0.26357613227863846               22
  0.54249969678036092               22
  0.62705171128784554               18
  0.66485621304522458               24
  0.62543656580341001               20
  0.14898795240102758               20
  0.60714613719879373               21
  0.19974545643068797               16
  0.13387939380267186               17
  0.26807058394813471               19
  0.10457337158398879               19
  0.29741424267310512               20
  0.37172497172405622               20
  0.20458546873751571               22
  0.47363135427603903               21
  0.30757748842698784               20
  0.55084226537174241               20
  0.57253317892490896               19
  0.34608158147587964               18
  0.24240112533382022               21
  0.32210265223687001               19
  0.35831687339292723               17
  0.33108953754202058               22
  0.58702338264474463               22
  0.24637047999459108               20
  0.11849538503157818               20
  0.64470457546194970               23
  0.22161603328887045               23
  0.56373003905320684               22
  0.75852253890113686               20
  0.81317454734858652               20
  0.82579536901626660               21
  0.99842608489166873               16
  0.94703391255616831               16
  0.81185055191009603               22
  0.56427542525224905               17
  0.97898102413061505               17
  0.57563981186385593               18
  0.32255231999693323               20
  0.96212176312415221               15
  0.78780480067034242               19
  0.81621713014796782               15
  0.85813419973054184               23
  0.54789337039636976               20
  0.68031770407341219               17
  0.69695896844411132               17
  0.55378419399427214               19
  0.54977249033536701               21
  0.82293434742587435               22
  0.72980322631656458               22
  0.29089415990705580               19
  0.47830521683244748               20
  0.72636826865622384               17
  0.30414605105681514               18
  0.47820253236814264               23
  0.37932347876475991               20
  0.22245358406118118               22
  0.48891679094115892               18
  0.54013410050968669               19
  0.46927369115368261               14
  0.26486619088405750               19
  0.54773602477094874               19
  0.17029707677412198               18
  0.49726475271867920               21
   9.5188892773668349E-002          17
  0.19017006850047743               20
  0.10912187344600539               20
  0.44524859831837604               18
  0.65955467725139538               24
  0.10846947329707435               21
  0.41198971512621435               17
  0.30922982986456932               19
  0.62900596111108775               21
  0.41889916653234793               19
  0.30068002299039759               17
  0.58089516500567728               22
  0.37118259713933510               20
  0.33936494807166423               17
  0.73084620407295353               16
   1.0522635458303808               23
  0.77391751295545474               18
  0.51662122539750543               18
  0.87490140690441165               24
  0.79787016855492088               17
  0.74602886162770710               17
  0.99791425943538892               17
  0.84126797299780043               16
  0.60052445079340711               20
  0.58030749567763740               19
  0.95767213389887007               16
  0.83714538723438026               19
  0.93519680512930992               17
  0.73164134621097887               18
  0.63148813897538281               18
  0.93378894225951281               21
  0.45642558843689285               22
  0.53592700555120409               21
   1.0692210075436885               19
  0.28412543370846433               18
  0.30365513239003949               21
  0.46358448480033609               20
  0.35647417498530226               18
   7.6642598221657407E-002          17
  0.39486827705798105               20
  0.46411784091909569               17
  0.70133849515144753               21
  0.35014950720615073               19
  0.63232581173769753               20
  0.40942287153260498               14
  0.11787892689266381               19
  0.25707860620185752               18
  0.22849759738430950               14
  0.39160828677093662               21
  0.34570517774599718               18
  0.41700425888497294               19
  0.16075768694283629               20
  0.23286046029132379               18
  0.41707402689183504               21
  0.16836347609701349               21
  0.50777219526069617               20
  0.11256707344761861               17
  0.51336537876567534               17
  0.11075325539354607               20
  0.52593224436891184               20
  0.14235045163742871               22
  0.27827525403458497               23
  0.42460916583271341               16
  0.58863348067571797               21
  0.61454708263381319               22
  0.36498811506080137               16
  0.79375134319786078               20
  0.69113697791629169               19
  0.70315283606210643               21
  0.97797048076916437               15
  0.92323352192792973               17
  0.94554942148497645               23
  0.74551036915673774               17
  0.85165945931423559               20
  0.92015372976047560               19
  0.82637934914913391               20
  0.63349064105415942               19
  0.73782039165214952               17
  0.72156697259199809               17
  0.80669362365095310               20
  0.81466807602286750               16
  0.83073002286437192               21
  0.82992106182937742               22
  0.76147835686288501               17
  0.81803919681096804               19
  0.76578529191202416               17
  0.44099793580581043               20
  0.56668634934079720               19
  0.12747021068612616               19
  0.48044087779121991               19
  0.37318852249943590               21
  0.29792998233375162               17
  0.78218071009441004               18
  0.45582382370670971               22
  0.54776640196852167               22
  0.24812177862972301               17
  0.29131219347181292               19
  0.48216264495733480               18
  0.53972039217490508               18
  0.35727486088744320               20
  0.20776190112643747               21
  0.51147044878560854               22
  0.50601470101224966               21
  0.30022374933381013               18
  0.50477243324795851               17
  0.74341286157679154               16
  0.43369414274163282               18
  0.29042425664688620               21
  0.32979517952120696               18
  0.47323758732636451               18
  0.55836658172474329               22
  0.93191277657247296               22
  0.22719552333948786               21
  0.89096122249819298               19
  0.93699318675116727               20
  0.66614251977485694               20
  0.89570050694136494               20
  0.72176947116874401               20
  0.77405385626848255               17
  0.77364800076500717               22
  0.87373274331424378               20
  0.91685616045887508               20
   1.0369436869620925               18
  0.73672494802156185               17
  0.99976848718054034               19
  0.88272896870308815               20
  0.96213874983418335               14
  0.92387991269973113               15
  0.83133157040759942               18
  0.78767084987030167               20
   1.0358848310997619               19
  0.80335071180632955               22
  0.87946684567754541               17
  0.41909187865533892               15
  0.70294927618564229               19
  0.99588157753026052               21
  0.58279039941520572               20
  0.82663820011353362               18
  0.90808610602233042               24
  0.78059058325283748               22
  0.42783229184648086               20
  0.61340463090220365               21
  0.57088955695279975               20
  0.21593130423979373               19
  0.36644250588652738               19
  0.44468083035572697               20
  0.20611704837077985               19
  0.25786127027724448               17
  0.57768945516787540               18
  0.15997099094485062               19
  0.24339996098565508               21
   6.1499592972924705E-002          20
  0.34886013656926496               17
  0.32148325012433104               19
  0.39162134579769114               22
  0.22096870767020263               22
  0.21942696675028309               20
  0.40369729501503554               16
  0.43479319246029863               19
  0.45414355626823838               19
  0.56004181971383238               21
  0.49360635429687044               18
  0.31070904641237368               20
  0.95747490753471187               16
  0.67002510505843993               21
  0.92300953849041822               19
  0.53037554884753346               21
  0.90506528998766300               15
  0.92198247959041102               18
  0.94606459667073828               16
  0.60000704831613683               20
  0.74667432162816361               15
  0.81996738740275144               16
  0.52292848437927342               22
  0.78196960782406710               20
  0.94326826498110883               21
  0.83520459274703895               20
  0.96413688346516602               22
  0.92281665734545659               22
  0.71908639300745347               20
  0.91184495653347442               20
  0.73312511148115211               14
  0.87586569474160481               22
  0.71168246745462083               20
  0.94844750374569575               18
  0.53769444106822972               20
  0.79293975463823729               20
  0.50205140036487506               16
  0.38320629739389045               14
  0.75439657035034169               20
  0.29944833902841300               18
  0.43026120966604481               20
  0.57226915644455500               18
  0.25369569280187010               18
  0.28086537611388113               19
   3.2616948588580025E-002          21
  0.18550737120948016               18
  0.68309607140509498               18
  0.49782101201201556               20
  0.28376562018039114               20
  0.21912285072870086               20
  0.27685238343686008               19
  0.45772502177775903               18
  0.27183852649788093               18
  0.51561346290383991               20
  0.25150688002830457               24
  0.39024735101704405               22
  0.43732030303798630               20
  0.61101790845994997               18
  0.44482604596240499               20
  0.16592894919678008               19
  0.65198509900857127               23
  0.85253737870206192               22
  0.54978612974505692               22
  0.85641414832749518               18
  0.61369464889923497               18
  0.44326155336261386               14
   1.0066389499279000               17
  0.52681524308988537               18
  0.96184631874582882               16
  0.70626811965384328               20
  0.93886504647877023               15
   1.0233872356168408               18
  0.87966459214615833               16
  0.95411099161594382               18
  0.98798661421548184               17
   1.0913227387825188               18
  0.87850134265380986               16
  0.95722033304947529               18
  0.79906403237271573               20
  0.71971479428971208               18
  0.71228659276592154               22
  0.87566601993015347               22
  0.88544943560313027               21
  0.65917720431802396               15
  0.65516203341451185               21
  0.73019313593857793               20
  0.51333842933121354               20
  0.67339585186994844               21
  0.94779696850591488               22
  0.48409863839707568               21
  0.50095699055092857               18
  0.37592543947731416               18
  0.13045795465418342               18
  0.70592224280539240               20
  0.40539996844594584               22
  0.23480295669790713               15
  0.42283136180469649               20
  0.39875010457360582               18
  0.35271801192442059               21
  0.37204152579800703               15
  0.49959498639678468               19
  0.72056746823287299               16
  0.48015154723970838               17
  0.23348356502295189               17
  0.98613985431036433               15
  0.45217085418422526               16
  0.52973848472932394               22
  0.59785252312709081               23
  0.37695854388084754               21
  0.52555001093854437               20
  0.64824345308287612               22
  0.33323297366503818               13
  0.23290863812975607               19
  0.64475267488392674               21
  0.86420139100925553               20
  0.66939130923477841               21
  0.91155683852931269               18
  0.86486203072438594               15
  0.84737730096566566               17
  0.61733182798822950               20
   1.1024750013966813               19
  0.87681533024305502               17
  0.78882236866757138               20
  0.93371854346489691               21
  0.93018158908200577               20
  0.67295648315451595               21
  0.91012205146822467               24
  0.45309279809744946               18
  0.76812756556903805               18
  0.73885664404209461               20
  0.43674972014192798               22
  0.63855415878535193               21
  0.50854996749695736               17
  0.66021444085625292               21
  0.49242382545553393               19
   1.0420218233673266               18
  0.79633735425705743               22
  0.85085326164679831               21
  0.75904389285798968               17
  0.69494829583971929               20
  0.57719445374386869               19
  0.29360213719014294               21
  0.39837150033097135               15
  0.33707217897612995               21
  0.34018647167520344               19
  0.62965495969953589               18
  0.37342415573928484               19
  0.13624995834876316               21
  0.18797745040810576               18
  0.42090605274529291               18
  0.30866173179517031               19
  0.41960347696164385               20
  0.43846614014896751               16
  0.76009440755131774               15
   5.2312306086799619E-002          21
  0.62540000524639094               21
  0.27647451284149893               21
  0.28809937574899941               18
  0.29854973178503086               19
  0.63173400135714730               23
  0.80096448842068890               18
  0.60629561485919714               23
  0.89791292667833678               19
  0.71482138511127558               20
  0.96551207796134209               15
  0.65654641015850568               20
  0.68660002186669644               19
  0.88638683818307740               19
  0.84655737452330271               20
  0.76983464413056557               19
  0.78038265434754572               17
  0.99431971196803570               16
  0.90070397000010505               22
   1.1719136035052418               12
  0.89628308014022251               18
  0.62822004392712250               19
  0.88744137071911666               20
  0.84567776477631940               19
   1.1755291530815029               18
  0.85586036550842692               23
  0.56580737029766826               19
  0.99706593959399004               20
  0.84011198943158993               17
  0.81177361141923698               19
  0.49933696836399954               23
  0.52398984083651934               19
  0.45274017944031902               20
  0.66071767452919572               18
  0.90375405124403341               23
  0.84121467847076548               21
  0.73339717833687568               20
  0.86231465842383614               20
  0.16245270020802549               24
  0.36394672490639096               22
  0.50556251339812086               17
  0.10558724920756550               18
  0.18930825625565931               19
  0.65725159722787807               21
  0.47467993473147402               18
  0.36155929591420050               14
  0.69766979659160100               19
  0.64415678336544346               20
  0.19835392804948715               19
  0.51309634995951892               20
  0.61133630472958245               19
  0.73051413455682190               18
  0.53695576986425098               20
  0.83488070947764259               15
  0.58222132730838849               19
  0.76746183647656185               23
  0.61240685029654196               19
  0.69984961067655360               18
  0.67485406527464331               22
  0.72289380273780923               19
  0.75751005993483389               22
  0.56769418463831445               21
  0.98639354670368418               19
  0.84620494314658934               18
  0.78955990682773036               17
  0.50336723373000780               22
  0.95770552662931996               17
  0.90529621323555554               20
  0.96142981553261886               19
  0.94970652558714930               18
  0.92643745581319514               20
  0.91875681730789471               15
  0.88989452044012496               22
   1.0413565784264600               18
  0.99077888844851547               21
  0.96920428736655984               19
  0.94100166594990609               22
  0.86240577255777096               21
  0.52958834429854273               18
  0.48903897423018583               17
  0.80181869897978408               16
  0.69870280291307174               18
  0.28556172125704221               23
  0.81229289319588838               23
  0.96776872581306006               18
  0.36830979351324172               19
  0.58248266094688395               18
  0.59009798203828012               21
  0.19971242956813762               21
  0.52319476754809058               19
  0.40463083387348275               21
  0.67826489165830184               14
  0.65998835809096845               20
  0.35630479718783375               15
  0.52275125991970783               18
  0.44019063474963560               21
  0.73521074400240971               16
  0.61008394466092419               21
  0.96659935495545590               16
  0.68281335986383707               17
  0.68232806684992475               22
  0.75204218768528253               18
   1.1357526983485420               15
  0.45888192207180123               15
  0.53028104781106966               20
  0.66542211276009589               16
  0.57139409130558894               20
  0.85861768642912861               19
  0.64717483579599000               22
  0.77735881799711148               19
  0.85945407280340491               22
  0.44141775884493700               21
  0.99045984718427449               14
  0.79063040147830421               22
  0.69498475970391393               17
  0.81545274022288472               22
  0.68949158925302612               18
  0.98684271612827612               22
  0.99636877189282858               15
   1.0168603024478731               21
  0.99442718897172788               14
  0.85299776633696622               19
   1.0146896875891060               13
  0.79136292367662919               17
  0.68255878010884863               22
  0.60568444302607627               19
   1.0833798319353831               19
   1.1240769100133348               17
  0.89445649804537741               20
  0.65134268219421454               22
  0.48596692659187474               20
  0.76040941527904582               18
   1.1387436772935211               17
  0.66186026376887375               18
  0.46394033482799601               20
  0.88455034669217603               25
  0.58861039744638288               17
  0.59208089344079740               20
  0.25942368909001690               18
  0.59829531666936919               20
  0.57984789946923887               19
  0.54242905761516014               20
  0.12949955747788300               16
  0.41837504900581701               22
  0.57742700898520827               17
  0.73183602933448855               24
  0.42925255589531053               21
  0.21220047724435215               18
  0.85465877988817551               19
  0.17525085278983174               21
  0.93362691678439580               18
  0.64917474158105370               22
  0.70270799807781614               18
  0.30003227791756454               17
  0.64573820990948272               17
  0.17066528189667310               19
  0.92458141232360203               19
  0.74803266538244195               25
  0.52765948295551202               21
  0.85857244506237906               22
  0.66313280927355289               18
   1.0486161246683128               21
  0.98847293356304122               18
  0.87338341335056924               20
  0.95568656334817503               23
   1.0609149720437494               13
  0.91055085456719020               22
  0.87268540350968427               24
  0.73597855786581146               19
  0.81852233651663853               21
  0.88201437976864605               19
  0.97245872703213798               17
  0.98858975221491385               21
  0.91560664701860439               17
   1.1529634833688855               21
   1.0384849469904980               15
   1.1715738571329053               20
  0.92840344991294854               19
  0.70305032166239190               22
  0.61294805627007143               16
  0.91135401079150469               16
  0.82443708613374556               20
  0.61067552624460775               21
   1.1149294601022779               18
  0.78904476242339405               20
  0.88956489741566980               20
  0.66924895798367079               17
  0.41868715467451439               22
  0.85278037885447489               23
  0.33004413362876284               21
  0.32619613227662747               19
   8.5857549666887800E-002          22
  0.43515521172243316               19
  0.38147817507539394               19
  0.58426589561634890               18
  0.77985328865916481               14
  0.93614636934682771               21
  0.66107669176599237               19
  0.49908149963495824               20
  0.47846934032314004               17
  0.56194631185096544               19
  0.90879355201986656               21
  0.63096045967620629               19
  0.87251597930247848               16
  0.82650125509255445               17
  0.85090034319641550               19
  0.47684704158629815               20
  0.44083322803469976               19
  0.53252747848542259               18
  0.25663664727075386               18
  0.77686818313769168               16
  0.93844886025184016               23
   1.1860873821163751               16
   1.1826556961689831               17
  0.81569734385090120               22
  0.72740163722964013               22
   1.0291121353578865               15
   1.1251320056611827               16
  0.87720992418636989               22
  0.89878701223628565               18
  0.93158082304591572               21
  0.98623640774802679               14
   1.0391755328304542               19
   1.0479955416097042               19
   1.0768488059388122               16
  0.77707950743705101               20
  0.96730323077574099               17
  0.48561608988642502               22
  0.62925691585882071               22
  0.92805020289442863               20
  0.80600064637537938               19
  0.97135444133208682               19
  0.57775372519058199               21
  0.73533348271942300               19
  0.72165402191232808               19
  0.90208678820874610               21
  0.46821255602244649               18
  0.33336886753528794               20
  0.64308943534014473               19
  0.24408163768493774               22
  0.87224174034130431               18
  0.45732263123652050               18
  0.51294177220544579               18
  0.83595288161346681               18
  0.44805497155760238               18
  0.55321986861192918               17
  0.77841149427428635               18
  0.91721094208553444               17
  0.49426363773030946               18
   7.4938904781612845E-002          19
  0.58751194886117708               19
  0.24772286634413990               21
  0.29757431201848356               17
  0.55211984041977558               20
  0.47505377746465244               19
  0.72259616104098878               19
  0.72394965688999457               24
  0.85009105915584893               20
   1.1202617108139081               17
  0.97411522861951405               16
   1.0465722429590814               22
  0.89073716200557929               22
  0.96150269420048950               19
   1.0211458271334037               23
   1.2428865010605130               17
  0.97903487045679483               22
  0.94263358239986550               23
   1.1109076135028155               18
   1.0383506685209201               21
   1.2218885936382580               17
  0.96054518453941840               18
  0.93905615214348170               17
  0.81441600645702883               17
   1.0839101965750768               20
  0.61218261086876813               21
  0.87059223361119720               22
  0.99535185341827359               22
   1.0267039206677138               19
  0.52177779136858260               21
  0.41746798233397003               20
  0.79569557238152944               17
  0.69637194983801309               18
  0.82047212562134442               22
  0.77900710824799657               22
  0.59811577487216949               20
  0.53538797500810942               20
  0.78444320586342475               20
  0.83517258027437768               16
  0.48336711947050254               18
  0.50657428354837497               16
  0.67563223584441834               22
  0.71609861441781963               22
  0.90664173967591077               16
  0.64927192474294448               20
  0.57873395030468033               23
  0.56080580420351933               19
  0.66065166824628063               17
  0.92773717316441873               16
  0.61731219367702472               21
  0.80381712462585431               17
  0.60953733967068224               19
  0.76204239856838107               21
  0.71500170203507385               16
  0.90067624355106246               20
  0.81858222173214956               17
  0.44785638682865042               19
  0.79747396092017209               23
  0.82791302099570419               18
  0.96470681074426801               23
  0.56656343609691717               17
  0.66414167918800815               17
   1.2078522615790150               14
  0.83039355842756624               18
  0.96949110601684751               22
  0.83836992373111763               21
   1.2258421664705690               17
   1.0897657355196673               18
   1.0022148462520688               22
  0.66856169829658374               22
   1.1019211258757444               17
   1.0368980316804315               19
   1.0203226159169234               23
  0.86993366322028420               22
  0.87486790276359971               22
  0.77425127069903887               18
  0.91316810305983487               20
  0.63181856989084662               19
  0.94638324570595722               20
  0.98407689290690814               23
  0.77947544221461185               18
  0.77490249085707852               21
  0.55739081135570601               21
  0.51449407989074536               15
   1.0869442902303381               18
  0.66975699283750012               15
  0.80382826697169862               19
  0.87989611923159061               18
  0.74926576330053163               24
  0.61149710420927417               17
  0.40447786657312074               21
  0.59883802122038654               20
   1.0607433784343538               23
  0.78181316853644345               22
  0.73286502447600776               16
  0.33109261654411781               20
  0.38203599593600729               23
  0.82499636273447130               16
  0.95118868965951198               19
  0.73593453458816993               18
  0.90351253805544018               18
  0.87812810113109641               18
  0.69098578433932056               17
  0.95957027444977994               22
  0.38148855592241077               18
  0.59749682170692120               20
  0.56484718927925903               20
  0.75887617752930359               20
  0.61455771002026527               20
  0.82772754663293080               18
   1.1178433320239700               19
   1.2201403156097421               15
  0.64187754886445147               19
  0.75055814236329355               23
   1.0631799826926720               21
   1.0851416202111792               16
   1.0266026121401335               22
   1.0483538347590424               13
  0.91344024813483671               20
   1.0067235505389320               16
  0.88886588090189445               19
  0.95632693378543721               18
  0.92620679271283701               15
  0.76069819795308402               20
   1.2396899508374306               14
  0.81706663978582472               16
  0.89640704746052524               20
   1.0108740521283448               19
  0.74056576543624975               21
  0.97375166664639878               19
   1.0735168346012229               18
  0.73954913084116192               22
  0.93446252434050681               22
   1.1964448961426168               18
  0.99155271941852918               19
  0.56394447832869754               18
  0.88513339170454897               24
  0.54530540038946662               20
   1.0238771111592599               16
  0.65083912753386530               17
  0.96897045531282588               16
  0.77005216330783133               16
  0.89499125938176394               17
  0.21056028106403590               18
  0.66631730002456691               19
   1.0006183281643835               14
  0.74524927714105282               18
  0.54153373259900950               21
  0.86055322595525063               15
  0.60639076103059786               20
  0.82747478507543226               20
  0.47832114828503269               19
  0.22334657655716053               20
  0.40485081572773957               18
  0.97102717964002405               19
  0.82988277300428326               19
  0.99062291194066843               18
  0.90056316910963574               21
  0.74537931908219746               21
  0.89557244386817880               22
  0.73236945700358491               23
  0.59414406111760731               20
  0.94365500697869475               19
  0.65746560504472140               20
  0.83144365897990946               21
   1.0086463779807171               22
   1.2958308356260446               19
  0.87636840268883986               19
  0.95024081144475980               19
  0.99607225005518718               19
   1.1390070146442546               17
  0.95787780669951939               19
  0.87922502793353718               17
   1.0870040369285714               18
   1.1235270588965052               20
   1.2009737255204254               20
  0.98919741473160738               16
   1.0997112130795903               16
   1.2432698079560114               18
  0.47122107340795893               19
  0.98853413044482541               20
   1.1161843757802743               16
  0.88061707460696037               22
  0.95761810316989404               25
   1.0287201161255164               19
   1.0237770592124393               22
  0.65309052476115037               20
   1.0490164450312705               21
  0.83793592963911323               17
  0.97417363305188387               16
  0.60852875498169301               22
  0.90668532710024918               18
  0.97483137561145350               18
  0.62189626968839917               21
  0.55586191066519131               14
  0.92935493762232924               17
  0.26491283152508632               19
  0.37193643711939889               19
   1.0146720065119870               15
  0.80188016721635369               17
  0.84639557923391417               16
  0.51616896051059935               18
  0.46960953007890771               21
  0.87721321728733626               17
  0.95781620740664053               16
  0.37549183405498288               15
  0.84884540391051466               19
  0.81517564690635747               24
  0.78874880352381804               18
   1.0979106173865449               18
  0.67033372654269108               19
   1.3433605785197034               14
   1.0374265526965498               24
   1.1035731193234855               21
  0.90471483215187876               21
  0.82251435430693520               21
   1.2511437805423331               17
  0.83771610961574694               19
  0.99071850410968276               21
   1.0698904460089991               20
  0.77583883518659869               23
   1.0001539645888058               21
  0.94396028722627667               22
   1.2377650682613994               18
  0.96579163832724124               24
   1.0166759072341982               19
  0.83887902176423113               20
   1.1310193354760985               17
  0.91193261329879860               21
   1.2757813028262162               15
   1.1937106927024226               16
  0.66487001984554872               18
  0.85910121035475173               22
   1.0440438294880297               19
   1.0402339194504979               20
  0.85423734397517614               23
  0.61489743940525676               18
  0.83003549968802215               20
  0.83878369714007517               15
  0.97181162167272117               18
  0.49764196375313202               18
  0.87567761576152692               18
  0.39067461902978912               21
  0.95936636942701925               16
  0.65886545558169085               17
  0.59889026773913290               20
  0.89976384737470649               20
  0.77321254132569162               15
  0.45687218678769254               16
  0.62197934841728897               19
  0.90642842776346932               14
  0.79895751561276651               17
  0.45960685834789888               16
  0.67116742289905018               18
  0.97118687544136162               22
  0.65475100529979202               21
  0.97116068241222286               21
   1.1547960306058425               18
  0.81919886157340860               22
  0.60971903947762141               22
   1.0021889299643147               21
   1.0498126050071521               18
   1.0830640854260114               19
  0.73245732247617779               18
   1.1671309744330542               17
   1.0981444182452913               22
   1.2127257156346589               20
   1.1930559966347776               15
  0.69355355020079723               21
   1.2161368591933677               14
   1.2133053001984588               18
  0.86630120480580108               22
   1.0474991805263787               21
  0.77396138195589514               19
   1.0682723131033816               20
   1.3194741197581763               14
   1.0172037985161724               17
  0.85616194501642917               22
  0.79414873268707831               20
   1.0437052038516743               18
   1.0191287739326222               20
   1.0837929852890091               20
   1.0820428246670932               20
   1.0489940283271306               19
  0.86169242310614524               25
  0.97124722416504283               14
  0.80931263909729589               15
   1.0789822879983413               19
  0.82617299758781026               18
  0.54445548024617429               17
  0.71144353120749537               16
  0.85681660731906695               20
  0.90766306048098400               16
  0.39988338504043208               18
  0.80262434843557806               18
  0.68098346553055911               20
   1.1745221302086675               17
  0.78557432557667606               18
  0.35222993005333431               17
  0.68166607741812790               19
  0.79631560419653280               19
  0.66912762612797050               17
   1.0402439025760923               16
  0.94444136717779903               15
  0.95490129112752997               23
  0.81160274266485433               20
  0.95921190704909265               22
  0.92783005796234264               22
  0.97664197020774968               23
  0.47046904178748555               21
  0.94117773645038461               18
  0.56802208741568605               18
   1.2387990197864298               20
  0.94002225232995562               17
   1.1610666955673314               15
   1.0510289872608758               19
   1.0081723636489497               25
   1.1152487873210282               18
   1.0746817152875630               19
   1.0380621301363009               18
   1.2379676481910853               20
   1.1120109813394501               18
   1.2409612152583829               16
   1.1042372818929245               16
   1.1395138589825597               17
  0.75756410426321952               22
   1.1901951758650327               17
   1.2059133754110110               15
  0.91155286303505989               23
  0.97907093673795287               20
   1.0361638853746127               17
  0.91358259208754522               18
   1.2417764027954479               17
  0.69932666254890141               17
  0.99915430787478088               22
  0.69392022414205823               18
  0.93490701714291535               17
  0.59699781850115008               20
   1.0369629852243571               21
  0.82013001548087983               18
  0.78172199621858507               17
  0.71249934608366139               18
  0.63003191342859510               20
  0.73936907563426257               17
   1.1367837301480221               15
  0.62882490064515018               18
  0.84291406271696190               17
  0.96055404714922266               15
  0.72715813370291116               20
  0.81911484075488661               16
  0.89089128771736747               17
  0.88263927745731674               20
   1.0893632791612975               20
  0.52908882704714655               22
  0.79743080808310762               21
  0.89099644344125506               14
   1.0244570685413825               18
  0.68072586443926364               19
  0.95687412498011071               18
   1.0350665657309639               21
  0.88178823136603424               18
   1.1476976010715609               16
   1.0042596440682010               23
   1.2080026961515979               16
   1.2964108541929504               17
   1.1214402722695602               21
   1.2354475111669401               16
   1.0857068159516188               19
   1.1682674949172402               16
   1.0951619199490732               19
   1.0091571158092476               17
   1.0628289600641152               16
  0.97325554883390120               19
   1.0370869998573271               23
   1.0947786546880529               18
   1.2714560982956118               17
  0.73690846234318486               16
  0.78992655093717479               21
   1.1685160470989524               16
   1.0724714057337108               21
  0.72988460359261731               21
  0.94100717116779375               16
   1.2912563557538039               16
   1.0252717996165703               14
  0.90634232237139190               21
   1.1042942858877358               22
  0.95229143033722730               17
  0.80444117590654385               18
  0.96037164991853496               16
  0.86275403915609583               19
  0.57707046967608122               19
  0.75714284098159690               17
  0.85418194672796355               20
  0.54733242013621608               18
  0.58218887465850044               17
  0.74095338073768502               17
   1.0543476287344291               16
   1.0035050587314123               14
  0.93056495154025920               17
  0.51660134588464668               20
  0.95710631245920474               17
  0.55054330289459541               20
  0.68882107292934724               22
  0.72021383194928479               15
   1.0969313792914688               19
   1.0095901549882420               19
   1.0384701706021811               22
   1.0109534270056086               20
  0.79855268046348171               22
  0.88014207015214707               15
  0.67849192048698037               21
  0.83695560037112660               14
   1.2073447673805078               15
   1.1433489932897725               18
   1.0448765392614667               21
  0.97950376566215014               23
   1.1891660362623158               19
  0.58150261552085170               22
   1.0265682884811689               19
   1.0838434104510120               20
   1.1542071988125095               15
   1.1890933800927497               21
   1.2019617616608034               18
   1.1573307595755629               16
  0.79020059545692745               20
   1.2792224594664048               19
   1.1000597953198308               16
   1.3253567901659482               17
  0.90848569562469272               18
   1.2516353179459669               16
  0.89077716363958537               17
   1.0139674611958549               17
  0.99485807453559449               23
  0.89988352041952313               22
  0.94749775654401280               20
  0.90017557207437648               18
  0.93622767584893907               17
  0.96558949345318079               24
  0.91037788841009315               23
  0.93126293996451659               16
  0.72003662304095672               16
  0.74248746923529485               16
  0.81667737964303766               17
  0.85056506464203718               18
  0.98072613837799905               16
  0.73414058114831193               14
   1.0115506743391129               14
   1.0927497803391617               18
  0.95478535068677350               18
  0.94071658937715708               14
  0.77438427698661316               18
  0.87474492141303561               16
  0.99991485863947405               19
   1.1262829903441518               17
  0.81176725569570995               23
   1.0293836068555999               14
  0.58318208997127807               19
  0.94517428682665450               19
  0.68848247383089400               20
  0.89237605921299301               21
   1.2869608563225259               15
  0.93422824936790705               22
   1.3149540444700565               15
  0.73232870107581538               21
   1.2396685525190052               16
   1.2789178755145572               19
   1.2316609236284970               19
   1.0827513564155409               20
   1.2423854912741967               16
   1.1560131239850500               18
   1.2073113209240576               17
   1.2248488756640292               15
   1.1041065303507309               16
   1.0702620754408521               17
   1.0492530469520875               17
   1.0811336987654161               19
  0.69781913079199764               18
  0.91791517456027683               19
   1.2868722282705802               16
  0.94059647863219109               21
  0.95267603377023757               16
   1.1509964219886950               15
   1.1433360492159941               16
  0.93225302086901551               18
  0.66098996133707211               21
  0.78542379728188028               16
  0.92420224688265862               21
  0.78339509111788230               18
  0.82259080091865899               17
  0.88485781744188430               19
  0.87487340850069073               19
  0.88926883597048001               23
   1.0346396940049192               21
  0.74882510929674784               18
  0.96996731816329285               17
  0.86871751028592037               17
  0.94573907019496828               15
  0.77721432342134134               18
  0.58139053076269687               24
  0.84719831883370877               17
  0.99649202391489555               12
  0.78540685813721844               18
  0.60340007128431727               20
  0.64416050472524300               20
  0.94041269558858986               17
  0.96473197570810687               20
  0.78086008508391802               19
  0.91693931076793811               18
  0.89437429835285509               19
   1.0921978025815491               22
   1.0303978332617187               23
   1.2867666169683516               17
   1.1043946986808946               22
   1.1261448135077050               18
  0.91126393507692072               21
   1.1218467439950834               20
   1.0411374609725963               21
   1.0540158235425305               21
   1.3102373916484640               16
   1.2416466820006580               16
   1.3340753399363106               14
  0.70793681580290246               19
  0.97314173780338342               23
   1.1696177275230366               13
   1.0642924452501747               16
  0.96476941625305590               24
   1.1907005843770735               18
  0.93776429041809706               23
  0.98826851693376316               14
   1.1380240424892456               17
  0.87617022489111529               20
   1.0241672763624827               17
  0.98181408677606263               15
  0.97846376746996144               22
  0.99456458192310027               15
  0.82577440744325448               24
  0.89035862041220637               19
  0.95783861502413259               18
   1.1975231995956848               17
  0.33444320664919008               22
   2.7913127683480601E-002          22
  0.92164192976016224               23
  0.97991671531179592               16
  0.99474378332217728               17
  0.94866333704190220               22
  0.68694950811458710               19
  0.84192229742170088               16
   1.0520530828390364               17
  0.66587796994215998               18
  0.22226018580588686               16
  0.71905870848685516               21
  0.92832407458210087               16
  0.88029350762860192               17
   1.2121324514077074               20
  0.78993135097819700               18
  0.63862130581511001               20
   1.0470341009705157               22
  0.76133343824226596               18
   1.0087450474297655               17
  0.99406158407292555               15
  0.69478331187528930               17
  0.92346821803078039               20
   1.1225569060710350               18
   1.1789075750148341               17
   1.0521495827756466               23
   1.0648891798827920               15
   1.1172933094720290               19
   1.1312569668815116               17
   1.0620603332796688               18
  0.49850178327805578               19
