  0.98456911957800219               16
   1.2374076301335204               16
   1.3335875266820971               11
   1.0402494520809962               18
  0.82687971901217938               23
   1.0021856214909690               19
   1.0456281208625227               20
   1.1280234437146446               15
  0.50543161631389877               18
  0.90610770345791969               21
   1.1140720322227371               19
  0.88209055797050595               19
  0.89932880226812639               22
  0.97975415022965895               20
  0.74670935476649836               18
  0.73007940882025690               19
  0.77329280103380360               17
  0.97334169666701664               18
  0.87565402060438280               16
  0.99456871824975424               15
  0.67082517712564194               19
  0.48921148158693384               18
  0.80988629939823931               19
  0.61590851637761135               22
  0.94191841356458428               18
  0.87872149571033997               19
  0.77320508355445061               18
  0.95262906663597735               18
  0.95457304832811751               21
  0.78941577002712426               16
   1.1488422242141503               13
  0.72341744153540644               17
   1.1082039325281410               20
  0.86820550205588631               19
  0.54603183860157434               23
  0.86520856463462736               22
  0.38647590921247815               19
  0.86261735986899324               18
  0.80771953639251803               22
  0.97017629906501957               22
  0.95215687936719584               17
  0.65337789891063980               18
   1.2302739612872200               15
   1.0431481996133729               17
   1.0445456467680956               18
   1.2022104811679299               21
  0.80832299781911898               23
  0.82866339287217416               22
  0.99134475183122439               17
   1.0717701068349659               17
   1.2166018444625215               20
   1.0943090243696778               15
   1.2754162675655749               16
   1.1328752268116047               19
  0.87345349257262150               19
  0.82299927240762472               18
   1.2352631612517875               16
  0.96399830338029102               20
   1.0083088859426044               17
   1.0903009467707907               15
   1.0597377323734405               17
  0.74669350113173605               21
   1.1286632519308375               19
  0.96024801850457930               16
   1.0157286462514172               15
  0.92607848207563759               19
   1.0219838723463053               19
  0.63289547876075603               20
  0.74085671551719290               19
  0.78725073184174232               18
  0.79785249199377895               18
  0.94259810137330102               21
  0.68866895781855497               22
  0.87162606949136845               16
  0.92049738834270489               19
  0.97584994870171216               15
  0.91048642575132521               18
  0.67029177907150772               21
  0.80453738775734585               18
  0.95674086201244857               22
  0.85999609981115099               16
  0.62820852691156592               19
  0.96599094004338182               18
  0.92355917820333311               18
  0.89926593671194399               17
  0.93585621507084515               19
  0.89420260335609969               22
  0.87996026457563048               21
  0.90144839479520311               21
   1.1760119018404047               21
   1.1281134721843638               15
   1.0461161905433218               16
   1.2001722602275482               15
   1.2873709164684779               17
   1.0243147136550774               18
   1.1771310236315842               22
   1.2170345893069829               16
   1.1214086056756867               22
   1.2888256295176632               20
   1.1149707237317956               16
   1.1108613630173605               16
   1.1643546107902762               19
   1.2163216745514280               19
   1.1184482763464791               16
   1.2458939322846361               17
   1.1693587726507522               17
   1.0075041877332747               17
  0.93225908835934213               18
   1.0206372500593808               18
  0.97174943208709719               19
  0.86632849485713970               20
   1.0470750101508459               17
  0.66178067439824950               19
  0.87459558161027184               21
  0.90216726208920761               18
  0.94944623363887726               16
  0.72469296504288716               19
  0.89119699419893594               15
  0.98842370325922613               19
  0.77330433552681233               19
  0.83180868453131029               17
  0.80787095782833496               24
  0.88290887805977680               22
  0.95733336931721957               16
  0.63458408928078947               18
  0.68951010335214535               17
  0.82349543937527814               22
  0.84667733488598651               16
  0.91725240555045351               15
  0.50526436894581084               20
  0.83317269257858795               20
  0.96797986238295985               15
   1.0721538943551654               15
  0.56697869759445751               20
  0.77497526805886929               18
   1.0752554165672543               18
  0.87899521439383765               19
   1.1065997049729008               20
   1.0770962867538547               16
  0.91242019347708392               20
  0.96504470474513004               18
   1.0800167227823796               15
  0.97933943995678729               20
   1.1759016759848595               17
  0.95221910748795868               16
   1.0371781205087598               17
  0.92533020292061030               18
   1.2427502516753752               17
   1.0484115462577965               18
  0.99228725523241390               20
   1.0494187492969744               19
   1.0885639718830964               19
   1.1565136547129395               18
  0.93750382832201706               17
   1.1167161566132711               19
   1.0596171552628144               17
  0.91302214041533980               19
  0.81266618936047952               18
  0.89183305547405889               20
  0.66024216159729665               17
   1.0454225609174939               20
  0.96179468366035814               18
   1.0900684833099517               19
  0.65559574176553792               22
  0.66584277003934766               23
  0.87663485597223378               19
  0.95161674438418320               16
  0.93870862571587066               18
  0.92697490243297809               14
  0.71958905072659984               18
  0.86159867918380162               20
  0.67576682704229885               22
  0.90813847994324493               17
  0.49168434530450394               23
  0.97133859841434855               15
  0.59457421121055076               22
  0.34135163158758097               19
  0.56321240059651179               24
  0.78569019019476283               20
  0.98742879919762372               21
  0.61272634761116329               22
  0.88896300960286523               22
  0.82944297838224323               20
  0.65381896242278104               19
  0.38720659975963417               19
  0.97439860556343461               20
   1.0071351083415279               16
  0.97596602665624876               16
  0.47165610543019476               22
  0.95263684483734812               20
  0.92565290513075327               20
  0.80589094218573409               19
   1.1566427834376436               18
  0.97480007168780702               19
   1.0176152423730656               15
   1.2527680348962140               20
  0.94959092744200635               21
  0.90067192938957630               18
   1.1457842647261764               15
   1.0144835731276558               19
   1.2709463959204164               17
  0.65375356764411729               21
   1.1758319322175668               22
   1.1587530434646336               19
  0.60985526663721301               20
   1.0530904337711784               21
   1.2520045783971412               16
   1.1724281348566652               18
   1.3159531619920524               15
  0.94985995761192543               18
   1.1469537515226724               20
  0.59959437220445355               21
  0.83079922738885714               21
  0.59918207700404791               21
  0.82800794378294473               18
  0.80036113924923180               21
  0.80048306448704842               20
  0.93756972375841674               22
  0.86578959793360744               16
  0.80141094585715877               17
  0.82475826554284415               21
  0.64236321423941289               19
  0.81383008458592521               17
  0.73117742928661478               19
  0.58230234413472370               21
  0.90182459365375411               20
  0.77338745372878859               20
  0.71732250410743592               21
  0.92913360374652088               16
  0.98421804509019339               15
  0.49382787199320044               24
  0.75866610581999028               21
  0.92436498118659760               17
  0.80294448301202903               20
  0.66751887836703738               16
  0.58636646027098738               21
  0.64875092910492738               19
  0.92110341899156467               19
   1.1275619570968622               16
  0.78896708136646154               18
  0.80236255302741732               24
  0.84997633978808906               21
   1.1074285088478764               19
   1.1754166711808851               20
  0.99488507602898824               18
   1.0840214162511232               14
   1.0737522261467036               18
   1.2466120267085534               18
   1.2890663568119691               19
  0.96783847179261218               19
   1.2518752278318710               15
   1.0556631388445150               16
   1.1972046504706515               18
   1.1975071471691574               17
  0.99656521619918059               20
   1.1212454681034092               18
   1.2295609733869959               20
  0.72887210728237994               22
  0.90401496326533226               17
   1.0219095150487993               15
   1.0533075075003802               15
  0.81219541339184609               17
  0.92896269347661597               17
  0.88882433544647688               22
  0.70603451367785741               19
  0.87702993406746654               18
   1.1949908545376169               14
  0.73570882047913644               20
  0.95890660055406118               21
  0.83141865574267093               16
  0.95586473052447918               17
  0.38642213777972623               19
  0.54907879202583099               19
   1.0066849333577763               17
   5.7487685856047986E-002          14
  0.96194710683639917               16
  0.44935018212945621               20
   1.0665106469996841               21
  0.45991202371409279               26
  0.62267532879258813               17
  0.76664843086880230               20
  0.73644509806830627               20
  0.76235412695132798               17
   1.0629833471502661               16
   1.0062853563207088               18
  0.56625463139402643               25
  0.64463912978633020               18
   1.0077058034730713               15
  0.54736979226575455               18
  0.74468261492347332               16
  0.65674372930206226               19
  0.81536451680053912               20
   1.1941655963724278               23
   1.1029909197798256               18
  0.90665978133562553               17
  0.90330489242299683               20
   1.2293538503722963               21
   1.3005358486336245               18
   1.3285921524056179               15
   1.1570764943359468               19
   1.2723442063373314               16
   1.0946546839216300               18
   1.0717312066876092               20
   1.2050702917602989               21
  0.92193873247965241               19
   1.1209725985856429               19
   1.0912900882692413               21
  0.99067917947658457               19
  0.92060511164477055               17
  0.76966943918643349               19
  0.98843180031012612               16
  0.68747110387770527               21
   1.0494672576104929               18
  0.67972627856692114               23
  0.69497296645576567               22
  0.70641078762327114               22
   1.0876808940094960               17
  0.53922493434153618               18
  0.75938757009669333               19
  0.70532843202646223               18
  0.70533994583990922               16
  0.82907877910781580               15
  0.71028751214538111               20
  0.61552431605371427               23
  0.41778635579455758               20
  0.72761181845277911               17
  0.36212901091101851               20
  0.42674148285840463               19
  0.76191668909899202               18
  0.73086524751993542               20
  0.76315391139657807               19
  0.55932356845177367               17
  0.77175577664066319               19
  0.75974465689583537               18
  0.59153261598364448               20
  0.91947690630375589               21
  0.66204679216388040               18
  0.84196713564421954               22
   1.1386990037108797               19
  0.95630033665721847               17
  0.61005772554578619               16
   1.0175634607006656               19
  0.92762631437026200               16
  0.98756681732648677               17
   1.2484213610591544               21
   1.3111394607043882               17
   1.0035645623408249               17
   1.0985065458955003               19
   1.0652744497791575               20
   1.1235631100060990               18
  0.95075563793334772               20
   1.0610678805461176               20
   1.0478912936698401               21
   1.2297413493420788               17
  0.69733231011168206               20
   1.0982259312968603               17
  0.58391135618882806               22
   1.0224366027273728               17
   1.0253680288903675               17
  0.56527619604471946               21
  0.65236870141245240               24
   1.0878817569196724               15
  0.87941533467168453               19
  0.57360629547862818               19
  0.69701759052722256               20
  0.81123749455313321               18
  0.58522419625517974               22
  0.92383752397643359               17
  0.91487927779177780               15
  0.94572847841997398               15
  0.75980034820079168               20
  0.94884930520394817               16
  0.86878585279828735               16
  0.65596053764126372               21
  0.40362407302336306               19
  0.32379038401371490               19
  0.97280167339147183               18
  0.63518812293148730               18
  0.52770541095659562               22
  0.67108539031405889               18
  0.70426843141462758               19
  0.53110759187738632               20
  0.86558470169871660               21
  0.64173745735067933               19
  0.78390855993191988               16
  0.56875520457332218               23
   1.0260337103304653               18
  0.68330498273933837               18
  0.94937199746547118               21
  0.86763439522838892               21
  0.83824800841974012               19
   1.0968830907764289               19
   1.0373959263241523               19
  0.73387284040254008               19
   1.2156591175894966               19
  0.97834866514343211               19
   1.0806630157693877               18
   1.0011726862625778               15
   1.1925270167466582               17
   1.1825477030131817               16
  0.93298848541263979               20
  0.87329500080101374               17
   1.0898206159220936               16
   1.1046667726835553               17
  0.85328309415208936               18
  0.95266036017159350               18
   1.2818535756464058               16
  0.99146992992021399               15
  0.57293041031986014               21
  0.86475586753564460               19
  0.85682692793141779               18
   1.1029647578259358               16
  0.63783578576007893               19
   1.0379216467855708               23
  0.78975634247886073               20
  0.44675971840724588               23
  0.77393064723697103               15
  0.82485817430665731               20
  0.98661161719897073               20
  0.92051127952848155               18
  0.73449994481258507               18
  0.82905864698883813               17
  0.51822962078499468               20
  0.52220991790748217               22
  0.53304901972884944               22
  0.76253185437472781               18
  0.47787244737840023               24
  0.63196547579259543               16
  0.33417569161839583               18
  0.48588467600376439               22
  0.73841826189550297               22
  0.45127778671134861               16
  0.61805940107834823               17
  0.60973157861649541               19
  0.47076702313636848               23
  0.92811680661815665               18
  0.60580127230113812               22
  0.84274388122488120               19
   1.1619038328363211               19
  0.87589108946360139               22
   1.1878009488872856               17
  0.98069449264373854               19
  0.67171290013222040               17
  0.88554116428978114               19
   1.1379977353672814               20
   1.2634470272248914               15
   1.0032212156871434               19
   1.1351805002702522               15
  0.95218330341687019               20
  0.81421240725488675               22
  0.99782977811924745               19
   1.2218147660207994               16
   1.2891301245833624               16
   1.0589759357618413               16
   1.1208279814643616               19
   1.0385764207587400               20
  0.99786465256752988               21
   1.2943810416901389               15
  0.79307533973675082               16
  0.84893040300297029               19
  0.98428920500224115               16
  0.99569774446727521               17
  0.77422144714403296               20
  0.72106831059669529               20
  0.76469837888860193               16
  0.91219170282126816               18
  0.44895496711375782               18
  0.44097742418425084               19
  0.81389662006099095               20
   1.0371055752388667               13
  0.81835357822021315               23
  0.86924640882407400               20
  0.43122627466485214               18
  0.38680554976161557               19
  0.51551217944183814               24
  0.60688221544748921               18
  0.60923470986271944               20
  0.82534562281007950               20
  0.72285489242809964               17
  0.46297418475677737               22
  0.93172537098273234               16
  0.75567116017742153               18
  0.77555709232675163               17
  0.90387716532206008               19
  0.76122051346894604               21
   1.0603619732576623               21
  0.52573383556541120               21
  0.92241492465847130               24
   1.0935119759516490               15
  0.91280691420550986               21
  0.57013160451155176               23
   1.0448451934139857               13
  0.71346179746358351               21
   1.2137378485165682               14
  0.95275154818364927               18
   1.1535677626207812               16
  0.86402622920669270               21
   1.0519373527027387               20
  0.89510397831188471               21
   1.2464850474454185               16
  0.83494613373836180               21
  0.89172645685888197               19
  0.99534422307394099               15
  0.96565133558772420               20
  0.75508999642822983               18
   1.0607058601450723               17
  0.69276870398384183               17
   1.0173602975083238               19
  0.95460534748380421               17
  0.91139094811250088               19
  0.93857422193879381               16
   1.1600546715414968               18
  0.54633262823785256               21
  0.43234635758643086               20
  0.23645355153423808               20
  0.88866733738027992               20
  0.78559736139553282               23
  0.64528634816593178               21
  0.61365538561671262               24
  0.55435497857316429               21
  0.85276385083625394               21
  0.75206695504090659               19
  0.80357517522395483               18
  0.31711529438479996               18
  0.75001655497043962               18
  0.40459020605069596               21
  0.88678616690515544               18
  0.76589825361263542               21
  0.53075927503518894               21
  0.26551906271990111               18
  0.69208314833572571               21
   1.0403557653808500               21
  0.92358350959553071               20
  0.70653791207351424               17
  0.88147511092843256               23
  0.79092068383866254               22
  0.85412506152781320               19
  0.58027041519472222               22
  0.60921782210152275               21
  0.51462158704231487               20
   1.1396039649526029               18
  0.78261897956969617               22
  0.83731231056170063               19
  0.70951658577035714               18
  0.90151634098898870               25
   1.0629238239340684               16
  0.88188347348406726               20
  0.90499345260014119               23
   1.2064502161545667               21
   1.3158936689558549               15
   1.1252261343252619               16
   1.1676966349178188               13
   1.1763397162155935               18
   1.0844156973013896               17
  0.78354116629772941               21
   1.0757575183654686               19
  0.70178470081932498               19
  0.85875149707895126               19
   1.1196716335196120               16
  0.90494807124467358               18
  0.98363459535790432               18
   1.1977958393105246               15
  0.34180317921325104               23
  0.81380590255006202               20
  0.60398358272645691               23
  0.72034050343882683               21
  0.91668500709503586               17
  0.66824852084757036               21
  0.79168410266365763               21
  0.29011792186168295               21
  0.49690730234269759               18
  0.70664340122173108               21
  0.58808869917768980               19
  0.63390783855062416               18
  0.72045717084631988               19
  0.46164596757927423               23
  0.45460566010158837               24
  0.24563318364951958               22
  0.10274604573497238               15
  0.57993511947607890               20
  0.52248299250362185               18
  0.63603198519796289               19
  0.41052371383006142               20
   1.0237452594703562               16
  0.55333963052368940               22
  0.90587655709662451               20
  0.90833594565033915               22
  0.98007991889220292               16
   1.0396062412126827               19
  0.92377009545202193               20
  0.81817696040782650               20
  0.94082812498032120               18
  0.85707930351816264               19
  0.79932340553988812               19
   1.1343345499381108               17
  0.82996480201274858               19
  0.73704126372817791               18
   1.1479152148486302               19
   1.1150812214809207               19
  0.90677986351453377               20
   1.0224445210368127               20
   1.1773911495912852               12
  0.77217307822018322               19
  0.88565384296110150               19
  0.90541853562202435               19
  0.88683226790587977               17
  0.77095932503433284               19
  0.85169636371135493               19
  0.53076939857884320               19
  0.77817184862914468               21
  0.87149181477027793               20
  0.86158625559412949               20
  0.72674879141968418               17
  0.87037082998992399               22
  0.63433217099254602               21
  0.31065464337185467               20
  0.75270424248448242               21
  0.32938961716384196               16
  0.46691094436813302               20
  0.49941690046002202               21
  0.76829061573005331               21
  0.38834806152173629               16
  0.54121713660670301               21
  0.40066330884587487               18
  0.58842166615940450               23
  0.60753419036140754               23
  0.32083731890543060               19
  0.36760539942147069               21
  0.76921528111635917               19
  0.51477650747223891               18
  0.73469112464587893               19
  0.73218077639121737               18
  0.57040684623311422               19
  0.48165556652388158               20
  0.71008666139998644               18
  0.70413837544685276               20
  0.69850843082047409               21
  0.96304504695906479               21
  0.48911569018536943               21
  0.88707403858893630               21
   1.0879518820776928               18
  0.73868369321041760               20
  0.73210604938874269               22
   1.2324431791827861               19
  0.60541294778676225               21
  0.68301737989640787               18
   1.1055897501448255               18
  0.81825359975439516               19
  0.86079468523768488               21
  0.83181287746538346               21
   1.0383193307452756               19
   1.1207880587380605               22
  0.80822341723931301               18
  0.86969107647505250               19
  0.95374599152153727               19
  0.74183600411195161               19
  0.86545186698917875               19
  0.95302333481015622               20
  0.63055619914877026               18
  0.98436230006279868               20
  0.27189650421025124               17
  0.46244460857958952               19
  0.55462422993240146               20
   1.1513178540321996               15
  0.62091390874682395               20
  0.84875488514507735               21
  0.37443491275464585               20
  0.58741816965644689               20
  0.78973512707871873               19
  0.68922345614198577               22
  0.42360627914121096               18
  0.23724794140076683               21
  0.49304880332584000               25
  0.32339474931508794               20
  0.54947010490282633               21
  0.85281250358823057               20
  0.73628323084478420               18
  0.20710523465223918               22
  0.30655679462391622               18
  0.81027757459163086               19
  0.47413202058950460               19
  0.43249663978020708               19
  0.79575567648285661               19
  0.50743514851170801               25
  0.61939770222182633               18
  0.95250242157591103               18
   1.0225052490679718               19
  0.77291933042883354               22
   1.0532582770876964               16
  0.98802517511354482               23
  0.64723857627783876               18
  0.85474590970026965               19
  0.86275585886614270               21
  0.97439388496061852               18
  0.77577678768411629               23
  0.67341806260146497               17
   1.0331568653580154               17
   1.1200251295254067               19
   1.0426722173757732               16
  0.83355856245997872               22
  0.99695278598507042               18
   1.2100139970243009               12
  0.97706138072613724               19
  0.72593585588996878               21
  0.90187575554687716               20
   1.0228593837056266               16
  0.37461556770403703               19
  0.68034410016547220               17
  0.81111515321886740               22
   1.1382472218779185               18
  0.68892568821983025               21
   1.0711030578096097               16
  0.61376381763338450               21
  0.60544164320918381               25
  0.81439018775644489               21
  0.53573250059119859               22
  0.69119236340356704               18
  0.48889176764343345               18
  0.36041973799430593               19
  0.70565251594939593               18
  0.44776818280029823               18
  0.36585051758513248               19
  0.52960658833033558               23
  0.65796461251867622               20
  0.15667179689785479               13
  0.58857849957561259               20
  0.69355376941496671               20
  0.29145570297565226               20
  0.54493387716310659               23
  0.33565792833937375               18
  0.22733279087031547               19
  0.86762016992436652               17
  0.41599796702451042               20
  0.54670174475848210               22
  0.75859497842143098               18
  0.87811936316552208               20
  0.42739638202275954               22
   1.0316101160971340               17
  0.73240713740462382               21
  0.66892188141287778               21
  0.41349688304106785               21
   1.0331641406125669               20
  0.84561945598643118               17
  0.81125965537628808               23
   1.2017977146439918               19
  0.65638497074846081               18
  0.98445543913023470               17
  0.95993085228894370               17
  0.85944915277748934               21
  0.73995203004986376               21
  0.93359091122368387               19
  0.98728363038537026               16
  0.95280739242729728               21
  0.99498386036743325               19
  0.87973432741846835               19
   1.0904131251240563               18
  0.67997102949593624               21
  0.68457907444584531               20
  0.55337623744259434               21
  0.93242284793918107               18
  0.42921473718597186               20
  0.60144666897129873               20
  0.89332725993547490               22
  0.59202202292749095               22
  0.61746373701107227               20
  0.55257448505619999               20
  0.58050297250427241               20
  0.85958843192403067               20
  0.37609324072712064               22
  0.42082179731858377               22
  0.62796254263686568               21
  0.29263782621465806               19
  0.41675789005625163               20
  0.53724474578158399               22
  0.70257209500036022               21
  0.41932348987446016               22
  0.47011299908925230               21
  0.39162188645968032               21
  0.82991406986482852               20
  0.47936045018627949               19
  0.52981212634019004               22
  0.76114867153259946               16
  0.64791135648185738               19
  0.41019176403965951               22
  0.44155483317039623               22
  0.55372471245940968               18
  0.67261617310825250               17
  0.73044356334346605               19
  0.73326185739443572               17
  0.87204826505478739               17
  0.78219539461985532               23
  0.77051397171887925               21
  0.96081211815170853               21
  0.50265347635692226               22
  0.38074993894215170               20
  0.83932312675334364               23
  0.95309274733759897               15
  0.98521319475947844               18
   1.0843278846141029               17
  0.85369633604709005               24
  0.72204790380077666               21
  0.45352523647294851               18
  0.79650844332675008               19
   1.0803617294272585               17
  0.97253217739633724               18
   1.0349309489855469               19
  0.53579967297960718               21
  0.81022603439696061               21
  0.67996354724368480               14
  0.77348884302664145               19
  0.38469860181917775               24
  0.49665909126173763               22
  0.40264688482386013               22
  0.52209431004142015               20
  0.57670759779936920               22
  0.66616590861449954               21
  0.38026032296970880               17
  0.63247139539535580               20
  0.53141595982061662               20
  0.51632604018484540               17
  0.24868708723722074               19
  0.10776590418647541               19
  0.38149850141244163               21
  0.24467473652076510               21
  0.51960176628695798               21
  0.40250387687986744               21
  0.41119939636094593               19
  0.40750879444499027               21
  0.25474148129598162               16
  0.21973634296952571               16
  0.34980430079718949               20
  0.84864676355213353               20
  0.32337825089462169               19
  0.69327042259005378               20
  0.64545125667017456               21
  0.58749046524997417               18
  0.54866211738288673               18
  0.91694927818717686               22
  0.36151287933864357               17
  0.65136999385620842               20
  0.43295224109388547               21
  0.96215964981824287               17
  0.86853360206640173               20
  0.81019951071675533               19
   1.3081750950653062               14
  0.80606041656254102               20
  0.83729293950434647               18
   1.2486393008676697               21
   1.0748079325448845               14
  0.95045333601165438               15
   1.0125439772445783               19
  0.99480951454552602               20
   1.1158100806288689               15
  0.46260270896932387               21
  0.84618753488917309               20
  0.61323285743538236               20
  0.74192179502044631               22
  0.84876509243625753               15
  0.74947147093251754               22
   1.0183197780581421               19
  0.74407554673731080               22
  0.35197150574040970               22
  0.63119905496323725               19
  0.15293900981087871               17
  0.82469556462847404               18
  0.65983940937299790               20
  0.43670177447421021               19
  0.61800361169194995               22
  0.47592408130616004               22
  0.22446206924858350               17
  0.52205831149666260               20
  0.52944434676417806               20
  0.27577223841329129               19
  0.12713408185860950               16
  0.50798525333000544               19
  0.61760804640642331               19
  0.14845644009689987               17
  0.69808942852804856               21
  0.64728383677969692               20
  0.52494425527995148               23
  0.43524621935634855               20
  0.33871317342657875               16
  0.73979069840543743               20
  0.53227064111449018               17
  0.89898585091726435               24
  0.88177876807476108               16
  0.31805430958401482               18
  0.58178452763155641               17
  0.68186741991026223               18
  0.60450607896161812               19
  0.90662133569891989               19
  0.87509304635106788               22
  0.75867846788977833               24
  0.97172236832943681               15
  0.69910252644516446               19
  0.63987227039548467               21
  0.61169283016949927               17
  0.90674427701986027               18
   1.0095529390006168               16
  0.88468222157717047               22
  0.92967445278735450               22
  0.87947046789788397               21
  0.74105899549751075               18
  0.94458988507093955               17
  0.72372094260269615               21
  0.84242437910997992               18
  0.91565690966022240               22
  0.68782859424930831               21
  0.82764190818601635               18
  0.75749468895976679               20
  0.37058817952533191               20
  0.54316001986907614               22
  0.39365499397991327               22
  0.44643754287574244               22
  0.47613197987650363               22
  0.63199462288344810               23
  0.37911554280959348               18
  0.29791594116641723               20
  0.19650294016657907               18
  0.66091855540849076               20
  0.66565310410863676               20
  0.18146470292640582               18
  0.22879284482454512               21
  0.54512684073500006               18
  0.37160481070372542               20
  0.25713620192827136               20
  0.59496971652087238               19
  0.40240011242771312               17
  0.51500763827482088               22
  0.33690657440112337               24
  0.13016869369806849               20
  0.26502262037823526               23
  0.80897334282760103               22
  0.66351071232281389               22
  0.45233708472120499               21
  0.27810209178659662               20
  0.48765958285551120               23
  0.39645896644321332               19
  0.80543943252686212               18
  0.91328055108937933               23
  0.75736391142117576               18
  0.75070835922630086               20
  0.96415889397355170               15
  0.69375977000605937               20
  0.93978571842025238               21
  0.91139108584456108               16
  0.93529389733274948               23
   1.1587831783216009               16
  0.92088440837496122               20
  0.66784612093234930               19
  0.66630357277110719               21
  0.78996566778278920               19
  0.77121142860394953               20
   1.0219175275648560               20
  0.82883601677234298               21
  0.81960160830027551               20
  0.94003734194121746               16
  0.46129287515948647               17
  0.64995675968319877               21
  0.78235987584914812               19
  0.57288483179208105               19
  0.66931053216742842               21
  0.88443268088754434               19
  0.56104856969808947               17
  0.52987487353184315               21
  0.66490208821249774               20
  0.60733962363263994               20
  0.47371616718268666               19
  0.17512436274183307               20
  0.14641895481235623               16
  0.54698628737158606               22
  0.70131676997128223               18
  0.40057732650576083               19
  0.44492415147914510               22
   8.2204683938245912E-002          17
  0.32095928390387668               18
  0.50601688826350744               18
  0.49434043519291765               23
  0.24013396675610346               19
  0.19787981967136237               16
  0.26264700354800291               21
  0.66517626533913876               18
  0.48780226540292315               18
  0.92890630478097347               24
  0.58863329594045699               22
  0.64534433921712875               19
  0.96284307049165629               15
  0.96266788726129615               17
  0.99323810836159221               16
  0.78901608699315384               24
  0.78429080438617071               18
  0.75608521261855322               22
  0.96662045801756835               13
  0.77048672357586678               19
   1.0388323443110459               18
  0.63803076799720648               17
   1.0337307400747031               15
  0.89581337193811605               20
  0.76654958301445808               18
  0.55002742025251739               24
   1.2351732716231663               13
  0.74968544535092752               19
  0.96251852852578224               25
  0.96064654682054362               19
  0.63719607733007400               16
  0.94061946863950696               18
  0.73228899731267683               17
  0.75260287585283914               17
  0.42745859946818349               23
  0.40300354065549049               22
  0.56271210551523965               21
  0.33641823695389239               20
  0.62327918036165331               20
  0.73718149037933922               20
  0.39939064243891736               19
  0.69966458260049080               21
  0.44381244726590363               18
  0.28530420235570486               19
  0.21622531707010195               17
  0.50289616157590400               20
  0.57211489372070878               18
  0.26392694303289771               19
  0.37751769335971874               21
  0.41908250848166601               20
  0.34222872308617103               18
  0.12738431184975837               17
  0.43549348215758671               20
  0.62495737848380151               16
  0.35598404933661298               19
  0.37728002081593753               25
  0.54528002004083476               22
  0.31490835183058058               16
  0.62047372236452414               19
  0.26658372236975109               20
  0.58789246595582423               18
  0.46795689133269408               18
  0.67562174961244981               19
  0.33596136144708499               18
  0.72434658913585315               18
  0.54841625656486281               18
  0.86996029805232111               22
  0.90482513069931059               13
  0.72096701886824710               20
   1.0470848511862250               18
  0.85749177257465781               25
  0.65274924008552748               20
  0.95844345840224954               19
  0.93986670844099995               18
  0.97821559376678024               16
  0.88361698222762686               21
  0.60742078350405460               16
  0.84110983081717849               18
  0.72902094016783980               18
  0.78725806961010847               18
  0.93700556418852587               18
  0.48980922299006541               19
  0.65154448695748746               18
  0.28374229542851320               21
  0.55840457793154286               18
  0.30569002843766191               23
  0.53392471947172060               16
  0.35134600463550186               22
  0.54130925164647969               18
  0.79106943050125889               16
  0.63250324111511125               24
  0.30725273513750412               19
  0.47514177932089768               19
   6.9687313610396748E-002          18
  0.45677187571308248               20
  0.13401917406395786               18
  0.20586971650730770               18
  0.42801116815838103               19
  0.18112411392679187               19
   5.0507435675597644E-002          18
  0.26198950052403408               17
  0.56352964923359583               20
  0.30320995490095187               20
  0.27687671377156670               22
  0.23047112417591331               20
  0.19806865171341279               19
  0.82674695275097854               18
  0.46256136926995106               21
  0.28326473628790960               20
  0.55687520552539105               20
  0.41207317324300685               18
  0.59050268275718820               17
  0.65105662960085275               19
  0.53404059213024180               17
  0.71185437626488868               21
  0.50828687196768751               19
  0.60968088597358061               20
  0.50737429221797292               18
  0.71944943444252385               18
  0.78058630908150284               23
  0.62680158078541082               23
  0.94925709272344516               16
  0.97356232781597818               16
  0.88204541615015253               20
  0.94293164656418349               17
  0.86263109484922795               22
  0.94373657130004873               18
  0.85996697534681943               20
  0.65643268593999793               16
  0.73182430243853391               20
  0.74063414894867730               21
  0.55365295994780195               20
  0.88469530093030058               21
  0.92259397729999126               19
  0.64237262453362487               18
  0.69692076216853560               17
  0.74609352627895753               15
  0.62806105699440196               22
  0.48238387502406616               18
  0.85822841191821952               16
  0.69183376378824057               18
  0.32273938748641956               17
  0.10198535834631509               15
  0.17472407225282177               20
  0.18043039965731936               18
   3.0677298702979836E-002          17
  0.29008499978955343               24
  0.40603434342817357               19
  0.53384536110230585               20
  0.19420484633774304               18
  0.61962104690360464               21
  0.31777755538921931               19
  0.30301953320787800               17
  0.35386452347139125               21
   6.5043576863327804E-002          15
  0.41360852516319496               18
  0.12954260461178363               19
  0.37858904369740792               19
  0.43505217557549591               23
  0.40488187645696849               22
  0.48090755720478617               21
  0.43161278214691307               27
  0.31654962090277006               18
  0.35801811622278445               23
  0.89264435785610952               16
  0.45668077807499530               20
  0.45308766740817763               21
  0.81886578835120816               24
  0.89117469062937549               16
  0.82376293927901878               19
  0.60293800828055510               20
  0.82254972043712005               18
   1.0176210813879261               16
  0.83609456364341039               15
  0.77345423511571809               21
  0.91114339309457271               19
  0.57772996609329541               21
  0.55236369212839853               16
  0.85187684926453255               20
  0.75135334953244992               19
  0.82597571725773700               19
  0.34825128818047901               23
  0.99815221659604925               19
  0.77051994912086930               20
  0.86199711828345094               19
  0.94289292720229179               20
  0.26595876998717133               20
  0.92220750095319448               15
  0.67208447568485630               20
  0.96981110715281016               18
  0.61778058715973949               24
  0.40975406846933016               22
  0.48449202969773919               20
  0.53752332637184419               22
  0.40016777705707679               21
  0.50309184007414198               21
  0.39125586072091773               18
  0.10732745242995474               16
  0.16651191182658948               20
  0.13046820818274960               20
  0.11647268118646681               16
  0.18436576277895347               16
  0.25551698705607234               22
  0.26589054629142422               20
   8.3314188753426995E-003          17
  0.26587728128563831               18
  0.33460554741305604               19
  0.24978656952547318               17
  0.40248048327525554               21
  0.59566467718569049               15
  0.45453484472472466               19
  0.40429270708913256               23
  0.56767597642212098               20
  0.37742038102656167               25
  0.62981710606440633               19
  0.59260317018127617               21
  0.54739153052955658               20
  0.46274981894092454               20
  0.63894716859032752               16
  0.82463354895768437               19
  0.77458015575181094               19
   1.0812695149931524               14
  0.81737342966577353               21
  0.78100360352208609               20
  0.99942572889961190               18
  0.53770589210354447               20
   1.0298911441915377               20
  0.90762294693297607               15
  0.96462202303186850               16
  0.74475777462334092               17
  0.89500377637792861               16
  0.96278942217097674               18
  0.79983912321910855               18
  0.69834235423362845               19
  0.56827241825171582               15
   1.0798534642086450               15
  0.21778267544849797               19
  0.64002519052645901               24
  0.79430686669818518               19
  0.49425432982691675               19
  0.27595395397141786               20
  0.60259679190532545               19
  0.59200089329635430               25
  0.39548836624750733               19
  0.36776150513948774               20
  0.51315611382522996               17
  0.25172254605346356               18
  0.21116397371334786               22
  0.43693543537962115               17
  0.44181690120646799               18
  0.24281222479438427               20
  0.18838390178103989               19
  0.21361482595239759               17
  0.37129701749159322               18
  0.21444593189881381               20
  0.60974616454703023               17
  0.32318427357357166               23
  0.55635901622233408               22
  0.74789479062975373               20
  0.48376523231919338               23
  0.10328511593134769               18
  0.44294117068099692               26
  0.44958468423160075               19
  0.65083337001654873               17
  0.80918108816698375               19
  0.67118479130921294               20
  0.31338770669725419               19
  0.72807767343490715               22
  0.90983240406768018               14
  0.81218652765259980               22
  0.83918766337801320               25
  0.83839770149785509               19
  0.74152591012705749               21
  0.61670617167848396               19
  0.94006593997407939               17
  0.59840190378186808               21
  0.88171729934681065               20
  0.69886540441179146               19
  0.83399107582534815               15
  0.95968879130546880               18
  0.95452580344805171               17
  0.59621105210437442               17
  0.61774586287992583               22
  0.65021745649972695               15
  0.79597951493944885               18
  0.45906601393535768               19
  0.33477766059785091               23
  0.53479754494780640               21
  0.48779646338842614               19
  0.73309076493809811               20
  0.23107421563864095               18
  0.65113348066059451               22
   5.7470964322035696E-002          20
  0.43192039685215333               19
  0.30673202353272794               21
  0.51531625020986438               20
  0.33437253009339279               23
  0.46609772663635207               18
  0.49390412606307454               19
  0.20953458730267183               21
  0.15889210453224167               17
  0.63642704988308063               19
  0.24318653021677664               23
  0.26872026454837900               25
  0.44881051076189465               17
  0.14371973922340062               20
  0.11160448756021220               17
  0.47532356498024170               23
  0.32400315895435067               20
  0.22231713828588937               18
  0.32293426807749642               19
  0.66964180572650422               20
  0.45271144539282238               23
  0.36086689637667796               19
  0.83264936127636402               24
  0.29982186398383953               17
  0.57182693969872056               18
  0.97803883203854070               21
  0.56856655202483963               16
  0.45102815535333440               24
  0.88736323374288939               17
  0.75926752089272587               21
  0.52624914602676054               20
  0.85749483670426863               15
  0.95608896941053789               16
  0.96160817862202230               15
  0.75477044644379010               17
  0.85057682905751453               18
   1.0170593514579773               19
  0.99332820813341893               17
  0.63669619945769540               18
  0.28484548171712964               23
  0.58881989318508199               16
  0.60304273843558920               21
  0.65053836767982054               17
  0.62430091160959822               16
  0.68919503596762732               14
  0.42516616810898522               18
  0.25053485350393534               18
  0.56480399390780511               19
  0.57733684321721457               21
  0.59858578575647703               21
  0.57489192550219992               17
  0.18604272498068444               19
  0.59792072751463232               16
  0.16678261750401022               19
  0.10217653593186601               16
  0.26599474021790848               18
   5.9602834679243086E-002          18
  0.23514104326583624               19
  0.33047562329259950               23
  0.19215502289569109               20
  0.46638281882272781               22
  0.28051717471251025               20
  0.47437431513980433               21
  0.48896651257715912               18
  0.33804037328749331               19
  0.22158920292946380               18
  0.21487375910492321               20
  0.36593380632869799               19
  0.27056168441223466               21
  0.56470528449511914               16
  0.28887753146512285               17
  0.18211406509429531               18
  0.61840662753960507               19
  0.19924466578009808               18
  0.57769737087547302               20
  0.71517304875974241               19
  0.73528578653422816               18
  0.75355099908925527               20
  0.92164137586667083               19
  0.95060289077083504               13
  0.78243049962811151               19
  0.56500519865034404               22
  0.96107639633551301               18
  0.68935338432261506               20
  0.35051764053849693               17
  0.93151592116916615               18
  0.74694767446313293               19
  0.88035945531907067               21
  0.79848815407027018               16
  0.54914224710827420               23
  0.73211357571385349               21
  0.68819516468422404               20
  0.63645021959510117               17
  0.52525730538074511               19
  0.83676080360522931               15
  0.70884709675753510               18
  0.34014445198062565               23
  0.55338739142404203               18
  0.79174676885114315               17
  0.28285293301107584               22
  0.42084052854559001               17
  0.30150271848419835               23
  0.20108002846078446               26
  0.48282017360383434               20
  0.49653286774166122               19
  0.40242037243768264               20
  0.27171499637707464               25
  0.41250631579665820               20
  0.14571993468408453               16
  0.44339432231537951               16
  0.10749572505829746               19
  0.14157729379855180               20
   9.7191305994373894E-002          20
  0.45936269999981311               16
  0.48434456011726401               23
  0.15311349414056052               17
  0.41667437441009758               19
  0.36832615635683758               18
  0.56384137474917506               19
  0.37711705188028216               25
  0.33513912655712674               20
  0.55240777886918302               21
  0.36872229298375420               19
  0.37520206141000678               19
  0.66593455490146369               22
   1.0433522170758827               15
  0.78380653326053884               23
  0.56977641759755360               20
  0.86314717351065673               17
  0.83570434659752990               20
  0.76894906830137633               23
  0.94142163855065297               19
  0.79048918292672876               19
  0.61634405577840812               20
  0.62787053183184793               21
  0.96984989708790093               16
  0.90072098795868150               18
  0.94423072603663927               17
  0.69722571458594329               23
  0.70343763866762432               22
  0.89954611901296144               20
  0.45005982627346186               21
  0.53093116562792420               23
   1.0278856546961710               20
  0.24067183026193753               20
  0.29311877821286897               25
  0.44664073071920607               20
  0.34219345778171595               18
  0.13618162444897569               19
  0.40761930448165368               22
  0.38232922894758559               21
  0.67418790084494795               19
  0.36425780286994791               20
  0.63643121295146554               18
  0.39273598949587779               20
   6.6084760729658104E-002          18
  0.22827898245284231               17
  0.18448824330298769               19
  0.41713201793148685               18
  0.32121383200403580               17
  0.33878553488802415               22
  0.17903443127225008               18
  0.29457665722166659               21
  0.40566547998003788               19
  0.12555659150344739               20
  0.48235432153361452               20
  0.19420713900756020               17
  0.42988418322097732               19
  0.13057576071673987               19
  0.52422934521444631               23
  0.16473894802487049               19
  0.35883734507365189               23
  0.44008314329615456               27
  0.55205488498387945               21
  0.57186142282825581               18
  0.35736163348916933               23
  0.75196421936106106               22
  0.76179479439040154               20
  0.70546079483328616               20
  0.97640136299452052               14
  0.93042447788075988               18
  0.92367788129719797               17
  0.68706629720930312               19
  0.75716520891544081               19
  0.91881101586295189               15
  0.80329418320514900               20
  0.66402743326020974               21
  0.64179119458951395               24
  0.80851419609874686               21
  0.83875786639368399               20
  0.68221389489678486               21
  0.85686237937436960               17
  0.79326069800244614               23
  0.72936800923968359               20
  0.89199915591545542               18
  0.77284785616166052               18
  0.48320104900012184               19
  0.57472203336584360               19
  0.16977620870940260               21
  0.40717186780520226               18
  0.36521806030930404               15
  0.35788582701288296               23
  0.64802629217851326               14
  0.48229736481527641               20
  0.44005993582898700               20
  0.22271961656852415               18
  0.33817505362312378               17
  0.46769497611565430               21
  0.42038544240759779               18
  0.28595339951170462               19
  0.21332017616193896               17
  0.43228151462983577               21
  0.51966843655245953               19
  0.24637014249580239               20
  0.46269627922386636               16
  0.67743525253959957               15
  0.34707763360875038               18
  0.34409649750170745               22
  0.32425711501074811               21
  0.47843546952467292               19
  0.52865186390221952               20
  0.86942511640622189               16
  0.24891471852266220               17
  0.81320852558121048               21
  0.88358234968369653               18
  0.71877823141323005               21
  0.92600205855419726               19
  0.75207177350057675               19
  0.78339579781415614               19
  0.77525375843737721               19
  0.94568746110076873               19
  0.81900262226824894               22
   1.0414123118090197               17
  0.73525175412480470               21
  0.91836093008055342               21
  0.88781558268276228               21
  0.86410678073158276               17
  0.94321768073403611               15
  0.89953794775070051               19
  0.78888949233126104               16
   1.0212390538603178               15
  0.79162616631690930               17
  0.87888008436604359               20
  0.38757190075023873               20
  0.65848135627679549               21
  0.91958930987296239               20
  0.62292077510482369               24
  0.84724080027242832               20
  0.88971996353191307               21
  0.69543690056465723               16
  0.44306322181565827               20
  0.65652287795528108               18
  0.52312929585089141               20
  0.21290622550936886               24
  0.32905724785132484               20
  0.41978636584533907               20
  0.17925240041472584               18
  0.31347938974090028               22
  0.59070112886252857               21
  0.16956668845065093               18
  0.31418836951501400               22
   7.4749867093765715E-002          17
  0.33177906676542951               24
  0.26476583577212365               23
  0.47543121594924731               20
  0.24281660606337302               16
  0.29172895120959408               17
  0.40949115789523127               19
  0.34595010183648756               20
  0.46747198917977045               19
  0.51043799438376747               19
  0.51902294269285010               16
  0.38945461163168682               21
  0.95956743683790036               17
  0.70823332714188802               18
  0.78325469600149844               23
  0.48954608384690340               17
  0.84582347140061398               22
  0.91156365373995574               21
  0.88788259445573281               21
  0.60494660147492973               18
  0.78067992130996822               24
  0.90196050840714570               20
  0.45229762491444009               24
  0.79555003248483358               22
  0.97224871223031728               22
  0.85805492369229530               20
  0.95063869889281516               20
  0.85096810613318907               16
  0.67119477132258809               19
  0.95074686705376099               17
  0.79749577077353861               19
  0.95066338091863467               18
  0.66420054373060300               19
  0.95325741065844394               19
  0.55202881650246693               23
  0.79922421305617397               19
  0.49292220481042548               20
  0.40452594061042191               20
  0.74541347641601408               18
  0.32058288472216540               17
  0.34352145897399577               20
  0.58448988246969513               22
  0.22064963781903024               19
  0.24127781451368296               21
   6.9419357164686057E-002          17
  0.11295639195962087               17
  0.56968603886374580               22
  0.46864685505992482               20
  0.28176702002853132               20
  0.16229876961710604               20
  0.30205695460803378               18
  0.35668456909882301               22
  0.29799266316497813               19
  0.55542700123675903               19
  0.26237641299304187               16
  0.31106325178002248               20
  0.44687197788746030               17
  0.61550108173074913               19
  0.48830634328184264               18
  0.17643983037664190               20
  0.63573771590571448               20
  0.73556395191674706               20
  0.57513081855720605               19
  0.82421034589561604               24
  0.59433727874114217               20
  0.49639154862875895               21
   1.0318780867118809               17
  0.49953675311606788               23
  0.94243067737088881               15
  0.79968185249420554               21
  0.98768655146403617               15
   1.0495431769986037               17
  0.87819497372407807               18
  0.93669490524323507               19
  0.91480201547187456               15
   1.0488158859525898               18
  0.92413739764088987               17
  0.93056939738172950               22
  0.74406391658698079               20
  0.75613700636529768               16
  0.58953812431184915               15
  0.89874227298193632               19
  0.91172589329108067               16
  0.58489698684369007               22
  0.62046759893640679               21
  0.69378394813513355               15
  0.51682366232985522               21
  0.63615015113154427               16
  0.84743635864827305               19
  0.52435237890466779               16
  0.48604635155371451               20
  0.33562382816804742               22
  0.28951182679097603               21
  0.74963111897817658               14
  0.43456996353160443               22
  0.25884738922390010               21
  0.39171202706427982               21
  0.28587759761216780               16
  0.33115688240878405               21
  0.30354427123158190               18
  0.42125067419353185               20
  0.73884188460666189               19
  0.48815596770859232               20
  0.25087272992041471               18
  0.82002160639384947               19
  0.46663746281309065               22
  0.46618335108292774               21
  0.59246259739285256               21
  0.39784989798142117               20
  0.52486886828742474               19
  0.68297864171429346               22
  0.38760333609180997               21
  0.29284916240329284               20
  0.57013167463171999               21
  0.91119724882829423               19
  0.65280352849801382               15
  0.95962742293202774               14
  0.86974682970223693               17
  0.80033922511981426               19
  0.62098223343401493               18
   1.1057799415322669               18
  0.87718019731777563               18
  0.74398522397034239               23
  0.95208772080186699               19
  0.91655845306937433               21
  0.77167626479680351               19
  0.91851237628868176               18
  0.51301408473353083               19
  0.68293369683585303               19
  0.81995618777886226               19
  0.43569467323727129               20
  0.58018576191260807               17
  0.46578582336758084               17
  0.63963838309469012               22
  0.55677226517997058               19
  0.98155899831121651               21
  0.74894479755105936               21
  0.79074550959407786               15
  0.78804716934943919               22
  0.67860362580556122               18
  0.55219606962380807               22
  0.36235136190902406               21
  0.42238064650986185               21
  0.43431029950341316               18
  0.30987821167582386               18
  0.61653268460509203               21
  0.43577602227110152               19
  0.13420464610116897               20
  0.22016507462089754               20
  0.37286702419179540               19
  0.25876326318245924               19
  0.36259255137310603               23
  0.40012448332010186               24
  0.77516142871588656               18
  0.10126922814874285               18
  0.66492688103099751               19
  0.31994520200713433               19
  0.36630409072235764               21
  0.23448380071268002               18
  0.70109668749206355               20
  0.79375861614121535               19
  0.66063586931994633               23
  0.90488605005428091               17
  0.70836837445636447               24
  0.86546061153065523               20
  0.66231203073644440               20
  0.74845762882962763               20
  0.86587684761859574               19
  0.85178754007734814               17
  0.76385079228427222               24
  0.70874847281980047               23
  0.98524586836089312               17
  0.87088603571090029               22
   1.0674258544346755               19
  0.86809583204114693               21
  0.67663720708503916               21
  0.91410622817494291               20
  0.79143532463290500               19
   1.1071810154611881               16
  0.81687792887415223               21
  0.60611506303357932               22
  0.90374358263996113               16
  0.81570349790006780               20
  0.82758010297077489               14
  0.47358655631246366               19
  0.48047401581926658               15
  0.48299783295204801               20
  0.67731363879973505               19
  0.82883290893722517               20
  0.74039893396872214               18
  0.69985542454471095               20
  0.80185589973126914               23
  0.20783517305634752               21
  0.26605994232674091               22
  0.44744796848323987               21
   4.1688277184272433E-002          18
  0.21563594609190792               22
  0.55202439990567020               21
  0.36694194700134303               20
  0.39435352884434594               24
  0.65379482161359548               22
  0.69063872405569315               17
  0.24742155871012919               19
  0.47840400193136307               19
  0.53821288403672884               19
  0.69897588507211739               16
  0.57472342211581462               22
  0.80319051281456899               23
  0.56116680852162493               16
  0.66277594469795764               18
  0.59317480245639687               20
  0.66079540569223405               20
  0.66605678289043679               20
  0.72671375936033411               24
  0.80019790205658381               23
  0.51606675977952443               24
  0.97584579522104298               19
  0.84941377331179901               20
  0.79075901351958766               22
  0.53816462566623657               18
  0.93367556640922911               16
  0.86495057692575894               18
  0.97953406664318621               19
  0.98368091353446263               18
  0.97324749924063314               18
  0.90046580282130639               20
  0.90100994039818194               17
   1.0927599968241377               18
  0.97306494852837000               19
   1.0272488225843122               18
  0.95168803160157422               19
  0.79368321523431473               19
  0.51894300034749918               16
  0.51706089127778498               23
  0.86563647110049990               14
  0.60314353163081313               21
  0.26129553171635406               16
  0.78293283170112848               16
  0.91932848967143566               19
  0.34911090301502617               20
  0.54175329861748378               19
  0.50040425602924354               20
  0.24915421346390934               22
  0.47405213341925767               18
  0.37657596074982186               19
  0.67364740010258839               21
  0.61680724842296641               17
  0.31278523061913566               24
  0.50355195920028795               20
  0.53501897410179899               20
  0.71219866486770578               17
  0.60071765865280691               20
  0.95326297199929622               16
  0.69164127647316187               19
  0.60794533870566536               19
  0.63674671801247151               22
   1.0243010656172047               21
  0.50452493672088095               19
  0.56313614085776942               19
  0.61277967263503241               21
  0.53789179342848703               20
  0.82010415588518226               20
  0.68920792231467420               24
  0.76774646575435246               19
  0.83621752982719100               16
  0.49840666002869860               16
   1.0054541128594316               16
  0.72165176359234806               24
  0.72706047511957306               25
  0.80654040660534543               20
  0.74669516872432951               23
  0.95250686796932493               17
  0.98834902386537338               17
  0.95094002900400287               16
  0.96745182600796542               18
  0.88310239143150293               22
   1.0106036676552776               19
  0.79938804866461155               16
  0.70508340344090126               19
  0.63786033454195445               21
   1.0545121100764687               19
   1.1309265560918527               19
  0.93778772816037403               19
  0.72171666850002358               19
  0.49033360263309905               18
  0.67934336838687082               16
   1.0727083813361546               17
  0.57551455297667797               18
  0.51535350462829355               19
  0.81329526909758032               18
  0.51362862026068190               19
  0.42631756889577777               20
  0.22199786386047199               19
  0.66636775997805331               21
  0.57742070843441595               19
  0.47797467838993429               20
  0.15812668164940716               18
  0.37605746086631187               16
  0.61857463777848709               18
  0.75400541460889459               19
  0.44519753274907337               18
  0.33122514848512169               17
  0.77496142411300217               17
  0.26375242130355081               17
  0.90717213733123703               19
  0.62883658658805730               15
  0.62415656407402709               19
  0.33272350717475602               22
  0.66929426582397544               17
   8.6605302642254023E-002          19
  0.99898916296134599               16
  0.70667119299423087               26
  0.54274035362411255               21
  0.88896188553607958               18
  0.67910120889741588               22
   1.0884175771933564               15
  0.96319973521265456               19
  0.88656193814631401               21
  0.91567919076617854               17
   1.0149326906243838               19
  0.91669943785218333               20
  0.85291620540594826               19
  0.75267376928435004               19
  0.75613028875427224               19
  0.94678165024139593               16
  0.96070310088798117               19
  0.97817598364507652               19
  0.92010577688862505               21
   1.0821977520473443               18
  0.98787001052918522               21
   1.1582306482409490               17
  0.87047679185329119               17
  0.66195744101377751               17
  0.57463971240513601               19
  0.84519985862868519               20
  0.79188478918520910               20
  0.60400615380370470               17
   1.1254915783748554               18
  0.76393111408616354               15
  0.89283022662062417               18
  0.57361993050273097               24
  0.42312326410034329               17
  0.79603223336263251               18
  0.36270381910163335               22
  0.41318797826833553               18
   5.8852661302255097E-002          20
  0.42426645860777285               20
  0.37403150708069677               21
  0.59498664701981452               21
  0.73802111764363665               19
  0.90256190697780392               15
  0.64247590062080739               18
  0.41803557004647102               20
  0.56661676845539177               18
  0.54778442651309023               20
  0.90288609538689857               18
  0.59624636835709177               19
  0.82636334949406898               20
  0.69179739130068396               20
  0.86027089416126523               16
  0.48916409724744636               15
  0.42368713807651148               23
  0.49005515691364732               18
  0.28675938153483704               18
  0.70392548073982897               23
  0.89172054106029663               16
   1.2089381867959326               18
   1.0495075593396423               22
  0.84068926438430314               18
  0.77042942816724691               17
   1.0108897522291280               17
   1.2101892496209306               15
  0.81425118083405368               22
  0.86993846396511787               18
  0.91276919796482936               16
   1.0215859387571871               19
   1.0493956314716555               16
   1.0621884587744439               19
   1.1426284114457894               13
  0.82652388043694103               20
  0.97658964133720449               18
  0.48365081973153140               21
  0.58333265469554330               23
  0.91970282499627243               19
  0.74541545658487784               19
  0.93579921409026856               19
  0.58860817162463430               19
  0.70287246347241394               19
  0.76104688355114702               20
  0.89914228953565689               16
  0.43582938906389346               18
  0.38253736960565510               19
  0.56700332813539778               21
  0.25899551546917288               18
  0.86122800777937547               21
  0.49110235664253693               18
  0.54098698136007417               21
  0.82936414694008198               20
  0.40382142028085966               18
  0.56686904522320114               19
  0.73411108283492199               19
  0.91063262407363976               16
  0.46827209294863043               17
  0.17979743910829585               22
  0.51609531149081378               22
  0.20662542918257587               18
  0.19694141874113713               18
  0.50436657479753877               18
  0.55860934976718091               19
  0.76422397170332346               22
  0.71031260913153149               18
  0.83713322866739648               17
   1.0850708448879849               13
   1.0486929645049257               16
   1.0240156371378102               21
  0.97970112525629527               20
   1.0229011401429609               22
   1.0415667528233636               21
   1.2718612362424362               16
  0.99385324974477351               19
  0.97825778994507440               20
   1.1022356769073403               17
   1.0034240664639800               19
   1.2234134905966538               17
  0.94944683329034307               16
  0.95546726798337489               17
  0.78540141194637725               14
   1.1322266897220425               19
  0.70632559563926733               18
  0.87753969824419165               18
   1.0593701786562628               20
  0.95467499714041715               18
  0.52730412165923912               20
  0.46824243464337217               21
  0.79231413299431719               20
  0.66895649191662532               19
  0.85548839021358447               21
  0.74940346686969517               21
  0.63089091865946478               16
  0.51772441984834627               15
  0.72507530182204205               16
  0.85633859213993890               20
  0.37883276773856644               21
  0.45781920040713370               20
  0.59361740745714597               20
  0.68761479006267001               17
  0.87647335747371347               21
  0.61561397396419082               19
  0.52606703330169602               18
  0.54986651180168378               20
  0.61050389239213243               19
  0.86125297629926312               18
  0.61786976085473411               20
  0.76943445071092587               16
  0.60550895514716363               17
  0.74102720718730375               17
  0.76505219491738130               19
  0.89986111712848438               19
  0.79220199257992197               17
  0.47116929921497180               18
  0.76661765620469036               17
  0.79037149220987368               19
  0.92642888346091778               15
  0.52121027990451507               19
  0.68109934026422347               24
   1.1983049883874166               16
  0.80778241824925490               19
  0.91714724296446792               15
  0.81758449685790713               20
   1.2262772769772874               20
   1.0542391974810323               18
   1.0826810105526337               20
  0.70988265372939030               21
   1.0637938836288467               16
   1.0380840144700401               16
   1.1081018479560709               17
  0.87908119275223484               19
  0.81821679883162268               15
  0.83688114544042669               19
   1.0149206345094790               16
  0.60442943208984612               20
  0.99866940948138949               21
   1.0652517394109080               17
  0.72159703399678177               16
  0.73742939886060388               17
  0.62245722501049061               18
  0.53942849214254718               19
   1.0193901541477124               17
  0.72404978492770411               16
  0.81611806309620383               21
  0.90769344043680067               21
  0.69964555586985278               17
  0.64332546591070450               19
  0.38667366094283401               21
  0.56942996367638921               20
  0.98842872014824401               18
  0.71339087054801897               17
  0.60435634217673373               20
  0.27528737767164951               20
  0.41629387076365726               17
  0.77910874029476429               18
  0.95109706302567876               16
  0.73792451242182544               19
  0.86457610340397972               15
  0.82108446377812894               16
  0.65864309821085498               22
   1.0031795546110758               16
  0.35753454098624421               18
  0.63884041617964737               16
  0.56574570402037161               22
  0.71788602865691475               21
  0.62314036388104577               21
  0.85948505408669040               19
   1.1127550041405869               19
   1.1032699522558369               20
  0.69901509367434911               20
  0.84980774173526974               16
   1.1028621873283746               12
   1.1529208846272634               21
  0.97997623996512973               16
   1.0325725041541109               17
  0.92835871246679635               18
  0.99261900498329780               19
  0.83985441195329613               22
  0.98709119273880808               17
  0.91637501255166687               19
  0.77956678317663652               16
   1.1908139299993046               16
  0.80804781224990418               21
  0.90850664391974922               20
   1.0313052972466721               19
  0.70538448182808400               21
  0.86975773426236280               21
   1.0704486560977271               17
  0.73845519965093631               18
   1.0275665242734453               18
   1.2275399580641098               16
  0.97144233485128084               18
  0.61693459174314036               15
  0.91406641855431037               16
  0.53059808824139887               16
   1.0231404590172894               19
  0.66503518633499481               16
  0.97444197588232762               16
  0.82216633796531102               17
  0.91510322764328733               15
  0.31336356346351552               21
  0.59536810938503792               21
  0.85349595630334696               19
  0.75176927595575815               18
  0.50967837019092799               22
  0.85971826168349375               20
  0.65492080161131094               20
  0.79826100144785550               23
  0.47749115331243264               20
  0.22089250508792860               18
  0.50048559314095054               22
  0.95387527473323641               19
  0.81372653666546568               17
  0.96892719907095648               18
  0.87548763497066029               19
  0.76310381525478821               19
  0.83505943713022301               19
  0.66578122844599641               20
  0.63104063655116494               21
  0.95185618654716031               19
  0.68908134720485692               22
  0.88742311399419493               18
   1.0517861967191175               19
   1.2873304541742505               16
  0.87923464014046604               18
  0.98037464749614134               19
  0.99104947230252871               20
   1.1915976022184900               17
  0.98104062028112682               16
  0.84854582753107632               17
   1.0496877234793780               15
   1.1216930873457369               18
   1.1059936053146340               19
   1.0193317156268695               16
   1.1187870087158878               14
   1.2523270076287001               19
  0.41754095940825864               20
   1.0721886594920258               18
   1.1320753670030836               20
  0.86840330594526682               18
   1.0028161573851624               20
  0.98438819068670635               20
  0.92649008069589034               19
  0.64494902911631913               22
  0.87598968906298658               20
  0.82010346619584362               21
  0.93012760483510515               19
  0.62602962805153661               15
  0.84571932595899701               18
   1.0220091314833597               18
  0.61563646934852401               15
  0.51006988600929370               19
  0.92260901210396673               14
  0.36397929623547776               20
  0.37807688824841068               21
  0.98677851404833850               15
  0.79220801610338398               21
  0.89044772583671961               17
  0.50781136563694618               19
  0.46771002805656492               20
  0.82208897838396344               19
  0.92842019063149728               19
  0.42820814601590607               22
  0.91009304844245231               17
  0.80881745773823877               18
  0.74680018845513763               26
   1.1794983015770590               15
  0.65173343546203699               21
   1.3182558241743365               13
   1.0295869531144186               22
   1.1074565361917605               20
  0.98611769640083413               18
  0.90327766385965713               18
   1.2603869251964246               18
  0.81196318423854608               22
  0.92716443960185291               16
   1.0792251117515763               17
  0.80761080287401743               17
   1.0402827241549455               16
  0.96965474999092816               13
   1.3055100763630014               17
  0.96501568888412681               19
   1.0650843294735699               18
  0.88220432456050435               21
   1.1789632040353886               18
  0.99137035296537424               19
   1.2190629926324732               18
   1.1865703242295811               14
  0.70852289551087311               18
  0.90293700641117325               19
   1.0688937900716100               15
  0.96978892991816501               20
  0.84799180360101223               17
  0.61578668637877032               20
  0.82452608580517039               22
  0.91655998478281897               16
  0.96741676945230703               22
  0.51681385585522033               17
  0.78666770788973250               21
  0.35983949000714877               18
  0.90449323006580384               16
  0.63684094101860056               20
  0.52245280276720241               17
  0.89649911265241766               17
  0.74319457828403301               18
  0.51354249291839815               19
  0.59524950069909011               19
  0.95060948763749509               19
  0.77791732921292489               18
  0.41524545394782669               24
  0.70645158626809967               20
  0.99584555666559960               19
  0.68356237162833711               17
  0.97965972847680416               18
   1.1466106160370271               17
  0.80514203992875777               20
  0.61416556438172309               20
   1.0494558903545126               18
  0.99431243738292674               18
   1.1333971393705728               21
  0.74547755628199652               21
   1.2228513440300015               20
   1.1590331594346504               22
   1.0923937714399670               20
   1.1774502562858342               19
  0.75241830650163011               20
   1.1786898353075139               18
   1.1731039880474425               21
  0.87708008038021568               18
   1.0874534327733938               21
  0.74398230229693685               19
   1.0855807751067081               18
   1.3359148307729694               14
   1.0356655430721589               17
  0.84236718852003956               16
  0.76488231272359386               16
   1.0547075039683762               16
  0.94699046700238432               19
  0.95838762322316473               21
   1.0852349065104121               21
   1.0178131364994383               19
  0.90893179099731614               18
   1.0078050220019588               16
  0.80874218616503835               21
   1.0035241140363107               16
  0.85274354940985320               20
  0.54936787794834541               19
  0.72766610733282089               15
  0.81655243493720231               17
  0.92281241885539933               19
  0.46845672435539182               19
  0.83388077294083063               15
  0.77594699991561333               17
   1.1243728488415521               14
  0.75187612158729589               19
  0.39607360483747872               22
  0.68433951278132410               17
  0.73846024869649252               18
  0.68419501194417742               19
   1.0242202297457610               17
   1.0442112769979788               15
  0.93292462975366597               19
  0.79352989165740384               18
  0.95483480653240294               18
  0.87894093645516214               17
   1.0118944173039099               21
  0.44737884570974262               22
  0.86038495322054120               18
  0.57985285939230735               18
   1.1964822094884793               21
  0.97249624267980628               20
   1.1404468583670218               19
   1.0869765332523500               22
   1.0521533153390195               14
   1.1488268721582104               15
   1.0435874910220495               17
   1.1256525594593310               14
   1.2244342423454535               16
   1.0892630750723655               20
   1.1949916782763841               14
   1.1415471631768195               19
   1.1581501419774025               16
  0.75555540391039255               18
   1.1221274639315442               17
   1.1692050950348210               15
  0.93122954050039430               16
   1.0154575051430625               18
   1.0368373525038905               18
  0.87326995053236756               20
   1.2835612386289637               17
  0.76930297022448046               18
  0.92199539770201322               20
  0.65796249031483245               15
  0.88204893464396295               18
  0.58366724913910606               19
   1.1536724321573650               16
  0.85061729142010178               16
  0.75241728608392355               20
  0.71471354315336566               20
  0.71880409002958645               18
  0.69446593892155517               20
   1.1079193250871660               14
  0.67931547913606716               19
  0.86322115700957458               16
  0.98569170441911935               15
  0.77584945302674069               20
  0.78092902114170770               18
  0.93405311940854163               16
  0.95233506289078007               20
   1.0721620366524285               21
  0.58243765356829402               19
  0.77438579633096738               17
  0.87988287014440725               15
  0.99261882202582430               19
  0.72783539270653341               18
  0.92265784388972949               19
   1.0768340214025887               14
  0.82264087131829666               21
   1.2153796879616663               20
  0.94439458500831885               19
   1.2278041171940735               17
   1.3195275458374507               14
   1.1413991889023092               13
   1.2027545063190968               17
   1.1719829664776198               20
   1.1335613823318103               20
   1.1998641256368991               20
   1.0091723381021185               18
  0.99713584444308190               16
   1.0447915329737540               20
   1.0232260654689185               16
   1.1533523188963521               15
   1.2414032686188075               17
  0.76854809851689199               19
  0.87461388879317026               20
   1.1057591599167442               19
   1.1005968418409677               15
  0.76981038923052236               20
  0.97098360006761564               20
   1.3370557112411035               14
  0.99050574127827329               19
  0.93017244408017252               20
   1.0733524450958263               21
  0.95704373470054704               12
  0.79012952273565229               19
  0.95141564124602063               12
  0.86669041362290355               15
  0.61081819012700200               20
  0.71662265875424636               20
  0.87198259464177674               18
  0.57798455019528439               15
  0.54069689040638091               18
  0.71000008061865683               17
   1.0420723596999748               17
   1.0171995763528701               16
  0.87900049405892755               19
  0.62398073288358180               19
  0.99453512702976532               15
  0.60285297141194027               20
  0.73075768531563612               21
  0.71033227570638025               18
   1.1232395723516864               23
   1.0356073297527195               22
   1.1203712471302845               18
   1.0141110585986277               20
  0.79979364720490920               16
  0.85391046137874860               22
  0.66869074280022189               19
  0.82711567544295694               16
   1.1955584317622430               19
   1.1414538734311797               21
   1.0464403748862354               22
   1.0133157479670492               17
   1.2193541605536697               19
  0.63902258299669124               23
   1.0317607930762871               20
   1.0699688124362758               16
   1.1797797973160278               17
   1.2294561445843377               18
   1.2050781037079612               16
   1.1381895209265649               20
  0.80646355934083358               20
   1.3076408494833800               14
   1.0853248272917380               16
   1.2745323990375943               15
  0.94818989398073894               20
   1.2556495614668308               13
  0.96137655732081650               22
  0.99307615993581611               18
  0.90357878546305226               19
  0.85261292070825112               20
  0.91087688552187640               20
  0.90229279866064105               20
  0.96545360706757888               18
  0.86762162256081221               19
  0.85152803173801861               17
  0.98016153372428083               16
  0.75995089317474218               17
  0.72833031239000401               20
  0.83254572207301136               17
  0.76921378135911156               16
  0.95888403068415728               16
  0.67188709221121534               20
  0.98646610019979297               19
   1.0250704647791216               15
  0.96959987085791066               16
  0.93409049151406986               15
  0.78097295550672918               17
  0.88031954384596234               18
  0.93114253557179794               22
   1.0902934450181603               21
  0.87178482351596653               16
   1.0040033292949029               17
  0.68799257335063324               18
  0.92046388581958383               17
  0.75340533193177217               19
  0.90522424533774914               16
   1.3056189965209348               14
   1.0431190801707348               23
   1.2886379405730930               16
  0.76325411554375300               23
   1.2341431549286139               16
   1.2471209372090970               18
   1.2272907497748866               17
   1.0708996382308091               22
   1.2402963502607414               20
   1.1999289975859695               18
   1.1972031067959263               18
   1.2288070840471752               17
   1.1576626446751346               15
   1.0727018231760317               17
   1.1237485220552035               18
   1.1020425663500959               17
  0.75122507814978123               20
   1.0256094715811073               17
   1.2565276486967860               13
  0.93965214306375155               17
  0.89946963359078658               17
   1.1383128972268790               19
   1.0359999385814491               20
  0.94641835856136869               15
  0.67777817781177585               15
  0.82197918930305591               17
  0.95749062507357829               16
  0.82340709120594135               18
  0.84323491488466251               19
  0.84930625750442956               15
  0.86253428275681254               17
  0.90832469530148230               17
  0.97608911842912838               16
  0.78057642192905585               16
  0.96915558874203900               15
  0.80623509612960698               22
  0.93909536123795345               15
  0.78810192258245859               18
  0.63023493664279484               20
  0.78932824095865539               21
  0.88973348580327116               18
  0.79977784162076304               22
  0.63617260209849491               21
  0.63757999359181639               21
  0.93693490596100559               21
  0.94126881358781012               15
  0.83270386347592296               16
  0.98223955945312724               18
  0.83638386912793172               18
   1.0532724068267760               14
   1.0357231661215818               17
   1.2483023276431497               22
   1.0750138757098742               17
   1.1608130390746534               23
  0.96248582743589273               19
   1.0925010609438504               22
   1.0706288353531201               21
   1.0830954653480407               22
   1.2839291271460329               17
   1.2492104456372208               17
   1.2970155493645117               14
  0.87376758905258756               18
  0.98880535418046234               19
   1.1743848551021909               15
   1.0057252040868752               19
  0.94266331906653600               16
   1.1704506893274786               16
  0.99768484637633281               19
  0.98765770186473467               19
   1.1841560699037796               17
  0.89299103115068879               20
   1.0421128377987567               19
  0.94254523255625000               17
   1.0010627807662043               18
   1.0053043770180192               18
  0.86026619020594719               19
  0.88054838145055303               19
  0.96172485399833851               14
   1.1810870052524296               16
  0.29674941561631107               20
  0.13666004159073333               20
  0.81728614130426747               22
  0.98560426519472477               16
   1.0321592017469052               16
  0.98351508686076028               18
  0.67976765055308241               22
  0.84254910578095787               19
   1.0211106658851363               16
  0.70488714301474542               16
  0.23578869943318503               20
  0.69314997350109198               18
  0.95127711746259092               15
  0.97671784511516768               15
   1.0990888886237911               22
  0.79644791379260205               21
  0.61517845701458862               21
   1.0778275658476701               20
  0.75632022482219485               22
  0.96501259061230715               19
  0.99748434826716181               17
  0.73740437023569827               21
  0.89749055955895740               17
   1.0141820887810686               17
   1.1720963207783788               15
   1.0981663196739702               21
   1.0622067036375276               17
   1.2146159125785079               16
   1.1495311439551210               16
   1.1612992819676227               19
  0.56140618539604958               20
