   1.1617370398332454               17
   1.1793058826797134               16
   1.3300532821672753               14
   1.0564694802005159               19
   1.0368540322287825               17
   1.0821253976354575               17
  0.95646323201103667               18
   1.1957545887418102               16
  0.66199980559536842               19
  0.95249065864367666               20
  0.98241879642257468               19
  0.98339348133374882               19
  0.82244434813878331               20
  0.84587880284727479               22
  0.87885092832678957               20
  0.84289730120508244               19
  0.80085110170054530               19
  0.94456531055808923               23
  0.84575825490651424               22
  0.94610100503448880               16
  0.67586551831006936               24
  0.50547179638762596               16
  0.84042580134253808               20
  0.60518116793086185               19
  0.79965997709207992               23
  0.88524683111874891               25
  0.62950696441652176               20
  0.96797263860340821               19
   1.0165099071266557               17
  0.89422546762626010               22
  0.94183023634396013               16
  0.62300969879942392               18
  0.97787297821874486               18
  0.87602558007485387               27
  0.72245437764044806               17
  0.93212251115786438               20
  0.37769421962239730               19
  0.91701425362395872               21
   1.0377076525470670               17
   1.0094795784317909               17
   1.0708397706304715               20
  0.68596172227365848               22
   1.2494091525227777               15
   1.2111758364314260               15
   1.0598026555205164               20
   1.2207024937550248               15
  0.90994923206778144               18
  0.93073614531319093               19
   1.1742696768816954               17
   1.1082596905275259               19
   1.1263516639586941               20
   1.1212399218667790               20
   1.2106166540600811               19
   1.2256572203724405               17
  0.96864723552318133               18
  0.92764186965895890               22
   1.2203022146247031               18
  0.93558389821012589               18
   1.0862449994179737               19
   1.0659837944475221               22
   1.1189093249301578               14
  0.86435713504108125               22
   1.1098158220830154               17
  0.92799994434480626               19
   1.0506896873517420               17
  0.94298499389062473               20
   1.0144457761623413               21
  0.75315439931008754               19
  0.82314301276499835               20
  0.87318956682809301               22
  0.88674318848101974               22
  0.98476386712964892               16
  0.76156176030885758               21
  0.96750109175451926               19
  0.96480330599430431               20
  0.90178197802055504               22
  0.89916223433349596               20
  0.82064756833265873               23
  0.83288964532294929               23
   1.0224288462668292               15
  0.90329829320161337               26
  0.75929528376656219               19
  0.98611205565899507               13
  0.96475105273108308               16
  0.85088167766170497               20
  0.87656165000088893               21
  0.97304619351074495               18
   1.0315866774675764               15
  0.90563213414424837               24
   1.3324752040628849               16
   1.1290979072084866               18
  0.96902292486328478               17
   1.0776035797022074               17
   1.1671060935654451               18
  0.99034355838268384               17
   1.1856906008059087               17
   1.2541409423451517               19
   1.1524211257192298               17
   1.2095833732004149               19
   1.0089404391047820               20
   1.2108775551768796               14
   1.2609389264375861               16
   1.3067896986511658               16
   1.1946750524349568               16
   1.2488792973560991               15
   1.1875092905072246               18
   1.0030784376133965               19
   1.0067869148955237               22
   1.0070405540653413               15
  0.92390701297813327               19
  0.95312443347434639               20
   1.0651542391676574               18
  0.73836019425114041               23
  0.91680164887911209               19
  0.83238986053388464               16
  0.93316529469124365               18
  0.70522730194975924               18
  0.94937617776692096               20
  0.92420796504965685               19
  0.82659906310598841               20
  0.90622048528282584               21
  0.85319108758852058               21
  0.80815307731364949               19
  0.92897075127842121               19
  0.74282807544541907               24
  0.73838565508602916               23
  0.87023367075776215               24
  0.93392246707225202               23
  0.87668530241417464               27
  0.60375030993424483               16
  0.73269208839466127               23
  0.95155750505955783               21
   1.0521689561713592               14
  0.76741476490959593               22
  0.89342025079851228               22
   1.1380833149099643               19
  0.81588561093590184               18
   1.1891575840845561               16
  0.98182848830613445               17
  0.94287265897737715               20
  0.97926907147259312               19
   1.0804813416876879               20
   1.0661240234964471               14
   1.0503300822771535               21
   1.0737363783232798               19
   1.1759259066169558               16
   1.0423319955467540               18
   1.3365529368002520               15
  0.95135395194289496               20
   1.1554176578838555               17
   1.1036139421685758               16
   1.1643413760165902               17
   1.1502829491695923               18
  0.93024323379260365               20
   1.2129591645523736               17
   1.0794024052188733               20
  0.92832497574669681               21
  0.84211341313214283               20
   1.0217844129873914               19
  0.69858454312186691               19
  0.95845992764135546               20
   1.0289027656203884               17
  0.93943204173665906               19
  0.78305077988165983               19
  0.64754812972292553               21
   1.0081487727485474               18
  0.82257185498583374               19
  0.98074201606046074               16
  0.97058697106975467               16
  0.78417780738012610               21
  0.76690031764348865               22
  0.87832793088314942               21
  0.82680173019501169               20
  0.55588201648010815               20
   1.0218247008821608               16
  0.60886568035740207               19
  0.45035269990482746               20
  0.70182973463678278               18
  0.88562776987815928               26
  0.88777421946525215               20
  0.66121511844983116               15
  0.71876109333490334               21
  0.84210088687915052               20
  0.79398534006246346               19
  0.45519974517505207               18
  0.99836900583788879               17
  0.98124745619139486               17
  0.95719818846562887               16
  0.58852162871279445               20
  0.97793530532947293               19
  0.97327545228002654               20
  0.95051650707302637               20
   1.1743770613746360               15
  0.92454522753899426               18
   1.0400760345427864               20
   1.1965835514499414               15
  0.86979965174061280               19
  0.93165380108230611               20
   1.1111595580105651               19
   1.2849596623291670               15
   1.2962673744487136               16
  0.74091596488928624               18
   1.2807684934315386               16
   1.2063208639554897               19
  0.81087332609869178               19
   1.1711817200831760               16
   1.2053775998381970               18
   1.2910425070831146               17
   1.2978340295807447               16
   1.0513717136237175               16
   1.0597822161219324               20
  0.84732187350460064               21
  0.95475208229870745               20
  0.57592025512507239               21
  0.83469885377811504               21
  0.81228984549042094               17
  0.64988664507424043               19
  0.99506543684945892               18
  0.94831355094303460               20
  0.80873688123278542               19
  0.67745000084223594               15
  0.64407232547166415               21
  0.90118247293768705               18
  0.93852660692982803               20
  0.62378104602030449               19
  0.88831556487680396               26
  0.79438853231646989               25
  0.61941115883738573               19
  0.93674448455414927               23
  0.95879198799974164               16
  0.43850542478359456               16
  0.85639073934677523               24
  0.97505606727609473               21
  0.76465039837373117               18
  0.81430047424554153               18
  0.62001817529450276               20
  0.83358665770504115               19
  0.95591520497452198               16
   1.0929676205638559               13
  0.66092236758109368               18
  0.79233915981413983               21
  0.91884489401751912               20
   1.1602157393347019               16
   1.1916198865318637               15
  0.93476079968897663               18
   1.0843015217070677               17
   1.1051140733406404               18
   1.2461610846309141               17
   1.1221991157371780               18
   1.1185600552114954               19
   1.2390358231510381               18
   1.1508490688590189               17
   1.0861689326744497               18
   1.0907080519470940               16
  0.96801175742921119               17
   1.1118434608042853               17
   1.1648231443168078               18
  0.87040429087702242               24
  0.81418964664292548               19
   1.0229196571128187               17
   1.0418739845590592               19
  0.86588050891897617               19
  0.97293277620871854               19
  0.86340223950036565               21
  0.89225648316042971               21
  0.81033700098214634               20
   1.1528371393784802               21
  0.76078119259529664               24
  0.91714255816362933               20
  0.79319289378373947               21
  0.97325640039288364               18
  0.40795410689357647               21
  0.58520988958882392               20
  0.94229244176999383               22
  0.24157068807570464               23
  0.85912858745691945               22
  0.36232254250785201               21
  0.85935330915950714               18
  0.42134089835393201               23
  0.72775000659544331               19
  0.76355068702905760               19
  0.71826510499316021               20
  0.80110166555428974               20
   1.0316858908170301               20
   1.0620394154347936               18
  0.66984868224399263               19
  0.89419430662374300               18
  0.93138541321145663               15
  0.55448972161419630               17
  0.68909083785105074               17
  0.64953797146190517               12
  0.85957811964101871               18
   1.2555864881139871               15
   1.0988089415142972               14
  0.94027425600126391               19
  0.87700979782313293               20
   1.3110407814234946               13
   1.1212516011938292               18
   1.2790219489823258               15
   1.0929523498146436               16
   1.2047888287903978               18
  0.93871794383225826               17
   1.1076815017371384               19
   1.1755443492740485               19
   1.0009291815696282               18
   1.1619957429779439               19
   1.0949407486900717               16
   1.0829669263928303               20
  0.88403169076271904               18
  0.87745002932814375               21
   1.0637066899093914               17
  0.75336124203257471               18
   1.0291739489176803               21
  0.83287397039854727               18
  0.76414620906036046               19
  0.68085324315272522               19
   1.1235487212935038               16
  0.61196204361761086               18
  0.70174793145009007               18
  0.80055254102327511               20
  0.79779729395058196               22
  0.72464467528423071               21
  0.69366320392247838               17
  0.63943537757399604               19
  0.53774052516702964               21
  0.78199756710899093               23
  0.24364289781869050               23
  0.35490281281892050               24
  0.83749037434059315               18
  0.78127337113224815               19
  0.82698547866335648               18
  0.47292118338810507               17
  0.82059773769294586               21
  0.84439425043099225               23
  0.68276522305971121               18
   1.0653185491227808               16
  0.63284759371814769               18
  0.96272772876172019               16
   1.1481427578961616               16
  0.97156249911581161               19
  0.75990518266458407               20
   1.0575386587343802               18
   1.0002993941723481               20
   1.1182114669330336               20
   1.1665095843687363               18
   1.1919731083373795               15
   1.0062315884226831               21
   1.0576755239497695               19
   1.0815146763101273               20
   1.2733617115589071               17
   1.0009680014708147               18
   1.1490943273329162               16
   1.0137064483274059               20
   1.3374348682348483               15
  0.89518476744414588               22
   1.0784434556097562               17
  0.62735824610807434               21
   1.1356473760215575               19
   1.0284453990448954               18
  0.63315043963542017               19
  0.65781418171703021               18
   1.1406286371963970               17
  0.92838816604669927               18
  0.71813594545939974               15
  0.80493710050976541               19
  0.81958236967076403               20
  0.64022769163726834               20
  0.96611986751595680               18
  0.93315406192805406               23
  0.95188355174481065               23
  0.74257667479647937               18
  0.82371290290799193               25
  0.90893607978891044               19
  0.73304145623728245               16
  0.43285999046791768               17
  0.25636481693565105               21
  0.85552382528380189               23
  0.56637617527250161               20
  0.40515350186690907               20
  0.78173787052251065               20
  0.72007261793700483               17
  0.59810945726981024               19
  0.86188393530957363               17
  0.73266104276054433               16
  0.81325848067884066               20
  0.61408511069869598               19
  0.99750888882044986               21
  0.79862922716372442               19
  0.91656216439755989               21
  0.86134039847249810               19
  0.97036852581792044               15
   1.1429376388993349               17
  0.94766042927484551               20
  0.78079067536378211               19
   1.0401009340984222               18
   1.0062958092515115               16
   1.0953284972317285               18
   1.0392649045663731               20
   1.2127150178413384               15
   1.2942745955267572               16
   1.0900238103174187               18
   1.0257388955280564               20
   1.0442065472772790               19
   1.0954810657907956               17
  0.87937811019535528               18
  0.87879047235057017               18
   1.1468069939718930               17
   1.0803124548194860               18
  0.63447680993401578               19
  0.80709877158781562               19
  0.83234645164663779               19
  0.99924397788796693               21
  0.72286050387157486               16
  0.95251395076060674               20
  0.85417092679441708               21
  0.54862419180706024               18
  0.67322761860830604               21
  0.88121541787409119               22
   1.0040837843454462               22
  0.85979325347903290               17
  0.86913811122760443               23
  0.72935658199100972               19
  0.70908094007199185               22
  0.45079162114904059               18
  0.46917084265835063               17
  0.64748258808516723               17
  0.43989048319044766               18
  0.71652865245552322               21
  0.47863382224384537               19
  0.59654335094369959               21
  0.76293255880884858               18
  0.46789018869527088               19
  0.42351554534942704               16
  0.48899470686331642               16
  0.52791836610308618               17
   1.0215626061000271               20
  0.65304216751604360               20
  0.79386583572876779               16
   1.0647277529986292               19
  0.88934714032437590               16
   1.1277634165161259               19
   1.1201154904527928               18
  0.79964502961789030               20
  0.96882360842234849               19
   1.0435241761425988               17
   1.2771543372311740               14
   1.0847007460019360               20
   1.0625672297340711               17
   1.0626099698470883               15
  0.98978384309257783               20
  0.86745708911676012               20
   1.3381776139485204               15
   1.2581163483899178               14
   1.0829440381754576               19
   1.0974704281714576               15
   1.0096369973317425               15
   1.1353033330014493               15
   1.2570181384461474               17
  0.68410954770231003               19
  0.75935853156869992               20
  0.97543486236443955               18
   1.0426362475553428               16
  0.76555090720993624               20
  0.67844062898675417               17
  0.77163750223264704               17
  0.85429038397676915               22
  0.56469367150697647               22
  0.39429805458640593               19
  0.79042127237009574               20
  0.93079363787783809               21
  0.90901212305755463               22
  0.82090334089957206               22
  0.58477646917940440               21
  0.35714790523039969               21
  0.43555229470990442               16
  0.64175299854325918               19
  0.72591603580862685               17
  0.90299317038112614               20
  0.67452396185590313               18
  0.43348817906236037               17
  0.92986287352351105               19
  0.64029368313272761               17
  0.70245221293741555               21
  0.96213901336652452               19
  0.56189721743981680               19
  0.98052919251237669               21
  0.56384212495846198               19
  0.86877084869186050               20
   1.0029557109910843               20
  0.92003856056891220               20
  0.63314367648229375               19
  0.97102716978014725               20
  0.80083290644430238               20
   1.1598032298661771               18
  0.93465651998917587               21
   1.1227496300580491               16
  0.80646731592359677               17
   1.0633261604776907               21
  0.89652828067952683               21
   1.2575247558138909               17
  0.88806746325734653               17
  0.89186531636892119               18
  0.95846717762558564               19
  0.94597500839268434               19
  0.81171527792100528               18
   1.0796400538340432               18
  0.70084619734365072               19
   1.0631072644918071               17
  0.89835982413326143               22
  0.98285670225782540               21
  0.97395347353322914               16
   1.1242817867551029               18
  0.54264950388902888               16
  0.51897540517455309               19
  0.42576648828657632               17
  0.81537217175550691               18
  0.71930993159968981               18
  0.70063461407834238               16
  0.44437753278490949               16
  0.55718451089370580               19
  0.70907114405479177               18
  0.70808428885929386               20
  0.55591670740639221               20
  0.47265229291211969               18
  0.60787643386306356               16
  0.23823522475676773               22
  0.86368733007130938               18
  0.68664254465505492               19
  0.51607182187479039               13
  0.31811298046456615               26
  0.71746014185043350               16
  0.83591595667181995               17
  0.87730157363359373               19
  0.89775339789423625               21
  0.67029469134123987               18
  0.88205472766115167               22
  0.79932803317006662               17
  0.54565327634760052               17
  0.73413718629157709               15
  0.64268843246076435               17
   1.0373194628689739               21
  0.84090902149566227               17
  0.75639461324218105               17
  0.62599161308794349               19
  0.96699046062918870               17
   1.0380975889647157               21
  0.88847468219081882               18
   1.0242218112357921               20
   1.1101924081786676               21
   1.2502561419057201               16
   1.0676761433979116               19
   1.1408123644423345               17
   1.1878736276113324               15
   1.0482528557986819               15
  0.92468574462936359               17
   1.0682084820732425               17
  0.64237012413980932               22
  0.87384146211532121               19
   1.1513823492040542               16
  0.93647657165417175               16
   1.0206376979264649               19
   1.1496332584264608               18
  0.50345859644996305               20
  0.73209016526593695               18
  0.60680052058981804               19
  0.71212204456290051               19
  0.86053343332956866               19
  0.62414095229527489               15
  0.78719024595919074               19
  0.39848035038163621               18
  0.52092065770596496               19
  0.62898150502218708               19
  0.43668833275500391               15
  0.70834419290857786               21
  0.62507288257261295               19
  0.40706393877973457               18
  0.55354502109797876               20
  0.32941504126173204               18
  0.30037875685810689               25
  0.48718133125469859               19
  0.46044774003390548               21
  0.78870160497757302               18
  0.64451643846708218               15
  0.80868275164539183               21
  0.46786198806765433               18
  0.82722996663507775               18
  0.80198778292778272               18
  0.81275740273381469               17
  0.86095186241928878               18
  0.90300264791826768               17
  0.77980661094856463               19
   1.1354953859588977               19
  0.70540364750354945               19
  0.83380703902017395               18
   1.1016669391167835               20
  0.75674563055368005               16
  0.84375445115704228               17
   1.2162406662717666               18
   1.0847537055980858               17
   1.0183503015663558               18
   1.0802946933325177               16
   1.2583460455736297               15
  0.94237211607271532               21
  0.92134635803210307               20
  0.89593944790365865               19
   1.0372286241040467               15
  0.90578587365645424               16
  0.77021234665626570               18
  0.67703155140123550               17
  0.70907149395250857               18
  0.86642484404021813               18
  0.84006003273079444               21
  0.70868805015547820               19
  0.88257322816701500               19
  0.69739156325794038               18
  0.49487336556470202               17
  0.76956716950935200               15
  0.40946734645603411               19
  0.47319036211502741               17
  0.51244986035697171               18
  0.74723414627572082               16
  0.50444884419837521               17
  0.64817310907988679               22
  0.47857590273839851               22
  0.53104292905562034               17
  0.66982309930963624               17
  0.27795060321328641               24
  0.26503179693743106               18
  0.69595415367124858               16
  0.45070807704431859               17
  0.63411944164527989               20
  0.55191059588276514               16
  0.72097828282027865               16
  0.51606671296686468               13
  0.58764229516341304               19
  0.54995494250143129               17
  0.71095183387469452               18
  0.92253988543331844               19
  0.49896003960087382               20
  0.77791215478686615               19
   1.2163750895519208               19
  0.75269486919725559               17
  0.61987830837619540               15
   1.1568753237553080               19
  0.66324626147192189               19
  0.64239619556413685               20
   1.1149567684378332               19
  0.83271681880687964               20
  0.97323916079876271               13
  0.73804211713176004               15
   1.0315239170863777               16
   1.2320140928010941               15
  0.87749772384814961               19
  0.93551366485880594               20
  0.99905725565696935               15
  0.73026300969631197               18
  0.97788168729657532               18
  0.96612953878433872               19
  0.52267884340649418               20
  0.97394198258528297               19
  0.35177386885839129               16
  0.53378735705619418               19
  0.62243377910276509               20
   1.0335708255033953               20
  0.67913978292807975               18
  0.78138649067076793               17
  0.31252706950355585               20
  0.58216357725033219               19
  0.74611296243932546               16
  0.66722253332071657               18
  0.35532127165862643               18
  0.26708536227717594               19
  0.52280867257004926               17
  0.27387402680897438               16
  0.46136792040306007               20
  0.89111183993731991               21
  0.63742880229893362               17
  0.27439024342397417               18
  0.25394090227492833               25
  0.75460899401646642               15
  0.52968419916214537               18
  0.31017732252468261               21
  0.72481495543976315               18
  0.58679134653785603               17
  0.51803871284051650               19
  0.95209480955990877               21
  0.97678248783775756               19
  0.77736740033674046               18
  0.88806300851403652               21
  0.99847407055077952               19
  0.55486135662142222               18
  0.89064445581858198               18
  0.84777552797458378               18
  0.94621063021827467               19
  0.77206210849755841               17
  0.82716313690103749               18
   1.1544585197349726               18
   1.0092247594704136               21
   1.0359037794708279               16
  0.94448659398224366               18
  0.87167473115268002               22
   1.2205092830497806               18
  0.96927749203349323               20
  0.78360877476179880               15
  0.97895893454131355               18
  0.88822340160215774               23
  0.36174079168722317               18
  0.61164564214997053               19
  0.61821654345037313               19
  0.98251690296922956               19
  0.74363872280818188               17
   1.0062562252213672               15
  0.44355000229776181               17
  0.59170035283110300               21
  0.88318540750727781               20
  0.51643385735862413               17
  0.63738508127035454               20
  0.38461656796859534               17
  0.37283260890146436               18
  0.63216830827900383               17
  0.41176528016347863               19
  0.21355110642561731               20
  0.58422529243241650               17
  0.70473065476117525               17
  0.18722966644949621               23
  0.54779813040145342               18
  0.63367213855602944               21
  0.27668275849692658               22
  0.54664269173201341               18
  0.24167020988461119               23
  0.30697853116683282               24
  0.81388960327018922               17
  0.49951528161195924               19
  0.38386675941491893               22
  0.72562367307874087               17
  0.96874584217105220               19
  0.39854123363114347               19
  0.89575760816874184               19
  0.68442415630455244               18
  0.62745920990119575               21
  0.56536943079911084               21
  0.90133066739850254               17
  0.87448605106253718               26
  0.68765306047917596               21
   1.1194228911463016               18
  0.77163293714773373               18
  0.92166223309564754               18
   1.0078352561088049               12
  0.89882301036166956               18
  0.72436928865460481               20
   1.0349838989522189               15
   1.0640949242257876               18
  0.85728607150379066               17
  0.99550063783176923               16
  0.98358339827556684               18
   1.0035246695527478               17
  0.74949432323413401               19
  0.78800971843944179               19
  0.54536998902248301               21
  0.89538526165800481               20
  0.37543123446726484               17
  0.59606262542205157               23
  0.75684656739096956               19
  0.56522660988845164               19
  0.55883170332405152               20
  0.47573673306573844               19
  0.52874362273005815               21
  0.77382682240982725               18
  0.33409839450521600               23
  0.32820708533146797               22
  0.59654263928096130               21
  0.25174656382493238               27
  0.35765645224229925               23
  0.32063038306243025               23
  0.67755979173679615               19
  0.37575476951420661               20
  0.35371702411548361               20
  0.37459070346355761               21
  0.80147714070981135               18
  0.47366731944359292               18
  0.33842933958057797               20
  0.78468772773923468               17
  0.59743149686912289               17
  0.48492484578557693               20
  0.61043745220572243               18
  0.50544449759136734               21
  0.72959009617049342               19
  0.57117885483087283               19
  0.71945186481030310               16
  0.74564543595701849               17
  0.91986570421019898               15
  0.73232967735942500               18
  0.95023983970048598               16
  0.43924307477436836               22
  0.29595790481696921               18
  0.79325757525053409               19
  0.96059501385977941               15
   1.0165541721923292               14
   1.1018669478292860               16
  0.78929715568519887               19
  0.84492913144907789               17
  0.74322964958060422               18
  0.94711792556280472               18
   1.0147217387929695               16
   1.0148510300005031               15
  0.92057610019387892               18
  0.50712462391497182               19
  0.78981539825851976               17
  0.58058533370158794               17
  0.80077594104818539               21
  0.48323971266701693               19
  0.49353357231915740               21
  0.37426809085359625               19
  0.60553155293978855               17
  0.65576198538048247               20
  0.61297946919485002               19
  0.41332052514686957               19
  0.63727157075328345               21
  0.49697039112289015               22
  0.43269366617607291               18
  0.22323366541802481               22
  0.18930667122597741               22
  0.34509953942455041               22
  0.17369598029008990               23
  0.52268736415587747               18
  0.44430975104432557               18
  0.41640054059673870               17
  0.27115349934077188               22
  0.33397501355012416               24
  0.12132398029703850               23
  0.50868001888887993               18
  0.74206096616121331               19
  0.17691252869979279               22
  0.66721068672739148               13
  0.61875207580064129               16
  0.39692745465800527               18
  0.47065042971133769               19
  0.89817554848123593               19
  0.52173228031310570               17
  0.64384386938600213               13
  0.53499393427527320               22
  0.92911223046410696               18
  0.86667848475380138               18
  0.88659035573780498               20
   1.2467963927206398               17
  0.93735162139020300               18
  0.68921510125101160               17
   1.2631196969958201               15
  0.97196236241869649               19
  0.90112407923250171               22
  0.93865198481700585               18
   1.0153077391860588               15
   1.0594336183867585               14
  0.60126462833413175               20
  0.65991587621901815               19
  0.74257565754388632               17
  0.81248292445625714               18
  0.82445623145233604               23
  0.73320006590753917               18
  0.88402082920340097               21
  0.80639871904488891               19
  0.49981459909080139               21
  0.55456909007684119               21
  0.31193136521213238               21
  0.76493324751079117               16
  0.64641018927245297               18
  0.40983103286374617               20
  0.61813515019610688               16
  0.51044335809850216               23
  0.28138800425165983               22
  0.41980141804904153               19
  0.27496910869641983               22
  0.18806423423263169               22
  0.17121045620843975               24
  0.55707031379670990               18
  0.39208686145399957               21
  0.12111690551842237               23
  0.64463563995562023               13
  0.68507898466864370               19
  0.54799674723628555               21
  0.38248094313647574               18
  0.37093228289552710               21
  0.61712180875331313               18
  0.41855495659543690               21
  0.95119973046725637               17
  0.81148300415382357               22
  0.47640186823622593               20
  0.61455682914890153               15
  0.80030625684080370               24
  0.70784652551931271               20
  0.94166562905501972               20
  0.86082339953442488               17
  0.82705018241975869               24
  0.95067421130599006               17
  0.64549827345515098               21
  0.79730900243954073               22
  0.60709465666978146               22
  0.87017222795438609               19
  0.95786718015913441               18
  0.84758023379705572               21
  0.93723266823447393               19
  0.95913676642877932               20
  0.59985350473646937               19
  0.87615962501285316               20
  0.82822731202364452               19
  0.79167814695164340               20
  0.66868403985430402               18
  0.82066008016902869               19
  0.73085094633878767               19
  0.67937663031286111               20
  0.54067697445483209               20
  0.56135286851169186               19
  0.28987946581608942               21
  0.42236317671545692               15
  0.37544459822867154               19
  0.68536028334788790               20
  0.20880496400973428               23
  0.39052331573929716               19
  0.26843790853705457               21
  0.58486616288759052               18
  0.68166742390667012               21
  0.15100147591633503               20
  0.31289991427087993               20
  0.47031368662838563               14
  0.39255248503285040               19
  0.16747618253623076               26
  0.51894792305693449               18
  0.24744801444822370               22
  0.28149709675537166               22
  0.32841671108018244               19
  0.28384969180153358               25
  0.30304831187187886               20
  0.84563294209489137               17
  0.54898193099247761               18
  0.53196643792530585               19
  0.25643006995279022               19
  0.52401258712398802               16
  0.49137242898693634               18
  0.69788688098003249               21
  0.85289151538006913               17
  0.75938512110978340               19
  0.76308399246058156               22
  0.94867972734819495               16
  0.80323128396161669               26
  0.93183533269075014               18
  0.94869301960236341               17
  0.89683689942313471               18
   1.1721278942928905               17
  0.97984069942277374               16
  0.70685158388859248               22
  0.69652079169964087               18
  0.75925648027466075               19
  0.75827438020176485               17
  0.95493700897205991               18
  0.80305399915637776               22
  0.85449199418877642               17
  0.93519564010711376               20
  0.45001100467007898               18
  0.75575102312490428               18
  0.80749323494796799               22
  0.52973910731030549               20
  0.58002943336911417               23
  0.69834621926390350               19
  0.55608743430268148               21
  0.45498991738600697               20
  0.56093771860133457               20
  0.59002318124406050               20
  0.51529572468083773               15
  0.16811311865286199               21
  0.15686689648875876               22
  0.43714864690847766               16
  0.55260237713284377               19
  0.34006813571332167               20
  0.50527076525201620               18
   6.6765587470108717E-002          21
  0.29380352176568064               23
  0.47667512799259298               21
  0.30201899591555237               23
  0.34768477788007629               23
  0.14599388156449233               22
  0.17266953423629419               22
  0.62840535615810833               16
  0.53306005063912554               18
  0.87874412606167007               16
  0.62274268572641878               21
  0.72074383164840983               16
  0.84439649968794217               22
  0.71248332049771013               23
  0.87931773646566314               20
  0.87601796506922547               22
  0.71732641335685776               18
  0.67328859021250009               23
  0.91159483634206229               22
  0.76453249838120152               18
   1.0515905254811586               17
  0.71863081438091314               22
  0.99592938123323616               16
  0.84765700180158909               19
  0.92080822153993969               16
  0.59731968202936692               21
   1.0652617844355285               18
  0.81057639606946208               20
  0.98945868326347042               16
  0.88893495363463926               19
  0.64984991819001214               20
  0.96065465643104231               15
  0.83807753356430548               20
  0.74557446035814057               18
  0.43949390436861818               21
  0.52690198292042489               22
  0.60136305094949838               23
  0.21769630895705483               19
  0.52392640131320589               21
  0.59848485061483003               28
  0.31443485906200058               20
  0.59746856140310090               18
  0.41100482112675135               17
  0.22403087154623744               22
  0.16350547936956084               21
  0.40201416395607437               19
  0.48027531468029888               20
  0.19836886445517582               21
  0.50949645501266971               21
  0.31317889375566499               22
  0.15132998841267409               24
   9.7716606402534698E-002          24
  0.39985781771462364               21
  0.54395957021710239               18
  0.23863567058374627               21
  0.20660955275930334               23
  0.58173902063829619               21
  0.39865043361417907               20
  0.39631390124245264               22
  0.22460773554471428               22
  0.65292462276231189               19
  0.57225917268765258               19
  0.49141467911069697               17
  0.38091880213793755               19
  0.74358671197457549               18
  0.50752428705944008               18
  0.77795296251740631               23
  0.83693869451673253               23
  0.74018122200021341               19
  0.99500962439932339               18
  0.82184112486556948               19
  0.72463920948512717               17
  0.99218959156874742               20
  0.97874980945184609               17
  0.95206978404791787               17
  0.86948914934208321               20
  0.66886125744633917               22
  0.84096892325351413               19
  0.86812907931934225               22
  0.80451767382131911               18
  0.86968505663775386               21
  0.53691552020114486               20
  0.61460709709201466               21
  0.35008151724258757               20
  0.62548259905730275               24
  0.42502670389572939               18
  0.47839222292503158               21
  0.26128004044634195               21
  0.44548505712443065               20
  0.84747414525629172               21
  0.59343777820666699               19
  0.31995298639156072               23
  0.47023728385881947               21
   8.0759786509415885E-002          22
  0.34325680540120884               21
  0.15682881605840485               24
   7.6503775222127049E-002          24
  0.31816788323760009               22
  0.19713125665225989               24
  0.12629758117125175               24
  0.33687631120833533               18
  0.42783668260523344               23
  0.26510457323090375               23
  0.25360238224712889               22
  0.13174582470667601               24
   9.8266792002228487E-002          22
  0.79849976253052857               26
  0.31416356230938586               20
  0.39069886070345766               18
  0.38624340113323891               17
  0.51424759997512737               23
  0.71393191129485101               16
  0.67274639614794407               21
  0.54968821284761316               17
  0.64728594613228041               23
  0.52804402435214393               20
  0.58983961269299923               19
  0.40638823119657369               18
  0.71495475887357962               22
  0.65195854638634432               23
  0.57251140859836147               14
  0.94787439954268238               21
  0.90390107086386340               22
  0.84393276890831903               26
  0.88738945975236205               18
  0.91219620999414441               21
  0.92938529490937505               21
  0.86078613016973671               22
  0.69884915142726300               19
  0.76438805529552678               21
  0.84530955453517509               21
  0.57003564146886976               24
  0.91285032352072570               20
  0.92041973879264449               18
  0.57395433378004412               24
  0.68112619286275666               18
  0.70191114807410115               16
  0.58184821889117599               25
  0.45628875202686997               20
  0.76629469074777445               20
  0.56989165599786618               21
  0.27112376846244229               24
  0.12886624452712570               24
  0.11919980515542876               24
  0.23550606030288251               20
   1.6718055132876924E-002          24
  0.12636799703433441               22
  0.34944489643160148               21
  0.40329050554196416               18
  0.37116857621215743               18
  0.60786623851203547               15
  0.13718186629212553               22
  0.33997415586628432               16
  0.35437925876573795               19
   3.2071955782013092E-002          24
  0.31175748447019347               21
   4.2060315809032731E-002          24
  0.22848045205433676               19
  0.33838452233848609               20
  0.34834838900277926               18
  0.52557461987300580               20
  0.48446495178963939               19
  0.40511195715056458               24
  0.36620021711712258               21
  0.81891384994941496               22
  0.50770645517528268               20
  0.48819360638050630               19
  0.65600386453304382               18
  0.84706345795995686               18
  0.86428753346515885               26
  0.59007921061703916               19
  0.83779308053100510               24
   1.0045385864740064               15
  0.87025933769283847               28
  0.83515369364337444               24
  0.89722362210345730               23
  0.69428594538888877               20
  0.58193288620599681               21
  0.87430455288657571               21
  0.69904026619012471               23
  0.81515537516128955               20
  0.41708805292531037               18
  0.93567991786215210               15
  0.65716243867057245               22
  0.78619235076955962               14
  0.89883630401172887               20
  0.25496142494244894               22
  0.86340022596821442               21
  0.64305657182041465               25
  0.85453384404554644               17
  0.54418794215592614               19
  0.32127363221024480               18
  0.40290655529745761               17
  0.53568639078961044               23
  0.33067427708088948               18
  0.47838182018936043               20
  0.26769269257773692               18
  0.10514072559163118               22
  0.13756846603086981               21
  0.18247537344961656               25
  0.12579154144520890               23
  0.35000799035906782               18
  0.21696432472431276               20
   8.3939748019284929E-002          22
  0.11413632955063606               25
  0.20802607086314442               22
  0.23082329799722356               20
  0.15997110082944907               23
  0.37482979826900220               20
  0.48782635668281149               21
  0.37278341205048326               24
  0.45069242289416145               17
  0.41987302179954628               20
  0.50170062934454041               20
  0.44186851742721289               23
  0.58562611067669257               19
  0.55962814382260129               17
  0.48889169459004700               24
  0.73144521744187296               22
  0.75085771704581894               21
  0.81051450951203963               19
   1.0436589844962183               14
  0.87041675341679514               23
  0.91625591823725827               21
   1.0165547898711302               15
  0.69136068919225080               18
  0.95439795547280681               17
  0.91270519175860132               17
  0.77716230871536318               15
  0.88484322929234216               18
  0.76549638396411268               18
  0.95946041970351859               19
  0.78199328535770396               16
  0.86793656655129636               22
  0.74788541717221746               18
  0.84203006037106765               19
  0.16294921373138627               18
  0.62779834628946574               21
  0.61651178779665294               19
  0.53445465111158297               18
  0.16651685416788803               20
  0.60791775898406197               19
  0.51747570335246318               24
  0.55882732807260205               21
  0.33252077939957542               22
  0.53527868426867042               18
  0.20535026118867333               22
  0.14626970585042334               23
  0.43039720157034039               17
  0.28097382468738613               19
  0.21646129700210442               21
  0.19460181527846557               22
  0.22734582917140531               22
  0.32432632563222680               23
   7.8252516986189818E-002          24
  0.50394249715030492               21
  0.41989035810601705               18
  0.46777930523718703               23
  0.63934102077788668               21
  0.45545038936170829               19
   6.5724051942443504E-002          23
  0.43483848349950777               21
  0.42250528442606738               22
  0.57307424526477890               19
  0.68596301534999948               15
  0.56859623499758538               19
  0.41799539447366402               23
  0.67597609040776485               20
  0.90622171709872612               17
  0.81912496796599321               19
  0.78388381193025858               19
  0.79714900369198782               21
  0.74845151360008089               21
  0.72206544308358644               21
  0.95244863011188574               19
  0.78833683410417044               19
  0.91492406686607064               21
  0.87748160004301978               17
  0.92015555031166041               19
  0.96302121725591927               13
  0.95291449469175604               17
  0.85522590941752641               21
  0.65156684660300290               19
  0.58447913275167485               17
  0.78220738044315274               17
  0.34241220167824932               21
  0.45878439291551698               20
  0.57891093457061826               21
  0.52240421954702376               20
  0.84303449071361081               17
  0.20792042525979262               17
  0.57635570594609498               23
   3.7918241725640629E-002          27
  0.49493400394639947               21
  0.27040480241871478               21
  0.44456134927254987               19
  0.20960965907720600               18
  0.44353178208592536               19
  0.16492634002425469               21
   5.3273771499652664E-002          23
  0.14576795946228902               22
  0.61576634836215915               20
  0.22014492510532441               23
   6.7112675429117155E-002          24
  0.22678786291568645               22
   9.9259934487460871E-002          21
  0.11007000104726142               21
  0.61092425814045093               15
  0.19082275772452842               23
  0.18706927155885192               25
  0.25016891643857497               19
  0.51410745952435910               20
  0.41498028785593633               18
  0.33069436806979491               19
  0.81669224163230969               19
  0.33864289989541707               20
  0.51099845318051396               18
  0.96239724675108451               16
  0.65073158269186082               20
  0.62669092764511070               16
  0.89834373216682939               20
  0.83766589284075055               16
  0.62146804358849828               20
  0.90884194266563312               22
  0.96014382697386635               19
  0.94978029854360990               19
  0.80639758286554508               19
  0.87150717304845671               17
  0.95757596758741181               15
  0.94731847100764566               18
  0.71522619345504213               22
  0.27355386897660816               19
  0.57022941321929610               19
  0.66158157819854579               17
  0.64624165188581240               20
  0.64330482597232985               21
  0.66893269709072278               21
  0.40227680375516905               21
  0.37567110582577184               18
  0.48967288655130781               18
  0.51337049921667088               19
  0.50561453589935901               19
  0.52709292445823541               19
  0.20621994533954224               24
  0.65034037985868520               16
   3.4607461254566617E-002          24
   7.8419654283971074E-002          23
  0.13342532078442348               23
   4.9776758166714750E-002          21
  0.19335440398098672               20
  0.28478606587568511               23
  0.15570713031993452               18
  0.38288891230965055               19
  0.21894105738911598               27
  0.47979978092149483               18
  0.33556656465730517               18
  0.35031830267922431               19
  0.13531856666864578               24
  0.10740230647533922               25
  0.31076895152812462               19
  0.15728511911276427               26
  0.53148045119752263               19
  0.24021865239266577               20
  0.26832167506468396               20
  0.65452450009609131               23
  0.30077030006917188               22
  0.64869883632939307               18
  0.64656149986504108               24
  0.62866347687999702               20
  0.56041502165193957               18
  0.94504693815337226               17
  0.94491520782999083               20
  0.80304995290412862               19
  0.64506080577829983               21
  0.98318904534602591               16
  0.89946793856340423               23
  0.41640729377293229               19
  0.96824463595661758               15
  0.74964609208309207               19
  0.91391017603103730               21
  0.68700125340401108               21
  0.56956351051110532               25
  0.72194802292139704               19
  0.62353328978097811               24
  0.69882870074983072               19
  0.63625076242959611               22
  0.66877500991840122               24
  0.65664361692975137               21
  0.40845949403880882               21
  0.62546189593703538               21
  0.68123865373141768               24
  0.17662837899724523               19
  0.39032237174452772               20
  0.26873936077439275               20
  0.16961388639516833               21
  0.47011838905659603               20
  0.32767651367197470               20
  0.37122236622100890               19
  0.31885793562771803               17
  0.24442696791838342               17
  0.19114701358326286               19
  0.31058333373215857               20
  0.20168970368519565               18
  0.14844117090376466               22
  0.22252698901744827               22
  0.42516074447821067               18
  0.13577854258272493               24
  0.13471050384974073               21
  0.52794109291385283               19
  0.25435219858052888               18
  0.64336496680625643               20
  0.34854900520318022               21
  0.41063083946957324               20
  0.54487710979190562               19
  0.49351337936173101               18
  0.46806844937526310               20
  0.53344843865774971               16
   1.0395230513943754               18
  0.73772322719251204               21
  0.66162599199890804               20
  0.87727825180535557               26
  0.88896295430696881               24
  0.76286350680200676               22
  0.87133768662175648               17
  0.73170733508052477               26
  0.71005613179224525               22
  0.61938390532991572               23
  0.95938194999295201               16
  0.86217865713904207               17
  0.90133219503461814               20
  0.66829469349902748               25
  0.80880203726045719               17
  0.87484957701071631               21
  0.48316758597273740               19
  0.57323455199323381               24
  0.96440083992416681               18
  0.32398916823301355               19
  0.33604414104386798               22
  0.39014987355830699               16
  0.28254277073892037               21
  0.20781013247777577               23
  0.32844755120672614               22
  0.35876049007618305               17
  0.68792096724015006               17
  0.44079642408815967               22
  0.49053482582403751               22
  0.37500491566647826               19
   5.6650675745797366E-002          25
  0.18167695323688671               20
  0.11216483085508258               23
  0.41419762246260555               16
  0.19304668235518405               24
  0.17946501825793318               26
  0.11948681120264697               25
  0.19829759983536163               21
  0.26888451182705014               19
   5.4077499915679561E-002          24
  0.33236651648581306               19
  0.24082418665120764               22
  0.38182574788801799               22
  0.18691417242287542               25
  0.51930625426536747               20
  0.22065876956119579               24
  0.41036739751988294               22
  0.41903756548917842               17
  0.48091956946798708               17
  0.45985008655949511               20
  0.35210572973632670               21
  0.68807231213975739               20
  0.80537843675925858               17
  0.71286368920092014               22
  0.87045916144081281               26
  0.85386127389781963               16
  0.90969027464718066               17
  0.73660114777936980               18
  0.73589310981628786               21
  0.80451735773197530               18
  0.79702856721086102               20
  0.68986990217755606               18
  0.57002709449887135               16
  0.67885513839159994               23
  0.82189125230103510               17
  0.63335027677445210               22
  0.70294785855236341               22
  0.71634029749924422               17
  0.75775923669663736               21
  0.85105905463171783               21
  0.57459966523203043               18
  0.65810151371568404               16
  0.62077138621745065               18
  0.11323234499860081               19
  0.36113362236155272               18
  0.31299069408334462               15
  0.37146081705509543               15
  0.57833916182500311               20
  0.41182031855662288               18
  0.31428676784963860               16
   8.6650016060866669E-002          26
  0.29571969727163777               17
  0.39288885028467513               18
  0.27146261235612640               22
  0.32286170825778393               18
  0.15885780570050750               22
  0.20951552013851008               25
  0.49930451996043757               20
   9.7756161306207706E-002          27
  0.51379234321809020               17
  0.48339364226731313               20
  0.21100274089049131               23
  0.31544715016378211               18
  0.33870828143309678               19
  0.56871731460587360               20
  0.54373749889676137               21
  0.81817981638982784               20
  0.32903067597856750               17
  0.82205337682429724               24
  0.81761694072459645               17
  0.67418287536631682               19
  0.91266656964302351               15
  0.77489067735685890               24
  0.84906549491209338               19
  0.74877617124135887               24
  0.97117641557119383               20
  0.89724417333609208               20
  0.93347967227625839               17
  0.73199284505034312               17
  0.88957757746491550               24
  0.83667830001739119               17
  0.76959327603968541               18
  0.95075675149802652               19
  0.95131109603999298               17
  0.68754365948182949               21
  0.94084324848028988               17
  0.78308318022076873               17
  0.83666993423766700               17
  0.47806787760242203               21
  0.65230193407462300               26
  0.82672580435045595               16
  0.66824178364759801               23
  0.75533281939150310               18
  0.92154516977473355               18
  0.55945133755508136               17
  0.40899137237479166               18
  0.70231356901453512               16
  0.31415450068431860               19
  0.28399946775206020               14
  0.39113002192495017               23
  0.36131974039440179               18
  0.14337205903002834               22
  0.29876696732604474               21
  0.47465281306599061               18
   9.1375921333582064E-002          28
  0.22893648689530335               21
   6.5664813006466163E-002          21
  0.26706402032872423               18
  0.21239212007259514               21
  0.43008020794152052               19
  0.29779489679093107               21
  0.29715588408524823               21
  0.36795766179431377               15
  0.36831680838009556               21
  0.48876906701611977               21
  0.46153387942800983               21
  0.56985487902455445               19
  0.41042094193691142               18
  0.88856104434317829               25
  0.76660450226521459               20
  0.68885859216318712               19
  0.44857193311327087               17
  0.78676787054559927               18
  0.87213448181340325               20
  0.93402708699248871               20
  0.66924642185970118               20
  0.84315776961493805               20
  0.94875437733678070               19
  0.59867028258407129               18
  0.67929298991440290               17
  0.97579240720161198               17
  0.70410231390672906               16
  0.93546836843163250               18
  0.78474896440639497               19
  0.64352258809842822               22
  0.77675398792015971               17
  0.72316047764951397               20
  0.84856860493049036               18
  0.82455994103170072               16
  0.92115783118414840               19
  0.58585179999425518               21
  0.72598428857290986               19
  0.40230203236053891               16
  0.51844380212434016               18
  0.79788243424967564               19
  0.37340334289499305               18
  0.34082335371367600               17
  0.58904401833395048               21
  0.27810006508381768               22
  0.18306963951296035               21
  0.11618239556782936               25
  0.15455299692395025               22
  0.39624700453521638               20
  0.59159461102030730               18
  0.24696993705101664               17
  0.21257824446499812               19
  0.22731603161904065               21
  0.24963677552478630               21
  0.34947405119722874               20
  0.37175092911962537               17
  0.23395757835714553               20
  0.22847404623749115               19
  0.28631723009644128               20
  0.58859351078469813               21
  0.58841090765153992               16
  0.27067428391498044               21
  0.62077212223263145               21
  0.66191938338074396               22
  0.46119723936286983               19
  0.68816116655414405               18
  0.61743672070639333               16
  0.60012846231751937               17
  0.95302235639173227               20
  0.49741369639006666               20
  0.76741255055189428               15
  0.91971602520631701               17
  0.95518545528410881               18
  0.87122293780861237               19
  0.97010145845100282               17
  0.92282968625432327               19
  0.93063230548624221               19
   1.0552561448805799               16
  0.87454062788501841               21
  0.90695040815092498               16
  0.83573416787490284               16
  0.88124886562121507               16
  0.67304107510664379               16
  0.72262800661013560               19
  0.78274325085261121               16
  0.52906525331079823               22
  0.61335238367589950               22
  0.58754267955683259               17
  0.53235727605284033               17
  0.58500847531729627               22
  0.77782210772750704               20
  0.49623809584179229               23
  0.52896210535048627               19
  0.35035656623578360               16
  0.51564327180987135               19
  0.61935864615267211               20
  0.50224555851248442               21
  0.24074448683618418               18
  0.45718750964632604               19
  0.19224742084652313               21
  0.32933647670565552               22
  0.24244045398785949               23
  0.34423265794798485               17
  0.70547552680029912               20
  0.44567098139262556               18
  0.22100060668182736               21
  0.62519326499195438               21
  0.39008400422487194               20
  0.40223337157583522               18
  0.62363135453288610               22
  0.57694807510278923               18
  0.64752631428031060               21
  0.60996719565894075               19
  0.33200597062830867               20
  0.39093016473371583               19
  0.56076060567673358               18
  0.83850415500375641               17
  0.66420850067407367               18
  0.90418539442745194               26
  0.95605489586215187               21
  0.88986907470746024               20
  0.63003734504728626               19
   1.1045988495716348               12
  0.98003738664081741               23
  0.82199355591631718               18
  0.96913262560579316               14
  0.91403115074098218               20
  0.74569429433692713               16
  0.95625084922274139               15
  0.60568048590995760               24
  0.68015613840655331               23
  0.83938128284914848               15
  0.49444815285821259               19
  0.53254789549934212               19
  0.38653141686672843               18
  0.52714857166066598               17
  0.67397446809559214               18
  0.96662768510608810               16
  0.67196353248282781               19
  0.60822291131152906               28
  0.77194417736893217               18
  0.61426840388989512               20
  0.48959062123233177               19
  0.48624888969121743               18
  0.50872355010257742               17
  0.35596829672775210               20
  0.31530999415110678               18
  0.53196905680334527               19
  0.46641918875917293               17
  0.11772876663128420               20
  0.27070276159166928               22
  0.39759776342510189               16
  0.23711921558660110               25
  0.21933102248789479               18
  0.34359533614813115               17
  0.73969889948623457               19
  0.20452598911806111               26
  0.66441988004182340               19
  0.35770810498630340               20
  0.50402021386069973               19
  0.27693286610171064               20
  0.73170347988086193               20
  0.79308286821039808               18
  0.56000809738189783               21
  0.79585070712152306               19
  0.71101765165451047               21
  0.71262978022315204               17
  0.62826784082977449               20
  0.88194899256789749               24
  0.82292171309545314               25
  0.95690788023217277               18
  0.83457060105765191               16
  0.69118566115433000               21
   1.0286389623601730               16
  0.72939839408409346               20
  0.86536337384153528               19
  0.94053879495431292               16
  0.76468175815686468               19
  0.92269842381340816               15
  0.76135211696282890               17
   1.0898242365999111               18
  0.79004909020867409               18
  0.72238925038888180               16
  0.74430528836400245               21
  0.72274789080543667               19
  0.72475343000866355               20
  0.46684315431496154               19
  0.43092773567675663               16
  0.41116473371211282               20
  0.67089084014070144               16
  0.65629698912170653               19
  0.59681026463715015               17
  0.68956133266410180               15
  0.53347558484689872               19
  0.12780175500953289               18
  0.23038758356716996               22
  0.35534954754608733               18
   6.0309483746644604E-002          24
  0.33650509224279584               19
  0.42210764698130354               22
  0.38025435556447601               18
  0.44149401253385412               15
  0.51801539448362255               21
  0.66830357150687292               19
  0.25555152550268334               23
  0.31487354910945081               21
  0.26210696064411543               20
  0.67511871375843913               23
  0.46408916433041458               16
  0.72999138631334037               20
  0.57378859106955782               18
  0.60409165149411392               18
  0.61352424306892961               19
  0.58969970538960059               20
  0.65697789064397849               21
  0.77614948400136052               23
  0.83093580712708492               20
  0.64544411000990665               16
  0.89127313979469225               20
  0.96761136793248481               17
  0.80137865021541710               18
  0.51138743180241042               18
  0.85482451560279915               19
  0.88581562854483553               19
   1.0375168446864287               18
  0.96431105316026988               14
  0.97500070832782237               16
  0.83680590167634339               20
  0.94399357386216254               17
   1.0040231323512350               20
  0.97688598013033479               18
  0.91884775335511970               19
   1.0010625848865302               22
  0.69039852373851396               19
  0.60680782975894976               19
  0.65046973153640741               18
  0.74887042780010571               15
  0.52607302802163247               16
  0.34150108830371911               20
  0.78757374948234704               19
  0.80537765525714344               15
  0.44638033718671000               21
  0.47082872535518960               20
  0.49149378245313174               20
  0.27025966888835495               16
  0.38654683168332837               18
  0.29955851286620849               18
  0.66774528802456024               22
  0.46670906372091575               17
  0.32559606439464950               17
  0.51586062669206223               18
  0.50575243836135297               17
  0.57855967363386984               25
  0.49975678905207838               17
  0.95288668501823448               20
  0.64110214387831921               21
  0.60298379623742859               21
  0.58639428109457536               19
  0.91583671335246486               18
  0.47060890025149738               17
  0.42611187190051686               17
  0.54924382265452742               19
  0.60399918763360849               19
  0.74265052633559026               17
  0.73332134424929640               23
  0.64118020979462820               20
  0.91345381674106363               19
  0.70810748186568639               23
  0.94645912029780155               15
  0.73500966086792807               20
  0.73957016903484807               18
  0.83054643963584140               18
  0.76970472396011924               19
  0.87518415580691244               16
   1.0605329181779439               20
  0.76593320957979727               20
   1.0342141458589611               15
  0.88555331126839842               15
   1.0198188540118396               17
  0.99508839717252384               19
  0.74939778741914953               17
  0.57223769761578402               16
   1.0786332956494231               17
  0.95940275451002222               18
   1.0700467091520149               17
  0.68151461917028899               16
  0.54933890324047774               19
  0.58378998197092891               17
  0.95917998949618266               18
  0.66773473723822074               20
  0.60426544911824720               22
  0.70707924341151840               22
  0.57837138745780992               21
  0.42251426749810511               20
  0.23728537344925585               17
  0.64523645995129475               18
  0.45823845204288499               20
  0.47134153663394202               20
   9.3831558668527812E-002          22
  0.39659532320461016               21
  0.67586888061240002               22
  0.71741850818003616               19
  0.26979026463089301               20
  0.44662486471345159               19
  0.59250998089332552               21
  0.31411831989624067               20
  0.79829344727782414               16
  0.64773368562615130               22
  0.53865798470545712               18
  0.46659648554242839               20
  0.69057325258190305               21
  0.21720458924063749               21
  0.91890998030971605               15
  0.69862585403884025               21
  0.51378307858824657               20
  0.79364869411508432               18
  0.75532084993412196               20
   1.0207738833872217               17
  0.98881719490318143               19
   1.0027198894564739               16
  0.95014278789787643               19
  0.98912359430911734               18
   1.0061062587221203               16
  0.76977476455831906               21
  0.68652258754753615               24
  0.73326200206410197               17
   1.0076618353281892               15
  0.89120366640993465               19
   1.0452054332434357               19
  0.86143532586223182               18
  0.97953313866387948               17
  0.97795000404330124               15
   1.1275850565641663               20
  0.83735178312343017               17
  0.55673374924270913               17
  0.44405843486959312               20
  0.80367595530066394               18
  0.77447676739606641               18
  0.63764346466527344               19
   1.0223735219498589               16
  0.61992685366355849               18
   1.0160318716642136               16
  0.47623655876860083               16
  0.57936295668130944               22
  0.72161326492579658               17
  0.33361829796471820               17
  0.45840636166889803               20
  0.17239191305091708               25
  0.48946598478101866               18
  0.48973657271264903               20
  0.66222796110594973               19
  0.67641808703836004               21
  0.78312930027861638               19
  0.56407321215906581               19
  0.24207091554297022               22
  0.63258081502415486               19
  0.27079021928736291               23
  0.86657947768751153               19
  0.59696002268103021               15
  0.83344334079653193               18
  0.60910438304006209               21
  0.86685221632865306               17
  0.49035142318022440               17
  0.52749541050796012               18
  0.53052287119580988               19
  0.46065498976086455               19
  0.72958524156908755               19
  0.84420902442820223               19
   1.1609731573778239               19
   1.0344408631122568               19
  0.77894608009057298               20
  0.80626078341952145               19
  0.97245447344233893               16
   1.0852006932390112               15
  0.84556208604999705               17
  0.94106496898682768               19
   1.0592852491476732               17
   1.0484618527412566               16
  0.98009620307786316               16
  0.97506428534748013               16
   1.0639970843259714               17
  0.91758556079634379               20
  0.94843133295368065               15
  0.52021144259151364               21
  0.60947159537381457               19
  0.94696520138063656               16
  0.75113478227187636               19
  0.81525572984934846               19
  0.68207195606392967               22
  0.71026370545131801               22
  0.66795541014587811               15
  0.83084432687718657               20
  0.50328261849639322               18
  0.39949653114092515               16
  0.54474939129949029               22
  0.28915031861829360               17
  0.68667877318274906               23
  0.63579416818782908               21
  0.51696105521615832               18
  0.72781568485806014               21
  0.50549212492893492               17
  0.52657078933749779               19
  0.53821150751238256               19
  0.94121229134451945               18
  0.51849871318269936               20
  0.26215550261486975               22
  0.50424202742220003               20
  0.10227089972754047               23
  0.13566662466558987               22
  0.66325483005124741               19
  0.59209022716000104               20
  0.74801070601982089               17
  0.77708903645304783               20
  0.75005983737563153               20
  0.92558045697563363               18
   1.0278509939507987               17
  0.98367771636663681               18
   1.0793088903247290               21
  0.97406879793362910               18
   1.1837021475127678               20
   1.2701872497900788               15
   1.0611807176088646               18
  0.95249100705146472               16
  0.97463724506468841               19
   1.0726421899386422               23
   1.2005284152176836               19
  0.94638778331299900               18
  0.90104830833015703               17
   1.0123718819943526               17
   1.1643320384868814               18
  0.81785988491622152               17
  0.82664917241545133               17
   1.0116829458060390               18
  0.86080730326351040               21
  0.56787428626416159               14
  0.48973453176191512               16
  0.88778603715009985               17
  0.66481753091566786               18
  0.83549786596660236               19
  0.72473726284645024               19
  0.73663299486532630               22
  0.52369470962572839               21
  0.76148858156758570               22
  0.70431786438834376               21
  0.38226965332320428               18
  0.55107766641582911               19
  0.51353443720821845               19
  0.66816711928319550               23
  0.81459510479260433               19
  0.60872516413827893               21
  0.43847102585286152               19
  0.52345644489703302               19
  0.72648537511756850               22
  0.82957051651904412               20
  0.69445026494665552               18
  0.62504963847712813               18
  0.56190330406996003               19
  0.71735849022806430               22
  0.69669530486291953               21
  0.80637590406547388               24
  0.69238478826859406               20
  0.52779767448175030               19
  0.76596669883119661               17
  0.75108931464937578               20
  0.81977363827664118               15
  0.59614292732195151               22
  0.73924251901398563               21
   1.1373117372797876               19
  0.93643713454879041               18
  0.90409680046194141               18
  0.91782230055699121               22
  0.95148862977373083               19
   1.1368529899795430               10
   1.1525868199104412               12
  0.76759431144257273               22
  0.94923756170824913               16
   1.1271220287928483               16
   1.0039463537213384               19
  0.90021955943614651               21
  0.92753939557101683               19
  0.88711095644262217               19
  0.98820235149262481               16
  0.78573314488443780               18
  0.93656966717292067               20
  0.97545018064170308               20
  0.77266036661699489               19
  0.87228645539047300               18
  0.66605798016223461               17
  0.52556044874970864               20
  0.99602017667591580               18
  0.73007920597507514               21
  0.80092222070138408               19
  0.80810806643537914               18
  0.62297560271653241               14
  0.71464321283948551               17
  0.53855711999409039               19
  0.55930597469531373               20
  0.83199563947161459               20
  0.62299642815740652               19
  0.44875654166877355               19
  0.33715631185551537               17
  0.38561122437882150               20
  0.70470486258906639               22
  0.81311161332226467               19
  0.78384000878485305               21
  0.72105753352661983               23
  0.77491667421723132               20
  0.61508377104662282               21
  0.93885530857435995               18
  0.38951235611751367               18
  0.67777490460672374               22
  0.63007443385158823               20
  0.65272916026171524               19
  0.74083548857003145               23
  0.83153325292374802               16
   1.1042904152073754               16
  0.99787781560578326               21
  0.76639267245482223               21
  0.87492690580222787               17
  0.97533437494944819               19
   1.1786304357063913               15
  0.98001944660869211               21
   1.0793331270037385               16
  0.99385174456765957               21
   1.0009379274716623               22
  0.75727414099704327               19
  0.85127500366140552               17
  0.96391512501521248               15
  0.85040829834490395               17
   1.0485520306009992               17
  0.78080862961132780               17
   1.0752115137115981               18
   1.0702813107008422               18
  0.71863142070990760               16
  0.85634256341895365               19
   1.1359629499858657               16
  0.66591961787911247               20
   1.0081382494984372               17
   1.1021781866415925               18
   1.0819555921104125               16
  0.60702194747239402               21
  0.94107399527724334               19
  0.46555976440081920               18
   1.1136589870713847               14
  0.69501818674551818               20
  0.89458205921701439               21
  0.69464364021331715               20
  0.94419477150118436               20
  0.45867038164026830               17
  0.56614662913224156               21
  0.82816140556802509               21
  0.96573502470063621               19
  0.46988221004658814               18
  0.92842760494069143               15
  0.78478955106450299               17
  0.73145449405495366               18
  0.51522123325527003               17
  0.27063348522001096               21
  0.56122046834864847               19
  0.91995701488898096               20
  0.93068356763719184               19
   1.0502138421868781               20
  0.89848580271416789               18
  0.73232701762876695               20
  0.99691651133262671               17
  0.57881635129875075               18
  0.65513885175101683               17
  0.92886475306577976               18
  0.85495357888321721               17
  0.88919601351732447               19
   1.0915820113981294               16
   1.3279639404930179               15
  0.89799775793605230               18
   1.0331879584909947               18
   1.0338464060345698               19
   1.1826182673015200               19
   1.1438624719517807               19
  0.93228125481339530               18
   1.1218100622873084               14
   1.1193811434191614               16
   1.0757960622402627               16
   1.0065021051859671               16
   1.1208895173606344               16
   1.1576966334052432               14
  0.44101010285301012               18
   1.1400957731769739               19
   1.1515410279609801               20
  0.92389955156973158               16
   1.0539793987013342               19
  0.97033338362870514               18
  0.88137378857681281               18
  0.65726253769500886               19
  0.88028231587105998               15
  0.91016884786492502               19
  0.96753774370893042               15
  0.78052519341047299               22
  0.84505410584624741               22
  0.91527572434050553               15
  0.53655459309211539               22
  0.43910171101262385               17
  0.97110743136564592               17
  0.56192943973293152               18
  0.34899332650481335               18
  0.95641306591529684               18
  0.72902941814992495               21
  0.95957750459390068               18
  0.63693674432921032               20
  0.64096249415593498               16
  0.75246871406799332               18
  0.83758892352933456               21
  0.49319456831118469               18
  0.94567273419472775               20
  0.98664317969437809               20
  0.68275258087107005               20
   1.0455730640056098               20
  0.61433437541330338               17
   1.2397442258123021               16
  0.86492916264346476               14
   1.0531834972823357               22
   1.0742759570484002               15
  0.93463258630884316               19
   1.0671392016831931               18
  0.88936319808221653               19
   1.0624318992782609               18
   1.0634722830200949               18
  0.88186800488681527               18
   1.1191176856712195               17
   1.1628692112312773               19
   1.2863786028840842               16
   1.0103778535403873               16
   1.1671445400642810               17
  0.91170308674052847               21
   1.2460620438533503               21
  0.84068651087437929               18
   1.2236022586090045               17
   1.2613697518531399               13
  0.74478550380931718               20
   1.0044958544597868               18
   1.1069098618985280               18
   1.0453206648340767               14
  0.81755148717304094               20
  0.43771284684908329               18
  0.90222562410353147               18
  0.91459607648359531               18
  0.96475707014481260               15
  0.62959369109424934               21
  0.64279522595123118               21
  0.43665786349051766               19
  0.78199163827257467               18
  0.67188770473912063               20
  0.43424392024398628               20
  0.92874818830804295               20
  0.85447646111640885               20
  0.49987251285670170               21
  0.60167059334765260               21
  0.95622479965712326               13
  0.80465868763816162               19
  0.38016500960785521               17
  0.79042708840725551               19
   1.0484843560589265               18
  0.71880430935144612               18
   1.0079662880586382               20
   1.1177302207959243               19
  0.86832271776876857               19
  0.65497956187770634               18
   1.0115748644567326               16
  0.86667192328711518               18
   1.1877513028554405               13
  0.83381791884399026               18
   1.2768575037568091               14
   1.1604105971394185               19
   1.0257441427309653               18
   1.1985819672412374               14
  0.85162257915147788               18
   1.1404764697875402               21
   1.1430020856105472               20
  0.94341746358891976               19
   1.1376607079950960               16
  0.76244440355128906               19
   1.1709390079709803               18
   1.3333109081753376               15
   1.0233524866957426               18
  0.89150366404129899               16
  0.87334359622811220               17
   1.0649054806442184               12
  0.78583398519998848               19
   1.0679387832210363               18
   1.2001638543354294               14
  0.88254927595309085               17
  0.77138085109782462               19
   1.0664619717791493               15
  0.84393880813979871               21
  0.81861406508032097               17
  0.75642846351840398               21
  0.64991832288916884               22
  0.84489327352915611               18
  0.83781729662147431               20
  0.97583901397952577               15
  0.47151048397441908               21
  0.87037850400068439               19
  0.79754101276585043               20
   1.0584594067010293               16
  0.89125196957718267               23
  0.60943332718303311               20
  0.76356949492775283               16
  0.74833533528949570               18
  0.53078347037723783               20
   1.0443618487358819               16
  0.92746064597799360               19
  0.88493255386931857               18
  0.76958713530349410               16
   1.0457991795295591               18
  0.83941621914339104               15
  0.94463635231370569               18
  0.44900372191235449               17
  0.78288057665019717               20
  0.56935162465127398               16
   1.1839272987008607               16
  0.98319067942337735               20
   1.1228254991617606               19
   1.2591705293469337               15
   1.0888696540677443               19
   1.2576450273320405               15
   1.0452619831915502               19
   1.1498079491257394               16
   1.1072210487370806               19
   1.0159444474890427               14
   1.2006413342818905               16
   1.1782487981102130               20
   1.2160259001888380               22
  0.85105556258620818               20
   1.1949989775863950               18
   1.0854103756763478               17
   1.0702071117707377               17
  0.95789345319553287               16
  0.99507646947314166               17
  0.87720518491492605               22
   1.2695726838264862               19
  0.76281319151691185               19
  0.89535176827621110               15
  0.68027408389725630               25
  0.94188177132961692               18
  0.62275434774857052               16
  0.92865867271100144               19
  0.84665742964338686               20
  0.76955360026220765               22
  0.67652902291325390               19
  0.75131062660378278               23
  0.72501231600414673               20
  0.98217258047330513               20
  0.81546686786875222               19
  0.93721465567240447               15
  0.97298309011162765               13
  0.76018497361044857               20
  0.83897188410366441               19
  0.78695501067777740               18
  0.99810479844781641               16
   1.0624273229105055               21
  0.74016616995527440               18
  0.75626423637944862               19
  0.99954892014647234               14
   1.0017839988178705               14
  0.72356534738539824               23
  0.83332886537412199               18
   1.0679769311083642               17
  0.97413669819047355               20
   1.2405291158153890               15
  0.99607348428665043               19
   1.1308978859449255               20
   1.3371125470040479               14
   1.0322439177854741               18
   1.1479370347571760               13
   1.3299557269447104               13
   1.1500400049256136               18
   1.1656802639522972               20
  0.99761645215347972               17
   1.0313990147510452               16
   1.2333918913104818               15
   1.0790366096768278               13
   1.0104024509880938               18
   1.2841139370698107               18
  0.90619318965270923               18
  0.84222152334233047               18
  0.91156215313596167               17
  0.92166548872379717               19
  0.84777063807243047               19
  0.97746714574657811               15
   1.3039819908048897               17
  0.91949076688071285               19
   1.0185333564213785               17
   1.0548201650679818               18
  0.85735202575653002               21
  0.80604572424822074               22
  0.93390211308706972               19
  0.89054736061593709               15
  0.68300914167719917               19
  0.69463802223602933               22
  0.88893350259752379               20
  0.57584069098034341               18
  0.69418120385355697               18
  0.78031142626877859               19
   1.0345351680480193               17
  0.99706752502323381               14
  0.89324920642239503               18
  0.72955261436304542               21
  0.96492472333334922               15
  0.70868558003150806               20
  0.63805324912759176               19
  0.72140863700623969               18
   1.0234580284284209               19
   1.0089249908810629               21
   1.0476791771299887               15
   1.0361384415623713               20
  0.82266140102646479               20
  0.81988672847696353               13
  0.73096845447817205               20
  0.80772548463911431               19
   1.1859256268179714               14
   1.1785400602394878               17
   1.0539752849357031               19
   1.0382213868993082               19
   1.2347973238931025               14
  0.74976395121322226               19
   1.1037612642806138               21
   1.1106358280832387               17
   1.1434255615395885               19
   1.2417716160376417               17
   1.1922315521017417               17
   1.0053927613809226               21
  0.95728027485773082               16
   1.3104987389967031               15
   1.1370806825699056               16
   1.1668337351819524               15
  0.97257223125099723               20
   1.2080134692592186               20
   1.0019359668088068               16
   1.0385028093756461               16
  0.74309612021929894               19
  0.84749839274995131               18
  0.98458835863463101               19
  0.93836389349782867               17
  0.92867907358445645               16
  0.82439447974848290               18
  0.79100590598169451               17
  0.99749855842062896               18
  0.90079652461874071               22
  0.77247500427045490               18
  0.87547715865606379               24
  0.79449536178343849               19
  0.81020446361439113               19
  0.64668024015474945               19
  0.90646563887146980               18
  0.89796535969113844               20
  0.96225825263992448               18
  0.81067157356613151               20
  0.85911324595622141               19
  0.94467939189045613               18
  0.80231104689569743               19
  0.98488260189979315               19
  0.99562905169538873               17
   1.0264190964959974               16
  0.67136756505948503               20
  0.91198474921657458               16
  0.77129714436715602               21
  0.96068595487010522               17
   1.2092725314337822               18
   1.1110488805046144               21
   1.1084823781437323               17
  0.91923676915484820               18
   1.0898349399880822               20
   1.2461865866035855               15
   1.3009925692097584               15
  0.96654984684164924               19
   1.2064242161432936               19
   1.2756406395558821               15
   1.3063950004871874               17
   1.2216374161905261               19
   1.2513004357589577               18
   1.1228749926389812               16
   1.3327547621588158               17
   1.0662459088753862               14
  0.90107559477663512               19
   1.1278690523956538               18
   1.1340626253517558               17
   1.0178389315787890               18
  0.97610410281336046               16
   1.1743699298026800               16
  0.90126781117628618               18
  0.96592618544545183               18
  0.79369433473306439               19
  0.90047510386802332               20
  0.93262709283561196               17
  0.83147655047040958               20
  0.98065870308336833               15
  0.86783859500554439               21
  0.95335067351940428               19
  0.89103549537542093               20
  0.92774498951839734               16
  0.84099345789080149               20
  0.96323556467917826               15
  0.93502864248980389               16
  0.94938448073221826               19
  0.79410937901978196               19
  0.71783258591604926               19
  0.79894748149814632               22
  0.88398423439043672               17
  0.77109068461584063               22
  0.67503466137259349               21
  0.67797554682500405               21
  0.89534267433984382               17
  0.98738634125041780               20
  0.88977475801376116               16
   1.0793351373492963               18
  0.96483218030723794               17
  0.94970978184669197               16
  0.99854246468691177               19
   1.3169781876540330               14
   1.1099943994066570               20
   1.1657927810790774               17
   1.0956375572061221               19
   1.1334449919352136               17
   1.1028823846322806               18
   1.1173590693103723               19
   1.2292444817565089               17
   1.2156653938957251               14
   1.3249466163597643               16
   1.0938366908022019               18
   1.0805040772306018               17
   1.1948503565268020               17
   1.1105906404289372               16
  0.98933523456827654               19
   1.2290308517548887               15
   1.0593020825737522               20
  0.93316341219208676               18
   1.2583527218015234               21
  0.85140605692493010               20
   1.0158346374349212               13
  0.96026939659257626               19
  0.97150565591000348               18
  0.85897354593288910               19
  0.91840124497871989               14
  0.76661128267183309               21
  0.94382245554370892               19
   1.1395125265416670               15
  0.36417310627401184               21
  0.22541205927683020               20
  0.89545937880986592               17
  0.94778499662953419               16
   1.0178475977660231               16
  0.90321971741698859               19
  0.68362819941440445               16
  0.85301291342407681               19
  0.85272682416961909               20
  0.84391902735868163               20
  0.40892123909514733               19
  0.72479522948189889               21
  0.86896304877977693               18
  0.93116945389325922               22
  0.87573756392892421               13
  0.90470915311055278               20
  0.68400225828585748               20
   1.0498750785133375               21
  0.69358358475381487               25
  0.94996920951479247               20
   1.1197079559631511               19
  0.89213002679801057               17
  0.94190316459129753               21
  0.99729182525675664               19
   1.1318840373620582               17
   1.1867423878218077               19
   1.0918043750753061               17
   1.1457627888843438               19
   1.1386935038551589               19
   1.2015354510201866               18
  0.75409392019274202               21
