   1.1561223861907282               16
   1.1691701766482454               19
   1.3291331287759809               17
   1.0605206765971349               22
   1.0242490443844012               23
   1.0753077780849436               19
  0.99759905143516459               22
   1.2113144276651928               14
  0.73185277779173152               21
  0.94719327527150254               23
  0.97188694879055904               20
  0.93158677275309465               18
  0.83863936697104902               17
  0.85775605637365082               19
  0.81896217816945216               19
  0.84417769040620716               21
  0.79146700495517408               22
  0.96873258885025149               18
  0.86575004179232651               24
  0.94940678857609950               18
  0.71514908092747609               20
  0.50961559584395910               19
  0.82609582959943473               19
  0.58286700066370323               16
  0.76744440650210077               18
  0.87362149463823890               20
  0.64634482729656972               23
  0.91708381208387513               19
   1.0307919988897760               17
  0.90501559407908383               18
  0.93403923824767243               17
  0.62291393715383847               18
  0.89106260278211469               18
  0.84023330548467468               20
  0.75435416071216799               19
  0.95421437589415292               21
  0.42871824140952364               16
  0.98426027436944441               17
   1.0423053142957179               20
   1.0007570367745044               20
   1.0327258021620087               17
  0.70243009136390266               23
   1.2201838451954821               14
   1.2362990261882283               18
   1.0429985413934821               19
   1.1871999603701824               18
  0.90009276228413027               21
  0.95148410441119236               17
   1.1312763949421270               20
   1.0928033635655665               19
   1.0956925736074477               20
   1.1512852343438791               18
   1.1945003041256841               16
   1.3177075259176416               14
   1.0303174389266549               17
  0.98968158446130017               21
   1.2009423471925231               15
  0.93191505478626580               18
   1.0766151467028902               19
   1.0758505784003791               19
   1.1380885723600225               16
  0.92224304200011420               17
   1.0084025408482415               21
  0.95673903001378369               20
   1.0414627269690566               19
  0.94853609277799023               21
   1.0286796737080826               19
  0.78975599129450069               21
  0.90650344777764558               22
  0.86154803609777464               22
  0.79295095492964107               22
  0.98129984114064128               19
  0.74635181183242494               21
  0.92615616515760502               19
  0.94560042819490675               18
  0.84857515818484375               23
  0.89485941124852353               18
  0.86404245760365062               19
  0.82798055720197883               20
   1.0517254341190032               18
  0.94924371539167551               17
  0.82109210524809395               18
  0.95518864283609228               16
  0.96112433524746976               18
  0.85173678329022318               20
  0.85749974761996051               17
  0.98762484315050636               15
   1.0386928341166042               19
  0.89388792110746995               16
   1.3338455732699046               15
   1.0792452128102972               15
   1.0321335132472385               22
   1.0972361845614305               21
   1.1288343312894957               19
   1.0041794338629058               19
   1.1639323723352732               16
   1.2063056391678928               20
   1.1464025797541368               15
   1.2477826411376827               15
   1.0113623359478456               19
   1.2305320421800605               18
   1.2663575881411289               19
   1.2932126327661932               18
   1.1762235568847537               17
   1.2668236817986425               18
   1.2911345002047885               16
   1.0221198743077011               20
   1.0300476791780413               18
  0.99545672906342553               19
  0.92148515062144953               18
  0.92808031709144201               19
   1.0548195708627675               15
  0.77043459104290657               19
  0.98640426272616821               16
  0.77939516694856037               17
  0.91383772473736546               23
  0.69799756601681495               18
  0.97273904355858931               19
  0.90821452652644519               19
  0.88320452540305683               16
  0.95090343564393887               19
  0.85252300184358676               19
  0.79317534085035701               18
  0.89371092470215219               17
  0.81006341698846818               20
  0.77883194884645057               19
  0.91928165977704235               17
  0.95660834309288245               20
  0.88169172208658986               21
  0.68228896282012508               19
  0.71250475191394202               21
  0.95427226196426707               15
  0.98849516189893427               14
  0.79315782753413999               18
  0.89261403226601210               22
   1.1497610864921535               20
  0.79500904062775923               18
   1.1168617024547705               22
  0.99094473785116166               18
  0.96331168481157270               17
   1.0259008827964105               20
   1.0979753818680245               21
   1.0573719280840257               18
   1.0532828444182192               20
   1.1312832376738027               18
   1.1986822711736158               15
   1.0465757545285204               18
   1.2535098208590356               18
  0.86462890882471122               20
   1.1614980825080941               14
   1.2031924169902939               14
   1.2455736329244715               22
   1.1105388531180318               20
   1.0212677892742019               21
   1.1867794597324988               20
   1.0651209488179791               18
  0.97641856960591633               19
  0.80793278695096693               17
   1.0628265396009560               19
  0.74136310605798050               21
  0.87974258384212445               18
   1.0312370727599489               19
  0.87627115638284148               17
  0.76023808889341105               19
  0.69018704386814089               21
   1.0329294213690317               17
  0.84468603464710013               19
  0.98197498468893629               17
  0.96698185108468837               17
  0.81476279335947466               21
  0.72347492899607613               20
  0.91247884680301861               22
  0.84248462788249490               21
  0.59861710923714706               22
   1.0035016137804822               19
  0.65336826083184951               22
  0.51403866523392838               19
  0.74142394374916976               18
  0.91312505342397310               21
  0.91759295066343172               20
  0.68117193731529968               20
  0.70430157009166738               21
  0.88133962863055382               16
  0.78399810260444014               18
  0.55309778468064852               20
  0.97807295172385655               15
  0.99315836613407771               15
  0.99479356375359995               15
  0.60854152670515160               19
   1.0170961550182303               19
   1.0581134690865042               20
  0.96021377030181221               19
   1.1790950025376694               18
  0.97756396354148167               21
  0.98751377487736713               19
   1.2262334982136784               20
  0.93896619691414318               18
  0.95566423631582531               19
   1.0990643671035674               19
   1.3622776930913227               15
   1.2287831721158693               21
  0.79432414196795431               19
   1.3023304344627251               18
   1.2417179522852444               23
  0.84139326631141875               20
   1.1912014670946782               15
   1.1342736845007022               16
   1.2909586631618797               15
   1.2346793552575352               15
   1.0861418347673142               21
   1.0570357562628370               19
  0.94240600152718690               20
  0.99361974400213149               19
  0.60758025818328898               18
  0.84246070503617043               18
  0.86087894485941985               20
  0.59835392888810846               18
  0.97585554552898035               22
  0.92014644142910307               20
  0.81466407099993299               19
  0.62534186410109727               17
  0.70165983613492788               22
  0.92488564638535709               21
  0.97477562804488926               20
  0.62890675234247639               19
  0.87204688321725798               22
  0.73634502253635481               22
  0.62472421018993529               24
  0.95033782236911701               19
  0.97813439538381763               17
  0.47176258865603010               20
  0.82798930712677810               20
  0.93704536105289904               16
  0.72103280697316630               19
  0.81396417635029317               19
  0.62694240846682514               18
  0.86678273914688087               19
  0.92025661019295713               20
   1.0746227726908741               18
  0.73536112403353893               18
  0.80443083552153849               20
  0.94508397605668948               15
   1.1801543434142487               19
   1.2266135424876174               13
  0.89429849513895587               19
   1.0613172362499586               21
   1.0575999253365833               20
   1.2611987748823790               16
   1.1759296680274114               21
   1.1322710326115690               20
   1.2154300869809993               13
   1.1624876920861162               20
   1.0750990118388994               19
   1.1255376363962522               15
   1.0088128518263346               23
   1.1478536643350421               19
   1.1585931068455535               17
  0.91041962956749001               21
  0.80129896959024272               16
   1.0262767156839538               21
   1.0231698062552979               18
  0.85675834202493206               19
  0.93673462059742174               20
  0.85786290964655754               17
  0.94280161187814016               23
  0.79569635752049495               19
   1.0846502072270490               20
  0.71298767383123884               20
  0.90180601512676195               17
  0.81640253751860481               21
  0.96458517165474300               18
  0.49820925675707861               22
  0.59678081219902812               20
  0.88747141488388381               20
  0.32556481826986389               16
  0.76927940715506582               19
  0.41615081992618880               15
  0.87327409059196581               17
  0.42519010731778256               18
  0.66505565956472601               22
  0.78240237194267526               20
  0.73664549754038389               17
  0.83757048238619258               18
   1.0425656822335523               25
   1.0542912031679770               18
  0.74123585936725311               18
  0.90935129246173374               18
  0.93352026304522295               18
  0.59437665945872709               20
  0.75882518997146231               19
  0.68061164063074875               17
  0.88750628107735097               22
   1.2426237214578493               14
   1.1241438461872668               21
  0.91176397254993902               18
  0.87623471152924892               20
   1.2759335193772290               17
   1.0993797542699151               22
   1.2870764028978472               14
   1.0420236889711869               20
   1.1579500962709568               18
  0.96812890146916486               21
   1.1145857520524229               17
   1.1766304010126436               14
   1.0742728434148123               23
   1.2020210029553922               13
   1.0966072150175630               17
   1.0928882778744173               14
  0.94797083909027557               20
  0.89511974116223048               19
   1.0109514638390820               18
  0.83804261950310466               21
   1.0693038401661723               19
  0.87174536773576561               19
  0.82460898884776834               18
  0.72328852997882676               20
   1.0915093456441103               19
  0.63481235999027041               20
  0.68253748116720714               18
  0.76352894051517128               18
  0.79148536589419338               22
  0.68543447450797235               20
  0.67722244489117756               20
  0.65549396773378177               23
  0.53282752811669876               15
  0.73765944030431518               25
  0.28087483323046497               23
  0.40339295680693837               20
  0.89204565658554968               16
  0.76212363380288040               22
  0.84275965375611173               20
  0.50817363503968371               21
  0.79129145646739441               19
  0.84415710191715532               21
  0.66691108176527958               22
   1.0339200041304708               20
  0.66763804598494703               16
   1.0159808943717143               17
   1.0941535018933992               19
   1.0446028909475411               21
  0.79973271963634540               19
   1.0596468192546502               17
  0.98679708531463095               22
   1.1684949785547920               22
   1.1671090253989360               20
   1.1638383482682386               19
   1.0048371542033951               19
   1.1038042169970241               20
   1.1253991128991665               17
   1.3085638202494487               12
   1.0153546282411470               22
   1.1313669166536462               17
   1.0211995269379099               22
   1.3219320522431626               18
  0.94477394420755378               19
   1.1172011394736252               19
  0.67108774454057518               22
   1.1508534598891509               18
   1.0080092776659624               21
  0.65366020511164491               20
  0.68305041710863212               19
   1.1605062552563110               17
  0.88957244709495742               17
  0.75810764869657399               20
  0.82209832480806921               15
  0.81085828457309006               20
  0.68840516696229181               19
  0.98589137860760767               16
  0.95356373820133067               18
  0.87029469257890768               21
  0.70768922587745919               23
  0.76393751785633202               17
  0.90520095199529749               20
  0.79543604497296372               22
  0.47429787302318033               19
  0.23623150995648218               23
  0.80470482548373357               21
  0.55363200307380434               21
  0.44008473565288508               23
  0.78128482401042854               21
  0.72642249622195054               21
  0.59281566561109345               19
  0.85157436034901357               16
  0.73664408333279152               18
  0.91631421298930571               19
  0.60273483089182411               19
  0.93367119891622663               21
  0.78855105887763388               20
  0.89384521163121533               17
  0.80854477682732229               18
  0.98703560901177378               24
   1.0977849122591132               19
  0.93825930489418441               21
  0.85686191619139962               22
   1.0156415641125596               19
   1.0622780115301078               19
   1.0782257509570450               21
   1.0628475689727124               15
   1.1974538412669682               17
   1.2729457034561584               17
   1.0809812923870901               17
   1.0337885364856454               20
  0.99306484864179545               22
   1.0904747444196239               20
  0.90763814010081190               21
  0.93492879654246619               22
   1.0919413487421767               19
   1.1242610912642519               19
  0.63632968714913862               17
  0.74704014543510011               19
  0.84441554510951833               16
  0.96442831839398380               18
  0.75673291697010137               18
  0.93182810443138631               16
  0.87151496072402423               18
  0.62045360710954311               19
  0.68191066302690773               16
  0.88471379878221856               22
  0.98229535666422252               19
  0.83887845249089754               14
  0.86141545010888476               25
  0.72714343044591745               22
  0.71500861874958943               23
  0.49585267214066592               18
  0.45098554555447001               22
  0.65713325879220252               17
  0.41380809364198234               21
  0.76957641357968543               24
  0.55738233235554435               19
  0.59112814787780599               21
  0.77299907715364635               14
  0.48289650062821571               17
  0.40853000999798367               20
  0.50862895880450743               20
  0.62081865704795758               17
  0.96082035763613705               20
  0.67345935674376178               17
  0.83778181866214674               19
   1.0313896233529445               18
  0.87775280465376715               22
   1.1332409030627362               16
   1.1460205107537642               18
  0.87944127223898216               22
   1.0150650580018454               17
   1.0242261947599092               20
   1.2546857202978134               20
   1.0682013088310898               21
   1.0203499720173212               16
   1.0227277130963233               17
   1.0542139308975091               20
  0.86737857084642256               19
   1.3274805698121870               14
   1.2534235121457991               16
   1.0837954833415291               17
   1.0800539081596725               19
   1.0381273859286240               17
   1.0818363552583019               19
   1.2062905877439793               15
  0.70612622649972012               16
  0.73274575335413539               19
   1.0056504333945440               19
   1.0302920668327338               20
  0.73720911871051664               17
  0.64146996661365407               19
  0.75089927511091459               20
  0.77817007658261750               18
  0.60815764175496878               20
  0.42594795073773811               20
  0.73167715902384511               21
  0.88806394955113910               23
  0.90725722210006110               21
  0.78359322202152448               21
  0.59881995078950545               18
  0.40437876317830751               23
  0.44624253893135851               23
  0.65528448252115323               22
  0.75183320394586084               20
  0.95165137310807657               16
  0.71834822541738652               19
  0.42992155453046532               16
  0.89996324923667315               21
  0.63382962404891041               17
  0.68009846412368624               23
  0.97032245137907458               19
  0.63110826234401096               17
  0.93799658104309824               18
  0.56055079149161968               22
  0.86998470080559764               19
  0.94786871957558805               20
  0.92140614944512678               21
  0.74127472147404738               19
  0.96960086803033474               16
  0.82823504994533692               19
   1.1947227870841552               17
  0.94758108023422027               19
   1.0960935155811018               15
  0.84060886300290516               20
   1.0523355487435080               18
  0.90864392933466309               19
   1.3422284417499066               14
  0.93359181715470863               19
  0.90030092316974231               19
  0.96146822408956012               20
  0.94546012400797763               20
  0.82202218382671932               22
   1.0526599940530452               19
  0.69160515504940778               18
   1.1092348043398172               19
  0.87660743579107958               21
  0.97104185677632038               17
   1.0076330540244107               17
   1.0816369738728315               20
  0.51012030850854195               19
  0.50717596068809689               18
  0.48126775206345102               20
  0.80506290554192028               16
  0.75316491031058963               20
  0.71817776068217942               19
  0.47121026773973984               22
  0.51020830972663311               19
  0.67258611046262451               18
  0.63691550994730961               23
  0.57122013391890580               21
  0.49521373176956590               21
  0.57738192515748654               17
  0.28344041742702608               21
  0.83859393621294631               20
  0.65166557217917520               25
  0.52076785960455185               18
  0.34961609798204479               23
  0.67800409589391031               19
  0.81093297506351680               16
  0.86040386834589699               17
  0.97173609595992427               21
  0.63385067209153123               14
  0.84646742823997223               19
  0.80784024847254843               22
  0.52240599024902490               17
  0.78069058382878331               20
  0.64256623462607243               14
   1.0318954950060182               21
  0.82809064935351162               20
  0.78297884363192449               18
  0.69619024420335163               20
  0.94508782814274728               22
   1.0334970280653448               15
  0.85756022595354398               19
  0.96549841883466880               17
   1.1334115487530358               13
   1.2024270772266346               18
   1.0307802740027854               23
   1.1564447218107592               16
   1.1144379614858990               17
   1.0447598092592343               15
  0.95576383226115025               20
   1.1014109664100700               18
  0.58694363734538813               21
  0.82930013724526663               17
   1.1285918063220386               18
   1.0036484758834503               19
   1.0012031278852773               20
   1.1151185187256247               20
  0.55372202889050659               17
  0.66360274849580048               23
  0.66523201749891447               19
  0.72213808941022395               17
  0.80539398341271984               20
  0.60668019915963156               21
  0.75662808546235472               20
  0.45178831550738535               19
  0.53696131534209879               21
  0.66255559322121638               17
  0.42954271290880380               15
  0.64926397402656599               22
  0.60693899448577726               20
  0.41282677524550498               22
  0.59862096517327068               21
  0.38855337270763268               22
  0.33144175992015645               20
  0.41244937736001680               17
  0.40558738097793390               22
  0.82904158745051582               18
  0.67332254685491977               15
  0.80384053680406642               17
  0.46171011659190747               20
  0.80125617559026685               23
  0.75760812429858748               17
  0.80868886883517688               19
  0.80905967939572632               18
  0.92008579880297869               18
  0.82775708939914006               19
   1.1292584197497795               20
  0.62556023481526823               19
  0.79326704612839449               21
   1.0772743834560905               19
  0.74318738335299972               18
  0.82207286405945801               20
   1.1946653663816589               20
   1.0721655942674868               13
  0.99801459625423117               20
   1.0615524785213906               16
   1.2483890441212444               18
  0.93925373632970555               22
  0.93985142787010145               21
  0.89583629511801399               18
   1.0348512313040226               20
  0.98864002587718292               21
  0.78581409736542607               18
  0.74463381231389969               19
  0.74071805567998106               20
  0.90182365526888220               18
  0.78212530718108042               22
  0.75111465607625705               20
  0.87506591494012143               17
  0.73082062369442535               19
  0.50091280560829377               18
  0.77573847593279677               20
  0.48744818879557356               18
  0.52153986154320509               20
  0.49030002418909557               19
  0.69467568218976372               22
  0.49523347711650018               18
  0.67410405795484396               20
  0.49051781618618850               20
  0.52807575475391288               19
  0.67293701462461120               21
  0.29581767074249399               20
  0.22648538719471159               23
  0.65353927200730011               17
  0.48182734664572963               21
  0.59468810300909269               21
  0.55809501116869442               18
  0.72250068382416321               19
  0.43399760939355736               18
  0.59070290905973177               20
  0.53973625558419613               17
  0.66471461813144461               21
  0.96642928163362307               20
  0.46273234768311777               18
  0.75828453061608425               16
   1.1925051073414179               23
  0.79909095863821999               22
  0.64005892169790191               17
   1.1044669492568160               15
  0.75257789767952810               21
  0.64012805350817015               20
   1.1245052543136296               15
  0.86491324862517172               20
  0.97394435355889475               19
  0.79858525362160571               17
   1.0100559157052706               17
   1.1852274061305346               20
  0.90462003963333570               20
  0.95795228505627950               23
  0.99835927682056325               15
  0.74901290225651995               21
  0.94628172489230344               17
  0.94620554494912090               18
  0.49208072890518151               19
  0.97314490251690877               21
  0.38351151983434045               19
  0.57168265790578376               16
  0.59868214135432685               18
  0.96983648725972105               19
  0.70700715621298060               19
  0.73295365277494273               21
  0.32231912242918875               21
  0.54274142673668491               19
  0.73438690156265873               20
  0.71302552783009254               19
  0.36151061873887796               18
  0.24272213486053976               23
  0.46757558583745912               23
  0.28086416906432782               19
  0.47192072833454668               20
  0.84331341735753595               22
  0.62745373821934403               22
  0.31498835970903249               18
  0.30473486905403224               22
  0.73560588982603337               18
  0.57733676447519067               23
  0.31161749881470435               17
  0.71567022303185912               21
  0.62340440826750143               16
  0.47253060222880555               16
  0.91959368019608279               16
  0.97426581708503990               17
  0.76246739018148446               17
  0.91497934342732801               21
  0.96730111303446775               18
  0.59030983236356038               16
  0.89376881530583030               19
  0.88539236544590560               20
  0.85912089260786129               16
  0.81399862403465117               19
  0.84424461812215024               24
   1.1497092394508106               18
  0.99897883936524512               22
   1.0360939327284180               15
  0.99746531235344793               19
  0.80943312845335780               18
   1.1849206633210931               17
  0.97536268593022091               22
  0.77671510825370527               19
   1.0463396900342519               20
  0.87209932385729916               16
  0.37538417047382483               18
  0.65789845066287211               19
  0.61261585021922660               19
  0.98098037261780768               20
  0.81243469180015448               20
  0.94113345808349547               18
  0.42700293121228328               20
  0.61159758243374107               15
  0.83279400931935765               18
  0.47822887106650486               19
  0.61216229639451836               23
  0.39992890452955937               21
  0.40082929099464482               17
  0.56866802367875158               17
  0.36860749292487260               21
  0.22735287927515474               23
  0.58321259766377243               22
  0.74283265499232143               21
  0.26055204730133308               22
  0.50875655819495424               19
  0.65808869891246957               19
  0.28028920786548617               21
  0.55665803616431442               21
  0.22048271224739957               21
  0.34937517387341560               24
  0.80292495176812639               18
  0.48506237017933396               18
  0.35228696656962027               22
  0.68230258453911485               17
  0.91734165593186290               18
  0.38614709509311668               21
  0.77516451349855209               19
  0.70735744756805308               19
  0.63666943330972070               22
  0.55395481953305170               23
  0.91254902206971622               16
  0.81310319344887871               21
  0.65464673710283239               21
   1.0635035240718884               15
  0.77432192300963432               18
  0.93501084777634180               17
   1.0156904649506575               13
  0.84718448845603378               21
  0.74237765995930505               23
   1.0479451090944860               18
   1.0543634793581289               20
  0.83259733879124831               19
   1.0005009866480667               17
   1.0075739131016099               20
  0.98751156333554735               20
  0.79678402814493876               17
  0.84678021822777938               18
  0.54673946956866104               15
  0.87200021118686699               19
  0.42460325296948687               18
  0.63740575826760149               20
  0.67726915369797713               19
  0.59554115538407970               21
  0.58642563641413048               16
  0.44442492930275340               20
  0.58353640118477978               23
  0.70425489225054405               17
  0.36203929717855038               17
  0.35926747528167730               20
  0.54487632717622325               18
  0.26575730115759283               20
  0.45472977902198758               16
  0.31609636954371234               22
  0.66717815876094499               22
  0.32595353519251336               20
  0.32494142454525332               22
  0.38375048490996005               18
  0.74364546049967506               22
  0.45240464358705978               21
  0.26820535924840699               23
  0.73716274561001882               19
  0.50708527457342023               21
  0.50074865314941419               19
  0.57583710081810457               16
  0.48990903985042422               18
  0.74629779234001581               16
  0.53279691809532470               21
  0.70091634784275481               18
  0.67743385811909629               19
  0.91115757186982271               18
  0.69944427980911705               15
  0.90937723262727876               20
  0.47782331394154404               17
  0.30950106400858240               21
  0.74913747108119810               20
  0.95675415692911869               20
   1.0135114586559348               15
   1.0857642594785533               16
  0.76515843853479304               22
  0.87570599127904103               20
  0.79803607476713645               20
  0.95034247339256717               17
   1.0080880318649315               16
   1.0025068172672875               18
  0.89535941306070321               17
  0.49250177997238798               18
  0.71832380947600394               19
  0.53847026782507390               17
  0.72400614888621773               20
  0.48168347035916675               18
  0.45845496547892500               17
  0.37519979890422350               20
  0.65665849272339438               17
  0.67520878591047917               21
  0.63527998058071167               20
  0.45833448628567114               22
  0.65931890128932691               19
  0.48537282557066885               23
  0.39856848944883982               17
  0.27038690795073222               21
  0.20811910617552812               20
  0.36026881348603412               21
  0.19031088413768196               24
  0.53876959400310387               20
  0.45853026359967486               17
  0.42105900533572638               16
  0.23508033228221178               21
  0.36705053084440131               20
   9.2923935115879583E-002          20
  0.54683710923533235               18
  0.68360701951579139               19
  0.16256753492035006               21
  0.69282038045214800               14
  0.61951051320722372               23
  0.39115274068266398               16
  0.41334933389054040               20
  0.84048836405411309               19
  0.57082781996976040               19
  0.59779638130637502               20
  0.58555812249806094               19
  0.88442093997594629               19
  0.84380809441905791               18
  0.89504050176653827               24
   1.1333276284922904               20
  0.98198027035320889               19
  0.60474858851219981               17
   1.2014207691924739               21
  0.96436805990181773               16
  0.92294726387653925               18
  0.93105034921824525               19
   1.0261053752498426               17
   1.0655016401133932               17
  0.62562836917391496               19
  0.69823932686591206               18
  0.80525513273176053               17
  0.81840426422239831               17
  0.86279638348297860               18
  0.69279539758944042               18
  0.87753034031441435               20
  0.81496345709235307               19
  0.52818587638745662               21
  0.57028873915676359               21
  0.39783739406146318               23
  0.74752907725625051               22
  0.60908532956305106               18
  0.41001221357999079               19
  0.62363394118010462               19
  0.49719163927000343               20
  0.34390075847181617               21
  0.44636298445326156               17
  0.26825843919942222               19
  0.15949595518852588               23
  0.21109370098501484               24
  0.58519412941967552               19
  0.36596898112768800               18
  0.13043907142709424               22
  0.57518873964121320               16
  0.66677604739164309               18
  0.54575368132698343               21
  0.33989241855431523               18
  0.37087818841496561               18
  0.53749405896933033               18
  0.37495394764061091               20
  0.92395688684258981               17
  0.79121107913020383               18
  0.49607450985373647               19
  0.65426871532782838               17
  0.77409807663031049               19
  0.71639409835801959               22
  0.96676518626169938               17
  0.87471562803172787               21
  0.82667600942913833               19
  0.96247466343395582               22
  0.67932695601578885               23
  0.77941323812563890               23
  0.58353523696807530               19
  0.89611448963377960               18
  0.98246398669897628               19
  0.84855135688327221               18
  0.92353806712223241               21
  0.98677262823328016               18
  0.59978035306016897               21
  0.81680115292912758               21
  0.91192748908535581               16
  0.83028133040888430               18
  0.66746022431723562               19
  0.86244108412170351               18
  0.74488508332958359               17
  0.69038769467793404               18
  0.63571595018105209               20
  0.55872801405792216               22
  0.30226892386727983               19
  0.39551868033344262               18
  0.36864371168980625               22
  0.71032108913924086               18
  0.22077759399312621               21
  0.43283978777724347               21
  0.29991405588603004               23
  0.58170070076917080               21
  0.64277229842662742               22
  0.22770895936817229               21
  0.32262810376931578               20
  0.46714458318347774               17
  0.36965738742601423               18
  0.22460062220826602               22
  0.51313690027542658               19
  0.21038916907838526               23
  0.31448107739996228               21
  0.34690100769362703               22
  0.30479705644621541               18
  0.33474714623746171               20
  0.82619941978495259               18
  0.58177780459937012               24
  0.53153242419547642               23
  0.25952939602983843               24
  0.53368746504391973               19
  0.49672332634418409               15
  0.67666162837676491               23
  0.78582812872493701               23
  0.70569632637596635               23
  0.81208879387261190               21
  0.98001787833809384               18
  0.82326155232027498               21
  0.91973844855555742               18
  0.90023955556100477               21
  0.90813130255687557               18
   1.1494407768881567               21
  0.96374825217258986               20
  0.72213567465698658               20
  0.75428743809811116               19
  0.74010670026035519               20
  0.80419612595788315               19
  0.98881640633345891               16
  0.78004087238671027               18
  0.83940892155690194               18
  0.97937492359393752               13
  0.48514723951494915               22
  0.78511823510880963               18
  0.77395048024806634               19
  0.53451285033829476               20
  0.58152145895213214               20
  0.64919608738653589               24
  0.54145718106494267               20
  0.40157037920360339               19
  0.54850740765952022               20
  0.51130220034813412               18
  0.55779534409710230               17
  0.15306144297173355               22
  0.16445002704552594               25
  0.41144905869850806               23
  0.54788675625599803               18
  0.33837824046759213               22
  0.48325536132506869               22
  0.11687037183799165               21
  0.22790779572001571               21
  0.44377145205817092               17
  0.26618249757076595               21
  0.40044552430411440               23
  0.17758123773623496               23
  0.20922464688092188               21
  0.58688200750193686               16
  0.51864022490077222               18
  0.80647406536576505               18
  0.64448615999695347               22
  0.72891219050689593               17
  0.80549757781743925               22
  0.67065243569293254               21
  0.86941566507253321               25
  0.89005845946869722               19
  0.64142395508029904               18
  0.60782547122401587               19
  0.92101862853121286               15
  0.73902294126056933               16
   1.0543785934313392               16
  0.74308249206971311               22
  0.99559934219654156               15
  0.87234409482831599               24
  0.97468019318339760               17
  0.64003129170292961               22
   1.0176003621381433               23
  0.86607238432852729               19
  0.95725944520359463               16
  0.94617506215837432               21
  0.67840139315798875               24
  0.96431463531913553               18
  0.85532935881042005               15
  0.69210398776274085               16
  0.44876047798922647               19
  0.57130033648124712               17
  0.61472915866451994               15
  0.22956482494596539               21
  0.48226014429494901               23
  0.59681058055819458               20
  0.24842844155021543               25
  0.56954275985541836               23
  0.35552070097287403               21
  0.24112478435930207               21
  0.16830063077323232               23
  0.40705859609782669               19
  0.42008850314775414               16
  0.17520002482459288               21
  0.52762544811570855               14
  0.23003641595214722               20
  0.15483035723066288               22
  0.11062962503854933               24
  0.38342915429144570               16
  0.50472290584862389               16
  0.22930412257387753               22
  0.18733104552649615               22
  0.58426621709951487               21
  0.42635767944611297               17
  0.38670892908107635               18
  0.21153110414064755               22
  0.66258719827664836               18
  0.59992388643736694               21
  0.48796748656864031               20
  0.38502873986373182               19
  0.67108964138823102               20
  0.46956754822072366               17
  0.69237884354916124               22
  0.79328970537386700               19
  0.78613605281233379               23
  0.96380401056364762               17
  0.82517700108192071               20
  0.75061057836891742               20
   1.0069154535673206               18
  0.96462199143345329               18
  0.94147730422736053               17
  0.89593342637073736               19
  0.71743223174806992               22
  0.81733628498717836               18
  0.90494310659351329               17
  0.85229539760413198               17
  0.85908244417782542               17
  0.56278671557472959               23
  0.65802542498057182               23
  0.34119445230473394               19
  0.61827467662328517               20
  0.45822142876239363               24
  0.43352575763516615               21
  0.25677476832553553               20
  0.45668125789858172               21
  0.76269942403998126               18
  0.59320397218355991               15
  0.34770505458716350               21
  0.43501777068414194               19
  0.15701428136816473               21
  0.29122511451152833               20
  0.14294370146717289               26
  0.10552594174972323               20
  0.30810523849166455               19
  0.20261414672203501               22
  0.20272089220252226               22
  0.35576155776630797               19
  0.38435469271539613               19
  0.22776300765453869               23
  0.23018459570889538               21
  0.12490578008161790               20
  0.12086010480907439               23
  0.68589834618257162               19
  0.35093190971987620               22
  0.40636331811043941               16
  0.30345285506203384               18
  0.52372703325250869               22
  0.70409167782481119               18
  0.70439611959359161               17
  0.56536479005858087               19
  0.61190760458772830               24
  0.52433154337895860               21
  0.59186267029079576               19
  0.36681287122937051               16
  0.70894979574567751               21
  0.65144865429018683               16
  0.59216385977357411               18
  0.95501509420560238               18
  0.84728504187728582               22
  0.86055930385999135               19
  0.84790103336440525               18
  0.92829820968987775               21
  0.85885432398697814               19
  0.83591172637883637               18
  0.73307240762224002               20
  0.74977270420779651               17
  0.87452193415631274               17
  0.62298389067892379               20
  0.84764324453059636               19
  0.97171852993149155               14
  0.56415931663336327               19
  0.63415856632560552               18
  0.72877472190343517               22
  0.53217225264181856               20
  0.44822293339768809               20
  0.66733741714508599               18
  0.52096644472916476               21
  0.28565471598090547               22
  0.18447489620794136               19
  0.10671446475143125               24
  0.24773498227921284               18
   3.7559236214910037E-002          22
  0.10084451591239503               25
  0.31282130060277252               18
  0.34723171269167469               22
  0.40572675046642082               20
  0.55826364381939619               18
   6.3969509814209000E-002          25
  0.31522924199689645               22
  0.31420280315517246               20
   8.1980417165158678E-002          25
  0.27118014562765347               25
   2.3184454735056228E-002          20
  0.23475181141335158               22
  0.33438326886294983               20
  0.36115128883589021               16
  0.52585188078973499               19
  0.51832057147368993               15
  0.48340303367648796               19
  0.40172251381697954               19
  0.74132047229280007               25
  0.52810415517582254               17
  0.56134534950030579               20
  0.61823830126636337               21
  0.83763592909031481               17
  0.88370215257810247               18
  0.59712652779413411               22
  0.84069861870145735               19
   1.0037124906325450               16
  0.89279827001782852               21
  0.82719040750606476               18
  0.84537864443391286               17
  0.74324531884578904               20
  0.59864509050453130               24
  0.85694598552686529               19
  0.66540006716325051               21
  0.78407257456777879               16
  0.47994964417133246               21
  0.88638636809037408               18
  0.65600604880325475               17
  0.75777722268665382               20
  0.88876641227580100               21
  0.27962446820834574               21
  0.82683194613144473               19
  0.63055431879992085               18
  0.70859981026025154               17
  0.54579741399295345               20
  0.32711836840171543               23
  0.37235689442898001               19
  0.50358489511400550               20
  0.26588385360193484               22
  0.42988678051033236               21
  0.26409438072912844               19
  0.12135205684178714               22
  0.10863457318389198               22
  0.14578156902062117               21
  0.11532893261383204               25
  0.36288579566431972               19
  0.20655855324817401               22
   7.8324066918319141E-002          20
  0.13532827265263442               22
  0.18440682196422714               20
  0.26380642424113820               20
  0.15614686307890571               22
  0.41181230846626582               18
  0.47074107655790104               17
  0.32820173989365081               21
  0.39850910485469004               17
  0.43089299736231601               18
  0.50651004682889467               19
  0.44841987681397116               19
  0.60505000904272443               22
  0.55629864632079218               22
  0.49990793439329190               19
  0.74055796316118416               18
  0.70553856885629684               22
  0.79974011587895566               23
  0.99386972866630374               18
  0.93926062428783408               19
  0.88815615737523068               20
  0.92867711705117395               19
  0.67161118272535836               23
  0.89522469313248187               17
  0.92481049913874924               18
  0.75457324381075508               19
  0.94444975189064551               15
  0.73339392717250584               21
  0.96068676195924463               18
  0.82637894648944998               18
  0.85024677125526538               16
  0.74664448238333780               19
  0.83526807027108874               18
  0.22145158753743124               18
  0.59963052256725935               22
  0.56732930584866004               22
  0.47184207728480154               23
  0.12417106070015518               23
  0.59556267330101964               23
  0.46800245309255328               19
  0.54642622299218069               23
  0.26135787744751315               20
  0.53753579004738838               20
  0.22129935362439090               20
  0.14107668024836045               24
  0.43070903188120130               15
  0.28304051959822357               20
  0.21621842921011802               24
  0.18644805911817916               23
  0.29519192908389846               20
  0.29291556939489161               20
   2.8040445751814073E-002          18
  0.53783301329603805               21
  0.39941724313931437               15
  0.42116788339049877               20
  0.65474946982175974               23
  0.45406002412647911               17
  0.14079874406054904               21
  0.40569162033683287               17
  0.45853000063545357               19
  0.55081351491927721               23
  0.71794180222126758               16
  0.50224954173125136               19
  0.51930820517711762               21
  0.68865599520704535               17
  0.97619824462857618               20
  0.79685010099710984               20
  0.74835907408917945               24
  0.81314786870124045               20
  0.76573282231666595               19
  0.73567491061556445               19
  0.95354525981198535               18
  0.81835157967231809               22
  0.87025353365852165               17
  0.89890931334509627               17
  0.95890979493582074               15
  0.97735572247222435               18
  0.92113501600412939               15
  0.95282077053277681               16
  0.64866051946653647               19
  0.61165944519961324               20
  0.72356656274211695               18
  0.33990343501716480               19
  0.54455019930779880               19
  0.59536341750489874               21
  0.51094575895404681               20
  0.79002422270805350               18
  0.17589594816391449               23
  0.51178533098453205               23
   6.7015426142469664E-002          20
  0.51428762201198464               21
  0.24500387919486782               19
  0.43201661881510312               22
  0.21691232934256871               21
  0.41027875793687135               23
  0.11810772241113784               19
  0.10320981805681945               23
   8.9135084172709211E-002          21
  0.58218855301913741               22
  0.19833229506156316               23
   7.9310715593322187E-002          17
  0.16611382168811539               22
   4.3286113450768798E-002          22
   6.7209258727374502E-002          21
  0.62149045790607149               15
  0.19054396481876471               26
  0.20075351992058779               22
  0.22065453459964215               23
  0.56319330523636379               20
  0.41411080455237442               17
  0.34621833169960708               16
  0.84152631340155093               21
  0.36714901620589036               15
  0.50097142031017816               18
  0.92312801056144722               20
  0.63960315642428855               19
  0.62706822393465078               16
  0.88110492054108869               24
  0.82122766822917748               19
  0.58564734029122067               21
  0.85988933269293000               19
  0.95871330812535005               17
  0.92992088214594593               20
  0.79271320127834977               18
  0.91198573115666981               18
  0.96094764818472211               16
  0.94276165455335559               16
  0.77746392314171153               19
  0.31163240873866238               22
  0.56095305394995520               22
  0.71420364119311341               23
  0.65843132371733526               22
  0.62743961552585570               22
  0.69185341247873022               21
  0.42120352908608444               23
  0.40940807227763248               15
  0.42446870154109767               21
  0.51765331311870799               19
  0.48787934181399151               20
  0.49414497282510544               22
  0.16566871515098600               21
  0.58589785824738005               18
   8.8316231588613361E-002          24
   3.7997191422575904E-002          22
  0.16462740623013347               18
   6.6034415036759109E-002          24
  0.16580350187762874               21
  0.25880920528140605               23
  0.16540325255643196               23
  0.34875497244307940               21
  0.21653669132592199               21
  0.48298527407884934               16
  0.30034384214083104               23
  0.32193215191147434               20
  0.16919970598480688               24
  0.13846915019019004               23
  0.24746727041692002               25
  0.18864033890691309               23
  0.52659056660922621               19
  0.22527768074039223               22
  0.36498138939630337               21
  0.68390201024062180               20
  0.28313194975474237               21
  0.67215158272964393               18
  0.60066620817563843               17
  0.61714556869305759               21
  0.58081090528950041               18
  0.92951339793622767               18
  0.95069816138470020               16
  0.83404096626007240               19
  0.62828349098089808               20
  0.98506000243504011               16
  0.91442552235896524               21
  0.43934696109689270               17
  0.91497256286809148               21
  0.70689676472240215               19
  0.90591994672141152               19
  0.71177817217434503               17
  0.54214729394793515               22
  0.69691752144859243               16
  0.62760844677487426               19
  0.70621649049361046               19
  0.64251511239231063               22
  0.63819155579030407               17
  0.66287896690768899               21
  0.40861878494702580               18
  0.64785122229356695               19
  0.60918470546516457               19
  0.18773410112444619               23
  0.41799476784045075               22
  0.29718965924889057               19
  0.10963078110425552               22
  0.44091701234237873               17
  0.28825709313805098               21
  0.38842127973161716               15
  0.30586970729506763               23
  0.25269027619313900               23
  0.16184606426468984               21
  0.24585097483994839               22
  0.17662127406351397               25
  0.17262461171852647               26
  0.28904529683626046               21
  0.35358595700958056               23
  0.13965568805646419               22
  0.23788613037987463               23
  0.49745254016138007               15
  0.27261421168483096               23
  0.65365783329318972               22
  0.36726117463756180               19
  0.46650116749668913               18
  0.51279779979830054               18
  0.54227499270174495               19
  0.45507930614508413               20
  0.53884485158763862               20
  0.93761323607214531               19
  0.73444029386841092               18
  0.72760209326993008               17
  0.91501530641402806               16
  0.90460996892436440               21
  0.78665068803009142               18
  0.81362187329320423               22
  0.75463106639090061               24
  0.75430933116134002               24
  0.63383633592965305               21
  0.96913699248208551               16
  0.86115137989598933               18
  0.92301560323437470               19
  0.66243556985389129               17
  0.73998877181828226               22
  0.87719106803931712               18
  0.52893291793986974               22
  0.57959905642787690               21
  0.92491289118368414               20
  0.31729455386922184               19
  0.34049898654788702               22
  0.36981328848344597               19
  0.31926812608036897               21
  0.21746721595971841               19
  0.29739979177407599               22
  0.37075735431025508               14
  0.70091613437374178               22
  0.43855855688432543               19
  0.47020174906118534               22
  0.35641412804843292               20
   4.6214125508086575E-002          21
  0.15891306945314829               24
  0.10979210206420996               22
  0.42599574841340099               18
  0.12024584991140655               19
  0.16049229749052246               24
  0.15463215865672023               22
  0.18534729308185491               23
  0.21461652633249592               22
   9.7909923288917677E-002          21
  0.27579344658400129               22
  0.21926420468131427               24
  0.35077377224444600               20
  0.21184802711902037               22
  0.57842414773355233               17
  0.28086083781612697               21
  0.43277285534173493               19
  0.44796192526240464               19
  0.47425338643893961               18
  0.46253121674985131               20
  0.43533313941067375               17
  0.66251813532114079               22
  0.79098331291610580               19
  0.70059735749713270               18
  0.82332682107883925               18
  0.83345682864998849               21
  0.93827777770527843               19
  0.79755880665370471               23
  0.75340553851649261               21
  0.79826353884740620               16
  0.80618983156397839               20
  0.69726261157967440               19
  0.60322142179274607               19
  0.70973540648314248               20
  0.85018173826169807               19
  0.66434391104079138               16
  0.67228385539161328               21
  0.71103801573890291               19
  0.75920268879166730               20
  0.83577251618315029               19
  0.54999655646048440               19
  0.67311706708181296               23
  0.59613394656339980               21
  0.14131150788444738               22
  0.33272991429276294               20
  0.32336860032285319               19
  0.33007403786310324               18
  0.57770931070945764               17
  0.40600338643190420               16
  0.25496448073267985               19
   4.3339676549394378E-002          24
  0.27122261987893737               18
  0.36631415885251994               17
  0.29037718321438954               21
  0.33202672832806807               18
  0.21258935669864595               18
  0.15759395182399083               24
  0.45611980732777979               19
  0.11846575823056338               22
  0.47524589261338412               19
  0.51022675799577644               20
  0.21290986262629449               23
  0.33175803398650067               17
  0.35592964131918070               20
  0.49588417286867265               17
  0.57932092402881541               23
  0.75597730515545225               20
  0.39076815998389414               22
  0.90140702753578450               23
  0.83459142848959944               18
  0.64412058249796067               19
  0.85963497412301515               21
  0.82138902780043876               19
  0.88859976267982466               21
  0.76230048960973296               21
  0.97464914644030520               22
  0.96653563074860838               17
  0.89487659045078505               17
  0.72960157937573999               17
  0.89645389936236042               19
  0.80161551388285246               19
  0.79600547442353886               20
  0.94562710487385193               18
  0.94460649183044310               17
  0.68933625258278119               20
  0.85662122088188752               16
  0.74369761532218204               17
  0.82784063280549325               17
  0.51816339466878103               20
  0.59941092044261013               18
  0.78430604953753269               15
  0.70207484711788093               19
  0.74693258767586568               18
  0.88634681843188556               18
  0.52594865244294853               19
  0.32592113193000388               18
  0.62774561123795902               20
  0.36473222814125511               16
  0.29033384713300298               21
  0.32150376878952708               19
  0.36549386247634419               21
  0.16000301583055804               26
  0.27181885078837809               17
  0.35988476583869294               20
   5.5465991687490578E-002          19
  0.27840196838549536               20
   9.8879528125317931E-002          23
  0.21510496827947764               21
  0.26044853686138725               22
  0.43259709112256228               19
  0.28426639653755736               21
  0.31098805742338609               20
  0.35047544881009041               18
  0.37941429519846304               17
  0.45584795901238340               20
  0.47190968156652835               22
  0.53754918552740538               18
  0.39277100346034538               17
  0.87917516630596071               19
  0.83843884597587148               25
  0.59155709198892037               20
  0.46447213476462201               20
  0.78273730020451626               20
  0.88995416610232903               21
   1.0316171547022002               15
  0.69128679968131124               18
  0.86291770994586836               21
  0.94756211502175836               18
  0.64457288721110195               22
  0.75311166638167637               20
  0.92524149610379447               13
  0.74292816514128412               17
  0.99738563797352708               17
  0.85728357030820790               20
  0.66352344405685970               20
  0.83055446311891390               19
  0.76484246815610279               18
  0.81470908369667738               18
  0.85431787225017020               18
  0.84094417901116381               20
  0.58424314471939109               20
  0.73100026479304536               19
  0.44566918790045107               15
  0.56849720103056300               20
  0.78490219693273366               17
  0.39172455692917807               20
  0.38524136477567239               20
  0.59292549147234785               20
  0.28655480285511731               19
  0.22873567213929941               19
  0.13672442694359746               24
  0.15413766932027062               26
  0.35842884659471552               18
  0.55187717915085466               22
  0.23680458975008015               22
  0.22544825865749171               18
  0.19651352550985246               21
  0.23306924465109793               22
  0.34847611449217825               20
  0.36348614639144489               21
  0.28705436367420822               19
  0.23106877323943054               24
  0.38505423985550363               18
  0.60367385230959181               17
  0.57912543924154469               22
  0.26134324982514329               23
  0.58967446309855176               21
  0.69961294738464552               15
  0.45579630591952697               19
  0.70596302166242098               19
  0.61265816650323446               18
  0.59138186080496236               18
  0.86101679078728144               22
  0.60244986354212526               20
  0.72605084066632686               16
  0.92389017096649650               21
  0.98114382901971020               17
  0.84112732917513100               21
  0.93722268374957574               19
  0.91425643370062981               21
  0.95297653502233892               15
   1.0746337881687404               14
  0.92261441977542935               16
  0.88415776277834157               21
  0.86627183483932857               19
  0.86274006802348735               20
  0.70107052976386353               21
  0.67853393493889125               18
  0.77819128938657334               22
  0.53968352142014819               20
  0.62976903827580433               19
  0.68230246264011141               22
  0.56916792062410593               22
  0.53368831892606694               20
  0.75899955954245069               20
  0.50269192442721433               20
  0.59242629456127882               20
  0.32378642995929729               19
  0.48250914773716252               18
  0.59832702647110869               20
  0.49828019798270834               17
  0.27676383520457615               18
  0.42897804861062200               16
  0.19516515020297057               21
  0.31394110990856833               19
  0.29120648318004233               18
  0.33078953044850379               21
  0.66617897015466465               22
  0.42260147748859406               18
  0.19647620483791151               23
  0.56814031781423080               20
  0.42010503436369884               17
  0.39093758658438205               19
  0.62694482995148826               18
  0.58595678649336080               19
  0.66906458570092175               20
  0.61420591913902656               19
  0.35111162069480528               21
  0.41609730843569553               20
  0.54187804301177722               20
  0.83795063860507502               19
  0.70781107856491110               15
  0.97051702647509264               18
  0.93765869369955901               19
  0.95665077642721930               17
  0.62647384598422395               21
   1.0806807233733904               17
   1.0171815230189656               19
  0.85776546789160146               20
  0.96610431572182531               14
  0.88170092235263808               18
  0.77699783782261489               18
  0.96525233127138776               15
  0.60451849885242337               21
  0.78909950097708148               20
  0.86894292220108282               18
  0.52427431053707363               22
  0.52274358972652146               19
  0.38766571377311759               19
  0.52689772231684773               17
  0.65904170686712438               18
  0.94685751503320936               20
  0.66319763702926715               22
  0.54630559655454536               24
  0.72721408540145693               18
  0.58472612993997886               16
  0.46810566720307190               16
  0.47694713822349394               17
  0.51341131769799131               19
  0.30736101350802442               22
  0.36873530312773745               19
  0.49439444839564672               21
  0.44898393289656907               17
  0.13167158972077558               24
  0.33294559823586584               19
  0.38926698999417519               19
  0.23946040287733394               21
  0.24802423989586581               18
  0.28789669629016518               21
  0.72527486443606826               18
  0.23556881202000757               18
  0.66111360754162729               22
  0.31416051197841538               20
  0.47727761051800588               20
  0.31164915035304086               20
  0.71942715474603636               19
  0.81603367211096800               20
  0.55983105376748898               18
  0.75351629251824581               20
  0.71105436629637975               18
  0.68811512303895983               18
  0.67127093960526163               22
  0.86824066719545012               19
  0.75581996338380586               18
  0.94500057886956079               20
  0.90045212120803253               20
  0.71593316322142087               17
  0.99788425446214757               17
  0.73148695642982331               20
  0.89746308708498002               16
  0.97462264463966897               17
  0.78399004976873021               20
  0.92241903832299099               17
  0.78570684980558803               17
   1.0764733617429028               15
  0.76655499777704539               20
  0.74296108088334756               19
  0.71190455276237685               19
  0.70191725662847460               23
  0.66900594410464476               18
  0.47519434037553493               18
  0.39563645125928493               17
  0.45126746916409100               20
  0.65464109899513878               21
  0.62620242489799560               21
  0.57193966962850951               16
  0.70530379323252779               19
  0.51840361332774643               18
  0.17649073932023360               22
  0.25348870779525617               20
  0.32263560635121824               18
  0.11416386865682783               25
  0.31656406976393442               19
  0.43263937371163663               18
  0.37612871297507650               22
  0.44058306371144795               20
  0.48662021744275397               18
  0.68170255914272315               23
  0.30177896090456025               20
  0.22084835213354606               24
  0.24877788661687986               21
  0.64784335194500098               20
  0.39806035569120851               20
  0.68080445032524595               20
  0.59452823275344957               19
  0.61542138729879081               18
  0.62813327342726266               17
  0.54759723624262702               15
  0.71610043650095789               18
  0.78819854796486699               21
  0.80577822216422823               21
  0.63136366121378718               17
  0.87999584165395783               20
  0.92144077444565686               20
  0.78845191924892610               19
  0.52216662330815899               19
  0.84337650286541033               20
  0.90679913866977813               22
   1.0760752651883487               16
   1.0323170787332208               17
  0.98253819617686022               16
  0.81603603434564997               18
   1.0190510304810187               15
  0.97291890677772064               20
  0.96663823448475450               17
  0.87355187526921552               18
   1.0078058508036345               16
  0.67266729018811422               21
  0.57318706183105017               20
  0.66815551700756881               16
  0.70131459067401758               19
  0.47999786047130161               19
  0.37636475122023777               18
  0.77113198605344646               20
  0.82395958438694428               20
  0.45683370985143484               20
  0.45037956607103335               19
  0.49331815829770015               17
  0.30832175104393328               21
  0.37516571700541923               21
  0.31511779889607938               20
  0.63112376266627990               21
  0.38397961067246611               18
  0.36042216768737811               21
  0.56420809120879645               17
  0.43852860209054639               20
  0.52534818383853743               21
  0.47131111865840186               18
  0.90352297803270798               19
  0.62722506386915877               18
  0.61743792908292383               18
  0.55184906865106820               21
  0.80178566785280903               22
  0.49569054509006005               18
  0.38236703247830145               19
  0.53203897752403850               17
  0.60949450924799209               20
  0.75493477180835666               21
  0.73757196547198756               20
  0.61293735023830809               18
  0.86114300092667939               20
  0.75116282384203226               19
  0.97206845349153215               17
  0.74585273032362565               18
  0.75150287598986698               20
  0.90320118151908790               18
  0.79483331783211653               20
  0.87481523005333417               17
   1.0147665857429242               18
  0.75463210631841937               20
   1.0262578988030602               13
  0.89703978638032300               17
  0.95942145899933384               20
   1.0203800711531377               18
  0.76950936903864087               20
  0.60018006439779836               17
   1.0315592341285891               19
  0.87770797152146041               20
   1.0292872883418913               18
  0.65836547550686364               19
  0.55719886543272601               17
  0.58590373071917334               17
  0.89630289556633369               18
  0.70403950248155300               20
  0.55278796374755201               14
  0.67909345659660703               21
  0.56915148052973152               16
  0.46492663580808691               18
  0.25195378487931430               20
  0.55825384747175388               21
  0.46734799790356607               21
  0.48666707743738624               18
  0.13357486711595337               25
  0.38495562477062450               20
  0.68968671034320195               20
  0.71221603680939649               17
  0.32356941452109944               18
  0.42454399026028705               17
  0.60187374279781258               20
  0.33090045205651725               22
  0.78890374646244188               21
  0.60003191844316861               19
  0.50886698594987156               20
  0.47472475423502980               16
  0.71166242862554863               18
  0.28224630037789755               16
  0.87445039256253343               20
  0.66468574389626411               22
  0.52636579469361156               18
  0.75471392698370809               20
  0.79573243039413943               20
   1.0126566696774726               18
  0.97467903905430608               18
   1.0137732542651989               19
  0.97013265341756183               19
   1.0255210501675633               16
  0.95346968931071996               16
  0.79889559824990442               17
  0.64058189713934077               21
  0.80380413786999116               20
  0.99215046901447712               17
  0.96248593290270923               14
   1.0832739122897552               16
  0.85506656169754713               21
  0.99183320138852749               18
  0.97881959146214392               17
   1.1492193901089933               20
  0.83927554606726396               18
  0.62214090744458705               19
  0.43298420305471458               19
  0.78394169304741368               21
  0.73829021644696391               18
  0.70741568667217225               18
  0.93141453139287123               16
  0.59686308585405923               21
  0.95675643396128940               18
  0.45892780337673467               17
  0.63972828225203826               19
  0.72883554980317511               22
  0.31355053313143100               18
  0.45940408120838916               18
  0.22175814382683690               22
  0.52686079709440470               19
  0.52324733669457835               20
  0.68222802324317910               23
  0.64413947236282232               17
  0.72838357119625430               21
  0.53725303156265625               18
  0.19551648977452807               20
  0.62249697944446847               21
  0.23918898020778306               19
  0.84606345552573026               22
  0.63507948015773541               22
  0.81530299671092143               20
  0.61561198599848954               22
  0.82147406572819626               23
  0.47048859212582217               19
  0.63114212729532304               18
  0.59003051044163823               19
  0.49371565214923385               18
  0.72911144393860849               20
  0.84991710448314328               19
   1.1427735058244819               21
   1.0299211727026436               15
  0.80492144377540920               21
  0.88095569037897581               21
   1.0016754932264167               14
   1.0474852610187828               14
  0.86533269475895058               23
  0.96425741591460390               15
   1.0340676874044501               17
   1.0431935895403062               15
  0.94277679332064890               18
  0.95565443987706888               18
   1.0029626462011112               16
  0.89286207805185891               19
  0.97067312493091940               22
  0.53274062914811882               16
  0.62399113260727901               18
  0.95430107920372487               20
  0.74556433048128323               18
  0.77650366571118656               20
  0.72325177128004836               18
  0.68882794752819887               22
  0.62743071550560281               16
  0.83997918744329103               17
  0.55225806620576845               19
  0.44175325783895292               20
  0.53398827172437824               20
  0.28582733512062447               20
  0.67016723667095934               19
  0.62313970388156981               18
  0.53409417604706455               18
  0.75982240893886266               20
  0.54924281817364473               20
  0.49958402845916455               19
  0.60179488592662289               22
  0.90040404163849364               18
  0.54953494755230037               20
  0.33432546499415566               19
  0.56680857157834985               16
   9.8394585308521701E-002          25
  0.16356550527006575               25
  0.75159986006855795               19
  0.53514758162838572               17
  0.74972688348423200               21
  0.77691056979828754               19
  0.72771280384426729               19
  0.90849611416069964               19
   1.0550179221285094               15
  0.97747485377947896               18
   1.0496530438960119               21
  0.93539130234973322               13
   1.2040439112166781               15
   1.2314750053995422               14
   1.0059726104919160               17
  0.91687767454248914               19
  0.95072531534093840               18
   1.1111301501793807               19
   1.1441415281714045               21
  0.94066068355083832               18
  0.89808330659208080               15
   1.0153063196666634               14
   1.1652523617330723               14
  0.81339782995949494               18
  0.80864838440181541               15
   1.0075986059783166               16
  0.81912681112569630               16
  0.60998045642366483               20
  0.45645258008525119               19
  0.94636164024359215               21
  0.65712115892738276               19
  0.81696641567073147               16
  0.73833945858716932               19
  0.76830403986746554               16
  0.51527707689655744               16
  0.74706522005113707               19
  0.67203691992130576               21
  0.41422031994193959               19
  0.55620592568969718               19
  0.51313770573406081               18
  0.68651895333428881               18
  0.78311236115848992               21
  0.61311210022654417               21
  0.38778723655393837               22
  0.45073346468913650               21
  0.71997951644032954               19
  0.83132427827510336               20
  0.72489102742399125               20
  0.55663539686795849               18
  0.59249408945176829               20
  0.68994301934626812               21
  0.65247422011209955               18
  0.78770797321829034               20
  0.65284350852597017               17
  0.53057742291125987               21
  0.74532668475622477               17
  0.74864866813262076               19
  0.81355573784973034               18
  0.62053436332327550               22
  0.75719185953572965               17
   1.1502042463535544               21
  0.94893118830217993               18
  0.88878400838945781               21
  0.94516563961726685               20
  0.92698815406611490               18
   1.1211348675293475               16
   1.1490612926305828               16
  0.82676375606464270               20
  0.96742825776340124               16
   1.1350656274080333               16
   1.0139070810469879               18
  0.94709824775682350               17
  0.89446184706105480               18
  0.94041390830547500               18
  0.91599226301372916               18
  0.83513327970789153               17
   1.0120070049860705               20
  0.92732113714246311               14
  0.83014802024192047               20
  0.85153511755038747               16
  0.65562552403236540               20
  0.54940187429335252               17
   1.0703766868430902               16
  0.82070298184194568               20
  0.76636171598985214               17
  0.74498179083494698               19
  0.64504981521967664               17
  0.71621289605527894               18
  0.58105066604478239               15
  0.59195760307748901               17
  0.82452947699634505               24
  0.61513442700895160               19
  0.41346851084760811               17
  0.33551887159331339               16
  0.44047418231230689               19
  0.75256438933796388               17
  0.79306240480408696               20
  0.82060463101446102               17
  0.70770175332255458               19
  0.74587010003512610               22
  0.63212368536932273               18
  0.84045084519870705               18
  0.41260011596080215               20
  0.66829300007565529               17
  0.67100346343139716               20
  0.73064596341526766               19
  0.75006886937030226               20
  0.88195180564767528               17
   1.0828044675783119               16
   1.0411030824757888               17
  0.80991594287668778               20
  0.89901128721523582               20
  0.94895082455305624               18
   1.1400188818260799               15
  0.96768793898205729               17
   1.0686419198141024               18
   1.0123621677357928               20
   1.0121397113687207               19
  0.73346959143748669               20
  0.86427824301084044               21
  0.95306519610098472               15
  0.93844732765179806               20
   1.0016578289153579               20
  0.80942835228887833               19
   1.0851874178642158               18
   1.0568376250305884               17
  0.71709719784038617               20
  0.84794051584147812               17
   1.1087414303265799               17
  0.62236569212856385               20
   1.0267496785477588               19
   1.0471714826199676               17
   1.0560355536044681               21
  0.62709439495529096               15
  0.92508105918861161               17
  0.38620947872472750               19
   1.0483464104641902               16
  0.71431361111062242               20
  0.85705833330457803               18
  0.66949198981026048               19
  0.90535619984644433               19
  0.46750857156108955               20
  0.58629225656752271               19
  0.80519423334695761               19
  0.94122309207951804               19
  0.45641499934651752               18
  0.88329876612594282               21
  0.77121432819422142               22
  0.75492705008996674               22
  0.54240236059568003               18
  0.28147897936385041               22
  0.55096519917478304               20
  0.95898477732690979               17
  0.94748468762162608               18
   1.0607403074903430               15
  0.94873463103315536               18
  0.68563782192527234               19
   1.0327769965853404               19
  0.56934706146579006               20
  0.67322667233507860               19
  0.95574085486671734               19
  0.88455059943382219               20
  0.88365870068093866               22
   1.1474340898122020               13
   1.3076494633718849               11
  0.90437059949882770               18
   1.0445581417905374               20
   1.0939269739177246               20
   1.1354766132524226               16
   1.1173612489277105               16
  0.97617307945396403               21
   1.0959554685086750               15
   1.0846244291556890               16
   1.0291055659490209               20
   1.0391250199632716               13
   1.1017181950380475               16
   1.1577416665089533               17
  0.49075353468386518               17
   1.1080407224773874               19
   1.1928171865700476               19
  0.92442751823327052               16
   1.0391119492542926               17
  0.92659854761629579               18
  0.91280104982594867               19
  0.66377079762002589               20
  0.86619158852849365               17
  0.87102642486199777               18
   1.0128826490252993               15
  0.78580667165991958               20
  0.87379791553204056               22
  0.91185594856382146               19
  0.54417587843674387               18
  0.45469331068624824               21
  0.95946513657566268               18
  0.63542533425282788               16
  0.38382961534086341               21
  0.95136532805392371               20
  0.71389660268814514               21
  0.90867842456282599               18
  0.64609511605035297               17
  0.64944008594806280               20
  0.69257691393064225               21
  0.87805505476970935               17
  0.52517720432666293               18
  0.91991999492469034               15
  0.96701387796338045               15
  0.65406092748518319               19
   1.0397375395020487               21
  0.56385353127077376               20
   1.1604750670118926               19
  0.87252331665626137               19
   1.0610388985779171               20
   1.1009898527667281               18
  0.96153841067738655               17
   1.0614969146484077               17
  0.90171021690897069               16
   1.1164727735990967               12
   1.0484941941932318               18
  0.95480644748037080               19
   1.0511022545382378               17
   1.1881575964976658               18
   1.3497103426494477               14
   1.0599784381317878               17
   1.1524872322376405               14
  0.88993734221770060               17
   1.3283044132084247               13
  0.84376671429289829               17
   1.2592512303814023               15
   1.2286258775164332               18
  0.72705221074521276               19
   1.0360429243337739               19
   1.0687069149064878               22
   1.0009686930126620               15
  0.83641161814367671               22
  0.34355861467158361               21
  0.84336418165274052               17
  0.89386769276926104               20
  0.95718569947309440               20
  0.67903686088294346               16
  0.64235534724051002               19
  0.50431059835325720               18
  0.78004069752003158               20
  0.72108379756585383               20
  0.44355520888143946               18
  0.93476677035957556               16
  0.86044877456271696               20
  0.49932612922182357               18
  0.61264752211702422               21
  0.99332673343558542               18
  0.81273607382554658               21
  0.39992398932413575               16
  0.83294887442994381               20
   1.0686065907595335               21
  0.72190255749699728               18
   1.0134556776708459               15
   1.0672188903460214               25
  0.87176570207297477               19
  0.68403344980956238               17
   1.0091707834489427               18
  0.84014472614264268               19
   1.1768237563596273               14
  0.83250610931335822               22
   1.2230205917631076               17
   1.1965665436298718               19
   1.0440434762434256               16
   1.2055940216818337               17
  0.92588391680355986               17
   1.1600648468258385               19
   1.0996566179772980               18
  0.95440307436198324               17
   1.1516950505628645               17
  0.79175811712123900               20
   1.2103542006887906               18
   1.3293819121987573               14
   1.0174224496660527               19
  0.92247106794453970               17
  0.91971105002561215               18
   1.0582972345066635               19
  0.77334865377487161               17
   1.1201469179889365               18
   1.2140904260175358               20
  0.84244124578869195               20
  0.76724324926146015               20
   1.1019857811681393               16
  0.82894745146913884               18
  0.80697912914583536               20
  0.72989138696316891               18
  0.70490282383548386               21
  0.80626675324655916               19
  0.88293873427124836               22
  0.99863424091287456               17
  0.48677504977552244               16
  0.85351852878513901               24
  0.76599290755273697               18
  0.99675511456762822               17
  0.93782740720338897               18
  0.65265084729248379               18
  0.84022653133232450               19
  0.82266099981003227               23
  0.58466224888670060               18
   1.0066694305729644               18
  0.87027764710406030               24
  0.92359082722332919               17
  0.79356456969588751               20
   1.1003938067833869               24
  0.83846203123320273               18
  0.93514724368654267               17
  0.50858399114630548               16
  0.86279554915549483               20
  0.65194286544456137               22
   1.1923949248396104               17
  0.98266626350634545               20
   1.1043376983608901               18
   1.2679030851533297               15
   1.1055329805325078               16
   1.2045070386234853               17
  0.99948479677194424               21
   1.1740381691948063               18
   1.0727471880385404               19
   1.0314931560853056               19
   1.1748120342530208               20
   1.1819237882167934               16
   1.2389428863164946               15
  0.89779064309771317               19
   1.2247287487175793               18
   1.0949858604480351               16
   1.1192038828042898               20
  0.95844386497823675               18
  0.95304552331614922               11
  0.85398999032705214               19
   1.2309984298515229               21
  0.77130753256404527               19
  0.87697030981977742               20
  0.69583369424306929               18
  0.97700479801814288               17
  0.64599704036853256               23
  0.89850194392948091               15
  0.89034009856978757               20
  0.78130208979577254               19
  0.60931144885354593               22
  0.74956439643945294               17
  0.70894910344369044               20
  0.94221302706617538               17
  0.84792463105347671               19
  0.96077995434540941               19
  0.98423509773395157               17
  0.83074306769890116               18
  0.82507996337500877               23
  0.76898777733017898               22
  0.98123404253865798               17
   1.0662509009584700               18
  0.81876519854890339               19
  0.80328092717256983               18
   1.0121520441535190               19
  0.99537827740035900               15
  0.71127492888485899               21
  0.84651595013979974               21
   1.0914651886106348               18
   1.0058656369088546               17
   1.1231207210005372               23
   1.0542804435057396               21
   1.1568580160804811               20
   1.3313085717726092               12
  0.98920527051645957               15
   1.1113787860835522               19
   1.2751685276733267               13
   1.1364138734519758               19
   1.1575582127368040               23
   1.0274838876035022               18
   1.0807358104539972               20
   1.2855799952810085               17
   1.1590422915200240               15
  0.98371642545610771               17
   1.2625707085783149               18
  0.91626837517439008               18
  0.86733919654654112               20
  0.88233029838452970               17
  0.94787066246740204               15
  0.89238572746113687               20
  0.98363951232261515               15
   1.2356555122981461               20
  0.88244646044735675               19
   1.0890940575543573               19
   1.0854829235152104               19
  0.81311598193145351               21
  0.85694549756214156               18
  0.89231959379073189               21
  0.92471497253599644               21
  0.75670595919068850               21
  0.72919529535030736               22
  0.90454603060760552               22
  0.53703868401263277               16
  0.75372911743932902               20
  0.76485544766240177               20
   1.0343166266945678               17
  0.98752985315678554               16
  0.90640983523233543               26
  0.79647206649434155               19
   1.0006879447690786               19
  0.78022014195824485               18
  0.64726643597894873               19
  0.76050826018660345               22
  0.94271238025742055               17
   1.0335228257659985               17
   1.0883859901029787               17
   1.0846849853608287               20
  0.81744176115067657               17
  0.91091586391606749               19
  0.73180617476424636               17
  0.84222833229249428               16
   1.1755371809421715               19
   1.1940830160508922               15
   1.0164462105316161               21
   1.0621358237496363               19
   1.2519016128732823               15
  0.80167434849312791               20
   1.1019741829371139               23
   1.0716180828606723               15
   1.1412577077427228               16
   1.2033109646961626               21
   1.2176007933492758               14
   1.0394244631086087               15
  0.98849715758440793               18
   1.2847455540956276               16
   1.1079622155945115               15
   1.1988755467952221               14
  0.97263398438161042               18
   1.2007519957425723               19
   1.0330416039799155               16
   1.0466816053202128               16
  0.76155316276410612               20
  0.91987110426075658               20
  0.98430722434009688               17
  0.98241444267328959               16
  0.93387924316427617               18
  0.84867190359364608               17
  0.80020232089493815               18
  0.96318222083726235               18
  0.91921086652215611               17
  0.79742280705048230               21
  0.84846193216402188               18
  0.83383950633964710               22
  0.82906724793771591               21
  0.67517621060798128               18
  0.89511728359631648               22
  0.85328616383635503               20
  0.94627012054038950               18
  0.77114148848678410               17
  0.95297967082151980               20
  0.97457598610312413               18
  0.82897993324377084               17
  0.98709409638267087               20
   1.0147819732880912               19
   1.0178151477941293               15
  0.64735037205932644               17
  0.86809505667485543               20
  0.77553452538644163               17
  0.97270111023740635               14
   1.2098705525108744               16
   1.1183034887322161               18
   1.0471209179511243               16
  0.94058495047592350               20
   1.1074661828020473               22
   1.2269670643091104               15
   1.2839966376835508               12
  0.97219583677779908               20
   1.1901629716778452               17
   1.2783035615070104               14
   1.2858121188912837               17
   1.2459640035494570               14
   1.2983075781303186               17
   1.1757535303655229               14
   1.3174792937326898               15
   1.0534916921108450               17
  0.91675894586331097               17
   1.1283733422728612               20
   1.1083940089384017               16
   1.0008086376754199               17
  0.96092827872057585               16
   1.1504793985895876               16
  0.90332974339519989               14
  0.93644236441371609               19
  0.89066922124053183               21
  0.91997892983941099               21
   1.0060126520115158               18
  0.82367613043632060               18
  0.91562198504543257               20
  0.89233936509668621               23
  0.95153293243496029               17
  0.90775378543457963               20
  0.93876796366149184               19
  0.86271333704378494               22
  0.91537906704100258               17
  0.90098393115011677               19
  0.94378375455832320               19
  0.79139723208289570               24
  0.78799983624503889               21
  0.83537781348569717               19
  0.91519486211329859               16
  0.77553769377296489               19
  0.69819195471086370               20
  0.75903200927613113               18
  0.87631358281770277               15
  0.97620220680040648               20
  0.90989578383785430               16
   1.0826047329879021               18
  0.99228603875475263               20
  0.92762835607806871               18
   1.0108625565398941               19
   1.2548256165869558               14
   1.1038118199247990               22
   1.1420810612585577               23
   1.0974897941710806               23
   1.1886971170328311               18
   1.1190996624380709               24
   1.1292734346717515               21
   1.2301669483845334               15
   1.1897107691192390               17
   1.2774017419580572               18
   1.1424455203534329               20
   1.1079169276571332               13
   1.2019002161751822               16
   1.1169635754609457               18
   1.0656035918115110               22
   1.2624826385955970               17
  0.99584111281811949               14
  0.92933543020906939               21
   1.2044184059766867               19
  0.85469430659823109               17
   1.0171953137414709               17
  0.95564104856943743               16
   1.0108053457223545               18
  0.85998586239788222               21
  0.92204119257265016               18
  0.72611342497518128               19
  0.96420115354384528               16
   1.1123780596245587               16
  0.44287924102013831               16
  0.25599336926470118               22
  0.86086365596755476               17
  0.92147798130006964               20
   1.0128456187324653               19
  0.89732620732844004               15
  0.70074009292566408               22
  0.86780115176794415               19
  0.83120674452650667               21
  0.90266173621821921               23
  0.49231157045146834               18
  0.68423088944066635               17
  0.85895394550868542               22
  0.88235414809068091               24
  0.82841561523363350               20
  0.86118851277820929               17
  0.72218423614972538               19
   1.0419465553958072               20
  0.65467897300192834               19
  0.95427544318299573               18
   1.0870618498851272               22
  0.92292224244933752               18
  0.97456921640354133               16
   1.0406830105449347               19
   1.1206788118404512               19
   1.1570999157492865               20
   1.0787869866172932               19
   1.1576076817983749               19
   1.1142427739629699               20
   1.2106445631137608               19
  0.77307234020790372               18
