   1.0047688130640555               18
   1.2344705199845758               16
   1.3261094665992261               14
   1.0362522451232410               19
  0.87610938448335096               17
   1.0165034285120607               17
   1.0308467800721846               19
   1.1330623029019478               14
  0.51060875306284625               18
  0.93444070857845807               18
   1.0849087479079749               19
  0.87848727286953443               17
  0.86664122086355944               18
  0.94464543392223310               18
  0.75122404980722568               19
  0.75801020738747471               21
  0.77861785837689579               20
  0.94438016699405813               18
  0.86514380531144874               16
  0.97085844091275597               16
  0.67681681315736542               22
  0.47518716499626945               20
  0.81663779056997821               19
  0.60893387665315979               23
  0.93195702436281869               20
  0.90553586669895403               21
  0.74819132449302983               21
  0.97347320145329919               17
  0.96729046170879518               19
  0.81286504321160469               19
   1.0914726992825616               17
  0.67171579590235375               18
   1.0808889467466434               19
  0.88923666535542323               19
  0.57794392093153768               21
  0.89907035224651422               23
  0.37351217413667431               20
  0.88910366856771228               22
  0.85380514113531814               19
  0.97623804239689727               19
  0.97267797912814868               18
  0.66026556278122939               21
   1.2233358820934672               15
   1.0670353343239694               19
   1.0580233677224937               21
   1.2170945870179553               23
  0.84445122954716223               23
  0.83445849863498256               22
   1.0209991552319726               20
   1.0823826417084383               20
   1.1911324964783971               20
   1.1122726431404752               21
   1.3103968536704522               14
   1.1444540030556323               18
  0.87361962555406103               18
  0.83542660636144339               18
   1.2420504332546920               16
  0.93900910389287162               17
   1.0542671277626094               18
   1.1016407703841029               16
   1.0350456429403625               19
  0.77929855939413351               18
   1.1239176018514825               19
  0.98522841096085378               16
   1.0340971882518486               19
  0.92414265950614916               20
   1.0788583149206261               17
  0.65091863024179808               21
  0.73031223490099373               21
  0.82362562998845479               21
  0.82814499230806993               15
  0.96932699391413879               19
  0.71196798606724931               20
  0.92538662914183079               14
  0.91925055834168379               18
  0.93832613277228538               16
  0.88461297993413412               17
  0.68544114494920272               21
  0.84694240889930172               19
  0.97289443294422506               19
  0.86727502558500358               16
  0.62249052587360776               21
  0.99087478414516428               18
  0.93029010727313921               20
  0.89604985075542831               20
  0.95586350047139057               22
  0.92155243112276519               24
  0.91080047991703128               22
  0.90028482216247996               22
   1.1898618430359675               20
   1.1508071646714086               14
   1.0343238426768580               16
   1.1585844081683010               14
   1.2736682435209083               17
  0.99944355365502979               19
   1.1937814066907995               17
   1.2296709620445432               14
   1.0861807875062681               20
   1.2928474019981122               16
   1.1133824049180898               17
   1.1125542996516227               15
   1.1989276071360193               22
   1.2348541958851467               21
   1.1539590154358275               16
   1.2786482559572934               14
   1.1118640329222069               16
   1.0188439163368621               17
  0.95475735196126288               19
   1.0072353508232861               18
  0.96892327746923235               20
  0.87915628803545398               17
   1.0731783129075148               18
  0.69331545678900997               18
  0.89337677554357775               19
  0.89078841993682023               18
  0.95448096714257280               13
  0.73292140314867449               18
  0.91488306011435083               15
  0.95993895133368901               19
  0.77087911040328738               21
  0.85598486597505807               19
  0.81060364170564914               17
  0.86201011463651489               19
  0.96655705625625743               19
  0.67002995889917338               24
  0.69700682212662923               21
  0.83343264522812377               19
  0.85851686587797105               21
  0.89901753831480358               16
  0.52157323175079118               21
  0.84064009751007485               18
  0.95086432488269812               19
   1.0497182382787256               15
  0.61997737874608605               21
  0.83050712026835050               18
   1.0787268949822022               20
  0.87599418393165518               19
   1.1275269683691731               18
   1.0588435602907484               19
  0.90418363855263073               19
  0.99626990237963786               19
   1.0625456159031121               17
   1.0089587011815477               15
   1.1223242004983029               18
   1.0242705720711205               19
   1.0531692916698299               17
  0.95073344985226971               18
   1.2604742590770659               18
   1.0159308789340740               19
   1.0138986352475881               21
   1.0352267829041217               17
   1.1082856916430663               22
   1.1598018738827405               19
  0.92376014469500733               21
   1.1176715838908000               19
   1.0619795746101279               17
  0.92691570934985901               17
  0.83747440007657126               19
  0.93153541375768834               19
  0.69954039551448033               19
   1.0078271151630589               18
  0.97749916388929836               20
   1.0655847817247561               18
  0.68589015019072941               20
  0.62725429405543054               17
  0.92168375723863283               21
  0.95166203846720687               17
  0.92280631607199259               21
  0.97836043306149889               13
  0.71309378010512614               18
  0.85508972863694599               17
  0.71579631354101969               17
  0.90776541518297427               22
  0.51155208548113429               19
  0.97734271129817618               17
  0.57893764319734176               20
  0.36077440013847401               19
  0.59121725398626057               22
  0.78782194474923573               20
  0.97349002431396658               21
  0.60159325889506976               18
  0.84179614593486485               23
  0.83103608126510220               20
  0.67880866202670642               18
  0.39674553275253965               20
   1.0006965509469705               16
   1.0040938449305266               20
  0.98778623555373335               20
  0.46562851314938175               21
  0.93312797865080310               24
  0.89606420139403042               18
  0.83509334856057105               20
   1.1469368079997684               13
  0.96493669576675312               18
  0.99974114040825435               19
   1.2224479753356372               19
  0.90754585441857127               22
  0.90778816616715596               17
   1.1243453004504649               15
   1.0567541647932348               21
   1.2427735153608837               17
  0.65667660976968911               17
   1.2172633375296076               15
   1.1739791191369546               18
  0.63292224298027366               22
   1.0713206415494310               16
   1.2322021861096668               16
   1.1530566452966466               20
   1.3227106411242522               17
  0.95617406926118953               18
   1.1294354773625492               20
  0.64094348562013359               19
  0.84679734070458745               24
  0.60283010323557384               23
  0.82247706752173699               16
  0.81500447040963531               22
  0.79000748246208274               19
  0.96920585406858306               19
  0.89802551722885016               16
  0.79590576523714485               17
  0.81132324556588808               19
  0.64758579222114798               18
  0.82737334596951473               20
  0.76601390952748083               19
  0.58851293876917454               21
  0.92754606891733193               22
  0.78951338902087065               17
  0.68508119695192171               23
  0.93572493506772048               21
  0.96231505247122040               21
  0.46008945583463767               21
  0.77325834913795588               19
  0.93576413445895279               18
  0.82822698987836474               17
  0.70067203562930702               18
  0.60943738352932164               21
  0.69386686455093094               16
  0.96600261661899600               21
   1.0996896897429773               16
  0.74836779273670728               17
  0.79251284824861956               17
  0.87250586019292453               22
   1.1115642596294115               20
   1.1818520508915811               20
  0.97651351295771838               19
   1.0683943039100881               15
   1.1042939048675275               15
   1.2390630736853525               16
   1.2868912256692269               16
   1.0103379214920001               19
   1.2329596980579423               18
   1.0593385025891338               22
   1.1572059668371601               19
   1.1918067464317441               14
  0.98707924986897688               18
   1.1135866754187469               18
   1.2130720984013008               20
  0.75201304933011215               20
  0.88848403495537620               18
   1.0446355691766487               17
   1.0374638445760689               17
  0.83976515110163052               18
  0.93909137432087586               15
  0.86578145652824057               19
  0.74785420262940916               20
  0.88060370313821446               21
   1.1888080064949480               16
  0.75181948136994237               19
  0.93497270222154760               22
  0.80481647906438070               17
  0.98210328158309312               17
  0.35807554410416631               17
  0.57452650315881848               22
  0.96468777323666732               21
   8.7055563063282215E-002          18
  0.90670261870589475               22
  0.42395218044311006               20
   1.0179225006415222               16
  0.42361481657993866               18
  0.66521927757891253               16
  0.75762866105046422               19
  0.71234518806063618               18
  0.75622382822216727               18
   1.0468490519945115               19
   1.0354700600980355               15
  0.57343801560339558               22
  0.72379592501363643               18
   1.0081817625725429               18
  0.56135693401901088               17
  0.71650951938829965               18
  0.64827625805671807               18
  0.80912240400549595               15
   1.1958819853305374               21
   1.0944862423806250               19
  0.92257571085982271               18
  0.89033212041497389               19
   1.2749365528046692               17
   1.2338186101039939               21
   1.3222268929952381               17
   1.1521642943277546               21
   1.2613733878958633               15
   1.0471047013731285               20
   1.1180543385604382               18
   1.1628195104583015               17
  0.89560152162035744               18
   1.1176843570446529               19
   1.0919347404137618               18
   1.0203363361674274               18
  0.92079098659698677               18
  0.81397078419804492               18
   1.0007520509334675               15
  0.68347125114920648               22
   1.0244440060525739               19
  0.71129583947027419               19
  0.67962114941348628               19
  0.69002418482939709               20
   1.0782491396463798               20
  0.57344696810559947               21
  0.76197824694679217               19
  0.74339533707872230               17
  0.71464452145808932               23
  0.84344120561083769               20
  0.68303685745368559               19
  0.59545833492936917               22
  0.45186672920365106               20
  0.72196747700804098               22
  0.33505197532206871               19
  0.44325096535894581               19
  0.77017369562944615               17
  0.72728920684968679               19
  0.78124053210692401               22
  0.52237799878243241               22
  0.80665921728904000               19
  0.77362714419756318               20
  0.63270989157077206               21
  0.95730606117964245               19
  0.62460822705076469               18
  0.86293243089254734               23
   1.1523378827074890               20
  0.95432722309298890               19
  0.60061679719207739               20
   1.0288167263976871               20
  0.93142932911737131               18
   1.0079324380311190               19
   1.2270423114041280               21
   1.3311916742717087               16
  0.99822101516362971               19
   1.0580217383106554               21
   1.0925249976304852               18
   1.1484972077425273               14
  0.98051070991318101               21
   1.0671728207723323               19
   1.0730287279592636               19
   1.2568584696373915               14
  0.71792717759561753               18
   1.0842059158760224               21
  0.56705067694941724               21
   1.0357122094606515               19
   1.0018127803578187               18
  0.55229448475326159               18
  0.66729350785665076               16
   1.1014066013452033               15
  0.88447865791796576               21
  0.61269586887483407               22
  0.72570242771029658               19
  0.78271334896117328               20
  0.57601722493007401               20
  0.93675147363506628               16
  0.90958656315450259               14
  0.95400065292215974               14
  0.76951647946040147               24
  0.97555831840157303               18
  0.86849535068053818               20
  0.65345590466257020               21
  0.40947119591459041               23
  0.32107402971720927               20
  0.99147682561730721               16
  0.60586182061201799               21
  0.51463594612325891               19
  0.70856324673288651               19
  0.69584530119982979               20
  0.53975102361944927               19
  0.86493423074396059               20
  0.66110904672517590               19
  0.77433390877012109               20
  0.57194367106655697               18
   1.0175377205685294               19
  0.69518167514757401               17
  0.93216536234454095               18
  0.90829198083801965               21
  0.87923384491989487               20
   1.0919194193410746               18
   1.0137373492483559               19
  0.72783174982674881               20
   1.1742881222928514               17
  0.96792024890411321               21
   1.1165738167609014               16
   1.0080934002045401               19
   1.2046788115454317               15
   1.2240611678078412               17
  0.95368044310354239               21
  0.91390253769443508               17
   1.0915578118910383               17
   1.1044333308202980               16
  0.82798281089280346               21
  0.95358694773222596               17
   1.2839467586483138               16
  0.99300262311219445               19
  0.56735191220289805               20
  0.83682634166863212               16
  0.84385155135437173               15
   1.1026451553810108               13
  0.67646815473865707               18
   1.0352154551261343               15
  0.76659832741739342               19
  0.45841506359734407               23
  0.72780152492780203               20
  0.83657718646639756               24
   1.0186362223849261               17
  0.90876746151763965               19
  0.75691460796404342               20
  0.79422981635164469               15
  0.57525953618915004               22
  0.48314379392732193               21
  0.53449437526061017               19
  0.75841146180261232               15
  0.46426108603156346               18
  0.63339799329919810               20
  0.34499227027257684               21
  0.51276251643331050               20
  0.73509809633877088               19
  0.44640696853833822               18
  0.58889715689619304               17
  0.59326889266670124               21
  0.46510591412065727               21
  0.96082574614733296               17
  0.62074571288688785               19
  0.80033692789599120               18
   1.1336324223113809               19
  0.87043374004471263               19
   1.2204622777630727               14
  0.98855509519120999               17
  0.72995692047881600               19
  0.90751547355568440               15
   1.1432327489657046               16
   1.2604322930827296               17
   1.0076155655349273               20
   1.1340146906545348               16
   1.0097754007516877               19
  0.83840675485426031               20
  0.93944559518714532               20
   1.2802277251499070               17
   1.3005411344265045               15
   1.0353406321517853               19
   1.1518084237454020               16
   1.0138385373303571               19
   1.0273371827819469               16
   1.2990295007469439               16
  0.74006004608037534               20
  0.84034718546262754               20
  0.97488008476219223               15
  0.99878083320278377               19
  0.76266898334525390               21
  0.70503639450821409               18
  0.74113989160274785               20
  0.94307843558935711               20
  0.45585850086553709               18
  0.43280307841621057               21
  0.80436165266787740               19
   1.0056697825894974               17
  0.81831143735508627               19
  0.82675154299405085               15
  0.45711375275158350               23
  0.36146385570529449               24
  0.51271762802157306               22
  0.59741589176247734               18
  0.63272349350911317               22
  0.84743140343107415               19
  0.69847258118211297               20
  0.46165519959496593               19
  0.95355824266734723               20
  0.73029901913828688               21
  0.75733558897307973               17
  0.94698582117457097               21
  0.74491182396378486               18
   1.0413753561110577               21
  0.55340199128981760               19
  0.90604628270540566               22
   1.1043406280618056               14
  0.91274180310790387               18
  0.57489273095324900               22
   1.0451677732158464               18
  0.70672565425165057               18
   1.1807402371490605               18
  0.96389032847877154               22
   1.1652288077686976               16
  0.87886680811271156               17
   1.0598848126038891               19
  0.90158955334636648               23
   1.2376353728539546               16
  0.84507026493797011               20
  0.88791659323281369               19
  0.98868661777870048               20
  0.94540436553328877               20
  0.72604549928382955               18
   1.0794038217899546               17
  0.72163807027837479               21
  0.99755741650147167               21
  0.96218271067355077               20
  0.94685437613550816               18
  0.93488665411028105               16
   1.1699665153254504               18
  0.53260155633134809               24
  0.44614698032881972               23
  0.28189300017372054               18
  0.84603566339233660               17
  0.80549572006412296               19
  0.66729768680710033               20
  0.55169551329606648               23
  0.53135016468488361               19
  0.83890988776762010               20
  0.76198127372972024               16
  0.76509834037021340               21
  0.37230373243842207               20
  0.71793112600402320               17
  0.35548539122807610               19
  0.91828941080912507               22
  0.76112433995129358               17
  0.50161206647316159               22
  0.29979472824737369               20
  0.70403051063278199               16
  0.99040346811893598               19
  0.88669462875985161               20
  0.74524357104073791               17
  0.84993073699667709               17
  0.83473564295510627               20
  0.80687547284245598               18
  0.57410332414291143               19
  0.63283371290172274               19
  0.56130242424723675               19
   1.1285186687955451               20
  0.80187141524563077               18
  0.81664476733461977               19
  0.71727764311709985               22
  0.90869715873448220               20
   1.0538161340093315               22
  0.89315682603378366               18
  0.95036006053621602               18
   1.1756117236438168               18
   1.3160985774422207               14
   1.1502694743434481               15
   1.1492089126858485               19
   1.2099635616900517               15
   1.1048682103235932               16
  0.81596177362288091               18
   1.0579807711825149               16
  0.70365080112913891               20
  0.90188478004872852               17
   1.1974912052075799               15
  0.88406171507262066               19
   1.0086059459682382               18
   1.1370659853477196               18
  0.36480668925137649               19
  0.79790685906416448               19
  0.58234352788879884               17
  0.73389452337523320               19
  0.93162936817322006               19
  0.65921322673450611               18
  0.80861154247637856               18
  0.30953109413398217               21
  0.49642950721332202               22
  0.68837679307259114               21
  0.54326918556402592               20
  0.65274798456401240               23
  0.69115658975075556               20
  0.46306151423103786               19
  0.47738602210623382               19
  0.28064987437228345               21
  0.16372514853425382               17
  0.55500285767223378               19
  0.50660476516253383               17
  0.65777960841362160               19
  0.44796507466852359               20
  0.99138230009555350               19
  0.54787238939597327               23
  0.87288808433578069               19
  0.88891929241234469               17
  0.95074439293992474               18
  0.98858333449806801               18
  0.91342712257065861               18
  0.76690428860577109               19
  0.98876023792798218               22
  0.82639411086458359               22
  0.80169343305632568               18
   1.1292639535691740               21
  0.81324516789228218               17
  0.74934449767276667               21
   1.1497919706648509               21
   1.1122578957380493               14
  0.92597630149966870               21
   1.0155968058588027               17
   1.1537447091541260               12
  0.82941170874960390               20
  0.86398045486133179               19
  0.91931415692207497               21
  0.93121946354492890               18
  0.79052116753149626               20
  0.84680966477010922               20
  0.57098211338078519               20
  0.79978434136035215               19
  0.84788191123142709               21
  0.84104964223991829               19
  0.71269943504673450               15
  0.89571783924728110               19
  0.63589988147519094               19
  0.38037248087246617               19
  0.74622954475994763               20
  0.33835078484256309               19
  0.47959871959809475               20
  0.51927974485555017               20
  0.79061979489089063               18
  0.40203475892607643               21
  0.56125098299540144               19
  0.41103976843836854               19
  0.55732366291167046               20
  0.61754068990029087               21
  0.30698348420319749               22
  0.35337177025234640               21
  0.79708829100394984               17
  0.48205942833563520               20
  0.70714187618349800               21
  0.67709353697716312               19
  0.60492143450262659               21
  0.52039198456132474               22
  0.67726599922333275               21
  0.64555242815056080               22
  0.67287252024110034               20
  0.92255922182761774               21
  0.49546269118930708               22
  0.88755711759843969               19
   1.1284540593912664               19
  0.73568639076378095               18
  0.73041343455757513               17
   1.2782144407868692               16
  0.59696092754540908               21
  0.67377880306497007               17
   1.0910007908459591               19
  0.82814213382892410               23
  0.88807302683731060               18
  0.81694827317997387               17
   1.0500097006070832               17
   1.1638232292518349               19
  0.84101161788024592               19
  0.87848329200456354               24
  0.99086920388808919               20
  0.70414794300360017               24
  0.88169751356986303               18
  0.96518572338134878               19
  0.61686294196678482               23
  0.98986958967896432               20
  0.29740075718576997               21
  0.46023943790339533               22
  0.61476735616337985               19
   1.1367318164218734               17
  0.60049637985529836               21
  0.82558015317646427               16
  0.35599661277052275               19
  0.55165105089948230               16
  0.78747322400686182               19
  0.68582616974555022               23
  0.37729482695528838               18
  0.27353849577579281               21
  0.50764836811337266               21
  0.32139108575197950               23
  0.53774034865578246               15
  0.83475832398788874               22
  0.69618885336722280               17
  0.19295621279303313               20
  0.27675755254746776               20
  0.82827551515123410               18
  0.48729994141880439               19
  0.36793037642914611               22
  0.76948736080571156               17
  0.52125384385465856               23
  0.60416977747552680               21
  0.96249122823180144               20
   1.0198702261627139               17
  0.77571418209828236               18
   1.0180444275517566               18
  0.98894475873684318               17
  0.62184781120186317               17
  0.88845316173934685               20
  0.86309314477996879               16
  0.97446257986660523               19
  0.75512122703906537               17
  0.69389511296365369               23
   1.0521522683539584               18
   1.0762273467850292               20
   1.0290820370522400               17
  0.84056385610161544               19
   1.0021736037277647               16
   1.1963790813130948               17
  0.97778730469333941               19
  0.73615349023044196               22
  0.89616428593592623               20
  0.99136385268790350               19
  0.39493967913405914               20
  0.64746080178258514               19
  0.79241937066819457               21
   1.1074627697398507               21
  0.69554483282887836               19
   1.0648587948056398               16
  0.59090208846637804               23
  0.62517939725562843               18
  0.85632107689664416               23
  0.53362968644455699               24
  0.68083233653668163               16
  0.47192900250309838               20
  0.38157567988630520               20
  0.70994148354781039               19
  0.42691862950763154               20
  0.31858385932995814               23
  0.54712698388519077               22
  0.64627822315485117               20
  0.14969774685778869               17
  0.55590040736773350               19
  0.67621849786731447               21
  0.29111175911695442               19
  0.54171076531205875               21
  0.32171417910917260               19
  0.24270364319842214               21
  0.89071308429969764               19
  0.42901435070891925               22
  0.49945575279299043               18
  0.76879254729835700               16
  0.88984158078786391               18
  0.42516180009888555               22
   1.0405941330713107               16
  0.67941095438969590               19
  0.65099686470328855               21
  0.45221480377774864               24
   1.0092021936624247               20
  0.87216778399815764               20
  0.77309212261316140               19
   1.1837926310032703               18
  0.66757003642414303               18
  0.95788641111630635               20
  0.98127937282985778               19
  0.86863264233551030               19
  0.72521134521770292               15
  0.93263509112731702               16
  0.97024691750181957               18
  0.94372542151703698               20
   1.0135305843617564               18
  0.90970429763111593               20
   1.0672985743433427               18
  0.66853666767541198               18
  0.70723960187482293               19
  0.52412948294531769               19
  0.93222070514418387               19
  0.42243374448145771               20
  0.60144829611110595               19
  0.87948413769359812               19
  0.60600004516994221               21
  0.56651022963697573               21
  0.51819577052013377               18
  0.56993157786607873               16
  0.83097731786945261               17
  0.36384508724592951               18
  0.39872371838177112               19
  0.61223385240580830               20
  0.30652627040957126               22
  0.41599261581755459               18
  0.51682994854820818               19
  0.70376011112692138               20
  0.37193513555888191               21
  0.40946660122769929               20
  0.38009124105991610               23
  0.85602088648850161               18
  0.48262347241941894               19
  0.47180224061235948               22
  0.75967746175257234               18
  0.61865361188703272               19
  0.41533826791208384               18
  0.43822441927560507               19
  0.52902781972728052               18
  0.67607051209865987               19
  0.67382775043348597               20
  0.73831616986137327               15
  0.89366905451286760               24
  0.83229332287913271               19
  0.75015295319827935               17
  0.97735973653238883               16
  0.48085736041449256               22
  0.37576697150288868               21
  0.85906354523232376               20
  0.95598566640602689               15
  0.99088296401784182               16
   1.1076331069411536               14
  0.82810001297961622               21
  0.75844072616007596               18
  0.51038548623116597               21
  0.85339656287414178               18
   1.0539910063722211               15
  0.96019109299196792               19
   1.0125572326112686               17
  0.50574639737112026               22
  0.84395838043006344               20
  0.63865881379208000               21
  0.80794731543620057               20
  0.39140806141116669               18
  0.51714588301871689               19
  0.40479102686449164               24
  0.52404437622354549               23
  0.58137470437242378               16
  0.65361508723052997               22
  0.35406326414702233               24
  0.63355461586216255               20
  0.48593421586939384               19
  0.50328116589570016               23
  0.22090706093396176               18
  0.11581305204043570               21
  0.39652129937408670               19
  0.19972729126408878               19
  0.49603829315169951               20
  0.40010503804622821               19
  0.42168275552047901               21
  0.38444146590917833               23
  0.26142298385761092               19
  0.19704147354174023               15
  0.34353487491261092               21
  0.83943756317676221               17
  0.27008141249125028               21
  0.67886091293884243               18
  0.64614264761087170               21
  0.54884281043755501               17
  0.52954290867573217               18
  0.92233199373213293               20
  0.40020578929355327               22
  0.63908777575543918               18
  0.44978130211541484               24
  0.92755168374607533               19
  0.84653493424357684               20
  0.83055351557516011               21
   1.3360479233250349               14
  0.85775841603963432               20
  0.79410572806478841               18
   1.2695028269941919               19
   1.0676029740324651               17
  0.92216859740077639               15
  0.95165138708660812               21
  0.97823027503544979               20
   1.1222130836384374               17
  0.48859215268528916               21
  0.78350598701653584               18
  0.62346977708086349               20
  0.74283969602315558               20
  0.81266219906987114               18
  0.75293175284035074               18
   1.0049077309545171               19
  0.75542752440850458               18
  0.36207663741985552               21
  0.61068929132832650               20
  0.19554712538684599               20
  0.77201469085423702               17
  0.66786770769863146               24
  0.42777677725682911               19
  0.62372517001111727               19
  0.46033305570894090               17
  0.26271307559370899               22
  0.50283008458327128               19
  0.48162630040782645               18
  0.27675415603688180               23
  0.13037515084645279               17
  0.50574315839606032               18
  0.59285376881830798               22
  0.13323172412255957               17
  0.65821721531109878               20
  0.65258249373571908               22
  0.51579568526346298               18
  0.43194908074883887               19
  0.33979112650029519               20
  0.73701717590191707               17
  0.51415795027677691               22
  0.92905673786330856               17
  0.86287077926766131               18
  0.36084222163690816               24
  0.57525532577208904               17
  0.70467451154246641               22
  0.62807221637900523               19
  0.90731641465418345               21
  0.86936092321974279               20
  0.73756809745696894               19
  0.96887648007604732               15
  0.67736736656983221               18
  0.66518704904152948               21
  0.60278468122022144               20
  0.88722496497921621               19
   1.0208287486778316               15
  0.87060882459275923               20
  0.96426164656600366               20
  0.88131512407318913               21
  0.70546799765117307               19
  0.97597305330517448               18
  0.72309437722552650               18
  0.80117346704182224               18
  0.89642685305844916               23
  0.70621719801031269               21
  0.77279977662414046               18
  0.73341354664690339               18
  0.35146954925332163               23
  0.52567038599112270               24
  0.35760902705033182               20
  0.45061403834096886               20
  0.43523357593471473               18
  0.64644200797272922               19
  0.31344236827694799               22
  0.30737251889862555               22
  0.21181459729210392               18
  0.61705425421684301               19
  0.67289324576006160               22
  0.16391824542354347               18
  0.25848460707260462               20
  0.57958335079045775               22
  0.38602260272228656               19
  0.24148940270296224               16
  0.56115090765893516               18
  0.35086675935527095               25
  0.47979756690094838               19
  0.34549391061410284               22
  0.12255184831043150               18
  0.28751253567703816               21
  0.82701731890220476               18
  0.64139104726684082               19
  0.44265523347806435               21
  0.25389608361881305               20
  0.47527521557485358               23
  0.36192973224601654               21
  0.77460760546667662               19
  0.93643877750013282               18
  0.74794795059314523               17
  0.76824029948095862               17
  0.94880236625671688               14
  0.68032642190184700               22
  0.93575718406193564               22
  0.91189773072613234               16
  0.96359504495319415               19
   1.1651144268844111               16
  0.93578414088413275               20
  0.65863715280767388               23
  0.66499252959682487               19
  0.77764798815417191               18
  0.74026948156739458               20
   1.0114481434499023               19
  0.82593541536575910               18
  0.82853178607932398               20
  0.95601206888573631               15
  0.43666702416591702               16
  0.68561771740834299               18
  0.79026253892832710               19
  0.61140409326276346               18
  0.64929777128103328               22
  0.86181592462366563               20
  0.55399762353905380               19
  0.53382069757119932               19
  0.64595294027229211               20
  0.62770594826071857               21
  0.43972975725125613               21
  0.16146276275208180               17
  0.16048352943891700               18
  0.51344301827840644               18
  0.62821752674229869               18
  0.38439537932868800               19
  0.46290849780422766               18
   6.8459990715176167E-002          20
  0.32106007101136202               23
  0.52746352786158190               20
  0.46592266056951076               22
  0.26078110394822274               17
  0.18055205715325684               18
  0.24711220053706523               20
  0.66886225949353495               16
  0.53369636694603961               17
  0.96875660611494407               21
  0.62351443596846789               20
  0.65725375039928080               18
  0.91881862700376593               20
  0.93150019264879291               18
  0.99779948463339641               16
  0.80906381759267032               22
  0.79935942793374370               19
  0.76453783672779230               18
  0.94499916509337700               13
  0.78571589945914067               15
   1.0578630261311592               16
  0.64986940319906872               19
   1.0249631141206004               17
  0.86851663172378646               20
  0.79446199826907005               18
  0.56496054273333562               21
   1.2386302657484567               16
  0.75056035397607468               21
  0.93784924158075378               26
  0.92234094217670115               19
  0.65612043900900829               17
  0.97297125885822922               19
  0.78877799599809673               19
  0.78842550306276848               20
  0.43128775280867471               19
  0.44240362578532133               21
  0.56901409158695693               20
  0.29769447585361652               20
  0.59641345087855768               20
  0.69528672512441991               19
  0.38106195960167238               25
  0.69493788759785302               20
  0.42412550137665450               20
  0.31434616393473819               23
  0.22403011840874404               18
  0.45351085050832451               18
  0.58021577980584227               20
  0.24055316486930239               16
  0.38912434527799544               22
  0.39948709299651403               23
  0.29792720246648507               21
   8.9905772697839004E-002          18
  0.40394726525327640               23
  0.65097901650616619               18
  0.32535996605557543               18
  0.34205622204694824               22
  0.57338282842180277               19
  0.33827848631427371               19
  0.56966890619830679               18
  0.25768796506774944               18
  0.61405808523162864               20
  0.49732813823972677               21
  0.65421771784557048               18
  0.32245466425174629               20
  0.71974077926334878               18
  0.55734963081277389               18
  0.86458377934716490               23
  0.86784984800885256               19
  0.73711678004112147               20
   1.0349252629686634               19
  0.86111169287541345               18
  0.63949829711903716               23
  0.97037684993544493               19
  0.95682113739167285               18
  0.98667226458655644               16
  0.86537409910856644               22
  0.58929080994804528               20
  0.83216260123041474               20
  0.77963195662690088               17
  0.77514612103211167               20
  0.95947313839207116               15
  0.49002175701393375               18
  0.64045902468886418               20
  0.30129420084677960               19
  0.58123014064133316               22
  0.33745536673205745               23
  0.53067593984431383               20
  0.32202587882891581               22
  0.52716513267600018               21
  0.82784641949069859               17
  0.61593941921301620               18
  0.31592659557072345               19
  0.49685906202949043               23
   4.1083299837989737E-002          17
  0.47152386295841303               20
  0.15758230402243231               18
  0.13963662771923616               17
  0.40127630039569051               20
  0.17650748093996496               19
   6.3543669929661817E-002          18
  0.23965019867495835               19
  0.57847242412750655               20
  0.31532700606423625               19
  0.27766344563751272               20
  0.23438686269099349               20
  0.18799353247885686               20
  0.83957927097707941               19
  0.43802232383425060               21
  0.32054280983555783               22
  0.56211088554250699               18
  0.45731556622995634               21
  0.61105560914908474               21
  0.66160300010581541               24
  0.53554888796858557               18
  0.66778842591234799               19
  0.49519422687381504               19
  0.58650916498424133               21
  0.47111431624438999               18
  0.69755442625463826               21
  0.72334238704300624               16
  0.57945458439507891               22
  0.93473914174898187               17
  0.96072782370023924               17
  0.86907837228277818               20
  0.94853264239658852               21
  0.84531184095912892               19
  0.97030921681450621               21
  0.87579451803728303               21
  0.66332834145783448               17
  0.72044466822580477               18
  0.76766981594002626               21
  0.54976899138488877               22
  0.91810385266152583               22
  0.88459730957201743               21
  0.62344380426955881               20
  0.69106215435473894               18
  0.73015542673534761               19
  0.61957883430660288               22
  0.46975174605770098               21
  0.85509374607932664               21
  0.68210251673134270               20
  0.31062945907249701               21
   9.5650447453833332E-002          20
  0.18364595208220966               19
  0.20239882139413282               18
   2.5305627959594464E-002          17
  0.26120315003021638               20
  0.40894056804678058               20
  0.50938050917170030               20
  0.24693182848387146               20
  0.61570597358393797               17
  0.27173676290332477               19
  0.27400639329962562               19
  0.37358754829415447               22
  0.10073977268455463               19
  0.36810172974393740               19
  0.11701969306490195               20
  0.33428834167639010               21
  0.39884942518844768               20
  0.37966502204073921               19
  0.45380533955879371               19
  0.40095304473948667               22
  0.30347725388894853               21
  0.38182880847743883               20
  0.90408272335517736               16
  0.47829420980039339               19
  0.43508050381204894               19
  0.78566671300682489               20
  0.88470694622189605               15
  0.85192696142818647               18
  0.58171854570077841               19
  0.83300238501997070               19
   1.0105793536357661               18
  0.85321160705523591               20
  0.79028254587016977               19
  0.93961371911098346               16
  0.60308221385764293               21
  0.55496653299066490               20
  0.86110491485653895               19
  0.75875291235284592               18
  0.81874721928170402               16
  0.31878873035678973               21
  0.97769598541998726               22
  0.74395762413483335               19
  0.87225438571329095               20
  0.91312917284650874               21
  0.28539057542243540               20
  0.88656650415032590               20
  0.66278130707631910               18
  0.95170657442545215               17
  0.62151851093423438               17
  0.38739364135730325               18
  0.46546330840698291               21
  0.52059569219005342               20
  0.39805319024620828               19
  0.49088561939264935               20
  0.39000328676357110               22
   9.9114727666446939E-002          18
  0.16795157970586913               20
  0.14553966707215532               18
   7.5080200950544920E-002          20
  0.19042431304786755               19
  0.25048828177471211               20
  0.23464887924081743               16
   3.7068793925775431E-002          20
  0.24712480926790742               19
  0.30370526144077331               22
  0.26992162057836505               16
  0.41870628948293992               21
  0.56881121058182660               19
  0.41576590632423693               21
  0.44574245872237539               22
  0.51570804855940910               17
  0.41907422403133848               21
  0.59417521499911063               21
  0.57727504596986978               23
  0.54916459816249008               19
  0.48810267408263386               20
  0.65634622394184972               23
  0.82147694164609941               18
  0.77883221836755634               21
   1.0751754378915024               17
  0.82902525523831061               18
  0.81960662796762573               22
  0.95584702282909184               21
  0.62728871596855995               21
   1.0807539588682888               16
  0.92034642477537898               21
  0.92031535290332467               18
  0.71227124175162948               17
  0.86849617223746878               20
  0.97011397817454570               20
  0.81618733789902753               20
  0.74521478279601927               15
  0.59001407214053680               20
   1.0599091201448170               17
  0.21412029923769485               18
  0.64873867450574763               18
  0.77091791735983628               18
  0.53435642421854068               17
  0.25302269724929077               18
  0.63420200907875202               17
  0.59801816654745577               21
  0.42991855091700110               21
  0.34102198768294595               22
  0.52168257194477907               20
  0.25313957276936799               21
  0.19782502637737540               20
  0.47141157589565513               21
  0.42431984021111291               22
  0.23453433149301825               21
  0.18125671241412275               19
  0.19841118742085012               20
  0.34889077110307953               22
  0.21485697171525431               18
  0.58443252096929754               19
  0.34298344415050475               20
  0.51713060245171161               22
  0.72411132514843612               19
  0.48834095627459440               20
   7.8159330290121842E-002          18
  0.47694157151600819               20
  0.42422545376100129               17
  0.64681295137131067               20
  0.78329251723749749               17
  0.66085037026545135               20
  0.31511683634679633               21
  0.70499581797280486               18
  0.92412953907567585               16
  0.82182949333313515               23
  0.81408405020396934               23
  0.80050187633328918               21
  0.73119859253603992               22
  0.62377962182242896               20
  0.95472509540044526               15
  0.63756420070601172               22
  0.92018507595239130               18
  0.71503602958902934               19
  0.85478298589458457               22
  0.96221249471194692               17
  0.97180440323250039               15
  0.58795388635417367               20
  0.61373881072407288               20
  0.64449739632968406               18
  0.81784198532405417               19
  0.44131566622427615               20
  0.34716617508272485               23
  0.51408684592191545               22
  0.49150941191129516               20
  0.75628016113673580               19
  0.22080424437491783               17
  0.62152818363219264               19
   6.4967270557926005E-002          17
  0.43180249492928646               21
  0.31330873780883817               22
  0.48578815123799296               18
  0.32230585813758822               23
  0.50347716397829656               19
  0.42772263549433859               22
  0.15326601310610255               20
  0.16619187547941214               18
  0.63251049577810792               21
  0.23783058086398937               21
  0.21260549171005641               20
  0.41592725559227428               20
  0.12482129098838496               19
  0.11683536574450591               17
  0.53025292431723858               20
  0.28901645797668934               21
  0.20147777610738504               19
  0.30591805767816344               19
  0.59961420309414271               22
  0.42794045558819188               21
  0.33277868616079309               20
  0.82910718300122010               21
  0.30562097602419658               22
  0.57714011628249451               21
  0.95729897269557340               22
  0.60176794268945211               20
  0.47839631963621043               20
  0.88772519333188593               20
  0.76112811936143643               21
  0.55976950432534822               20
  0.86446822299483916               22
  0.95780234584090551               19
  0.95679333057802896               16
  0.78666445086008063               19
  0.83311793371466347               16
  0.97067014981046762               19
  0.97550287237842015               20
  0.64266028618860216               19
  0.27514951458106884               21
  0.60079749294209461               20
  0.61793730055781204               19
  0.63675941575489869               20
  0.61493618187829391               17
  0.66598253118699891               14
  0.38601110641174630               20
  0.27466890469613608               21
  0.55074620385672968               19
  0.56015169951998578               19
  0.56062257084756206               21
  0.54528835463555181               20
  0.17973600868205281               20
  0.61066689943807873               19
  0.13481725662359756               18
  0.11404299744678364               17
  0.25477829577398775               21
   5.4091100979439921E-002          19
  0.23823954679158818               20
  0.31655339910643127               19
  0.15513704849798640               19
  0.43248386346765588               20
  0.28979157310833609               24
  0.50020353385442162               21
  0.46647587155976827               19
  0.31116773198645542               22
  0.20730892638375484               17
  0.14985735187191543               16
  0.38048786588705447               22
  0.23354236481948304               20
  0.56696801319791346               19
  0.28815177987346496               21
  0.19997330482049511               20
  0.58273264477714570               21
  0.23652415943249896               20
  0.57511486890552976               21
  0.69055679128719594               16
  0.72123399835155089               21
  0.69841679430451287               24
  0.89166294282485803               22
  0.92771578135396338               16
  0.80056984487456895               19
  0.59003219180758282               21
  0.95397614158275734               19
  0.74669755035867091               20
  0.36813204259086557               20
  0.92111241000615995               22
  0.72015243557361408               18
  0.90075473216697000               18
  0.78121599036657052               20
  0.55251578738422202               21
  0.77280132082855502               19
  0.66839994464689922               21
  0.66648599662172070               18
  0.55179833076197349               21
  0.81988507011298162               20
  0.69764864403816484               21
  0.33061921995779059               23
  0.56411875817268009               22
  0.79820649624068940               17
  0.28118315271050015               20
  0.38890773172166149               18
  0.27568214161437371               17
  0.19087378253853260               18
  0.46850569714660151               20
  0.50862231067384478               20
  0.38805815436028801               24
  0.28907679005321890               19
  0.33331980126993827               21
  0.17216824951685764               19
  0.43678173664529518               18
  0.11954547433484937               19
  0.14811465468008025               21
  0.13002069504094924               21
  0.45697709520272362               21
  0.40917535617627210               18
  0.15522993078935055               17
  0.44241115660339331               20
  0.33917203597526968               21
  0.54162112031001997               20
  0.35616274345559557               22
  0.34392073793926609               20
  0.53458499148568128               22
  0.40063991764565193               22
  0.37279314304371319               24
  0.61793274577456725               22
   1.0643200375329800               15
  0.77827765691969708               20
  0.58902454960227890               20
  0.87904770989354830               19
  0.87140547402015844               19
  0.78113642419028395               20
  0.91306353426593601               20
  0.77982199595779900               19
  0.62351601685388047               20
  0.62232021051320519               20
  0.92118566605615571               18
  0.89566493968226546               20
  0.93443972676219400               18
  0.68957043094415416               21
  0.73057159076593914               16
  0.89506241131240039               20
  0.46984616016212405               20
  0.52204317716907311               20
   1.0306585634874961               17
  0.24884664902211170               19
  0.30003313919950525               22
  0.41768329913552710               20
  0.33408859506390320               21
  0.18415515779219330               19
  0.41232762852567711               20
  0.34911138162437411               22
  0.69020924019531860               22
  0.39087519005222532               19
  0.57336403056187601               22
  0.40419958399782374               19
   5.2008050737560152E-002          17
  0.20275721378375672               18
  0.15546022175722954               18
  0.43560768050643073               16
  0.28873990547852618               24
  0.30964539182579315               22
  0.18988448049989218               20
  0.26687674284101953               17
  0.39450554463507237               21
  0.10808534957587242               20
  0.45189336101599370               23
  0.23906441450579519               17
  0.41708180586841087               21
  0.12978734297435515               16
  0.50669479314022492               18
  0.18134130157980038               18
  0.36592731299138898               25
  0.46227289537874644               23
  0.53262728583723140               20
  0.54561285190710151               19
  0.35726703139286536               19
  0.70952495142395566               21
  0.80783550485258715               23
  0.68627279992846402               22
  0.95595741705025516               20
  0.89856778559713923               22
  0.90272187299766249               22
  0.67743135015901623               21
  0.72281465410768164               17
  0.87415264879843435               21
  0.80776338021151983               19
  0.69691794302425791               19
  0.60590346811454632               18
  0.79753427445927316               20
  0.85092757385732010               21
  0.66671040929904191               20
  0.85677782381594403               17
  0.77395383031965748               18
  0.72717129931560698               18
  0.89715220153295028               23
  0.73506133506466420               20
  0.49886716568720652               20
  0.60959004045924370               17
  0.13799188749907296               19
  0.40237635947060202               20
  0.35988993743258785               20
  0.37087412320618401               24
  0.62448881015967805               19
  0.48938064999825420               18
  0.41325549511177795               22
  0.20273917968420932               18
  0.32251050525291958               19
  0.48041187605846664               21
  0.38334157184390721               18
  0.28128969161553247               21
  0.22779064623661208               20
  0.36503065109205113               18
  0.55160151060676244               21
  0.21164512282031969               19
  0.45765374240021967               22
  0.61736535243867041               16
  0.30994339602944115               20
  0.36429446956995054               20
  0.32366054003580819               20
  0.50154496699611018               22
  0.50427929801600990               24
  0.85373894888838175               23
  0.26625235679929238               21
  0.82416713101773487               16
  0.86804898596871038               19
  0.71326887920714033               21
  0.93783710562310230               22
  0.74580658123903332               17
  0.80453686609720110               18
  0.77479405527162415               17
  0.93788331955211957               22
  0.81592034757076326               20
   1.0033197208734710               16
  0.71932230905752292               23
  0.91739807402527662               23
  0.87971827190597085               19
  0.80735267445943548               19
  0.92544194442750083               17
  0.91655030654539627               18
  0.77625813005810451               18
  0.99253811195888042               17
  0.81285300779333536               19
  0.84772480211717327               19
  0.35983946624656515               19
  0.67890817842853002               18
  0.91031866125072802               20
  0.63721912622039234               19
  0.85111017457758409               20
  0.92158333491912880               19
  0.67275469122628262               20
  0.48264089170461405               19
  0.68336675815668535               18
  0.48005403704238131               20
  0.23704226482650131               19
  0.34172417261098931               20
  0.40796967131149298               18
  0.16406776576332890               18
  0.35775411788520867               20
  0.58693900992328873               20
  0.17538788321002735               18
  0.30628354713531630               16
   8.9634237453232180E-002          19
  0.31159958980836316               18
  0.24119165768401662               21
  0.45869195080300890               20
  0.25562084319649181               20
  0.31419277519863970               19
  0.44362663666707813               22
  0.34243870559824358               23
  0.47900692761044561               22
  0.48779430271907659               20
  0.52849292173614681               19
  0.41067401025401079               20
  0.95444493033808264               18
  0.69806594590000937               19
  0.77829271686107326               24
  0.46469807487030584               22
  0.82080618207662703               22
  0.91950629544010742               24
  0.88006413441844589               25
  0.62863258979602754               20
  0.78023015141231489               17
  0.92159848949808798               16
  0.45288651068686514               20
  0.77106445510014143               20
  0.93489318675875943               21
  0.82092386696388486               20
  0.92650827426078286               18
  0.82416547207196489               18
  0.66238706954964377               19
  0.96298305585062016               15
  0.75657546555707900               18
  0.98084261316890697               17
  0.67274018607333830               16
  0.95265889310651986               19
  0.57054229726299599               16
  0.77503562576105489               16
  0.44674036962513669               25
  0.40423188583691805               20
  0.74480301293433659               17
  0.30964316269160513               23
  0.32295609414051496               21
  0.57832609866099427               18
  0.21583227517004888               21
  0.22214260697976726               19
  0.10386029374615038               18
   9.4181718693124611E-002          18
  0.51550557926464746               22
  0.46782548270785645               23
  0.29087060776762558               21
  0.14428263723515028               17
  0.28518292465231754               19
  0.33168664848543167               20
  0.30849991263100401               17
  0.53010823580995081               22
  0.23825130959219673               20
  0.29413509521982290               21
  0.43495004802109810               16
  0.59589619409068595               21
  0.52918873276263556               23
  0.20758258383122030               19
  0.66417494287033219               18
  0.69767950483893737               18
  0.56069175434432883               21
  0.80218870233162076               22
  0.60369698977824260               18
  0.52151596200350492               16
   1.0357212592886669               18
  0.47916094157047501               23
  0.93333031709274050               17
  0.83102613844567952               18
  0.97839270943815704               16
  0.97452356752320957               17
  0.88852624788433432               21
  0.93574285940655400               19
  0.89167636637861192               17
   1.0574680330228974               18
  0.97374185641540800               16
  0.93123996825731892               18
  0.73483003192806040               17
  0.79008469387361147               15
  0.55845498821831274               20
  0.88184125354165399               19
  0.87100718536888388               21
  0.54716323263263666               20
  0.61077834352659499               18
  0.66260038031339707               19
  0.52042225875293058               20
  0.62516353835751881               20
  0.82134986250930575               20
  0.52964184225268562               20
  0.46779710301093552               19
  0.34570194331786253               22
  0.38028380901215914               21
  0.72366813279145137               21
  0.43147100437434377               19
  0.25171692441114396               23
  0.38738985740036885               22
  0.29526479729146021               21
  0.30889137645971232               19
  0.27235810635197683               18
  0.41565901058390115               20
  0.75808465009622761               22
  0.45877715060976054               21
  0.25574683165036410               21
  0.73289291962867453               23
  0.43764235581518673               20
  0.45165232468553140               20
  0.57653661589184002               22
  0.42386836573034964               21
  0.57030700471651186               18
  0.66451363931636898               21
  0.37926780426084539               21
  0.30873513998224322               20
  0.57020385589035838               20
  0.90039018863163489               17
  0.65199844058687340               23
  0.98013059255123480               15
  0.87511611267872513               18
  0.83023921273837409               20
  0.64086332643711441               20
   1.0913479523418088               16
  0.87438645299479989               21
  0.74757689344045108               20
  0.97937529768101772               16
  0.91184900418429138               20
  0.79187299155853874               19
  0.92659109733844325               21
  0.53562514865715183               22
  0.64576986294825001               21
  0.80115467824902864               20
  0.46846572711063655               19
  0.57016230595219930               20
  0.46201661479409012               17
  0.60365715391252062               17
  0.58044688172470071               18
  0.97011149002879971               19
  0.72062362469030417               21
  0.75078845383051607               18
  0.78150050446359587               21
  0.65883045354850744               19
  0.52270059540170810               21
  0.42995193985319713               25
  0.45613869677326829               20
  0.44283813638094327               20
  0.31255113111775024               20
  0.60513740902098212               23
  0.44794170205367545               22
  0.14533604845834006               15
  0.23400029134715297               22
  0.37308652257910757               20
  0.25850709657527493               19
  0.32972831907640399               24
  0.38504333013662362               19
  0.77448745691356158               20
  0.14995170619692191               17
  0.67072176397722449               20
  0.30716443168039698               19
  0.42335616832336637               17
  0.23661141506879219               21
  0.71599560369559456               17
  0.78861420024452522               18
  0.64080390474523996               18
  0.85328257938190555               18
  0.72295868953261322               22
  0.86728681404326913               22
  0.65269445466621134               20
  0.79872937370601904               19
  0.85534238790775818               23
  0.86159352897229169               23
  0.74335129775173414               21
  0.67963794430034674               17
  0.99503617147825774               18
  0.85028309425149462               23
  0.99688103352949042               18
  0.88479904777030183               21
  0.72286891911804563               20
  0.93586248519865334               17
  0.78088873598512287               21
   1.0739428958016159               17
  0.79460721951144597               20
  0.64726061455465411               19
  0.86964290250841159               14
  0.81527345977794541               22
  0.83130995370920491               16
  0.46859712598801495               18
  0.45149858708106144               17
  0.48153603329227035               22
  0.67992545012384664               19
  0.77303015249677409               24
  0.71668358283250055               19
  0.68475556456710729               17
  0.72476097804038264               21
  0.18366535305342582               17
  0.26043459548934050               23
  0.40655664025573734               23
   4.9591051129579122E-002          16
  0.21894281106081412               19
  0.50988662989886613               20
  0.36965278085878950               21
  0.40546760434817364               22
  0.63609816835339839               16
  0.71495351500577875               19
  0.26104602472714739               21
  0.43262598589084744               20
  0.47807104094788544               19
  0.69533668095217338               18
  0.54474615245747415               20
  0.78283305706225703               19
  0.53556369270233162               19
  0.62637442749178296               17
  0.57706724794120323               18
  0.64662342076341295               21
  0.68026593891597309               20
  0.74397581554481551               16
  0.82696059164581104               21
  0.55623850750955450               22
  0.95031224498630462               19
  0.87457357107867206               23
  0.81016046918189588               22
  0.54134203557797322               21
  0.89037144419593661               21
  0.86661201665406284               17
  0.97176926485782711               17
  0.94013648817166340               20
  0.97499853070962228               17
  0.87758291592892756               20
  0.90290359516909091               18
   1.1085532273631502               17
  0.96669120145453025               19
   1.0418138801590937               20
  0.96337901424763195               18
  0.77042495465501504               21
  0.51824070941791434               19
  0.54763690201872861               19
  0.87654063534763127               20
  0.55262539911391351               20
  0.28608020809310070               19
  0.74270258916846144               18
  0.91056636309676242               20
  0.33080289373853555               22
  0.52070808145235492               17
  0.46300696673708447               24
  0.25866991846147985               22
  0.44087066570482802               23
  0.33867909314958822               19
  0.66942463811140740               19
  0.59615676461739886               18
  0.30327755820690366               19
  0.49131004859256183               17
  0.53945212394554576               19
  0.68456927409836610               18
  0.57128342550497024               20
  0.95516682389074559               17
  0.65489401764555433               20
  0.57676365885671577               15
  0.60862396805441188               20
  0.98116856099979632               19
  0.53756132026747716               22
  0.51570841878112816               19
  0.62372302866106943               19
  0.55299750795609881               20
  0.80021094702416684               21
  0.70599036051049768               22
  0.75780569385020369               25
  0.84138291336464577               19
  0.54860580243933876               21
  0.98127964093477782               16
  0.69494557069758589               17
  0.75074593128686951               19
  0.81402490998274135               18
  0.78340971528404557               22
  0.91428864516264008               18
  0.98216357408108490               18
  0.91709314930645758               16
   1.0031892420497588               17
  0.89805295353570747               22
   1.0171572928486308               15
  0.86223715657522315               21
  0.70098727955379236               17
  0.64657933398518730               19
   1.0481741152410882               22
   1.1190703639471602               22
  0.99093831881475380               18
  0.70242231639798347               19
  0.49735779333158159               19
  0.66841670919988860               21
   1.0569722475569439               17
  0.56090095617997271               17
  0.55749952479886211               22
  0.79789101340424051               21
  0.52488420885919318               20
  0.41991372313204639               23
  0.20831214907848616               20
  0.67946861461602581               19
  0.53621445884510721               21
  0.45319383736726609               22
  0.13122039671818395               21
  0.39107975462560024               18
  0.64526849919790796               20
  0.75256124335590602               22
  0.42071051564998546               19
  0.38133961403491395               21
  0.73861932656513285               18
  0.28520781822295710               21
  0.86992331167896586               22
  0.62506653588640992               16
  0.58699879010446032               19
  0.39163485875870302               20
  0.66752089287660010               20
   9.8666371893680077E-002          17
   1.0011861648609777               15
  0.69471875235259850               19
  0.54897365086596794               20
  0.88672138766363096               19
  0.67114817863026344               20
   1.1241581886676688               15
  0.94793649673456615               19
  0.91749192800080903               23
  0.90951219006071182               19
  0.99694887842967483               19
  0.92474821242309202               22
  0.83767324552860367               19
  0.73129627357867544               20
  0.73044691679771423               19
  0.97365392241303983               20
  0.95101719472561463               21
  0.94664935612458456               17
  0.90518867306260964               20
   1.0412936873367977               21
  0.93472842332865169               20
   1.1392343876912145               17
  0.84950693101499253               20
  0.62319080008830463               17
  0.52077176872426578               18
  0.82487411138984457               20
  0.77974661433949155               18
  0.60594609482592543               17
   1.1363649569206069               16
  0.72374743712661960               21
  0.88488348434283226               20
  0.51589667061710831               21
  0.43482529302989781               23
  0.76193152333780156               22
  0.38181981564481826               21
  0.41950820185923815               19
   4.4244267646748818E-002          17
  0.41588798347520073               22
  0.39744582100494674               17
  0.62213908555431152               21
  0.72073594329212354               18
  0.89394828130185233               21
  0.63433730700968405               21
  0.36710360486081611               21
  0.62327088668830577               17
  0.53505304461601100               18
  0.90753529862814464               19
  0.55885981089056669               20
  0.85741223324295546               18
  0.63692592157952743               19
  0.86765459604741635               21
  0.50793566759142672               20
  0.43291065465922229               22
  0.47547731064058624               19
  0.31053895497452871               18
  0.68625920356153336               21
  0.86454173826920366               16
   1.2147544219071271               22
  0.99123257825161526               18
  0.86180623707862625               20
  0.76637111190696450               18
   1.0033198355956676               20
   1.2393145494893740               17
  0.82208915128959570               20
  0.86532379570792939               17
  0.94531532073003088               13
   1.0472433873521749               16
   1.0248126585331183               13
   1.0552226379425007               17
   1.1486182449073459               15
  0.85902529154889373               18
  0.97889417402889456               19
  0.50058919704325722               16
  0.57949222361846242               19
  0.92665063590750918               19
  0.73157364868871244               23
  0.94690981529537610               20
  0.60668572954031974               19
  0.70448948656075150               20
  0.75793409151673730               20
  0.92948635792675272               16
  0.41613858707588669               19
  0.33673503233959284               23
  0.53362255879779752               20
  0.26081275744696714               19
  0.78699765755341433               22
  0.53326484883955827               19
  0.54123445096228029               17
  0.79110260741627381               21
  0.39552986389127370               22
  0.56204827309681982               17
  0.70968184002212342               18
  0.92171499009804292               16
  0.45045242959407639               18
  0.19686525948725722               19
  0.48585379035053211               20
  0.17964529231473575               22
  0.15560327821470796               18
  0.48952852866109736               21
  0.58299235117722137               14
  0.75219114961633826               22
  0.72449875979058687               19
  0.81513084869288466               18
   1.0558650739475179               16
   1.0172929326507365               18
   1.0288452106312356               18
   1.0246140956425571               19
  0.99319579867279606               16
   1.0442580879691121               20
   1.2899645607728822               15
  0.96739933515742216               16
  0.95922183779301529               18
   1.1068584792882237               16
  0.98303978309684681               19
   1.2367017448704498               16
  0.94359043884939220               19
  0.94291231166059641               20
  0.81402745545196542               21
   1.1505996508940710               21
  0.72946725249828648               20
  0.84312926783314135               14
   1.0546763835668582               17
  0.93177840548406710               18
  0.52999878154298352               18
  0.46572897498934646               19
  0.80734676642735514               21
  0.66047468746729388               18
  0.85154890774036229               19
  0.71186817933338953               20
  0.64025715866672195               15
  0.50827675919465920               15
  0.74161923957961362               22
  0.83209941978793311               21
  0.35223315702862051               17
  0.44676507545491245               22
  0.56822497813568362               18
  0.68741634875845803               21
  0.85085131133115377               18
  0.63242055780860296               20
  0.52002565096396325               19
  0.55319274188470169               18
  0.63769678002761765               20
  0.81314562627466314               17
  0.62505738713708114               20
  0.75777166287882947               17
  0.58845363963811692               19
  0.74767019806324897               19
  0.75555407749758319               20
  0.85284891714347399               17
  0.77975248308899836               21
  0.49753475739455699               19
  0.78599975066318717               20
  0.77728136264444181               21
  0.91849987297835123               15
  0.52492732824331079               15
  0.68832765927632067               19
   1.1787302272443791               19
  0.84955835240096145               19
  0.90899143042838504               19
  0.86130508574302389               18
   1.1647243984005440               23
   1.0468369204221220               15
   1.1229827781747839               16
  0.72228128959269178               20
   1.0101223934888293               16
   1.0519390787775560               20
   1.0779222889375029               13
  0.86685901099098805               20
  0.85889658333620700               23
  0.86112303488044328               23
  0.96246322172006227               17
  0.62993447594428875               17
   1.0063819726920558               20
   1.1039009065762975               13
  0.71366102079422078               17
  0.74827077224947758               20
  0.64150505694132254               20
  0.53724943387226942               20
   1.0060193547101748               18
  0.72449213477292373               20
  0.83955618246253838               16
  0.91494998745762290               21
  0.68310141691036441               21
  0.67432668513069005               19
  0.39964422407633599               24
  0.57712487060619921               17
  0.96210202893780239               18
  0.67164418022653061               19
  0.60910092282341577               23
  0.29216143924803689               18
  0.41992547950661363               17
  0.73896366216462139               20
  0.91783263200978349               17
  0.71573425243543720               18
  0.83752781566814161               17
  0.78724019204512763               19
  0.67408298436441405               18
   1.0229368485302202               19
  0.35302179292321056               19
  0.67723627284899557               21
  0.57797557036697234               20
  0.69079211295861709               20
  0.62432278432097355               21
  0.85714745640317891               19
   1.1309097530570498               17
   1.0467087521862179               14
  0.72271325625062921               21
  0.90427129959178210               19
   1.0511903802491682               14
   1.1973542420932328               23
  0.94446022258336904               18
   1.0709835022175309               15
  0.93483446270284498               19
  0.99912222603729184               17
  0.82314826062435065               19
  0.94009533237022247               21
  0.91771848976128956               16
  0.78681283393524681               17
   1.1758016915150187               19
  0.78582811008959130               21
  0.91120071470595387               21
   1.0688101656232210               17
  0.69214343697379099               20
  0.87601095021430242               16
   1.0932079043414999               15
  0.72263727876632611               19
   1.0345832673613682               20
   1.2120395485213240               17
  0.99047669647500314               20
  0.61170607628478546               14
  0.93031282159507023               17
  0.50773706763565996               20
   1.0474777985306798               15
  0.69187494534216831               18
  0.95066734407941667               16
  0.80898523177781845               18
  0.91703478112114178               12
  0.37508201319694501               23
  0.60144085598284314               21
  0.83143420111231392               20
  0.78039679631311498               18
  0.49180709820106278               18
  0.88113768720742658               17
  0.67916579126857324               20
  0.76057454041458905               22
  0.50816415090083589               17
  0.25647629192134513               17
  0.53755132188663735               22
  0.92671951703665678               16
  0.81555317241524361               17
  0.95061813937713835               15
  0.85103316934714512               21
  0.76050387792008045               20
  0.84639791228120576               20
  0.63215867745076471               18
  0.59719941323330206               20
  0.93666840162865495               21
  0.71297144682786584               18
  0.90168464217311639               20
   1.1017788007039573               16
   1.2958506084007220               15
  0.89389503720581187               22
  0.98420132253741555               18
  0.97725401196059025               17
   1.2058377788246946               17
   1.0387093573900921               22
  0.86978161454524971               19
   1.0702742022516023               15
   1.1328004007866832               19
   1.0922026684223318               17
   1.0153603015112236               17
   1.1287477213865174               14
   1.2480400985774165               17
  0.41231053902899811               17
   1.0902729651187117               18
   1.1486569478269095               18
  0.86444888166367639               17
   1.0152324829100756               17
  0.97922826774321348               18
  0.91444619762291413               17
  0.65325004920068930               21
  0.84559208333904023               18
  0.84385256068571524               18
  0.92558051741616287               22
  0.68812598310326756               23
  0.86204594225022768               20
  0.98864254296039844               20
  0.60954730813998814               19
  0.51738461346048459               16
  0.95033982654491911               16
  0.40463202254253883               22
  0.36993513805089945               22
  0.97934726372470637               16
  0.78569188322275219               22
  0.90273556417012191               14
  0.52329265602119579               16
  0.46747440558431147               21
  0.81479355164545053               19
  0.87436664327731917               17
  0.46241247945691083               23
  0.92819752920215093               19
  0.85563305275168444               21
  0.74784328380433884               18
   1.1671822762383413               17
  0.66348896152098358               22
   1.2894648629067751               17
  0.98626744730328064               15
   1.1181903361916106               18
   1.0172062598695666               18
  0.92460194758410919               18
   1.2500039309264173               17
  0.83362005773016756               21
  0.95853798336204254               18
   1.1093051212574254               17
  0.83295874355539590               19
   1.0780807796136740               14
   1.0026078774893625               23
   1.2641732530739667               15
  0.97800647739123570               19
   1.1069726676383536               19
  0.87434538117339000               18
   1.1998743302387807               18
  0.96143907130506678               17
   1.2195118428425322               16
   1.2128456586121859               18
  0.73678303492629060               20
  0.91882427499341668               16
   1.1154924830405923               16
  0.98090790566842834               19
  0.80537466681602754               19
  0.57799478665357018               16
  0.83843759865401446               17
  0.92346843662551481               17
  0.96426255027047247               20
  0.59596207981326299               16
  0.74593495831971701               17
  0.35736228579399687               18
  0.86515117478530823               21
  0.63394039402139635               22
  0.47338901087594809               21
  0.89006107424371217               22
  0.74182168815422611               21
  0.52795951075902448               19
  0.59943601990452799               19
  0.97849240165123619               15
  0.79521080212388073               19
  0.38718452841252404               22
  0.72265800664929447               18
  0.98232847693065606               16
  0.66971565476600903               20
  0.98658040113017709               15
   1.1395238716103884               17
  0.80915059342541706               20
  0.63207290208307110               20
   1.0570298843892987               18
  0.94815023640008844               20
   1.1826226935038697               25
  0.76661139417933755               20
   1.2429757892913533               21
   1.1674737076611290               21
   1.0477720314821786               15
   1.1480603317895108               19
  0.76147248742366536               23
   1.1538730233614067               17
   1.1531291151386236               17
  0.88980288976348210               15
   1.0993658887667832               19
  0.75119570477684705               20
   1.1092242532156817               15
   1.3317436401910125               11
   1.0771831200136841               15
  0.84292009758066910               14
  0.77372727410176290               18
   1.0672495784264604               15
  0.91454811577322903               15
  0.95329646893992881               18
   1.1216184209878948               18
  0.99200549670997651               20
  0.91115242355036330               19
   1.0258993719500662               17
  0.83241252410223210               19
  0.95602417252362581               19
  0.84685113898197439               22
  0.56302644531788126               18
  0.74868929663006556               21
  0.79099701021892810               20
  0.92284228688037651               21
  0.47552729170886754               23
  0.87630564157175272               18
  0.82578875915736560               21
   1.1119820504483233               14
  0.74261867943234139               18
  0.44211431611782320               23
  0.70977129614378953               19
  0.72002980358922208               20
  0.64433489112496523               21
   1.0162836961560358               16
   1.0310825617241406               16
  0.92032821684712840               20
  0.78486687381305276               20
  0.95285266482063236               18
  0.86788210364782337               16
   1.0131707918505355               13
  0.42021017903740487               19
  0.81076757831209700               18
  0.55503707775665523               21
   1.1837204389832707               21
  0.97144392510119870               18
   1.1378013649268175               17
   1.1397971060844811               18
   1.0571966336686718               15
   1.1763502136017532               16
   1.0578165621637330               16
   1.1061703326753916               15
   1.2143067064796933               18
   1.0959110663799285               16
   1.1900977055705806               18
   1.1630686197838296               19
   1.1709836645648914               21
  0.75211405530459452               20
   1.1337972248582948               17
   1.1452226497606122               15
  0.96606085314016121               20
   1.0099367351921773               22
   1.0450660641373954               16
  0.88235196145338124               20
   1.2912109969101000               15
  0.78252690902352784               20
  0.90141899846184348               21
  0.64542195952154813               15
  0.88118445321062455               20
  0.60316328424927745               19
   1.1015104378318106               15
  0.86480936923877483               19
  0.77396242386030945               20
  0.71953976115177098               21
  0.73540414208249094               18
  0.71865708772042436               16
   1.0689094272521762               15
  0.70379909944426333               20
  0.87320123926933657               20
  0.97606788001500167               16
  0.74896807929606857               24
  0.79742319102654546               18
  0.89142115900036945               19
  0.94772631974101695               19
   1.0826635291275792               18
  0.58214627502258742               22
  0.79507863248090138               20
  0.90109765703890587               17
  0.96929693080330015               19
  0.77599146931497365               18
  0.91288433600671803               18
   1.0686618809821926               14
  0.80538617376176469               21
   1.2639877744283303               19
  0.93042332008158102               19
   1.1945454773876740               18
   1.3427657663993195               14
   1.1198298088042062               17
   1.1890077465475493               16
   1.2106641232149986               22
   1.1316915891570580               21
   1.2214599712812342               19
  0.99072251533617894               21
  0.96774845792797537               18
   1.1008176016777491               19
   1.0168458893734627               16
   1.1158402605042583               17
   1.2683213348711633               13
  0.81501169176487287               15
  0.85945107648795693               19
   1.0529631438380371               21
   1.0407433818723550               18
  0.80275330825285030               23
  0.98161346536046568               19
   1.3282828411329595               15
  0.99947901091074376               18
  0.95160139992370052               17
   1.0431624310358829               17
  0.95778974321568189               14
  0.78341201343931222               19
  0.95170025144127268               12
  0.84431466857811066               18
  0.61247306533420343               19
  0.72090472895321900               23
  0.85366410439348739               18
  0.56993615501690487               17
  0.54788195715490706               17
  0.72497979186302186               20
   1.0460364460521205               17
   1.0062295383919724               20
  0.86486444325442602               21
  0.66320707579814686               16
   1.0082785899029527               15
  0.62518855123408601               16
  0.70802233004377624               19
  0.67604155886133710               19
   1.1402616454199166               20
   1.0346782775933689               17
   1.1523612787642314               13
   1.0240714453349844               19
  0.81291092033017376               18
  0.83266917689695741               24
  0.69377976746033065               17
  0.81725633867582170               19
   1.2032602232694054               17
   1.1516438063360239               19
   1.0387026652307825               16
   1.0146637658143758               20
   1.2422417383114077               17
  0.68234490079686627               14
   1.0316652739409116               17
   1.0709623470271450               17
   1.1502699891651806               21
   1.2471052447996656               16
   1.1948352710401773               17
   1.0925570885883178               20
  0.84392424670168620               18
   1.2877931045629198               13
   1.0851318461529786               18
   1.2502937697317407               20
  0.98415175738182381               18
   1.2413942557416600               17
  0.95448567378395632               19
   1.0239790760829290               17
  0.87631167166249824               17
  0.79904298627622294               22
  0.90583506942928782               17
  0.92363143092358158               23
  0.95317237211430295               18
  0.84312936048627096               16
  0.80949267244962031               19
  0.97184600045679514               15
  0.80613412158671083               18
  0.72654022769012827               22
  0.83031947685141860               20
  0.76655334708917744               14
  0.91533820061839299               17
  0.63102737874506742               23
  0.96649688412597279               17
   1.0047694812983119               17
  0.96551640471314770               16
  0.90815829275681059               14
  0.79277810589052200               23
  0.89742635491843881               21
  0.90861159170749584               20
   1.1072299631758773               21
  0.91136519039970199               17
   1.0132119635663288               14
  0.67690232294377195               16
  0.92614153236264407               17
  0.75344626388127145               21
  0.89014536014535395               19
   1.3336628720059640               14
   1.0878688632244577               16
   1.2500720832665755               17
  0.78660146349452031               19
   1.2191264781194824               20
   1.2388372229006088               21
   1.2522919416385221               16
   1.0982709095961189               18
   1.2439275036898281               19
   1.2334312715347637               16
   1.1867603579284072               18
   1.2351172317595922               15
   1.1759044374341372               16
   1.0659716842617837               21
   1.1937571192812182               18
   1.1046375088537805               16
  0.78369492963239673               18
   1.0316449758034916               19
   1.2249111643138186               16
  0.95084620649527063               18
  0.88181191564943939               15
   1.1692248743139162               16
   1.0016581953638886               18
  0.95092509580467410               13
  0.69462700206763195               19
  0.82629758226172867               16
  0.98428572403452042               19
  0.83634573733019735               16
  0.89220022221965656               22
  0.84875717965541964               17
  0.87611175957554599               19
  0.91137085325776457               16
  0.94921692522155088               20
  0.79558806417501382               19
  0.95476972968340890               15
  0.81303505459244674               19
  0.95791119259388890               14
  0.83054853715753496               25
  0.67496605094988193               16
  0.74584717789325305               20
  0.82617547018301207               21
  0.80056619968070764               20
  0.64485228282623031               20
  0.61805981201747884               22
  0.94000045707992985               17
  0.96074454997391601               17
  0.83179400086039734               21
   1.0197939886099747               16
  0.86442409443244095               19
   1.0241845526337743               17
   1.0287978894347665               15
   1.2561914944601651               19
   1.0854138476001747               17
   1.1692467261072368               23
  0.95912539377426376               21
   1.1221846645842612               19
   1.0927533933204057               17
   1.0969164556336224               18
   1.2828906563266860               17
   1.2461952993132437               18
   1.3031335156319825               12
  0.94964699662604268               17
   1.0059085683634144               22
   1.1872328278242286               16
   1.0070214478256649               18
  0.93956499514671032               16
   1.1773780488696957               19
   1.0175629559340815               18
  0.99490588736886043               17
   1.2064116908627118               19
  0.89658604201713588               18
   1.0253244846310661               15
  0.95738081537322184               17
   1.0024418241641433               16
  0.97155284243062057               20
  0.87997481740301431               17
  0.86177741609732073               19
  0.93539992179289233               17
   1.1699711041477738               16
  0.31049230834835684               24
  0.17825151789030866               18
  0.81127862657157768               19
   1.0043258925254144               20
   1.0408020687457635               15
  0.96909971684345675               15
  0.68517866555741758               21
  0.82914283881314299               22
  0.97530358564305186               20
  0.72449332106501396               22
  0.24777479345009482               21
  0.70864674333861877               19
  0.90881608388258273               15
  0.96542506093189850               13
   1.0500608925608761               18
  0.82053873428511093               19
  0.63096222414299574               19
   1.0786031021315103               15
  0.74206655680736655               21
  0.94287524813434354               18
   1.0068354828006043               17
  0.76107514814138377               18
  0.90989347224298300               21
  0.99643072416657019               22
   1.1535552722120215               18
   1.1554509953421330               19
   1.0390695940666892               15
   1.1816208473588143               18
   1.1541762026835063               15
   1.1850676829711817               22
  0.61398621140396858               18
