  0.97781405407796218               19
   1.2614786045097279               14
   1.3225820270299145               17
   1.0438688219426147               19
  0.80623264187124888               20
  0.99347248107788222               17
   1.0417889136534966               20
   1.1325011178763649               13
  0.51728177387346097               21
  0.90281402359373930               23
   1.1272343417566302               14
  0.87673017181362844               17
  0.93202706389720047               18
   1.0120363958074390               19
  0.75178647394664877               20
  0.70027926849642075               19
  0.78605942417297725               15
  0.95418687306601446               14
  0.86353497248031419               18
  0.97040622580724623               17
  0.67062621588758398               17
  0.51069970754605076               19
  0.79821915042062797               20
  0.62242752887836295               24
  0.93205239270288764               17
  0.87109615177707844               22
  0.81451675186511441               18
  0.95152801192181657               15
  0.94964956714542204               16
  0.78363243094183510               21
   1.1269031482620371               16
  0.75071853827845547               19
   1.1170684548199314               18
  0.84812364189596834               19
  0.52393077337661709               23
  0.84175255238579350               19
  0.39755662456615243               19
  0.83233309579249615               21
  0.79804857789096495               21
  0.97546733827460519               18
  0.96470295252974791               19
  0.64945445523993017               20
   1.2240747465115649               16
   1.0356562087187653               19
   1.0268710492343269               15
   1.1774170856161217               19
  0.77517385893250501               22
  0.83072864225801557               18
  0.97418695704986935               17
   1.0511256049597106               19
   1.2290835515882756               19
   1.0735390453214362               19
   1.2924432587160033               16
   1.1027053018580761               19
  0.87561127759889990               20
  0.82104215856703344               17
   1.2230971294245232               15
  0.99017433357407925               23
  0.98287852388138564               20
   1.0798011225892739               16
   1.0682665084783678               18
  0.71269404437302253               23
   1.1195953732488049               17
  0.96556626195081241               12
  0.98605133648508680               16
  0.93292313074935840               18
  0.99440509757550066               17
  0.63045220828699189               21
  0.72469729167311470               20
  0.76481748494266300               19
  0.81352823355074733               19
  0.90180198786127075               18
  0.68601587479629667               19
  0.79958204303717983               19
  0.94031630312294812               18
  0.93945235294580520               17
  0.89597243948550820               19
  0.70377127660748862               18
  0.76414981454626230               17
  0.90673628125673000               19
  0.83542608039858779               18
  0.62423896065619577               19
  0.92148489660302035               17
  0.90709993512612719               18
  0.90210075779389032               20
  0.92558306235680810               20
  0.88322181441836944               19
  0.84802660406644004               18
  0.88168865998062285               18
   1.1598930942912125               18
   1.1133103609119264               17
   1.0403203532946448               18
   1.2088624635585350               17
   1.2860880248851356               16
   1.0457887973459676               17
   1.1813542313518643               20
   1.2120126053417453               19
   1.1321174911621499               17
   1.2911918482035789               16
   1.0993626954316789               14
   1.0946046009341950               19
   1.1521499812609777               18
   1.1659337856730658               18
   1.1284557430543853               15
   1.2290634407801000               16
   1.1836954248292257               17
  0.98884030420156410               19
  0.94521045417775684               19
   1.0529335748389852               15
  0.94328739764191816               19
  0.86105872652220650               16
  0.98875917783486411               24
  0.65704035833271290               18
  0.84550642097974038               19
  0.93043255997188468               19
  0.96683923026806307               16
  0.73038616229070785               20
  0.88096966370434326               17
   1.0246052529554424               18
  0.78377405692632129               21
  0.80483551421995247               19
  0.79467746202737333               19
  0.87533351649639746               20
  0.94517723189028413               14
  0.62013124476333537               21
  0.66707037833225546               17
  0.81046210420113907               22
  0.85066345124891951               17
  0.94150317942942519               16
  0.50549540011416016               19
  0.81491419732716053               22
  0.95921977297840699               16
   1.0568336965958436               19
  0.55580729472735202               20
  0.73002302471474068               20
   1.0552982677608778               15
  0.88666984392884607               18
   1.1211019137410989               21
   1.1030233646910199               18
  0.92727427930616113               19
  0.96222172407657902               17
   1.1092050420440953               16
  0.94928294415146974               20
   1.1890917994632664               19
  0.90106613362996846               21
   1.0471761901164709               18
  0.91201515389337673               21
   1.2200838206201938               18
   1.0529360971298891               19
  0.96030982495454775               19
   1.0504362976587309               20
   1.0491428167659473               19
   1.1770960884569996               16
  0.92570393439553811               19
   1.1226940389950171               13
   1.0465313621744732               16
  0.91673369302969721               19
  0.81600498462601179               17
  0.87376281082933716               22
  0.63224492586162251               19
   1.0863219615904676               21
  0.94814006553338248               19
   1.1098794283300413               19
  0.64305341561222196               22
  0.67195539469842047               25
  0.83971094898491627               18
  0.96274028023397396               17
  0.96615599775187011               16
  0.89027702591066216               22
  0.72222653795723102               21
  0.87812643772334464               20
  0.67997001681545266               18
  0.90619066646386648               16
  0.46724783597762087               26
  0.97104859581167735               14
  0.60334854797944804               20
  0.31914497645177775               19
  0.52227837920276921               24
  0.78372141988636312               21
  0.98229635415535554               18
  0.66240803699908168               20
  0.94751454515532685               17
  0.82040959096741939               22
  0.61488130353496806               19
  0.38889554406487126               21
  0.97100515417328293               18
   1.0096630641028288               17
  0.96381898205177274               15
  0.47586237317436575               27
  0.97371295600823726               17
  0.96820431623484449               19
  0.76517489879135836               20
   1.1650819400128485               18
  0.98660013779012745               20
   1.0177725272512588               16
   1.2807908137034851               16
  0.96214498583007768               21
  0.91553999964091604               17
   1.1812213202276340               19
  0.98432548269271392               16
   1.3112473821716553               16
  0.66304845419267833               21
   1.1742469427291671               19
   1.1587845286017693               14
  0.60405988558339541               15
   1.0699001077470163               21
   1.2702804053263366               17
   1.2078796937325971               16
   1.3614453198718224               16
  0.97083290454871496               20
   1.1504563028049202               18
  0.57637562112404217               22
  0.81981535248071824               17
  0.58081713696693704               18
  0.80068398034050714               21
  0.78710118855352140               17
  0.80512846020549778               19
  0.90934966746153745               19
  0.83566327198232615               19
  0.81193298753012344               17
  0.83028064297461890               20
  0.65419383316378232               18
  0.81329822501200943               16
  0.71310294215521997               19
  0.58095027714533132               20
  0.89954116197592060               19
  0.78916430823802730               22
  0.73964420652575713               21
  0.90550691300281483               17
  0.98752709064970434               16
  0.52395716856130592               23
  0.75977389538649909               20
  0.90501964697650672               18
  0.80000737946121014               19
  0.64122841414634135               17
  0.54497070577322970               17
  0.65369096443533448               20
  0.89040398386712227               18
   1.1528422635293265               13
  0.82423257256521409               20
  0.79836827365472518               23
  0.81256828147848181               21
   1.0814912721935854               16
   1.1691351665928267               20
   1.0365794890863320               20
   1.0838982622899767               15
   1.0894557177062294               18
   1.2478933210926162               17
   1.2850868267911753               18
  0.95411640215012272               19
   1.2839968030170177               16
   1.0296322916896388               15
   1.2030546923283090               17
   1.2292428346925730               18
   1.0313801295989058               17
   1.1489238631806162               15
   1.2177995430237680               18
  0.73660233292766930               21
  0.94111212672446398               19
  0.99610361440337869               17
   1.0197619037630714               15
  0.79536193005241229               20
  0.93923148459618788               16
  0.89372851211020221               18
  0.71397390958081230               17
  0.87487993820536802               18
   1.1851124284127248               15
  0.73419234750799467               18
  0.97418886989101328               19
  0.85073131944437963               19
  0.92365260921815273               19
  0.41241009780079058               23
  0.53436730047017733               19
   1.0126516991910202               18
   2.6631217106136751E-002          19
  0.96132918079669494               14
  0.44446994937133810               22
   1.0026181948934769               18
  0.45103385848292082               23
  0.58253847149868354               21
  0.77661115380645207               16
  0.75943334987777167               23
  0.78489837565201170               22
   1.0635397243288263               15
  0.99473846548110401               19
  0.57269477679426373               20
  0.58578770001090663               20
  0.98308726024596171               18
  0.53811350246749312               22
  0.76133720777077063               21
  0.66634538295964774               15
  0.80784633626733016               21
   1.2005438230382026               21
   1.1046748266231410               17
  0.89167330548341905               20
  0.90764964325861408               18
   1.2116048257586076               19
   1.3335090285615747               16
   1.3529961944369573               14
   1.1688347076449708               19
   1.2874060595608161               16
   1.1214471009781011               17
   1.0214094744884026               21
   1.2241066871352098               18
  0.93980577643912511               21
   1.1282777441093224               20
   1.0553061411810845               21
  0.96313340021442007               20
  0.89806605570203168               19
  0.72781070165632156               18
  0.99211187496204378               13
  0.70577595771788804               20
   1.0864624646516934               16
  0.64740366274165784               19
  0.71016392619429825               20
  0.73935317162699621               18
   1.0977304616399091               16
  0.51359601703788871               21
  0.78055881191328502               21
  0.71552459714507621               24
  0.68281373475119045               17
  0.82979401803578612               21
  0.74845392127599486               16
  0.63261625594726256               22
  0.39277023088752611               20
  0.73528421093784357               19
  0.37836346839350560               14
  0.40844308512805777               19
  0.76802939420245364               18
  0.70485763262490542               19
  0.73552369335636902               21
  0.56464982814477227               18
  0.76153436966488708               20
  0.73643198078111660               22
  0.55005883478854323               20
  0.92058533102642592               21
  0.69509226399000279               20
  0.84409621818534264               20
   1.1148635427689757               20
  0.99926579934350102               18
  0.62996982515801814               18
  0.99894204307984935               18
  0.95438479866269033               19
  0.99276421566530859               18
   1.2504090526442899               18
   1.2719551713857316               15
  0.99101136705885395               16
   1.1194294072746143               21
   1.1021711634493250               18
   1.0976101786763193               17
  0.93570894321717524               21
   1.0417216772431879               19
   1.0080746617165000               20
   1.2354164587604941               14
  0.70007203036138399               21
   1.1091171458862319               18
  0.59444897261094998               16
   1.0356477869998353               18
   1.0677674754768300               18
  0.59188433645839078               20
  0.63714545416517654               21
   1.0572074987885762               15
  0.86196724149471016               18
  0.51411231583430894               17
  0.68079789768936150               25
  0.84186848291073335               17
  0.59535206743595426               22
  0.92275267897090907               17
  0.91267484883489225               15
  0.96033879238741526               15
  0.75968341079036439               17
  0.91980768803011015               14
  0.85407678813999111               19
  0.68417098727749948               20
  0.39581904078256902               17
  0.31227077714869844               18
  0.96079025219000580               17
  0.68839566392244933               18
  0.54427119558486015               24
  0.63482955059086421               18
  0.68946928193790713               16
  0.55014730612236140               22
  0.85186364857342078               18
  0.64104172931959524               19
  0.79452596261493569               21
  0.55821582229668076               20
   1.0182915863909432               16
  0.70670334848705341               21
  0.96648870972355527               20
  0.82931066056305047               21
  0.80299888883668036               20
   1.1195929832696865               19
   1.0365069036570314               19
  0.72543978600451731               21
   1.2530140059806436               15
  0.99383030396854699               20
   1.0413858496236268               17
   1.0007452487658346               16
   1.1963240716896231               20
   1.1719876352409042               16
  0.89815759836439857               19
  0.82760055518758791               15
   1.1008239593217235               19
   1.1150736104580725               18
  0.88961936456868784               20
  0.96050191865055612               16
   1.2983595499363190               15
  0.96669424241434376               16
  0.57044158025104164               23
  0.86027125108672053               18
  0.88488846753081984               20
   1.0798417804530520               17
  0.62278793039511127               20
   1.0539352892527709               19
  0.82274136291721356               17
  0.43361775134744990               17
  0.79265910639595494               20
  0.82649155879138425               18
  0.97836144159435112               17
  0.94256137747862656               20
  0.71011778384801627               20
  0.87385187271223763               16
  0.47174003100995493               24
  0.51517218730188730               21
  0.53621235251385613               24
  0.73577829820731122               20
  0.49765687215593407               25
  0.64841414936439590               18
  0.31666245803931942               17
  0.46452154537220630               24
  0.73960836230767601               22
  0.46309462945604285               21
  0.63142044532446984               20
  0.64737914285731968               17
  0.48913144326157837               23
  0.92133416018011549               16
  0.61831047005391571               20
  0.86218634073742184               21
   1.1876713605569587               14
  0.92641677537254263               20
   1.1371096558870442               17
  0.97981761683104962               17
  0.64134153738431532               20
  0.86088436534460422               23
   1.1503539153377995               21
   1.2581887820050566               16
  0.98933724794544808               18
   1.1342790657542849               15
  0.89477511455006287               20
  0.78274816496667787               21
   1.0374733286877516               21
   1.1641614467365029               18
   1.2764612760468306               15
   1.0739079420784534               19
   1.1517136062707976               16
   1.0344534289703124               22
  0.96383212159437825               19
   1.2435007600359085               17
  0.82888099126423243               17
  0.83738707403434787               17
   1.0174768845530402               17
   1.0086421898255862               19
  0.76869276272004805               19
  0.74290550203302674               20
  0.75673128565028358               18
  0.90502237774422922               21
  0.44570536201357869               23
  0.42977602379691865               20
  0.80893716321329157               20
   1.0081244579475155               15
  0.84797047760730582               23
  0.87829987561766765               21
  0.40263454531987930               17
  0.40901164671129214               19
  0.49831771084675786               22
  0.59215364260271453               20
  0.58781178031825454               24
  0.80299787809574086               20
  0.71037429412949349               20
  0.44398546174173475               18
  0.89632448595251568               16
  0.76056930533703559               18
  0.79986473926237744               17
  0.88148564523037798               17
  0.77809958711959759               22
   1.0620227927533177               17
  0.52529652845984220               24
  0.96142025213789306               17
   1.1073254901142735               17
  0.90786577434194971               21
  0.58458161813225862               21
   1.0365525418664439               15
  0.72806609774368003               18
   1.1944071069609956               17
  0.94163451303150336               17
   1.1473066819337328               17
  0.86531848921242194               19
   1.0905669890141072               19
  0.89177782036974473               20
   1.2527692404781492               19
  0.82666848316902974               16
  0.89144042778319443               22
  0.99529254718773108               20
  0.97978095638317331               19
  0.79068281555884845               18
   1.0440435895662010               15
  0.66750348245896773               19
   1.0354798584851381               18
  0.94947280928461175               19
  0.86774896388700540               22
  0.94461205636296497               15
   1.1450337898179310               19
  0.57395461675316917               20
  0.44068222026832810               21
  0.17533192087926414               20
  0.93134295160001135               19
  0.76646991142872867               21
  0.68795787884629089               20
  0.66248915929490071               24
  0.56432293407586476               18
  0.86870278177978966               20
  0.74165000518577573               21
  0.84323126388817871               21
  0.30010495811805415               18
  0.73633139351915089               21
  0.43469631328718378               16
  0.88830365187170124               20
  0.77827517137812185               22
  0.54980023698386005               21
  0.25362258355085254               18
  0.68546430282756854               22
   1.0673511644159099               17
  0.95557318784357714               19
  0.68216113078714424               20
  0.89182489174604762               19
  0.74740136418098224               19
  0.88347944255096089               19
  0.60679121420340087               19
  0.61786873818160559               20
  0.52071026852812019               19
   1.1673210340111813               19
  0.78894227480464718               23
  0.82305922589519875               24
  0.69291025964853592               23
  0.89577931021420321               20
   1.0835869540176200               18
  0.85146193210021659               22
  0.88168871192124243               21
   1.2476840323836065               20
   1.3083698946523270               15
   1.1233055663988583               18
   1.1991918951901723               16
   1.1413977578396077               19
   1.0524058813565811               20
  0.75612187642980444               20
   1.0854807715078338               16
  0.73483332824025471               19
  0.80283703496685810               19
   1.0918706093346013               20
  0.91657903905804516               22
  0.99289529617533545               18
   1.2506562376368104               16
  0.33624538294175904               22
  0.82453484292127699               18
  0.63819683951196715               23
  0.72657199976782949               17
  0.90918029976931825               22
  0.68225190111959044               21
  0.75502456671511775               20
  0.26657200978468909               18
  0.49239795146305176               20
  0.71208586082313119               19
  0.60588044506812488               18
  0.63560566710843014               19
  0.71096343580414445               21
  0.45107957297322715               22
  0.43670682851941933               23
  0.26480745715234399               17
   6.5863889787217758E-002          19
  0.57980473953989131               19
  0.54207576687521253               19
  0.63404469925018803               21
  0.39929577599706634               21
   1.0474169132409752               17
  0.54419704105004130               23
  0.93781083926122644               19
  0.92455761893048150               19
  0.98669096690068558               17
   1.0398979087960047               19
  0.97202008257838690               17
  0.84452367314666610               23
  0.91104807151080969               20
  0.86462331306552098               21
  0.80279984251279135               20
   1.1333837214221523               18
  0.85452673940185697               21
  0.74231984843164289               19
   1.1632663536479095               21
   1.0950935634127623               20
  0.90161486981040417               21
   1.0193004009073150               14
   1.1470275125603375               15
  0.75240314179227852               21
  0.90010925420870203               19
  0.88381923991221145               19
  0.84082039728090330               23
  0.72885512591672208               19
  0.86465505694431721               16
  0.50475836069991653               19
  0.73141559215132157               19
  0.89079127612263154               18
  0.85639646467980446               17
  0.73572905095168561               20
  0.84702249589486678               20
  0.64660269546820981               22
  0.25505581936927524               18
  0.75331388434065982               21
  0.31564951309204176               17
  0.46574724140134405               21
  0.48681144059524945               24
  0.75730057596139555               21
  0.35187875546121189               18
  0.52937409893458354               25
  0.40508287503394419               19
  0.59172795151826885               19
  0.58717595278914614               18
  0.31135924998766318               19
  0.35695764631534027               21
  0.76095583659344967               21
  0.53996895364412079               18
  0.73183447336482610               20
  0.78613996288729493               19
  0.56521708262698978               24
  0.47575962982833020               16
  0.70077081080145143               20
  0.73661574937601904               20
  0.70535310447954680               18
  0.99152420279043607               19
  0.47851328543615529               19
  0.90875473667837747               20
   1.0531752277940358               19
  0.75397440753387979               20
  0.72526407227514023               21
   1.1960216924769624               20
  0.59537287635022940               20
  0.69553198502026703               21
   1.1229108975537172               16
  0.82019563452361655               23
  0.84536912248083274               23
  0.82763468317558953               20
   1.0491852166490003               20
   1.0751865838853687               21
  0.80830803372209969               21
  0.88792244262825892               19
  0.91346569672261146               19
  0.79125558040343924               18
  0.84384648210214619               21
  0.93998432878601423               22
  0.67132306658684793               22
  0.99219166615547183               19
  0.26152214559677073               17
  0.47840717073501404               20
  0.50486737105306656               23
   1.1527333124405892               16
  0.64998495194730443               23
  0.87314902978636100               20
  0.39461727007882674               23
  0.59492115451283323               19
  0.75683543955235422               20
  0.67984812069276379               19
  0.46938263184249535               20
  0.20347890640382330               19
  0.51070471441733989               23
  0.33729963295259585               20
  0.55275820594627101               21
  0.89262647321248778               20
  0.72697357157380460               21
  0.21862310381056019               17
  0.34144498633644976               21
  0.79988293238032637               21
  0.45548922480957771               21
  0.52119969851692238               20
  0.83125351606021947               17
  0.48471981760348559               21
  0.60028690207245405               18
  0.95646373959102460               20
   1.0433591428989211               16
  0.77617849872872757               22
   1.0672176766781645               17
   1.0147872722101157               16
  0.68303404127308343               18
  0.83991154903762777               26
  0.83371245888937218               21
  0.99373918720249632               19
  0.81067800431760428               23
  0.66452807741789077               18
  0.99857406941904858               17
   1.1271987525202627               18
   1.0640928322317356               15
  0.82282473467009132               23
  0.98216927097824480               19
   1.1896272921834223               16
   1.0024138208134146               19
  0.72779803084686945               23
  0.89543756085949189               20
   1.0599465783195130               17
  0.33798763274518717               20
  0.71243936085429804               17
  0.81357264137620422               21
   1.1459713611141800               16
  0.66713637130523584               21
   1.0671718032944149               19
  0.63345841445050410               20
  0.58342533014099551               20
  0.78550247698902265               14
  0.52689156399870141               18
  0.68608456588061861               21
  0.50954407620752340               18
  0.35533130464365709               18
  0.70601773428879844               23
  0.45832250357764037               22
  0.39261803064787676               15
  0.50697275371393591               24
  0.66369811061809980               20
  0.16763362699649767               15
  0.61896337615790675               15
  0.69366469532151120               21
  0.31277671876212026               21
  0.52513735100668613               20
  0.34814076370274111               18
  0.22199841471761625               15
  0.84307799812174944               22
  0.40712965899436465               17
  0.58600160800841605               21
  0.75385775755203877               18
  0.90400846364585408               22
  0.39262315435502104               20
   1.0275899904861370               17
  0.78514426256653169               23
  0.66988928126536562               20
  0.40899259248753461               18
   1.0330966195481310               15
  0.84249030318047946               20
  0.83166191048416149               23
   1.1998151278240476               19
  0.64943780418911978               21
   1.0002346162259690               14
  0.93342527526959451               19
  0.85141987323529189               20
  0.74510315194630028               20
  0.94200922238672902               17
   1.0098486769847401               17
  0.92409120228281194               17
  0.97369905437967474               20
  0.88608135628143980               18
   1.1067898796830637               20
  0.70721699078670763               17
  0.65923947232959779               23
  0.58339240444825413               19
  0.92929056425176793               19
  0.44806215490236750               21
  0.61759792903173549               19
  0.91644682637549724               17
  0.57438621050093819               19
  0.65916105715158402               18
  0.58063011203130177               20
  0.61002263183474281               22
  0.89508560219736266               20
  0.38100833495227626               19
  0.41392120499303825               18
  0.62493210190887749               20
  0.27989285431637007               18
  0.40096162621579801               23
  0.55909697202826669               20
  0.70677538266766005               20
  0.45652379798803333               24
  0.52738164334315907               20
  0.37640196736246606               20
  0.80733816635983691               20
  0.44532374823015269               18
  0.58000188035300382               20
  0.78419087160442247               20
  0.65612862119220017               19
  0.41910356297500123               20
  0.45224637534045181               19
  0.57800649005010929               19
  0.67356236359123400               21
  0.74415292443775827               19
  0.71035531762133886               20
  0.84625161809132354               18
  0.75107998522591934               22
  0.77895000559901495               23
  0.97124784700853817               18
  0.51300411586359929               18
  0.35925007100220158               19
  0.81908114467881132               23
  0.93732603521504354               16
  0.97004331126080623               20
   1.0682343606744105               17
  0.87462372998876303               25
  0.67927431185781972               19
  0.43716070516428396               19
  0.75184423073547069               18
   1.0783185027366979               16
  0.99189745021304587               19
   1.0629796204635700               20
  0.54413044538924071               24
  0.79329932118708457               20
  0.71319511494267662               22
  0.74055470547966351               15
  0.39309621104623305               21
  0.46823499093861415               19
  0.43985988623612599               18
  0.50783290449653717               19
  0.58727309334381461               24
  0.66942208696238581               20
  0.40346559580872021               18
  0.66043016022980794               18
  0.56869944287071583               22
  0.51232871661329604               20
  0.25270126786669855               16
   8.3413860870938175E-002          20
  0.36962857877392258               22
  0.24706851163576962               19
  0.56789455736455718               20
  0.39852739674246307               22
  0.40425126904324937               21
  0.44097536388094338               22
  0.25378808017320686               18
  0.22047035939937670               18
  0.34515912047088887               20
  0.86961239291733516               20
  0.35306479387180195               23
  0.72097332150368487               18
  0.65937557221305854               20
  0.63284646656160060               20
  0.58270906467850592               22
  0.90129169512141727               20
  0.34876886541853619               19
  0.68712269217584310               18
  0.41610231433636535               18
   1.0303697040214790               17
  0.86462918568334346               18
  0.80203781141161135               21
   1.3376577352362060               16
  0.76789573159079760               20
  0.87766894815979213               18
   1.2289723376244939               22
   1.0595158442864514               18
  0.98048179762461662               16
   1.0657856921450255               18
   1.0036487067114619               21
   1.1066201461384246               16
  0.46024914207770729               21
  0.89017627574252911               19
  0.62771008641539194               19
  0.72898339834526327               21
  0.87443709705914163               21
  0.72503082509410754               19
   1.0307425277843778               18
  0.71802826522830221               23
  0.35862534685798098               19
  0.66073666964429811               21
  0.11645211082385928               18
  0.85476220375353029               22
  0.62032980642314917               19
  0.45750301791022396               19
  0.58699954775050589               20
  0.49444851857295047               20
  0.18784726075409997               17
  0.51978780289991044               24
  0.55511670674705260               17
  0.27795658444221222               20
  0.12619591336092345               13
  0.49586905716146029               20
  0.63275840341827116               17
  0.17251122007461284               15
  0.71742267711858976               19
  0.66880638099413847               17
  0.52011046473032618               18
  0.41608611509101368               20
  0.32717247869327265               17
  0.72737392263060674               21
  0.55065539054929891               22
  0.86208565822794125               22
  0.91793806905036079               16
  0.29195022116517672               18
  0.58865908549773471               19
  0.66289223016187027               17
  0.61357001173281711               20
  0.90825891968235750               19
  0.86853315746231063               22
  0.77285623825195149               18
  0.97518209370010067               20
  0.70486158696307311               20
  0.63631022886528454               18
  0.62120769537134457               21
  0.92838800727040238               19
   1.0057082910844246               17
  0.88136382004456015               24
  0.91855566318698378               18
  0.88797471265017569               19
  0.77039721903125302               17
  0.91328505584744191               19
  0.72682143999957249               19
  0.87742714004235522               19
  0.93644015756056542               21
  0.69795642775150413               19
  0.85545811053340670               18
  0.75415735813325468               21
  0.37290759493495046               19
  0.56209270083427620               25
  0.39164566018365082               21
  0.47221549864691748               20
  0.51163825632175075               24
  0.63053296942705139               25
  0.37851181235145692               16
  0.28001758401360893               19
  0.19451770716092975               17
  0.69056641905496696               22
  0.67653074414610004               22
  0.20288385686187843               23
  0.19706077940877512               18
  0.51913620287871043               18
  0.37433398413086211               20
  0.27500940872603841               19
  0.62178814048087938               18
  0.43296168462617157               21
  0.53339142828067609               23
  0.34000182003320251               23
  0.15240864574706278               16
  0.26489744564464768               20
  0.80126809373978325               24
  0.70265251225109482               18
  0.45936696438616653               20
  0.30296690677578964               18
  0.49693356184334248               20
  0.42028123961111918               23
  0.83061266935338585               25
  0.89230124730943361               21
  0.77793981144612667               23
  0.72255041054781777               23
  0.94877511714847529               15
  0.73228159340689436               19
  0.92894685216811557               20
  0.90484605259312501               18
  0.95251920614922891               20
   1.1654964194159412               14
  0.94112754152963529               20
  0.66290442137229333               20
  0.66010687446398086               16
  0.80258081652186275               22
  0.76689848002399930               21
   1.0152874013142494               19
  0.83000096159636216               21
  0.85659017651118052               23
  0.92435908646728837               13
  0.49604581801852393               20
  0.59555308086459535               18
  0.78228947511625702               16
  0.56893089195328050               21
  0.68843146631761032               17
  0.89771664714749422               18
  0.54420940062602929               19
  0.53527661422659589               22
  0.69120564075842128               22
  0.60165814671076778               18
  0.51669482233328901               20
  0.16788990233360557               20
  0.14935986639306922               14
  0.57921989189503365               20
  0.71965030321166767               21
  0.40267138688846260               18
  0.44331411174631413               21
  0.10948490035648799               19
  0.31983195855644625               19
  0.49486353181398574               22
  0.51792355832485193               22
  0.24348867246538647               17
  0.20205463435928722               18
  0.28929701443216976               20
  0.67280816917319952               20
  0.45911449588059466               20
  0.92736807527941789               20
  0.55623307574713421               20
  0.64254962234347912               21
  0.98819213696166153               18
  0.94216495763399177               18
   1.0040512996052176               16
  0.75799413267271065               20
  0.77340321548184154               21
  0.76159289973658006               19
  0.93586924695092433               17
  0.81215392830273048               21
   1.0155811300826290               19
  0.61010965333397349               19
   1.0444140328350529               15
  0.91383601033193995               18
  0.77710823633388493               20
  0.52562434750891152               16
   1.2026309903333063               15
  0.75647773185815304               18
   1.0025163247904023               18
  0.97242377047982564               22
  0.65022163143458422               20
  0.89592985498414979               20
  0.68034288119425912               19
  0.71411655527235129               18
  0.43162108670797361               22
  0.38237725710175929               24
  0.55762081010496878               20
  0.38363735322655007               18
  0.63285529859613410               15
  0.76938169644937315               20
  0.39762591752341869               21
  0.70347077702449312               20
  0.46998181572330205               17
  0.29070014076120709               17
  0.20640372293280279               18
  0.53836997486039706               18
  0.55283317459788273               17
  0.28890002808600174               19
  0.38457351977450843               19
  0.45736417014652342               18
  0.36595725571951393               19
  0.14874947695356122               17
  0.48735841031515970               20
  0.61291879626953460               20
  0.36728467670761794               18
  0.37807454781539751               21
  0.53646364139317149               21
  0.29468341633209827               21
  0.65752936009645901               23
  0.28640048326695255               21
  0.56401202901741265               20
  0.41676138442122124               18
  0.70528070722823755               22
  0.34705693729609660               18
  0.71803523807210312               18
  0.54359655065305534               21
  0.86424416944807958               17
  0.91546967337895568               16
  0.68872435325788917               23
   1.0482365841599843               17
  0.84803269853645313               20
  0.68899018923553590               19
  0.96302364152904751               22
  0.91968439034320471               21
  0.98149865201375852               18
  0.89097085107063212               22
  0.61821949101050844               21
  0.84564102958110909               18
  0.68825577500848600               18
  0.80931622116180479               17
  0.95073727439636380               17
  0.50637253842764551               20
  0.65566207326217840               15
  0.29183179180569652               18
  0.54761693497239272               18
  0.29017816369225291               21
  0.52746501150659586               17
  0.39757423782882284               21
  0.56141149506179333               19
  0.77475201341820754               18
  0.64943490537904069               19
  0.33008523428700176               22
  0.48122142767634474               18
   8.4731961519476470E-002          19
  0.45911043582170780               18
  0.10284314581332371               17
  0.22635813557642789               21
  0.43303222288863785               19
  0.19620659942417365               20
   2.6654401308985332E-002          19
  0.28052944328486468               14
  0.55812605293301276               20
  0.30412549689649310               19
  0.27783920123505335               19
  0.20885702227088696               20
  0.18510612974889118               20
  0.81786218459215665               21
  0.47903104709366556               23
  0.25719008347540145               17
  0.56492130137628327               25
  0.39649091451383772               19
  0.58684737739365711               23
  0.63581005618529163               18
  0.56277176675047047               22
  0.72981242187992978               20
  0.52237244148968054               22
  0.63890096293501275               19
  0.52163306404883636               23
  0.72179373798660817               22
  0.83739563532128380               17
  0.66468202287538658               21
  0.95160307637649155               14
  0.96580826184884860               18
  0.90605927298063538               19
  0.94947958770528951               19
  0.85542022871030765               21
  0.94108549953958143               17
  0.82221816611449694               18
  0.66510547864799174               21
  0.74394040115601068               19
  0.72559654874869672               23
  0.56919100939289713               16
  0.85609600598612901               18
  0.92743569262142178               19
  0.64516289189866205               21
  0.68353359172709804               23
  0.76397969519522846               19
  0.64734304271018306               18
  0.49941302791204245               18
  0.86250657329986713               16
  0.71490210858879932               19
  0.33306387306184154               19
   9.6465823480486809E-002          16
  0.17706767291170902               22
  0.13160202865895623               16
   5.3170390650850913E-002          20
  0.33017921696557040               22
  0.38992197161963654               20
  0.53184277573785621               18
  0.13803378725142884               17
  0.60237165476144983               19
  0.35086648724019892               19
  0.34050922442808063               16
  0.33966703445282087               22
   4.5310412651268818E-002          19
  0.44529167339613157               20
  0.14122335029707822               22
  0.39995508145619962               18
  0.45725035334979486               20
  0.42840740513118991               20
  0.52116781988530680               21
  0.43683582675995591               20
  0.32032197209600111               20
  0.33512992050530727               20
  0.89042001032627771               19
  0.46436056893710731               22
  0.47454787226312833               21
  0.81533119075410043               24
  0.87795509035555674               21
  0.80809167689777106               17
  0.62888856176683305               20
  0.83626008210451785               16
   1.0363248764984538               16
  0.84269429500794224               17
  0.79086791266470635               19
  0.90609790145956737               18
  0.55977102393298739               17
  0.55237860824298823               17
  0.84904751733940298               23
  0.78258788166887749               15
  0.82079128344227070               20
  0.37716907039214670               17
   1.0159708799725304               17
  0.78935548124781019               17
  0.84215913999893222               20
  0.95512264533174573               23
  0.24739872364562768               20
  0.97957586422208320               16
  0.68607706737644125               20
  0.96885513611408458               14
  0.62945477840465869               24
  0.40289305014318999               19
  0.51503829716788363               20
  0.55319553315359149               20
  0.40101647136135277               16
  0.52494550030475395               20
  0.39373911145924217               21
  0.10240371383138905               16
  0.15985789865237307               15
  0.12266613581053046               17
  0.14046098388437925               16
  0.20641573694772530               19
  0.25534249451498958               21
  0.28819410470303070               18
   4.0396691552614244E-002          20
  0.28641570790002935               18
  0.36570614587832212               21
  0.22898640186731162               20
  0.39260641855344508               16
  0.59854596710996044               20
  0.51327294123991563               18
  0.37861389693325637               21
  0.61823246342256866               21
  0.31742704243613823               21
  0.64727787087584687               19
  0.61961434873098531               19
  0.55375555929531850               22
  0.46151146456220338               22
  0.63246235377160775               19
  0.83522431300911804               19
  0.75999378194451384               20
   1.0876627380283355               17
  0.82906571848708999               22
  0.78663514033571080               20
   1.0583949897114777               19
  0.44936562414644271               19
  0.97002727720669102               22
  0.86422229136913475               19
  0.94405216037009210               13
  0.79773364074891961               21
  0.90871670316140862               18
  0.97653832892556969               18
  0.78674439164518339               19
  0.67729254671941530               16
  0.53900930312652418               19
   1.0744926729547217               21
  0.21772135031687403               20
  0.64306310336589334               21
  0.79652071135539859               20
  0.46913224933079994               25
  0.29332574006389267               21
  0.56911357690132280               19
  0.60077129334211310               17
  0.35968623717589249               21
  0.38924910465991830               18
  0.50662533932741560               17
  0.24615446361493232               18
  0.22571681410768377               19
  0.41492116084563280               18
  0.46642797378805267               19
  0.23219642102510829               20
  0.16264585343150034               18
  0.19959033535464255               17
  0.39084916372229001               22
  0.20354909180201680               16
  0.65150977906043794               21
  0.33419976370114601               20
  0.59047633481996165               17
  0.76287614707418938               20
  0.48278625301183697               19
  0.13156070792169894               21
  0.40779836547915560               21
  0.47606027998374989               19
  0.66725539732377259               20
  0.81640750900353698               22
  0.68465142047716576               23
  0.31114000711156253               21
  0.71487169513376103               17
  0.86342844491883242               17
  0.80054641626565159               18
  0.84011933114965487               20
  0.86198579712321777               18
  0.74833636933566205               15
  0.61866176247976801               20
  0.91365470812122229               18
  0.56899327059441429               19
  0.83250552157930735               16
  0.69833409689189974               19
  0.82779421664156427               18
  0.95633043354613989               15
  0.95398068232759792               17
  0.59835859565935745               21
  0.61141021234594628               22
  0.67134060254287387               18
  0.76928665453507450               18
  0.47773360417269467               23
  0.32360346752070807               22
  0.55778119392584979               21
  0.49017979360957975               18
  0.72097239850929773               21
  0.22811647123808582               23
  0.67487079805270356               16
   2.7717632654326026E-002          20
  0.44749022863692056               21
  0.31763677562276516               21
  0.53853058667105336               19
  0.32966165232922734               20
  0.44370403670490877               18
  0.51662527187181151               18
  0.23524230447705910               18
  0.16705503608369696               19
  0.63480828180479487               20
  0.24061137962261275               15
  0.30711002482106770               22
  0.48515046899159880               21
  0.17647549528217044               20
  0.12333947731441031               19
  0.42149056108842242               22
  0.32963848590915618               17
  0.24571828186501479               19
  0.33045002909033555               19
  0.73213648110765295               24
  0.49802133227049344               21
  0.38701490082920909               19
  0.82361227632555478               19
  0.30883504649956117               19
  0.57734081329361631               18
  0.99300103922533867               22
  0.56691313565251222               21
  0.41138532919156079               21
  0.88767176035762529               18
  0.78880725042271349               22
  0.49352491575515772               22
  0.86855727896311163               19
  0.93940039438238920               21
  0.96226956271862130               15
  0.73410905519883185               20
  0.87876495988023584               18
  0.98422065632504807               17
  0.99200631106927550               20
  0.64746844748026289               22
  0.30410002619035853               20
  0.56848135680148892               18
  0.58886039122172595               18
  0.65650773588679245               18
  0.65354792608547629               18
  0.68977681668357982               21
  0.46889309758767089               18
  0.23934078228689690               21
  0.55944424511713664               16
  0.59839059434323560               20
  0.63064814280746595               25
  0.61050679307364519               20
  0.16075280574325262               15
  0.59646504813954626               23
  0.18102510022110685               16
   8.6183639002609280E-002          19
  0.28848586292126410               18
   7.3314202845083318E-002          20
  0.26197315117608960               21
  0.34469572759960576               19
  0.20587920322702238               22
  0.47473532417442660               23
  0.27915805071530980               18
  0.49688382584288643               18
  0.51322614465786731               18
  0.36783247776506728               18
  0.24221680504078275               19
  0.26973686366470800               21
  0.35032278607793249               20
  0.31675105948058913               18
  0.58003554531158830               16
  0.28524909440442836               17
  0.16114357606500845               19
  0.63642020683874712               17
  0.19846866501285754               18
  0.58011333158982725               18
  0.73394213188245327               22
  0.75386244292109872               22
  0.78765479885734091               21
  0.96615335073156072               19
  0.95757396886826440               15
  0.77092919617064248               20
  0.56248205585728805               21
  0.97219704126276218               16
  0.62392731854718253               21
  0.33707270445913023               21
  0.93832628168108534               20
  0.77329206752248048               19
  0.84943818145345229               20
  0.82332089217575755               17
  0.53899185410876671               21
  0.69546530502590098               20
  0.69355167522352557               18
  0.58637429579180156               19
  0.52256874765105243               20
  0.83559443536218903               16
  0.72831416873972432               18
  0.32300227291193129               23
  0.51884078476328088               20
  0.77258030992637228               20
  0.29464380708464272               23
  0.43955246915865198               21
  0.32815373402922199               18
  0.21075276829010833               19
  0.47247477107291336               20
  0.52611090265034433               22
  0.43974857042059468               16
  0.24340925135706326               21
  0.49113346252412610               20
  0.14972404251821730               20
  0.46490685550679883               19
  0.11364317059763206               17
  0.15353650995962995               18
  0.10585683239818566               18
  0.45921851068125130               19
  0.55704780670764997               25
  0.12681273916058597               20
  0.40845495097503381               17
  0.34525884021104020               19
  0.59865975016005790               20
  0.38836326124076898               21
  0.33166135170630340               18
  0.55830167145482623               17
  0.34130646223792704               20
  0.37100270440098798               18
  0.69606806811476207               21
   1.0367884289981060               17
  0.76503829048665373               21
  0.53539534785419174               18
  0.87052553575897840               19
  0.79993883588349735               19
  0.76820648132505642               16
  0.96222664357130394               21
  0.81511463664272488               17
  0.60444671747617407               19
  0.61991103965894701               18
  0.98448011658268086               16
  0.88421862142576069               18
  0.93780433413373976               15
  0.71529536132494231               19
  0.67373072945836254               21
  0.91424432112431619               20
  0.44269153564084091               18
  0.52929546792204807               23
   1.0453087094977132               19
  0.25200111487831972               24
  0.29412266979069113               21
  0.46379978892273310               20
  0.35583163151408020               25
  0.10309303499313401               18
  0.40608183804528508               24
  0.41975943684722183               20
  0.67233391959109134               15
  0.35447072657095069               21
  0.64796422600373393               17
  0.40290665293122085               21
   8.4965746516679236E-002          19
  0.24882389148857154               17
  0.20542826938139191               17
  0.40613456297894807               19
  0.34346822806135446               18
  0.37743631138757699               21
  0.15227710611536174               15
  0.26874475993134123               18
  0.40458863942035184               18
  0.16122436754344993               20
  0.51528963438138875               21
  0.14409965313909531               20
  0.45947178644329439               21
  0.11367165750249145               19
  0.53342105448144350               17
  0.14924292477586776               22
  0.34316188646261125               24
  0.43911109306961604               21
  0.56910792648366970               19
  0.59576536419288262               21
  0.36369110489466744               19
  0.78031212822112594               20
  0.71153852671859996               24
  0.70821705669157242               19
  0.97832469922453691               16
  0.94168895170003797               20
  0.93407327007449126               15
  0.70104609830733022               18
  0.79426469538320021               20
  0.93281506940549053               17
  0.80534019140048119               18
  0.64526029161219922               20
  0.68342261225402401               21
  0.77083402400744028               20
  0.81972025786663261               21
  0.75814925550229251               20
  0.84768387106835197               17
  0.81087583323548695               19
  0.73863064217276508               16
  0.86778123094540505               18
  0.78721944260864507               19
  0.47078242100154460               19
  0.56338743598297270               19
  0.16290923107404978               21
  0.42712486073100248               22
  0.36500888908831020               18
  0.33670681105676137               21
  0.70275617260407797               19
  0.47121906202384178               19
  0.46318149368088601               16
  0.22928306134122378               17
  0.32260311125353219               19
  0.47077393416726709               21
  0.46156556915486008               19
  0.30193019314877162               18
  0.19761824740408807               20
  0.47386103274093394               24
  0.49912908054128785               18
  0.26972197079579929               21
  0.47124657960183142               18
  0.71054321171483525               16
  0.38754344954076098               20
  0.29549277077441233               20
  0.32514746614393453               20
  0.46918783001250963               21
  0.54590714862967238               18
  0.87907879060941918               17
  0.23063064338881967               17
  0.85734725419698532               18
  0.90329748194687531               18
  0.70228458969409013               18
  0.92694323306592274               17
  0.73977088564491522               22
  0.76389679531848076               19
  0.76781235289826177               20
  0.92871866805641234               20
  0.86310011017208466               20
   1.0536785847209025               18
  0.73618507952543977               22
  0.93778629120991630               23
  0.89079888107884864               18
  0.91448966338737070               16
  0.96935777954100688               15
  0.87699645483600064               20
  0.79767787240095445               15
   1.0481607327977980               18
  0.78686116242496795               18
  0.89578535446176066               19
  0.40817172735266516               18
  0.67318385007795112               15
  0.94732886549309347               20
  0.60173636499408856               23
  0.83996750244668572               21
  0.88970267721149776               19
  0.71869015716808959               22
  0.41540912933214125               19
  0.65659309611852756               21
  0.55397993463570838               18
  0.21260688370985642               22
  0.33989182762246029               20
  0.44739393200826555               22
  0.20760466380587045               16
  0.28235735630627606               22
  0.58432185364249734               19
  0.17822545032604173               17
  0.29072530571250293               20
   5.1088746549863749E-002          20
  0.34018822822572292               20
  0.29377439651283632               19
  0.44312205579758540               20
  0.21980802592697860               17
  0.25939809259711666               17
  0.39735094250317382               19
  0.38039509653670228               15
  0.45598206281229797               20
  0.53255177385095775               21
  0.51973601421502402               19
  0.36407638709331086               20
  0.94968876074122877               16
  0.70080635253886570               22
  0.82450310666492987               19
  0.52602811507381309               20
  0.87091913762398743               20
  0.92067096738514831               19
  0.89934042158481153               18
  0.60093916852199059               18
  0.75736735113231124               26
  0.85868855379542197               19
  0.47892295468316376               18
  0.79302202601279748               21
  0.97774287770411272               17
  0.86289104948418582               21
  0.96234641060800441               22
  0.88055688446974734               15
  0.67392343561744106               20
  0.92093997936338790               17
  0.77341371290818728               17
  0.89663927311370606               19
  0.66286890694505651               23
  0.96293928146995966               18
  0.54860650972209879               19
  0.80907310337013871               19
  0.52478783318002653               17
  0.40470881820693866               19
  0.77235433305946244               16
  0.31910350385337410               21
  0.38650327215154001               22
  0.58658687743853588               23
  0.23575160465641423               20
  0.25772283548021768               17
   4.2255019851202225E-002          20
  0.15777302861650883               16
  0.62883405417095339               23
  0.48182007250685260               20
  0.27690238910350939               19
  0.19083819835363741               19
  0.30216011874962256               16
  0.39391499823967530               20
  0.27474826377010908               20
  0.53566977543925354               19
  0.25905440969162435               18
  0.34199015208630923               19
  0.43879730990250160               22
  0.61032517113837970               20
  0.46413125568354774               20
  0.17509793238067617               19
  0.63582430983956939               21
  0.77523065864855867               20
  0.57048282387890348               14
  0.82588897562904129               21
  0.60245467044873013               21
  0.46789842149118982               20
   1.0214495146578764               20
  0.52911059551320938               21
  0.92981455851861006               17
  0.76145032849602179               20
  0.96683799399490911               16
   1.0817992231026430               16
  0.88381439160477571               20
  0.94438613516223202               17
  0.95559231464193684               16
   1.0821675431390421               13
  0.88478263252335965               21
  0.92847424109957222               21
  0.76917410234595041               19
  0.73443623461304464               20
  0.64815517981855342               19
  0.89635013397679719               17
  0.90812348129871423               18
  0.61770729663548829               18
  0.64171663190310002               21
  0.71409498883097189               20
  0.49529296681339607               21
  0.65457063276316230               20
  0.88964742423417342               23
  0.50982919337101451               19
  0.49797413178388406               21
  0.32335300882761375               17
  0.21625066640470059               25
  0.72240920793095376               17
  0.41749630040310270               20
  0.25150962540505861               20
  0.39978671102241242               22
  0.32579062817798948               19
  0.32479165431172308               20
  0.30983962433678480               19
  0.45240044330113577               20
  0.72026015547858946               15
  0.48693176998196597               16
  0.24572287261636241               22
  0.89915745505957767               18
  0.46375085024129076               19
  0.49221141962152354               19
  0.58889851775088597               18
  0.38345786117459424               16
  0.51705833870514961               20
  0.66584226823486259               20
  0.36331233393588069               17
  0.26069276684870962               22
  0.59781401394786149               20
  0.91827345310836783               19
  0.66013136971698172               19
  0.92302740251816184               18
  0.86418288202651128               20
  0.79824663578997013               20
  0.61920446601321122               17
   1.1073743672877037               17
  0.89018447035918935               16
  0.75526906002374938               22
  0.93989715394004625               22
  0.92162161988943125               19
  0.71275092264651918               20
  0.90897976309585704               19
  0.49188169677326871               20
  0.71737321960353384               16
  0.80401012758145607               17
  0.41035121148466552               24
  0.60810417644532189               17
  0.48456970860100579               19
  0.66835230880975294               20
  0.52688721358333024               20
  0.99229880931242032               19
  0.77899404187556165               21
  0.82035106010932712               16
  0.77998330364597390               20
  0.69661415112041380               15
  0.57009075945096965               19
  0.30471927310401875               18
  0.43076240465570054               18
  0.39482481357138799               20
  0.32644068100936607               22
  0.61488248977390780               22
  0.41308442967727332               19
  0.12571839080229283               18
  0.20017942372481717               21
  0.39197557192802429               19
  0.26708241377028374               21
  0.39735784005387059               21
  0.42599480315878840               19
  0.76975425197922542               17
   6.1591438193483963E-002          20
  0.66466113434736895               23
  0.30676682159256391               20
  0.32592251642526399               19
  0.26117107391937044               19
  0.68037224058503931               21
  0.79371398798140913               23
  0.67103325713879181               24
  0.91281469831832085               17
  0.69659392207389614               23
  0.89970656379518898               16
  0.65446046278498804               19
  0.70509786336053359               18
  0.86811043288523759               20
  0.85451658931576857               21
  0.77891572783962715               20
  0.74357994687654283               25
  0.98257578292587322               17
  0.88761014632534874               19
   1.1227794189683107               16
  0.87620443558554229               20
  0.64119838077207914               20
  0.87947228521313603               22
  0.82167271712110801               18
   1.1410714474895138               16
  0.84472923333217820               23
  0.57412244782619681               22
  0.93374388632034477               22
  0.82040296339402308               20
  0.81489795509958973               17
  0.48664805831683411               21
  0.49975116235963168               18
  0.47231538310124249               19
  0.67368965390513968               19
  0.87511371331839494               18
  0.77796324998087607               20
  0.70762849684094176               19
  0.84495089713482618               22
  0.20468817924344698               22
  0.29500602563670181               20
  0.47449004155921620               20
   6.3567341025850543E-002          21
  0.20422541312053719               22
  0.60248333460944059               19
  0.40488884506455175               18
  0.38178648872460375               20
  0.67191424495855689               23
  0.65521701624360307               17
  0.22853572244514203               22
  0.48602271441688288               17
  0.58740322556401325               20
  0.71127811784149830               22
  0.57422686561517822               19
  0.82691693550570999               19
  0.57088572970153884               19
  0.70439184821959833               19
  0.57695582319078231               18
  0.67552309359032736               16
  0.67401086526952969               21
  0.72358828397651376               24
  0.77369958720221876               21
  0.52209605283308502               20
  0.98826731460739548               22
  0.83921516198374213               16
  0.77363334914714588               20
  0.52225890726915758               22
  0.96756496388370283               17
  0.87539835239117769               17
  0.98399154299749625               22
  0.99503828492016344               17
  0.95437990949195195               16
  0.90782485011766922               21
  0.90191182161175398               19
   1.0799807239163441               18
  0.96961925163510387               22
   1.0041697192757844               20
  0.95129296151428056               20
  0.81201521571701929               16
  0.53282391238225957               21
  0.48780474556174303               21
  0.82482253142172246               14
  0.65526698186731780               19
  0.27295094425454619               21
  0.80263650388080943               17
  0.93239798795072981               23
  0.36369533588074748               20
  0.55341799084603227               20
  0.54656652922016780               19
  0.21230213167810513               23
  0.49603206676146983               22
  0.39276548117694005               19
  0.67581383880594326               19
  0.62515369457054104               17
  0.31375106388817547               19
  0.53490471246463545               16
  0.49257264279229196               18
  0.73044204761171161               17
  0.60268981545746725               18
  0.93707423520012334               17
  0.70135550356022969               19
  0.64557323060740124               20
  0.68028186145741887               18
   1.0664412365992868               20
  0.48507860128028946               18
  0.55762931426094864               18
  0.63432712754976572               22
  0.53562815688333865               20
  0.83786305418461615               21
  0.67639601990316722               19
  0.78151009113283720               17
  0.86452519259327865               17
  0.46037641635357690               17
  0.98785108592988158               18
  0.76512307267570157               23
  0.70167293394297581               23
  0.82552861662457666               20
  0.70445885877272729               19
  0.98299707307630746               18
  0.98867382571727891               17
  0.96868640877303669               21
  0.96789719165748966               20
  0.86776621935919129               19
   1.0142012791051338               18
  0.78692046254415493               18
  0.69646810165735085               21
  0.63325337318396768               19
   1.0605320876566204               18
   1.1180733177101829               17
  0.91126800288921450               22
  0.69781280325124728               21
  0.47543016568673563               21
  0.70017948213960923               19
   1.0890074584006533               16
  0.60561078397207402               16
  0.49759850085769070               22
  0.84270013415282241               20
  0.53006843335607623               22
  0.50294758714020071               18
  0.22320888852047685               19
  0.63678331819512901               16
  0.57990193773873910               20
  0.52192783479245963               18
  0.15362753951028857               21
  0.39970858814754029               18
  0.60245672631347447               17
  0.73867669616944132               21
  0.44777652900179582               18
  0.26974937695017681               23
  0.81443541640771977               15
  0.22048746081714027               19
  0.93986980198112924               17
  0.62986047132326328               20
  0.66497412412217882               23
  0.28936372180967351               16
  0.67463266443202274               19
  0.11122763851012904               21
  0.96394522469286070               20
  0.70957328540680331               22
  0.53152481349649050               20
  0.86650752746589987               18
  0.68138287053858759               23
   1.0670943482773658               18
  0.97738483466407633               19
  0.88822025414731487               17
  0.93727280051000184               22
   1.0346206213250555               18
  0.91380281582548206               21
  0.87049044181495172               20
  0.74530393930405192               18
  0.78122782508084576               18
  0.91273755135472412               18
  0.97042911809143717               13
  0.97718814252552411               19
  0.92071844237960987               18
   1.1248870041979215               15
   1.0421311763122416               17
   1.1608112511663233               18
  0.90096099437485977               23
  0.68075180707363647               17
  0.60903203677492590               21
  0.87015551793321633               21
  0.80956822970544884               18
  0.58152789463002474               21
   1.1513928810669050               15
  0.77719442106664349               15
  0.90130164759274189               19
  0.61779033160676389               22
  0.43459112266521427               19
  0.83871560216040797               18
  0.35366993422283516               23
  0.38822562783359577               18
   5.7952998830652441E-002          18
  0.43459160627912402               21
  0.37209194508736365               17
  0.59115889883387729               18
  0.75718407863348103               17
  0.89805217821514360               18
  0.65370571821226242               21
  0.46679126687673661               16
  0.52217346446548918               23
  0.54959088865843064               15
  0.90114663383541260               15
  0.61732839068902035               19
  0.82283448034164863               15
  0.76867513317125702               22
  0.85452383470672388               17
  0.48425359837899296               17
  0.42733298523951735               22
  0.51626456797848452               18
  0.27485968327187432               15
  0.73286252579051481               22
  0.90718627815500286               21
   1.1953499686841305               19
   1.1094126748189881               22
  0.83315828759019706               20
  0.73786881349423716               17
   1.0098678960634175               17
   1.1691486396885535               18
  0.83495996302287179               20
  0.88741967937070643               20
  0.91753069086924222               18
   1.0173249542378742               16
   1.0735657615391847               14
   1.0519712083220576               17
   1.1060881628399404               17
  0.79700876658238240               20
  0.98614252496748322               20
  0.47387224452919630               20
  0.58442162921201835               18
  0.92532198873178328               20
  0.77574359355172673               16
  0.93815304324926752               18
  0.56682281595191863               18
  0.71134867699789539               18
  0.75796470114707060               20
  0.89295298977478643               19
  0.43841926120429464               17
  0.37760766979970944               16
  0.60594463174124680               19
  0.26566250272051711               21
  0.88176505596971666               23
  0.46923950840767409               20
  0.54860621211034821               21
  0.86206466113811209               23
  0.42549847249419015               18
  0.56066524888484337               21
  0.75097525538470700               16
  0.91109138644497412               16
  0.49866524423289427               16
  0.14568719052111545               20
  0.54428871777945154               20
  0.22201688022771934               25
  0.25769772517984146               19
  0.52834949159643296               19
  0.52252933814357183               18
  0.76261089424847428               18
  0.71299323649271518               21
  0.85146796071852404               16
   1.0902925863114361               13
   1.0066442235979949               16
   1.0261390610542795               22
  0.93049229371105613               17
   1.0069629325142959               24
   1.0350132637111624               21
   1.2607004194588598               15
  0.99261798638440679               21
  0.97295445676596315               19
   1.1011390816395221               17
   1.0161961916733859               20
   1.2281043472399336               20
  0.96144304979698814               19
  0.95013720574127403               15
  0.78862594830677490               17
   1.1006624530718456               17
  0.66010164991728859               19
  0.89499731896199441               23
   1.0396396338166840               18
  0.98763329207982076               23
  0.52915651679165487               19
  0.43923473192615337               19
  0.78232306881609004               17
  0.67776905852434410               19
  0.84365500803337812               19
  0.77250481045754960               22
  0.63350832449556416               20
  0.53963230849535182               21
  0.74872116825248602               18
  0.87550241345345103               22
  0.42785073162957410               19
  0.46359429165069066               20
  0.61981295621646093               20
  0.69518083381790896               18
  0.89988648600152055               21
  0.63845363054639670               21
  0.55781052412290466               19
  0.54380095420820418               17
  0.62334464235164144               19
  0.90197321220123594               20
  0.61864958641185919               20
  0.78741737772976461               17
  0.61437748793044189               18
  0.73080024294898127               20
  0.74460677631597716               17
  0.89173798835038776               16
  0.81136701292188029               18
  0.45426052038363107               18
  0.76362522161433233               23
  0.81031955905714115               18
  0.95569548186550934               16
  0.54798727654520196               19
  0.67948592727881718               23
   1.1840620475715709               15
  0.80979344995085611               22
  0.94443933939666780               20
  0.82911832424776200               19
   1.2644260115437154               17
   1.0662105392158279               21
   1.0497924620132173               23
  0.69241752599379436               23
   1.0909452860260951               18
   1.0391909500192709               17
   1.0788821425670356               19
  0.88894127371910292               17
  0.83925918676641120               16
  0.81422580124356492               22
  0.99800992292051693               18
  0.60327387040806912               17
  0.96583695733889285               18
   1.0294974624433451               18
  0.75933834076288864               19
  0.74196517865500966               18
  0.61258523431054146               21
  0.52735151512344036               19
   1.0381543531843840               20
  0.70656089612547945               17
  0.81102398018369470               20
  0.90321110622327183               21
  0.71794315563806332               18
  0.62072982560931100               21
  0.40036312635784554               24
  0.56838963235135265               18
   1.0118149620217483               19
  0.73468617573879835               15
  0.65344373781101717               16
  0.29451035224059252               21
  0.39809519037673174               20
  0.79579021959086538               17
  0.98734458627831156               15
  0.73725038233498053               21
  0.88007813470615037               20
  0.82674165428686297               15
  0.67648118984744698               23
  0.99097515698535099               17
  0.37899276286874439               20
  0.59608445686288569               20
  0.56304026107936256               21
  0.72620927251022993               21
  0.60999256152507797               17
  0.84992218375457540               15
   1.1042553080916502               23
   1.1723256596074545               16
  0.68541935577521340               21
  0.78837340733165562               17
   1.0813270600805902               16
   1.1111665920873575               22
   1.0056770659363334               21
   1.0241444312952772               19
  0.92463156508156030               15
  0.99160049187828680               17
  0.86248161540754720               16
  0.99374463799088020               18
  0.91582124638384399               17
  0.77090656845195493               17
   1.2025537310955856               14
  0.81285284245816247               20
  0.90144672996700570               18
   1.0206173282603028               20
  0.71195299281129309               18
  0.91018484515198117               18
   1.0618633777680808               21
  0.73592522332817190               20
  0.99779822398354268               16
   1.2116546756124777               14
  0.96630851564739861               17
  0.59580251412050755               18
  0.91671811315007901               21
  0.54174095266883449               21
   1.0263973638449198               17
  0.64487903549955827               18
  0.99341449720388753               15
  0.80114570415122910               16
  0.92059052228358740               15
  0.25332892899250736               22
  0.62531387170124886               18
  0.90203771762459040               17
  0.75157525670947445               18
  0.52085707667431058               19
  0.87507250249390089               19
  0.62411139759997891               19
  0.83481193627466255               19
  0.47611094821401390               21
  0.21247047250213535               21
  0.44666355405822222               18
  0.95831353674234665               20
  0.82992222718788999               18
  0.98759816389423494               22
  0.88671835537886534               18
  0.75322237092117494               19
  0.85176024580720100               17
  0.69737877382500590               21
  0.64940727326046832               25
  0.94951195901989538               19
  0.67516289054756107               19
  0.87419177967555706               18
   1.0244993195493393               21
   1.3056599829603286               15
  0.86931898739599012               18
  0.97497164379673229               19
  0.99931797508554598               24
   1.1655206370126483               17
  0.93902711852119014               20
  0.86688534033175269               21
   1.0748337410648539               16
   1.1326208651433480               19
   1.1482864584501025               16
   1.0058056993428182               17
   1.1006111124140028               17
   1.2770802574387761               17
  0.41515936747712995               21
   1.0310671783565042               16
   1.1216242682625459               19
  0.86355364251527189               21
  0.96372408608746007               20
   1.0141729093556153               15
  0.96421369732002393               18
  0.64709610340651447               19
  0.94759373625461429               22
  0.82699877707094116               19
  0.93992017745010359               20
  0.59042775140223624               18
  0.87745354345784921               16
  0.99257368623757602               18
  0.59990290840463933               19
  0.51955173497670493               21
  0.91032679000624961               17
  0.31664171828476462               18
  0.37637798498151959               15
  0.99452858431747093               16
  0.79262976032679067               16
  0.88722464121038225               15
  0.51267939162231646               16
  0.47050433079332521               20
  0.84811644860012414               17
  0.96354604830427826               16
  0.39537147112313259               21
  0.89171568229167997               16
  0.79897045872543127               16
  0.76414711055149998               21
   1.1548590871443463               17
  0.65228836147525437               20
   1.3379262263887808               14
   1.0436079815026822               17
   1.1037484114540907               22
  0.96961754725608040               20
  0.86895804879462490               18
   1.2696787907009512               13
  0.81304487844044671               19
  0.94656159729152345               20
   1.0579251394157563               16
  0.80485110818804195               19
   1.0196262864904437               19
  0.94515187823423952               18
   1.2638626797899886               18
  0.96653558234127279               20
   1.0327205818092846               13
  0.85442824639388304               21
   1.1714869218792254               19
  0.96027112629988542               18
   1.2368559967645436               16
   1.1856540633904549               15
  0.68226230721303349               19
  0.87994314454216560               18
   1.0516559351562160               17
  0.98318428465103580               19
  0.86195301727411322               19
  0.61983417121214002               23
  0.82754888368466861               19
  0.89711659822653456               17
  0.96179143645752341               22
  0.48661796499347326               22
  0.83420572206539090               18
  0.37206191424466772               19
  0.92404475426514310               12
  0.64615592876553340               16
  0.54808239139622150               19
  0.89433676640505222               20
  0.76340816789858301               18
  0.48716689215816950               21
  0.60390245346724036               17
  0.91471807606801092               19
  0.76701561165465526               18
  0.44409273155353723               22
  0.69644789323438316               17
   1.0050304215421471               23
  0.68839403435361424               19
  0.97926244368763793               17
   1.1456858134136589               18
  0.81005815318140351               20
  0.59814160987706910               19
   1.0188958028048505               20
   1.0280715070168365               20
   1.0924386415163727               23
  0.72599600532373265               22
   1.1939618522192819               18
   1.1364008543441981               19
   1.1468037912920048               20
   1.1837352003471808               17
  0.72198686299992532               25
   1.1870421211023479               16
   1.1948583538751325               16
  0.87480948127244718               18
   1.0713901741210297               20
  0.75487248917907857               21
   1.0774477291006961               18
   1.3499385858238220               15
   1.0335784075558405               17
  0.85161070977308173               18
  0.78430268739377196               17
   1.0800428226834784               14
  0.98879697274115519               20
  0.99851232352375108               18
   1.0629974757036280               18
   1.0323761676859355               21
  0.89653523072410202               21
  0.97235324072497431               21
  0.79768380191810140               15
   1.0528911388461286               17
  0.85071212427215481               19
  0.54714267146917039               19
  0.71201979320061526               19
  0.83638388140595654               17
  0.91526380940320184               20
  0.42666490852304451               19
  0.79901898275406658               19
  0.72169552865492381               17
   1.1466957540983123               17
  0.76368727703561612               19
  0.38389089450450314               21
  0.67466462455408593               21
  0.76442862039175374               19
  0.68662226852878039               18
   1.0396059455032489               16
  0.99857525960684190               17
  0.94651019790393254               18
  0.79397686417717817               16
  0.94820032072702243               21
  0.91362368731569010               21
  0.99959643886617522               21
  0.46544868300922176               20
  0.90309978484288445               17
  0.57321904558614745               17
   1.1967359093308529               18
  0.96342345203200697               20
   1.1579077990448330               18
   1.0653214437139209               26
   1.0443409107072339               20
   1.1509038374003993               13
   1.0486578301610383               17
   1.1057826918770377               18
   1.2396330729984650               18
   1.1006951418902564               18
   1.2010901109738563               16
   1.1322244083442459               17
   1.1458651377275870               16
  0.75473040404942815               20
   1.1321365897580837               19
   1.1856524441965126               16
  0.92817413290567652               19
   1.0003837181747335               16
   1.0388449644308815               16
  0.89634344640839003               20
   1.2720717733006937               15
  0.74140426953337557               16
  0.95323182517485361               20
  0.67663100562652811               18
  0.91009022743713563               15
  0.56923308027754427               19
   1.0998417671572844               17
  0.83415517781971993               18
  0.74605729122301501               19
  0.69962959751665166               19
  0.68733292771790666               15
  0.70161017103229761               17
   1.1257880313849138               17
  0.63531533835837273               18
  0.85404345607816701               18
  0.96020513860517376               17
  0.76742847892063049               14
  0.79939875818688877               17
  0.93917115771718462               19
  0.93341891376660968               22
   1.0781108759212295               22
  0.55956977503707128               18
  0.77396360612057391               17
  0.87966341408336279               15
   1.0134036596199565               18
  0.69591897161637684               22
  0.94476111598512169               19
   1.0385050370012252               18
  0.85063710293273775               17
   1.1755653169178943               19
  0.97560648589041987               18
   1.2252275259211787               15
   1.3236984090062947               15
   1.1283282818221090               15
   1.2187271850858510               16
   1.1222027012135489               22
   1.1472215017661178               23
   1.1479824532824774               21
   1.0172587023577135               16
   1.0257861288121461               17
   1.0133566586504414               20
   1.0216614288293944               18
   1.1359804033063985               15
   1.2468776736310010               18
  0.76793924076107023               17
  0.86003029311944745               17
   1.1517536564411397               17
   1.1440119455693718               17
  0.73120540559969438               20
  0.94032072811266887               24
   1.3042733313937820               14
  0.99584335950003422               18
  0.93002684760570242               20
   1.0907527004235820               20
  0.92840963419085720               14
  0.79079659576917094               18
  0.94715651958594271               15
  0.88024990218159593               18
  0.59402998274026464               21
  0.73221546200574783               21
  0.86136219191840124               16
  0.56851295499469934               19
  0.56514943483288493               19
  0.73855332577784938               20
   1.0500620462674062               15
   1.0008312075150227               16
  0.90974374649285961               18
  0.58600974282762297               20
  0.97817448029317422               16
  0.56404038737898632               19
  0.71384380318312490               19
  0.72343010905945726               19
   1.1181406190789200               18
   1.0200827171104119               21
   1.0795255220792539               22
   1.0120202141737440               21
  0.78291389027697722               19
  0.86653327596457530               18
  0.66561716554848238               20
  0.81725919132596014               17
   1.1763517810797437               16
   1.1494053982847408               21
   1.0366922850884732               22
   1.0103315150798853               16
   1.2013720550547042               16
  0.60354621069706427               21
   1.0352107049763055               24
   1.0762453528100786               19
   1.2122924601698368               16
   1.2087481524767447               22
   1.2269008140107396               16
   1.1654542831695314               20
  0.81136456475622531               20
   1.2966829786362140               17
   1.0814305028524598               19
   1.2861061892507222               15
  0.93141148774230642               22
   1.2583619004910942               15
  0.93053248544146672               25
  0.98074487735229254               19
  0.94265014592499907               20
  0.89421656990811160               22
  0.91947216669918874               20
  0.89888607667970544               21
  0.94418221433740912               20
  0.91637252279351367               21
  0.89587336789045735               20
  0.94512435225650415               16
  0.73097815765716334               17
  0.73529201859892690               19
  0.81434440840649358               18
  0.79449954486904717               17
  0.98010105269534920               16
  0.69655877415253087               18
  0.99810330906433575               18
   1.0631959274038851               17
  0.96335472291699065               17
  0.97534244544773729               16
  0.76497572408840631               17
  0.87373567295509358               18
  0.95989256530227307               17
   1.1040008564018997               23
  0.84548243446150328               18
   1.0149683349196124               16
  0.66525589895114590               24
  0.91508738045802096               17
  0.72018284518375419               21
  0.90090812956790312               19
   1.2912356910082898               15
  0.98990056125006121               20
   1.3365957085193536               17
  0.73921449447358967               22
   1.2404680955193785               17
   1.2903074231365821               15
   1.2201272982825206               16
   1.0708416686201565               20
   1.2441457056651795               19
   1.1762838304984016               18
   1.2040582619382505               18
   1.2391333175000059               18
   1.1419581726965276               17
   1.0850350416193435               18
   1.0683738766073607               19
   1.0900432261796220               14
  0.70756089897987406               19
  0.97867356527352367               18
   1.3010780970508069               14
  0.91983012317770474               16
  0.91911593775590072               15
   1.1464303289840840               19
   1.0679622310966388               18
  0.94902230401024124               16
  0.65941739575486369               19
  0.81343196227110481               17
  0.93509138873850328               20
  0.80672922089898957               18
  0.82630971903642358               18
  0.84065739518651872               17
  0.86795573189597031               16
  0.89989276330181867               16
  0.99482142885018876               18
  0.76351328085434844               19
  0.95568924250568266               15
  0.82788419996899332               16
  0.94568779537541936               13
  0.76356428409078725               17
  0.59428715768510998               18
  0.82451188245805995               19
  0.96516647280076906               16
  0.78923509414984350               19
  0.64116280916636148               23
  0.66806295593261977               20
  0.93072798531488443               19
  0.96531370216153456               19
  0.82735279389848859               18
  0.95069302761328223               20
  0.85582783399341589               15
   1.0992101673972419               17
   1.0284042375682136               21
   1.2639834112222983               17
   1.0802683799501076               18
   1.1507572702061422               20
  0.94087635344394027               18
   1.0863790725559361               23
   1.0494478274681363               21
   1.0715230206967554               24
   1.2826580103602065               14
   1.2588258606279659               16
   1.3186003720238371               12
  0.79763233101470321               21
  0.98381821166170957               18
   1.1502357697721965               17
   1.0285688431821243               19
  0.94249386283344327               18
   1.1655019576182120               17
  0.96272623642509825               21
  0.97512573678667525               18
   1.1693534025687167               19
  0.89046455009621661               19
   1.0445458224445545               15
  0.95855422402579005               17
  0.98292454022817743               19
  0.98330380045497745               20
  0.83918061550792455               17
  0.89073738129384672               22
  0.95831485522271942               14
   1.1861391165474418               14
  0.29915108331669776               19
   7.1917445757627110E-002          20
  0.84718360337653231               19
  0.98236961116863153               18
   1.0095902970086621               17
  0.96026747040884497               20
  0.67867750291547702               18
  0.85568804236310048               19
   1.0557524925161705               16
  0.69869710812212982               18
  0.21943497686682278               22
  0.70972136816446363               21
  0.97060405437564834               16
  0.92897220412122794               15
   1.1554578030278859               21
  0.78416379397112701               17
  0.61611558027469104               20
   1.0662265417830077               24
  0.77297555153540831               20
  0.98259469117942977               23
   1.0092122464603936               16
  0.71167146343837939               23
  0.89131050236899267               20
   1.0557357133284615               17
   1.1817839170319007               15
   1.0645959115431611               19
   1.0655361834477541               14
   1.1872261631584677               15
   1.1374087008108895               17
   1.1210569104711223               24
  0.52353278713178542               22
