  0.99465731887358355               19
   1.2489607815842763               17
   1.3166730754994316               14
   1.1495010699652553               19
  0.78147889197001885               25
  0.95930936123312771               19
   1.0344618566502426               23
   1.0622576571824778               15
  0.51161583691252588               21
  0.91527722781647869               22
   1.1312346692704554               17
  0.82573227267853389               20
  0.90773136382385800               18
   1.2017276030451112               18
  0.80717977239329441               21
  0.67955944562597903               18
  0.81965539572860946               18
  0.96097483335748146               16
  0.84857504139325390               19
  0.94486993851515333               19
  0.77849557183682627               23
  0.60979154091800603               22
  0.82937051923001293               19
  0.70916761333183753               19
  0.91873132204920516               21
  0.86742914567127050               22
  0.91947134406137321               18
  0.94838949407671158               18
  0.87012059472459680               22
  0.77712073783407121               18
   1.0375599940237881               22
  0.69783579828342346               17
   1.1217888387870552               18
  0.75768186495133516               16
  0.51611408002810966               18
  0.92305417057285333               18
  0.53519717367028685               21
  0.75045775026704253               22
  0.79121790885993815               20
   1.0742627788836847               25
   1.0647127455089131               20
  0.60700842869165239               19
   1.2734673940842036               13
  0.99080304606406033               23
   1.0492891205394008               22
   1.1457696427259323               19
  0.61332066892760706               19
  0.85559471010099863               18
   1.0326065161479434               21
  0.94538394812149928               21
   1.2964912065144862               15
   1.0893976353054113               22
   1.3459185240009837               13
   1.0149902471317211               20
  0.97724580856217913               22
  0.94251118111297971               19
   1.2279336881722533               19
   1.0997294306669629               26
  0.90009308360691220               20
   1.0623968868847535               16
  0.96997325202326445               20
  0.66815026868108662               18
   1.1388851353170117               18
   1.0098710051099657               17
   1.0188401939701830               18
  0.96990795215271686               16
  0.88375149424991539               18
  0.58299871852584195               18
  0.71953215759726052               19
  0.82872297079206403               16
  0.77616130878242673               16
  0.88658996538133761               18
  0.65768326769819940               21
  0.67182522867175554               20
  0.92210012103418637               15
  0.93910123240654531               17
  0.85857326851690241               19
  0.88072359128685085               18
  0.78342492385955209               18
  0.74696312551583288               20
  0.75511658237076484               18
  0.54641073077170244               18
  0.93201407893318877               17
  0.78718499326889346               18
  0.91546804329241860               18
  0.83489676916073374               18
  0.82843435877039207               24
  0.81464203531209178               22
  0.86461836365372746               18
   1.0860547643855958               19
   1.1930744754079261               17
  0.95392454443417718               20
   1.0912010806585524               20
   1.2089898986705989               18
   1.0329521416447531               18
   1.2690542764491752               16
   1.3184692232410589               15
  0.98844683553994361               22
   1.2207281863961885               19
   1.0746284446765806               17
   1.1130162770563952               14
   1.1951603643956195               19
   1.1360237391026504               21
   1.1641911289386966               19
   1.2537415160185690               18
   1.1891793163851956               17
  0.92774061636237504               19
   1.0149887684504824               22
   1.0249948516005221               16
  0.75919805907773807               20
  0.92749991432905909               18
  0.98672245220789045               19
  0.62715496595746578               21
  0.72252367287976060               17
   1.0253033168366439               22
  0.87872528102292191               21
  0.81843946601533957               19
  0.84967088596413509               18
   1.0603373523676736               18
  0.78163500551493270               17
  0.73318986345585768               17
  0.66821099155361663               19
  0.92534362046049179               21
  0.90199336665279739               17
  0.69269388203889826               20
  0.69589590006676649               18
  0.79562132923167861               21
  0.90899079574384745               19
  0.94577105963694730               17
  0.54998868060453210               19
  0.73643621479090771               20
  0.95278384429057761               19
   1.0248724195540451               12
  0.49737814613274128               16
  0.68506776926119628               20
  0.98223665879401290               21
  0.87634325350110420               21
   1.1218850930280306               23
   1.1595044382509681               16
  0.92687236505478554               20
   1.1387465538971453               21
   1.0100450298085879               15
  0.79727122067919820               20
   1.1998507149536684               17
  0.94972820358220311               21
  0.94921850475991720               18
  0.98580996251999375               24
   1.2429588181439608               16
   1.0826938512735997               20
  0.93010281505013004               22
   1.0831176489761303               21
  0.95980190681406774               21
   1.1907361554738030               21
   1.0706611933786112               15
   1.1184554992374500               24
   1.0049428716289250               19
  0.91079360526177122               20
  0.77866914947447208               20
  0.95086488317598150               20
  0.65216441652375234               18
   1.2001629052524996               18
  0.91908627784658026               17
   1.1039613491615292               20
  0.63832630243652222               21
  0.75036563315781368               20
  0.79803039126565323               19
  0.86989582273336918               17
  0.93744815204586385               19
  0.80111811074765826               18
  0.74783309187402391               20
  0.95169418626343316               16
  0.64379649586225507               20
  0.89606075863310175               19
  0.37412627447853719               18
  0.95560567719998746               17
  0.50907754842351949               20
  0.41671397318944559               17
  0.43450588467060242               17
  0.71732686609309426               18
  0.92421274338723969               20
  0.72033772462146628               23
  0.97330968427578712               15
  0.84460858998539845               19
  0.59366425642547549               20
  0.30951961702657965               15
  0.93728047059471309               22
  0.96036083215083889               18
  0.98927705509909636               14
  0.53756767258905647               20
  0.83766454041132943               18
   1.0149224173948510               20
  0.71193329983326192               20
   1.1457396289893056               17
   1.0985743575674101               14
   1.0963322620094276               23
   1.1927913738690374               17
  0.86567707965773122               23
   1.0616811959450865               22
   1.1722128229181719               17
  0.93670593962379878               20
   1.2578401685739846               18
  0.61730006070752963               19
   1.2055512922577243               24
   1.1608854962465023               18
  0.53654320685602963               20
  0.96939835443714018               24
   1.2439114122572956               17
   1.1983288931851297               26
   1.2707996121043239               18
  0.95569095075651123               20
   1.2302151349666590               15
  0.65737773255096377               17
  0.69784305857375784               21
  0.58608760002443649               20
  0.66208939361906571               16
  0.74382730049963230               17
  0.84956776113358867               19
  0.95980859624954584               18
  0.87529786381371932               20
  0.95965941165541435               18
  0.95707123755651269               19
  0.67666379408644595               18
  0.77213036714338468               16
  0.66039127058232405               21
  0.62155821927339860               18
  0.85726344939129873               20
  0.80456565415532311               21
  0.67309557456428548               20
  0.93278435828445572               19
  0.90371688364332703               21
  0.56103354355638690               21
  0.85287322848897074               22
  0.83529825768154020               18
  0.69907679299254355               20
  0.55169799835802014               17
  0.41956045243807244               20
  0.67269587760841087               23
  0.81942320416116321               20
   1.0696376105982410               20
  0.90271006431993617               19
  0.87130309029598496               17
  0.90615293331249591               22
   1.0060972257000507               23
   1.1445957757931877               20
   1.1251983663951430               17
   1.0518346306152402               14
   1.1048789422706513               22
   1.2459025351452115               14
   1.2395432927612731               16
  0.95118648067596534               16
   1.2649976880416351               17
  0.97021475769397070               20
   1.2270077365876080               19
   1.1702105103249454               19
   1.0041462744732228               16
   1.1626070047632053               17
   1.0700811356625179               20
  0.82255457059498094               18
   1.0936656561083853               19
   1.0318977551961419               16
  0.95681682139584345               19
  0.84451681567725945               21
  0.89384703578314884               24
   1.0326403172762986               17
  0.81248852155275109               17
  0.84305553608516093               19
   1.2148288930257460               19
  0.71820700339647126               18
   1.1273323958238892               17
  0.90542639344682596               21
  0.93078354529545460               19
  0.47379409258575644               17
  0.54625771709181903               22
   1.0644850273619912               14
   4.3440249276448578E-003          17
  0.92492474148375636               17
  0.42257075667029703               20
  0.93188751410553039               17
  0.39384196732548976               14
  0.56593779598699856               17
  0.82122325285403974               16
  0.66243065645838106               18
  0.83868888537032116               19
   1.1742696507518167               16
   1.0012715828174654               14
  0.55799612881802918               17
  0.49112714029662013               17
   1.0004369179640480               16
  0.52026835440891284               21
  0.73206280638913934               22
  0.65936813064329858               21
  0.77575783635767359               24
   1.1933424102839705               18
   1.0690372852314680               20
  0.98048302461872272               19
  0.99721898416913457               21
   1.1339973893124364               23
   1.1405268078956965               18
   1.2887389155065787               18
   1.2668024109991531               17
   1.2959990085680333               16
   1.0969492682805164               17
  0.97309621588279815               22
   1.2910653855627696               16
   1.0841741833975540               24
   1.1136575735098628               20
   1.0547358902597044               21
  0.92771817861543571               19
  0.89070416112207673               15
  0.59484741874000102               15
  0.98325142483060579               17
  0.66236981512458970               18
   1.0132623714597173               17
  0.59094861713315383               22
  0.68126852655051040               18
  0.88356981687280278               23
   1.0781891110071582               20
  0.53632756018924554               18
  0.91540199210548545               20
  0.73423632604619138               19
  0.61164681343397864               19
  0.78892721056641657               21
  0.93645071502070720               18
  0.63768408570355450               20
  0.35316752406363244               21
  0.91260311583985509               18
  0.42011958543242783               18
  0.34236942770333800               17
  0.78956315402582344               22
  0.66545458749410291               22
  0.68302490783756875               18
  0.64554044310632785               19
  0.75258604225978754               19
  0.71927465592722684               19
  0.55087500291997304               15
   1.0096569094351082               15
  0.64924800281306849               21
  0.88018038701855017               20
  0.98789922981148071               22
   1.0902143310181254               17
  0.70752520015865328               19
   1.0181900768696708               18
   1.0139984801968329               21
   1.0277992588005671               22
   1.1906458200959735               19
   1.2083725728996544               14
  0.91490220367418917               21
   1.0664607823864101               20
   1.0561661487626954               17
   1.0047899169145695               21
  0.92370409369344797               19
  0.97017377524072723               20
  0.89470484771752123               20
   1.2009035461230178               19
  0.77038038092934324               23
   1.1042064640097702               20
  0.55510863282102962               18
   1.1251174601577625               19
   1.1123335751272974               21
  0.66578343175984400               18
  0.59018374987395716               21
   1.0022478373712032               18
  0.82194108048626713               18
  0.43885612800423757               20
  0.67264973486498214               19
  0.89919377587590321               21
  0.56058889646324628               17
  0.92685349590687938               19
  0.78732623882849240               17
  0.93026612899187433               18
  0.79423622534250127               20
  0.88247739770757605               22
  0.85584346978115389               20
  0.66785682464704588               20
  0.32015362866997682               18
  0.46127856172680626               20
  0.82281437075794606               15
  0.75398655379608781               19
  0.56386954581319104               19
  0.61951951460774124               19
  0.51342358141292777               19
  0.57895321785071618               18
  0.83715842560543630               20
  0.63427939804458722               21
  0.80150724039351040               20
  0.56961763517277553               21
   1.0436445776417425               23
  0.78927202470203872               22
   1.0152664750805862               12
  0.91436463580707439               16
  0.67523064892452733               21
  0.99418771016426211               19
   1.0231734522938296               21
  0.68869669414632628               16
   1.2602525538835916               16
   1.0129596379299017               18
  0.90781396444722340               21
   1.0793868004284113               17
   1.2738478905472252               18
   1.1233544837019571               20
  0.83412481997736532               19
  0.76946099211824515               21
   1.1052518326253125               16
   1.0496463414563277               22
  0.93176997909107262               19
   1.0449236105698516               15
   1.2356960583469923               17
   1.0209406462544277               19
  0.51869750949297222               18
  0.89921030274868630               22
  0.96734434162165084               23
   1.0123621606281759               18
  0.53155314858174862               20
  0.97442753709445384               19
  0.91791906100532294               23
  0.39877130211256712               20
  0.83498880078029658               18
  0.83115450011650505               17
  0.96082450027948940               17
  0.98742685128364927               20
  0.72163514937242967               18
  0.91103306573286469               17
  0.40686292855173450               19
  0.54728591398002679               18
  0.52715359292306918               18
  0.67859556717278824               23
  0.40226114067842100               17
  0.73149951780221412               21
  0.30058379097908433               17
  0.32555123859428287               20
  0.76607030927699160               20
  0.46985340684976740               20
  0.75983880674897997               19
  0.81100615672852316               19
  0.61435569844019811               19
  0.89575419297402958               21
  0.67811227308692379               18
  0.88027396286655635               21
   1.1532367046001992               20
   1.0408098436780098               19
  0.97395248750241015               20
  0.94852264917420070               22
  0.70210801230927611               19
  0.83774135383897452               17
   1.1139577469642086               19
   1.2681474057609592               16
  0.86217081723805078               19
   1.1130652015296205               21
  0.86768878480553746               21
  0.61389648406339448               21
   1.0856646756759794               15
   1.1610214291225835               19
   1.2352654781416854               20
   1.0157539359167627               19
   1.1614796141859685               22
   1.0617860621203601               20
  0.96637766606819031               17
   1.1496524318280301               21
  0.89791542296300042               18
  0.91409176819208093               18
  0.98569733416590843               16
   1.1715897505782573               16
  0.81089775207235948               19
  0.71371037040425533               21
  0.75680885068806691               16
  0.93847867963325915               19
  0.56986491796193972               21
  0.40682698544178947               17
  0.74627955352531050               16
   1.0199831903502203               18
  0.97366354301806290               25
  0.89680797135108925               19
  0.29531553716009995               20
  0.41682658530450956               17
  0.46386738426044993               18
  0.64481121568576960               17
  0.60369295648762411               20
  0.69095971184523131               18
  0.74202888413806245               21
  0.47641039849419170               21
  0.95382070278235254               15
  0.76246043520559825               16
  0.92095723288601439               18
  0.93024909326775507               20
  0.81134790890744823               24
   1.0827620344067121               21
  0.44590711931082977               16
  0.99721006499099574               20
   1.0857964388831847               15
  0.99365497709068007               19
  0.59436315672491713               22
   1.1543201010282076               14
  0.80332367142710059               23
   1.1178710491558241               20
  0.95482798302476968               18
   1.2187704854437351               17
  0.95788865237770160               24
   1.1185019949020598               21
  0.85428658489168952               22
   1.2831588156009979               16
  0.79615840833987284               22
  0.87585382661501110               18
   1.0764684917272500               20
  0.91013434813339777               20
  0.85288553714791482               19
   1.0471022048085765               18
  0.67986382151228963               22
   1.1581662582653627               19
  0.96773359450088470               22
  0.78831753392689830               22
  0.96219532792482521               17
   1.2656857609167353               17
  0.64007300960543057               15
  0.51150343916149899               18
  0.15033936856433858               19
  0.87481427358707309               23
  0.76854637498694878               20
  0.87555311210431541               17
  0.83217866316811551               22
  0.75501930051244981               20
  0.79812687252329662               20
  0.79863849296988310               17
  0.87991204112290433               17
  0.21730851500621337               20
  0.74453052477191273               20
  0.48476478238740850               18
  0.95093451752834135               18
  0.72946793304316937               18
  0.45120398874360435               19
  0.28055653728408780               18
  0.61642515733172221               20
   1.0740097514479277               19
  0.95806502254539994               20
  0.56700832341655150               20
  0.99680418716996266               20
  0.83655680713284286               19
  0.94143501467642698               21
  0.61722924485378594               20
  0.68006777571268984               18
  0.49574698511918303               21
   1.1701373910164805               18
  0.81866706492966634               19
  0.88759575834456728               23
  0.71198964577409585               18
  0.87726284396885201               23
   1.1690583766043823               18
  0.84022484266684572               21
  0.82548606177935813               23
   1.3196599270535410               15
   1.3002072048523226               15
   1.2031662175288729               23
   1.2071373912904952               17
   1.1629901194596151               21
  0.96224016368519172               19
  0.68841604110836818               20
   1.1409621927663296               21
  0.82640384684183332               21
  0.64256657101532522               18
   1.1444991810411282               17
  0.98452398643934980               18
   1.0046754040188297               19
   1.1743686219842175               24
  0.31369204500521630               19
  0.83330829469278367               18
  0.61373204574934714               16
  0.79707026455977048               18
  0.84493617025021983               23
  0.61914488946906232               19
  0.76709271942871682               16
  0.32986547838106756               17
  0.47760474843323258               16
  0.71668210058767889               18
  0.68058964970899116               18
  0.56242947587701086               20
  0.61043682304667790               18
  0.49576814806308728               15
  0.41533119387331097               16
  0.34998956066400272               20
  0.18162177369781396               20
  0.67656442835818886               18
  0.55746195733357418               21
  0.59186688928397924               21
  0.44038292275457958               16
   1.1183008407559065               18
  0.60770467738357659               23
  0.88979877003994545               18
  0.99400813956629464               23
   1.0117039179757630               25
  0.97425150853027731               17
   1.1641419254626153               18
  0.85096053485662060               17
  0.90902519333715526               21
  0.88029115253034507               20
  0.87458887447795230               23
   1.0402867941128280               21
  0.92660043756446997               22
  0.70365005669879854               18
   1.1537809457163144               17
   1.0484521115288208               21
   1.0045778547974984               18
  0.98506309929277636               15
   1.0101239267678985               21
  0.85817419372210291               18
   1.0555574562578551               19
  0.82218220185681612               21
  0.76152897511163264               20
  0.66405418222223245               20
  0.84286413862587894               17
  0.49723576790564605               17
  0.69274516298347111               17
  0.85385191515305314               20
  0.90868089922591022               20
  0.66699886459753055               22
  0.83410440246047179               23
  0.72379035357914878               17
  0.10361211123932559               19
  0.70598646166084855               18
  0.26169539932061764               19
  0.48336154646525670               18
  0.44042407451189253               18
  0.77372578476587994               20
  0.34536335334717355               19
  0.56160415422611887               20
  0.36294640670536182               21
  0.58309514869176449               22
  0.46982580344651681               18
  0.31037731560627357               16
  0.39121862994389228               21
  0.75749139384316055               22
  0.54561104995858134               22
  0.79295958770173613               22
  0.83545207929425236               18
  0.64592471155080189               18
  0.47758443524475969               22
  0.73874563129893456               21
  0.64893943141227117               20
  0.55560998618141422               22
  0.99675730697509923               13
  0.41279611960922891               19
  0.95759703291189513               20
  0.95624348500288692               24
  0.75154915809902711               21
  0.75674138954037162               22
   1.1503943099390916               17
  0.58525643968573959               21
  0.62534581401052591               22
   1.1141854291239830               23
  0.86542660355909662               19
  0.89686386141431984               20
  0.84471130052862631               19
   1.0434821666763219               23
   1.0140521422362578               18
  0.70695778796071207               22
  0.83595747587765867               21
  0.87390556999738356               21
  0.82978947944486792               21
  0.81997696852265145               20
  0.95174693247761954               23
  0.74955404342223753               21
   1.1110842035179544               23
  0.24942996701206707               19
  0.49849373527670715               23
  0.40329777706846431               17
   1.0739227705355878               16
  0.74435183882325984               18
  0.91914741997268057               19
  0.41081605559052609               16
  0.59323225351494924               22
  0.75548761139226250               17
  0.59522482829432988               19
  0.54121949732971086               20
   4.8922256865907301E-002          16
  0.56603241594904774               22
  0.32595920953631241               20
  0.61312124808150303               17
  0.98489676637486778               17
  0.65423122528141164               19
  0.17946610818513029               23
  0.43713288252176891               16
  0.88389380981749277               17
  0.40635260102406745               23
  0.64172727497307425               17
  0.92129454171470082               15
  0.42668180219244561               19
  0.56044957906188553               22
  0.97440450967542291               20
   1.0928138958624276               12
  0.76681979275238676               22
   1.0491367479946059               21
   1.0478141072712690               20
  0.75883746922676532               14
  0.75909925706501802               20
  0.84553249401864050               20
  0.94603921930326573               23
  0.92739168453242715               22
  0.71422907047812667               21
   1.0303842198934450               24
   1.0977325651935255               22
   1.1108379672666548               19
  0.82211657068341704               22
   1.0197494997065619               17
   1.1015712270919298               20
   1.0279122909412282               17
  0.81624103871092890               18
  0.82751167179505436               18
   1.1087625947331980               18
  0.25470339278665871               20
  0.73131811906079391               20
  0.84675269651043406               20
   1.1405382435858373               19
  0.54237032218095804               17
   1.1212124654945899               16
  0.57503579037660235               17
  0.50027267604703785               19
  0.79069444739332828               22
  0.43294711197098457               20
  0.80522769199585820               19
  0.52480509756237759               18
  0.28486560856242210               19
  0.79205145926089737               20
  0.48478930669550574               20
  0.47281509784652936               20
  0.54620285099770549               23
  0.69456779293108550               15
   6.0523714381963148E-002          21
  0.67709878570456583               19
  0.68763196156564976               17
  0.38302743054495392               18
  0.62286734734616722               19
  0.37873758455026868               16
  0.20997436457949664               21
  0.81858753539093754               22
  0.36051097855039782               17
  0.57818850004441524               18
  0.76332363436604567               17
  0.97496886151111783               23
  0.37042364768647151               19
   1.0497424413266274               15
  0.90674294326808569               26
  0.68071799148691470               18
  0.43903214638556398               18
   1.0277910485724249               23
  0.76339525638285266               19
  0.83742585696031002               23
   1.2202276510154189               16
  0.74454465596818209               22
  0.95731637065142039               19
  0.95477459808671827               19
  0.88287921480930753               18
  0.81912277776375875               22
  0.83817280263119054               21
   1.0323006775520160               20
  0.95396847237513849               19
  0.83978877108883687               22
  0.72863974273006493               20
   1.0392255033013003               24
  0.76916074949310087               23
  0.64223459169298003               17
  0.55554338237181966               18
  0.92558125942394853               18
  0.42343646105167737               20
  0.73796205918133362               20
  0.93519909407821955               18
  0.57693993413866884               18
  0.72636801282722885               24
  0.55439648438354971               18
  0.60124846501844431               16
  0.99092321885103185               19
  0.28458120339004472               19
  0.54659474971874644               17
  0.64706687912409611               20
  0.23203595327482585               21
  0.39212023646575256               18
  0.71937633337526108               18
  0.65946875167459484               17
  0.48753497618101693               19
  0.51624874126630926               21
  0.32224067171354792               18
  0.79506260432717579               21
  0.36270783589007283               18
  0.55061239262706296               24
  0.78824116042171943               16
  0.48262947756566005               19
  0.40343980049869954               20
  0.44687923352693459               15
  0.65077347791495466               18
  0.71890023982932871               19
  0.69722815311894470               19
  0.64021195109844609               23
  0.87807817437402857               21
  0.73418074586047122               21
  0.83004036402582193               18
  0.99032045682531367               16
  0.49913264025614096               16
  0.37089709345980987               18
  0.82909040640100129               16
  0.97749785385261667               21
  0.88297469970438691               23
   1.0699645419306585               19
   1.0049377208401840               19
  0.53549883584993352               17
  0.43043064897402783               19
  0.66463573797622411               22
   1.0860174932072275               15
   1.0045158485947367               22
  0.89420264232395474               20
  0.53596202434398155               18
  0.89200322983622760               21
  0.83237406218653498               22
  0.64089449828673883               22
  0.37879649078510036               20
  0.40615518028345066               18
  0.57791926583246367               17
  0.40138664810132585               18
  0.67332498055659840               16
  0.66812323752085867               21
  0.43141993212325547               21
  0.69373642156797455               19
  0.63252039314418562               22
  0.57609006424463571               19
  0.25666072057079609               20
   6.3490636025062219E-002          18
  0.40440633640663948               20
  0.29819381182389137               20
  0.73870206866301646               20
  0.40971616402708771               19
  0.27966332825836437               20
  0.47469075590160226               21
  0.28606147532443521               17
  0.28358547754792685               19
  0.27547573818313248               23
  0.99436317242952510               25
  0.31127707030131252               21
  0.82469372200212887               18
  0.63100232344075957               18
  0.76684647403333939               23
  0.62203515674567433               20
  0.82459531435317224               21
  0.26023834571009136               19
  0.78322957606939225               19
  0.41984427309814071               21
   1.1966820888977530               19
  0.89863045322068125               19
  0.77846671308969384               19
   1.3407399270615434               16
  0.78566007620989120               20
  0.96086970026066687               22
   1.2054626690911283               18
   1.0348945079700720               17
  0.84185515183251725               21
   1.0217098440743757               20
   1.0263992640268391               22
   1.1116910616137163               20
  0.48338266824657394               20
  0.95096933526791450               18
  0.70975092746434953               20
  0.77783661425386708               18
  0.82993421937189971               18
  0.72292828007135568               21
  0.99717556142884478               19
  0.72249592375686778               15
  0.35835730104194119               18
  0.79381334830446248               22
  0.13849543317199586               18
  0.85331967509948425               19
  0.68204197491866025               21
  0.38236002713530476               17
  0.51112882590088782               20
  0.60688779379906788               18
  0.17834620184887298               23
  0.49411530002682513               19
  0.61865474421886546               20
  0.23775888664675804               21
  0.18365150852250636               20
  0.52494990508081296               19
  0.60324704813221552               18
  0.21558170846879510               22
  0.76027356040372462               19
  0.73422084378417085               21
  0.54224067225047923               16
  0.33754439445571294               19
  0.38890739643268862               19
  0.65827949730905311               20
  0.60134443179281294               17
  0.89319182066903413               19
  0.88291577745070426               24
  0.30106684410338963               16
  0.60804475052934825               20
  0.60831851554943128               16
  0.70763587063002420               19
  0.90401826840192701               20
  0.91771235418561758               22
  0.79453828609727140               21
  0.92816365809021095               15
  0.70262673973639356               20
  0.55683198858217164               21
  0.72176649277945348               17
  0.99707753728611059               21
   1.0522802747985305               16
  0.89779254685691834               25
  0.93049385549512065               19
  0.91912340125520198               20
  0.89369178799535731               21
  0.85361682109504533               19
  0.65416295076358133               18
  0.80046956486797760               21
  0.98997684488918725               19
  0.71695473580163949               22
  0.91167901918029404               16
   1.0098470008406055               19
  0.40645877950620057               19
  0.63503930425452393               15
  0.32643953131001247               20
  0.58097069258850753               16
  0.54119483820839553               19
  0.47863379834139141               22
  0.35162900397525809               17
  0.21387695244918026               20
  0.23841408302628381               21
  0.85265911794580429               21
  0.74998407681926083               21
  0.25312940594867073               19
  0.18737841641156758               20
  0.56067342877568638               21
  0.32568761091064119               18
  0.29557170155567886               18
  0.85657669100096157               21
  0.57768454235018518               26
  0.56003732894304814               18
  0.27240096487340720               19
  0.25100172182333391               19
  0.24861761359455417               22
  0.77899712535475563               23
  0.85328059027591119               18
  0.53658320912211976               21
  0.36342408503515650               17
  0.46086726931248601               20
  0.39418893661691556               17
  0.81485876305663096               23
  0.96279802267402259               23
  0.87148919304300432               23
  0.64170518415986610               15
  0.93981270012103657               15
  0.80959580722467905               22
  0.89142975336826868               20
  0.81421097536255738               23
  0.96983573696234981               22
   1.0818709708622902               23
   1.0170704842402265               19
  0.65853685669712847               19
  0.74522439170190191               21
  0.77358052847681513               19
  0.71556016414283774               19
   1.0259625630707250               14
  0.87090354526958136               18
  0.83379845173301559               21
  0.88010760900547480               18
  0.53768974595689900               17
  0.59107835591030633               20
  0.79758133316588808               23
  0.62030248252516085               19
  0.65144869346961964               19
  0.81380072580570517               21
  0.64539576941859900               19
  0.61727168406718080               20
  0.76987430086080089               20
  0.62538616324868468               21
  0.64343396469653658               21
  0.18584005099463299               16
  0.17737620578380761               19
  0.72229097346173488               18
  0.75789107273891321               20
  0.45649680900515188               18
  0.42416710651421041               20
  0.18209457116649552               20
  0.29631256509982851               22
  0.46963803325284736               19
  0.63716801055203431               18
  0.25966859898377215               19
  0.15630919917403985               20
  0.33781766572680166               17
  0.60673909193127562               21
  0.51942422642865738               21
  0.96813779735957994               21
  0.52845910026178511               18
  0.81998631563245361               23
  0.98336672662990021               14
  0.94770186350458185               18
   1.0264048432101478               19
  0.75771400161780822               19
  0.76357820253977249               21
  0.84291386170114335               21
  0.92292416713851966               16
  0.91702577938334706               23
  0.95127294687959407               25
  0.57920295470528516               18
   1.1162500020261248               18
  0.87367727544860352               23
  0.94620281263223671               23
  0.45586479132405300               19
   1.1105133177578586               20
  0.80522861119637557               24
   1.0573629149894073               17
   1.1192336249864261               20
  0.66398399222272542               22
  0.84090745044737869               19
  0.74467285301016406               20
  0.72693619191371606               18
  0.35565538538941316               18
  0.36177942049020245               18
  0.56790300974312802               21
  0.55082116430239347               16
  0.53250427380018006               18
  0.74408078452405457               20
  0.43126076902036681               20
  0.71117450723713105               19
  0.44737428516241867               18
  0.29898145273419591               20
  0.21970117118572663               20
  0.64447657584935170               18
  0.48929868938021126               16
  0.32827614872695565               18
  0.46513180967873669               17
  0.61757678295520180               21
  0.38052365242812847               17
  0.12833167064496709               22
  0.56301965833338619               22
  0.59838601477430209               19
  0.34740279866902746               19
  0.38026245461020108               19
  0.51147027871434536               17
  0.21908330312663754               20
  0.59346179330933668               18
  0.28541366246945621               19
  0.51962124929732512               19
  0.27485376243127668               16
  0.85180369172905879               19
  0.40276876862539934               19
  0.73041511510814716               19
  0.52298811303467907               22
  0.90201896948644666               21
  0.79718814781039971               18
  0.64668914342807449               17
   1.0478180866368392               20
  0.92184161721806646               20
  0.71443536210764624               20
  0.99742975715134463               21
  0.92601049846215444               22
   1.0039699400311819               19
  0.91771110464050987               17
  0.46974579921446058               21
  0.81416330957456229               18
  0.61981451249931618               21
  0.95472185788151476               19
  0.94105120469147530               15
  0.51882432876261164               19
  0.67120274031741600               20
  0.31083672619817410               15
  0.51376308126870984               17
  0.21338700431435614               20
  0.54646317483133766               19
  0.46498880411372695               20
  0.71712915026761936               18
  0.79516667501059013               20
  0.72541617972181860               20
  0.45986657542054554               17
  0.44066816025410066               21
  0.11942381337215412               15
  0.36198558848664880               18
  0.14270480589297033               21
  0.14104358441137255               22
  0.32033602927226484               20
  0.19135290695413021               18
   8.3571622392830419E-002          18
  0.35536204252698211               20
  0.68510033660643288               19
  0.32418845294427917               16
  0.28941369883805368               20
  0.24279677573483605               16
  0.22868036397771502               18
  0.82899477658084142               21
  0.58114421156087970               21
  0.20445163884756523               22
  0.71267830299443535               19
  0.39671876521836558               19
  0.57389945867302539               19
  0.76368838930697047               21
  0.67431875907402805               18
  0.65063585876569618               15
  0.66128727342668991               20
  0.74116449788446614               17
  0.51897623533030290               20
  0.77811349768242610               25
  0.81900522475650583               21
  0.55778896692557145               18
  0.96054800775577864               15
  0.96554903146738524               18
  0.96901557786760784               14
   1.0257248259743916               22
  0.85854513491664397               21
  0.88049817942691089               17
  0.86563018810082193               20
  0.76502722692577285               20
  0.75763113620926947               20
  0.71956989804845717               20
  0.62520514270189309               20
  0.89717775796612664               18
  0.83764536164931813               21
  0.58142151275952858               19
  0.62735403122864664               15
  0.75382410912932196               17
  0.63316269094300570               22
  0.44862693466432896               19
  0.80706724005640518               18
  0.87654687862087588               18
  0.32233636857157139               17
  0.10973084575376681               19
  0.17810628411716040               21
  0.10972127886405607               20
   7.2584760808934154E-002          18
  0.43270384496302777               18
  0.37574159433100851               20
  0.51139944323977449               17
   3.2842729681910508E-002          15
  0.50761449993255991               18
  0.37581859703682979               17
  0.39370812415879053               21
  0.34008351502567924               19
   9.2823220397527467E-002          22
  0.52295602113593764               18
  0.19172088127455508               20
  0.46192026621023896               21
  0.48789288053076696               19
  0.54861865709090851               21
  0.60957886380791926               17
  0.45524605524415629               19
  0.34317803572964173               18
  0.28002260338834006               18
  0.89170678437638085               17
  0.46078382892910258               18
  0.49082813596050917               20
  0.81237067395732310               21
  0.87622887154731421               16
  0.76782568453290012               19
  0.67653794747405782               17
  0.90446706749336181               19
  0.98784384631405886               22
  0.84140811005076110               21
  0.83933880464547628               18
  0.90567069052005045               18
  0.60093492705632234               21
  0.69551415746958445               21
  0.88007546810899262               17
  0.84973244838617745               18
  0.84074421706203550               16
  0.38918461231614310               19
   1.0217933521510341               16
  0.93505314402091277               20
  0.83320905410560664               20
  0.91598121985867931               17
  0.31294673812848062               18
  0.77043765611246828               17
  0.69747445725493673               21
  0.94446985296461694               17
  0.66546997635929495               20
  0.46387835599366489               20
  0.57864940449288671               15
  0.64110693721298517               21
  0.48441440068540581               17
  0.60795998220711922               22
  0.31781960287667843               16
  0.15904711866229973               19
  0.14101521240520934               22
  0.22651423408893750               18
  0.23498265218429767               19
  0.13666023916333647               16
  0.16171301178188971               18
  0.28123921565687005               16
  0.17583396500996570               21
  0.30173796559963578               17
  0.35434393663713865               19
  0.31156646941953531               16
  0.47029135966876323               19
  0.59579940609333781               23
  0.59644275015163117               19
  0.23252081826033577               16
  0.71766639279309286               18
  0.22426906845757910               17
  0.74130639328935455               19
  0.65610435342250506               18
  0.53859272716524975               19
  0.49502568915050710               20
  0.60004098706652231               16
  0.88173575451838571               20
  0.81326679631643195               21
   1.1841264098073365               18
  0.87163530871092654               17
  0.77183480817032679               20
  0.97147184230462158               19
  0.27771062935243657               17
  0.84625257597135628               22
  0.78402156773149678               15
  0.96285492235504810               15
  0.95540313491533091               18
  0.98861340554841104               16
  0.97858051303553928               17
  0.65536482243374616               19
  0.68272650553590097               20
  0.61110223111285200               21
   1.2008630106953666               17
  0.25026570432572559               17
  0.74751022624538943               20
  0.75936698263550584               18
  0.41126678879616357               16
  0.43278019903304399               18
  0.64462320509520887               22
  0.70971064784811022               20
  0.36290205978835455               20
  0.44294831984277266               18
  0.55623229299698163               19
  0.25138088452247287               19
  0.13674809402855459               17
  0.45128078417586637               20
  0.43883213608579269               22
  0.29998860329226329               17
  0.11885352318052084               18
  0.20840524316449216               19
  0.40875601393081373               19
  0.23123634562682593               19
  0.81172590811572698               20
  0.41427747605594700               17
  0.53889071770386887               17
  0.88645836324900329               20
  0.47914440698068261               19
  0.20389932915184761               19
  0.37880183064029377               17
  0.48478958715599302               17
  0.78581642613649827               24
  0.87482906475710698               18
  0.73913436679639077               20
  0.29641265025052793               17
  0.71912829473180551               17
  0.69900838578821889               19
  0.78426566654120999               17
  0.89404147710812032               24
  0.96346156130973315               18
  0.73034950142086774               20
  0.54388790060486192               16
  0.84344529093888299               22
  0.48204243129410229               16
  0.72647388048071082               22
  0.59141822115856690               19
  0.87902151952215479               20
  0.95272680053433323               17
  0.95247997302538079               16
  0.55674413061726091               19
  0.60929240743873259               18
  0.70954386341115805               21
  0.75483352510678348               20
  0.52296293889769141               19
  0.24918396562865694               20
  0.68405452718433502               21
  0.43923994564333957               17
  0.73294087948176967               20
  0.32948803521127717               21
  0.68582639151501179               23
   6.5640385750033170E-002          16
  0.61241342520493869               22
  0.33101765533218375               18
  0.64035902386806609               21
  0.41567071299919817               21
  0.48436430492536880               18
  0.53349942607068157               18
  0.23660104638023050               19
   9.0668530986991486E-002          17
  0.54268399358762975               18
  0.11486095133779271               21
  0.30701935054907303               19
  0.59269535029444287               20
  0.15477479581124054               20
  0.20366841750827969               20
  0.36540713210449283               21
  0.16262563383127623               20
  0.24952272291499683               18
  0.35637808896109469               17
  0.83825654800516014               23
  0.53439302615516449               18
  0.49540969425003067               20
  0.88789002952669005               17
  0.37535721914978420               18
  0.62979284216883558               13
   1.0463004639500850               19
  0.62749735098246340               15
  0.42852716369665145               19
  0.86897380085489517               18
  0.85807836765769907               19
  0.51419034628463800               16
  0.80904607585242927               19
  0.94985937288014988               20
  0.94887335141668727               17
  0.71749923334787435               22
  0.88280530672000812               19
  0.87337002380946327               22
  0.99308347451362855               18
  0.74405120265656732               19
  0.35509541115134069               18
  0.51632100049018737               20
  0.59017831034911650               21
  0.55803079964601665               23
  0.74338485631833306               20
  0.85070082177543038               14
  0.47823526211131923               18
  0.28147037146336479               18
  0.50386687970950450               18
  0.66288888217710962               22
  0.73038212423062221               17
  0.61862397659816315               20
  0.18649850400516313               20
  0.61286986742167837               19
  0.25574150096876541               20
  0.29339724855634192               17
  0.18671234286868713               17
  0.17876614779685912               19
  0.37616948125314148               14
  0.38427135939769191               19
  0.20044469619974734               19
  0.46960065758065322               16
  0.31314005890584001               21
  0.64831344927282075               22
  0.65669521732474367               18
  0.29421034147174974               19
  0.19017915259952811               20
  0.36754127325833036               16
  0.45082761870444937               17
  0.34740834496106743               18
  0.58227937779945993               17
  0.24589006039059247               14
   8.9612502484928636E-002          22
  0.75030311996395294               19
  0.28712315956755569               16
  0.46034301460842281               19
  0.81974889938779039               20
  0.86460715613534145               22
  0.86256770844824171               18
   1.0202667888980013               15
  0.87356512965184518               21
  0.87788014431526362               23
  0.50803741387686197               18
  0.99387197063124699               14
  0.48569717820048236               20
  0.28924762603824844               19
   1.0012717334326799               15
  0.81964443618420624               18
  0.78701636284968668               18
  0.91069534072798708               22
  0.58159347214491430               19
  0.67052926029480497               21
  0.79593378881731991               19
  0.59982531925907911               18
  0.60585563923740038               22
  0.79368174882609932               18
  0.69062071028536731               21
  0.20182059865519708               20
  0.44308963915761357               17
  0.67746904973925570               22
  0.36119151126714161               18
  0.50454395511025318               16
  0.42342421140830278               20
  0.27052415400879531               17
  0.60573286687304551               17
  0.56361865374037934               20
  0.47292405244236130               20
  0.31844190044979731               18
  0.59962018433270659               19
  0.14982345757325155               18
  0.50676468736771518               20
   8.1553400780298192E-003          19
  0.20753070317694544               15
  0.12854593742831014               19
  0.37047791168013161               23
  0.78518526994912752               16
  0.16085590075629516               22
  0.43847595563291181               20
  0.27581108628072248               16
  0.66910749241640310               22
  0.44681739125197512               18
  0.32133257564546863               21
  0.68438666346459098               21
  0.39771878710683001               19
  0.37032569263733328               22
  0.78228921110357175               19
   1.1440716738716679               17
  0.79765563113143156               18
  0.44956159962931119               21
  0.82149656347528610               22
  0.77675314626920644               20
  0.77506056438274629               19
   1.0170824947051571               17
  0.86247660584581609               22
  0.61499590786612424               16
  0.59392167061838919               23
  0.99882318958543892               17
  0.71405169642245214               18
  0.95419630731804672               18
  0.76536353384191591               18
  0.56738085793676640               18
  0.97987746499768213               16
  0.53177957606931070               19
  0.52905379209187109               16
   1.0684473445198046               15
  0.36649090671874107               17
  0.20630241796961915               21
  0.46695893611717176               18
  0.36816827667161034               17
  0.17605426380188932               14
  0.33859608951243980               18
  0.45676760849160580               20
  0.87450158657000443               19
  0.33424361234817579               19
  0.55803663098128220               17
  0.43792917347560295               21
  0.10471653536162473               17
  0.32621414357126488               23
  0.23743332942553264               20
  0.37199322255736350               16
  0.35660701185173949               17
  0.49216130039747291               16
  0.25406394529823462               18
  0.21592007091744098               16
  0.42377877085604382               20
  0.21363797199097362               20
  0.60425396335038850               21
  0.12401568449325696               20
  0.63296167172235940               20
  0.17005503956343090               13
  0.44583430018085496               20
  0.13432460766309470               19
  0.21315512745652593               18
  0.36356667486803823               22
  0.54914564420020173               15
  0.59382622135446361               17
  0.44648992049484609               20
  0.73685150281735601               19
  0.71010585865080511               17
  0.75911837550291805               18
  0.96843484216749587               14
  0.85075130197891857               19
  0.94266416970946154               16
  0.86309679312528742               18
  0.93763874508375700               18
  0.92217385389631179               16
  0.77904895153574971               20
  0.60243151995989952               21
  0.79003668348175093               21
  0.76220221258851606               18
  0.71015437807021242               20
  0.94577355783004591               17
  0.82770218722695776               20
  0.87136131160096653               16
  0.81895852313274897               17
  0.77819249206000118               22
  0.68490721460212267               19
  0.42163112292417637               23
  0.47789189153945816               19
  0.13172741263740681               18
  0.55614933141465128               15
  0.31379332212973676               18
  0.23956488442399065               14
  0.77441184366133586               18
  0.48274942946239757               17
  0.64521370015918811               17
  0.25590878876853607               21
  0.34369977240107918               19
  0.48947319230190656               19
  0.68670022080456095               18
  0.40312233346939746               18
  0.21327496754938502               19
  0.49618365663551250               18
  0.50649344368427440               15
  0.35355501385095373               20
  0.51309577925622751               17
  0.79771294851059227               21
  0.46784309407540331               19
  0.35592932759767848               18
  0.35544155437560659               20
  0.40327965715945979               20
  0.53121465007991731               14
   1.0473564958834634               19
  0.20083467466009228               13
  0.96969357057552907               16
   1.0523162352628381               17
  0.55353774029803005               17
  0.74253610350621824               22
  0.75216994017195216               20
  0.80232481644087417               27
  0.76270615533366692               20
  0.85245656399282721               19
  0.95757843533921649               17
   1.0791885600707209               16
  0.78144368862735769               19
   1.0219565968347948               16
  0.96885104533062716               15
  0.89719975313862055               19
  0.85182808867776261               20
  0.82735197224157508               19
  0.77234521038888848               21
   1.0440521425996645               14
  0.80938437585916667               19
  0.89394821154144388               22
  0.51453103206171691               20
  0.73493612924855933               21
   1.0396521494468698               16
  0.52783720420186719               16
  0.83963088620668958               15
  0.90319322798239421               23
  0.89853623653343739               26
  0.41205746117720554               20
  0.56807464883769532               16
  0.59166458229844632               19
  0.20312020406986964               19
  0.30612680630343125               14
  0.35976509246084071               20
  0.18583703685960168               19
  0.27013871869719647               17
  0.56157313009851828               18
   5.4517432557496671E-002          17
  0.33132623102384362               16
  0.11559415126514777               20
  0.39179159499330057               20
  0.28046408772921794               19
  0.37813550193255541               19
  0.29467436359385624               21
  0.18173127752358265               21
  0.32054814585668229               19
  0.53837310840403518               18
  0.50527041337323986               19
  0.52281897824700274               16
  0.54047981742442786               17
  0.38009184179224942               19
  0.92128650921651212               15
  0.58236112951324492               19
   1.1396357805203774               18
  0.51982833744767976               16
  0.94420780353275557               15
  0.99611291437947147               19
  0.94629119729247013               15
  0.61423458848658696               15
  0.72374224822051092               21
  0.80367017132084162               18
  0.58344014664297805               12
  0.85000251853545039               18
  0.92431543704122876               18
  0.85409328042172872               21
  0.99156417733697821               16
   1.0477901633209550               21
  0.76759362862569980               19
  0.96094176866533210               19
  0.77542420661402822               20
  0.90017455824966330               17
  0.76945665644503491               20
  0.93202824974191245               19
  0.49184201696554714               20
  0.67706048894219073               22
  0.38247436643958060               22
  0.46536423196272242               20
  0.69658105643045987               18
  0.40121779501421223               20
  0.55141104463936863               18
  0.57519589402410720               18
  0.28918242506962993               19
  0.30839161411887672               17
   7.5299151357934080E-002          20
  0.18608861520128075               19
  0.69636864887895256               17
  0.41896328111853942               20
  0.33076914288587711               20
  0.22297035883116514               17
  0.24957243359780368               19
  0.46639395622933144               21
  0.25853578906316793               17
  0.49056856112119523               18
  0.29184970828924339               18
  0.47274619202502877               20
  0.42549111563620584               17
  0.61624870303309143               16
  0.48495402627860074               19
  0.14658758777694797               19
  0.65363496689593747               18
  0.93852525665498854               16
  0.56571084259294990               15
  0.86307983657816667               20
  0.65540019418698414               17
  0.38762833234437633               20
  0.95076623324952325               20
  0.60741644932350580               19
  0.93265544020669311               16
  0.67834957357978631               17
  0.88333346651215172               16
  0.92097727364655357               21
  0.87054684582903497               19
  0.93438228323447381               17
  0.93125077044651738               21
   1.0813889741823837               14
  0.88593440314799077               17
  0.97547407684786647               21
  0.84294109000143203               22
  0.68468547422786741               18
  0.80616320403906860               20
  0.82584338546906855               17
  0.88060281390628392               16
  0.67339696696805074               21
  0.65132720306145053               22
  0.73200527889380762               18
  0.47042362215342992               15
  0.72996318504629742               17
  0.97770614013044610               21
  0.44989185958955513               19
  0.54511231863916498               18
  0.35785925237807925               17
   7.7202581470360312E-002          17
  0.74176599411307276               18
  0.42201430127659550               19
  0.13938357697542314               17
  0.46931654404699408               16
  0.41039785524918154               18
  0.32140102757207445               18
  0.42553558013021647               16
  0.49080107919204047               16
  0.71852836898231076               18
  0.41159250892754468               20
  0.23274733968081415               16
  0.89068505342455473               21
  0.37653327778342877               20
  0.60668822735645789               18
  0.66330085636649816               14
  0.37623196898002514               19
  0.51572563007407946               16
  0.63581079519125538               15
  0.25896959286553806               18
  0.15345404394339054               18
  0.68917499055251863               20
  0.84592516117701821               17
  0.66324610995302768               16
  0.94470637536415392               17
  0.81537311838756077               21
  0.89501761268030422               21
  0.69983106285582286               17
   1.1384057020325236               19
  0.91514448102311730               16
  0.95194919094381991               21
  0.93275893345142002               19
  0.97239755933367467               17
  0.71189221400495317               22
  0.95327224027185686               21
  0.47089025181404875               16
  0.79032383540796558               20
  0.62979933032397872               22
  0.56941394787968436               16
  0.70068359870069363               20
  0.55921075999857950               19
  0.64936353644799738               18
  0.48255246323060952               20
  0.94128208225778209               20
  0.90057408696447938               23
  0.88888178425873698               18
  0.70091758999418052               19
  0.83066660416202287               19
  0.61241423835667119               18
  0.36731722087667940               19
  0.41076304063263941               20
  0.25237482422888458               22
  0.44056463536089974               18
  0.66625964187996689               17
  0.34306385299596737               20
  0.13585337450973439               20
  0.13945942327882904               22
  0.44899289277693477               19
  0.34146314743284223               16
  0.47734370392716907               17
  0.39697456799505354               20
  0.78084760384676732               15
   9.4682325094388536E-002          18
  0.59887391141485868               19
  0.17300112524165037               20
  0.27183354427513090               20
  0.32885490898070024               19
  0.59308090517719436               18
  0.71720872812860204               19
  0.52738917599966095               15
  0.87783879887723515               22
  0.66468150185803787               22
  0.95544529222015295               16
  0.71834766047399023               18
  0.70433328626181990               16
  0.94256912999266651               15
  0.88759890016212051               17
  0.74981942900047871               18
  0.82037955867049350               21
   1.0042945809615222               16
  0.88671580082232637               20
   1.1618652598469084               18
  0.88162025268496758               17
  0.65048334164259825               20
  0.95810802731006928               17
  0.94345721866888976               22
   1.1539491206206538               20
  0.91306024996414104               22
  0.58823168103882462               22
   1.1250949142895286               22
  0.92649232901785394               19
  0.82083990515972705               20
  0.38486818465103967               18
  0.55468172914452207               22
  0.47635669848917728               17
  0.74757650373569662               19
  0.94542159077074350               18
  0.89181371338068804               19
  0.72612025248310463               20
  0.89009050446312465               20
  0.10364325530590783               21
  0.35093048259148907               19
  0.51717206333320542               17
  0.13192091887081589               23
  0.18783044361938675               17
  0.66114941361247914               19
  0.52621219311153422               18
  0.33402918530661085               20
  0.70477140189162579               18
  0.64034853268369663               19
  0.15060387899610880               17
  0.64023550419628872               16
  0.70399402230198793               18
  0.76347042369589624               21
  0.51664993225253764               18
  0.82256167527340740               21
  0.67211995550315884               18
  0.81621472195135703               21
  0.64465875896352154               19
  0.77747184286479343               17
  0.65842439802053487               16
  0.71007292563053370               20
  0.74219087763147973               21
  0.57834304323795183               14
  0.92915796392083561               25
  0.86261586744145269               22
  0.80564462371090928               20
  0.41491032479007361               18
  0.83407811900631468               19
  0.90887921943622907               20
   1.0036134580521092               17
  0.97235944803677987               16
   1.0032090285432718               13
  0.95596206710992815               23
  0.90796532325896318               18
   1.0175694956901145               20
   1.0051057185531214               16
  0.96215932130418103               20
  0.83776708417778789               22
  0.95338207043162648               19
  0.53777471876015381               21
  0.53092261730465728               23
  0.76807401341333614               17
  0.81693381509633345               21
  0.37877756428827841               16
  0.82038162110191049               19
  0.99428006375706024               19
  0.39314273165588964               17
  0.58180011550635058               19
  0.67845122405010372               20
  0.23265972108694724               18
  0.55739662890455999               16
  0.41234185650424249               19
  0.69271299457251490               18
  0.69488561052029385               22
  0.44244979317428451               21
  0.46555905979939266               19
  0.46933809301002033               15
  0.79690863760231068               16
  0.63894887617930518               17
  0.93874322790221210               17
  0.71214838727428487               20
  0.70811641710908335               19
  0.84987147935981600               20
   1.2289107246706701               14
  0.40823332952152203               20
  0.51252305676588905               21
  0.70773750167714988               18
  0.56415985997063733               18
  0.90089328034545513               17
  0.66708780709839066               16
  0.79818316862331162               18
  0.94284516092146531               22
  0.39706213927747519               19
   1.0234327337658207               18
  0.78724755178203898               20
  0.73571983822685605               19
  0.73153739959039532               19
  0.76848312959353637               19
  0.98178367912346431               18
  0.99053278380017085               17
   1.0449631532181611               19
  0.93715208862498522               16
  0.79357155234595733               17
  0.97612966131515333               15
  0.89638242464518747               18
  0.65352034016064908               19
  0.59536832326934286               17
   1.0859937822034347               19
   1.1770211790239866               21
  0.87180981924813383               20
  0.66189633105572587               19
  0.52480377005276557               15
  0.75281663573554436               21
   1.1736760498787937               20
  0.76488486757173946               19
  0.49407488575469066               19
  0.94322253999092487               22
  0.74391151485828921               24
  0.70847552716880935               21
  0.29026611415491038               19
  0.59360908129362278               17
  0.63159859538738528               19
  0.54076746007132859               19
   9.3986380760830393E-002          18
  0.47479675154485984               20
  0.54354398787903224               16
  0.79025368843987542               22
  0.48959185575272995               17
  0.16941239604157107               20
  0.84794032036155176               17
  0.14985554436367227               18
  0.89300443945016950               21
  0.65938819590057118               20
  0.73532122252248444               22
  0.35512844446578024               17
  0.60165355930917419               19
  0.27788832108859485               14
  0.87812950696794101               21
  0.83413612501390511               21
  0.54084950662042974               22
  0.82403462742957456               16
  0.71150012596985501               18
   1.0219706724412412               17
   1.0673522355546075               23
  0.90421740475347312               19
  0.95424085805189540               22
   1.0900566234463838               18
  0.91796420170477744               17
  0.80482356629273766               19
  0.74387799358815065               19
  0.87263519192775074               22
  0.90087152078907640               16
  0.89448134349046116               19
  0.97154407345887650               20
  0.92633990178433823               16
   1.1705011735847959               21
   1.0276118945981840               14
   1.1300657493476676               21
  0.87819157693983962               23
  0.73166009422164680               19
  0.63023233424356262               22
  0.92579613721442455               22
  0.70841953734117180               20
  0.70147250324812838               18
   1.0375061285830520               19
  0.76440885527219438               19
  0.80749098421674970               19
  0.81694280762548477               20
  0.42439809926696132               18
  0.91825705257781221               18
  0.27475607827664122               19
  0.26585765885210327               18
   6.2261468198019046E-002          20
  0.37316454199878751               15
  0.41298555614888049               19
  0.60360492602493099               19
  0.80700237367112981               19
  0.94071470693711923               23
  0.59241010626374946               20
  0.51791250687974233               19
  0.46563707874061055               18
  0.63465294359189051               15
  0.92445247175485190               16
  0.66078831727618759               17
  0.90586854470840472               19
  0.78918790892463953               20
  0.85806375226733422               28
  0.44773513906412310               18
  0.45355416351675015               18
  0.54151040080434609               21
  0.26869914478386764               20
  0.81180964688661816               20
  0.92132169104265560               18
   1.1109933547020530               24
   1.2137287246662374               17
  0.78787489960774393               19
  0.80076505119710073               22
   1.0637719072234062               16
   1.1672747385907316               20
  0.96752570251567205               21
  0.95781233687984124               18
  0.93569890574996317               16
  0.94575572882956416               17
   1.0610294776878400               14
   1.0591282377807516               20
   1.1315285592831035               15
  0.77322071930033487               23
  0.95503479811777747               22
  0.51746670377264226               18
  0.73930788206607345               21
  0.92843828687086583               23
  0.88225206162425895               18
   1.0930973285104493               16
  0.65697185665081814               18
  0.73053406925653463               23
  0.65887100582195757               18
  0.91985423322172732               22
  0.56019075084804149               21
  0.24295945217842974               19
  0.65359731090635942               19
  0.22655038571283859               17
  0.85725669466011889               15
  0.39260752554072448               20
  0.45545461941829662               17
  0.81605167876595164               19
  0.47817612561653589               18
  0.60033849134128403               16
  0.82179524068238796               18
  0.88367162302988056               18
  0.38881876581893760               20
   5.3883410310246189E-002          21
  0.67381713159317425               18
  0.28379317246315566               16
  0.31374001338273932               17
  0.54451637354877436               17
  0.41383589819802374               17
  0.73206304871510242               19
  0.69068047413748246               20
  0.90040923306733101               22
   1.1569137303087784               19
  0.95860038127029557               19
   1.1307590748906171               19
  0.92790862685661402               20
  0.85259623498046833               19
  0.97117213716796436               20
   1.2516183185510696               20
  0.99519242325820623               20
  0.93872708510853098               19
   1.1152166307058859               17
   1.1141996479170704               19
   1.2078446928246147               19
  0.95144593079086015               16
  0.94589129483110201               16
  0.87682376236455206               19
   1.0162360095316323               19
  0.57247456906904748               21
  0.76895371710255866               21
  0.95013373063850370               21
   1.0323815020849516               19
  0.52464384064887881               16
  0.37153831218801953               19
  0.85913032901837283               19
  0.64969172195997937               18
  0.78448033822805119               18
  0.82240324146242805               20
  0.49548532474633455               21
  0.50760914305524296               19
  0.74653324871804938               21
  0.81171380653867475               16
  0.59595643896639483               17
  0.62948475462740627               17
  0.73543724239558705               18
  0.78205806473568207               19
  0.98345430638818387               18
  0.70250294529099888               15
  0.57878788348428611               17
  0.54321256329767464               19
  0.79793001316301471               20
  0.97027685866253977               17
  0.61673794126347348               18
  0.75694021696242419               19
  0.59935958469149853               19
  0.80631017330238897               23
  0.73427287025859511               18
  0.84447003700567669               23
  0.78483700935805301               21
  0.49138553314630390               16
  0.85941302159590482               21
  0.92770387083040229               23
  0.98643107056497814               21
  0.54287650165755508               18
  0.68938123596876710               19
   1.2226735530710942               22
  0.83310908521197469               20
  0.95639766287530037               18
  0.87715963950331544               20
   1.2639852565917700               20
   1.1562851131259719               17
  0.87939088349294270               23
  0.60760327941999215               18
   1.1484761395276435               18
   1.0124189633482297               20
  0.98096304362339382               21
  0.84498930538341899               18
  0.95348087389970881               18
  0.75937111159229309               19
  0.83327761301056036               18
  0.74314819228758122               19
  0.98289330990140811               20
  0.90188781660284523               18
  0.68952863204055004               19
  0.80389371629652240               22
  0.52762785234024701               20
  0.46145496436258698               18
   1.2290791990191916               17
  0.61569954057725007               17
  0.78314285125636984               22
  0.84863341878482379               19
  0.85991702209349308               20
  0.62767601197945266               18
  0.43603472405600430               15
  0.63079376523124442               17
   1.1362015025974963               16
  0.83721593024298535               16
  0.77671311468733661               16
  0.35986793837870157               17
  0.29632078049043498               20
  0.91344331837004100               19
  0.98129762013850963               15
  0.75465305393743543               18
  0.86623159814880657               18
  0.91716287412341579               16
  0.74438407306375842               22
  0.89655406486355660               22
  0.41778159515646607               16
  0.59982844183437634               17
  0.63905424575129111               19
  0.80292663394146890               21
  0.67769176769654660               21
  0.81968692056603132               18
   1.1849688733750476               18
   1.1457668965374248               24
  0.60684178745342743               18
  0.72789525759830620               19
   1.0851476670347948               17
   1.0964146540235344               18
  0.98251117767165197               18
   1.0117153721717029               17
  0.89868195846515686               21
   1.0208861508155447               16
  0.88754607817413922               19
  0.90743451061446989               19
  0.95043069188721552               18
  0.73070898847124877               20
   1.2603005549670629               18
  0.82741552976542676               19
  0.83131597871652008               19
   1.0177480567576722               21
  0.77479928764816797               19
  0.99899482708132448               22
   1.1462686660585515               16
  0.81586484197030917               21
  0.80049034485655068               20
   1.1338482768021414               18
   1.0525570894194962               18
  0.46131403926442593               18
  0.87231489470342494               22
  0.54248356138320963               17
   1.0544492364351450               16
  0.70300523183221886               17
  0.97048513056449670               16
  0.82827207751517906               18
  0.80998747048616915               22
  0.19794558831509781               19
  0.77779343498697806               20
  0.98147292112332285               19
  0.72475742591562642               18
  0.54889494661673133               17
  0.85191783326735993               19
  0.63006725554701337               19
  0.77950330510748134               23
  0.52084131117847521               16
  0.26730816384709927               16
  0.40992429407466602               17
  0.99262057538739679               20
  0.89348893915828531               25
   1.0410659472902899               22
  0.92335567336618751               18
  0.73187663117889723               20
  0.94526151094802735               20
  0.81120179885160881               21
  0.41614299058242799               19
  0.90164796169111039               18
  0.60449376965469570               19
  0.75419771451639073               18
  0.99134951762888568               18
   1.2316684279384846               16
  0.90157758568455559               21
  0.93917131888864669               19
  0.99160855535469861               19
   1.0552372191740986               21
  0.99816852876997963               20
  0.95676420106991622               21
   1.1178309596474327               17
   1.1005688704688716               21
   1.2380971402359224               20
  0.98370998372534191               16
   1.0061845332796295               18
   1.2497134895746520               16
  0.62704125502957420               20
  0.95307638303215170               23
   1.0650011385762026               19
  0.97664333902118983               22
   1.0241938932977976               19
   1.1354949646875052               19
   1.0937679257734851               19
  0.65809565366108991               16
   1.1859401115212775               22
  0.90206045402794288               18
  0.93448038866163763               17
  0.63491308998255835               19
  0.84992180360029612               23
  0.98615408786101222               16
  0.61182979144550342               15
  0.63716374956293620               15
   1.0132946810011749               16
  0.24880537334757635               18
  0.30084198824186342               20
  0.98280024535451982               21
  0.74254100976213600               18
  0.91517097769830558               17
  0.47737312116036545               18
  0.47991596354071575               20
  0.92870152277044327               15
  0.96486314444809862               23
  0.45163770502397499               18
  0.77951737391784137               18
  0.77798586965403982               24
  0.76633072915170097               19
   1.1025079695541109               21
  0.69672433118098132               16
   1.3228145680041774               14
   1.0320476914949623               20
   1.1831414314394242               12
  0.81044388311067928               19
  0.78492787154260069               17
   1.1467900369645734               18
  0.84056004609308210               19
   1.0908812263163503               18
   1.0886034159866178               15
  0.77313027972381443               19
  0.98324782565457525               21
  0.97926932986627524               20
   1.1845976088405790               22
  0.92347875651920286               19
  0.96410587743848408               23
  0.88236528408541126               21
   1.0880849852322658               19
  0.87426007459469246               19
   1.2880594530004545               16
   1.2079384613389119               20
  0.75260711606879571               20
  0.90059219673556345               19
   1.0755733155434593               15
   1.0324045890599090               16
  0.83246119007167751               16
  0.60408666014924051               16
  0.81149919856684294               22
  0.75683491438396311               21
  0.96315653442479132               21
  0.44980024020243442               16
  0.93073731198507481               23
  0.46400844802663915               18
  0.93583209902198683               15
  0.72074193397310327               17
  0.71907126888463535               21
  0.91855777993373078               23
  0.75231895010523597               19
  0.36262586089950466               19
  0.63177414541216836               16
  0.90472438748165873               19
  0.85606935994494004               26
  0.44132278904841116               19
  0.62956651844654721               18
  0.96993021801727841               20
  0.67920421821314592               18
   1.0269874943763502               19
   1.1318475256367568               16
  0.80630405604903643               19
  0.71241155748437757               19
   1.0560819910219097               18
   1.1162613451287533               16
   1.0934865178991935               22
  0.73044652934143517               17
   1.0908593668711393               24
   1.0814311532253034               17
   1.1934100167779631               19
   1.0566700916059897               16
  0.63816145130881508               15
   1.1963597484438562               20
   1.2298051768535743               19
  0.82513281372250946               19
   1.0098787130713420               19
  0.79383713343583939               21
   1.0815833301502600               19
   1.3271472617827615               13
   1.0044380514152349               14
  0.84830849307853340               21
  0.78351547877728855               14
  0.98406773786036539               20
   1.0910842567786183               20
   1.0391468090140421               19
   1.1649225052634808               16
   1.0915828998030697               15
  0.88008618105895597               19
  0.96764427131599939               17
  0.78520063556705155               15
   1.1297762821593096               19
  0.88982793445334019               21
  0.55461485566223279               22
  0.77229587568493285               19
  0.83130836932153274               19
  0.96038785761658307               21
  0.37941982941436991               20
  0.68286431712186457               19
  0.68314479597394884               17
   1.1964107350898734               16
  0.84676690303444102               18
  0.30269833067418866               18
  0.68822266426895984               19
  0.85056662490369050               18
  0.65321165866592312               16
   1.0666779506846242               17
  0.82487193301720241               19
  0.95801938914866325               24
  0.86527467796263735               23
  0.99537520025784021               18
  0.93675417270263484               23
  0.88066776499208710               19
  0.51384893002012810               18
  0.99858498340198298               22
  0.60645613882693206               18
   1.3098939330009725               14
  0.93925883404660870               20
   1.1401498235639553               19
   1.0698438553703415               23
  0.93345792242875436               23
   1.1141743509842379               17
   1.0446554608760912               18
   1.0028851571040258               20
   1.2625764150899483               19
   1.1217525167091149               18
   1.2651662462430939               19
   1.0034230318404509               21
   1.1173491474277875               22
  0.74986415317079325               18
   1.1890672913922247               19
   1.2419107837742196               17
  0.89101882644019859               17
  0.97953468342348982               24
   1.1136341803083554               19
  0.93737764153312253               20
   1.2418497536093704               18
  0.77880913778961980               17
   1.0108637631735613               19
  0.75141311294004554               14
  0.95842839649708844               13
  0.66460104155611666               20
  0.98309038636649204               20
  0.79449309389405609               22
  0.87487835075616227               18
  0.77769444346208916               20
  0.49957054042141014               17
  0.73493267118672656               19
   1.1380567745962962               16
  0.55934545286270909               17
  0.78042930879454220               22
  0.94372129332641097               15
  0.63969643668132692               14
  0.80935735034676171               19
  0.83166816091922691               18
  0.83283789800871721               20
   1.1709096984831491               15
  0.46408345369347526               19
  0.84616018232975321               24
  0.90063868492077737               21
   1.1090900730754039               17
  0.73318954601746800               21
  0.97289490795446143               21
   1.0969991480234165               15
  0.88145950271411666               21
   1.1924142814773258               23
   1.0575732668204352               18
   1.1140858940943459               24
   1.3108282019645785               17
   1.1178747548595185               17
   1.2217564685560622               20
   1.0873405964619751               22
   1.1926229523318919               17
   1.0457261018412205               21
   1.0076720466765829               23
   1.1964260363176378               21
  0.91280803547841594               19
   1.0978049842497020               19
   1.1357420256745627               20
   1.3039747355627715               15
  0.63134994397679500               18
  0.73030208770236638               21
   1.1134982348791684               20
  0.97469482493956805               17
  0.67933471542426183               21
  0.94819950964629096               22
   1.3228695903855308               13
   1.0202690571317314               16
  0.89834917589274954               15
   1.1139556421263077               19
  0.96171304701131499               15
  0.88539811697693593               18
  0.95237881134260716               17
  0.84885981977881675               20
  0.54231014267814293               17
  0.75454186693742986               21
  0.88120333710811483               21
  0.57739047627075246               16
  0.58410157074840374               19
  0.79054065465709711               21
   1.0575988871381730               17
  0.99345253862047256               19
  0.97977076291600540               17
  0.48401844330023081               19
  0.94430190901692157               17
  0.53257968309051251               18
  0.70257533541867101               16
  0.72732074488390142               20
   1.0854726854693058               17
  0.99883135008119350               22
  0.98742799909709689               22
   1.0379914486423321               17
  0.74001140033414015               19
  0.94357560490956338               21
  0.69274585265765620               20
  0.90936123429884475               18
   1.1830270510079492               16
   1.1392157561974807               22
   1.0725967445297804               22
  0.94542985886389408               22
   1.1896221625782950               21
  0.60742733309094699               15
  0.99791295202691166               22
   1.1057670707700560               17
   1.0232351146910084               19
   1.1813525720424309               20
   1.1272297761050982               19
   1.1844329791242325               17
  0.71555103680152687               19
   1.2561400281122150               18
   1.1452432928795782               20
   1.2857168231431542               16
  0.94150303117049827               22
   1.2731450449191504               20
  0.91990498916585484               21
   1.0048584499901245               16
   1.0621480233616323               21
  0.85510615785330246               20
   1.0096787315120073               18
  0.90079910775035010               18
  0.93093979943688532               18
   1.0709521454201827               20
  0.94160091726111472               17
  0.87563805784676907               18
  0.71861620578776975               16
  0.74156577420164926               15
  0.85851598568389365               19
  0.87228547949512458               18
  0.95890147946805659               21
  0.75288283316759241               19
   1.0064379940320423               14
   1.0790330145073692               19
  0.96012730920159273               16
  0.84293112143472815               19
  0.79279675890370149               23
  0.83648552947465604               16
   1.0228337294024232               18
   1.1436984484834571               20
  0.71800245091637349               23
   1.0556461433047111               16
  0.46375030628755814               21
  0.90763597707889132               21
  0.67486679477711331               22
  0.88234923566432577               22
   1.2568533394653123               15
  0.89113999858202841               17
   1.2608501569968438               19
  0.68449586014305164               19
   1.1685733988351317               20
   1.2923217826804296               16
   1.2860587865807949               17
   1.1297541223304233               22
   1.1972784322007515               23
   1.0911549059667542               21
   1.1809612180451949               21
   1.2068604983260434               19
   1.0965704766209736               20
   1.0472341720397873               19
   1.1321240784836419               21
   1.0999820109270408               21
  0.66625388805459707               20
  0.95267117310132643               20
   1.2090324395789549               22
  0.90375129294645162               19
  0.93774197690385630               17
   1.1697660062699540               19
   1.1968856588994325               21
  0.87794306623169260               17
  0.68158170711195254               18
  0.77148046893144784               19
  0.94324614560739184               20
  0.74484825148743850               22
  0.83894884327253894               19
  0.96903409514678174               17
  0.85234950131969944               17
  0.92224534082199816               18
   1.1152850753655135               14
  0.69154706712734915               18
  0.95670609593982481               15
  0.93468556225671717               25
  0.92270272345491855               19
  0.84646399855539323               21
  0.66160746399974057               18
  0.87785011016497061               21
  0.98085796175284723               17
  0.79727727123931880               20
  0.59915860872563920               18
  0.63481563934379537               17
  0.91317081385938326               18
  0.96874610613468137               24
  0.73948624222279069               18
  0.91760624891603360               24
  0.93948281204236272               21
   1.0066890444938923               25
   1.0418748947891716               18
   1.2576165324495860               20
   1.1448675012189677               17
   1.0296659865940245               25
  0.85884053015457429               19
   1.2547094702870829               18
  0.97972857679292502               20
   1.0221284922406422               25
   1.3249350058379403               16
   1.1784324884663606               24
   1.2999289753798291               16
  0.54750742817261866               18
  0.92340746095276893               20
   1.1095353850002825               16
   1.1595371629465041               19
   1.0499065796692344               22
   1.2535572989023347               18
  0.88158264486341376               23
  0.98670879967699132               14
   1.1014114701479751               20
  0.88850188718468370               24
   1.0158358905568083               18
  0.97614539075849649               14
   1.0296639886016015               21
  0.99538950088325984               16
  0.84686101959577542               18
  0.83099500408037807               20
  0.97352193354944894               15
   1.2156262876453958               23
  0.30512890043415630               17
   9.7899140833749412E-002          17
   1.0398946385052670               18
  0.98007500934306480               16
  0.90567850021990826               20
   1.0073381986240364               21
  0.79341601072344725               18
  0.88416779787380773               19
   1.0690123697007627               16
  0.56145956789993101               17
  0.25686038814392970               18
  0.74043764782499710               22
  0.93696613413233421               17
  0.88772200076090746               15
   1.2316631204372901               22
  0.81061294342776347               17
  0.63938250031620802               19
   1.0199349961348123               21
  0.69063126225658322               15
   1.0010681651833773               19
  0.97038608161845641               19
  0.64877606425799594               23
  0.93758412629067922               22
   1.2102176081203890               18
   1.1753672554472334               25
   1.0332091140642494               18
   1.0782077587209746               16
   1.0035520224580661               17
   1.0452746517546025               18
  0.98476788077342170               23
  0.49479355997710633               22
