   1.2098043560898246               22
   1.2293945019305286               26
   1.2766939278044140               19
   1.2082676457219343               16
   1.0484150950280746               25
   1.1446879382359152               27
   1.0798694924414480               23
   1.2189660927181529               24
   1.0326090948173949               19
   1.1370362548982167               20
   1.0304983731750199               20
  0.96607252494353402               22
  0.99735191148216529               17
   1.0732089958811366               14
  0.82648446675050435               17
  0.83652058650575101               20
  0.96583047900400021               19
  0.94937510336534725               14
  0.93045498011213801               19
  0.88865358865396538               20
  0.86327518211126608               23
  0.77328067768328113               19
  0.87314966982857967               21
  0.71226096145245221               21
  0.79958221118738548               18
  0.84182098080933643               20
  0.85511853132753757               19
  0.87782526963441865               18
  0.93429739649976451               17
  0.90029343465173173               17
  0.88230487827590642               19
  0.90801414051562446               19
  0.92887412305536743               16
  0.91262822464973614               18
  0.98063979116693034               14
  0.91298236262867283               17
  0.83805247215888912               20
  0.89363094534796195               18
   1.0599129926195436               24
   1.0452532624408830               22
   1.1695154461268369               18
  0.98734441481634605               26
   1.2440978546439960               16
   1.2653853417110392               15
   1.2233678832088748               17
   1.1709758933411507               13
   1.2474763885127362               15
   1.2252088336854476               20
   1.2315392195461103               20
   1.2831197142629596               17
   1.2897794915659411               19
   1.3505295251286125               13
   1.3059173666329917               15
   1.2242091469204395               22
   1.1812862351407794               20
   1.1827955078887893               18
   1.1104179978801025               23
   1.0017655257586751               20
   1.2615838953350407               22
   1.1536637717720621               16
   1.1821758237075954               18
   1.1407689972185981               15
   1.0946674098038010               15
   1.0106180807750609               13
   1.0813397337235799               14
  0.92846971505881248               16
   1.0559105880859858               14
  0.98374882770543026               12
  0.97732837763693137               18
  0.95051727235900185               18
  0.82286570240803747               21
  0.96206516528564501               17
  0.94440847166632313               17
  0.95810898837982039               18
  0.92538412923746183               18
  0.81332807516592964               21
  0.95157045152664843               14
  0.95465369288412549               17
  0.95566532971008156               18
  0.94826917661661525               17
  0.94832214525370018               16
  0.96254576508010292               18
  0.88527785018852689               19
   1.0259636109666872               17
   1.0511359803222138               14
  0.84964034745092631               21
  0.99645062793331929               15
   1.0301697209528642               16
   1.0609512008251532               15
   1.1156904385271171               16
   1.1443319153695763               12
   1.0842151827454116               17
   1.2044809720786025               14
   1.1058179338592875               20
   1.0772618519098571               21
   1.1829648870843041               16
   1.2458794949846721               19
   1.2778906769280023               19
   1.3086076365777459               16
   1.2162108721058189               19
   1.2244766425501341               26
   1.2044981528644800               27
   1.2332767423227899               22
   1.1909620592551187               24
   1.3000983153414947               17
   1.1798567420313639               24
   1.1555108185633289               21
   1.0266793375977266               21
   1.0479155513870164               16
   1.1121022386979471               18
  0.96860620409959186               21
  0.98769619368490102               20
   1.0257818586842082               14
  0.95544765103698115               20
  0.92091812599950462               20
  0.90548871212248994               16
  0.93055419173995180               16
  0.80246084089353908               23
   1.0176845070833196               16
  0.97708473484234648               12
  0.95969845266505760               16
  0.78550283048953307               25
  0.89762894567985607               18
  0.89182071543208652               19
  0.87588108471340986               19
  0.87135885520179035               20
  0.87089429948119434               23
  0.92746107875157235               18
  0.98173894545453078               14
  0.88707745256739534               20
  0.83563093460919591               19
  0.91730318425403168               15
  0.87411464574310294               18
  0.95006203918346943               19
   1.0072757013111457               14
   1.0088060174303417               18
   1.0273320240195749               16
   1.1425193700318614               16
  0.98256867721753616               19
   1.0672169732899521               16
   1.0688822068128234               15
   1.0725116347943728               16
   1.0260746290545215               20
   1.0703594038750288               16
   1.2108912537463823               18
   1.3065978506937306               15
   1.3223728126898531               15
   1.2427342609794687               22
   1.1774053273489706               17
   1.2161449387651504               18
   1.2166966894837525               20
   1.2618816871118983               17
   1.2774237519193063               20
   1.2759485764367284               17
   1.2326962083360060               19
   1.1235293610212123               24
   1.0830226688553828               23
  0.96175641132885292               25
   1.1700793307267578               16
   1.0199617960319847               25
  0.93266306604634230               22
   1.0831245967455354               13
  0.97506165508041254               22
  0.88577921097953483               20
  0.89433759017686920               16
   1.0470920567497717               16
  0.94347077580023930               19
  0.95929471687868206               16
  0.98212768776724768               16
  0.85689350332421177               18
  0.78449556890761618               18
  0.84297747414970403               22
  0.83534918128264057               19
  0.83812490988418320               21
  0.89743581043467902               23
  0.71392033064294558               24
  0.74135925437397276               23
  0.97061581485817550               16
  0.91748076492996367               15
  0.98790355633042182               17
   1.0095068252547832               18
  0.80875047760157759               23
  0.96930775968487382               15
  0.82978491429000178               22
  0.85227445613932640               19
   1.0142312869928451               13
   1.0938875849741621               16
  0.94419664952061944               18
   1.0045787182855279               13
  0.98395769899002050               20
   1.1072858230027838               24
  0.90185108554665050               22
   1.1240212976418829               16
   1.1152193749448651               14
   1.0400851310794332               21
   1.1664334965961205               22
   1.1292054400481997               15
   1.1494271540169749               20
   1.1930789545082197               21
   1.3429244865284222               14
   1.1966560177237571               20
   1.0775597323606760               20
   1.1828213499290476               23
   1.1446146425527868               26
   1.0703947894223540               22
   1.2968997355000496               18
   1.1136528669518342               21
   1.1984486181620275               20
   1.1292100427567084               25
   1.1209823608830682               15
   1.0015108122182996               24
  0.99269045749215701               27
   1.0374547974449460               20
  0.84686373987686936               16
  0.82862517947154923               20
  0.85491472637153509               18
  0.76966124596393759               17
  0.90999110690705465               19
  0.87772452929080580               19
  0.90249647067938332               15
  0.71430025825603261               20
  0.77346340096025379               19
  0.92206525120076921               19
  0.83723703747687439               20
  0.77973258220976305               21
  0.88315510701240074               20
  0.73258602683660823               23
  0.78681496565140374               22
  0.94146657037020776               17
  0.87574661283717359               21
  0.71240049410898398               21
  0.82004353836632049               19
  0.90414759876392692               17
  0.74539886814465395               21
   1.0332156094129870               19
  0.75778926012772707               20
  0.97793687812298580               18
   1.0497732296452191               13
  0.94491183450362171               21
  0.87552208890913596               21
  0.93456577085011505               22
   1.0998898014271332               16
   1.0415685108970458               26
   1.2793130079535333               20
   1.0120303721027186               26
   1.0756140854435630               20
   1.1416176210869780               20
   1.2968636933855797               19
   1.2506020180025541               19
   1.1177712769089503               21
   1.1141141821145366               19
   1.2198403610451132               19
   1.1418306908803513               24
   1.1065683296470885               26
   1.1836482425513783               17
   1.1632640924527362               22
   1.0660957800128945               22
   1.1005728199972120               20
  0.93763607352809464               20
   1.0312556770477070               25
  0.89759071648668964               22
   1.0288241493192265               19
  0.82732396181134615               20
  0.89950524922721453               20
  0.90981992640526499               20
  0.95817958921214941               21
  0.80944022728681275               17
  0.78249269572849212               20
  0.87561347679056856               19
  0.84473995082964615               21
  0.81429063040154848               22
  0.69500598875387620               22
  0.75964429633806807               21
  0.76699397034601413               22
  0.64406871293471357               21
  0.83195033820211517               19
  0.58816617875030175               18
  0.95118971585844458               18
  0.74418454634470255               19
  0.84825498266963573               18
  0.70003502707669474               20
  0.76362585316132148               21
  0.85579394894080463               19
  0.90678990787636593               20
  0.86654407901312702               20
  0.80851381359847674               16
  0.99127643972233881               17
  0.88969737473750332               18
  0.79486569587671463               16
  0.91521889425881775               17
  0.94166787519332007               23
  0.99949092162732411               26
   1.2240572128183083               15
   1.0373185085893852               27
  0.94292004950126018               24
   1.0763964610068142               23
   1.1565440727628760               21
   1.2048864022358572               18
   1.2852256792387218               15
   1.1091870478633115               18
   1.2112467235654074               21
   1.1600430290603432               21
   1.2049071287628255               18
   1.1685956642917430               27
   1.2097162652730018               22
  0.99048752635507131               19
   1.0732337166800971               25
   1.0148820510089744               26
   1.0447425692229466               24
  0.94748565262520157               24
  0.88807586422886364               21
   1.0156405061073266               21
  0.95720447363891437               25
  0.88115749347128480               20
  0.81445403362355440               16
  0.79980284669163959               18
  0.91288211576487810               16
  0.74331649424446511               20
  0.79168434486844985               20
  0.80485555653158269               21
  0.72436355763462912               21
  0.70232425001296594               19
  0.73958008788544227               21
  0.69762019491376936               21
  0.66654650285797168               20
  0.70988341932037435               22
  0.63121050162174075               18
  0.68852434883709979               17
  0.81987738047762326               19
  0.73326081785058750               23
  0.79597611583831962               18
  0.65572801999786656               23
  0.73919582236358805               20
  0.78429648539784957               18
  0.80237505476115478               20
  0.88780783318104484               18
  0.81820110457626594               20
  0.95650538530032847               17
  0.86865084303974305               17
   1.0403159827109019               18
  0.88850914263437386               19
   1.0713897304636650               26
   1.0396057073544400               25
   1.0918207922512715               27
   1.1122503433835624               22
   1.2150210785379685               20
   1.1849651581304201               18
   1.0859031801425874               24
   1.1547005948822635               20
   1.0811871691567401               25
   1.0860323524546411               20
   1.1635411883808207               17
   1.1308691140784082               24
   1.2051128895058909               19
   1.0229445451517121               22
   1.1091246332812523               21
   1.0299520594761344               23
   1.0776874462571866               26
  0.98247061602430741               24
  0.93447703683146965               21
  0.78080653958281709               16
  0.96613125279217349               20
  0.76115388357255143               16
  0.91286684370682203               23
  0.72817232756909134               19
  0.76534875764442811               18
  0.77730230694464686               20
  0.87217306448619392               16
  0.91398994732656336               18
  0.73078858988327033               20
  0.67605682872703587               19
  0.70913807347249436               19
  0.79769673656042051               23
  0.66085111359774240               20
  0.66343184004727163               19
  0.54222463634489060               15
  0.70639956880111721               24
  0.66806292475906381               21
  0.67755624987161056               22
  0.68961099639187673               20
  0.79954594888203012               20
  0.79523021266180394               20
  0.75428014155393541               19
  0.65400904270962201               18
  0.85066228698697199               20
  0.70474445534068686               23
  0.93906540333156596               20
  0.75843200079148276               18
  0.91659146885045062               22
  0.87160018521838534               19
   1.0093163918321979               17
  0.97430128746148048               21
  0.96083813280537078               27
   1.0410602752277363               22
  0.99933288523840125               22
   1.1562415001278410               19
   1.0457116580446586               23
   1.1041130063240063               17
   1.1903290172313754               20
   1.2214852095742668               19
   1.0228050644208229               23
   1.0797017440853798               21
  0.96255001803353302               21
   1.0817356392849513               18
  0.97986503782560230               19
  0.97751272897286701               25
  0.98104271467909343               21
   1.0595647833725075               23
  0.86109017283205003               17
  0.88084935805408060               18
  0.75493766873336110               18
  0.93734434138248812               22
  0.81437114610323036               18
  0.76743239163132237               17
  0.74353761586440026               15
  0.69875984528607027               19
  0.66452096368138902               18
  0.75823804501519798               19
  0.85776625914788474               18
  0.66504045306754722               16
  0.78141971517699838               22
  0.75801412243362631               21
  0.79192668423912760               21
  0.50346695419953669               20
  0.58045701496125623               21
  0.77380778394830274               22
  0.52321568046324318               20
  0.81444996536498970               21
  0.62659190146928889               19
  0.61273891580236517               22
  0.71295137325758251               21
  0.66769772850138609               21
  0.63519429567491204               22
  0.75946369468507358               20
  0.62983680027587985               18
  0.92630425591945798               20
  0.80910598721551485               22
  0.92208738915769961               20
  0.77535010618627653               16
  0.89619569965008228               20
  0.97609956471826653               22
   1.0251789104009188               24
  0.89817951725869960               21
   1.0097201709919306               25
   1.0584287689426055               18
   1.2592788659019685               17
   1.0325372579250742               24
   1.1549607499924597               17
   1.0761062986882683               14
   1.1176728912872145               23
   1.1188082704804430               18
   1.2068295069984960               16
   1.0934444796773140               17
   1.0397962914542633               28
   1.0924686551919283               16
   1.0022555501396346               18
   1.0325141808999472               20
   1.0373603939505938               29
  0.86183483202669464               19
  0.92440762112870378               21
  0.93638476028306572               20
  0.84685309222208560               17
  0.76021276962391360               17
  0.80049282182439074               16
  0.83809716330188411               19
  0.75443297368340489               19
  0.64341853639134550               18
  0.69455903543469844               19
  0.65680904175876775               17
  0.77383563515074483               20
  0.72361394721328831               18
  0.75749007498096443               21
  0.63859068037816802               20
  0.57979007515421355               17
  0.64152720870765934               20
  0.65230791163818058               23
  0.50773878366975167               20
  0.79920937457764685               21
  0.63029858800355776               22
  0.58038013426681534               21
  0.75737350476508891               22
  0.66096253648397085               19
  0.76066836035080354               19
  0.78475949957410629               19
  0.74014880212872380               19
  0.76209603914638679               15
  0.71228598067717286               17
  0.72311222285455101               17
  0.84737238607090348               18
  0.90386591965340402               20
  0.90912417070740525               20
   1.0048199743422308               23
  0.99236330232109116               21
   1.0778973169333885               21
   1.1432126926872304               21
   1.0235781011359120               17
   1.0969606222959178               20
   1.0034837486903267               20
   1.0706253077835179               15
   1.1635048781113475               18
   1.0365429695942359               20
   1.1517867448515888               18
   1.0200109795018122               26
   1.0217226710515166               19
  0.87196043153044800               17
   1.0010645687619351               25
  0.93746251364533884               17
   1.0132293375684702               26
  0.86536281756042976               21
  0.83974002437897699               18
  0.96166829835876655               24
  0.86015303526028486               18
  0.71098332857546931               19
  0.68060267245158901               16
  0.69871842592518540               19
  0.71382019354735593               16
  0.68389056940212145               19
  0.56352124400184544               18
  0.62707291015324773               17
  0.53329326089750573               19
  0.61534913686730763               17
  0.66767624141276549               17
  0.53046758704022035               17
  0.56039469917672968               18
  0.57549594202056309               17
  0.42318128922651982               20
  0.70178559610635838               20
  0.48807396350209165               21
  0.47444934789266252               17
  0.49772294783038279               17
  0.70024787092094343               21
  0.65841033095043011               19
  0.71197975832168203               17
  0.81823563810767985               21
  0.66326204311464476               16
  0.74562716934714268               19
  0.73006824772799539               16
  0.68871885581609893               19
  0.83490108897171411               21
  0.63456758104574285               18
  0.84776818150651234               21
  0.91834675816437406               22
  0.94959091501578008               21
  0.95890587570332331               21
  0.91604925707054341               20
  0.98214486932126199               18
  0.88706132151343919               20
  0.94346935341708271               24
   1.1090157474874116               15
  0.99354726395517201               17
   1.0449618824382034               19
   1.0805080114759036               22
   1.1139345835982755               17
   1.0678539565523681               20
  0.88295692906386969               20
   1.0616705489908052               23
  0.83542399919914856               19
  0.93722873927903072               20
  0.93559098481395453               20
  0.90841498580749525               20
  0.81465640379761317               18
  0.94366095929441685               25
  0.71524665784194108               20
  0.68149223793765723               20
  0.73381718227419734               18
  0.71048058277525150               21
  0.65037124094318721               17
  0.58484324425495005               18
  0.64783544892507416               18
  0.60721349468319197               15
  0.54914888645919779               18
  0.62139271432112775               19
  0.61229439958927168               16
  0.47133189894724198               22
  0.63744722558762223               17
  0.52569645726499692               18
  0.64215304096031467               20
  0.41382695966257987               16
  0.56195832254843991               21
  0.47721691998502430               17
  0.60475724923094054               18
  0.63730482429653368               20
  0.69892332706642446               18
  0.66192544030328793               17
  0.58532657458391624               19
  0.69329372324515326               17
  0.60107506486523810               19
  0.72170270857590135               17
  0.84516547931348007               17
  0.90761593985354672               16
  0.86662124584112377               20
  0.94715045845714618               25
  0.81138168768459129               19
  0.79618987063899438               19
   1.0187770462901717               23
  0.82846630375999619               20
  0.86390066178766056               24
   1.1448746561432970               19
   1.0438959427112673               17
   1.0085004757668357               22
   1.0902042606476969               16
   1.0502642402611826               19
  0.88518001395264501               17
  0.95091850337227857               18
  0.79894304078456380               22
  0.99440176379705092               20
  0.99594891784422068               19
  0.79039042571034435               21
  0.90195744803306011               21
  0.77821007281130872               19
  0.94227267317188357               23
  0.72315017600365872               19
  0.72836923218157557               21
  0.77312884552674932               22
  0.66261042700081452               18
  0.63253018180031084               19
  0.61113276614656475               18
  0.52520365675882497               19
  0.60888051227031470               17
  0.49250348944822181               18
  0.58505751136519268               15
  0.58018410741012094               19
  0.62211785964219202               16
  0.48404318811676567               20
  0.43232802947398635               21
  0.55726159060424885               20
  0.54328074502944101               18
  0.47738516766994676               16
  0.49860393222102017               17
  0.57287557458705052               18
  0.60179848452452855               18
  0.60027019488445887               20
  0.65717406217396523               17
  0.54296998389806006               19
  0.60330402971352881               20
  0.62526354569185394               17
  0.59535394789377882               21
  0.80784583805745758               18
  0.56604307968035439               21
  0.87018324553564108               20
  0.96777327050378936               24
  0.78932450370572071               18
  0.84292339468742528               20
  0.98082290316398946               20
  0.90363752518719087               20
  0.89219400973916896               22
   1.1345780575483200               19
   1.0165276223906485               16
  0.99755073756531798               19
   1.0659661364953039               19
   1.0007630148425628               19
   1.0577137595274961               21
  0.88905329884281159               14
   1.0269538176773434               16
  0.95172512058906034               19
  0.78107421347968875               18
  0.85271555460061388               19
  0.89342517187400361               19
  0.73387406295589830               20
  0.86216313868462169               20
  0.63174528679564479               21
  0.64506490268856342               21
  0.55537931938666540               19
  0.82412174862905352               18
  0.72928065784242702               19
  0.60886343584999369               19
  0.56337954519791233               17
  0.47361999849453862               17
  0.61664660202879684               16
  0.46541325641847769               18
  0.50165749209354427               19
  0.41432438349720085               20
  0.44258294878869792               20
  0.39521492131531105               18
  0.51096975986691062               17
  0.53313311909978767               20
  0.49815569660481029               19
  0.42356911912820822               18
  0.38631710600346597               20
  0.57138355683100095               21
  0.58887671841886668               20
  0.46404178211644576               22
  0.57675330739248021               19
  0.57894003167330421               20
  0.55533414047709184               21
  0.78472520398817824               17
  0.79640618760680493               17
  0.76796223511356032               17
  0.76166486186666882               18
  0.90010647394489141               18
  0.71953454011680595               20
  0.87573767052217855               20
  0.87026326652968955               19
  0.76430994663296747               17
  0.74964038054003701               17
  0.94465916663766325               19
   1.0242436998231954               20
  0.93940389497108123               23
   1.0293455708531507               17
   1.0754967459778291               18
  0.81344824514767300               21
   1.0890284397984584               19
  0.98680591618192570               16
  0.95770658411780263               16
  0.93947444604238117               20
  0.83579580132111753               21
  0.70954230923548689               20
  0.85356716135566879               21
  0.68910814185583069               25
  0.83451431411633370               19
  0.82426287275597032               19
  0.71838454504532556               23
  0.59099530484610063               19
  0.60532510508731197               19
  0.66916427822751823               20
  0.53079899565046929               18
  0.56897006743141976               20
  0.40379803899983202               21
  0.47066024708277282               20
  0.61686220059177899               17
  0.45263946365783225               21
  0.39046614249846212               20
  0.45487817455789720               18
  0.55841544177565827               21
  0.40292400770505571               17
  0.46286064148118161               19
  0.47621427364290120               21
  0.33610158194342288               16
  0.44326938835134722               20
  0.38256292445563128               23
  0.43342564274167023               20
  0.45724139071062292               20
  0.44397402150521637               19
  0.50347159795515606               20
  0.59431670479064880               20
  0.70020960701991652               15
  0.55073849385322504               17
  0.66927131216381952               19
  0.70983268038242886               17
  0.75654938475471412               17
  0.65212166997713172               17
  0.86120142672699806               18
  0.69629081517451930               18
  0.78694127411256476               18
  0.91956838165846055               23
  0.84932425935426503               22
  0.97943567814944443               21
   1.0257369310572539               17
  0.90654577334088882               22
  0.85815110166902664               21
  0.99253908417842918               19
   1.0439112036855820               18
   1.0707279358956319               18
  0.94709630082626983               18
  0.89371509893939050               18
  0.92305972194808583               19
  0.85495490814966302               23
  0.78451258314015671               20
  0.76545635498019282               19
  0.76652962267124924               20
  0.63545085649866417               21
  0.64180522661832684               22
  0.65174646140286574               22
  0.57701853629424127               18
  0.67373533603171176               18
  0.50984019395582214               15
  0.62615236245565509               20
  0.51946302723436999               18
  0.44767444319226768               21
  0.41464378161504079               19
  0.50496813738568336               17
  0.39734084575711942               21
  0.41712390095581336               20
  0.34887616130375998               19
  0.49919685287799082               20
  0.35135808068597091               21
  0.39912499655449318               19
  0.36757117394702016               16
  0.52400887222656278               17
  0.37823951685977353               23
  0.33051634401268193               22
  0.54244304243129748               20
  0.41070564270280074               20
  0.41650195649284455               19
  0.53412173099055249               18
  0.51127178927827344               19
  0.71977394080204704               18
  0.62000483161388720               21
  0.82667623789423839               23
  0.64809784063824727               18
  0.87017740297111978               22
  0.65273919874834807               20
  0.84494023429700482               21
  0.67446069314845980               17
  0.75612456270705419               16
  0.80626465057032648               19
  0.99355260679577828               17
  0.98376912726182109               17
   1.0950038883664890               16
  0.92641380818048580               22
  0.94895261759537819               17
   1.0447128506394525               15
  0.97931958095811644               14
  0.99050614892836175               17
  0.90795680849996341               20
  0.92390290675399145               21
  0.71788429305010526               25
  0.79158687077412138               23
  0.58224151655458756               20
  0.71853057106292229               22
  0.68183491934676066               18
  0.56824221851462531               20
  0.51848728692716417               17
  0.70619707529045239               20
  0.57607290015293178               18
  0.51268235328886202               20
  0.48610421468944826               19
  0.57335990763456957               16
  0.36979528024411484               16
  0.37113121250230618               19
  0.36260057247274474               17
  0.38034876073301682               19
  0.36082236383679706               20
  0.26593537999381783               15
  0.44867929235717680               19
  0.45448600981105769               14
  0.34562945359171099               17
  0.29347071146068227               21
  0.34518777994315797               23
  0.29414243820927322               21
  0.51540889932941925               18
  0.52548300696146399               19
  0.37776393050691470               22
  0.54621722252397753               19
  0.57873966176211422               20
  0.50429294371097921               19
  0.46885941574511480               19
  0.61319973834875974               19
  0.67348049972341595               20
  0.66051399727834026               17
  0.58502121430285747               23
  0.70625474578932734               18
  0.80420938298665812               21
  0.88228937797555551               19
  0.88761616431431101               24
  0.99445619719867795               17
  0.81239548655168792               22
   1.0076042862316694               18
  0.98695471841457727               17
   1.0149008009102254               17
  0.98490820373326249               21
   1.0109658143391762               16
   1.0064952991784186               18
  0.76872265659953498               18
  0.78782924844769497               22
  0.74667690345238280               21
  0.77079946676593480               23
  0.82584625114950871               18
  0.71271280085052779               25
  0.66416536607859289               19
  0.69344460967091470               21
  0.56865495070248551               20
  0.51502185395472333               19
  0.51554637771337475               18
  0.61064501462523735               19
  0.44964850047211491               19
  0.40135009203437511               18
  0.52603089347410825               18
  0.37992149872504993               16
  0.44432753475237519               17
  0.29711716090318419               19
  0.35797106240054932               18
  0.36549699288153553               19
  0.27893687019911739               19
  0.41689686788235025               20
  0.27603318530277760               19
  0.25073097163252961               18
  0.30564877956247910               22
  0.51705747169819838               20
  0.38559250061178502               24
  0.33032205086038630               25
  0.23702602805610040               20
  0.45469134182144855               21
  0.50017576225741034               19
  0.61305044814317444               21
  0.62746698332047535               20
  0.59105533833157398               21
  0.66679920872866782               19
  0.63214523966920133               20
  0.76329538187139101               18
  0.77185384225656828               22
  0.74618996848128849               20
  0.78418705488745999               21
  0.85999377055020421               19
  0.70493857541537863               17
  0.69453620615993172               18
  0.78917546224794044               21
   1.0232570281543723               17
  0.96954034941734413               17
  0.97908810090924847               19
  0.76248836472022397               19
  0.99696928863651302               16
  0.85048792619308655               19
  0.76984428616021505               22
  0.87267481095527966               20
  0.89295291964435519               20
  0.72389041611543359               20
  0.72521770860934553               25
  0.68456905073504248               24
  0.70229075150594700               22
  0.59541451271541757               15
  0.61327639656957211               17
  0.40410044686846325               19
  0.39688028179322737               18
  0.46108187864963152               18
  0.41709648821402973               20
  0.39806080104006980               22
  0.43294053282383166               20
  0.27572153177846775               17
  0.39936245497901235               19
  0.44490820615094540               21
  0.27937144329745045               20
  0.32179420205922449               18
  0.27237503405223412               16
  0.24261138929972620               16
  0.27708737535789890               20
  0.33062499608542256               16
  0.16884547202721817               18
  0.38266303677531754               21
  0.20705238470590456               20
  0.33690678458685736               21
  0.37355357824079838               17
  0.40290092369252356               19
  0.55574750548459695               21
  0.41974042915296284               21
  0.46787653314082506               18
  0.53604340698674491               18
  0.55569685887369558               20
  0.65905675144322839               16
  0.69635304444436663               18
  0.76194241676686525               20
  0.79537284157280830               19
  0.79110572640616195               21
  0.70744979352246806               21
  0.93432328518101448               18
  0.91065294323226842               17
  0.93708348369497185               16
  0.95266333561033945               21
  0.97546889039138140               14
  0.86621005841244259               21
  0.90602220102124020               19
  0.91366536674005339               19
  0.86381181885019287               22
  0.89682942409744848               20
  0.82155220496884385               20
  0.84786973419927536               20
  0.86635745098150996               20
  0.71348521266850140               21
  0.80544764672974389               20
  0.68678174073282372               21
  0.48270568369750477               18
  0.63964988380096810               23
  0.63661824117366272               22
  0.61809039362266938               17
  0.54873076682212885               19
  0.51364831356650908               20
  0.43516862227369307               19
  0.48332201726468144               20
  0.34260012980948562               19
  0.28097548082585799               17
  0.32720903158381803               15
  0.34930216349608112               18
  0.24573103092142742               17
  0.30115846902833232               16
   9.2010592751742379E-002          17
  0.27207356428108209               21
  0.16299917739800790               18
  0.25021041092811402               20
  0.33998526387542721               21
  0.17969608651074978               19
  0.28288040426662542               19
  0.43259591969076766               17
  0.37895623536162226               16
  0.49150105767680990               17
  0.50846040015241645               17
  0.57645810270093933               21
  0.65802409067926071               15
  0.64466455113614585               17
  0.66016491178932257               16
  0.71697251947410823               17
  0.69237683101796488               17
  0.66025232040636328               17
  0.69098960834342582               20
  0.75890007937540749               21
  0.81910102459657097               19
  0.81518506175707706               21
  0.89014744058336892               15
  0.84284213730020341               21
  0.99269144567950252               16
  0.85320221940563035               22
  0.87918678315546439               23
  0.95313244703568112               15
  0.97198736844082312               18
  0.94291561759949316               17
  0.73431272585133600               22
  0.83694191804425855               21
  0.73779408198948260               19
  0.65313711431828636               17
  0.59840933982835287               17
  0.66633274025321632               23
  0.67170213919040822               18
  0.54827729108916823               15
  0.49750424350058697               19
  0.45060834269674616               19
  0.30520171017175179               21
  0.54714564150489575               22
  0.39950502214137457               17
  0.29819616979458413               17
  0.25138710378889700               22
  0.29052506508648973               20
  0.34914115070357515               17
  0.15795893705822084               18
  0.24027183386412079               19
  0.21461631515889446               20
  0.16746586265558649               20
  0.20080856230332331               21
  0.17751604653461048               19
  0.19269636666372122               19
  0.27307243709312340               22
  0.19101183542953162               18
  0.37378545124342527               20
  0.30415951922455342               21
  0.32760030706397392               18
  0.36889022207966415               21
  0.56145189300726206               18
  0.54146754809103981               21
  0.51305771908868736               19
  0.50329975906149305               17
  0.42709389915806401               21
  0.51156158045344780               23
  0.74932920716257290               19
  0.76144820327045193               21
  0.75880411399486680               21
  0.85472501855295968               20
  0.88327299038592932               21
  0.84378547436140039               17
  0.93591746435836731               16
  0.90408209480757074               21
  0.95068661292898171               18
  0.94148304890325840               20
  0.92892565576248443               18
  0.90377421864591712               19
  0.93202649898977874               19
  0.94718599501494882               19
  0.91025372542728766               17
  0.70232147454798355               22
  0.88771324472804547               20
  0.65776028154551880               21
  0.61996434192069449               19
  0.53258665635011548               16
  0.44544868706804724               19
  0.44968182391155365               21
  0.48956863907805725               16
  0.63070498122613383               23
  0.49486245216603497               19
  0.35947730939415029               23
  0.43426414773571609               20
  0.35453852338099273               23
  0.22170986012717259               16
  0.19372064060528466               17
  0.26357908558697440               16
  0.25293855986359876               16
  0.33300061734706299               19
   6.4698851483624462E-002          17
  0.25230945538101140               14
  0.15659812102235868               19
  0.24285605058179019               15
  0.22228459041544799               20
  0.24092296347707756               22
  0.26422192337539085               18
  0.36858318621370423               20
  0.39444035434740266               14
  0.48152992663169886               20
  0.33447237753635811               19
  0.48735559972127196               19
  0.44446722345622552               16
  0.51852676971059053               19
  0.41593273622845228               18
  0.57880227829760655               20
  0.61820157392936170               19
  0.56351239894147331               19
  0.59462849931800166               21
  0.56396629538214749               18
  0.66656500313081068               20
  0.64629459769005349               20
  0.84345744531408662               21
  0.80860043491996858               23
  0.96919910727669489               17
  0.95114276133203701               18
  0.92513225821505385               18
  0.78502898259094023               24
  0.96709130308783209               16
  0.78790913039012533               19
  0.90772121269872408               21
  0.84019521325102531               17
  0.74647020453275581               24
  0.80229202265123067               17
  0.84755791784829682               20
  0.63160603385968128               20
  0.57833587280090437               18
  0.68260629099032177               22
  0.58078922480219020               16
  0.63719104737126164               17
  0.58714640123952644               18
  0.53630285855405180               16
  0.36889230477334645               23
  0.23428043776006580               19
  0.19830401745471124               18
  0.21152229935425379               21
  0.12253262553912159               17
  0.16141788910139823               18
  0.20508750719072749               19
  0.20782226151420999               18
  0.33700897813331859               19
  0.20664184127971544               18
  0.12825914921721299               21
  0.15408254103453331               19
  0.27179725569215646               22
  0.13194134659230525               18
  0.27475307357779799               22
  0.27076784074292970               16
  0.28751191193733711               18
  0.33809007818261344               22
  0.29607737521288729               17
  0.48812730394606257               19
  0.51953997690209774               21
  0.57819027975506720               19
  0.42489986448079770               18
  0.53384149862072139               18
  0.62177684726303029               21
  0.53261515568374340               18
  0.60976256635925408               21
  0.76079065594564943               20
  0.80908144913910118               20
  0.68420409730128451               20
  0.91341675954872659               17
  0.93404736180431902               17
  0.86656185996809532               17
  0.95329150202538526               17
  0.91107803617136185               18
  0.95185318875804725               16
  0.74312318592083004               21
  0.84116612671288360               20
  0.74657964896860318               21
  0.89736666964563627               19
  0.72612355718877308               22
  0.67010332006407836               21
  0.76732293534178109               21
  0.74564516853590701               21
  0.76399818623799920               21
  0.49700059384381678               16
  0.71312701248522536               21
  0.57790328451712136               18
  0.41519104799965351               16
  0.48634957200979906               22
  0.40629283406472527               20
  0.39580323570036879               19
  0.35894657039629563               19
  0.31867279788052993               21
  0.29143517730976437               20
  0.12319322915046303               17
  0.15169867960777567               17
   7.2899046156378058E-002          20
  0.15929933082935457               18
   1.6429567338925651E-002          19
  0.24479409445700065               19
   7.6567027744613089E-002          20
  0.13856896352846101               16
  0.11504729222371453               19
  0.19292836618382331               18
  0.34246148236407925               20
  0.20240328405450803               17
  0.33491494325861693               21
  0.39779099776909921               19
  0.39720868352218336               18
  0.40122872443427077               18
  0.40808400006369638               21
  0.53107450888137153               20
  0.57780742067848334               18
  0.55247743674098604               20
  0.61524998828098432               20
  0.64551453358780864               20
  0.80674351730643745               17
  0.77670098380289876               20
  0.78543866534212270               21
  0.87269124685122657               21
  0.93934250672772857               19
  0.83104791545178114               20
  0.92523846650265407               13
  0.79664387518675450               21
  0.84668671568140319               17
  0.89234183848254334               16
  0.93096125999452273               16
  0.88879389946794618               16
  0.86254046953260977               19
  0.72858374484911470               20
  0.80006687098780671               19
  0.75470381746925341               19
  0.68282216355327041               22
  0.63448721174814748               21
  0.49873172290101558               16
  0.46095367133900478               20
  0.55380997145227273               14
  0.45048364699764121               20
  0.39096152015255392               17
  0.51217923490856543               15
  0.42234377634963349               18
  0.39358591005792093               20
  0.24955879292959279               13
  0.34620740159734997               20
  0.20889566066564852               20
   6.9027804906851176E-002          20
  0.25297814545000863               18
  0.16222515728642986               17
   8.4619684451335400E-002          17
   9.6094132067587101E-002          18
   8.0072783836505679E-002          20
  0.15019500033435948               18
  0.14142044841793686               17
  0.40444274800550345               18
  0.20070952774483428               19
  0.34346202329641951               22
  0.46174502796941930               19
  0.31655509447855379               16
  0.26673542309190601               18
  0.45649910176542124               18
  0.39626624824472095               18
  0.43390666784052406               19
  0.59892270157926231               20
  0.52268389575806851               18
  0.60087057897859264               20
  0.72727730913406663               21
  0.79131487273360290               17
  0.68397622848205197               19
  0.69734567677080139               22
  0.73406839173911720               20
  0.88888082890665776               19
  0.96177682191267100               15
  0.92043792215131093               13
  0.87257231693807291               21
  0.83262136642911011               17
  0.95114518643874513               14
  0.79465351726832956               18
  0.94989277134982453               16
  0.81259748600571746               22
  0.81579132463799875               19
  0.75043446035880323               20
  0.71177005881822497               24
  0.71547328980127611               17
  0.56773053887926606               17
  0.48622066875635550               17
  0.55728646633407442               16
  0.35387386840748647               18
  0.59430346110786303               17
  0.36524116578170862               18
  0.37539721374020246               21
  0.26732915546584785               15
  0.33189758719918455               20
  0.26111488272923805               17
  0.29499028305159919               22
  0.20748474098355157               15
  0.22166191601171087               20
  0.12241177175895319               15
  0.16698067239195893               14
   1.4027293248625863E-002          19
  0.28463823646770303               20
  0.13221665236576294               21
  0.14030682335195349               16
   5.7121296888071424E-002          17
   4.0557838842200704E-002          18
   5.2506529166041017E-002          19
  0.34059471254511159               21
  0.27971120059201843               16
  0.24868870019614464               14
  0.34620092962048515               17
  0.43180088141360640               18
  0.48058283223612075               18
  0.45620406302562683               19
  0.72591576226595178               19
  0.53695086431931516               19
  0.63841588920141457               18
  0.71417518187752671               19
  0.72665610493764388               18
  0.68764050875669303               19
  0.69732713880416619               18
  0.74702790319213541               21
  0.74863124628480837               21
  0.92291926309863559               18
  0.92645203838944834               20
  0.93620814180846623               16
  0.85172679385461614               15
  0.95183006987625973               17
  0.90379559335858495               17
  0.85363438167220995               15
  0.67752337957896092               24
  0.68734572735577260               23
  0.60235102867651835               19
  0.78861363309319299               21
  0.67366601308419238               18
  0.70335917975899198               24
  0.68651234369235947               20
  0.61974761765091413               20
  0.57953172983233836               17
  0.30982483870802707               19
  0.53580849651744278               14
  0.43827441007791279               16
  0.41089817006707136               17
  0.26505519902703994               23
  0.35687512805033089               17
  0.15050067841018805               19
  0.22596399328309971               15
   7.2944340304174821E-002          20
  0.14776474675130571               17
  0.14523431509194451               16
  0.16586165074246742               17
  0.11234099840870870               18
  0.13253545321431454               20
   5.7664584999514393E-002          18
  0.30865298926972839               15
  0.29374031439081999               18
  0.31609175322210825               16
  0.25865407930743139               21
  0.23848471186044515               15
  0.33394377331561137               22
  0.35826780360927191               17
  0.51311719747215301               21
  0.47388600132314412               19
  0.40924149272396654               18
  0.60481762160014407               19
  0.51735581413314913               20
  0.55955141762593152               18
  0.61051419981741428               22
  0.61596125806108437               18
  0.69396707525126478               20
  0.82931787212171026               16
  0.69519078662106115               22
  0.86176265852928757               20
  0.78290188437128883               17
  0.96739661746190475               16
  0.94724020289730382               15
  0.73449235162380222               19
  0.87254927150705075               21
  0.81046945577415463               20
  0.91578153564928000               15
  0.89094287670843209               17
  0.68352170833889381               18
  0.66040645661159214               18
  0.71580045455257546               17
  0.75382115088575985               22
  0.60850908108333612               20
  0.46884491681083545               14
  0.45596060653587134               17
  0.60709620716864920               15
  0.55377587887942048               17
  0.46725101029034216               17
  0.43598415926906708               14
  0.34459898683685641               19
  0.27074852705001190               16
  0.23969628207607227               14
  0.27745824037241690               16
  0.30451838147661309               16
  0.35565287685733149               20
  0.20103633669087687               18
   8.2610671742654518E-002          19
   9.7503210094353338E-002          17
  0.17868684532425139               18
   8.4929639126525309E-003          19
  0.15766001235703578               18
  0.20345894641726739               17
  0.19943377281684821               16
  0.13075381411703316               19
  0.34683259391904336               16
  0.28084685547506799               18
  0.30742619325276521               18
  0.43775293832013201               20
  0.43665007159953223               20
  0.55140460373436329               18
  0.61933837423524740               19
  0.59107977112048748               16
  0.45680970966551199               22
  0.63943916470953766               21
  0.75667506776092264               20
  0.73697857731833771               21
  0.78283408247085440               19
  0.80650497159929224               19
  0.70511647531560173               19
  0.85689816156512411               19
  0.87157594161948193               17
  0.87772119379983649               18
  0.83392411565059799               18
  0.86583199290510537               18
  0.95413568335039212               15
  0.95429359098690825               19
  0.95645654756874632               14
  0.80151748055354488               20
  0.72339842376014996               21
  0.77162844506210082               22
  0.53312971599419956               15
  0.63438686358262963               17
  0.67093397317120762               22
  0.44132694745904039               16
  0.41298620173601158               19
  0.54227787115745463               15
  0.42154283861992425               17
  0.32305883377932632               18
  0.31041114253829472               18
  0.37196095557783987               18
  0.42720182409837681               19
  0.37824838219726165               20
  0.30976714910077713               18
  0.30712719860218329               12
  0.17126137095814165               14
  0.10856039421374539               18
   6.8471092775220330E-002          16
  0.30096693904529254               17
   7.6046420044841759E-002          22
  0.15844463153070473               20
   9.8162348751550471E-002          18
  0.22307099858297935               18
  0.22639033403684661               18
  0.14955802246737199               16
  0.38759350809941301               20
  0.20458298321393142               18
  0.39484905239643719               19
  0.40105479872991839               19
  0.54824856695023549               15
  0.36789793778219854               14
  0.42410537786941965               19
  0.55857680754096484               20
  0.57686012586094326               18
  0.47493501541849659               20
  0.59647435405970028               19
  0.69175375176519627               21
  0.75784588312408108               20
  0.75889489315090419               17
  0.91524132660170177               16
  0.82632709128665960               17
  0.94991682031683622               15
  0.97780457639098239               17
  0.81857393827798997               16
  0.90476593120239113               19
  0.95041639050046545               15
  0.90848373053900333               18
  0.74044718871807735               21
  0.82997435844022571               24
  0.89008327194478076               19
  0.82448732364531463               20
  0.69621192156650979               20
  0.69340111371771984               19
  0.67720945946690259               18
  0.62895623733526729               16
  0.60543896140439002               16
  0.58139594227241198               14
  0.45025956418435531               14
  0.34986958462037199               17
  0.29928091700051584               15
  0.52916628871999594               14
  0.37548788180230164               22
  0.24920004787789737               15
  0.37869356286414035               17
  0.20640888512789110               16
  0.20559067200092745               18
  0.10003163718565415               19
  0.21307615458237222               15
  0.33801439905836522               14
  0.18076054617413276               20
  0.24378483403386123               15
  0.11721094804369932               18
  0.31313021942593566               20
  0.10810060936552809               19
  0.27938209002706393               15
  0.35408695062819623               16
  0.30572826682987764               17
  0.25706949394011441               17
  0.34781646595889892               14
  0.46258209947301004               18
  0.54752628691332561               20
  0.50551813114727095               20
  0.46912803014786797               21
  0.74805224001069759               20
  0.69965434268527571               20
  0.65936993167836000               22
  0.83426629016591958               20
  0.82148337668630977               20
  0.89797127954168887               15
  0.83985026479209945               19
  0.93557417353839567               15
  0.94241777065344434               16
  0.86908045515510690               19
  0.85344749038965095               21
  0.90418275472554854               17
  0.97154937572199351               15
  0.98925739247790179               14
  0.96075543758269233               13
  0.92138277773088795               17
  0.82445618059509684               19
  0.78185616300290972               19
  0.76204936529817890               23
  0.72284845097212835               19
  0.64111163516641556               15
  0.60307665900691465               16
  0.56479708084362745               13
  0.68863704959889938               18
  0.59637368035140981               14
  0.57205714890813952               15
  0.52199248223397676               18
  0.42285823472569295               20
  0.41745832277774192               18
  0.41494978781398795               16
  0.30270774424167324               15
  0.29424242200149003               17
  0.24560853937487026               17
  0.28112624627193650               17
  0.19977561478121111               16
  0.15136247252342841               20
  0.18805957411701191               18
  0.18286835960878234               17
  0.23491942093390439               17
  0.22695095901596524               15
  0.26222621523596146               16
  0.38174522160993729               17
  0.41593206685519751               19
  0.36501049937843533               18
  0.39396609273985189               19
  0.43775451758291656               19
  0.47752355718509665               19
  0.42491737020745191               18
  0.49686770441798872               18
  0.52199763458647819               17
  0.66997541217239487               19
  0.81048122056041882               19
  0.61589215644951711               18
  0.69413168880429510               19
  0.82460329685906164               22
  0.80805043411140531               20
  0.93563290862110260               18
  0.81147284272787590               17
   1.0238730740365347               17
  0.98172447412910413               14
  0.85434907619977785               20
  0.93471095522761005               20
  0.94537621155880414               15
  0.77388991753257586               19
  0.90555755883584210               20
  0.80507343614436955               19
  0.75517582838920494               20
  0.80394298308429213               18
  0.79505449401457307               20
  0.78449476892662839               23
  0.79649891282557195               21
  0.77338409050957468               20
  0.62870850147445456               19
  0.59226735342057102               17
  0.50810433057726978               18
  0.48183177132042510               13
  0.67206698127182429               20
  0.47864746604261466               20
  0.50131152786669064               19
  0.45127995066017673               18
  0.23931408100384141               15
  0.34511572314632855               18
  0.15504343468126208               18
  0.33323363685375079               17
  0.36922150670070741               17
  0.33843032445917443               16
  0.20410225651622946               19
  0.16142082741264305               18
  0.36545822697506258               18
  0.14540396190643162               18
  0.27301897773895839               18
  0.25051068683445493               16
  0.32762160617202246               18
  0.34671332108654129               16
  0.50561537486395081               18
  0.48620618072372451               20
  0.40622258854013638               18
  0.43855845895094331               20
  0.53918613337454924               14
  0.66617890586969986               20
  0.60373929142075911               20
  0.63243352800597397               19
  0.70280562943248159               18
  0.66109414938218403               15
  0.70218924475167865               19
  0.86710374000917834               17
  0.99603106969228761               14
  0.96603325217981750               19
  0.94449253449043435               15
  0.74440777178167927               20
  0.88374587873415777               20
  0.88112684189253876               19
  0.86597183979660031               19
  0.97061830271555538               20
  0.99443263655478109               11
  0.91624760016888662               21
  0.85911902223418080               20
  0.79923728478696709               23
  0.76709593756027838               22
  0.72040772868904024               19
  0.87242005398470557               20
  0.47872641729381454               14
  0.65978382537586022               17
  0.72602922085371424               19
  0.58787977594169938               17
  0.54352375327971403               16
  0.57245002703472847               19
  0.39853841958627628               19
  0.43417029765444243               18
  0.31501655252567257               14
  0.47214406611173870               19
  0.43686320941647183               14
  0.40387472664439722               17
  0.37377848794910268               16
  0.38780450385021720               18
  0.23610468650913810               17
  0.39559876306224206               17
  0.25235607504391400               18
  0.33829902680050272               18
  0.42627418945357654               20
  0.43064829233396618               18
  0.42441957802897468               16
  0.44552518813533665               15
  0.53724464876699396               19
  0.36977647571323885               16
  0.56210133191091949               16
  0.49828322366133937               17
  0.64232179368096298               19
  0.62406359720349014               15
  0.54034257089070825               20
  0.51528150953848939               17
  0.63547911210276042               18
  0.81381196176062387               22
  0.78504791354971215               21
  0.79063695548129376               19
  0.88588128331132465               18
  0.88959364651979600               21
  0.81939217682860399               22
   1.0118410876498074               16
  0.99281580751930387               18
  0.90439978644115282               20
  0.96531762265107379               15
  0.97797272257078682               20
  0.89646886508899959               20
  0.97337081381456836               14
  0.77757175754646868               22
  0.90698762512669651               20
  0.84110958713046646               19
  0.73529764295097944               15
  0.71360720235731057               17
  0.63547255679070602               22
  0.74408227803930171               19
  0.73765838661659378               19
  0.62303645435940957               13
  0.64515205521292540               15
  0.47179050886122670               20
  0.55012173858484292               18
  0.54650756756985286               17
  0.43913953206707107               18
  0.35559399780950462               18
  0.49131826027050268               16
  0.30993458811910257               16
  0.40605568852408230               19
  0.41247468117094083               17
  0.42305892068650935               20
  0.25056882344373210               20
  0.44997173703318716               19
  0.36511017039916327               17
  0.30573327897710545               15
  0.31126637357490156               19
  0.36732952770687927               17
  0.49723272517497413               17
  0.39974258268160778               19
  0.54673572538756166               17
  0.42826507481630149               20
  0.45764445951453803               19
  0.45413404502918020               15
  0.65847666611471112               19
  0.57781136865112981               16
  0.54619457469030652               18
  0.72957376485817349               18
  0.65589769542357146               18
  0.71125038868217083               21
  0.82835190568088701               20
  0.77711614267139340               21
  0.74173452661411143               20
   1.0379460278715398               14
  0.84577394607227319               23
  0.85951080407778979               22
   1.0430257836016310               19
  0.87714270679499307               20
  0.97968888234866913               19
  0.98620471132308019               13
  0.85552352907906171               21
  0.83481888760018252               22
  0.82366388773666233               23
  0.89509633220698270               22
  0.87760735995012706               19
  0.79721316535322428               20
  0.76955185612093657               19
  0.66675095890041070               16
  0.55411606403541203               19
  0.63494274667245465               18
  0.59613355049911809               19
  0.54578445472744141               17
  0.58271331926650494               15
  0.60669412392890087               18
  0.51311656941303352               18
  0.59559090863609221               21
  0.51223927634209387               17
  0.44262445665507150               18
  0.40545318674025149               18
  0.34471337172567412               16
  0.31519745165430890               17
  0.29654470630573421               17
  0.44720279599908308               21
  0.33551891646771870               19
  0.46569964630788652               21
  0.40085710573302780               19
  0.54896206658274926               18
  0.35647667528190646               17
  0.27188063147530356               17
  0.43533801486565754               21
  0.45757149401816644               16
  0.53793101978048652               19
  0.62888184709896677               21
  0.60387361469757261               20
  0.61334276136510602               17
  0.71368733672877482               14
  0.68724775495621948               21
  0.73222404066875424               17
  0.69627192456467391               17
  0.82197018055226390               20
  0.74356293826751052               23
  0.80335513047037288               18
  0.89467280747266076               22
  0.79826376567019508               20
  0.85196106362521951               19
  0.89969305907747865               20
  0.94049917182631337               17
  0.99977923182399542               18
  0.86932911479599484               22
   1.0197220328925611               15
  0.81373596218236743               22
   1.0429398001821706               15
  0.95598578448174798               21
  0.84826408666760023               25
  0.84519477265917398               19
  0.95091547281454325               20
  0.80088832792197739               24
  0.65963963141457593               16
  0.70396633731314073               18
  0.67595804561908213               16
  0.68697533462899296               15
  0.54120038173785667               14
  0.67454896845656276               17
  0.66767121713676425               16
  0.51667109532687838               15
  0.49379055911370245               19
  0.39751669270673662               18
  0.46891689344909659               18
  0.33653595595864105               20
  0.40423900870536805               14
  0.47615728435047300               22
  0.38725497819181959               19
  0.53148694563551346               19
  0.51288863514811833               22
  0.35518957756176567               18
  0.57337020268629246               20
  0.48398968344464260               16
  0.59321912007178967               21
  0.54436489580489911               17
  0.53353792792303334               15
  0.57365653840498798               19
  0.53634965485233144               15
  0.61869305185901802               15
  0.54193885349040138               18
  0.69111287440982172               17
  0.62190599863597140               19
  0.68623777064648239               17
  0.88571881194289792               20
  0.66185838531180474               19
  0.75982619998611434               20
  0.88633252289002429               20
  0.90260783190793858               21
  0.82079317940742713               20
  0.87821994527541358               24
  0.92445629633603088               22
  0.89908789153954694               23
  0.95077239628537447               22
  0.95590745672264577               17
  0.85957119973051321               19
   1.0392723992759119               18
  0.86342406412226080               21
  0.90896915466234074               21
   1.0273835785115071               17
  0.85681173183919379               21
  0.77590975499178905               19
  0.83604015961294986               19
  0.88648321696321497               18
  0.83967715527451148               21
  0.73311101812237855               18
  0.62591226223808449               18
  0.57180649615038837               18
  0.74892576744109041               22
  0.62768792835888232               19
  0.47137132915144753               18
  0.66112114326475591               22
  0.55480394945850176               22
  0.55610053529003567               16
  0.45248138736550630               16
  0.56930121370952935               19
  0.43819689670675566               21
  0.56680162231746212               22
  0.40213735114965921               19
  0.46004283508823968               20
  0.51034759247309591               19
  0.63023323328958092               15
  0.41145297147736920               19
  0.46622821135187653               14
  0.47794834958178223               20
  0.58248729097874352               20
  0.61441495689560077               18
  0.62248842488287359               18
  0.59060924368903922               20
  0.56955618513069872               19
  0.68668308706162351               16
  0.47889397920665960               19
  0.76090494151002042               23
  0.75669975120750144               15
  0.60888609956659079               18
  0.78348425357361229               18
  0.75742539074709037               21
  0.95249486839829334               20
  0.82447634346717014               23
  0.91842235087993862               20
  0.95175852724413634               22
  0.94659043768636664               19
  0.99844405337337971               16
  0.95589784687064638               17
  0.89668264755610960               20
   1.0713667554864712               14
   1.0348478806258987               18
  0.93559943813286528               18
   1.0790842612480296               14
  0.92473599890138680               21
  0.99498244462509033               20
  0.91151541225315935               20
   1.0053964283082915               20
  0.94465844307755298               20
  0.69676848684586068               18
  0.59115740023057894               18
  0.90643210668391150               18
  0.75650269058005259               20
  0.80673513839967292               18
  0.77273919706940264               20
  0.55609072399277681               16
  0.71986109992196445               22
  0.53226840775735274               17
  0.60093296389971507               21
  0.63720027239918853               16
  0.44245067673632782               17
  0.55223809120049194               24
  0.46848100377409163               19
  0.50857483480485266               19
  0.40294317928087930               19
  0.50736104203033250               21
  0.64612115868364750               20
  0.62408085057030527               15
  0.47026324027336280               17
  0.55140479424332889               15
  0.50310771250695929               14
  0.49801522068649567               15
  0.74422475789104159               23
  0.77274903260079375               20
  0.70036118262156111               18
  0.62641428583927483               21
  0.62176209541336303               20
  0.56879156547156573               18
  0.70137687087658840               19
  0.65802477367603018               21
  0.71881421670982637               18
  0.85059488224093005               17
  0.91536959211718727               23
  0.90579787346161189               21
  0.93438385280268188               18
  0.97835293526057121               20
   1.0338596968780605               19
   1.0643711599236805               15
   1.0485467513455105               15
   1.0215432410840370               14
  0.97806854729761905               19
   1.0706142394526910               21
   1.0764975388341542               17
  0.93875138651468470               20
  0.96474618829574188               20
  0.95926928735738293               18
  0.83182087946830918               17
  0.91777799445364672               20
  0.68912447959460577               16
  0.68647452049029933               16
  0.91268845557714828               23
  0.78349592110404342               20
  0.71288144231178363               17
  0.73561874917521164               20
  0.79369117745722328               23
  0.64463949060968440               16
  0.79666872870781913               19
  0.60646175395720325               21
  0.38374472946215188               16
  0.58604786488883409               19
  0.50792281181580412               14
  0.66015800249921697               20
  0.54904817966610164               19
  0.52036836217062787               19
  0.61621266792682339               20
  0.56673230661444163               19
  0.49629579531697932               20
  0.62705768307002441               21
  0.68192985462990630               21
  0.58481248633791083               18
  0.46961567543946087               17
  0.64263808002966349               22
  0.40170286656445370               16
  0.55547792336599311               17
  0.70099469170406581               20
  0.63057659306722280               19
  0.60453522902652312               16
  0.71048412364420921               19
  0.72228208011699313               19
  0.78228253856572449               16
  0.82763389970051104               20
  0.92245466077422478               22
  0.86602757050048740               23
  0.88981186155128633               23
  0.95804850581469236               20
   1.1070717405874668               14
  0.96945956806164046               20
  0.97897548848109606               21
   1.0506750124035273               16
   1.1005721379022269               19
  0.97889306411480392               21
   1.0355309094925855               17
  0.93143960546105731               18
   1.1125266626002250               17
   1.0603851856678703               17
  0.82821247984847290               20
  0.91110235547553620               17
  0.90835222323572828               20
  0.77671944439302509               16
  0.79358371643387926               20
  0.74038425133227614               17
  0.90462614797656660               22
  0.72357686766606255               18
  0.77187293645849531               21
  0.78538177596272296               23
  0.68717859477391074               23
  0.67867134466272694               22
  0.68767253833929132               18
  0.64688575126498349               21
  0.48926771723302759               20
  0.69761624900573505               23
  0.48257268901272421               19
  0.66252876478990264               20
  0.73377672380606274               20
  0.61029687791961029               19
  0.49120143950573791               19
  0.54598061889567950               20
  0.56672753240445461               20
  0.66515340489185304               20
  0.68820469331008893               20
  0.52613928130897070               13
  0.72129795793697882               24
  0.64229307591758944               17
  0.65277804830434338               19
  0.78709804592925003               17
  0.75138442137875205               17
  0.71540210411991167               18
  0.77676670347587951               19
  0.83793381902090736               19
  0.97877229388612241               21
  0.74520268315115623               18
  0.80585544081977245               18
  0.95653198815264062               19
  0.88264993108235001               19
  0.97522117476739500               19
   1.0518996011976722               16
  0.94721110324597668               20
   1.1264899057381406               14
   1.0787651209934901               15
   1.0152910127444517               18
   1.0404929900441882               23
   1.1071746166977494               16
   1.0897092354505822               15
   1.1808043034645532               17
   1.0184673827664237               19
   1.0279983015044258               18
  0.93102945188830188               20
  0.85676638308557629               21
  0.99842724063069754               21
  0.87698676769109207               17
  0.95884076672427576               18
  0.79137254821378555               21
  0.76782798343098380               20
  0.81450703788146595               19
  0.83526740989147519               25
  0.79709965818685358               21
  0.73165822361929866               19
  0.71230407468291601               23
  0.61038754556852137               16
  0.63018401232803600               19
  0.63571405494769717               21
  0.56291783377119553               19
  0.62801488250083348               21
  0.61179937743445589               20
  0.60934559418239942               20
  0.52777971765833920               21
  0.56342829487985768               19
  0.67534108889564981               23
  0.71039027389252796               21
  0.75868297750288760               20
  0.64562199669219467               18
  0.73736204494408764               22
  0.56755234868669158               16
  0.67089439907471071               21
  0.63174703612846417               16
  0.73403056079292694               22
  0.74443276986572715               24
  0.75019534604992533               17
  0.79428518055207709               22
  0.85957472049169348               20
   1.1300737184198399               22
   1.0331876970234612               21
  0.86429333489674898               22
  0.94345763576260244               19
  0.87900532578705137               21
   1.0692968936191061               17
   1.1531678583049796               15
   1.0932569725737553               15
   1.1482850473348443               15
   1.2011730323341032               17
  0.96211721549261187               21
   1.1260504032859924               13
   1.1473702323735757               17
   1.0438944713207876               20
   1.0706469047300533               22
  0.96310002931293204               20
   1.0288564888770919               22
   1.0000817025311062               21
  0.83828812087419402               22
  0.95647985423782311               20
  0.95535063660030306               22
  0.79668379856079963               18
  0.87422697669474647               23
  0.86334300424477439               21
  0.82920729323542752               22
  0.68212655724570959               24
  0.83980183649884288               19
  0.73196222353680240               21
  0.74285450640966444               23
  0.70823276167029425               22
  0.65000922115981408               18
  0.62159595751080721               20
  0.76106378295608135               23
  0.63280982812755393               19
  0.67998182679534036               19
  0.66697753339160915               21
  0.71987482502643652               23
  0.60537720790312632               22
  0.78823445933697378               18
  0.64539942166942110               15
  0.75551185750646965               22
  0.71209149551172413               22
  0.68498416703971188               20
  0.74053620139476373               24
  0.79702781481883755               27
  0.89924958717701875               17
  0.82916475040080151               23
  0.81088368220813412               20
  0.77813529151835725               16
   1.0304654350280256               21
  0.80590678945717287               18
  0.86045993031055368               17
   1.0160834405258623               20
   1.0185849363012014               22
  0.96028650378880753               22
   1.0366860199978363               22
   1.2434615960465503               18
   1.0308384671657118               21
   1.1252498003569051               20
   1.1627748526852826               20
   1.0313804297247917               23
   1.1821645711149631               19
  0.98872268854711753               19
   1.0120230832733519               21
   1.0130106710409563               21
  0.88927664199290890               19
   1.1444779453396239               19
   1.0360566266727413               21
   1.0165861277681729               19
  0.81515055673225700               19
   1.0757219176506747               21
  0.96024706478870392               19
  0.84741986463134300               20
  0.99096810774436528               19
  0.82027638611351739               23
  0.91077983916296945               19
  0.72255967601592375               22
  0.83898913287527044               22
  0.75078331549388866               22
  0.79074237976667217               26
  0.77183485715195099               25
  0.76482682831526771               22
  0.81967158344302349               20
  0.64058125368436925               20
  0.55854345446424258               20
  0.83982882854103991               22
  0.76263411146562154               24
  0.64935087573870465               23
  0.74552977855665714               21
  0.76480838198092160               21
  0.81999498299850548               20
  0.68212497959609308               22
  0.67751604648643970               22
  0.79584845273312077               21
  0.83224077783317585               20
  0.62759557773018937               19
  0.86282453852798480               20
  0.88849079013748966               20
  0.78304601235477089               19
  0.83786962960477562               19
  0.82175077955113385               17
   1.0111363876186323               25
  0.94134277118739218               23
   1.0450622571885404               22
   1.0092168155082637               18
   1.1728110385261326               26
   1.1353011485572708               22
   1.0710940390700670               14
   1.1418123249244072               11
   1.0046260899836206               19
   1.0516294825316690               22
   1.1383028494166267               18
   1.1805780367280654               21
   1.1062293057745920               21
   1.1404128055423670               22
   1.0037016477375069               22
  0.94519442863252678               21
   1.1111544251082228               21
  0.90752348329150112               21
   1.1533540603071957               22
   1.0372717534838947               21
  0.83680603412597410               20
  0.94178373083770550               21
  0.98372861736669071               20
  0.85113801285731450               21
  0.93739337962910207               19
  0.63520824431861644               20
  0.75765688319809543               21
  0.86343812649872342               20
  0.81774440501098988               19
  0.77812556466821181               24
  0.72620112519835822               24
  0.66601795594315272               20
  0.70104356569436588               23
  0.76901678548065078               22
  0.59829866058519354               21
  0.73153194286160039               20
  0.83897356728531169               20
  0.68845435623641060               22
  0.75924023548838238               24
  0.81256572186347531               25
  0.78188912768793417               21
  0.72887768690048738               21
  0.81858437498159942               25
  0.94652445378470884               20
  0.68401095685183988               20
  0.96990883304370124               19
  0.80115472674236599               21
  0.86120441995223584               19
  0.85510371821567066               18
  0.88356769105398392               21
  0.98448613280774189               19
   1.0522435153963745               18
  0.99347419384068358               20
   1.0689338688949328               22
   1.2057313734679309               26
   1.2953418743774665               16
   1.0867764149340102               22
   1.1907186116625037               18
   1.0832832528428875               16
   1.2158534771598297               19
   1.1223804588118280               22
   1.2498252185442544               18
   1.0909192426820589               20
   1.1962898462400693               20
   1.0762033115943275               19
   1.0753343693503032               22
   1.0371415729766940               23
   1.1357463188778509               20
   1.1486982317737162               16
  0.91909156140276538               21
   1.0707242083809767               16
   1.0644090493679215               19
  0.87948800584612907               18
  0.84512260996897659               20
  0.91643901329951727               20
  0.73784137295901420               21
  0.87847731848089983               20
  0.86301151041084001               20
  0.78456957952091055               21
  0.74595338434907255               26
  0.87671715152431584               22
  0.79987275703484795               20
  0.68823404209240835               21
  0.85098042625160397               24
  0.70170582589755437               22
  0.84955539711528361               22
  0.91010999779125112               22
  0.68968125764032961               21
  0.87869766768217794               20
  0.85962547507070053               20
  0.75531531936025009               24
  0.88386781177596674               22
  0.91373701265471463               21
  0.87438849908092653               18
  0.95074887367151406               19
   1.0318312877300966               19
  0.97800188268734811               22
  0.91285443798809462               18
  0.85739121889121794               19
  0.98413199282847352               20
  0.98637521506898551               20
   1.1587331420314220               25
  0.99704505320444281               19
   1.0588501435180069               21
   1.1531546902155165               22
   1.1423948506994390               22
   1.2058982905473190               16
   1.2506100180659345               17
   1.2168859191203811               22
   1.2321418548594929               20
   1.1784171824566738               17
   1.1715284799312120               21
   1.2430862852579263               16
   1.1807233904360848               22
   1.1010330485926565               23
   1.2512835272134013               22
  0.99719296383220313               20
   1.1742852800012729               22
  0.90665245757423896               20
  0.96523453786917823               19
  0.82827047610184945               22
   1.1256650259430536               15
  0.79580069147932664               22
  0.93966535698920073               18
  0.90737988871467123               21
  0.95789253332286295               21
  0.82873353243783510               24
  0.88107431151841376               22
  0.91828528019096811               15
  0.77565628742868120               24
  0.75704702604208840               23
  0.83454513585122703               23
  0.74026850296458169               20
  0.88522503024980159               22
  0.76510774645932167               22
  0.91575588104823169               18
  0.91053225688326145               17
  0.85613142600485803               22
  0.80248662789458725               21
  0.86339305245202103               19
  0.86643636310458783               19
  0.93508791971597216               22
   1.0078077488029091               19
  0.76297678439932970               25
  0.93444925340248164               18
  0.87343719356745908               21
  0.92961120559017374               19
  0.95602246325879081               18
   1.0933648712762720               15
  0.88934080534688875               20
   1.0503094718491974               24
   1.0221784280762354               19
   1.1068476452093012               18
   1.1769683915883722               24
   1.0260950826302115               23
   1.1551428946051132               22
   1.2251722117651009               22
   1.2468968812208008               18
   1.1537393027140139               26
   1.2886503524495638               16
   1.2195040612643129               19
   1.3005204248859981               16
   1.2081780290127295               17
   1.1284580985032171               21
   1.1990148854501439               19
   1.1115128108837191               21
   1.0111873769366595               19
  0.96720197241723893               19
  0.96552595085434700               20
   1.1233711350430775               16
   1.0896997858031541               15
   1.1004807702768329               18
   1.0048199753546168               16
  0.89565032866715510               23
   1.0092978371925969               17
  0.74572722441221773               22
  0.89361344868980797               21
  0.84695196259442362               24
  0.79381456698585395               21
  0.80357702395469710               21
  0.82010284892404028               23
  0.97731434816085117               14
  0.70985469635095610               22
  0.89593012016575102               17
  0.76327745303088024               20
  0.92654729885906828               14
  0.85571130093349201               22
  0.77444851757131561               20
  0.91765670609797623               16
  0.95006021973305899               16
  0.89373704256204600               23
  0.85651083874110390               20
  0.84566045191713535               26
  0.83219125807258709               23
   1.0248003985908785               17
   1.1466028657706107               21
   1.0492210224634146               20
  0.96190539683100318               19
   1.0464834707174846               17
  0.96385009345234884               17
   1.0241054526574587               20
   1.1689270992134380               20
   1.0831408663264146               24
   1.0865048602200982               24
   1.1132228374443656               28
   1.2080180557261808               23
   1.2085948407195990               22
   1.1930405652085956               24
   1.1539669084976512               21
   1.2613479197138524               17
   1.2300903627915358               17
   1.3053897370055114               18
   1.1119929510143942               20
   1.1860653901074942               22
   1.2247098131101493               22
   1.1708712650770947               17
   1.1429285240437175               19
   1.0435124123253463               23
   1.1266957603617072               17
   1.1283100456886699               16
   1.0554287802078219               13
  0.92982055718317580               20
   1.0147583102520232               15
  0.98148363709184805               18
  0.99974063765220678               17
  0.91473189683985956               18
  0.86074241712133226               20
  0.81817231203032015               22
  0.91059366720644364               22
  0.95973263533642672               13
  0.80359513383359116               21
  0.80043312856916782               19
  0.92278199312365317               18
  0.79239423941298182               18
  0.97388872142385474               16
  0.95717106444229472               17
  0.79262466866520331               22
  0.90363463801350352               17
  0.76467493607062653               21
  0.95368876716641626               15
  0.99356466313006520               13
  0.82032371417464744               25
  0.97389945815728018               17
   1.0727187617319152               15
   1.0449315881124648               15
  0.82278705398562402               22
   1.0179145634502400               16
   1.0025407452951898               16
   1.1177000776488279               12
   1.0877443451110280               25
   1.0681723035601729               22
   1.1569709981261986               18
   1.0850335150166788               26
   1.1371638503010848               16
   1.2515740582051358               21
   1.2665972192533896               19
   1.1159077255310992               23
   1.2629438027821656               19
   1.3013806018094694               17
   1.1388029618428122               20
   1.3437143934509088               17
   1.2608580781742065               18
   1.1943661342358178               16
   1.2411264923924834               17
   1.1561892410819266               15
   1.0435460534250229               17
   1.2039517331828051               18
   1.1933214983013629               17
   1.0692771983843026               14
  0.99987290322196687               18
   1.0905503392431735               14
   1.0671214236922613               15
  0.87666573013654103               21
   1.0463136887874613               14
  0.99493759695174255               19
  0.92949236063030227               22
  0.95776201240672165               15
  0.93666028217811359               17
  0.96119944616191832               19
  0.94577292630611143               17
  0.95294155739199748               16
  0.86887534303925673               17
  0.96704244851869936               15
  0.89002313083542228               20
  0.82716727902588283               23
  0.94013081083076921               18
  0.94065034891386134               17
  0.97704018957382222               17
  0.94276639481509794               17
  0.94633489201943854               16
  0.96415146626543591               17
  0.78587148723424549               21
  0.90590635224053695               18
   1.0098806176433779               16
   1.0694118829924775               15
   1.0084194421961838               14
   1.0629610003660974               16
   1.0991595865125234               17
   1.1129535464327771               16
   1.1316327917962303               16
   1.2309221136273616               23
   1.1631320158588754               25
   1.1821308788667892               18
   1.1743076834860380               23
   1.2930242150925397               16
   1.2539220193406646               17
   1.2559589580849344               19
   1.3058721046228590               13
   1.2623047136578003               19
   1.2536429728735534               21
   1.2540519180161478               16
   1.3028258121912311               17
   1.3338283155685278               19
   1.3071419782913281               17
   1.2485091280766023               23
   1.2984857671996366               19
  0.96169382119130042               18
   1.0827467957622114               23
   1.0366559781835669               19
  0.85142571981785797               21
   1.0029116247838332               17
   1.0321011667501141               18
  0.97530499147962557               17
  0.90679177549953205               20
   1.0156670073939429               16
  0.81207945651209956               21
  0.98988452458510512               18
  0.97800606828534864               18
  0.76421715120945377               25
  0.73843595295076048               24
  0.91984334040348148               19
  0.88173638322829118               20
  0.89919242582090242               18
  0.84255569629519866               22
  0.89027170218559204               18
  0.92477720457475610               17
  0.82459177563706065               20
  0.84370796208357557               18
  0.81973080488796679               24
  0.88542919588719948               21
  0.90665633379142840               20
  0.92043684429899641               21
  0.89665031427818742               19
  0.91898964711071529               20
  0.94592998262428585               17
   1.0263959666106899               19
  0.82985416654662425               23
  0.96589363748627177               19
  0.89955238037125917               16
   1.1286386305589868               24
   1.0172323478323324               16
   1.0604047019062288               18
   1.2385236805966913               19
   1.1790793964712196               25
   1.2003545651440188               20
   1.3359093341111925               15
   1.1880171052433928               21
   1.2698276465337659               18
   1.2284900420492004               19
