   1.1666946941583030               16
   1.1679669091196374               19
   1.3263603896527640               18
   1.0620653684145580               22
   1.0190903913632825               23
   1.0790882381317002               18
  0.98222372917770484               20
   1.2147993946085753               14
  0.71717281968754520               21
  0.94311145457358947               21
  0.96782164408340066               19
  0.93831675624462874               20
  0.83554298189369158               20
  0.84205998332513976               17
  0.83366753639412183               20
  0.83950660422211942               23
  0.79403272336836372               20
  0.98007664736483902               21
  0.86818921657818504               26
  0.95844903102529344               18
  0.70452287784565359               19
  0.51377191611418627               18
  0.82540237787443904               18
  0.58639301646626996               17
  0.77496494377115588               21
  0.87233812472275463               21
  0.64080872831016367               23
  0.92608517811162894               20
   1.0330134441132699               18
  0.90156461526186760               17
  0.93456744497785349               19
  0.61923697128009991               18
  0.91407648314627110               18
  0.84558432410058026               21
  0.75398553881964847               19
  0.94949969206561369               20
  0.41448466481253116               14
  0.96442043269723887               16
   1.0468915984853464               20
   1.0016024198858902               20
   1.0413074417805348               19
  0.69522681718243762               21
   1.2267648491976262               14
   1.2266762999548499               21
   1.0484492967366816               19
   1.2031213861413244               16
  0.90592814305230096               19
  0.94338780143194090               19
   1.1450593104843172               16
   1.0942404278712945               19
   1.1004381972230723               20
   1.1404555503350704               18
   1.1926165178658750               18
   1.3070015839810309               13
   1.0173936816768834               21
  0.97824037687691456               22
   1.1977334243706173               16
  0.93014761468640195               18
   1.0784198148942419               21
   1.0739772010627084               19
   1.1381446624983309               16
  0.90620070878793701               20
   1.0300548527547493               21
  0.95319975102102972               19
   1.0424348004648696               20
  0.95027345589854084               22
   1.0206720769591187               21
  0.78472782091073479               18
  0.89410096724859667               25
  0.86531145153879940               22
  0.80656149919832476               21
  0.98048269799258347               18
  0.76302201599942832               21
  0.92753948605229908               20
  0.95760184854545871               20
  0.86515020405935517               23
  0.89881820653532718               20
  0.85299071207738719               18
  0.82594627561854395               20
   1.0422823236781698               17
  0.94209698433921651               17
  0.80449328958897803               21
  0.96109841071797419               16
  0.95456991301177385               16
  0.85071196538234972               21
  0.86037064432782551               21
  0.99206040898403436               15
   1.0395470427210385               20
  0.89630232909540519               15
   1.3405558716890786               14
   1.0871273867955131               17
   1.0175107853862742               20
   1.0837048590893317               23
   1.1400560540108859               21
  0.99867668575486834               20
   1.1766262557905702               17
   1.2147285065314615               20
   1.1560557451656486               14
   1.2347388363238931               15
   1.0082209253877454               19
   1.2297173595596358               19
   1.2590944559428419               21
   1.2967839631939722               19
   1.1756273268531374               17
   1.2628738208085837               19
   1.2858070493151086               13
   1.0142144822735728               18
   1.0194115930694507               17
  0.99656442041315396               18
  0.91828792386789138               18
  0.93049415911007227               20
   1.0595712332013087               18
  0.76425810250304771               21
  0.97564130795197979               19
  0.77925334438721727               18
  0.91940828904873906               19
  0.70394195095166223               20
  0.95395468973604913               18
  0.91570342614136246               17
  0.87148729064569364               16
  0.93928861154677135               18
  0.85409465730860612               20
  0.79199709511011618               21
  0.89924809171446085               19
  0.79741898603813932               20
  0.77580394510606920               21
  0.91082574433429797               18
  0.96407870671904461               19
  0.87781775445464760               21
  0.65945140149609127               20
  0.71323350970366473               20
  0.96408753723606233               17
   1.0057424881498622               19
  0.78760825123408340               17
  0.89713894534240768               22
   1.1422441781533181               19
  0.80447294447741491               21
   1.1299460512735555               18
  0.99284682381441947               19
  0.95296655090263782               17
   1.0169261454486351               22
   1.0963152553341302               21
   1.0501347133343710               18
   1.0520818904899725               20
   1.1180660110760088               19
   1.1989903071797468               14
   1.0471339887905571               19
   1.2755594471516924               18
  0.88027277470180532               21
   1.1642497450541134               14
   1.1838963200597814               14
   1.2313177973549043               19
   1.1215588737749351               20
   1.0013902628469975               21
   1.1942929029506337               21
   1.0756973865686148               18
  0.96390780299139556               19
  0.81259656952202874               18
   1.0764619553125958               21
  0.71985162625384513               18
  0.89468865578382784               18
   1.0340950809846976               18
  0.89467689455283284               16
  0.76467593373428089               20
  0.68240906843141047               19
   1.0294840628095188               18
  0.83840713048425319               21
  0.98317788867054967               17
  0.96516311428697588               19
  0.81064269866703775               23
  0.72799044782403000               21
  0.90874203768891315               22
  0.82939905950796455               23
  0.59194213503122373               21
   1.0147678344115454               20
  0.64230135055415138               21
  0.49738303005282269               19
  0.74034629865558665               18
  0.90900732752991953               21
  0.90966917838001005               18
  0.66645761559975558               17
  0.70838611793435868               19
  0.87596664176304107               16
  0.79009893349301918               17
  0.53464906195698358               18
  0.98702384214712380               14
  0.99999832956146417               15
  0.99469345141121746               14
  0.61086791865370538               18
   1.0189751713017328               18
   1.0375998330621103               18
  0.95573411547525522               18
   1.1757742374745699               19
  0.96642814980839131               22
   1.0033462487718969               19
   1.2125811522031700               19
  0.91422499844452865               21
  0.95075215858328233               20
   1.1028688735517818               18
   1.3527046402515694               14
   1.2415848177338873               21
  0.78906224636796107               15
   1.2928517277720475               19
   1.2342848740658090               23
  0.82910846234780611               20
   1.1791889075190070               15
   1.1445178890785483               18
   1.2994835563958740               16
   1.2480134779797352               18
   1.0816225823069952               19
   1.0586625664123137               21
  0.92288702231654030               18
  0.99004266985110445               18
  0.60167543069351503               20
  0.83737420371722160               18
  0.84682388906742778               19
  0.60975368740451752               19
  0.98512930191741277               19
  0.92196150915656883               20
  0.80932350815229404               19
  0.63396025981211301               17
  0.68167815308062030               21
  0.91560964715344517               20
  0.96109265645092434               20
  0.62203971975786032               21
  0.87622677638352686               22
  0.75256672179975248               19
  0.62437208603985139               21
  0.94613587355524476               20
  0.97587730176971910               16
  0.45555724098466865               19
  0.83934965515445659               22
  0.94064630853741893               18
  0.73392317215362213               19
  0.80881755728658788               19
  0.62963946413497329               20
  0.86384885300557068               17
  0.93156564491743976               18
   1.0693222412154328               18
  0.71738316974440797               19
  0.79762917028028002               22
  0.93162373713083602               17
   1.1851980717080461               21
   1.2293023488066095               15
  0.90566587490761508               18
   1.0580904986404240               19
   1.0685848983208066               20
   1.2622676874099763               16
   1.1660237831319773               19
   1.1323916800800826               19
   1.2115895914808497               16
   1.1623752266421006               19
   1.0804049548461965               18
   1.1087241634931488               17
  0.99904019095873520               20
   1.1373673645073910               20
   1.1611221363674331               17
  0.90022434036049070               20
  0.80670732957780156               17
   1.0180073633220568               19
   1.0270656638671383               19
  0.85052970710054032               20
  0.94931718368260876               19
  0.86361680564654286               18
  0.93370893362006468               24
  0.80150112973449317               18
   1.1060600012091928               18
  0.71749490927882242               21
  0.90057097171256140               18
  0.80914399276726179               18
  0.97071504618299720               18
  0.48263682672805253               19
  0.59733813976410954               19
  0.90393886118957578               19
  0.31042759952494486               15
  0.78601998271698059               20
  0.40897141890309829               16
  0.86770734531704552               20
  0.42703800628065863               17
  0.67573594771132595               20
  0.77480897647625890               22
  0.73968239955263826               18
  0.82850783527099481               17
   1.0411265527016036               23
   1.0561115378320654               17
  0.73113692781565309               19
  0.89965248594618630               19
  0.92981683555860695               19
  0.58161439178859675               19
  0.74539606145135551               13
  0.66557779905464132               15
  0.88331157445376851               18
   1.2448783638309830               13
   1.1199485036656034               20
  0.92068765628323412               18
  0.86930697146570379               18
   1.2870258299032011               18
   1.1016583409561322               19
   1.2759428330877007               14
   1.0461544695426976               19
   1.1642282237421968               19
  0.96350182941470197               20
   1.1118478966184568               16
   1.1745734411429478               17
   1.0586144032711875               20
   1.1895581477149024               15
   1.0955497547031949               18
   1.0874730703261331               17
  0.94110038835023846               20
  0.89708662814775753               21
   1.0282023977722514               20
  0.81866293013186131               20
   1.0585961284738290               20
  0.85950047719544065               19
  0.81592003857733642               17
  0.72190530101263950               18
   1.1084319247361638               21
  0.63186480830114244               21
  0.68171612426298545               20
  0.76953548786007864               19
  0.79449962753049774               21
  0.69385300361546420               20
  0.67529446790691217               20
  0.65333828530181370               20
  0.53253939332307687               15
  0.75280217412391892               23
  0.26928892804479726               25
  0.39263011914370805               21
  0.87902684070569637               18
  0.76707337537696585               17
  0.83312292455140302               19
  0.49307042535681894               18
  0.79342199995914586               19
  0.84752468887531529               21
  0.66524472356293485               21
   1.0462632063754640               20
  0.65975255640680552               15
   1.0381706915744113               17
   1.1040675638831403               21
   1.0310949702299790               18
  0.78986362944980937               19
   1.0564689076343659               18
  0.99384153985386914               22
   1.1530316503331570               21
   1.1674634322598507               18
   1.1647251112990678               19
   1.0069128382543346               18
   1.0956968938195966               18
   1.1207958301634764               21
   1.3027782307145712               13
   1.0078775980134018               19
   1.1379191880695425               17
   1.0145402609571283               17
   1.3260154746994093               19
  0.93987838829794446               20
   1.1036997787264136               18
  0.65515341543664507               21
   1.1522293889317163               20
   1.0065051449155544               23
  0.64285366862482318               19
  0.67726594616491298               18
   1.1585340341075654               15
  0.90524366812529578               18
  0.74998490240172933               21
  0.81695499547381090               17
  0.81507947538145975               18
  0.68043994986386502               18
  0.98792560349877534               15
  0.96474311660859335               19
  0.89042172686554821               22
  0.72122753871968559               20
  0.77943993486752972               18
  0.90586990969659553               21
  0.78116532525928750               20
  0.46206908225404425               18
  0.24302795257385451               22
  0.80890096311724491               21
  0.56082510010006492               21
  0.42296286866976079               23
  0.78299172411352125               20
  0.72985748068586109               22
  0.59462588793166204               19
  0.85403797503605816               15
  0.74028583205865273               16
  0.89349675822350216               20
  0.60352447160094647               17
  0.94949442777761406               19
  0.79055422534411524               19
  0.89291144707418735               19
  0.81227372158032529               19
  0.98014351399200084               24
   1.1105408020653982               19
  0.93193888912980560               21
  0.84422384889471036               21
   1.0180282519260555               19
   1.0490818588493751               21
   1.0734697868775760               19
   1.0595556696624790               19
   1.1972262432467977               18
   1.2811775386835438               17
   1.0857982621673952               16
   1.0293468363030931               19
   1.0043522431418430               21
   1.0994157397586570               15
  0.90979732849158446               18
  0.92751838478792148               22
   1.1083933835360118               20
   1.1170219311930296               18
  0.64339141996375382               18
  0.75550733973623907               20
  0.84044233833602444               15
  0.96791357230184216               17
  0.75008440670856069               17
  0.93046083095720156               16
  0.87342810925125069               20
  0.60044033004380482               20
  0.68072149191375664               19
  0.88258898117278339               20
  0.98490935021614390               19
  0.84289577957350847               14
  0.87308980887907883               21
  0.72298569627108300               19
  0.71061664717400974               21
  0.48454046962726172               17
  0.45477897636359638               21
  0.65694743407179146               17
  0.41635614269035359               20
  0.76103621181726300               22
  0.54132807804680394               18
  0.59034816075266849               19
  0.78035524895406039               19
  0.47717715780732273               18
  0.40954920405909007               21
  0.49853009794953218               18
  0.60386275877966489               17
  0.97079237304879296               21
  0.66018829340819696               17
  0.82823283083736587               20
   1.0491113407354631               19
  0.87528148251364501               21
   1.1292195887329899               17
   1.1666081676482964               18
  0.86517258163618938               22
   1.0058485111896340               19
   1.0256590125148681               23
   1.2492991821888195               17
   1.0731105411277289               20
   1.0264098634687389               18
   1.0229919905568148               17
   1.0373115500368018               20
  0.85782380637307765               19
   1.3275481487831280               15
   1.2610183184586703               15
   1.0931733802206627               17
   1.0766795345043836               16
   1.0256439279143958               18
   1.0976224860136796               17
   1.2104147036705792               14
  0.70550223155568237               20
  0.73614735771009598               21
  0.99491637230707419               22
   1.0324493935154946               23
  0.74217100857749629               19
  0.63976838251426804               20
  0.75214097466681351               18
  0.78832191660606155               16
  0.59814722056023550               19
  0.41812258026001298               19
  0.74434136153133301               19
  0.90034649762392160               20
  0.91747767181494244               19
  0.79521908835135569               19
  0.59859145378036860               20
  0.39623199346403476               24
  0.43781582219991283               21
  0.65719394809914089               20
  0.75015897292048872               20
  0.93799273033207697               19
  0.71479748292645973               18
  0.43362543483488142               16
  0.90113863334650968               21
  0.64149891950299898               18
  0.67566553352376746               22
  0.96744306136203051               19
  0.60871279986474103               16
  0.94810668897211681               20
  0.56434019166603067               21
  0.87537436406020785               18
  0.95860622678552421               21
  0.91761976268478973               24
  0.71447472437331028               20
  0.97025242127966016               17
  0.82123655916161864               19
   1.1796854583873277               17
  0.93531560390941648               18
   1.0969275215920431               16
  0.83864458377254691               22
   1.0531370729987690               20
  0.90984988202469130               19
   1.3230759976910031               13
  0.92003423551702679               19
  0.89736817923998635               16
  0.96673505482640498               22
  0.95716317767165893               17
  0.82353207936099271               21
   1.0581138592991861               20
  0.68955685349668971               16
   1.1039393869127194               18
  0.88638908537961669               19
  0.97798947593983654               15
   1.0009152342274426               19
   1.0856557326801868               22
  0.50963468603058548               18
  0.51108535834632085               17
  0.46594723351118089               19
  0.79717990169505581               15
  0.74165892151814605               19
  0.72226055352740037               19
  0.46537470826617217               18
  0.52195737225020111               19
  0.67879994768951335               20
  0.64866908200883189               23
  0.56580126786618501               18
  0.48475205957419359               19
  0.57894501386021080               18
  0.28078374887955504               21
  0.84546557212105666               21
  0.65272520742606088               22
  0.52638186577316681               18
  0.34003586202020869               25
  0.68145119034087098               17
  0.81434047216736061               19
  0.87176089446182992               19
  0.95990105686297689               21
  0.64331481531034773               15
  0.85262629191247030               20
  0.80774137420033365               18
  0.53103909940226179               17
  0.77326458563641065               21
  0.64447848942352404               17
   1.0348234898954907               23
  0.83548923028388178               23
  0.77051076340479374               17
  0.67803180309475808               19
  0.94772918361398717               20
   1.0315831025214861               18
  0.86184276215717670               17
  0.98213872646050293               18
   1.1351523266168306               14
   1.2079897586214920               18
   1.0322682575752178               23
   1.1652129287383091               16
   1.1232974531253028               20
   1.0479608819240365               15
  0.95080158241116419               21
   1.0855633349935503               18
  0.59095921896435810               18
  0.83493789382324712               20
   1.1288232617656757               17
  0.99076434055756790               19
   1.0074018799394422               19
   1.1267227875232384               17
  0.54540874032721121               19
  0.67998975003191964               21
  0.65023614139735009               20
  0.71646947107910219               18
  0.81211631195750000               20
  0.61042857477246759               18
  0.76268039865155646               20
  0.43858203915330690               21
  0.53153879589768982               16
  0.65773636022603987               20
  0.43014192262156387               17
  0.66312178492017326               19
  0.60875114189939772               22
  0.40946449298993920               21
  0.58742809170382149               21
  0.37913370130708884               23
  0.32552566940429140               19
  0.43174763673917854               18
  0.40951527112921671               20
  0.81937955331950119               21
  0.65948937291038645               16
  0.80642580141981757               18
  0.46211784737567668               17
  0.80111271223541924               21
  0.76843609824891035               18
  0.81489530850405545               19
  0.82228806707884672               19
  0.90897406641572120               24
  0.82892017837811049               23
   1.1319407261778498               19
  0.64137849937821356               15
  0.81286706447225809               20
   1.0827310325854087               20
  0.74769164916547204               18
  0.82644753371859125               17
   1.2032032643196122               16
   1.0734355715620627               14
   1.0095639795013862               21
   1.0660148072160136               15
   1.2572119735740279               18
  0.94768648231509733               21
  0.93964743370251547               22
  0.89025759721296449               19
   1.0350903311919382               20
  0.97283587388053705               21
  0.78744227516988496               16
  0.73382346042502422               20
  0.73589383100470984               20
  0.89508990380270270               17
  0.79717193270630093               22
  0.73349479827205444               19
  0.87072698547178240               18
  0.72938980262639574               20
  0.49672929999375698               16
  0.77939350024139986               20
  0.46916881674465061               16
  0.51408120808047464               18
  0.49762282655633749               19
  0.69851431089579941               19
  0.49284460216257636               17
  0.67015647090028485               20
  0.48837968892928846               17
  0.52699338211135793               16
  0.67209125682727422               18
  0.29377334477565314               19
  0.22813041171423531               24
  0.66175447096037199               15
  0.47009378531487495               23
  0.59917682943946193               22
  0.56451040584121115               18
  0.72516349636034072               18
  0.44542066858436963               20
  0.58446379970676487               19
  0.54775069965534018               19
  0.67620041309174217               20
  0.95600829910239093               20
  0.46894535803404430               18
  0.76096646306318727               17
   1.1963698298409788               21
  0.79270140699358549               22
  0.63782901799005731               16
   1.1164952413786433               20
  0.73575569546528530               19
  0.63322581604634876               18
   1.1233747962489866               18
  0.84782894321528091               22
  0.97657698241086555               17
  0.78377414670115264               17
   1.0191858722421310               16
   1.1993408557417540               19
  0.89875743337445158               20
  0.95770435472315496               20
  0.98377676304856021               15
  0.74801811895869152               20
  0.95304047066004549               20
  0.95467172910162734               19
  0.49680904703216133               21
  0.97800028760681046               19
  0.37942757838801716               20
  0.56340457449699266               18
  0.60497692223239619               18
  0.98636272038151529               21
  0.70657226281295238               19
  0.74010332134759726               20
  0.31559088651286926               21
  0.55432560056752145               17
  0.74082978205974259               18
  0.71129931541780200               20
  0.35934931340470438               18
  0.24636782932369244               24
  0.47592629729301017               22
  0.27293222854829563               20
  0.46518399921904013               18
  0.85361968190396853               20
  0.63117225835543045               21
  0.29777351518912837               19
  0.29142780550638497               22
  0.74226393172114880               19
  0.56345258951700583               21
  0.31029677500522607               18
  0.72316406759263074               23
  0.61617713660618023               16
  0.48471590979988266               17
  0.92571267949642655               16
  0.97399686190135004               19
  0.76071298928602893               17
  0.90526968471558178               17
  0.97072131225350444               23
  0.58304538599388178               18
  0.88972174189540165               20
  0.87773956844345347               22
  0.88027199674612122               16
  0.80615010697415190               19
  0.83213982576070411               21
   1.1527594062513349               18
   1.0004125186595043               20
   1.0343014598743436               16
  0.98776300478178403               19
  0.82205215385537989               17
   1.1914139014404865               15
  0.97426645867532735               17
  0.77716983774199133               19
   1.0334138317104800               19
  0.87539299047716190               14
  0.36336194949520706               19
  0.65130544427955672               20
  0.61373122222259768               19
  0.98511434381127050               21
  0.79886460277947835               20
  0.95834619456104220               22
  0.42719823895510073               18
  0.61126767998215970               15
  0.84751932013095743               18
  0.49219107068638901               16
  0.60510241999483105               23
  0.39757073066755066               18
  0.39353879719559576               18
  0.57837887233423479               18
  0.37856327005553514               20
  0.22197432622477350               21
  0.59203884407867935               24
  0.74231517820512594               19
  0.25122364600599284               25
  0.52263169078524319               18
  0.65094682272622917               18
  0.27403573247210750               21
  0.55602433206705615               19
  0.21321088523681758               20
  0.34173183553298830               24
  0.80858273840290562               16
  0.48528703944767893               19
  0.35610922208740536               19
  0.68992683411526456               17
  0.93095058426633470               21
  0.39021340613077815               23
  0.79418751298358914               19
  0.69873622779500788               18
  0.63547702650781834               20
  0.56178897692556939               20
  0.90542801030397191               18
  0.82525894670871980               22
  0.66120814994031152               20
   1.0668820522108531               16
  0.77296318405392384               17
  0.93261792199918114               16
   1.0143892622639237               14
  0.86248503804581977               21
  0.74496722875387000               24
   1.0490177114357484               19
   1.0572310591896492               19
  0.83383515843228706               16
  0.99015089909819332               16
   1.0038356422434465               20
  0.99272043719457570               19
  0.78789756051123516               18
  0.83363537906889029               20
  0.54841834015620483               16
  0.87514297702503641               16
  0.41534174246975808               22
  0.62632870769075566               17
  0.69511764309067059               18
  0.58976236842669139               21
  0.58112870414638418               18
  0.44714902992550898               18
  0.57255944276394122               24
  0.71872923945478084               19
  0.35559978880578930               17
  0.34233146805611370               21
  0.56351604318702031               17
  0.25732383445903445               21
  0.43124551689785295               17
  0.30831293833542728               20
  0.66800437417307745               20
  0.33093184979333146               19
  0.32675256074419284               22
  0.38754353151839949               18
  0.75874899253269479               20
  0.45791641290875346               18
  0.27833818595203569               20
  0.75014211901916727               17
  0.52883511790667403               19
  0.49081039558943163               19
  0.57845179177008088               16
  0.49148855497360772               19
  0.74813964727114590               17
  0.53872544158664848               21
  0.69962044544284496               15
  0.68708795013009683               16
  0.91083409378115798               17
  0.71099226488093648               14
  0.92431205776304570               19
  0.46172974483404372               18
  0.30096486258513894               25
  0.75711852669422974               19
  0.95770442816592827               19
   1.0092407657174938               16
   1.0844595522591483               15
  0.77518350614352127               21
  0.87551772048683230               19
  0.79332026722743576               19
  0.94592362580286693               18
   1.0023885127595304               18
   1.0123562317482797               18
  0.89200179012838154               19
  0.49454920536584834               19
  0.73017628345766450               17
  0.54729898585701631               17
  0.73885702158901689               20
  0.47890356665106892               19
  0.45617953579343568               19
  0.36408660575388685               19
  0.64947750941730920               15
  0.66950342733645274               22
  0.62746941996399674               19
  0.45019729522076291               19
  0.65240704896047830               18
  0.48953316073321040               24
  0.40584793988975931               18
  0.26224256107523891               20
  0.20310123239129399               23
  0.35671647125216399               22
  0.18968865104846194               22
  0.53948660465633580               20
  0.45583559932174245               16
  0.41757854832391061               17
  0.24921842444585254               24
  0.36478515525676730               21
   9.9532164460019890E-002          18
  0.54471962487285308               18
  0.69359746838693659               19
  0.15680193834816145               24
  0.68588491656377915               16
  0.62177695498890029               21
  0.39496972218057136               19
  0.42884720075566368               16
  0.85461233608911247               22
  0.56246234611620971               18
  0.60191564641904594               20
  0.58075863285413709               19
  0.89292194542953196               21
  0.85204209814809306               20
  0.88945768587278173               20
   1.1612391678776792               18
  0.97535904428726983               16
  0.61868978046972545               17
   1.2129955537196355               21
  0.96779326128151433               17
  0.92143117526573171               19
  0.93877950680883315               20
   1.0406702094597726               15
   1.0707681237822002               16
  0.61938358573322183               19
  0.69689466333882510               20
  0.78954022143100477               18
  0.81337148272724802               17
  0.85400458507372790               20
  0.70050203869033267               19
  0.88874446075564129               19
  0.81857492006391985               20
  0.52625629139999341               24
  0.56566528734838228               19
  0.37995622147585778               23
  0.74874815946167095               20
  0.61539712449993511               19
  0.40368313977516040               21
  0.62589260918009493               19
  0.50044880716238271               20
  0.32811098239288128               21
  0.43675499932105788               16
  0.26333271139781822               18
  0.16418216230043708               27
  0.20718544056770252               26
  0.57986856628078032               19
  0.37140425516108716               16
  0.12568669308131805               21
  0.59522592060495672               17
  0.66438842238695617               19
  0.55272039392100492               19
  0.34950854715667190               20
  0.37508517391968849               18
  0.54894102284457547               17
  0.38099497088730705               19
  0.93587750847223006               18
  0.79998210477512000               20
  0.49360492549044710               23
  0.64016901523974079               21
  0.78492895407570240               18
  0.71759340132357985               25
  0.95885417372791704               15
  0.87604318576371254               20
  0.83486433628157597               17
  0.97182294421328463               17
  0.66896738787145693               23
  0.78747286940048300               25
  0.58308087352262206               18
  0.89532894462973722               19
  0.97010938362688159               16
  0.84186425796835163               20
  0.93169772591256483               21
  0.97819872552068543               18
  0.59044873346551752               19
  0.82544133422429822               20
  0.89533064131698559               14
  0.81988859937209979               19
  0.66608616145681032               17
  0.85351099450154411               20
  0.74433117859394915               17
  0.68726679651194378               18
  0.61779564948705989               18
  0.55899597986601091               19
  0.29433931850141404               22
  0.40194193968053399               17
  0.36726273766855694               21
  0.70636801811621208               16
  0.21572162681871743               23
  0.42952872487549354               18
  0.29737421610821091               23
  0.58405264296949011               21
  0.65338008505396505               21
  0.21539347860171512               20
  0.31688426167151501               22
  0.46438163821653716               18
  0.37652765055251164               16
  0.21209302640763122               21
  0.51657670966120717               17
  0.22023158155716135               21
  0.30124666757361429               22
  0.34633930725665096               21
  0.30018231403813961               19
  0.32308034819454445               21
  0.81949732474424331               18
  0.57189122752103505               23
  0.53832056896433211               21
  0.25675543478525564               24
  0.53084691660616679               19
  0.49647205191811616               14
  0.68465792887517829               19
  0.79555851364649233               23
  0.72362521141211600               27
  0.80274306396935979               24
  0.99249251710678910               20
  0.81752705872485987               22
  0.92091856618372769               21
  0.91903561457498428               18
  0.90366968740365161               14
   1.1591104788157998               22
  0.96990971584197849               18
  0.72041961489918316               21
  0.73770425128400241               18
  0.74222647216167803               20
  0.78858371146247275               19
   1.0058407482378826               16
  0.79045953905081745               16
  0.84033248925761617               19
  0.97321344483348982               17
  0.47849722728084676               22
  0.77877736219451033               19
  0.78447500770993328               21
  0.54005818746951528               21
  0.57661640546403337               21
  0.66490870821579029               23
  0.54660932603672441               20
  0.41633129534751973               20
  0.55195393205338672               17
  0.53055238677921024               17
  0.54586722456317804               20
  0.15064140381092736               20
  0.16950612121388658               23
  0.40976192985542276               24
  0.55361905701991954               17
  0.34126790364646375               16
  0.49089426286143256               18
  0.10707210046202270               19
  0.23786906081463632               21
  0.44824376906886521               19
  0.27929323223522301               24
  0.39408735859489713               25
  0.17378395800274951               23
  0.20561273117514259               22
  0.59687166748830434               18
  0.52679969297794893               18
  0.82394267033214241               20
  0.64079192330525070               22
  0.73019876256775884               17
  0.81033933842327077               23
  0.67703269224078555               18
  0.86884864215657043               20
  0.89253320125765534               16
  0.64992184144271914               17
  0.61199144247149118               20
  0.92506799246241378               16
  0.74481060559408241               15
   1.0675286607566237               15
  0.73878706943647898               24
  0.99347844510144812               17
  0.86054629912367253               21
  0.96296540826722843               19
  0.62611697883166639               19
   1.0182528074598962               22
  0.85521125396246955               19
  0.95951751617509207               16
  0.93744121891477228               19
  0.67094937804271659               22
  0.97613122822794507               17
  0.85191506044913246               18
  0.69808343284436580               19
  0.44264152500274873               19
  0.55878365516207051               15
  0.61871497210945980               16
  0.22017998397560129               20
  0.49134288015520389               24
  0.59551401200942677               20
  0.25559104862481818               23
  0.57612717870503583               21
  0.36905376003164403               20
  0.22673960280436259               22
  0.17030253998319395               24
  0.41216686240543293               19
  0.42874053121418310               16
  0.18161649072412211               23
  0.52603359267747429               13
  0.23955351194150173               18
  0.16032725960410638               22
  0.11128273740162341               23
  0.38699526244626886               16
  0.51841619357797097               16
  0.22319746283292918               24
  0.18932846588900434               23
  0.58511779263243902               21
  0.42691391716958632               19
  0.38227142065794223               19
  0.20922555819818670               20
  0.65563762717715013               18
  0.59691842661098637               21
  0.47968413755119499               21
  0.38982910395143688               20
  0.67837041570531453               20
  0.47406478744479097               17
  0.71231812106005643               23
  0.80327913683924168               24
  0.78418854703904750               24
  0.96986003486092054               18
  0.81488915316743660               25
  0.75192811293616824               21
   1.0099153003974597               17
  0.95901365391710802               17
  0.94337038273041030               18
  0.88764633683239447               21
  0.69907075938001406               20
  0.81819152049467525               20
  0.89740245370967642               20
  0.84372786153589097               17
  0.85761637958857084               16
  0.56166366609279139               22
  0.65403730792223014               21
  0.34079918657150998               19
  0.62611445074757743               22
  0.45147405539662477               23
  0.43978345981929645               19
  0.25815501127380758               22
  0.45845060089006040               20
  0.78361998591671655               17
  0.59111389050952035               15
  0.34610601015084791               21
  0.44166697933966093               18
  0.13879947395646630               22
  0.30295486779695974               15
  0.14341088592118559               25
   9.9576334469360150E-002          23
  0.30477301698069920               17
  0.19477700834288716               23
  0.18397551894042835               22
  0.35175543324213115               19
  0.39675118192632203               22
  0.23140324814044905               21
  0.24248853258346056               21
  0.13108621236413273               22
  0.11352227883623366               28
  0.71813618275682645               18
  0.33681674959977947               24
  0.41230409678716506               16
  0.31692270055876259               14
  0.53286715742798352               22
  0.71084985132532585               16
  0.69521149060539889               19
  0.56104210596902970               18
  0.61817259918345757               21
  0.52606373800592021               20
  0.59256305002085585               19
  0.37233557114868598               17
  0.70880032841679597               20
  0.64840011494576200               18
  0.59119614306396684               20
  0.95282856434954677               19
  0.84912309864971725               22
  0.84822992103213113               22
  0.85363313646636529               14
  0.93017564406738062               19
  0.87528678024339557               20
  0.84334104199233129               21
  0.72083169421442828               19
  0.76033152161058359               17
  0.86154910027209308               21
  0.61620010717327256               22
  0.85677852720290293               22
  0.97389003944232833               14
  0.56758117025545474               24
  0.64122596413592825               18
  0.71906886431899131               20
  0.53929099082182319               23
  0.44742342229283144               19
  0.68232695044874270               17
  0.53812803410843635               22
  0.27543910285690176               24
  0.17346663238941154               21
  0.10575257005244248               23
  0.25463658103700099               22
   3.2100622747642513E-002          25
   9.7728853517748349E-002          26
  0.32303988896757524               19
  0.35905679415504799               20
  0.40701520375635464               21
  0.57142602765350903               18
   7.7506802587815352E-002          25
  0.32365466656465408               21
  0.32197978311231479               22
   7.1325651871499557E-002          24
  0.27802910533793479               21
   5.0097290897114450E-003          22
  0.22737923273735003               19
  0.32619370356964450               22
  0.36151167119365579               13
  0.53043586461965608               18
  0.50885556750681238               17
  0.47032489981902426               17
  0.39430598317298210               17
  0.75112931079019318               27
  0.52163922149814912               16
  0.53930487679693273               18
  0.62796296654953643               20
  0.84120688485672701               19
  0.87218982912594845               20
  0.59897322173650647               20
  0.83071181813420325               20
   1.0068951419620960               16
  0.89070296607623678               19
  0.82461173899565909               19
  0.84598830934630975               22
  0.72705901591998778               21
  0.59031408272362507               24
  0.87006224373955809               19
  0.66890652621627755               21
  0.79216435913314653               15
  0.46737906871077362               20
  0.89950639518724895               19
  0.65572422184945889               16
  0.76176185317030798               19
  0.87487309157191262               21
  0.26421563863166536               20
  0.83163677941962433               17
  0.62858983898339005               21
  0.74329917510810073               16
  0.54841025986405012               19
  0.31925208335640215               22
  0.37445347080069197               19
  0.51624760946703618               23
  0.27037288081756916               23
  0.44873086088273212               20
  0.25648952591767110               21
  0.10977392082585258               24
  0.11668572236788509               20
  0.14832211271967732               23
  0.11580513505680286               27
  0.37783254473283595               18
  0.20287572290341555               25
   7.9496554745252662E-002          21
  0.13658856292399749               21
  0.18733888937719068               24
  0.25065581070722792               21
  0.15131569536758174               24
  0.40206149249545503               18
  0.47333100205652523               16
  0.33471821295966853               21
  0.40892801901343634               18
  0.43237058094858694               19
  0.50525038289869684               20
  0.44775905700708829               19
  0.60438676780013889               23
  0.55681323548473860               23
  0.48922066091016009               18
  0.73673304388693184               16
  0.71807239733081030               21
  0.80052808585879809               26
   1.0009671980796855               16
  0.92887570620503668               17
  0.88756239712864238               21
  0.94143675798532167               15
  0.66924354657525031               21
  0.90531001232479580               17
  0.92044628252813876               18
  0.75980232681551640               18
  0.93137054259453378               13
  0.73753020659724178               23
  0.96195576747128120               17
  0.81858483360821477               16
  0.85392658784619635               14
  0.75326539809539561               17
  0.83910115988930412               18
  0.20671865530791200               19
  0.60357846180012087               20
  0.57240615941563500               25
  0.48466015513198124               21
  0.12430644503264336               24
  0.60048916829264187               22
  0.48054383249754518               21
  0.55239274071070377               20
  0.27776783918292958               20
  0.53981648097986479               24
  0.21708862667318446               21
  0.14187172708344409               21
  0.43401829309679302               18
  0.27465487024876056               19
  0.20812598174557426               25
  0.18680072836615624               23
  0.28163828278037178               18
  0.30076069024417074               23
   3.5850365484476315E-002          20
  0.54205674274611804               23
  0.41158522447935569               16
  0.43859272840112212               18
  0.65365020906568705               20
  0.45944722267058863               17
  0.12452714660998369               22
  0.40904201987601707               17
  0.45793301886400278               16
  0.55536830991460706               23
  0.71771275133635981               14
  0.50732431947013201               21
  0.49071726160658613               19
  0.68351378104313842               20
  0.95704677698582685               18
  0.81028292870466134               21
  0.75042336257872366               25
  0.81117279171105849               20
  0.76980026726241113               21
  0.72939244081339094               18
  0.95095638168827523               17
  0.81055598809496054               22
  0.87824873632972233               19
  0.89923489495046183               16
  0.95028936570308209               17
  0.96975190361842234               13
  0.92068203488785505               15
  0.93363072188357721               19
  0.64372245160839836               20
  0.60234501476522617               21
  0.73059624360874098               17
  0.34189425856415018               20
  0.52112831294911854               17
  0.59615263080327774               21
  0.51592207884501073               20
  0.80015684714916391               18
  0.18436915959066494               23
  0.53309689239110691               22
   5.7298456001252017E-002          22
  0.51096580880743980               20
  0.25028033906411773               21
  0.43655253292704349               22
  0.21233743154637838               22
  0.42386312469913756               20
  0.11840382038075133               20
   8.7585350330809830E-002          25
  0.10283773015420004               24
  0.58584998868264260               21
  0.19986717071415136               20
   7.5137415826712906E-002          19
  0.17076879358006744               22
   5.3306258712786728E-002          22
   7.4646444170935425E-002          21
  0.62458760269850855               17
  0.19131950381895027               24
  0.20739422677415817               25
  0.22393703255941760               22
  0.55346586542794662               21
  0.41182061062100755               17
  0.33505726279059056               19
  0.83104315453405708               18
  0.36394033729244152               19
  0.49175146666805808               16
  0.93212377888629483               17
  0.63712150792923983               19
  0.62352948744185743               20
  0.89200716020544424               24
  0.83288037593266984               20
  0.58281587918661337               20
  0.86156765601229246               24
  0.96337017416076387               17
  0.93364561919819322               17
  0.79420052900316629               22
  0.90893413504784715               18
  0.95666473573401023               19
  0.95330222287134081               16
  0.77407861781633525               20
  0.31359082490448864               18
  0.56847900773665383               25
  0.70473316179212575               19
  0.66096063565241103               23
  0.63757103189680375               23
  0.68669451264737535               20
  0.41837060911397334               24
  0.39917805833900694               17
  0.44199241536747264               23
  0.52217405611990708               19
  0.49594423618081768               19
  0.49493116068136556               21
  0.17435103259398058               24
  0.60223875238528157               19
   7.3357322475635880E-002          21
   1.1477952568754748E-002          23
  0.15499158667213797               20
   6.0101644304062493E-002          26
  0.17608931769494249               21
  0.26205828558517091               20
  0.16569483180902456               19
  0.35919776114162244               22
  0.22700821663618809               23
  0.48029329971505585               17
  0.29702755268308478               22
  0.32494840782975920               18
  0.15983265700830918               21
  0.12657382983929463               21
  0.25895664236979649               26
  0.18955642937519693               23
  0.52544084836971894               19
  0.21995038709151121               22
  0.34188051787280582               22
  0.67491007083059273               21
  0.28336803410511258               24
  0.66940711236272377               19
  0.60954122586495973               20
  0.61970019857349901               19
  0.57942863437580194               16
  0.93455073654078236               19
  0.96331058470594499               17
  0.82401617610137146               22
  0.63044250276216629               19
  0.97803813127367012               16
  0.91887882857034164               21
  0.43513364677395938               16
  0.92412016242341533               20
  0.70620342382480328               20
  0.91379013655783292               18
  0.70325207528254841               18
  0.54289574972132892               25
  0.69194406095207017               18
  0.62931792599998582               20
  0.69945818944067339               19
  0.64012552867709271               22
  0.64052164852416693               17
  0.65083295275840181               23
  0.40816656055972544               17
  0.64580072332781646               16
  0.62668672891318489               19
  0.18062475993762564               20
  0.41739070319846328               21
  0.29194215545979552               20
  0.12919360085992201               22
  0.44534308388902177               18
  0.28673153990789296               21
  0.37952703211273264               13
  0.30766952266919478               20
  0.24960335284861329               20
  0.16285053909661051               21
  0.26502455592932550               20
  0.18233851920546312               21
  0.16939134645449055               24
  0.28186560264231963               21
  0.37432728620699784               23
  0.14123606052114324               23
  0.21194512288619721               24
  0.50852373830947717               17
  0.26549559790423771               25
  0.65961890458323691               24
  0.35988077427575504               18
  0.45812426028666947               17
  0.51591238395190964               19
  0.53623115280651479               21
  0.46152189192426324               19
  0.54198807868143528               18
  0.96113423625498717               21
  0.72951448155526100               16
  0.71025713250837064               16
  0.90879441651571014               19
  0.91453073003440566               19
  0.78701767858891925               20
  0.82465799994248545               21
  0.74584863603349005               24
  0.75241986728344934               26
  0.62891542137027034               22
  0.98936677178022225               16
  0.85861203347721138               19
  0.91614488879671441               17
  0.66076764850102898               18
  0.75230511345446327               19
  0.88179280848995101               17
  0.51434823158317144               24
  0.57897109374829236               22
  0.92696833053020788               19
  0.32084061701341632               19
  0.34104148918226274               24
  0.37476597558335129               19
  0.31593666366979745               19
  0.20529539580651909               22
  0.30306834763365559               23
  0.36585210814230723               16
  0.70607257039339477               20
  0.43360524949790641               17
  0.47633858054713418               21
  0.36412854806164502               22
   4.7687673005176713E-002          24
  0.16345278741898950               24
  0.10765191549330447               23
  0.42152820318455181               23
  0.14253574239886740               23
  0.16381647706424152               24
  0.14632564593701639               23
  0.18697517940236949               25
  0.22157806009765071               20
   8.3625497346493313E-002          24
  0.28327369328317387               21
  0.23053742099613056               25
  0.35250829335633499               22
  0.21427840492483929               24
  0.56502833890154969               17
  0.27400183728837740               23
  0.43263038162039669               19
  0.44080997173005598               19
  0.47301772335422532               19
  0.46361197342940408               20
  0.40994827505595988               16
  0.66784663384713672               22
  0.79994249159045927               19
  0.70315234914885250               19
  0.82544342044965935               18
  0.83644515899098193               21
  0.93099151772323763               18
  0.78278630037163932               20
  0.75829589933342967               21
  0.79873082661521055               17
  0.79964715267675524               15
  0.69242380486728838               20
  0.59656016311484705               18
  0.70204077652975594               22
  0.84140843539924937               19
  0.65619519377758873               17
  0.67406544719894557               16
  0.70967365962379914               18
  0.76755644395647360               20
  0.83690922370477616               17
  0.55277204662940460               18
  0.67817066555056249               22
  0.60298336155323418               19
  0.13132696226390456               22
  0.34541131409499387               20
  0.32162377635356676               17
  0.33507668274269087               17
  0.58127439586581586               16
  0.40552938473019606               16
  0.27090867250285516               19
   4.2165595396993522E-002          25
  0.27730463027296165               18
  0.37867854451023836               14
  0.28968852759815100               19
  0.32572375915575918               20
  0.19683582148097545               19
  0.16979594628832911               24
  0.46770138722676419               17
  0.10941376362278839               22
  0.48657788556729487               17
  0.50398161006116093               20
  0.21298628345834145               22
  0.32464056734066121               17
  0.34012676515516765               18
  0.50375652632647960               18
  0.57829891325767402               18
  0.77500321507111114               24
  0.38291493102556556               19
  0.87513132049794884               18
  0.83852165529470180               19
  0.64915862916238065               18
  0.86722978126347128               22
  0.81639967343968067               21
  0.88322225007454569               20
  0.77156028724313785               23
  0.98229202624793222               19
  0.94885175960594403               18
  0.90395048980440529               17
  0.73323100278679831               18
  0.89522349572573656               22
  0.81235892111285102               18
  0.79021049268873778               21
  0.94671686836132762               18
  0.94201769459780493               19
  0.67309294025852984               21
  0.86454359907928280               14
  0.75612295713589095               17
  0.83746813218292271               21
  0.50959130334848657               21
  0.60425760613908974               22
  0.78882226357991170               18
  0.68821297464241460               17
  0.75118261659868169               16
  0.89144592123000588               17
  0.52862185005399120               19
  0.33665402738665956               18
  0.64428089465969240               21
  0.35434873835636427               15
  0.28478258258149608               20
  0.33886242916513221               17
  0.36861000461144150               20
  0.16241114769281309               26
  0.27907319362601274               20
  0.38717493676359127               16
   6.1627235857644749E-002          21
  0.26700574957812900               22
   8.7340234756473609E-002          26
  0.22327890971129530               21
  0.25679182123661765               21
  0.43310191114232260               17
  0.27967067590479266               23
  0.30492332355124879               21
  0.35197659985235014               21
  0.37226702445732390               19
  0.46119577496343162               24
  0.47174945840982335               19
  0.55232966577238340               18
  0.39567229227982553               18
  0.87232035918666473               20
  0.82892426473028913               22
  0.60899506637334988               19
  0.45712925887481037               22
  0.78782788179616658               18
  0.87687432949887145               20
   1.0085402913013897               17
  0.68479747055781681               18
  0.86476784022236564               19
  0.94534326539131963               17
  0.63796951461216123               23
  0.73323196190675799               17
  0.93048898295230731               14
  0.73023665320885556               20
  0.98938576593294847               17
  0.83691761937936715               19
  0.66272532553499519               18
  0.82267380358269981               21
  0.75388892455339174               17
  0.82341887852159479               19
  0.85424460946422198               19
  0.85991440520623541               20
  0.58427239543132981               19
  0.73300973830963645               20
  0.44257463132969943               16
  0.56824633010746151               20
  0.78743795741295342               18
  0.39198225657916019               20
  0.38015813068794635               18
  0.58821773702012248               22
  0.28161406773783748               18
  0.21531408265631710               19
  0.12797723638782182               22
  0.15325677442021915               21
  0.36359826178590732               18
  0.56343556634626324               16
  0.23541989436350075               20
  0.22551841903598452               21
  0.19306299044013855               23
  0.23601697713588307               22
  0.34787677841261644               20
  0.36919405669126831               21
  0.28139836975133720               23
  0.23557255770000088               25
  0.36139089244680872               18
  0.60415587140403759               18
  0.58745963384364763               22
  0.26811623858868217               20
  0.59668518518233526               20
  0.69236796065581663               16
  0.44945582396969713               22
  0.70049196914405654               18
  0.61701438386745489               18
  0.59641850232550686               19
  0.88173063789986317               22
  0.57409284172957076               21
  0.73212856485946765               17
  0.92289685336216654               19
  0.97913676841251407               17
  0.84965072856611124               21
  0.94190334906854400               19
  0.91276353206290839               21
  0.96501368942811205               17
   1.0725196586691499               14
  0.91348612890901792               19
  0.88978215963089702               21
  0.85593311785176096               20
  0.86865716138680626               18
  0.69652211527354868               22
  0.68927631443268544               19
  0.77509886590543897               21
  0.54646719035307334               20
  0.62646896544611597               20
  0.65846526875403000               22
  0.56362623511439980               22
  0.54999074183222119               19
  0.76026227555428205               18
  0.49983737610678775               22
  0.58594365596731113               19
  0.33142948120258681               19
  0.48890456619650918               16
  0.59803598281106796               20
  0.50249256068777781               16
  0.26915698917750763               18
  0.43831028623104923               18
  0.18833273167980025               22
  0.31009368688632355               21
  0.28126865837381804               22
  0.32327720810476251               19
  0.66785302897651566               22
  0.43140600330520229               20
  0.19689852443953623               24
  0.58686299574723311               18
  0.41079933146689512               18
  0.39233353838061608               21
  0.62729507838738208               19
  0.59017520375030619               20
  0.66939939750273103               21
  0.61243882794381765               17
  0.35723664732684035               18
  0.41676599194345332               19
  0.54879627901868300               20
  0.83914685452434890               19
  0.69699182855068986               16
  0.96741021887653300               18
  0.93803602544043907               18
  0.93444075666371251               19
  0.62986643757850902               20
   1.0836980587556706               16
   1.0121280499289949               19
  0.85220702691355155               19
  0.97200537562553191               14
  0.89057993337151742               19
  0.77222156132345432               21
  0.97094527798254793               15
  0.60568759215767332               21
  0.76200864037356852               19
  0.85929644981222542               16
  0.51056173518461467               18
  0.52467488030528275               17
  0.38494170876174760               19
  0.52524569229839468               19
  0.65272131683388890               18
  0.95202437313318955               20
  0.67305239463318600               20
  0.54786481110152940               23
  0.73101153211103442               15
  0.59128575843632714               18
  0.46386485235621289               16
  0.47512350960240735               18
  0.51368076381621119               18
  0.31559947392656573               21
  0.35697744784432378               20
  0.50409907713765922               21
  0.45043002873243737               18
  0.13210777921251166               23
  0.31897983221204118               21
  0.39354989036661836               15
  0.23732297085935569               22
  0.24116465354407232               21
  0.29846258152011307               21
  0.73237291172058494               20
  0.21996145481991913               23
  0.66123896825334716               23
  0.31868636604858663               20
  0.47869488288961565               21
  0.29491867092314417               20
  0.71570407972850469               18
  0.81415191307970836               18
  0.56217049591006041               19
  0.75750669483935540               22
  0.70992418911775645               17
  0.69089015882374250               15
  0.66370546998456692               22
  0.86228992105003965               19
  0.77396506781054553               20
  0.94000558079508811               20
  0.89098465013545525               24
  0.70861855793542450               20
   1.0037518358106199               15
  0.73151979870003259               21
  0.89418043160177663               15
  0.96253519202204796               15
  0.78036806895171895               19
  0.92641897054401001               17
  0.77041269293962278               19
   1.0787115290027343               17
  0.76451264380514172               20
  0.73593823144785053               20
  0.72014823293870811               18
  0.70514454005228711               19
  0.68076637110233951               21
  0.47262039216112844               19
  0.40044266892389091               20
  0.44119000035262390               18
  0.66313936878409252               20
  0.63266894074375879               22
  0.58223063944662590               17
  0.70828483302838730               20
  0.52137553376927537               15
  0.16533085916986581               21
  0.24756841336765251               19
  0.32957331173472643               18
   9.9915893023119873E-002          23
  0.32220799745506173               17
  0.42916270309914811               20
  0.38211600697152848               21
  0.43847148152944837               21
  0.48318666208261885               20
  0.67881462965899186               21
  0.29461942276762876               21
  0.23967387630397563               25
  0.24857956321720634               23
  0.65225824053699166               19
  0.40957526613595502               19
  0.69164547988173231               18
  0.59210589823168480               20
  0.61338064852190199               20
  0.63046970033617744               20
  0.56236003669171608               16
  0.69951390803250779               19
  0.78082442217948589               18
  0.80605640765405340               22
  0.63199756483929870               20
  0.88183682704129740               21
  0.93697503455767195               21
  0.79271582192936130               21
  0.51344786107037521               20
  0.84770160693371899               19
  0.90240698055094892               20
   1.0753532123425793               16
   1.0412396994314486               15
  0.98848589789484809               15
  0.81998483845543835               18
   1.0056686172323543               16
  0.97357997157895726               19
  0.96507880370545562               17
  0.88289264390035949               18
   1.0122900050924226               16
  0.67164663356702814               18
  0.57963793583240242               18
  0.65724979216188917               16
  0.70873128271478247               19
  0.48209477887881419               18
  0.36035289283006672               17
  0.77229119648055355               19
  0.82117534676654469               18
  0.44924104002635945               20
  0.45625879229387045               22
  0.49127600128610510               17
  0.29793207077697925               17
  0.37970913534064915               19
  0.30988135270487915               15
  0.64154233565842278               20
  0.40073178864442988               20
  0.35164087349184892               20
  0.55700757630739484               20
  0.44782312257367435               18
  0.53448650451717394               23
  0.47953151385623671               17
  0.91173121499620979               19
  0.63169331057131062               20
  0.60754463674180070               19
  0.55456566023530740               23
  0.83080804050405976               18
  0.48817004261635277               20
  0.39140441129801162               22
  0.53566332187643462               16
  0.60677926112447045               18
  0.75064433162375732               19
  0.73077202939311725               19
  0.62372235063676662               20
  0.86682796417488883               20
  0.74015723443475157               17
  0.95810285647252158               17
  0.74491390861472206               18
  0.74133770272428101               21
  0.88417349404671730               18
  0.79095324876536299               16
  0.86947262918869817               16
   1.0201028509706378               18
  0.75428641977797239               23
   1.0277830436302304               12
  0.88549982760873469               19
  0.97850307947153436               17
   1.0175802970565135               17
  0.76108220836895757               19
  0.60209512693798739               19
   1.0492863878547556               19
  0.88583093533749580               20
   1.0482834480460144               16
  0.66364882930366353               19
  0.55639358264261807               16
  0.58521251738694924               20
  0.91440737798534766               17
  0.70210570586024756               22
  0.56495786076605625               18
  0.68517323762439153               23
  0.57064698093476185               20
  0.45309757008821511               16
  0.24706466711645311               18
  0.57843177395481760               21
  0.46594185562717011               25
  0.47376838207258909               17
  0.12831434113719831               25
  0.39511756418300370               24
  0.69107942668966349               19
  0.71241798515104360               16
  0.30667551106419561               20
  0.42913016094667039               19
  0.58575389905427944               20
  0.32009872091215141               20
  0.79276136984376178               22
  0.60881703577820379               19
  0.51397757345100892               21
  0.47562195871529694               17
  0.70705554388293290               19
  0.26836366781306081               18
  0.88501477635824011               18
  0.67535583055081405               20
  0.52026134236955690               18
  0.75506243509684168               18
  0.79309249836337459               17
   1.0071418865093957               16
  0.98207157331359896               17
   1.0057761237313392               16
  0.97384797444883742               17
   1.0222499157596723               15
  0.96530272890885516               17
  0.78621445301725612               18
  0.64708325991370053               20
  0.78609307697381814               19
  0.99930899479917334               18
  0.94589046390723708               14
   1.0714919226438679               15
  0.86021825979170763               21
  0.97855813940429892               17
  0.96951528511471663               17
   1.1471045608867696               20
  0.83968441898813539               18
  0.60568475892251383               17
  0.43910465274014432               21
  0.77984510118118466               20
  0.74273373973270129               19
  0.68674023166515219               17
  0.95398863176726478               17
  0.60314280706541579               21
  0.97166517706649669               17
  0.45490947482236682               19
  0.62635788309097107               21
  0.72206186123226301               22
  0.31057836437375530               18
  0.46514854156898899               18
  0.20262183786257695               21
  0.52054521894161687               18
  0.52395654703423145               19
  0.68462135984898020               20
  0.64969291360424852               17
  0.73436375639957086               20
  0.53952597207383679               18
  0.19864714276888831               20
  0.63648515798744087               21
  0.24620520523064562               19
  0.85016703920924175               21
  0.62678281584299067               23
  0.81796927540941133               20
  0.60903708868434914               21
  0.83357592635680700               18
  0.46765358769369614               19
  0.61276008290242456               17
  0.58551348911092749               22
  0.48566688931301433               19
  0.72194199689396443               17
  0.84956861937349970               19
   1.1494972749711954               19
   1.0337718845150374               17
  0.79495719338913740               19
  0.86770532910902587               19
   1.0010326016683055               14
   1.0511416132111282               15
  0.86149758316548553               20
  0.97422419220734968               18
   1.0439329429494415               17
   1.0534684853494329               16
  0.94653007492918761               16
  0.96225139406306703               22
   1.0209760599034297               16
  0.89783700925086818               19
  0.96262755034324277               19
  0.53051457109821132               16
  0.62786704871414156               18
  0.94561050281996528               21
  0.75103464491411409               18
  0.77896519206835280               19
  0.70946678774072480               18
  0.69900288227030560               21
  0.63475239710031173               16
  0.83809403240775759               18
  0.55000835919542046               19
  0.43624349608838670               19
  0.54204971656685241               16
  0.28758203699102830               17
  0.67834736387450023               22
  0.61760531404565611               17
  0.52788718201490026               15
  0.75439834697573460               21
  0.53931088790519288               21
  0.51202721255799455               16
  0.58628113151297445               22
  0.91101067802270341               20
  0.54232857519765798               19
  0.31489137638989556               21
  0.56184471101954658               18
   9.2035893423027149E-002          25
  0.15324166674281689               26
  0.74029592531911181               20
  0.54658092173903594               19
  0.75247789996871162               19
  0.77834837082614350               20
  0.73715995756221731               18
  0.91563550642729619               22
   1.0411840861262474               16
  0.97580213022989704               17
   1.0621594646968049               21
  0.94754420198462574               13
   1.2112808421688785               16
   1.2318008170229897               14
   1.0186738301099454               18
  0.92444482455886223               20
  0.95212352031921133               19
   1.1036432824047659               21
   1.1553961773664272               19
  0.95602945221748137               18
  0.90462386627299696               16
   1.0125792089632912               15
   1.1633231924362220               16
  0.82467900760800872               17
  0.80686849294331042               17
   1.0140655687922653               15
  0.83284876613371783               16
  0.60087643669794966               19
  0.46643066547932022               17
  0.92934931888208339               20
  0.65693970321067818               19
  0.82883498196178751               17
  0.74090637848619711               15
  0.75664427398489709               18
  0.51136796218285829               16
  0.74996447311631187               20
  0.68073557394241213               23
  0.40798944873537835               17
  0.54793606038293208               17
  0.51512108091538999               24
  0.68453211836045469               17
  0.78344645711158234               21
  0.62275258660561017               20
  0.39857559260194386               23
  0.47061793980650807               20
  0.71852611833838054               20
  0.82988292242913919               20
  0.71178131683516821               22
  0.56551786243213609               18
  0.59204907551913777               20
  0.69288026370657452               24
  0.66688435370264554               16
  0.79467409403656364               17
  0.65820560295400410               16
  0.53496965747256275               21
  0.74790185149838617               21
  0.75060039845739812               19
  0.81097276674197505               17
  0.61628383623636818               19
  0.75701739640919552               17
   1.1512209597113412               19
  0.94194626391581004               17
  0.88603046247574546               18
  0.93921607826912445               21
  0.93448813639490880               18
   1.1144902840020181               14
   1.1363037025606377               14
  0.81482455696546952               18
  0.96639959992931512               17
   1.1305407441001005               18
   1.0040841365082036               16
  0.93373887407634404               19
  0.90405342860093352               18
  0.92887563778415105               18
  0.92735905593240997               19
  0.82948497753907746               16
  0.99685619970538930               17
  0.92973184148475574               16
  0.81837326922456410               16
  0.86368563745231131               20
  0.66225191730843980               20
  0.54130497521049881               17
   1.0553666906934203               17
  0.79785105404474743               21
  0.77054439217860693               16
  0.76150709309223530               23
  0.64091629633495029               16
  0.71533362240491882               19
  0.58043744217038173               15
  0.59003010071073270               20
  0.82895727454420731               20
  0.61976426695590192               21
  0.41431285288871522               18
  0.33040779238259582               17
  0.42539451083138324               19
  0.74291017662408976               21
  0.79603502308533525               18
  0.81126131610212115               19
  0.71427200973245253               17
  0.75325149941215208               21
  0.62590679446096642               20
  0.84802204816254767               17
  0.40938439064970084               22
  0.67135414723907805               21
  0.65808251092622516               22
  0.71441193051159368               18
  0.75580819077851635               19
  0.86699534528680255               19
   1.0900383449173201               18
   1.0346555817367684               17
  0.80224771358132485               20
  0.88629561459825457               22
  0.95685883913166492               18
   1.1425688097902946               17
  0.96787180513935012               18
   1.0645812640583501               17
   1.0030484061934650               20
   1.0034565679887202               21
  0.73066012814587478               22
  0.85649208723483716               20
  0.95364579242163705               16
  0.92564867617669766               19
  0.99768620644942796               20
  0.79874011812265633               18
   1.0791774294454035               16
   1.0554456377463548               17
  0.71306583423159930               21
  0.84638463207619563               16
   1.1185599395897212               16
  0.63059682362794811               21
   1.0240141578801882               17
   1.0469598212360181               19
   1.0682125602866961               19
  0.62662239882771520               16
  0.92968123987387474               19
  0.40131259699354671               20
   1.0703266835697109               19
  0.71122917694760690               21
  0.87841811492393929               21
  0.67731848218496582               19
  0.91717091772923098               18
  0.47370832594865170               18
  0.58082066931643761               18
  0.81387993368728417               21
  0.94760323559106541               19
  0.45984494135198800               18
  0.89600214777503506               24
  0.77149178339265678               21
  0.74709382720049899               20
  0.53610687259124534               20
  0.27525181591295933               22
  0.55413923848881130               20
  0.95162462048752272               20
  0.94530846107924460               18
   1.0614977742227276               16
  0.94021753962335908               19
  0.69127713828863824               18
   1.0234697359845344               21
  0.56761481821729565               19
  0.67365408234969093               17
  0.95413975331598477               18
  0.86960225935927415               21
  0.88383599277723235               21
   1.1351437342283379               11
   1.3146318093504501               12
  0.90392797195173646               19
   1.0462353124749446               18
   1.0782113086091625               20
   1.1419554887517447               17
   1.1197658009077025               18
  0.96389554456588777               20
   1.1058204697503222               16
   1.0907772434498408               19
   1.0464151927519398               21
   1.0343520617353292               14
   1.1032679066198747               15
   1.1636581255712073               18
  0.48002193916554420               15
   1.1212475501752419               21
   1.1770001471688649               18
  0.92129092153134007               21
   1.0387426073037556               16
  0.93622298302441254               18
  0.91366048418298429               20
  0.66120169626702807               21
  0.86999015944802205               18
  0.88909411333881194               18
  0.99811841496394527               16
  0.78187062518733896               19
  0.86628967138511126               19
  0.91132356267643200               20
  0.54725750932857098               16
  0.44701448170355457               19
  0.96055133943584858               18
  0.61919101797279674               14
  0.37571830868594475               19
  0.95220556753922225               20
  0.72437494764076993               19
  0.92050642258942672               19
  0.64609713480267628               16
  0.65062128174723166               24
  0.70693953895153305               21
  0.87106035629333878               16
  0.51861296482533215               17
  0.92950149167059015               16
  0.97346755721185674               17
  0.65809068265649229               18
   1.0351526320823168               20
  0.57248783957105553               17
   1.1745069078486026               20
  0.86996602215274743               19
   1.0617918102382222               21
   1.0990984331392173               17
  0.95247036065078694               20
   1.0557919931098521               18
  0.89793385047896823               17
   1.1055512669620795               13
   1.0542075527984944               17
  0.93890998624773903               18
   1.0685681885484293               14
   1.1839737082239554               19
   1.3350644452388118               16
   1.0563124121880274               16
   1.1629153913192161               13
  0.89506542365980213               20
   1.3049269545210642               16
  0.84638065999711665               17
   1.2495743121552232               16
   1.2345140970073196               17
  0.72772301570592035               19
   1.0319144814901244               19
   1.0786233086383810               20
   1.0109808985434368               19
  0.83763965877213742               20
  0.36128741141843396               20
  0.86113873450740130               16
  0.90310693080056792               20
  0.96441139277270338               19
  0.67138318525563623               17
  0.63420960643468050               22
  0.48704322438765663               21
  0.78122080841391073               20
  0.71048532092277172               18
  0.44121213574673923               20
  0.93066641859063803               18
  0.85988432207758581               21
  0.49652831723019974               16
  0.60074997234439842               17
  0.99171018257693111               19
  0.81579683319813101               21
  0.39540739935364078               18
  0.82792431808042466               20
   1.0716788249358180               20
  0.72049064237460503               20
   1.0148803334962586               19
   1.0816797542388494               23
  0.87421407942735352               20
  0.68111862323504768               19
   1.0166497153864098               18
  0.84315663798158969               19
   1.1881008209615098               14
  0.83191313381817977               23
   1.2345733887423669               19
   1.1892861598677882               18
   1.0478147787092182               17
   1.2242600392991674               15
  0.90216470409964677               20
   1.1527552842439255               19
   1.1069708016887037               17
  0.95275075952541155               16
   1.1486249016545633               12
  0.78077148494101023               18
   1.1979800151109394               18
   1.3505756140509910               16
   1.0241688858484803               17
  0.90802015175494954               16
  0.91284647070087976               17
   1.0618852607165661               19
  0.77200536578387258               20
   1.1108784666741427               15
   1.2125757864140831               18
  0.84702482760467135               20
  0.76148546801663386               17
   1.0966532399725935               16
  0.82727447315712033               18
  0.81280638245415393               17
  0.73777268588746248               18
  0.70055009077666364               22
  0.81367126175133342               18
  0.87409840792939775               22
   1.0052557538679052               14
  0.47000040101000784               18
  0.85415748428910843               23
  0.76903179860358306               21
   1.0141834188265475               18
  0.92402834837791625               19
  0.63646803600948842               19
  0.82221442285581581               20
  0.80702516134173374               22
  0.56519931461399153               18
   1.0154450494769611               17
  0.87919175086093893               20
  0.91823592992055725               16
  0.78957063991996268               22
   1.0875317303335570               26
  0.83671186063011149               18
  0.93307335892687848               17
  0.48996065828664720               19
  0.84537436324820192               21
  0.63435510301931242               20
   1.1805863560592833               17
  0.97896259846650846               18
   1.1154681854769517               21
   1.2665499127270328               14
   1.0992964329958437               18
   1.2101404975570289               14
   1.0030839579988267               20
   1.1670978648127723               18
   1.0764080597809846               17
   1.0176589131331282               17
   1.1850154350727911               19
   1.1709872546138023               16
   1.2406038238404680               15
  0.89031562186426827               18
   1.2284540915618405               17
   1.0870383087944704               19
   1.1117167346960022               18
  0.95743422373501585               18
  0.96468108745692160               15
  0.85653791235656618               21
   1.2389347194453566               19
  0.76610808223533344               17
  0.87950889260526988               19
  0.69715329970345474               18
  0.97917778950005319               17
  0.63674591347885956               19
  0.90070106189036336               17
  0.88100808646265294               21
  0.77617418260962467               19
  0.62011358620625878               21
  0.74154100855350580               18
  0.71298697437487624               20
  0.94749929002576538               19
  0.83744368382055556               23
  0.95641507554262450               19
  0.98306122332030144               17
  0.81444143889189657               18
  0.83322353822739936               20
  0.76169050313763742               22
  0.99529485528196893               16
   1.0615597444578502               18
  0.80230501514804509               20
  0.79291640289025278               19
   1.0102803516313585               17
   1.0040998139224526               15
  0.71294891802040028               19
  0.84004691991115055               20
   1.0847480202643285               19
   1.0123967157484595               19
   1.1421079806734002               22
   1.0430548778390367               19
   1.1488124816879839               20
   1.3441063528885351               12
  0.99864132759752844               17
   1.1199219472623416               17
   1.2847385189272342               12
   1.1406611796031907               18
   1.1529563987971096               23
   1.0165623847558389               15
   1.0794695391218749               21
   1.2766646815757314               17
   1.1534338962049240               15
  0.98570428123755971               17
   1.2723823362805693               16
  0.91848181725601608               18
  0.86165111478855139               17
  0.88618695682896376               16
  0.94181996605972018               16
  0.88028938997707384               18
  0.97954108003985652               17
   1.2574511595072158               16
  0.89256464942036462               18
   1.0700438425724017               16
   1.0751524517122391               17
  0.81987042187299042               19
  0.84941916902256975               19
  0.90592327802302586               19
  0.91588793240875011               20
  0.74037613102375344               21
  0.71763361280493332               21
  0.90273260172608671               21
  0.54852723007833071               15
  0.74541960944727936               21
  0.76352477744743208               22
   1.0313649020922508               19
  0.99334083585955446               17
  0.90676566136269943               26
  0.77329914134526923               19
  0.98523237124663066               17
  0.76439905015313103               21
  0.64983325833340089               18
  0.75147308884701025               22
  0.95644070504829293               16
   1.0302079796689532               18
   1.0829911864660515               17
   1.0760673681751496               23
  0.81862418135523074               21
  0.88029292823198002               16
  0.73124178154216757               18
  0.83178986984786007               17
   1.1732864158073353               18
   1.1884436388282635               18
   1.0295664222868735               19
   1.0526268087307014               19
   1.2436249658748872               14
  0.78482252850047896               18
   1.1072326760690798               22
   1.0804375762373355               17
   1.1374771298487976               19
   1.2098170194289888               19
   1.2117364412516227               13
   1.0386876213747220               18
  0.98362916801841727               19
   1.2884171782885145               15
   1.1206098587388496               15
   1.1954515978086446               16
  0.97483044796846596               19
   1.1979234085704202               16
   1.0244835124501435               14
   1.0405299920096718               14
  0.75373142373078073               19
  0.90736602625692309               21
  0.98407209998040501               19
  0.96815190135981755               15
  0.92957347451570937               15
  0.85021140423313268               18
  0.80414088701087694               19
  0.96606435586079131               16
  0.91444920745863689               20
  0.79317210076110378               22
  0.85805003346380904               21
  0.82941049195364425               22
  0.82710713950989556               21
  0.66419926990070499               21
  0.90267517360993277               21
  0.86534607020712639               16
  0.93999117165721835               19
  0.77916346923388069               21
  0.94073401511975718               18
  0.96058765750981412               17
  0.82291152379309962               18
  0.99046979423085613               18
   1.0179758070575939               19
   1.0212809829041301               17
  0.65369141563307742               18
  0.87110028711565224               18
  0.76922553844011965               16
  0.96344829228602857               13
   1.2051460599046879               17
   1.1204795701858359               20
   1.0543424273673074               17
  0.92995869648944618               21
   1.1085172088726079               20
   1.2304397172255743               17
   1.2856618759088352               11
  0.97121237234402302               18
   1.1922199938571629               16
   1.2835884576441390               13
   1.2887766327379206               16
   1.2491771593907219               15
   1.2890234973338570               16
   1.1664401169721801               14
   1.3346656987266408               16
   1.0478407507856924               19
  0.91657524884059405               20
   1.1291003341337937               22
   1.1136220626322357               16
   1.0093885714377637               18
  0.95635630152820961               16
   1.1572142929495233               17
  0.89737819919452999               15
  0.93408366858047731               20
  0.87300016231901245               19
  0.91382293911431178               22
  0.98426536863868241               17
  0.81830351404694546               20
  0.92151646143149468               19
  0.89039465281755470               24
  0.95274775477292328               16
  0.89938494277683945               20
  0.93754419934287891               19
  0.85607352913738299               23
  0.92342006145780986               17
  0.91426698714545185               16
  0.94153467227681875               19
  0.78980157668033679               22
  0.77492755411191860               18
  0.82844823342186535               21
  0.91140732782569911               17
  0.77246197442842635               19
  0.69220589808753630               19
  0.74815207345766976               20
  0.88039526741226903               18
  0.98077549634529559               21
  0.90701412139325410               17
   1.0869145686083943               19
  0.99287762831433513               14
  0.92787638331972366               18
   1.0172822105349055               18
   1.2679558630838845               14
   1.1039905998892379               25
   1.1421331555481498               21
   1.1002024630948124               22
   1.1713209473462178               23
   1.1131951645008216               21
   1.1271797550260416               22
   1.2214165271638289               16
   1.1902696083270337               16
   1.2938416303804836               13
   1.1334623329258722               20
   1.0974070552711270               15
   1.1973110693699063               15
   1.1178541628157865               18
   1.0465840488547022               23
   1.2554724300945244               15
   1.0116573877530657               15
  0.92750457055081914               19
   1.2191649392523680               20
  0.85911147796295773               21
   1.0205176261899938               17
  0.96157160010700016               16
   1.0076935960100422               18
  0.85385552952915789               21
  0.92064291662130282               15
  0.73681919889050262               21
  0.95467821338382763               17
   1.1211197340813828               16
  0.42257781438899494               18
  0.24598273914787414               22
  0.86440162066879622               19
  0.92319717406575452               19
   1.0131271789466942               19
  0.89492057421940197               17
  0.70298941856522068               20
  0.86345090591673990               18
  0.83845718354002130               22
  0.89339847570387676               20
  0.47258863420866931               18
  0.69174596500621366               20
  0.85953628553489381               22
  0.89630389044825898               22
  0.83315509380704100               19
  0.87558284271214726               17
  0.71384075306854056               17
   1.0401790996866074               18
  0.65486114219964631               20
  0.95297734556757518               19
   1.0956677311455318               23
  0.91367780102390239               17
  0.96782911845316377               16
   1.0364829172576058               19
   1.1288429617096178               19
   1.1633152782595444               21
   1.0768455326777344               19
   1.1517196080422949               20
   1.1250757334241421               19
   1.2069105890991474               19
  0.76891019394559146               17
