   1.1533227524656620               17
   1.2437955257457831               22
   1.2428100031904052               16
   1.1307947974663983               14
   1.0180483935889721               20
   1.1225764159121956               21
   1.1109606704950639               22
   1.3200149440950983               15
  0.97956198885389978               18
   1.1218273030004180               23
   1.0583955217731511               22
  0.94894693582353962               18
  0.98992266963776510               16
   1.1120260453647870               17
  0.76961330573615006               20
  0.81726681364984477               16
  0.95142828037549665               21
  0.98697249540518150               15
  0.97707352008917381               14
  0.86619956027414280               20
  0.83280368757561207               18
  0.67404056620433184               21
  0.86521782302182682               20
  0.59347334704452981               20
  0.75548255481233106               16
  0.92049016875509104               16
  0.77770776267002517               19
  0.88958331622373921               22
  0.94945413346209517               17
  0.95473773772108128               20
  0.91585547405593315               19
  0.87006803431899638               19
  0.87786922414778001               20
  0.89516805367233621               20
  0.93590260733417918               18
  0.92986684123638663               19
  0.73415008395910486               23
  0.84200648625265773               20
   1.0279794406355087               17
   1.0014542636570365               19
   1.1509753403157141               17
  0.88889482873719117               17
   1.2716006637976665               18
   1.3207577809505859               15
   1.1738393018769957               22
   1.1213664791028388               18
   1.1526077837895299               18
   1.1036968362471182               18
   1.1567459440762036               19
   1.2032672062870147               20
   1.1802421176716662               23
   1.2910079789994056               14
   1.3116890798565231               15
   1.2334937767354466               18
   1.1626804043756218               23
   1.1628312770447258               18
   1.0960233504319719               19
  0.97987088100985176               17
   1.3091462499886835               16
   1.1769519759860183               20
   1.1837796935798133               18
   1.1265903676340503               18
   1.0564546686114409               22
  0.98547895412328224               16
   1.1405438340581899               21
  0.91736301853097191               19
   1.0551567455463413               15
  0.93351333603286080               19
  0.93622559563460750               14
  0.89813503174591169               21
  0.81274899617231755               21
  0.96858118303298768               15
  0.86192518833525245               22
  0.95427837035090712               14
  0.94717028283505289               15
  0.80387517849612111               18
  0.93648927737266796               15
  0.91713414808093963               17
  0.92392944012591738               16
  0.95343864634057063               16
  0.93460304922918069               17
  0.95073898701201887               16
  0.86662715023542258               20
   1.0063682524783235               17
   1.0095076705207962               15
  0.84954254321855727               19
  0.99158551181077637               16
   1.0380870876624746               16
   1.0156163589901752               19
   1.0843364632964299               19
   1.0902500055242874               17
   1.0956726812343189               16
   1.2018058340374917               16
   1.0804417809710305               21
   1.0811941304108414               19
   1.1390167104572770               18
   1.2436104018442504               16
   1.2192915462862888               17
   1.3229682708375259               18
   1.2168315792407591               17
   1.1981966681030300               19
   1.2101962658799366               20
   1.2557348488306193               16
   1.1739346947624174               21
   1.3027205083549336               16
   1.1839868444018375               22
   1.0753827079728042               24
   1.0339776629308495               15
   1.0083737084659146               15
   1.0589164439689396               20
  0.92042599829157867               19
  0.99259756659836273               17
  0.86973011486305563               18
  0.97463058187085894               18
  0.82692696021893097               20
  0.85839034698356564               17
  0.79114700791833936               20
  0.83672294890121368               17
  0.99049356829531277               19
   1.0344808696548411               15
  0.88128386527997926               22
  0.76466434135990691               19
  0.88007557413165438               19
  0.84533210282275484               20
  0.94875029171534864               20
  0.81726051957064849               20
  0.91686285047306593               15
  0.94658472361780610               18
  0.98068689779649376               16
  0.92659546671669035               20
  0.77346057442342053               19
  0.90558331042451523               17
  0.86863606645033131               20
  0.83240312960297935               20
  0.99431285221654309               16
   1.0705886013912507               18
  0.94716067836170958               20
   1.1999872443926360               17
  0.98629595318861951               19
   1.0519543839413386               17
  0.99098578061650489               23
   1.1366308618504120               17
   1.0210876420354982               22
   1.0458479638152334               20
   1.2428698938729912               18
   1.3433625005589294               15
   1.2795355099622150               14
   1.1959457278879657               20
   1.0657925481591883               21
   1.1486402832642413               17
   1.2709641551959066               18
   1.3154340674457070               18
   1.2455765014265852               21
   1.2564841136786720               18
   1.2454152049827896               16
   1.1152396837025926               23
   1.0427669858207744               17
  0.92857256694674373               20
   1.1288565010345746               21
  0.93846004198074273               20
  0.84596435694739291               22
   1.0983115460664683               14
  0.90239736784669811               22
  0.80229304677369417               21
  0.81011046825647604               20
   1.0086057724929769               17
  0.86040016106517159               19
   1.0134132253021468               17
  0.97665076559067032               16
  0.83692036327659025               21
  0.77295943169999304               17
  0.89668214868820362               17
  0.85341993163974306               20
  0.73947397456191089               18
  0.93078835389879078               16
  0.66904202653756506               20
  0.68736711249680604               19
  0.88191257990203542               22
  0.94508638351739072               17
  0.95488406898572531               14
  0.86779755656925617               22
  0.71775285897440022               17
  0.90340205787081718               20
  0.80308721483300372               17
  0.76818713220348223               25
  0.96709184760079381               23
   1.1024032902978989               17
   1.0075335500705476               17
  0.89642980876717637               18
  0.97920715000608372               18
   1.1975725803530533               17
  0.85474314000512142               18
   1.1491511917153321               15
   1.0756214355927358               18
  0.95971992671294371               20
   1.1570589690785542               21
   1.1204074705533167               15
   1.1532647165162095               16
   1.2162091266994648               16
   1.3098485829283402               14
   1.1435928174674708               23
  0.97966248728883687               21
   1.1602350439646780               25
   1.0918872401281892               20
   1.0500193455557896               23
   1.3323824811870888               16
   1.2149403904534541               14
   1.1982825751355208               19
   1.1757534461924433               22
   1.1521468691004704               22
  0.98421696901284694               20
  0.99269639854348990               21
   1.0227636813093779               16
  0.73896165794510593               27
  0.76533783484857754               26
  0.87910437075292169               20
  0.68475730114405997               21
  0.91435398342299024               18
  0.87321499347912934               23
  0.90152439583464439               18
  0.72503448336289078               18
  0.80925958990306235               19
  0.91673342289997306               18
  0.85889419915980481               19
  0.73375277346705570               18
  0.90195470981357018               19
  0.70600295462782825               18
  0.71203425660368125               19
  0.93058081347339583               18
  0.93819118539913093               15
  0.67226750607729790               21
  0.83473699402139778               19
  0.91749333151857637               20
  0.70434561992728140               18
  0.94039113186324252               22
  0.62380817733786087               21
  0.96076512108950185               19
   1.0917705590833453               14
   1.0472907557940978               19
  0.82254187362485065               18
  0.89740165235756819               18
   1.0382486061673439               16
   1.0664977618225258               18
   1.2688729776295000               18
  0.88634258754803552               21
   1.0793192067119008               16
   1.0894744065188793               19
   1.3112759771749984               13
   1.2279944702271857               15
   1.1400968145362034               18
   1.1951533986177503               23
   1.2117608739985393               16
   1.0930936576348875               18
   1.0266888825145484               20
   1.0858633369637067               20
   1.1840249930403866               13
   1.0891199033200514               19
   1.0690287990979825               17
  0.81571818531336759               21
  0.99745529912426456               17
  0.84931692702308870               21
   1.0497665582072868               20
  0.80611417453923973               23
  0.89783479824939327               20
  0.89649864117699474               18
  0.93590031504021753               17
  0.90342561290013534               16
  0.71662277484139703               18
  0.82756331334846622               17
  0.88692987771773102               18
  0.86365438454893262               17
  0.66630939733087757               20
  0.65359816961456929               19
  0.76079816798540278               16
  0.49425743643936287               20
  0.80900184065232861               19
  0.53779279307640659               19
  0.97036673379247551               16
  0.66089188067955706               21
  0.80588738991218511               20
  0.67424450647454603               20
  0.74955942125426867               19
  0.83296826661705392               20
  0.97512414814373483               20
  0.93039760015350681               18
  0.75110644867728293               18
   1.0143368218283892               15
  0.88840068285177975               19
  0.73702867158457885               22
  0.79845207529154649               19
  0.92961909060993797               20
  0.95611658942720890               18
   1.2395508140379596               18
   1.1396125801491477               19
  0.92169499010889455               18
   1.0466597664433153               19
   1.1688480415111595               18
   1.1216692913292168               20
   1.2827041392780600               19
  0.98520179745293945               21
   1.1559402810126480               24
   1.1169643968363590               23
   1.1622101554130670               17
   1.1814309180060933               23
   1.1656180188489134               20
   1.0185879621498781               21
   1.1329264278699480               18
   1.0353729244546570               19
  0.99964959799045561               20
  0.89696159523035468               21
  0.90496121999521439               19
   1.0077719978958923               17
  0.98367319521807006               22
  0.87542709510820871               18
  0.82116010404265927               19
  0.74408439483559041               25
   1.0102269386105978               15
  0.66611493786881892               23
  0.79848738289176735               17
  0.81544694685398544               16
  0.71228645397931944               19
  0.69091708043990285               20
  0.74476523271008055               22
  0.66540040839024150               21
  0.60272773582542116               19
  0.67824331837619134               20
  0.54537377314373048               16
  0.66533497632200156               17
  0.86303420458878199               21
  0.75551116059557211               20
  0.81958452403500259               18
  0.59752669720542062               23
  0.68812289357566536               20
  0.71115990806973839               18
  0.73640845760072349               20
  0.93747573335412604               20
  0.79071156535267040               16
  0.97629898301983087               21
  0.94644205572942330               20
   1.0495104449275043               18
  0.81991001059603563               21
   1.1079880695924780               19
   1.0167641926425859               22
   1.1748223152613608               19
   1.0942225826420309               19
   1.2018737142347058               19
   1.0988700920617938               19
   1.1600896064077020               18
   1.1631326460548312               19
   1.0960907582869175               19
   1.0095308409660375               23
   1.1562677771005418               14
   1.0803359989183867               20
   1.2251277788382264               18
  0.99299766378389409               21
   1.1305591869015965               22
  0.94582486506570451               20
   1.1587148831488343               21
  0.97408127858342330               18
  0.83717416992976723               21
  0.72017397423259011               25
   1.0751672352444324               19
  0.80656319678965227               20
  0.91173855742261656               15
  0.73415057865138333               24
  0.78772567277621375               22
  0.75578375709485479               25
  0.96968973637602762               16
  0.93468202523747790               17
  0.79088519445463712               20
  0.66665644928573942               20
  0.71420326887671759               18
  0.81319099104961523               18
  0.71755282476120386               19
  0.58777850131798459               21
  0.44471132753235976               19
  0.73373065061693521               19
  0.62975956420677670               19
  0.58025354587502020               18
  0.72945766856787342               18
  0.82307248093214447               20
  0.71834271197254129               19
  0.78277939584704681               17
  0.68418729902679565               21
  0.85028051258050796               15
  0.61489461473113427               21
  0.92745714810738189               20
  0.70591332258388295               21
  0.90915633992873357               20
  0.84259357840120286               18
   1.0364284371264776               18
  0.98733649269275581               22
  0.99115785124446620               19
   1.0397605117748026               19
  0.96911087437840759               20
   1.2167859351453594               21
   1.0058478960328645               20
   1.0711248814293364               19
   1.1915781642701284               17
   1.2518718330640335               17
  0.99912052017303277               18
   1.0930731131183136               20
  0.90655536212193544               21
   1.1124753015955098               17
  0.96668943961766074               21
  0.95080140969800531               18
   1.0416914176502545               24
   1.1198829098727834               21
  0.76446914619360207               25
  0.80845355524506979               23
  0.73340785102386941               24
  0.92969227211152605               16
  0.79077367254422115               25
  0.76887161165453044               23
  0.72828146120733128               24
  0.64391364040131649               20
  0.68759087887326809               24
  0.75750475861203703               21
  0.94012019604930919               19
  0.71729346515163428               19
  0.70839860489179629               20
  0.85895937204221950               22
  0.85325475530106820               19
  0.50253710829099152               19
  0.55189321160004290               21
  0.80641635094359654               20
  0.50287360777879320               20
  0.86289563099223798               24
  0.56042418675691319               16
  0.55220071161494189               20
  0.74674097296666520               17
  0.59615051613847858               19
  0.56863297172265392               23
  0.71141559411344979               19
  0.60169991372034914               23
  0.94551825264802436               20
  0.75103551444534722               18
  0.97468856753927902               18
  0.79145676581648083               26
  0.84483111222714169               22
   1.0230116968033496               18
  0.99640507512589072               20
  0.91870975758077211               17
   1.0479596970120511               19
   1.0292245976649559               20
   1.2781643018651052               15
   1.0786082877538494               20
   1.0714674397148363               20
   1.0739062235191335               15
   1.1513999865376614               20
   1.1265340259552228               18
   1.1948130674502426               17
   1.1348574161204534               15
   1.0251886875321816               19
   1.0890908745624894               16
   1.0570568258584228               18
   1.0570272207584022               21
   1.1155103484349385               22
  0.78010133067014364               17
  0.80572549923355019               21
  0.94847365993164900               19
  0.88594773044312258               19
  0.74083428273382479               26
  0.75209450019396307               24
  0.78869387977853400               23
  0.70361021847318939               20
  0.63466887651469794               21
  0.60610458719884619               23
  0.61268023542065331               23
  0.75175190402229397               19
  0.78659625050675064               20
  0.76318768379647750               20
  0.60784723475383851               19
  0.52282910634331470               21
  0.61033301549411922               19
  0.62975871333073941               18
  0.55505676396709680               22
  0.81576203364335786               17
  0.65238662134249104               19
  0.48675529124495326               21
  0.80766881836805837               20
  0.65941367233218862               19
  0.80013132572294499               16
  0.83346579664306308               18
  0.68345989648465233               25
  0.78803749158465519               24
  0.68776350460785129               20
  0.77438099446963005               22
  0.81525816610311475               21
  0.92445383126089775               20
  0.86161397584123089               20
  0.96660158928135775               18
  0.97499712854698861               22
   1.1157212170785602               21
   1.1503428522031294               20
   1.1215181973834667               19
   1.0689256149996718               21
   1.0467735906930000               23
   1.0236471123738484               19
   1.2345433924321150               18
   1.0227428357959236               18
   1.0869272319598635               15
  0.90081162798182024               23
   1.0015341272130460               20
  0.81589460355783361               21
   1.0435425058565897               20
  0.91115840345373134               22
   1.0658522444434910               22
  0.86571804890148463               20
  0.82487486585699088               22
   1.0034656942033058               17
  0.95726220718934862               22
  0.70126538844874187               24
  0.67120442647185796               24
  0.71365070066918335               20
  0.68450670134634284               21
  0.73768376568947647               24
  0.58150087447575816               21
  0.54789943777746175               21
  0.49393663683698408               20
  0.58541569553128947               19
  0.65881609656242379               21
  0.54353600725436380               19
  0.52150059827478012               21
  0.53341771923744019               24
  0.45324854420137406               19
  0.76919933365463311               21
  0.52021629516535761               20
  0.44539098303785313               23
  0.47095442324707454               19
  0.77682042771199666               20
  0.73969859077954569               19
  0.74904420709561026               19
  0.90407419518729237               20
  0.60764069535268472               22
  0.80188522851173538               17
  0.75715129050228813               20
  0.63571041269624673               21
  0.80237658662263656               22
  0.57013212686855519               17
  0.86436114720747925               19
  0.86040914268671298               16
  0.95013631012853572               22
  0.90945755056677136               21
  0.91673143525271339               23
  0.95669208548486528               23
  0.81242957611703293               21
  0.90339960243306017               23
   1.0457240551800349               20
  0.98949355491146251               21
   1.0175509970551286               22
   1.0599606574360521               21
   1.0450925952820973               18
   1.0759550651451804               17
  0.93376108922220535               22
   1.0763260012557385               19
  0.72536958448907618               20
  0.95071829933173790               24
  0.98396831414707342               23
  0.93467456968398066               22
  0.90597670620799109               20
  0.99561952505787565               18
  0.68036847184084759               18
  0.63483341038689145               20
  0.73642935535041854               22
  0.75625643584407709               21
  0.69517363781492336               23
  0.54480823634587305               23
  0.66985137899396541               21
  0.52412579366660927               21
  0.59068884390931931               19
  0.63412896173158406               21
  0.56337215372307414               19
  0.49325408993105946               19
  0.61003326749833720               21
  0.47473862670500772               22
  0.67740285704295700               16
  0.44984100398251958               20
  0.50430208212895311               21
  0.36636159244580829               20
  0.53300366308248370               25
  0.68962431320830075               21
  0.75216020568943898               22
  0.67537929174625133               18
  0.54732870958021917               23
  0.71378525850171981               25
  0.61480254646830967               23
  0.69160837819955900               21
  0.80433754282405578               24
  0.95108478454604461               21
  0.86007074703493813               19
  0.98749215635198950               19
  0.72060016893455414               22
  0.72818618087231057               22
   1.0481627846216077               19
  0.75256051050357231               23
  0.75906869812267330               20
   1.1998190586614152               16
   1.0025653795609184               16
  0.95050409161614380               20
   1.0662062563737171               18
   1.0962518868787887               15
  0.85273282407406248               21
  0.99023851693505194               21
  0.83095688123992606               18
  0.98266931343333219               22
   1.0367814157442148               17
  0.77934096658893492               22
  0.87998659024366688               20
  0.82145938365849924               19
  0.95609182358867351               23
  0.72495993393593372               21
  0.77047843937875449               20
  0.85625811187974477               22
  0.70898915941481311               21
  0.59660094203682412               20
  0.65604270250149566               19
  0.53914075053064869               21
  0.61653392892554859               21
  0.44033963152404082               23
  0.63930812992567565               25
  0.55517960845600112               20
  0.64881627214649473               20
  0.46301678435042709               18
  0.41669817402486015               17
  0.57966431790949180               22
  0.46200550701272253               20
  0.40710038932277076               16
  0.55158103005438353               23
  0.56667150870252725               23
  0.57439144931296648               20
  0.64569609286303142               20
  0.64463225270751545               20
  0.45368912464253802               18
  0.59677735958329714               19
  0.62157531700359658               21
  0.57592515742879302               18
  0.84100817038260978               19
  0.54518350773122748               17
  0.86777830564518732               20
   1.0321961584287447               23
  0.82025543862405370               19
  0.79526689631694902               20
   1.0325951404422256               20
  0.86768154135760911               17
  0.83658311747753356               18
   1.1344858432049731               16
  0.99628591849379211               22
   1.0294804557700254               22
   1.0124505221029101               24
  0.98390671803715335               19
   1.0326072499597709               21
  0.88728175060274317               22
   1.0367447329548591               18
   1.0077297064268538               19
  0.80059540201369517               21
  0.85432409750934490               21
  0.88262406393228976               22
  0.67441607370402212               17
  0.94231025047997174               22
  0.54838392466918384               19
  0.65916435839439869               24
  0.54730862783420231               22
  0.84098443957799629               22
  0.77432386147994592               16
  0.62142263377534135               22
  0.52206356577052448               20
  0.51094320552223371               18
  0.63119488074398922               21
  0.52676966206812359               15
  0.44250218673325470               14
  0.36149610446975894               21
  0.49651781471151596               20
  0.41901405041718076               21
  0.53835486626255247               18
  0.66113976441272171               19
  0.56521756202155427               17
  0.36335491747928400               17
  0.36603967645421254               17
  0.61821630756217394               23
  0.59438469528662119               20
  0.43867637190632608               20
  0.62601896591290884               18
  0.63078444008109180               21
  0.54646797169631756               17
  0.81484979945479852               18
  0.85573773419106802               22
  0.78691708285545114               18
  0.81583401042345305               22
  0.96090394304057714               20
  0.69190596371846524               21
  0.88060817375661615               19
  0.85855083833926049               17
  0.75350048044120155               19
  0.69839580027612091               21
  0.94986750541588016               16
   1.0047314142646979               20
  0.95214203190943025               21
   1.0530454688073700               20
   1.0562929841221580               23
  0.75051315616273839               18
   1.1603596032357555               17
  0.98598211777414058               20
  0.89090601961165228               17
  0.99323240757616915               19
  0.79329504022962993               18
  0.62507287254830091               18
  0.81294784488050709               19
  0.65161334217890521               18
  0.88109573949483477               17
  0.87295734770338063               21
  0.77881526712454818               21
  0.48313734551817550               19
  0.59294476712302235               21
  0.69810359641418462               19
  0.46934423514528606               24
  0.60108316022770369               17
  0.40116095427561616               17
  0.46571592132363060               20
  0.60031234411120293               20
  0.39434055355080017               23
  0.40517512068164763               19
  0.43752678990997640               20
  0.64502369680850435               20
  0.37446242733711288               17
  0.47696642005910228               22
  0.49606598420368925               19
  0.30710375535135082               18
  0.47105513666788290               18
  0.32789600924675338               15
  0.41173607591583822               21
  0.57209984510458145               18
  0.44528863767750260               20
  0.46420126127035805               20
  0.64417208494720790               18
  0.74773649657608010               23
  0.43509271491925183               21
  0.71437915518563933               22
  0.72441882202938646               21
  0.71219466828412215               22
  0.62481031212529703               19
  0.89393717191136446               20
  0.67811306762146151               24
  0.74435959212295655               20
  0.97649500576229364               25
  0.74163924815667681               22
   1.0227667177821143               18
  0.99004085109298789               15
  0.81553097107944816               18
  0.80266347575324293               20
  0.96378685616595960               19
   1.0539047679682954               19
  0.98808462028255728               20
   1.0235569896978751               19
  0.89550999694069844               21
  0.94773303435232725               22
  0.89657885199971721               21
  0.80964311931602184               22
  0.73248015671531364               20
  0.87642649089087077               21
  0.61252816738816229               16
  0.66769730166370123               17
  0.62255062569351571               16
  0.59560110681350453               19
  0.69004053666805609               18
  0.50454519819269139               23
  0.64830893018018143               21
  0.53317432381291219               21
  0.43663087652230526               19
  0.42541998212909499               22
  0.51549032289832974               20
  0.36154581408151365               21
  0.45880373317534762               18
  0.35152612778794912               24
  0.62359481808157446               23
  0.27755065695455788               20
  0.42807418678859016               18
  0.39816099493821300               21
  0.56943855401002630               22
  0.40353022234398894               21
  0.27748108293291096               19
  0.58723999051879083               21
  0.43708774953879981               20
  0.39885899930913965               22
  0.54450428263662609               23
  0.44857205189016303               21
  0.73085737155795150               21
  0.61776698245238004               20
  0.84947538641626519               17
  0.67637715307176338               22
  0.89080295274755317               21
  0.63626519328475040               19
  0.83085209153101147               20
  0.65935641292300529               21
  0.60344122320611926               20
  0.81574172515804455               17
   1.0111376812625077               14
  0.94826448220396953               18
   1.1300510125454075               16
  0.88976418949045155               20
  0.93286187769974260               19
  0.93962267808183919               21
  0.92514373074333589               18
  0.97948923299634216               21
  0.94598690258464191               24
  0.96841578624793234               21
  0.60739744226941128               19
  0.76734719225269010               22
  0.53603226671335125               16
  0.74847641999938974               18
  0.56230505916361828               19
  0.56601596405817578               18
  0.45833394448404408               16
  0.70498228683781172               21
  0.61448984210977442               17
  0.58902810032390052               18
  0.46603327416964835               24
  0.60500272575363367               16
  0.34756820007081835               23
  0.37326926223330054               21
  0.33778672301645296               21
  0.29579341392289543               18
  0.34069605367940797               18
  0.27721501530816894               19
  0.49997285571903261               21
  0.49438923688743308               25
  0.37906420759845461               22
  0.24675211663235963               16
  0.35258274980212290               17
  0.20410196001926981               20
  0.53438688334603024               24
  0.55437927411373333               18
  0.24125869439725334               17
  0.59315511183166658               17
  0.63430349563169597               20
  0.48658505207659286               20
  0.40149748161149856               22
  0.67002406272943160               22
  0.67183777814226453               23
  0.69000261041099997               21
  0.58591387045942123               19
  0.74075200591324619               20
  0.86443837701180848               18
  0.92925149776006932               21
  0.93327049101547799               22
  0.98299071326071941               16
  0.67148869587016990               21
   1.1310935273937757               17
  0.94760134324174494               19
   1.0463758044477049               13
  0.93795320419732431               23
   1.0150823874483650               17
   1.0427548720437656               16
  0.75954046973967693               19
  0.78224283989634491               20
  0.75958234241639244               21
  0.83308467006087694               18
  0.87911814023544588               20
  0.71646173178259287               19
  0.68139597146641095               25
  0.72906295416637845               18
  0.55878819112121592               23
  0.52897929922900488               18
  0.50856086243109866               16
  0.70494677589072119               22
  0.48089153896040571               18
  0.37104523406730977               21
  0.61580019171652589               22
  0.37871955429165627               17
  0.47716906518983221               22
  0.32049751826651479               18
  0.37887852075809580               18
  0.28052311338917402               19
  0.33069583944747022               20
  0.46729805814900555               22
  0.25486279523348432               18
  0.24657497798557071               15
  0.38926457983271390               22
  0.63830604614021469               21
  0.44165835638589113               20
  0.34055377932063596               20
  0.22296504343014803               18
  0.52826234172215325               18
  0.48974587854950619               16
  0.74694532490155585               16
  0.66475030746770902               19
  0.62088319415000071               16
  0.69041843679442561               19
  0.63406035307174258               16
  0.77176353105017870               16
  0.76744678212158435               16
  0.74547955406808075               21
  0.75145404413337880               21
  0.90147402161292634               18
  0.70953545851788080               18
  0.67466343688456976               19
  0.67438985888572245               20
  0.98669827057502069               19
  0.97638043028508936               17
  0.96806017355997775               24
  0.69784746142122844               16
  0.98240179085587032               19
  0.78707159349724265               18
  0.71306868119069400               19
  0.92283425150111520               13
  0.89846172552070214               19
  0.72948753734721050               18
  0.79027393498142717               14
  0.65365220752925179               16
  0.68164949918473894               17
  0.70914540448820285               21
  0.62097573140642948               19
  0.40845430894665147               17
  0.36810922054321915               23
  0.40385523655258582               21
  0.51402423753975135               16
  0.39233581758077546               18
  0.42274731984170688               22
  0.33321628001531067               24
  0.42721036975380750               21
  0.53555474055547103               18
  0.26252293128212784               19
  0.31877426984850787               19
  0.37649828532668927               17
  0.30038120654821271               19
  0.28305247754292107               18
  0.37674924193967418               22
  0.18904299262172272               16
  0.41341398862550321               21
  0.19723746293977326               21
  0.35805539701613881               17
  0.43138302790466121               20
  0.55115652773651436               15
  0.57984675525692531               19
  0.45579942816195218               21
  0.40618495805152788               18
  0.51519589290146417               20
  0.51772029082608761               21
  0.68409321778761512               19
  0.74819362802568168               20
  0.71503822564670472               18
  0.82551093159241740               17
  0.84383662457847208               16
  0.78521381998027673               21
  0.94923014870267663               20
  0.88817251383255180               18
  0.94550154539668474               19
  0.99433487513840857               22
  0.96951349884526528               17
  0.76532548681291634               17
  0.91193241891451848               19
  0.89295945764581064               19
  0.84819071657890122               20
  0.96549604876443129               17
  0.83449969689831649               16
  0.85216682009537525               20
  0.92268609394598355               18
  0.63688819792687645               19
  0.87511594477156818               18
  0.63621612580229858               21
  0.44109098921262002               15
  0.60544813422334220               21
  0.62943471590486277               21
  0.59805605839571807               20
  0.49295006655528301               16
  0.56186068093410702               20
  0.47366928116754775               19
  0.56143359581227625               19
  0.28210626019584994               19
  0.25616821007074236               20
  0.32050657351968287               19
  0.42687683188558390               19
  0.28314807313758417               23
  0.32755462191305307               19
  0.11368102160290196               17
  0.24393681771146475               17
  0.25068584837310531               19
  0.24653122790505327               21
  0.42882520268785634               18
  0.14499841744187245               16
  0.28331804691300516               18
  0.46747192961833006               20
  0.38324511602678529               23
  0.53525885454616973               19
  0.54121448415733975               19
  0.65846204422109877               21
  0.75092753815938018               18
  0.64141380388144609               17
  0.68985216369461178               20
  0.79392807215830696               18
  0.72971515309695867               16
  0.63765586072478919               22
  0.71609271867457613               23
  0.65002856285943711               17
  0.86473278143281140               19
  0.84353283684535907               21
  0.93461917138285211               19
  0.87293579926930998               16
  0.97416628219539492               14
  0.78841003065369397               17
  0.93982868639938622               23
  0.96658055783816033               19
  0.97780512515737417               15
  0.99596582644257547               16
  0.68102656705773912               18
  0.83647865479493855               18
  0.81754640455067273               19
  0.62012402714005666               18
  0.55783315557827007               23
  0.69402907711669504               21
  0.65418251318287191               21
  0.46318706598158449               15
  0.54377277597520002               19
  0.56605821332066220               19
  0.27321267858331538               17
  0.58546344061446920               16
  0.40304068373126894               22
  0.32028450548972476               22
  0.17621157729760956               19
  0.32788276660127180               16
  0.38443614918145902               18
  0.12531603034202593               17
  0.35315382026602582               21
  0.23551750311183109               16
  0.21283882252366818               21
  0.17054626535784592               19
  0.31986745252345739               22
  0.27427443420862402               18
  0.29411993715717610               21
  0.19213656930789497               20
  0.44582628382394457               19
  0.35411038083764768               22
  0.36534751614253003               20
  0.34804871402742027               21
  0.65594471030119217               21
  0.61337386332322785               19
  0.49343537695108436               22
  0.44450006275577902               18
  0.40616725590861641               21
  0.50377568875461387               19
  0.73914382702241144               17
  0.71925744152866011               21
  0.69638425891822764               19
  0.87440398144484399               17
  0.87504596781516752               17
  0.85263176461361911               17
  0.97360149433238308               25
  0.89989998811374783               19
  0.93595444853978071               17
  0.92234539449805397               21
  0.88170851259591243               17
  0.84124448084375081               20
  0.91251941868287723               21
  0.96137244212915807               17
  0.94648000748225070               15
  0.60553950865720962               16
  0.94618686690920439               18
  0.55393498069431979               23
  0.59496012075577731               19
  0.48830454898604880               19
  0.41344938813523302               17
  0.40913186585838879               16
  0.55662290646943191               19
  0.69858517157369959               15
  0.50647696330544234               15
  0.35069535550976205               16
  0.46649978114946011               17
  0.33755797745220689               16
  0.25186247342631485               21
  0.20569676283455690               17
  0.26182772508820101               21
  0.33101354527873561               22
  0.27961323581555947               24
  0.13167276919143100               16
  0.29072440087104079               20
  0.19735161022472933               19
  0.23644595164892873               19
  0.22178604621097972               19
  0.14490489114288552               18
  0.18680232252148993               17
  0.43323044508673564               22
  0.35424326749899704               20
  0.50742342940840024               20
  0.30664166619815242               20
  0.52940398001618483               20
  0.50496612610223979               19
  0.60712844793593379               21
  0.45644838510614311               20
  0.60236562645951330               20
  0.54923577773690702               21
  0.57811424508014242               20
  0.51288123253848483               24
  0.51309829671811891               21
  0.69042494729477399               18
  0.59061557456062874               20
  0.92702902168204182               17
  0.83654457159301809               17
  0.95659898112248398               17
  0.92297066503299807               17
  0.90262787879639172               20
  0.73016201254174973               16
  0.96996856517507646               18
  0.68463245000357131               18
  0.76922355240412854               19
  0.87297567795853248               17
  0.72013931552491317               16
  0.78216244336357044               20
  0.93645100185045893               21
  0.69004383264841418               20
  0.54110764118748500               20
  0.75100586561400617               15
  0.51288123945444231               20
  0.58878207250058157               24
  0.60568623317450787               18
  0.57006938808196694               21
  0.35110617969335972               17
  0.15641197438368742               15
  0.16633132332150261               17
  0.22194673193673270               16
   1.3175728254839335E-002          14
  0.10711181808643214               14
  0.23939243477772218               16
  0.22534776473053852               19
  0.37438847156310306               22
  0.29325273684056774               20
  0.10049586260844551               16
  0.16865722059349206               18
  0.29676822619428050               18
  0.12399942731922410               17
  0.29656895909593711               16
  0.24163454119447889               19
  0.32356882808197285               20
  0.38640612214509190               18
  0.32071527992346960               21
  0.47880276209171174               17
  0.52702848733005980               23
  0.55373639164435917               21
  0.38431121233192717               21
  0.55498653210439730               19
  0.58577767339225617               21
  0.51335702302401476               22
  0.51426628392122342               21
  0.81984466329896288               17
  0.85969827061348025               20
  0.58926031158531733               18
  0.90374280964092180               21
  0.96979231271919009               15
  0.86269014652749698               14
  0.95973029529845666               16
  0.87076531413658997               22
  0.96872855613575748               14
  0.64683378688173065               19
  0.91150935911649933               17
  0.71058320973853917               17
  0.82152934869591865               19
  0.67438513971437830               16
  0.69173304035964034               17
  0.76991751684816889               19
  0.80801254786679910               18
  0.88717340718645654               19
  0.38736359369178497               16
  0.73328961413166227               15
  0.59412385376571086               18
  0.46819996767845679               16
  0.49397745858300646               18
  0.39433018870772535               15
  0.41494591442148826               17
  0.40435030940955008               14
  0.30456418449835720               18
  0.27672816510208148               17
  0.23997391973972121               19
  0.20773828469400352               18
   7.1736177278686780E-002          17
  0.11707235991312356               15
   4.4057265616626491E-002          16
  0.25142005981402987               19
   3.8894183645570499E-002          16
  0.13114949868136053               15
   3.4466825377545418E-002          17
  0.18210034111562798               20
  0.36613305822975267               21
  0.20240705769959294               18
  0.30628081919226707               20
  0.47597285978889153               22
  0.36889501751969389               18
  0.40585505206596489               16
  0.48335807986587354               22
  0.55559998341316508               21
  0.54692930256401817               21
  0.54138615468192985               17
  0.63439124810296743               23
  0.63743854144172929               23
  0.90557959609489358               16
  0.76150985172251506               19
  0.79001994426524158               22
  0.94911184262659365               15
  0.96666648927379339               15
  0.81968829950742916               20
  0.95910526582249955               12
  0.76017835237148934               21
  0.79239447662296159               19
  0.89523211875422282               18
  0.87559280644748139               18
  0.95886155504296111               15
  0.81743072459395494               19
  0.77431546087592551               17
  0.77341815631489153               17
  0.84572550498194188               21
  0.60565636102871556               16
  0.67708640422526811               16
  0.47191225340147674               16
  0.51413985808398543               17
  0.57728551930855510               20
  0.46979272820463996               17
  0.28954627267545147               17
  0.57622583407827810               18
  0.39274961931847852               15
  0.45857191457227670               16
  0.25565920246218998               22
  0.42274899997349930               20
  0.17536904606273135               17
  0.11531250497374415               17
  0.28617830727979221               18
  0.25465876575217233               19
  0.17315033597980689               18
  0.10127898137333693               18
  0.15965467824295840               20
  0.18335831787370291               21
  0.11175834597073278               19
  0.41694981714797974               17
  0.23432589100527357               17
  0.34658503743494290               16
  0.56795692728072045               23
  0.32609624464693393               17
  0.22786188463965454               21
  0.50036042284895843               22
  0.40997126166306186               17
  0.47990162564276612               21
  0.65377913612332450               19
  0.47393281363095463               20
  0.57250734707780815               21
  0.76645853014268450               21
  0.80161191904637596               21
  0.69933321494363188               18
  0.68203060071000932               20
  0.71461996865256694               19
  0.84137354559884148               21
  0.89353738990967513               19
  0.93612421204027885               17
  0.81889623273417100               21
  0.82167734057614605               19
  0.91440437475521841               17
  0.80318834624616642               15
  0.91749005950629192               16
  0.86530882315396473               19
  0.87475453740862974               19
  0.74776038775593845               21
  0.64444923968212453               19
  0.74573653113903260               20
  0.53455418408795730               21
  0.51675424777580281               21
  0.56145559345280660               19
  0.33749467202133765               17
  0.63624098897248993               18
  0.26494683205996777               19
  0.31754508491035949               20
  0.26249371078429645               20
  0.40223256385798378               19
  0.21440060867275157               15
  0.35954931263940293               17
  0.24291781714640645               19
  0.29945833558332224               19
  0.15264745511799258               16
  0.25836396634327446               22
   7.0123310266738421E-003          14
  0.40376909486950507               17
  0.15636902559371149               16
  0.12719986322256560               16
   8.5098796325336720E-002          16
   7.3260306710506623E-002          19
   6.0827266577584166E-002          16
  0.44706234748564810               21
  0.25861642564599968               20
  0.25575301640737230               19
  0.26506239385409552               19
  0.44169759749781867               21
  0.50531921515114742               19
  0.45533943318508729               18
  0.86807172450791925               17
  0.50108379290191851               19
  0.59366015663584071               20
  0.76652383685014402               16
  0.68402832399050895               22
  0.64520937632131603               21
  0.69051738395396955               19
  0.67414139105458903               21
  0.71394175021840200               20
  0.88839925448027002               21
  0.94687937083379625               16
  0.95263733098545422               15
  0.75190507225394365               17
  0.90896610842497594               15
  0.95555875972435600               15
  0.87128321187710500               20
  0.68263851799941100               19
  0.52671953074801303               20
  0.51614660137708601               21
  0.77741142535298446               18
  0.70380612191225211               19
  0.75009022649402179               18
  0.72890983823603828               17
  0.53180043570313440               20
  0.53141023557982681               21
  0.27431604532124698               18
  0.54992298944470308               23
  0.48296679284492627               20
  0.46093587037874939               19
  0.20851760503632227               20
  0.38346559055143470               14
  0.16609624468633344               19
  0.24700189173946865               20
  0.14534978671414864               17
  0.10427537948108694               18
  0.12714036376984353               18
  0.20784955711028177               15
  0.18776455656525051               21
  0.19340454117714426               20
   7.1858277900060025E-002          19
  0.31619323840142272               20
  0.35852829663727015               19
  0.32328152486529421               21
  0.26033712066962278               22
  0.20274532903148579               21
  0.31898189657812731               19
  0.27878712644405884               20
  0.50547198449361208               23
  0.45930944983324112               18
  0.33396650465790234               19
  0.68692401466783293               17
  0.44098879913317773               19
  0.61357633084154450               20
  0.60274937842430165               22
  0.61193291885465051               18
  0.65692393226162882               18
  0.86321838898212677               16
  0.76335599110516050               19
  0.86340599331739731               21
  0.74339604032462603               20
  0.97136840995277363               17
  0.92306745991532391               19
  0.59899506212049736               23
  0.82575945518326277               21
  0.80576530513680278               20
  0.87217561087814877               20
  0.87821180661569131               18
  0.61143132955965995               21
  0.66425463254911243               19
  0.68472611030035069               21
  0.76082828725511298               18
  0.59946327799056132               17
  0.54809305809341236               20
  0.48925880964031715               20
  0.64605670453275166               21
  0.57448467845724571               20
  0.45784051486316840               14
  0.45445312796198140               18
  0.36604374903389086               16
  0.29261452530680504               20
  0.18314599105462517               21
  0.32508950396481884               19
  0.34479029928327487               13
  0.40299404949746265               14
  0.24997371649806879               20
  0.19877616754953414               15
  0.13365161250678706               14
  0.18720164804399289               18
   9.8562543154399315E-002          13
  0.17795174606282510               17
  0.18765581478836149               20
  0.25910148194899379               22
  0.11698717002762163               19
  0.30815630471758648               20
  0.31201078778533980               19
  0.31148271663723015               17
  0.45807432310956520               20
  0.48152468552769945               20
  0.51013432318039431               22
  0.57379016970173269               20
  0.62213256346157264               22
  0.41241718525818782               15
  0.57626084537176514               21
  0.79352073950328861               16
  0.73119313102952532               20
  0.77146525200851090               16
  0.80637552024755810               19
  0.66929993760114137               19
  0.87917271573635736               21
  0.79904229107863456               15
  0.80297544573045176               21
  0.82393209413188839               22
  0.80360429135510281               17
  0.95561333053119968               17
  0.95720495194329702               14
  0.94760972659478837               15
  0.79394448216285940               17
  0.71934546749982708               18
  0.78237615246310355               15
  0.48476496436806027               20
  0.56467142111879676               19
  0.73871015593142864               18
  0.36638158912461366               15
  0.41096618859204326               12
  0.50653770709776380               16
  0.31807478238096099               18
  0.27129939668862735               21
  0.24302649219614558               19
  0.43228909125224851               19
  0.53615845525615280               23
  0.44577182198818444               16
  0.30689503870922585               17
  0.29144148316952578               16
  0.23440264774164804               17
  0.11549506727053234               17
   7.4309214675158261E-002          19
  0.33631282084293851               17
   3.6952648743269964E-002          15
  0.17809141390019656               18
  0.13910258592521735               17
  0.23150189086984410               21
  0.21758787476134650               18
  0.14682890773719975               17
  0.38030222783902284               17
  0.18636863805086964               18
  0.37924960918375911               20
  0.36139153481052527               19
  0.64648890021434147               20
  0.34630233810186045               15
  0.38205239590095164               21
  0.58114502873883878               15
  0.54256757001312295               19
  0.45891198502945313               18
  0.55312845121878274               19
  0.67704567458880394               19
  0.77038058081611549               18
  0.65440047079774144               20
  0.84911747850328134               12
  0.80009090937900851               19
  0.94482887339498367               16
  0.94373078458803361               14
  0.76281877111461693               20
  0.87504145842786596               15
  0.89622484012101977               16
  0.81239535190941647               20
  0.66593238155008305               19
  0.73654664222633248               20
  0.96593376033310774               15
  0.76895345180811725               19
  0.71509932569118717               18
  0.67907300165795970               18
  0.69304417138577967               20
  0.61490026048826329               15
  0.64289497944684282               19
  0.57222222448102489               25
  0.47251293725201632               20
  0.29975554007018407               18
  0.21821129115296078               21
  0.51082038111540384               18
  0.36159032508169542               15
  0.34513999552291136               16
  0.42255310999658557               18
  0.14222774951755079               17
  0.14424345720592430               15
  0.14586524403870951               16
  0.25949186596849916               19
  0.33415701531227288               16
  0.24224954665043302               21
  0.25467310140797178               19
  0.10073608638354534               19
  0.30719418545164617               18
  0.10800544394149847               17
  0.33784976606299300               14
  0.40213892072432977               14
  0.28923805567478245               19
  0.27264002026982226               22
  0.35814188933961844               16
  0.44437479118518219               18
  0.57342765077246527               21
  0.55842593276026808               20
  0.47840842358562685               22
  0.82252009498964673               17
  0.76044481428386446               20
  0.60937194350909274               22
  0.84370198062335966               18
  0.85175525484210435               16
  0.89732298390797227               16
  0.81443282494733138               15
  0.96342984629666595               15
  0.94755794382842906               15
  0.88426536255607913               16
  0.82774867192459689               20
  0.90076272117427092               17
  0.98700742355417126               14
   1.0013715541785733               16
  0.94159697070950710               17
  0.98381124642000506               16
  0.84671236426468655               18
  0.81130947079646121               18
  0.74487546857849851               14
  0.76249675238453563               17
  0.59738622656915052               24
  0.57913278333913276               18
  0.60671590141445308               21
  0.74849806907998073               17
  0.59850971234947747               22
  0.66418027368341015               19
  0.56198204243125727               19
  0.44645464215272745               14
  0.50330540303792437               19
  0.42742681308776315               17
  0.31966143990214074               18
  0.21916562622906863               17
  0.27612900527770551               16
  0.24372489104185049               20
  0.20612506679319884               17
  0.18933141201415404               17
  0.15089973413133112               18
  0.20385850371554792               20
  0.19821606109971432               17
  0.24098410579105456               17
  0.25984077816288265               20
  0.40805713229789431               16
  0.39227886159274911               17
  0.34510172196303684               20
  0.36191783723371740               14
  0.46471866979843768               21
  0.47032318580597876               18
  0.42042984978733655               20
  0.46609898694968399               19
  0.43261728012495732               19
  0.69889662464485613               21
  0.81950734256948932               15
  0.56270437387521388               20
  0.64780277885528170               20
  0.71136736908458009               19
  0.89879600076683774               16
   1.0197739098035985               12
  0.73067368314885295               21
  0.90950823803541836               16
  0.97535086290680162               16
  0.77684829379504039               20
  0.89087498522745334               16
  0.95069814789377116               15
  0.71719842152081636               18
  0.87575155340954136               20
  0.87718600607095343               20
  0.72874691264133007               21
  0.76174053054509427               19
  0.77840037723441868               17
  0.77910835998177874               15
  0.83735890104032129               18
  0.76429658437677783               19
  0.62499673415474055               21
  0.62352859827590756               22
  0.45999065221914631               15
  0.54104544509368324               21
  0.67253454134891211               20
  0.51712273871264147               18
  0.51707666273778219               20
  0.54582318948042718               21
  0.27082060813876691               19
  0.32388356156739273               17
  0.10851237789830677               20
  0.33308013134084630               21
  0.39438345148975112               16
  0.36791608712810192               15
  0.21583197643470300               16
  0.14247047199565246               17
  0.34079183699500154               19
  0.18687978083864640               18
  0.28973815286516158               16
  0.24517056761101080               18
  0.29441793152359447               22
  0.35669054493987390               20
  0.50329534571296908               16
  0.51324075901685740               15
  0.45152485677629206               19
  0.31303679499464632               18
  0.53314430648445887               18
  0.63051751885382668               21
  0.53584893944513567               16
  0.67325067208963896               18
  0.69032755043537142               23
  0.59475979306436810               19
  0.73729537821301205               13
  0.92418547703375287               16
  0.83470649158120824               18
  0.97283423892303877               17
  0.97004094271109287               14
  0.70400426213153566               18
  0.91863457241337110               15
  0.88680355490653273               16
  0.85935821222950004               18
   1.0162933066369895               15
  0.96540632237841573               16
  0.86888193339244024               20
  0.89104528285449913               19
  0.79878443876752359               18
  0.70045691708923397               18
  0.65782187430975603               21
   1.0049564413775167               13
  0.49401986686339622               18
  0.63185451861795294               20
  0.81610995534026376               19
  0.57976392393121290               21
  0.52514667438278617               18
  0.60741429552445103               18
  0.42362274859308924               14
  0.46803243455615617               19
  0.30758682153920180               20
  0.45734891220592477               20
  0.49486940652779920               20
  0.40835087872383197               15
  0.37723312949535653               18
  0.41742679103578301               19
  0.26547800543492428               19
  0.36586969942666758               18
  0.28837499495646257               20
  0.35411679769665216               17
  0.55386933335642508               23
  0.44928092530531899               16
  0.40875892720865387               18
  0.46365377337981201               16
  0.52167028778375368               17
  0.41439224088747434               17
  0.58483064145448593               19
  0.51535462069792126               17
  0.66164545254514162               20
  0.62498856130973457               19
  0.49101890495462419               19
  0.48518252981277599               18
  0.63120184855236905               17
  0.83066566233639694               20
  0.78536550769570146               14
  0.85320774092865226               17
  0.95373124444090018               15
  0.95023290358009349               18
  0.71033386626276618               18
   1.0380457270249122               16
   1.0047359906485027               16
  0.92085368271603096               17
  0.96564391771445168               16
  0.95414190751718464               17
  0.82689048132017007               18
  0.89698742753370353               16
  0.67879531970645068               21
  0.95820757596137685               17
  0.84120428315031859               18
  0.66771001519565043               17
  0.66266802001380309               19
  0.54110204515353721               16
  0.66668749666704108               19
  0.76383797087706695               15
  0.69040254889191877               19
  0.60446170330604765               17
  0.51612517641988231               19
  0.58252741935057140               20
  0.58064726932671740               20
  0.44935298425466375               18
  0.35691667784392472               15
  0.56215076215439053               20
  0.28023803157569349               20
  0.44603910050489687               19
  0.45795431144265386               20
  0.42518559132117045               16
  0.17472962755559460               17
  0.47181578437965255               21
  0.40973764135091800               21
  0.31848174479053215               20
  0.28055454054146045               19
  0.31053108551205849               17
  0.60772363219756209               22
  0.36880712257694404               17
  0.58953087852109154               23
  0.41869608370093925               20
  0.46668216103266075               16
  0.38520856639624551               17
  0.70173262825434379               25
  0.69174412785052852               19
  0.54028255725954033               21
  0.74183618609876611               16
  0.63456766295398503               18
  0.69707884489551120               15
  0.81406373276260191               25
  0.76237281246954802               16
  0.73688322936197836               20
   1.0051392312107283               14
  0.91564096598754485               18
  0.82887311769334970               17
   1.0577983206113080               13
  0.86755207366612053               19
  0.99502536508646688               17
   1.0177765236417029               16
  0.81742685889003086               17
  0.83209727321629245               17
  0.82978795587989518               17
  0.95076559989542320               23
  0.86073376488172804               21
  0.81620553159906795               19
  0.75792329638677780               20
  0.68341952637615977               18
  0.56453869955279978               18
  0.58720771510515468               19
  0.55017335490281150               19
  0.49818500229641860               18
  0.56985177075232540               19
  0.67024947285804026               20
  0.48260143514350717               20
  0.61417370745816946               18
  0.48056498450820501               17
  0.37436642549068611               20
  0.33515471940704888               18
  0.32830889518005152               18
  0.27573173687883529               16
  0.23242698726908601               18
  0.39753238001362090               21
  0.30125549861934425               20
  0.50679255618682040               17
  0.47157732940191904               18
  0.65697486728459908               22
  0.27861466408313135               19
  0.24954764703011828               20
  0.38115736650342380               21
  0.48746254043424853               18
  0.56466551115219177               21
  0.60437769552085396               18
  0.58467525448521440               17
  0.64531829912884731               16
  0.69677469281666948               22
  0.66155740932811569               18
  0.74316932681142300               19
  0.72725758820802711               20
  0.83507594359516457               19
  0.69882424391506415               22
  0.86626130344231667               21
  0.88161826070105931               18
  0.74012842332861561               21
  0.78432274636899602               19
  0.88720062413275524               18
  0.90373897729698116               17
   1.0269351901767985               18
  0.85337432423946158               16
   1.0112762498118257               15
  0.75849149833317486               20
   1.0380931119302204               17
  0.96981716390179817               18
  0.89689969929097191               16
  0.82577506227067143               21
   1.0240530440908713               22
  0.78874009491876185               20
  0.59160062160202531               22
  0.74335076834938807               19
  0.62632924919351562               23
  0.63597902768185588               19
  0.48203098541099654               17
  0.70138396587550789               21
  0.74032765031552261               20
  0.53139174626118135               20
  0.49774780885536202               21
  0.41146860394357099               15
  0.44577318143887829               19
  0.35300760109914397               21
  0.38990698477245622               19
  0.49148184101006576               19
  0.37978982504208819               16
  0.50769649315329035               21
  0.60686457114659087               21
  0.35855142280726976               17
  0.61507437815820520               20
  0.53724195534572827               22
  0.69775193735446528               21
  0.53191320502689754               20
  0.56802731242244853               17
  0.57746759741566089               21
  0.52341907682219535               19
  0.58190541830321785               21
  0.43893978715143261               16
  0.65484455227275595               20
  0.61169920889616280               20
  0.70308066646318679               18
  0.94760678242619489               18
  0.62946442698539629               15
  0.79692682631197886               26
  0.88643426971944350               18
  0.97595705417608059               15
  0.79093231913837325               24
  0.86115749330166380               20
  0.88475629542404000               21
  0.86211484923829762               23
  0.91219279517096485               19
  0.94423183613860218               21
  0.78011169800984126               17
   1.0746647701839382               15
  0.83466669934412574               18
  0.90173835730439911               17
   1.0316858089145446               20
  0.86012775642811989               19
  0.69761391854883692               17
  0.91049992753164066               23
  0.94787796608763308               24
  0.87291657064405803               24
  0.69039118384662457               22
  0.59867387962888252               19
  0.54469724910871109               17
  0.81928556140254760               19
  0.66543020470989067               22
  0.48701188686421643               22
  0.65433124151850330               20
  0.53676165557533129               21
  0.54365851540051136               19
  0.43892051126413645               19
  0.61758046822546886               22
  0.47045045275027525               20
  0.56614525348974531               23
  0.34210545702135248               20
  0.38403353904958942               20
  0.56703502700291297               23
  0.59434005453288885               22
  0.42005633483788296               17
  0.50345396561766720               20
  0.52596568990643355               20
  0.58292651563292885               15
  0.68261104157640384               18
  0.63142300170751464               19
  0.53999006486119661               23
  0.56623780329689311               19
  0.68995808873832654               21
  0.43125222551948450               15
  0.82561477923382953               20
  0.73419978874796177               22
  0.58668068880332547               19
  0.77491467431551297               21
  0.73632725673882604               18
  0.99976554151332864               20
  0.82486066038113937               19
  0.91984604231602152               18
  0.89955205829107554               20
  0.98962679288952593               21
  0.95831173672378134               15
  0.90989560901645528               18
  0.78368846027242867               25
   1.0173466249619276               14
  0.98119521411556010               17
  0.94743624975468621               17
   1.1101451174018246               17
  0.91469205826403532               16
   1.0279075958226649               20
  0.99404543362244868               22
   1.0577849256534160               21
  0.95440876627830795               22
  0.65495382750986619               22
  0.50498021487311706               18
  0.93040569192704092               21
  0.68224948609391178               21
  0.80933325413953849               19
  0.80658788959768790               15
  0.53385455627404188               19
  0.79842280400505361               17
  0.46182874953350633               17
  0.65209180793406385               22
  0.66261933249451332               22
  0.42641971564229286               21
  0.48006263893890389               19
  0.39635516592868536               17
  0.54287515571982226               19
  0.38186384905816040               18
  0.52656723047321219               20
  0.63656071688164773               21
  0.63353897299223583               23
  0.49715302420762614               19
  0.51112779963343391               19
  0.50561466906787100               17
  0.42071816993228700               18
  0.78572107388666323               22
  0.77935681623936603               19
  0.79438536441895247               21
  0.66081595307552121               23
  0.61312195088039301               21
  0.56721203920478236               18
  0.63978680330461546               17
  0.66972292057574967               21
  0.70722199356681548               19
  0.87664759193764996               21
  0.87611022308291087               16
  0.95578227334694588               19
  0.95905012827806413               20
  0.95120234704779283               20
   1.0342457218307837               23
   1.0353323536750918               15
   1.0533114462942614               20
   1.0033946711165531               13
  0.93395571258495269               17
   1.0962513796983391               19
   1.0724893604128556               20
  0.94880091672561739               17
  0.99908852228073020               22
  0.94007844593425105               21
  0.84252450968864190               17
  0.90980564897474248               21
  0.60645706453277226               20
  0.65167184647841292               19
  0.99552716832361099               19
  0.77428556959653849               23
  0.76673606851632470               20
  0.77136978137327983               20
  0.78382511381949227               21
  0.66396735967317755               17
  0.92307071940428176               22
  0.57711392585084531               22
  0.34961931292411463               17
  0.58924649387332861               21
  0.42974436442603992               16
  0.65595968663879634               19
  0.56871607088698761               22
  0.52253067801037256               21
  0.68415309386192114               20
  0.53937809870036690               21
  0.50605035409758070               19
  0.62604950306361951               23
  0.76443818190998847               18
  0.57901135714579388               20
  0.45733667650619442               20
  0.68807659739235028               23
  0.29575289458289961               20
  0.51490790010133447               19
  0.73576056804620515               22
  0.55176407028736385               19
  0.60877505915510133               17
  0.75533310227175787               24
  0.69416757016710584               22
  0.80363380282905839               21
  0.94210729094816115               21
  0.92810044939169711               19
  0.89079970780403961               20
  0.83789491363206881               23
  0.97054307898798464               20
   1.1356948141328405               16
  0.93812589566950566               19
  0.99269147809625569               17
   1.0215482156431801               16
   1.1411002587711645               19
  0.96630062523559290               19
  0.91427493571599616               17
  0.87076188826423273               18
   1.0762113932369235               21
   1.1319934660254365               16
  0.69839575484392613               18
  0.85918866367921121               20
  0.93857478683620688               16
  0.77563119972810024               16
  0.75963040415499938               17
  0.63217691130721032               17
   1.0201260384036106               18
  0.71989658413258673               19
  0.72971578343040222               21
  0.77471116927401928               21
  0.70946223064399938               18
  0.64514391035662677               22
  0.71541123155977948               19
  0.60897785573747487               24
  0.42241876448830407               20
  0.66651960690994139               22
  0.47531524173495837               20
  0.68791638800297805               21
  0.76649151995105858               25
  0.59836923918543261               25
  0.46337246295368884               20
  0.48340737612219248               20
  0.63525715274416739               23
  0.69789115815521130               22
  0.74033166972238884               21
  0.49348991423056482               20
  0.66141442809531559               22
  0.67442043380406758               23
  0.61377682862809801               18
  0.79602834615946183               21
  0.75803472220417245               24
  0.68278355529540802               22
  0.78197497230814528               17
  0.80911289970508515               22
  0.91473709180583662               22
  0.71130036172579081               20
  0.78910578753465999               21
  0.99137701025921932               24
  0.91937293694811251               20
  0.98415719502264909               20
   1.0752179305958083               16
  0.90649323073029231               19
   1.0637525397152456               18
   1.1371156165743437               16
  0.97672093874771182               18
  0.98099521503010390               21
   1.1617471777416957               15
   1.0785929197706294               19
   1.1080370688756895               21
   1.0243838922119464               22
   1.0355803603254585               19
  0.93032894055672422               22
  0.82207384717364229               19
   1.0360487108520304               22
  0.87522673113726868               19
  0.94649096434639213               22
  0.77191589713502839               22
  0.71496756673544359               21
  0.75407348351664794               16
  0.91549455176843464               18
  0.85590726824775032               22
  0.71894491224303436               21
  0.70026260363470549               19
  0.61299078837110477               22
  0.62591148782805139               20
  0.66637119195416572               21
  0.57360320584560953               21
  0.64083382023651292               21
  0.60382106085701137               21
  0.54492921068387346               18
  0.45159465095580814               18
  0.57404641150379099               16
  0.72091268080115600               18
  0.72334908613362248               25
  0.86960370011372501               19
  0.63976833573815028               19
  0.70010407180127765               23
  0.53621404419603036               22
  0.70356035857858945               22
  0.53325984656929015               21
  0.70248628475354902               19
  0.71142549223478935               20
  0.76333680128496983               25
  0.77961554335515304               22
  0.88554414227220690               20
   1.1189219852519465               17
   1.0213670922502089               17
  0.86127671428602182               20
  0.86180526469612728               22
  0.84220256470869181               24
   1.0878095489912476               21
   1.1979149266971254               15
   1.0880875899319375               17
   1.1311244836911114               17
   1.1468541733371076               17
  0.82388875604928125               18
   1.0656861115193297               21
   1.1171952164684071               18
   1.0166005870241690               23
   1.0450880184951643               20
  0.89257869089800490               21
   1.1115607868827173               22
  0.99162334851324363               18
  0.83543460010418646               20
  0.95213460601768951               22
  0.97214715244536598               22
  0.68433199548674994               17
  0.87878038274390891               19
  0.96119141820081022               20
  0.84652225512545731               17
  0.66206988073030604               24
  0.88318681851055170               20
  0.61329708184179343               19
  0.76012418557427375               20
  0.71887901764598472               23
  0.66742520180101383               20
  0.59331373992957603               18
  0.81422875150129104               20
  0.53476626624486290               19
  0.68237743460552391               21
  0.68761519086862788               23
  0.76778354869893994               18
  0.56635949821251064               20
  0.86271448156676289               20
  0.70517970117060025               21
  0.73933445051572422               21
  0.61787423516294349               25
  0.63109968878399358               24
  0.68069244796148032               22
  0.84060575217387090               18
  0.98613586759645855               21
  0.90528370146541359               22
  0.87084107009518408               20
  0.76312101498550411               20
   1.0331421741375268               21
  0.75093811039423586               20
  0.79317135774370451               25
   1.0063610286056928               21
  0.97072779566645406               21
  0.96780650367826793               22
   1.0201635748537972               20
   1.3114821085895862               15
  0.97692389651956391               18
   1.1014646655062095               17
   1.1822725251990480               20
  0.98757200374518272               21
   1.1488461636494245               19
  0.95977348339406998               20
  0.97508110558277405               23
   1.0690962487125433               18
  0.94355125314825739               20
   1.0907317597115105               20
   1.0674682507901416               21
   1.0693940897450973               21
  0.71812896441943075               20
   1.0875171269132560               19
   1.0152826517134119               20
  0.86630120963681700               18
   1.1180011953684126               18
  0.81996443205599545               21
  0.93711699665543746               24
  0.68782241615706285               22
  0.84347986805828690               21
  0.75431717015492816               18
  0.85507864486403595               21
  0.81557063164485744               19
  0.81348327127037845               20
  0.82624494614541855               23
  0.63809014370448880               23
  0.54974904579855122               20
  0.83317136067585484               18
  0.74557431993344525               21
  0.59563523889073178               20
  0.76931928485098522               18
  0.74496236115657488               20
  0.88157387986592117               18
  0.66425525918068840               20
  0.63130699457847306               20
  0.80117191797018050               16
  0.88879880751968343               16
  0.61175965792096909               22
  0.80603214093401654               17
  0.93309388617197919               19
  0.74325848485742407               24
  0.96027303594641178               24
  0.70087238890206682               23
   1.0376018234685251               17
  0.96025108647083068               18
   1.0347031636904751               19
   1.0250690954686703               20
   1.2453825528429467               18
   1.1148948531444454               18
   1.0815559812746500               15
   1.1256844515957367               15
   1.0162012619153293               19
   1.0112213326495749               19
   1.1261838690565926               20
   1.1685851343747644               18
   1.1412399062242580               20
   1.0978935163878591               22
  0.97979999169283738               19
  0.87580267938229073               19
   1.1832931106251214               16
  0.85368904259112888               19
   1.2834567642162777               15
   1.1263768668578802               19
  0.81858021101000844               21
   1.0659119371914731               17
   1.0635265100547133               18
  0.88352178424825933               21
  0.88479213309380766               22
  0.52071524782362910               20
  0.83746261304415448               21
  0.88505697217516577               21
  0.89882888569748465               22
  0.74921404510482925               21
  0.70249318112506720               21
  0.63833583344050326               22
  0.73204957183527919               23
  0.76187480702318655               25
  0.49554029499134733               19
  0.71191531502768413               20
  0.91241500032901546               17
  0.56952235105359172               19
  0.70997224349026267               19
  0.91688506001674641               22
  0.73431983777121612               17
  0.61886488169576281               24
  0.89544928018302727               21
  0.95597483148838935               19
  0.61771824024759325               23
  0.99767428719692175               20
  0.83431458194915975               19
  0.82365211247558323               23
  0.79980036028582557               24
  0.83335437054687000               18
  0.90366873156272276               20
   1.0582098148888424               21
  0.87428458338720216               21
   1.1128503431949353               19
   1.2857539118407473               14
   1.2870751332301664               16
   1.0663514670513663               15
   1.1479200077138476               21
   1.0824384401300768               18
   1.1120407694591117               21
   1.0851471103001304               19
   1.2265399569760151               17
  0.96757077503279321               20
   1.2349671554112687               14
   1.1044203725479083               19
   1.0432515701494294               21
   1.0293424081695393               22
   1.1409035092515230               20
   1.1500490765050198               19
  0.91296628186446771               21
   1.1170158407947617               17
   1.2034607017595647               17
  0.91109658576786423               20
  0.82406227473335203               19
  0.93412000162376629               18
  0.73723181442629826               18
  0.76642475195396931               19
  0.79688551852124689               19
  0.77831419235765342               18
  0.77914452142277146               20
  0.84022014070384976               19
  0.81183844622270174               19
  0.63986490503085169               22
  0.89172612598694267               15
  0.69127912192734853               23
  0.88274829452980053               24
  0.95888885024486015               19
  0.67151712939788055               21
   1.0122055544893267               19
  0.83251321622121532               21
  0.66810339479383873               20
  0.94939113242269402               21
  0.88110410835893072               20
  0.89988773493536212               17
  0.86007931206309984               22
   1.0873315027425379               19
  0.94206127399980055               21
  0.91650453376795327               19
  0.75702402703058147               25
  0.96901252146583239               20
  0.96598842840190968               21
   1.1640153091275880               18
  0.98568513876092656               22
   1.0588114845889702               16
   1.1627776582596367               19
   1.0780316510911108               19
   1.2249983266155382               17
   1.1562379102740772               20
   1.2396213640480056               18
   1.1745226843972689               16
   1.1308087640860391               17
   1.1219774645984144               22
   1.2189424059772389               15
   1.1704151985570657               17
   1.0524334814554905               20
   1.3476789269134568               15
  0.97946437769270112               18
   1.1210838640775027               20
  0.90873389903996604               21
  0.91604215799886657               17
  0.71514120376766821               20
   1.1340121304467077               18
  0.73293952661881678               20
  0.93481635667159613               20
  0.82796449489915480               18
  0.97922872808540795               16
  0.80730053068590679               18
  0.83915540982143177               18
  0.96915612967804654               14
  0.80283233398875131               21
  0.67199076569134286               21
  0.81236158544215131               20
  0.74169008390450752               21
  0.91140710628772803               21
  0.78682320821129292               19
  0.92850704600408640               20
  0.97744091109748643               18
  0.94858671576243603               13
  0.79384299806544856               22
  0.84557979416028872               21
  0.92502997924092378               19
  0.96882439143586307               20
  0.97701781096774976               20
  0.71259099271506243               23
  0.92825423316328970               20
  0.92363630416797848               15
  0.81842074357117722               23
  0.90613675917854486               20
   1.0687163190868585               17
  0.84324665035083146               21
   1.0393726316218868               22
   1.0051606397808346               20
   1.0897816211088529               18
   1.2393290459683832               22
  0.95936149653271996               17
   1.1820623113875137               14
   1.2543225169430394               21
   1.2124136153999301               19
   1.1321350613913781               17
   1.1988999121952852               17
   1.2069439535531716               16
   1.3497496891928826               15
   1.1596285071336871               18
   1.1108278114538894               20
   1.2370180076664692               15
   1.0589527874153599               18
   1.0830846872390156               17
  0.93073894904671983               21
   1.0155303606478254               16
   1.0790862476910119               19
   1.0303055672443107               15
   1.1293084962581712               19
   1.0323283873255213               19
  0.92796117961553271               20
  0.95577696854828276               18
  0.74340604724776649               20
  0.90254948122974932               22
  0.87862150807236650               20
  0.83716947832488775               19
  0.85884335510447529               18
  0.78006676223821525               21
  0.90598645960022528               20
  0.61178641777145315               21
  0.88315219298079273               19
  0.69416372047697694               22
  0.96710043592544359               18
  0.90879799821472984               19
  0.86912532770672957               21
  0.84473866424342281               22
  0.98940448913445489               18
  0.91431301005017840               20
  0.80563181452832966               17
  0.82519640584842713               17
  0.84593197060354641               17
   1.0402534264838403               15
   1.2038340899005111               20
   1.1666893958784457               17
  0.85068153738831898               22
   1.0605752177763157               17
  0.84450762527547296               18
  0.99702290404533855               24
   1.1780905495832177               17
   1.1901254270493080               19
   1.0032884497607062               18
   1.0569195740419570               17
   1.2031488330524673               15
   1.0963569778973761               18
   1.1685457518846483               21
   1.0654400454661312               21
   1.1805546841833707               18
   1.1790896234930333               15
   1.2798376484209564               14
   1.0067680020033720               23
   1.1314271610532651               19
   1.2530710140416299               14
   1.1120448040556805               19
   1.1352000416460697               19
  0.96829777479864398               20
   1.0753887925455625               19
   1.0852932795736507               18
   1.0482133866760490               15
  0.88846438900898639               20
  0.99615966293508296               16
  0.99371064904836937               16
  0.96906650152261375               18
  0.96629376116069066               15
  0.85980054447522525               20
  0.81808269466867034               20
  0.93061616861468066               20
  0.93970117748937909               13
  0.81620566208622147               19
  0.78117041865874048               20
  0.84980458132154446               18
  0.79941249787591939               18
  0.90208727711722847               21
  0.96183956205744292               17
  0.76557476192013130               20
  0.93807775417928030               18
  0.76560962668132126               23
  0.95762547223455075               19
   1.0261055196435971               16
  0.76767308056915651               19
  0.93912921615648259               18
   1.0063152054129252               22
   1.0400498902162241               16
  0.74436766007704702               20
  0.99995977127289015               15
  0.94465835759585148               21
   1.1008114805798850               18
   1.1240802854226595               19
   1.0959254266686300               14
   1.1277037552803404               18
  0.99772008874658846               17
   1.1338594186773068               16
   1.2973402673441805               21
   1.3087547786174216               15
   1.0131111364683776               18
   1.2140284484052524               15
   1.3005232133556697               17
   1.1049970423152777               21
   1.3104225718591473               15
   1.2870599873975512               16
   1.1834153556204416               16
   1.1954298439542588               17
   1.1172960532475888               18
  0.95850488593664618               19
   1.1475550139125603               18
   1.1872308577816586               17
  0.96950131497503911               17
  0.97834166410203460               17
   1.0980723052553505               15
   1.0016214877102467               19
  0.83477414563553798               17
  0.99399273561311774               15
   1.0025867313569090               14
  0.98178998527191097               17
  0.90536644999781446               16
  0.84633464489078591               20
  0.92241770569441217               20
  0.91329064012082706               16
  0.94315171483640836               13
  0.88751101952000833               21
  0.97429008963114239               17
  0.89464368357267954               17
  0.78097415104277002               20
  0.95463791238551787               19
  0.94551675577883099               16
  0.95963323347754825               19
  0.94547919626327648               14
  0.97566509809523772               18
  0.92484570086613926               22
  0.73778183718423396               19
  0.92381001276191554               21
   1.0319439790065683               13
   1.0550566150925322               17
  0.95947170043308549               21
   1.0000127007860151               18
   1.0381305904949278               25
   1.0905984132715978               16
   1.0675036606899559               20
   1.2507009749718896               16
   1.2009589356161241               16
   1.1096980244631587               17
   1.2177757428850675               16
   1.3244931964276363               16
   1.2607823740954862               18
   1.3042096682698532               16
   1.3244524048192770               15
   1.2211496890400884               16
   1.2628030614454733               15
   1.1391328463229813               18
   1.2410721622424719               14
   1.2844373288521682               15
   1.2792747726725797               16
   1.2791013457129363               14
   1.3216332065307919               15
  0.92937070283272816               16
   1.0487003673307047               22
   1.0351350184591921               19
  0.77801234879158787               23
   1.0347866439262714               14
  0.96281582394172194               18
  0.94016772049970021               22
  0.91021956477778909               20
   1.0197610266737496               14
  0.72147217118248042               22
  0.95579733254683741               16
   1.0601296665618489               18
  0.69442719973918854               24
  0.54064084773487620               20
  0.91955813292276656               19
  0.91318800081203089               20
  0.90406724895134749               21
  0.87708247076605639               21
  0.81483585914943013               19
  0.95414871274581914               18
  0.79139730279839859               18
  0.85587092074787496               20
  0.69614520292097637               19
  0.82028944378498425               14
  0.91573045130983255               20
  0.82737341407846687               22
  0.90578740871772789               19
  0.83297723234074406               17
  0.91565737880437126               20
   1.0183007505378692               22
  0.70861145006186066               21
  0.98162550515718539               22
  0.87872568729869083               20
   1.0329820011582165               17
   1.0118185074005930               17
   1.0200763095362730               23
   1.1608578575158761               15
   1.1557610397761531               17
   1.1388168213216210               18
   1.3379193799463411               17
   1.1361050960783146               16
   1.2430028036993253               14
   1.0758023813119395               21
