   1.1094205343328529               19
   1.1970421337915076               21
   1.3129536896848018               18
   1.1237083298301971               15
   1.0320786846051464               19
   1.0901531787803485               20
   1.0958892403696179               19
   1.2957224110437136               17
  0.84155794008583129               20
   1.0281964505301771               17
   1.0612214242068665               18
  0.94087864624885886               23
  0.92453722706009400               22
  0.97307755698740550               19
  0.75244366421200992               20
  0.85534885506036773               21
  0.88156730278431361               24
  0.95652373630560805               15
  0.89543461127069990               19
  0.87223857732956522               17
  0.81444647152159466               18
  0.53053104240759541               22
  0.84176406476650534               18
  0.55922939898985036               23
  0.75642767790495569               20
  0.96063666218180144               16
  0.70710094603342355               17
  0.86053119238566333               15
  0.99332936927346538               18
  0.99841758530497626               19
  0.96065158071758239               20
  0.72483144200932370               22
  0.85460642511331641               19
  0.84960477159543357               18
  0.76196622417879412               20
  0.92011558816061856               20
  0.54373178140500911               22
  0.90893470007663946               17
   1.0408310056409948               20
  0.99700037717335921               13
   1.0674302425038320               17
  0.77718890974432586               24
   1.2730673628482760               18
   1.3137762728739142               15
   1.0422189678983182               20
   1.1001142875315042               18
  0.98801855248915260               21
   1.0166756779418185               20
   1.1340459858368968               16
   1.1355893159258648               18
   1.0974630985313056               19
   1.2143055016668969               19
   1.2615568829968875               18
   1.2999374182387049               18
   1.1013324432483602               21
   1.0522966734414403               16
   1.1755719576866774               18
  0.95138059939330233               20
   1.2274179466028894               18
   1.1554925108178493               24
   1.1804104333102790               16
  0.98855671242038590               22
  0.98432953184831773               19
  0.93892813148408982               21
   1.0994316390606838               13
  0.94405448861151264               24
   1.0855481694159557               12
  0.88469241294981960               23
  0.92649967533482480               19
  0.95666801001583057               15
  0.76509751115504621               18
  0.96884913875805656               15
  0.71702193036222939               16
  0.92251203238470236               14
  0.95226963292782740               14
  0.82484380938020052               20
  0.90438996701664409               19
  0.88039230627201237               18
  0.82985375652383164               16
  0.96247932156440796               19
  0.94247422945763415               13
  0.90965723140091292               15
  0.95593286390311538               15
  0.98266051459169801               17
  0.93717642325268269               21
  0.87663874639405948               18
  0.96842210939708107               17
   1.0565165214374002               14
  0.93561097414459582               21
   1.2058151983181045               17
   1.0454995259606252               20
   1.1063617285988878               16
   1.1962809086582611               18
   1.1012725436326938               17
   1.1151882740988701               15
   1.1349497183466233               18
   1.2393119328937625               16
   1.1755646549767900               15
   1.2885865350425749               18
   1.0990691648251050               17
   1.2024455394421201               19
   1.1984611761213622               16
   1.3373036433068477               17
   1.1834410474178663               17
   1.2631810348723906               14
   1.2769341155239091               17
   1.0613028233380921               18
   1.0229864600608882               20
   1.0029983830278166               17
  0.97629374379807410               19
  0.91912167867188233               20
   1.0160368454995543               21
  0.82571938745237938               24
  0.97877996522312671               22
  0.80029422779916337               16
  0.83730217316287958               17
  0.68241149661596956               17
  0.93099769641403862               15
  0.89667146030433953               17
  0.95373654968049038               23
  0.94507176769109857               15
  0.83682041787778005               17
  0.79825916307650147               17
  0.86332344511392467               18
  0.87997915626058387               18
  0.75197199147998761               21
  0.96520515221820435               16
  0.93371007262019756               15
  0.89673129028370313               19
  0.85550328226075723               20
  0.70178637389153653               18
  0.89943644245639409               19
  0.86942222595597352               21
  0.80594669174127009               21
  0.97620526712851341               16
   1.1510413894030376               18
  0.80832597055717414               23
   1.0818422948607986               20
  0.99336790063524938               18
   1.0233481131780602               17
  0.98812098070216958               20
   1.0947579584896854               17
   1.0246760950848739               18
   1.0162983108739969               23
   1.1795168737097861               15
   1.2660784931603708               19
   1.1488170606072978               15
   1.1518217793471814               17
  0.88902000384911206               18
   1.1696337578597440               16
   1.2394967360515081               15
   1.2777264490132141               16
   1.1040040914724449               19
   1.1922519636755975               15
   1.2409053835871480               20
   1.0789751054477792               20
  0.98384291601502238               21
  0.85544701377539012               21
  0.99450231320680083               21
  0.93780471955826450               21
  0.82001723805942583               19
   1.0763832807969964               14
  0.83574054949081111               20
  0.73259500721203230               19
  0.72226079171411672               18
   1.0068093895159149               17
  0.83372367662570590               23
   1.0148723397208381               16
  0.99203672659078668               16
  0.81227365688617104               22
  0.72308275844400294               21
  0.87048638271191103               20
  0.85914254641803234               16
  0.67793283348089950               17
  0.97226476896870684               19
  0.66936488996533139               19
  0.64290602948447695               18
  0.76734442224145383               18
  0.97481681598503767               15
  0.88530149115510659               19
  0.79701160704349705               18
  0.64929629038643100               18
  0.85993055438109478               19
  0.77606321299405556               21
  0.66113911892339938               20
  0.94202106932982599               20
   1.0399846473897791               16
  0.98989239133822815               16
  0.72582066516417965               20
  0.98262619844029220               19
   1.2417512110208817               19
  0.90785614615525756               18
   1.1777121129462511               15
   1.0315707682924748               19
  0.92260885885937738               21
   1.2472532045031297               14
   1.0372054737140544               20
   1.0624119699807861               18
   1.1397728432975132               16
   1.3062431312487033               19
   1.1233533166346026               19
  0.88920996464227686               21
   1.1991822086904100               16
   1.1111292347923549               21
  0.94642655298923295               21
   1.3153954827527750               12
   1.1321599340071233               22
   1.2046936305205178               21
   1.2342329504893810               19
   1.1098400473118208               15
   1.0167727232448238               19
   1.0162353909509283               20
  0.97875385703316753               22
  0.65781921875324756               20
  0.79809132110436420               17
  0.88010036134191572               25
  0.58949067491301566               24
  0.93102766611679100               23
  0.89822499492894847               14
  0.82940066587306527               19
  0.66225492732359703               22
  0.82843057754924743               16
  0.98016042853756646               15
  0.87371933594012585               20
  0.73148825355009572               19
  0.87595910052487003               20
  0.67539949375678099               21
  0.63628554876835375               22
  0.94829864986948198               15
  0.95839725756628003               15
  0.60091701770301154               16
  0.79890657716165958               19
  0.90208403702900164               21
  0.69266041641411380               18
  0.87604072964486990               21
  0.61111886455562126               18
  0.89521454446390780               21
  0.97745250392348071               20
   1.0876796120589918               17
  0.77836306083930296               24
  0.85557998115641687               20
  0.99822518212737432               18
   1.0972411902597983               17
   1.2280624436728513               18
  0.86027833146701138               19
   1.0743095395133879               19
   1.0420855758120620               16
   1.2864810320563764               15
   1.2445806608504342               15
   1.2098597202243724               17
   1.3460962126180949               16
   1.2290820265589675               15
   1.1449847136490450               15
   1.0230716304979686               19
   1.0472496736990358               17
   1.1600827927340762               16
   1.1155682587873661               20
  0.99084045844878077               20
  0.78164992734905048               20
   1.0178168859697456               20
  0.96165231039674126               16
  0.95609655477906186               23
  0.85663161116306652               18
  0.88958221133957471               25
  0.89901347897384587               24
  0.88138189829909963               20
  0.93155636761407623               19
  0.70650761189753919               17
  0.84980526964440173               21
  0.86029647766706008               22
  0.90790763122532592               18
  0.58994156446122037               21
  0.58335942593244727               20
  0.80971744563160852               18
  0.40505006201943716               22
  0.74059627463519551               20
  0.46481955737197622               23
  0.91659235474468270               22
  0.49947867988301864               21
  0.67061245114597556               17
  0.77010493153978932               21
  0.71195587558814688               20
  0.84491395338179931               21
   1.0043739841722186               18
  0.98230468207900312               18
  0.72178843935500614               20
  0.93235489388315029               18
  0.92788010302441393               20
  0.66426751832636577               20
  0.71910026510100589               19
  0.85360948004014203               21
  0.84936438170235340               18
   1.2639530301766684               17
   1.2646558524583782               17
  0.89136782530817560               22
  0.98680790561917708               17
   1.2191564609771073               14
   1.0917227439322386               19
   1.3287896439563134               18
   1.0008422061189093               17
   1.1341700293581249               21
   1.0487011345874355               19
   1.0958897717609350               20
   1.2115801428169277               14
   1.1733880433490707               19
   1.1392089608222036               16
   1.0792909359434417               15
   1.1069940135220429               14
  0.96670016631193001               23
  0.88849088706879364               23
  0.91991857524818754               18
  0.93139375680721870               24
   1.0550925484395042               19
  0.93843887118026559               21
  0.85449926572786328               21
  0.72075867178385067               16
   1.0507279926013489               18
  0.63927133562211191               21
  0.78516119262764383               23
  0.76111801459717077               22
  0.72575572664631860               20
  0.68230490179270009               20
  0.78285059142654823               20
  0.63714389246508496               18
  0.55048961084859127               22
  0.72981447191908499               18
  0.38074837527230343               22
  0.57622777589497720               21
   1.0058023056341525               14
  0.75685564631882774               18
  0.84317786245888271               21
  0.56013357891339122               16
  0.80239212281263839               19
  0.75137718277976406               18
  0.71302478569896499               18
  0.94205928646891390               21
  0.74950639963928634               23
  0.99042891605866235               22
   1.0015244275636730               19
   1.0585531614528483               18
  0.84562094164958435               16
   1.1004795593254366               17
  0.93000895653942917               18
   1.3554621812422887               15
   1.1515767984032541               15
   1.1234752438142470               17
   1.0114479301466710               16
   1.1994354249401828               18
   1.1417494594343036               16
   1.2308491495585048               16
  0.99811964252519747               21
   1.1656698180038343               16
   1.0206853290091418               20
   1.2645270596811444               16
  0.94739504283351739               21
   1.1494857002600256               21
  0.82004313316822353               22
   1.1656941623183139               19
  0.95912516898744526               21
  0.75009902892369451               20
  0.68830591783962758               19
   1.1405607170036076               16
  0.84996541109731694               18
  0.82489582536791861               24
  0.83304940946535189               21
  0.79877238674646189               16
  0.69370135336771899               17
  0.98499740515544587               19
  0.92039286842095791               14
  0.81758688161200943               18
  0.69617372049999959               21
  0.70786781461351533               18
  0.86807571589877208               22
  0.76505012387072935               19
  0.49764831635566131               19
  0.27698491344770421               16
  0.72264041832084647               16
  0.58582294066804375               15
  0.52558556605129469               19
  0.78435456506221757               20
  0.70751322167667607               18
  0.59665046765008811               16
  0.82668631742466225               22
  0.68086168660784074               21
  0.92674496924186944               21
  0.60847845721680571               16
  0.90723482336518158               17
  0.72592072483634096               18
  0.88193972721976677               18
  0.85078599996643178               23
   1.0765206570039891               17
   1.0721608465509807               17
   1.0054702578348651               19
  0.96671053540172569               20
  0.98031490084678574               13
   1.1779103986617043               14
   1.0533297458475743               19
   1.0983090715193213               15
   1.1868832793588182               15
   1.2709403614306805               18
   1.0144628208421460               18
   1.0899145053989117               20
  0.94305871936595997               20
   1.0815814111222244               19
  0.91987111843721581               20
  0.92461882471806334               19
   1.0799043614401351               23
   1.1443024784943105               17
  0.68045527825063767               17
  0.76224886759873167               20
  0.79667837442724587               20
  0.96667074770711270               23
  0.81080427888108964               20
  0.88112324814150345               18
  0.80836864575928713               18
  0.65195038061552546               20
  0.64224018180468512               21
  0.81942437523118528               18
  0.97339067098640486               19
  0.79156813868843623               18
  0.72193796566754143               18
  0.81200547945224288               21
  0.81853172911604188               19
  0.55617235733781445               19
  0.49456519454944098               17
  0.74619148453302109               17
  0.46455143234894281               19
  0.82336964197849805               18
  0.56139545502367627               19
  0.54457031639442299               21
  0.75359928598195358               18
  0.53743729184624378               18
  0.48843402201349584               17
  0.68905346376358279               25
  0.63330167859195174               19
  0.88262926696453625               20
  0.75762631832435634               22
  0.91050739834344341               18
  0.87574184917591624               15
  0.88521944114650053               19
   1.1116965862627572               18
   1.0414519023737339               20
  0.88712428800041221               18
   1.0609690088985178               20
   1.0046639497526306               14
   1.3058756106295917               17
   1.0732338874773621               18
   1.0319800992802750               19
   1.0266089762624462               20
   1.1651702371900385               17
   1.0185954021981134               20
   1.2612346267892753               19
   1.1765260731799267               15
   1.0326899055215919               17
   1.0878489325348213               18
   1.0850920901035013               21
   1.0389459184310101               18
   1.1858806766448740               20
  0.74519787351910560               22
  0.75566894640568971               18
  0.97485639221449416               19
  0.98268482904013532               20
  0.75132809804787104               21
  0.68388812058160997               18
  0.77500400014832538               19
  0.73695444093049900               17
  0.60964799542107473               18
  0.50898796931289225               20
  0.62341246475943779               21
  0.79604459532390304               23
  0.85934718072294969               17
  0.73914611747231063               19
  0.59196307267886850               18
  0.42314681705083906               19
  0.53783747774666846               17
  0.65237244615236500               20
  0.71550516377893603               21
  0.94203866453827567               16
  0.68531308662383050               19
  0.45668116599355746               24
  0.85232306880526232               16
  0.63725276588867419               21
  0.77258328864062820               21
  0.88400553610947985               21
  0.67544543630987919               17
  0.82211237272231075               18
  0.67312793081284472               14
  0.84022632220724125               20
  0.84492257329063447               18
  0.93595223592133592               19
  0.82783301697063594               24
  0.94146858562883118               20
  0.90658341025010902               21
   1.1715574702723164               18
   1.0856342393941840               15
   1.1244372404986103               17
  0.98302269540643739               16
   1.1211073058490095               13
  0.96066092294674710               25
   1.2871332124864567               17
  0.99010720258042095               23
  0.92326920958782965               20
  0.84385762776422168               20
  0.94648633519769243               24
  0.79455583355432347               24
   1.0436741665290690               20
  0.81478144522057228               21
   1.0832690845110873               20
  0.87390114435053745               21
  0.90995601967894935               18
   1.0423219317742858               16
   1.0720865982417436               20
  0.61153466806402579               23
  0.55588078619047665               26
  0.63797883678777256               17
  0.75403379641196067               20
  0.78990244844785951               19
  0.67195421863024629               19
  0.50224428824618228               22
  0.44848048871010826               24
  0.60162679777578376               19
  0.62585703203285026               20
  0.56594725573058369               22
  0.50194861709504646               15
  0.55316949781494407               22
  0.37305126893204699               20
  0.82402077770744830               20
  0.58431479704715350               22
  0.45390338591079138               24
  0.40409053268734135               23
  0.69751859212257605               17
  0.81123685810154533               17
  0.78236847863609882               24
  0.98394842018996642               20
  0.56747195541615392               21
  0.83610330409032008               20
  0.77053180900677476               20
  0.58859461194262552               23
  0.83453201750330142               19
  0.57883821021479231               21
  0.95501375769857522               21
  0.74236671819252165               21
  0.85969321471283833               22
  0.82506740832053149               17
  0.90226443126725087               19
  0.99369914095760936               20
  0.80260010368659196               16
  0.90234102096930913               21
   1.0227857223755681               19
   1.1070786094808185               18
   1.0165905106006579               19
   1.0447854808981281               20
   1.0900462256460852               20
   1.0525891670893663               18
   1.0143615156240147               20
   1.1103396867182866               16
  0.62747996873673284               17
  0.87369880998335170               21
   1.1189298443416205               15
  0.99143836888738135               25
  0.94368253889394826               18
   1.0689223954028737               20
  0.57071046235651568               20
  0.64432915457214446               20
  0.72307325284188684               20
  0.77734821485111116               19
  0.77852635397657100               16
  0.55801026118955988               23
  0.70668360240210737               18
  0.51730918325253161               22
  0.60495551723712160               21
  0.62395618137379460               21
  0.47522780369042728               20
  0.58156806893450297               24
  0.59722276582542289               19
  0.43236927081581339               19
  0.68209396884785456               16
  0.41045556598617428               19
  0.41082565970832691               20
  0.36605736832884328               20
  0.44369903822744461               22
  0.84193903590520469               24
  0.67962269113658758               17
  0.74641356414301618               22
  0.51376130470746462               23
  0.78794181628035020               16
  0.71737444479733159               22
  0.80231543506380210               19
  0.74073522112073864               17
  0.91879102911053412               18
  0.87464556652124248               19
   1.0806428070045748               15
  0.63341895050129493               20
  0.68569927882719528               18
   1.0215600803848910               14
  0.74336627492405472               17
  0.75733900470322768               21
   1.2409060086409314               18
   1.0066627544092699               21
  0.93924436334581363               21
   1.0661733925342485               17
   1.2110819572562879               15
  0.80328097947682831               19
  0.99399878805214215               24
  0.89081386251075778               23
   1.0259260037642721               22
   1.0553910956401464               17
  0.76241775823254543               22
  0.82108819925057208               22
  0.82820986774438010               20
  0.94030490240230558               20
  0.73731769326357943               21
  0.78227881997304027               22
  0.90712705952466188               20
  0.70277188067603003               21
  0.54412236014522386               24
  0.74476113935421517               19
  0.47573133453188371               21
  0.60396569330954464               17
  0.45658689139802483               23
  0.61049675218675192               20
  0.53482443362922361               26
  0.67671762596555607               20
  0.48520506999840490               21
  0.50222050666373386               22
  0.66515452784669438               19
  0.31921687176212354               20
  0.27292622492963109               24
  0.61712841133134799               18
  0.52282769827393238               22
  0.58598872228141363               15
  0.58584023855525758               24
  0.62962785361815365               19
  0.40847267348010030               19
  0.57611345939859460               21
  0.54318756726387907               24
  0.62017962360894818               17
  0.90368207819613111               18
  0.49330916577562794               24
  0.78324215540331055               20
   1.1687756203186341               17
  0.84585337151530904               23
  0.74288206551127445               20
   1.0153496078682303               19
  0.85777271875962446               22
  0.73050987861719530               19
   1.1235594468089203               17
   1.0463966346325930               21
   1.0041197317915629               22
  0.89321065667849642               20
  0.96668101304644516               23
   1.0543548376360221               20
  0.91652001448116827               20
   1.0124087854151804               20
  0.98173151506573542               16
  0.78693939371456767               21
  0.88159063245191005               20
  0.83591057582167771               22
  0.58297377116016602               17
  0.95127348066019413               21
  0.47167105873536325               19
  0.67739397977598270               20
  0.53311780959724120               22
  0.88105279765115585               20
  0.75104169294763934               19
  0.67820623198512886               18
  0.43135094638897348               19
  0.49790644918982774               22
  0.68305061326766803               18
  0.60255537823514826               19
  0.40491269829042736               23
  0.30263150833727931               20
  0.47398261633517885               19
  0.35559146881468867               20
  0.50787831629439728               23
  0.81788507270632060               18
  0.61104639631720548               20
  0.40232110951647304               21
  0.33683183264043964               20
  0.66947518908514836               21
  0.59534189071411148               17
  0.40163687649367191               22
  0.64402798273037942               18
  0.63049873433733328               19
  0.44759687964579109               22
  0.87719538012702392               22
  0.94569144245919712               19
  0.81835520756229252               22
  0.88197259722731380               20
  0.98258457569623325               18
  0.60647533951671306               25
  0.87917973694636509               19
  0.87692962722404799               17
  0.80413236042014069               24
  0.74170749298639882               21
  0.87495400324274553               18
   1.0973320738677745               14
  0.93555982526319237               18
   1.0612818488403537               17
   1.0763830814848647               16
  0.76362887864031892               15
   1.2205466989399376               14
   1.0014241281999312               22
  0.82942640757731645               21
   1.0256807784388431               20
  0.88602360772169575               23
  0.45677189339976215               20
  0.75137112716195376               20
  0.59180263370475961               18
  0.93815874075442640               19
  0.83836597412116620               19
  0.87776529562710048               20
  0.46864301672907999               23
  0.59881157302388366               23
  0.73530107393708466               19
  0.42903353019421742               21
  0.65078027241834036               17
  0.37825325099490398               22
  0.43472012889954509               23
  0.51876391935280775               20
  0.37772587691652376               20
  0.34076219631738497               19
  0.47757633697030211               21
  0.68171912710597926               17
  0.34004252092674503               21
  0.49892025436414089               19
  0.52653967690796422               19
  0.32175488923278595               19
  0.49445370444916692               16
  0.26472239461129726               22
  0.36278468139877551               20
  0.74747000709713796               17
  0.44709940358023609               17
  0.43411774227047151               23
  0.62614667219711484               22
  0.84638623595871543               17
  0.34634267884067843               19
  0.75495951543131190               19
  0.71447806734895702               19
  0.68085266171937653               19
  0.54078320522201484               24
  0.98804583534053325               16
  0.77279839933886474               22
  0.69990960967577565               23
   1.0632804027733445               16
  0.72738130219583486               20
   1.0076397796935219               21
   1.0453545577666445               18
  0.77568630068740640               16
  0.75838611701890724               23
  0.95764284250611853               22
   1.0452039127957689               20
  0.88135888549201946               20
   1.0223968961847545               19
  0.95535752346247027               26
  0.95053937514373754               20
  0.92684998549969932               21
  0.90384677841379935               21
  0.59838267631439390               17
  0.88044395206619075               20
  0.53093340307911840               19
  0.66688199056231101               17
  0.58343753410848365               20
  0.59430853064314226               19
  0.64328993565564729               22
  0.49927675342539135               22
  0.66990731419603800               18
  0.63356360626860275               23
  0.45051936916750335               19
  0.41655679371704513               18
  0.51913031475935689               26
  0.27219528054645353               19
  0.54145629499761461               21
  0.33677804582392673               22
  0.68550975802330749               20
  0.28970234648004323               20
  0.34488063997096891               22
  0.40215322218816663               22
  0.64390939295773297               20
  0.40848208282866860               21
  0.20364928332530119               21
  0.64168267234573706               20
  0.45860393752155482               19
  0.49266114563660446               28
  0.57236038347517204               21
  0.45747396451628913               17
  0.72655758964698192               22
  0.51084917286337339               22
  0.81455029339207641               20
  0.67386937461259833               19
  0.88639116704529830               21
  0.67108165216374405               21
  0.82608563675040492               23
  0.53913291455454926               17
  0.41899154948732481               18
  0.78067075660140772               21
  0.97471935724178738               13
  0.98621764508334653               21
   1.0574632957302754               18
  0.79316621208786187               23
  0.89738101529287095               22
  0.84266578565084804               21
  0.95315187986006245               16
   1.0329976273642365               19
  0.95474241577110763               20
  0.94869846901932176               18
  0.50342295529636572               21
  0.68905226600182523               18
  0.50971193921936497               21
  0.75618190347328174               21
  0.54306124403987310               19
  0.55734446503224766               21
  0.40258741004608278               21
  0.61566885377238811               23
  0.65309929278345458               19
  0.62897732182268751               20
  0.49578552868378550               19
  0.60547966514311635               20
  0.42166633503019330               19
  0.41114629261274632               18
  0.30422951864386832               15
  0.26573000749276898               19
  0.35358647781209868               20
  0.25559198518950704               19
  0.54856953482228576               17
  0.47908755113826024               21
  0.40937648231239632               24
  0.21845969908762022               17
  0.38349998491537735               20
   7.7196155114689080E-002          17
  0.57043425693525562               16
  0.58478904499836093               23
  0.15904220127413354               18
  0.67789174603267000               22
  0.66080108000617122               17
  0.49729796703731288               26
  0.37369021234637323               18
  0.71854110608562838               18
  0.63330890614854496               19
  0.61607220614104863               19
  0.59724662083441460               18
  0.79257633221604296               22
  0.84121023555926722               21
  0.92880572034271558               18
  0.97367482390092663               14
   1.0021532060582019               18
  0.57209573890611809               24
   1.2042039078314091               18
  0.98489602284398969               23
  0.96945190708334661               22
  0.93535104536116498               23
   1.0081117702275384               17
   1.0097552043019247               19
  0.68933608579267480               19
  0.78466117024670823               21
  0.80887917143668575               18
  0.84665476354060309               21
  0.92858928489523540               16
  0.69107777562604644               21
  0.70052177440347752               17
  0.78174065192424558               20
  0.52959044961253643               16
  0.54613921606962335               22
  0.47918836738929271               19
  0.75662303524425933               16
  0.56268117635195303               22
  0.37642994126747042               18
  0.64978565213578010               18
  0.46482891428266288               18
  0.47117001881931270               23
  0.36727653278851746               20
  0.34509141106457553               19
  0.24314992049367204               22
  0.31598125864989707               18
  0.52739779344467064               19
  0.27135426369427562               19
  0.19826454581949940               18
  0.45717537124659530               25
  0.63264494462623311               18
  0.48021148327136215               19
  0.33706472283585753               20
  0.31446765435918683               19
  0.51884182295882852               27
  0.42876270559753094               21
  0.81504800585486115               20
  0.74402435101840003               20
  0.55488202124205233               17
  0.67461350684953014               22
  0.67992973110097343               16
  0.72305603050813372               19
  0.84965445635042347               23
  0.80355860990488792               20
  0.73368302190862977               20
  0.90025455540114652               23
  0.70448615110627089               20
  0.72227695296321248               20
  0.61188388959160722               14
  0.95495571524052736               23
  0.98686365724118674               19
  0.92516929192676600               25
  0.75559669613514502               23
  0.95410358619317948               23
  0.70698505720565841               19
  0.74608158272107206               21
  0.93522126056259003               17
  0.88083420641648025               18
  0.68202931865297967               17
  0.83992147395166217               20
  0.69135385906933033               22
  0.70303567291863345               22
  0.71809691425652422               21
  0.64184425524797850               18
  0.36236128853484417               20
  0.39683163551483003               22
  0.36835078526418896               18
  0.66975542900051510               20
  0.32470895676084105               19
  0.46795027549587537               19
  0.31667622945125545               17
  0.52010285991694705               22
  0.57778630200646652               16
  0.25056728449106647               18
  0.32699690547735299               22
  0.46809542982771946               21
  0.35856163572388910               21
  0.31280037042303349               22
  0.43338156025435592               17
  0.18999237519707743               19
  0.39213866795032876               22
  0.30429918691199770               18
  0.35729083481315965               20
  0.37138362019018684               18
  0.74349468576935640               20
  0.62236746981629720               16
  0.44536857812260877               17
  0.33976207577575879               18
  0.53879604927729574               25
  0.50830546018200351               22
  0.68190630377254635               16
  0.78038788338444054               23
  0.65936994195895493               19
  0.81570648137593926               20
  0.87126431188977949               19
  0.82801323251834047               21
  0.93912963238069258               23
  0.86418949569736259               17
  0.93203416192443367               20
   1.0129498812024202               18
  0.98312986581308881               15
  0.73513908902737801               19
  0.87600280924563301               22
  0.77102749058349840               19
  0.81410591732996884               21
  0.97016617369055225               17
  0.79107639866975676               16
  0.92096255389485648               25
  0.97971714300411239               14
  0.58480828689745745               17
  0.84142334189267665               18
  0.73435909630805418               18
  0.49067159391675724               22
  0.60707655144832562               16
  0.61572455956070571               16
  0.57016804871293092               18
  0.42672278566924349               18
  0.57380961557725030               20
  0.42882459742657197               20
  0.57191338525260194               22
  0.26904125988786337               15
  0.19555483402088183               16
  0.37025036758674912               18
  0.48898233917539513               21
  0.36310154869977496               18
  0.38844989173338651               21
  0.11573801942179687               18
  0.24388706416362710               20
  0.36702641044092238               16
  0.23140473901132974               20
  0.42906898340472083               16
  0.18495483238331883               18
  0.28306569432366391               23
  0.51989271032143347               21
  0.44226356929477034               21
  0.65250449795860765               22
  0.61372464244300240               16
  0.65952467597260001               15
  0.79394622692845440               22
  0.63874832826542183               18
  0.79505710432793786               24
  0.87858455693615123               22
  0.64268399880585914               16
  0.65953930756108647               19
  0.84236695053225297               16
  0.71598319493495211               20
  0.95302715383142167               24
  0.79297437072925447               21
  0.94202594020158315               20
  0.91578613528235608               19
   1.0270244937366113               20
  0.75050545033697669               20
   1.0035525931507612               20
  0.88069477109367711               20
  0.97690024078171744               14
  0.99553876553407417               18
  0.68861038442743761               17
  0.87400834389861259               19
  0.85784391053480802               20
  0.60014334087622667               20
  0.48151482288450664               20
  0.64844069772317681               20
  0.59433932217901198               20
  0.33516859424651319               22
  0.47631143570465939               20
  0.62905819366441273               19
  0.29288277496857534               17
  0.56320301412103113               23
  0.39355161976615466               22
  0.35568434383716119               19
  0.18555577348782243               19
  0.36500510290737698               20
  0.40961457058188266               21
   9.3252891906905583E-002          17
  0.44881961653588265               24
  0.25562146105205874               18
  0.18900467616672822               20
  0.14384445777146421               18
  0.40668038270763612               21
  0.35076072830883642               19
  0.30981496004829928               19
  0.17839718691424905               16
  0.53213733656840634               19
  0.40720507290095298               18
  0.41259144787750368               17
  0.26310617354640187               22
  0.62356562932941906               20
  0.66790447228827732               19
  0.56002375380909697               19
  0.39467963015310326               20
  0.55360652507791142               24
  0.45920350439602764               22
  0.69681731201856811               19
  0.77325201748626538               18
  0.75362134770561817               19
  0.92584734482924724               24
  0.91167311274257412               23
  0.84125159627752144               19
  0.97785543175022671               24
  0.94406009932529278               17
  0.96070631522643024               16
  0.91297176583466688               20
  0.85105946044988690               15
  0.80047703946218318               18
  0.86856337355059865               20
  0.90419796908860262               18
  0.97722007806388567               14
  0.52173102227124479               18
  0.79670055787213889               17
  0.40077300178789144               22
  0.56085932158556528               16
  0.51559209497773661               21
  0.42041899708644098               18
  0.32602138075033998               19
  0.47959692910179691               20
  0.73494146074357691               20
  0.52093510019341882               24
  0.33248189978731713               19
  0.42477615981645206               20
  0.29321060172936053               20
  0.23604085405634201               19
  0.14009306473269453               19
  0.21915797777122564               19
  0.33707778304769415               21
  0.23818412248850179               17
  0.26947365741236906               19
  0.31692114016347894               19
  0.22473662676276343               18
  0.21895285849480692               19
  0.18209694345267408               15
   7.8089235728005885E-002          18
  0.14216864614671040               18
  0.47562647202280395               20
  0.34700918174973500               20
  0.49262938300037018               22
  0.26345677985834198               20
  0.51523321170450154               17
  0.59989254531085801               19
  0.69811134969185007               20
  0.52693334134400127               23
  0.59730081802179491               19
  0.53690785893286930               20
  0.56129872549141335               19
  0.41123860246740690               20
  0.62275858738751733               19
  0.69215006202631879               18
  0.61316317918060026               16
  0.95173203728839884               17
  0.84860173212804790               19
  0.88307463030873190               21
  0.87076154506431347               22
  0.92479643634958597               19
  0.76748281047004319               19
  0.87184218996716456               17
  0.70952904850090748               20
  0.69621997831954652               22
  0.90182373461043186               19
  0.68188520690585064               22
  0.82769638082008368               18
  0.95612834296847127               16
  0.62397274666526126               15
  0.55251815023526940               21
  0.78598395447668334               19
  0.44819912532789241               16
  0.55853540254841849               21
  0.61529250097859212               19
  0.52055164180815505               19
  0.37216237277649472               21
  0.18521250705984124               15
   7.7815886055318265E-002          17
  0.26333587047178370               15
   3.8429242516298701E-002          18
   8.7191163313254688E-002          18
  0.23075434567772943               18
  0.22604856859518910               17
  0.40049258874818511               18
  0.45495845663577400               21
   3.6288528262290787E-002          19
  0.20636423114293492               18
  0.27693477145424467               19
   9.6370725767154899E-002          22
  0.28920330690363966               19
  0.18275919386649939               17
  0.28538267130770295               17
  0.36301536695487291               22
  0.31862423354137676               18
  0.51434539088461884               25
  0.51113322179728837               19
  0.57298445860572245               17
  0.43342575177917386               21
  0.62684462233376559               15
  0.54714281841387125               17
  0.58381295248719545               16
  0.51037602724245246               16
  0.84585623504874274               21
  0.87453389300361628               20
  0.54870895931277663               18
  0.91622831986540987               16
  0.96444718994952350               16
  0.89774313226312485               18
  0.85497044045014015               21
  0.83230204947946651               19
  0.89408865912873192               17
  0.68132333324135397               18
  0.90197376997772805               16
  0.60344201555006427               18
  0.78726945902602175               18
  0.56584660095269224               20
  0.77274042685956856               14
  0.72331326400078144               19
  0.81491231661250174               19
  0.92985583173970332               17
  0.34235284175240055               23
  0.73972400618413314               22
  0.65365401357274777               17
  0.52434247470165274               20
  0.50749131509840695               19
  0.40151274017298050               19
  0.39703953483619647               18
  0.42544861464882083               21
  0.29645723190531020               20
  0.35358334700433863               20
  0.28213722409093972               21
  0.21959616673664195               14
   7.7715873663717600E-002          16
  0.13261267293081858               16
  0.10163327461782380               21
  0.27389700055150668               18
  0.15991060498730111               17
  0.18318659591472353               20
   9.4970446706142644E-002          16
   9.7524935993581030E-002          20
  0.34572794630318038               21
  0.19865958271351317               21
  0.41284958572203923               21
  0.49682133170703258               20
  0.31208708233041671               20
  0.37423110050591779               21
  0.49450891231572885               21
  0.54191432819026508               18
  0.49423648700134082               17
  0.55348354410861500               23
  0.56702669380996873               17
  0.58857396284398211               16
  0.86226492168608626               21
  0.73991117583214105               20
  0.77831767459378165               21
  0.94024619744267579               18
  0.95081063405867061               16
  0.88125978755398926               20
  0.89575276087052846               19
  0.74383305263877830               20
  0.81662378516702994               21
  0.97853167905763061               15
  0.81630339028938426               18
  0.90807434421544575               16
  0.73797452297886246               16
  0.87679447338099370               14
  0.79472532376991911               18
  0.87568772646543258               20
  0.66950402190344993               19
  0.73578293203245559               18
  0.36239420667640970               22
  0.59236856318379139               15
  0.54159538654981310               16
  0.45913183301321464               19
  0.19801974216154442               18
  0.55100484854929743               17
  0.43292276720170142               23
  0.48836719586287225               20
  0.26125107475520198               18
  0.51165684198383210               17
  0.25346693644539858               18
  0.17209746364631259               18
  0.33267530072393231               20
  0.29114351141160383               21
  0.22806188051241869               16
  0.14344260155670635               20
  0.26303261358684338               22
  0.20805280177599295               18
   1.4985809001366659E-002          24
  0.49333948002603523               21
  0.29814033956357772               19
  0.32053616983173489               21
  0.63493448087268722               17
  0.38938458559772088               19
  0.19179295416584252               14
  0.43103212433332427               21
  0.44077801262149041               21
  0.48931851670283660               19
  0.70875508116138464               22
  0.47513890335557152               19
  0.56988412192368443               18
  0.72928122032278841               17
  0.88459363034910965               19
  0.72331608501852562               19
  0.70335025916765748               18
  0.72073455352687965               21
  0.81252711111730924               17
  0.80542684325054803               20
  0.94581944101062543               17
  0.79850108117460494               21
  0.82906032678697628               21
  0.90095120091895475               15
  0.97573675069935351               16
  0.97194076413494646               14
  0.93932660974718363               18
  0.91068736722554511               15
  0.75479511789798148               17
  0.61740541309085006               16
  0.70121809312970051               17
  0.44662183785775661               20
  0.49772145765550790               20
  0.60403844224395165               16
  0.43522349189984405               22
  0.69768939341450864               20
  0.21453194134023804               16
  0.35506189496041785               21
  0.17829695631920292               15
  0.44775972200736575               17
  0.17052591498212374               16
  0.40064381392800058               19
  0.22762826629843075               16
  0.31784444653286287               21
  0.10648988630797279               19
  0.24446848403174884               19
   5.7449655798849433E-002          17
  0.44130066841670967               17
  0.15749410279278941               18
  0.10072102770062905               18
  0.12824350277547766               16
   6.6618908926141474E-002          18
   4.7351612650501314E-002          20
  0.56955149749349432               21
  0.21734584741853491               19
  0.22700466719660975               14
  0.26443422856775878               17
  0.49634150358019757               18
  0.43587777085850116               20
  0.39997955470517599               17
  0.91780164635362715               21
  0.40570648339910453               21
  0.56994924526817858               19
  0.98882691381543975               15
  0.67528121107006256               20
  0.63970382572422280               20
  0.74408820892808580               18
  0.68748370474126153               17
  0.63576833221689522               16
  0.89805423879431512               19
  0.95708802911114055               15
  0.95928487689681863               17
  0.73028326691178669               16
  0.88579206211520856               22
  0.94212527251794431               16
  0.90503241108466859               17
  0.77063500149821307               19
  0.36135953481486299               25
  0.52417619017114181               15
  0.74292035694735392               20
  0.69050491664006919               15
  0.66464023233335801               16
  0.66001640158914321               17
  0.45461761838854026               21
  0.48025147162153126               18
  0.29715311966328239               21
  0.51545945446929031               18
  0.47404978600595732               20
  0.48622681001907958               18
  0.13215080953650443               17
  0.46095699746607605               21
  0.14327412660680133               19
  0.14300249354819253               16
  0.18195972310094286               17
   6.9684901013204611E-002          22
   9.4169012192506993E-002          22
  0.19381372165759550               17
  0.28387443909547605               21
  0.26001878366752773               22
   7.9357317181266013E-002          18
  0.42793829394521232               24
  0.34745881218925279               17
  0.38669606708415866               20
  0.23939609323067895               20
  0.18991121908475389               19
  0.27291646358769511               20
  0.22949354033196045               17
  0.52212497737564278               22
  0.36688429462453054               21
  0.40553884581618466               21
  0.72716180987252665               21
  0.33908908116771636               20
  0.67490646500181350               22
  0.58481333339656227               17
  0.56980123230271540               21
  0.64236441471329020               20
  0.89481224008076099               21
  0.88007755605434468               19
  0.84972749186279806               21
  0.71059855078968992               18
  0.97742530058372146               16
  0.89816278109324077               19
  0.46562117380839974               21
  0.83628562801722084               17
  0.76373524000154902               18
  0.81101559779908383               18
  0.79172212330095737               21
  0.57907008267100391               19
  0.71581016713233225               17
  0.66203502618811283               18
  0.76442980460163867               19
  0.65103909710912566               15
  0.61060452246305996               17
  0.66254211335789848               19
  0.52017512902471208               21
  0.58300279464404969               18
  0.45714034496159744               22
  0.28781480960825734               21
  0.38044845572437791               23
  0.30517772209611499               21
  0.10446268073510469               19
  0.37053599326090431               20
  0.31706396703286122               21
  0.39491535940062100               23
  0.29652752530578108               23
  0.27827413441552146               21
  0.14476271719643466               19
  0.16283354641102626               20
  0.11949513110494329               19
  0.16391282149952008               20
  0.18622324894069400               20
  0.27881160052452214               16
  0.14236693539468345               19
  0.32354174595972973               20
  0.43296403794582439               21
  0.35944447375752564               21
  0.53845705333314320               18
  0.47284051269542438               18
  0.47779002422543848               20
  0.48333852563435953               19
  0.60714696306043558               19
  0.43508117955119946               20
  0.52943137064039492               20
  0.81635646775121595               19
  0.71942813028294850               16
  0.81909021775250279               19
  0.82982402819146328               21
  0.75276861952040186               21
  0.84456603706600597               18
  0.76516580789388444               19
  0.80244810301462266               19
  0.80270277790910183               23
  0.70837125063667827               18
  0.92024069578635903               17
  0.88828748044026162               20
  0.96599642251684248               16
  0.70987867482133071               20
  0.73798340660035811               18
  0.86937431969901791               19
  0.56139170716830189               16
  0.50133842069194401               19
  0.81009607898838765               16
  0.33170864444889309               23
  0.36621452396727822               25
  0.45034770158097914               21
  0.30611692691157627               21
  0.24515149681703094               13
  0.29099385005885453               18
  0.39575344848158739               22
  0.61118648497227623               20
  0.47677692145221845               21
  0.39731033191219234               23
  0.29732471002216693               20
  0.12614778709702590               21
   9.1208762975627453E-002          19
   6.0484755395023036E-002          19
  0.39351801616441934               19
   4.3886952768780171E-002          18
  0.21156379573855985               21
  0.14835945257892891               16
  0.17967579023673011               18
  0.20952525178929943               18
  0.15873861087547617               19
  0.34697989908594051               19
  0.17973653429372435               15
  0.35671650582965742               24
  0.29891681759094074               18
  0.66220517012002289               21
  0.32301693097813944               19
  0.39084287339350199               21
  0.52053892885448338               21
  0.50110280718717026               18
  0.41056528004555026               21
  0.50197344404012589               19
  0.62336368352486782               20
  0.77607224634562122               17
  0.60863075253218435               18
  0.84857961812350868               18
  0.80706580704552244               19
  0.95621170505744579               16
  0.92513834828696062               19
  0.72536365511353684               17
  0.86531832094602446               22
  0.85839540968412154               19
  0.76113860044356829               19
  0.61698526841033785               19
  0.73867215392536045               18
  0.90771840919879232               17
  0.73760180547164267               18
  0.66987612235279437               17
  0.66069615354685474               18
  0.65363537839310548               18
  0.73717451702947301               22
  0.62204042608528598               17
  0.65217710239675586               19
  0.52592496031447422               18
  0.28265574115978831               19
  0.21697400336471426               19
  0.38950490599983772               23
  0.34467287926271561               21
  0.54377429225233076               18
  0.38952841027581731               23
  0.15303879448117799               20
  0.11049393438551136               23
  0.16796730113750974               20
  0.34923645116025753               19
  0.29743419455702563               20
  0.35079086366069351               19
  0.28913041051686017               19
   4.5100932039423017E-002          17
  0.36084728246825459               18
  0.12439898340364536               16
  0.45489124010708848               21
  0.48675162637489489               22
  0.28554040822836069               19
  0.34734872309965609               18
  0.38606888584446458               19
  0.41360823257574186               23
  0.60675935389845193               21
  0.67507042081529856               21
  0.46918512413690272               22
  0.88941022700461081               17
  0.82504826862065173               17
  0.61114326124944141               20
  0.85689359996402925               16
  0.84471781350248376               19
  0.92243442576286250               17
  0.77535221433471258               21
  0.90212740191909102               21
  0.92974352534578986               19
  0.88814140172426814               18
  0.76521634358839929               20
  0.88742042356062445               16
  0.84649136457823537               19
  0.93909282480039113               11
  0.94842203804215519               17
  0.98814150076601537               20
  0.84813380986821452               20
  0.83477375862544811               14
  0.74236909951688868               19
  0.77430824285946132               19
  0.54365321479583584               20
  0.58465290243087986               20
  0.77185041109161812               19
  0.78394233184832185               18
  0.66731132204560761               18
  0.75953628541755380               19
  0.51187421113175269               22
  0.42513634576876524               22
  0.56670569288619110               18
  0.43487811186803016               25
  0.37374405709913772               22
  0.20534233006712932               18
  0.27269791021932732               20
  0.15738576654681224               20
  0.22314067132543636               18
  0.24061047843468494               16
   8.9345811512787116E-002          21
  0.29514937077269432               18
  0.13633511717544711               20
  0.18693927479929784               18
  0.27498988586709588               20
  0.40337030925251827               20
  0.33765947580506089               17
  0.25648055397756592               15
  0.33703580637226677               19
  0.44549503154480147               20
  0.43490983951708656               22
  0.44288879942749593               21
  0.46558751403512361               22
  0.38988413235930025               19
  0.80011551093755806               20
  0.83937106125926864               16
  0.54740150199647009               18
  0.53406256741757419               19
  0.69175250130009724               20
  0.88058166533192461               18
   1.0589700378403697               17
  0.70357746685800182               20
  0.83611684368930816               20
  0.95473170995342749               19
  0.68459266418279929               19
  0.81659540035142542               23
  0.91723841768678926               15
  0.73230799666731605               17
  0.94045869316116060               21
  0.95572071418028826               15
  0.70202066377506400               17
  0.82009612968439427               23
  0.79214764225034096               16
  0.80809823171713291               22
  0.81064166660028236               21
  0.75465085558005263               19
  0.56471573912991624               18
  0.67441139330701760               17
  0.40646288727604951               26
  0.52760862956849519               17
  0.68851578364859201               18
  0.50138333831816362               19
  0.46403623219734363               19
  0.60201381432623380               16
  0.33575974823463856               21
  0.31149845151849626               19
  0.13480089585881430               19
  0.29500589416625017               18
  0.42729245810850414               23
  0.48243466130515844               23
  0.26001682452017261               18
  0.17910240861124838               15
  0.26295597221326239               18
  0.23209343616536690               18
  0.33039020124469975               20
  0.30686306033260224               16
  0.33771492185003349               19
  0.30422326237111436               21
  0.45295055549614871               22
  0.53154614875975270               20
  0.52258858113194473               19
  0.26292023534525921               17
  0.56029614970502650               21
  0.62276420561957690               19
  0.50781359634070122               21
  0.69778061883250975               20
  0.57071731768595424               24
  0.58330688404785502               20
  0.80165165811540606               17
  0.85097559191841288               17
  0.70432662853643746               20
  0.96607673658451565               19
  0.97534727651585618               17
  0.76477902678317045               21
  0.96776591486086960               16
  0.89548716078903312               21
  0.88497300259678935               18
   1.0641084624726318               16
  0.98669168589858836               15
  0.88535151587225014               19
  0.93518166234325972               17
  0.84016365378758595               19
  0.69153992618202376               15
  0.64619051492511437               17
  0.84677646814522434               16
  0.47233116640900424               22
  0.63083071451551032               17
  0.79556103915122212               23
  0.56908564250635096               18
  0.49184334434674998               23
  0.69290298529255201               16
  0.47392701939906506               20
  0.51692980774488817               21
  0.29413122642716966               17
  0.44447150402246566               19
  0.55679964735922549               19
  0.41769445624701979               25
  0.35805342512479887               20
  0.36295847910962659               19
  0.25441094901427852               20
  0.27474161727267266               16
  0.31494704257686268               18
  0.36436266025150932               19
  0.61665345676025729               18
  0.43106986215146004               21
  0.34298365715856743               20
  0.48303240528737507               19
  0.47470055788291310               21
  0.38657889344238283               21
  0.62513015663411942               17
  0.50733180783810472               23
  0.69723485941402275               18
  0.61825797548436701               19
  0.39963491906128706               20
  0.44424403801100892               21
  0.62930138727452467               18
  0.87158157531081171               19
  0.75022233949980932               22
  0.94906869167792385               17
  0.94617084719606026               15
  0.96918640089274366               17
  0.60866315651627889               17
   1.0833613385827430               16
   1.0471747992953098               17
  0.92451887096187102               17
  0.96639920225073572               16
  0.89121900284402300               20
  0.77898623780907128               18
  0.93919084955111565               15
  0.64566218108342455               18
  0.95061862523872664               14
  0.88908818806437173               19
  0.58507726775286473               19
  0.50506350689916579               24
  0.45177872378498163               23
  0.55713686791988914               18
  0.69145265087558772               20
  0.82352040053423803               23
  0.59626560892975944               16
  0.54637801533692587               18
  0.67835112726206670               17
  0.56604248480641728               20
  0.46012426112107413               20
  0.43986704843172014               24
  0.54209432236525745               21
  0.30721781008382804               18
  0.41151070582231969               21
  0.43726922747745534               19
  0.45736346938170164               17
  0.15442915138395291               18
  0.42306808388390710               19
  0.40419301979473055               21
  0.29660535935030563               19
  0.28341222378194836               18
  0.23024473902852285               17
  0.67960766679574780               18
  0.36337317826986942               22
  0.58413406565987036               20
  0.38300346922293177               22
  0.45881141027414618               20
  0.40144889156890506               21
  0.71664356461529477               22
  0.79201683724721272               17
  0.54989892164244558               20
  0.76976051366902698               21
  0.67426119555005914               21
  0.68957540980068466               22
  0.75815152758381088               18
  0.85814625283098167               19
  0.74632542778456634               19
   1.0016874666755426               16
   1.0206631369441794               15
  0.76734241567128847               22
   1.0317731918761619               18
  0.76485846021567028               19
  0.97577796303621167               20
  0.98979561817321404               16
  0.81197149729770179               19
  0.83391305391507597               22
  0.82056333366503054               23
   1.0092246873314257               16
  0.84879958965293678               19
  0.80412827947518140               22
  0.67951555532032493               21
  0.73484821368278708               19
  0.60948730599093148               18
  0.50322335281201269               22
  0.46283122599396659               20
  0.48078933363741194               17
  0.60535482285598152               20
  0.65136028476326391               19
  0.49688335258313904               24
  0.68854090529600198               20
  0.49007925799362184               18
  0.25516049560337101               15
  0.32349850611010106               20
  0.35276661846674512               22
  0.21953739351885296               17
  0.24175712635617486               17
  0.40656939595220465               20
  0.35808311968227430               22
  0.48746239672168723               22
  0.51420925453195510               22
  0.68545521986220903               17
  0.27858851306183879               16
  0.22934345712132453               16
  0.33872151893404900               20
  0.62771055108571250               23
  0.45693095619985952               20
  0.61665169503412831               20
  0.55374449077468268               19
  0.63801652490430583               21
  0.63464796498804943               21
  0.53028882663414401               21
  0.79381654874139640               19
  0.77979281652194132               14
  0.78954013446403881               17
  0.62875684584487967               21
  0.87573010812228147               18
  0.90242010010858809               19
  0.74426621045537900               17
  0.69699420188383376               21
  0.85050614411923509               17
  0.90049867147252993               20
   1.0506401175023090               19
  0.87721685581811371               24
   1.0035235419580042               13
  0.79352429468150099               22
   1.0182269003462663               16
  0.94183704260621870               20
  0.98251490210451031               19
  0.82246523855592679               20
   1.0155039338237317               19
  0.69817518488158292               20
  0.55054641610385224               18
  0.75814940286238952               20
  0.66731794908443920               17
  0.55322463940407285               18
  0.42865819202784017               19
  0.71007363525739864               20
  0.77493289317124292               18
  0.50193210361969753               19
  0.48405611999230991               19
  0.38376038563598569               22
  0.44538169978355435               19
  0.38585027158815655               19
  0.42102203610573397               23
  0.54026636017705987               20
  0.35440991676494304               20
  0.46052771079721000               20
  0.62965323548180308               22
  0.37018354741654752               21
  0.53719063743127293               20
  0.52306566136503707               19
  0.79012322330288409               19
  0.57027054641582442               17
  0.56716813940685917               22
  0.54391912942757259               19
  0.62026651630893226               20
  0.56295813082133439               22
  0.40479107703416450               18
  0.53356268196763768               20
  0.59813386158954795               16
  0.70875264214702138               16
  0.87821266379584995               17
  0.58232184277235444               22
  0.85837293799531877               19
  0.83189925298065137               17
  0.98229220398800166               16
  0.77860780019922682               17
  0.83237975998004810               18
  0.94594711117581920               19
  0.78784453288316114               17
  0.90037310451740837               18
  0.98295449073962304               19
  0.71183185753524747               17
   1.0478556837988084               18
  0.86402417537241094               16
  0.90704608709169643               22
   1.0197402025244859               22
  0.81959666249119467               19
  0.67459333978990899               19
  0.89719122053273492               20
  0.92187102487880557               21
  0.96830244020883927               16
  0.60408080040052137               19
  0.55676168445433238               18
  0.55823653197243450               19
  0.83786463260310073               21
  0.69125030777744245               19
  0.49614418778802272               20
  0.65293445750638068               19
  0.53992681122414532               21
  0.50604777877149609               21
  0.36414060145115068               20
  0.57627565982449724               19
  0.45395360873775109               22
  0.53551290202741186               25
  0.21404619037937195               19
  0.33619601054083442               20
  0.64526656560948692               16
  0.62750583441249252               20
  0.39797212711861352               24
  0.46638339651701605               22
  0.60234708381034296               15
  0.49933277052237257               20
  0.74068481122757612               21
  0.59491171633567308               19
  0.51063985512257792               21
  0.54668542084709826               19
  0.67901823861141097               23
  0.38379629067750592               19
  0.85755152545921809               18
  0.67377523406793838               16
  0.54247282814358333               20
  0.77546841283839574               19
  0.75650817492884848               21
   1.0105528304664968               18
  0.83446399999596887               18
  0.95322167203305874               19
  0.93594790211507928               20
   1.0438518457301524               17
  0.90694613041653604               18
  0.88456635422701024               19
  0.71281099699311867               18
  0.88623320071020484               23
  0.97051834797562986               21
  0.95935120671431462               14
   1.0958418803556647               17
  0.84227333560428752               17
   1.0539407412041366               19
   1.1071308745295625               17
   1.1055670130380055               18
  0.90055760632874193               19
  0.65991472916567184               17
  0.43290487213820195               20
  0.85116648304810960               22
  0.66201023936381653               21
  0.82095029839668765               20
  0.82689424881841800               17
  0.53104951999875416               18
  0.87075899458911077               23
  0.47030725829112624               24
  0.65369017964896969               20
  0.69479830612624605               20
  0.39504474038340359               18
  0.44492245973208600               23
  0.38713819923963455               22
  0.50568078413922934               18
  0.43626585850099853               16
  0.64094708986571680               22
  0.61579785312539315               19
  0.72326681270611093               22
  0.48539639860054540               21
  0.29815088009577950               17
  0.50570390738423465               20
  0.31403315786127600               19
  0.83412477710157329               22
  0.73404098987855204               20
  0.79812986483926607               23
  0.67670316786955298               19
  0.68505619909326632               20
  0.53875193448178094               21
  0.67544732172869915               17
  0.62834147131146112               19
  0.56975170728171298               18
  0.81463264549147518               18
  0.89329293679719057               18
   1.0441915208656738               20
  0.98953334081646349               21
  0.87805974848381696               15
  0.98214307468491957               22
  0.96585780447137715               16
   1.0034649166981673               19
  0.94816993157025808               15
  0.92389709579638524               16
   1.0021106784726990               21
   1.0648830180178519               19
  0.94265054075474808               16
  0.92485897383654092               19
  0.89259825626408962               20
  0.86610727687016520               19
  0.95827192589293975               19
  0.54796385528213565               21
  0.58351988345888883               21
  0.99975204596459177               20
  0.75501678507138503               18
  0.79170445447140214               19
  0.82742124149582952               20
  0.79569129051867638               16
  0.65383488866154438               16
  0.91785092631164633               19
  0.55495054768395580               19
  0.39090490426790653               23
  0.55120800611821119               18
  0.32682198136126589               18
  0.64124001838325251               20
  0.60233723155568875               20
  0.53060338714496358               19
  0.76596132339429635               18
  0.55358853304971389               19
  0.41149614224457265               22
  0.66178334037977837               17
  0.88493023817864525               20
  0.54533225886079095               19
  0.42405179409625871               20
  0.66047157418239877               18
  0.14445518896470189               21
  0.37901079401027021               19
  0.81652823154058007               22
  0.52105839317138314               21
  0.70079525049111657               23
  0.76623061285140348               19
  0.67922657473326720               20
  0.88096461496878375               17
  0.99778093064938367               19
  0.96911289504627696               20
  0.93000420342106183               17
  0.83769008121950927               19
   1.0907542228611726               18
   1.1752668532583583               15
  0.93972877559203161               20
  0.94818293706784174               19
  0.95148300828527466               19
   1.1369028418701717               19
   1.0375928338726910               18
  0.82292410546875605               22
  0.85582273554690280               23
   1.0275594463418520               19
   1.1539107997406273               15
  0.76236691308298576               19
  0.82924297961307614               19
  0.94799077999796244               18
  0.70851974260823003               20
  0.70403975491207871               18
  0.45017828327939030               22
   1.0856645893669241               17
  0.71566768231530076               18
  0.77358958993736038               18
  0.76910473096567300               20
  0.75427590839017200               16
  0.58853272178688998               19
  0.73139474485772482               15
  0.62341456254609384               18
  0.42401638748152259               20
  0.60620005001794997               22
  0.47450593583520517               22
  0.67337211316353296               16
  0.80253530162124365               18
  0.61996496056094497               21
  0.36346700973991891               22
  0.41232668534958661               18
  0.68595245375712066               21
  0.73851194160321421               18
  0.77825303356109210               18
  0.51775743202416835               19
  0.64154353620512194               18
  0.67923597296348359               19
  0.63435274642352879               20
  0.77841560306506119               18
  0.68705338015313089               19
  0.54675309448747489               20
  0.78070600641651333               23
  0.76107134066602655               21
  0.85051893618825425               21
  0.67310943725681738               19
  0.74628827127160191               18
   1.0395733209218836               17
  0.91615719372718762               20
  0.91989614430533162               21
   1.0517693532625734               19
  0.89872008914865553               20
   1.0524327491505212               21
   1.1367512495091427               15
  0.93177570511956809               17
  0.94994643209310758               19
   1.1764765128632924               18
   1.0740541670145587               18
   1.0174616119800775               17
  0.94249839935516722               20
   1.0193989109616866               16
  0.92890023125866017               17
  0.84436952064273640               22
  0.98651190199797190               20
  0.90983103516991226               22
  0.86402408688541543               21
  0.81763496858793772               18
  0.67463672116720963               18
  0.63822641254945722               19
   1.0109272697257123               15
  0.88909092943355905               20
  0.72729697397261361               19
  0.68327496243266683               15
  0.61911229267260670               19
  0.64994640324633945               20
  0.61498344898405888               18
  0.58046927158510320               17
  0.76381688567855877               20
  0.59380784928480712               21
  0.48473188758907032               17
  0.33870187169776850               20
  0.53033328881019393               20
  0.72687508229027320               21
  0.78124515942590200               18
  0.90806903201172195               16
  0.67120130493549546               19
  0.69547148695707905               17
  0.56492016043385807               17
  0.77736403124400277               19
  0.45440738679762749               20
  0.68105406445467598               20
  0.73486628826482980               17
  0.73126534000358134               18
  0.71272476152635522               22
  0.90451375216066476               19
   1.0453840511451102               18
   1.0073483373245562               20
  0.87829966599534171               17
  0.89721980792550360               17
  0.88389331043586383               20
   1.1206476468905033               18
   1.1268101244833979               18
   1.0946132023757440               18
   1.0907084051246123               16
   1.0465922877235774               21
  0.75248733340701568               17
  0.96975952793146436               18
   1.0515346937144459               18
  0.92613094317502875               19
   1.0580718614944811               19
  0.85713061750580777               18
   1.1056664189269700               22
   1.0337749733670925               22
  0.78087281317130686               20
  0.90969677962192275               19
   1.0111769130173121               18
  0.66606914259238648               18
  0.95798683051003619               23
   1.0692185606205009               20
  0.95522481989559604               18
  0.64214958487764062               17
  0.88944649707992918               19
  0.39743768133457047               19
  0.88379155013656074               21
  0.78575318255507309               16
  0.72059877121802784               22
  0.60037921762084290               20
  0.83806890982852411               18
  0.45604463796573053               19
  0.65190848159877735               20
  0.73151007788622480               16
  0.85183347092248496               20
  0.49396429026385524               22
  0.91683981801115433               19
  0.75072516960204771               19
  0.70098610534213379               16
  0.56408880770978054               21
  0.44426270007006285               20
  0.59206509025802412               18
  0.91332912669894906               22
   1.0045212905796930               18
  0.98904424614897857               20
  0.93607670279408561               19
  0.75096430488518129               20
   1.0226241731643102               20
  0.63035655993649919               16
  0.77283597454184205               17
  0.97868250815860180               21
  0.94686647857741846               18
  0.96593900750024098               22
   1.1034807622260283               19
   1.3262077351436437               13
  0.94353390813321425               17
   1.1088073096105948               16
   1.1793324958163915               20
   1.0825552611559621               17
   1.1368568770251912               16
  0.98492004151699253               19
  0.99853183811890689               19
   1.0900150279228087               20
  0.94699113868451179               20
   1.0936435343670998               15
   1.1323382675934706               14
   1.0936780623438098               18
  0.62334758601810758               19
   1.0593669225619358               15
   1.1423665619581853               17
  0.86934330327582554               21
   1.0887810265558520               20
  0.88493582928314973               17
  0.91305724758152518               22
  0.68676829121491845               15
  0.85235902863449597               20
  0.82096497020597436               17
  0.94688261901388804               23
  0.84536952225063355               17
  0.87103547962568117               18
  0.84283125921174706               21
  0.57735776196921129               21
  0.53566679594689848               20
  0.89730662096372493               17
  0.74852393485036661               19
  0.47285683034946430               19
  0.83957024062018648               21
  0.69559204171429301               20
  0.91541386945238268               19
  0.64860559602731327               21
  0.61908715341300691               20
  0.69703340779048761               18
  0.88566106782823806               22
  0.59458246578336693               22
  0.85073949384181613               19
  0.98933688738838532               18
  0.67007477758739187               16
   1.0114301403978530               19
  0.59390724906289005               22
   1.1053945082846093               20
  0.92606488559993483               21
   1.0371076724318788               19
   1.0670610100999784               21
   1.1191732447448990               16
   1.0272719959513172               18
   1.0070455346810194               21
   1.1119174434635115               16
   1.0145866989832553               19
   1.0154008160426962               17
   1.0634017960180906               16
   1.1460912229907949               20
   1.2521955426559135               18
   1.0859008505564756               19
   1.0717323688863916               15
  0.85416254424655036               20
   1.2733328121564580               16
  0.83712262182890740               20
   1.3069178461998041               18
   1.1928647435435951               13
  0.77989252434872525               21
   1.0663517940002891               17
   1.0394541534690953               22
  0.91621953640841391               16
  0.86839480595082386               20
  0.37415746246424780               22
  0.82210372390887865               19
  0.87466066709685630               22
  0.90786806812129761               19
  0.67124650149664122               17
  0.66273290987819533               17
  0.60286835116788151               21
  0.78375741100567631               19
  0.76362878325002337               19
  0.50586101685438944               18
  0.79794427428926251               17
  0.93265333437296927               19
  0.52637694472288243               21
  0.67508849126353199               18
   1.0061433988380053               17
  0.75792346719867265               19
  0.48092790474637914               20
  0.89768264902447759               26
  0.97780343664111280               21
  0.66212422771878243               15
   1.0409491855211501               20
  0.92427754925044370               17
  0.81208061948062094               20
  0.74090182060026810               17
  0.86183502023272873               19
  0.82440941437286441               21
   1.1477200914895676               15
  0.80243487883981635               16
   1.1555831531534255               21
   1.2059675415314155               20
   1.1451589118823580               19
   1.1224122256751030               17
   1.0787472770967099               18
   1.1853173401807509               15
   1.0808189015415892               19
   1.0005914560062166               17
   1.2244145917434706               15
  0.86600802213660222               18
   1.2862968253719613               15
   1.2197764406908054               18
  0.99093331875439361               18
   1.0372596620059531               15
   1.0610641023416540               19
   1.1095797080407757               18
  0.87233724551548175               20
   1.1397288177974554               16
   1.2021874882851222               15
  0.90301451812633782               20
  0.81658165519969828               19
   1.0292145325359778               18
  0.80155451646579723               16
  0.72633826856692807               18
  0.73153676252537769               16
  0.72138889819457919               17
  0.81633020723159189               18
  0.87826777889840246               21
  0.89957994948706987               19
  0.60740078207834958               18
  0.84620476519849608               17
  0.69233874364766879               19
  0.93106205762094596               19
  0.95304890692239164               17
  0.66541688628850215               20
  0.95068867384295430               21
  0.84843624056272249               21
  0.62495670885293764               21
  0.96782532169293045               17
  0.85121916760226335               20
  0.93785496423307901               17
  0.80890451882091363               19
   1.1280126290871082               18
  0.86919525608465964               20
  0.92953738572177103               18
  0.63324939922704238               22
  0.92616251699349261               20
  0.84733284153362332               18
   1.1845898250427511               14
  0.99063875369149834               22
   1.0512572774475668               21
   1.2051345079067184               16
   1.0966659579799702               17
   1.2133020288141996               17
   1.0347607010595550               19
   1.2271253475040218               12
   1.1301550583647451               21
   1.1471477098075173               16
   1.1200443053837856               17
   1.2043290000295981               18
   1.2120733088691629               20
  0.97328529020222676               16
   1.2767865522831172               19
   1.0766028499625619               18
   1.1201145894343540               21
  0.91195683986444775               21
  0.90559982414097617               23
  0.79796561020075518               17
   1.1990870491633014               19
  0.73351750424050755               19
  0.91499521654230398               20
  0.71086450011935909               15
  0.98196045052991499               21
  0.75029382887865559               19
  0.84858200397820382               16
  0.96432705498938487               16
  0.83120403687043909               18
  0.57641605669471074               17
  0.79484153221344733               19
  0.76189836902641161               20
  0.94630996595553929               20
  0.97883585163049647               22
  0.94848574902042238               18
  0.97092245081057049               17
  0.90972791337411263               23
  0.77367169143706915               21
  0.80461667524867808               18
  0.88699199180786914               19
   1.0260912969533043               20
  0.91342697164150388               23
  0.79791155122269009               18
  0.98283158487713118               24
  0.95940546562030415               20
  0.70004792690860695               18
  0.86364840891092265               21
   1.0698871443536928               18
  0.89723515085496475               18
   1.0906281849728208               17
   1.0172764941450381               19
   1.0783413394930104               17
   1.3545783153518984               14
  0.97234280761121827               19
   1.1310725321491537               17
   1.2809851889721966               14
   1.1811408370152185               16
   1.1403756535551581               13
   1.1417834969648522               22
   1.1742100943141482               19
   1.3037565213761302               14
   1.1588758819190839               16
   1.0216189185111879               18
   1.2696620804845367               16
  0.95417097521403049               23
   1.0060279271417223               15
  0.88292946772549874               19
   1.0287388682028136               22
  0.96777991728064394               19
   1.0132941933602992               18
   1.1310519611283736               16
  0.96647505400473888               20
   1.0205623373851058               22
   1.0719076021001035               18
  0.78424305491331370               14
  0.88889859236928492               19
  0.86125561840848808               20
  0.89439891000837124               22
  0.83980261059551775               20
  0.77423855257474694               15
  0.96368011385431684               18
  0.53946780216258039               18
  0.79859839110093900               18
  0.71777547913053896               20
  0.96845818047251531               20
  0.95546667818923181               22
  0.89286008564240871               20
  0.88358605126949874               19
   1.0208017971941155               20
  0.81225864367435174               21
  0.75198017488605506               19
  0.83348564183961105               22
  0.90720006528388175               19
   1.0436108068726566               20
   1.1231653530203918               19
   1.1814215868316713               15
  0.82715898108738251               17
   1.1077661490830779               17
  0.77285405743390601               20
  0.98293986029095815               20
   1.1874851083516700               14
   1.2666236012645058               14
   1.0021199946974413               20
   1.0708939649212363               18
   1.2460430074016329               14
  0.95453224740228770               21
   1.1069851236500952               19
   1.0307498035579432               21
   1.2010581399515845               18
   1.1476844203344814               19
   1.2290835424202255               20
  0.98182369826407989               17
   1.1058096778811393               19
   1.2759958707518406               15
   1.0477830030094457               19
   1.1487491872742741               18
  0.97883751712176426               20
   1.1396396843165406               15
   1.0306340346415088               16
   1.0455543569306094               15
  0.81572722489631255               18
  0.99993765312847194               18
   1.0208094000424068               19
  0.97453090361353423               19
  0.93010753374178889               16
  0.86854506113376628               22
  0.76234835220509323               19
   1.0027736173343031               20
  0.96087809525420254               15
  0.80647363072634681               19
  0.80089670937257429               16
  0.84262849544035534               19
  0.81980303411685829               17
  0.77833614684870434               19
  0.90765800849029832               19
  0.77678354110189518               18
  0.96968335909293557               16
  0.71854830497973254               21
  0.95518087885795289               18
  0.99526511481652713               18
  0.80618374977686125               21
  0.93926282495300484               17
  0.98832688799914770               18
   1.0342960626812769               19
  0.72440687360190403               19
  0.92719204395044608               20
  0.79074712825495086               21
   1.0732025907166345               17
   1.1455220677455573               16
   1.0982433689764421               18
   1.0274005983800951               17
  0.97811891580227639               21
   1.1407800171768316               15
   1.2315288332716212               13
   1.2894997737203484               13
  0.99808012406745561               19
   1.1897962822754797               18
   1.2618615041146295               13
   1.1647528439144994               17
   1.2747664353941730               16
   1.3450513408734537               14
   1.1969332584080969               17
   1.2298481978572660               14
   1.0898009540815174               19
  0.93691049288498118               19
   1.1257033846375430               15
   1.1704909025632089               17
  0.96815042968909892               21
  0.98829074721167187               18
   1.1219256158781210               17
  0.90992352151318123               20
  0.92766561198445674               23
  0.95283434678819023               23
  0.97997203596821414               17
   1.0089118309229748               18
  0.86324361710391107               17
  0.89148634783499814               19
  0.92389270703050419               21
  0.92759084386621848               18
  0.94095297449454929               14
  0.89495573573235998               19
  0.92494553580554761               19
  0.89152939629915673               17
  0.84718990827599150               22
  0.95139054017121139               17
  0.88502494640099971               21
  0.86067869971704936               23
  0.84401651045547643               21
   1.0007710333690620               22
  0.89310021897666836               20
  0.70480603111334694               20
  0.83957263214504529               18
  0.96901051548294248               21
   1.0474120116483032               22
  0.92633212783888441               24
   1.0319434722577412               20
   1.0231216628678723               15
   1.0184094763912728               19
   1.0154031517171538               19
   1.2321192372403003               16
   1.1927708240080166               13
   1.1413349279915874               14
   1.0826706150407925               19
   1.3086043139726415               15
   1.1972804811213158               16
   1.2654882475429088               14
   1.3190953651616191               12
   1.2407592821134608               15
   1.2361999372327344               14
   1.1419656895692185               22
   1.1774961530261367               17
   1.2113392947613699               17
   1.1304922177531833               18
   1.2166285093419547               17
   1.3343293971554999               14
  0.93609595779596710               18
  0.96654910343468348               19
   1.0939079763383099               17
  0.80506729882727623               17
   1.0295996573696711               17
  0.95917483117633484               15
  0.96447014427860789               18
  0.91496671919248973               22
  0.94422393151453909               18
  0.68046797904000744               21
  0.95525910138996328               17
   1.0779812554385342               18
  0.58993882486993265               18
  0.36482392467426228               20
  0.90108464189482806               19
   1.0003228320352913               22
  0.97860676547774028               20
  0.89932028888565718               19
  0.75698742598703506               22
  0.94238860664383517               19
  0.81417878857861459               20
  0.91155222994730167               20
  0.61999633007953148               19
  0.74544854646464520               22
  0.87186006821703477               20
  0.82339440591245006               19
  0.85157575822116460               21
  0.82106417496315520               25
  0.81193329738766340               25
   1.0311611020230476               17
  0.67089102797174294               17
  0.95318021966999367               16
  0.98946600824111586               17
  0.98773785695792027               19
   1.0495329941535156               21
   1.0775186949346731               19
   1.1321405866648244               16
   1.1389017754097497               16
   1.1179600697874619               13
   1.2393051053364887               14
   1.0924761220134565               17
   1.2978103138976300               15
  0.90130291251117112               24
