   1.1482506068554081               20
   1.2379539647996074               23
   1.2383433621892146               15
   1.1252705661996132               15
   1.0090445241877735               21
   1.1203597283459035               19
   1.1162087429007983               21
   1.3408454676334667               14
  0.95299986686722149               18
   1.1150464109198106               20
   1.0600882529221007               21
  0.94709272008033374               20
  0.98764919445979227               18
   1.0994180051908335               16
  0.76541933104842819               20
  0.81249184194580781               19
  0.95034700748232848               20
  0.99233841860623540               15
  0.98576339473057639               14
  0.86621487308842471               19
  0.82924419568585661               17
  0.64978580155491217               18
  0.86679151460822823               18
  0.58344508601855227               22
  0.75233697442190384               19
  0.93108356012793070               14
  0.76477230550452568               16
  0.88387783611797588               20
  0.95965416897044076               14
  0.96617258688692909               16
  0.92281958926174867               20
  0.85096865228981888               19
  0.87444373496253003               19
  0.88002436437374520               19
  0.91557844516072162               23
  0.92548559266923847               20
  0.70816661641049738               24
  0.84759123667432112               21
   1.0284267274203909               16
   1.0057744597326963               17
   1.1398425401920338               20
  0.86817766304135169               17
   1.2694676343434448               17
   1.3400491172889124               14
   1.1604673561242898               18
   1.1163679789773076               16
   1.1384226657190275               18
   1.0886765048335749               20
   1.1603554881953466               19
   1.1890201654984343               21
   1.1666188422206651               23
   1.2762482623838582               16
   1.3037808085123768               18
   1.2366341864769896               18
   1.1524072960935754               24
   1.1551586304645884               21
   1.0976517921250093               21
  0.97672905233434715               18
   1.3082995833016760               15
   1.1786548268483257               22
   1.1785956403892728               17
   1.1122941609728803               17
   1.0489172138788747               21
  0.98014964680585792               18
   1.1470727161929817               21
  0.91800064844486828               20
   1.0549825705944569               17
  0.92989924279058256               18
  0.93113213621906132               16
  0.90753710368322182               17
  0.80612643531013539               19
  0.97012656759457938               14
  0.84109135215073427               22
  0.94520714513314763               15
  0.95405591131361189               15
  0.80812337573306747               20
  0.92575819869506470               14
  0.91275784192873255               17
  0.91210908229874643               17
  0.95595675468426389               18
  0.93854598718900151               18
  0.95988953955095524               15
  0.86611360228385725               20
  0.99727578508660264               17
   1.0024589467659228               19
  0.85403939472008994               19
  0.99592542371259318               14
   1.0383690859333214               16
   1.0050426778621262               21
   1.0894625969430602               20
   1.0777764533912602               19
   1.1017105322858127               15
   1.2008211942229652               16
   1.0784443483514852               20
   1.0841920706901167               18
   1.1409656285584049               15
   1.2390841215086428               15
   1.2052782690404469               17
   1.3376756001159278               14
   1.2100268060344117               17
   1.1992425547790764               21
   1.1974516691569363               21
   1.2760880912328496               17
   1.1761352697803831               19
   1.3028404307055912               17
   1.1941151673130292               19
   1.0728555319851854               20
   1.0370553441212775               16
   1.0133585408233232               17
   1.0482561631557459               19
  0.91401464088021589               18
  0.99481758330005698               17
  0.84814942268577320               18
  0.97889733068156448               18
  0.82659870357696819               22
  0.84597016139354686               15
  0.77120793481381178               19
  0.84529482575252546               18
  0.97549286930759715               19
   1.0446477923810056               18
  0.88095031182487604               20
  0.77707930459948815               19
  0.86613842886004233               19
  0.84650971610462589               20
  0.96689242874291370               14
  0.80933603180564584               19
  0.91346910164018369               15
  0.94512467856060745               17
  0.99513537115902595               14
  0.92181238291004086               17
  0.75757898965295511               21
  0.90416263285962550               18
  0.86748541260615164               19
  0.82690485835115857               21
  0.99616491544684882               17
   1.0823081118801163               20
  0.92309180630642385               18
   1.1841215710765522               17
  0.98589832963792723               19
   1.0595904213581770               14
  0.97965789464553443               20
   1.1431815088682047               16
   1.0209740986119344               18
   1.0424243781047722               20
   1.2339297939549219               20
   1.3491686897204394               14
   1.2534931114828864               15
   1.1897085380279198               19
   1.0449789295199687               18
   1.1454808806243202               19
   1.2758316989549805               17
   1.3137052380383503               17
   1.2319976870103821               22
   1.2614658932185261               15
   1.2455462476474892               17
   1.1159430152921099               21
   1.0272022865601820               18
  0.92868899381683478               21
   1.1216906212093836               18
  0.93663879012162821               20
  0.82837412910486841               21
   1.1025279770256111               16
  0.88665415477166332               20
  0.78422519871298069               23
  0.79257474763978375               19
   1.0074594734217699               20
  0.84508476662623022               19
   1.0004777870053090               16
  0.97656808843599896               15
  0.82643390431967545               20
  0.76790434171642208               17
  0.89814250196434353               16
  0.85108136770061193               21
  0.72174239999967460               21
  0.94305653115838783               17
  0.67453549966140558               21
  0.68222475113379177               17
  0.86342419350502009               20
  0.93503567114620656               16
  0.94840654781157308               15
  0.84980105219325097               22
  0.70265235308682727               15
  0.88437549893631429               19
  0.79821739144339787               18
  0.75789781515692456               21
  0.96074528617536414               22
   1.0989220805784230               18
   1.0222400260688451               16
  0.87765255392903430               18
  0.97910507495640331               19
   1.2058276985055627               19
  0.85957125393637102               16
   1.1521801757775818               16
   1.0756340324179987               16
  0.95214729203529025               19
   1.1729433898606454               17
   1.1240197735475861               16
   1.1528813169169432               17
   1.2071989607146765               16
   1.3007189967191546               16
   1.1433053158186963               18
  0.97220778934903440               22
   1.1650707077548539               20
   1.0854788317718493               20
   1.0347713664188956               21
   1.3262744374627762               17
   1.2279643677594281               15
   1.1942040130896125               20
   1.1812744934458861               21
   1.1569640115759539               20
  0.98347205237954349               20
  0.99497557744228793               19
   1.0165309859400968               17
  0.73353148435805438               26
  0.76173187152830479               24
  0.88731531869844327               16
  0.67897366845225604               18
  0.91603188373741351               18
  0.87745343493651640               19
  0.89731288555652244               18
  0.73329627241386330               19
  0.81792614498562122               19
  0.91934172381251178               16
  0.86339007885549568               17
  0.72402376199133245               19
  0.89896601060113279               18
  0.69874029531385085               18
  0.69751731799978567               18
  0.92691581982441951               17
  0.94868075466000079               16
  0.66875831655447859               21
  0.83037836677791332               19
  0.91060416694182666               19
  0.69545488737382322               17
  0.93073460160698329               21
  0.60983086495693173               22
  0.95931650589754924               18
   1.0841202682295035               17
   1.0639816046423893               17
  0.82393574717139650               19
  0.88925938160980611               19
   1.0301683497045151               17
   1.0747669129344273               20
   1.2614680343287668               17
  0.87523158859975925               21
   1.0842752833359761               17
   1.0760762651635092               17
   1.3148272978151592               13
   1.2296497242030726               14
   1.1573488468935500               17
   1.2232985532313614               19
   1.2106634059855679               16
   1.0939606202590200               22
   1.0102136262652190               19
   1.0761261930397472               19
   1.1665914466080536               15
   1.0894507441061281               21
   1.0669522720457831               19
  0.79940013062777959               22
  0.99695415283114763               19
  0.85964904755404981               18
   1.0510530121876169               17
  0.80511142992634843               23
  0.89385709074997977               18
  0.89001722814622408               18
  0.93730422806468483               17
  0.91571178168267342               21
  0.71818042788617698               20
  0.82276914950695212               18
  0.88795120166537289               17
  0.86554496966558858               19
  0.66885256983934704               19
  0.63603803915522261               19
  0.76249820664292844               18
  0.47231034931743610               21
  0.79846381626309682               19
  0.52607540942528142               22
  0.95545703428505624               14
  0.64201319885445995               18
  0.79099035456996725               19
  0.68177936314555088               17
  0.75122179233480890               19
  0.83154102355456894               20
  0.98093320666928918               20
  0.93385599233156691               22
  0.73942404633355319               17
   1.0163552606177768               16
  0.88159299918120004               22
  0.71956155176129488               25
  0.78212383822949183               18
  0.91468348738072858               18
  0.94073439596698150               19
   1.2418796591024175               20
   1.1671363466785796               18
  0.91614106264273953               20
   1.0403785615221068               18
   1.1783345540344317               16
   1.1117381425201347               17
   1.2875712358792293               16
  0.97690634757622741               18
   1.1505638483191676               22
   1.1131079232913508               20
   1.1469565444247463               17
   1.1875352160618695               18
   1.1652381079614915               18
   1.0375441904496052               20
   1.1329797565258377               20
   1.0440732919379208               19
  0.98904053081222976               20
  0.89189453970469890               19
  0.89750113152709043               18
  0.99482272597104626               18
  0.99376456421677029               21
  0.87882038812078989               18
  0.82365945914443528               22
  0.74542377871860921               25
   1.0225365022683264               16
  0.66079800198680927               21
  0.79407348421697066               19
  0.80694819422511488               19
  0.72066209606407017               19
  0.68963150424873099               19
  0.75049813613544558               20
  0.66377251735223552               21
  0.58974624854603075               18
  0.68787324011017992               18
  0.52450467784363952               17
  0.65710108914698795               17
  0.87423016001455822               21
  0.76481566632439246               21
  0.82272417748168758               21
  0.58187517071270145               25
  0.69871696000495265               18
  0.70258463612076827               20
  0.73031838643184233               21
  0.93495169128847733               20
  0.78949646916833993               15
  0.98529474731323285               20
  0.96042077289600680               20
   1.0440193483538236               18
  0.81432548598721188               19
   1.1055238746993983               18
   1.0075840549808075               21
   1.2045767667542884               17
   1.0946250377357956               18
   1.1955750435616614               17
   1.0893697772949471               20
   1.1795964667588710               18
   1.1706099968742516               19
   1.1052343979284003               20
   1.0051944366149126               23
   1.1516756837457416               15
   1.0683293820873980               20
   1.2234846019355581               18
  0.99758969810456988               21
   1.1394186712817629               20
  0.93414656808481700               19
   1.1678273662889542               22
  0.97959737312311856               20
  0.82313413948493397               20
  0.71087887743677192               25
   1.1007286091111976               19
  0.81631646490462750               22
  0.89965928134970441               18
  0.74681454316380147               25
  0.79351663902412561               22
  0.74591921552182738               24
  0.98838779256899378               15
  0.92141235290179613               16
  0.79942153726979404               19
  0.66862521002574127               20
  0.71063195573387172               17
  0.81391602915045103               19
  0.72499567041896773               22
  0.57418824430797755               22
  0.42868049320233803               22
  0.72635842424271180               19
  0.62606823717644577               19
  0.56687447047733619               19
  0.73813270199272607               16
  0.81753307968914490               20
  0.70205369396456829               18
  0.79194609709128494               19
  0.69055845829263585               22
  0.85950235162761601               16
  0.60438644620871163               21
  0.92669018589301844               18
  0.70246760321674617               22
  0.89916208685264676               21
  0.84336123352031211               17
   1.0464261018411085               17
  0.99976631960669116               20
  0.99024997972628126               19
   1.0290402741467197               24
  0.96531708678815875               19
   1.2237535632097172               18
   1.0148404501268329               20
   1.0754531747756320               20
   1.1939028741430153               17
   1.2522003459461626               19
  0.99600880959829352               18
   1.0914458001351135               21
  0.91220997120556069               21
   1.1062494202318520               16
  0.96291598126790268               21
  0.94931955644379040               22
   1.0395272441071330               20
   1.1305675033629115               20
  0.75235265795161910               25
  0.79681665726910922               25
  0.72742909493662211               20
  0.93146392195197825               17
  0.78761852203300042               22
  0.77347581624639550               23
  0.73466347832397705               27
  0.64001274178049450               18
  0.68579691741088977               23
  0.76728398495592254               20
  0.94946887187129536               22
  0.73625660765624890               17
  0.70633931513631087               21
  0.86858892008713706               18
  0.85630275386115895               19
  0.50068020169898286               20
  0.54290509033979006               22
  0.81334094140662183               19
  0.49726082131240562               20
  0.85988208927020038               21
  0.54701712605326180               16
  0.54096656236880447               16
  0.76017756129860647               20
  0.59220095993033617               18
  0.55187464422240184               21
  0.70331259586507222               19
  0.59797289693482325               21
  0.93399507504087009               20
  0.74074956900025191               20
  0.97086469745036852               16
  0.79677535549494349               25
  0.84641446262885778               22
   1.0330797323432304               20
  0.99466851492481023               20
  0.91776407055413656               21
   1.0516052794372281               19
   1.0271488952482215               19
   1.2659419581676170               18
   1.0746319707067828               18
   1.0796745712473521               21
   1.0716255520764471               18
   1.1649033329158640               18
   1.1182850272001124               18
   1.1916211076483267               18
   1.1241282905710479               15
   1.0136947275193045               15
   1.0859557189504798               16
   1.0662932922164594               17
   1.0606532010660492               23
   1.1253513342114523               24
  0.77196053189939495               20
  0.79693968874189824               19
  0.95575081516280136               22
  0.89584194533097683               19
  0.74380702431198586               25
  0.74421708573747125               24
  0.79339752166503441               23
  0.69965575701594607               19
  0.62770599262505389               22
  0.58682633056589695               23
  0.60269857039733177               20
  0.75628866165237352               18
  0.79700617573006349               20
  0.76355762052374487               16
  0.60052370138524258               19
  0.50522934486889748               20
  0.59918433180757114               17
  0.63295833416387304               17
  0.57138475929351007               21
  0.83019960196899834               20
  0.66065166548480103               19
  0.48315511971178127               22
  0.81985749388248808               19
  0.66594503532710070               17
  0.80777597145468860               19
  0.83908895213266821               18
  0.68656557821965436               26
  0.78703458924634351               26
  0.68704947159221452               18
  0.78978164379053539               21
  0.81367828680044352               20
  0.92146570710181097               21
  0.85587368057314328               17
  0.95604283501411313               19
  0.97008040588125355               22
   1.1211048835194950               17
   1.1446668570680114               17
   1.1203861623435074               17
   1.0591159307259652               20
   1.0530705745103666               23
   1.0154755604945156               20
   1.2407858908194733               18
   1.0231932697129833               20
   1.0634975537367461               18
  0.88623646124365130               18
  0.99484804142732675               18
  0.81676887596989800               20
   1.0471836402045698               21
  0.90403030959303998               23
   1.0675004227823384               19
  0.86583642051259646               18
  0.82837543453940155               20
   1.0127450310278219               20
  0.96838237591459164               18
  0.69219076279075797               24
  0.66096356969881054               22
  0.70809213284038564               21
  0.68058098419522262               18
  0.74615707187642033               25
  0.58037684212546092               23
  0.54273803887743621               21
  0.48718387663873880               19
  0.58713299487466308               24
  0.65608864821676049               20
  0.54733540153537052               18
  0.52064539223199502               21
  0.53406505209681332               27
  0.45381198558356339               21
  0.78366256282352187               21
  0.53042842016527614               23
  0.44161480559092514               18
  0.46340828523155353               18
  0.77512985036653936               20
  0.74993332279720337               20
  0.76172018795346486               15
  0.91918865802719285               23
  0.59293507019488101               19
  0.81120766562228230               17
  0.75770105486492512               24
  0.63075141535131329               22
  0.79717787743280966               20
  0.57055542006907378               20
  0.87193249811963025               20
  0.84230026201347252               19
  0.94201246082669643               21
  0.89441360453585717               19
  0.91367741537199010               22
  0.96268421145378369               25
  0.80251181498439328               21
  0.89750460698920331               22
   1.0415278687915017               21
  0.99991480874751348               24
   1.0178274619496945               23
   1.0477831030891331               22
   1.0419160197543611               17
   1.0724218531405902               18
  0.94763748071687059               21
   1.0782664774840660               22
  0.70674472530246113               14
  0.94098977943114837               22
  0.99335294377926786               22
  0.94129897756251024               20
  0.92329018376360972               21
   1.0123012263061293               21
  0.66822220121508991               20
  0.63218151045885240               19
  0.73944288153446092               23
  0.76252472710953356               22
  0.70799743478957256               22
  0.54854490890177088               21
  0.67195083901050323               18
  0.51835814193425467               25
  0.58852713609883878               19
  0.62967762555198048               21
  0.56053818454568338               21
  0.50507896733830582               20
  0.60617399861623678               21
  0.46964556657032952               20
  0.68124123670845249               18
  0.45125306924724679               23
  0.49674966120996700               24
  0.34847496359872437               19
  0.51808906819105882               23
  0.70301648987664678               22
  0.74758736101850876               22
  0.69011930855323600               21
  0.54322751968430738               22
  0.72539304676043981               25
  0.62497156269584608               20
  0.70446762498089111               21
  0.79313212913016107               24
  0.94478247953986283               20
  0.86836958964074373               20
   1.0038179601457764               21
  0.69392664282320538               21
  0.71798198146001579               22
   1.0460740330272871               21
  0.74672098502736994               22
  0.75474035197579648               18
   1.2084122413877154               19
   1.0032154893479206               16
  0.94272303287437254               18
   1.0589455322458203               19
   1.1055297220659577               18
  0.83974044743197185               19
  0.99609027792232696               21
  0.83671463192794548               20
  0.98389762104432632               23
   1.0521618664375900               17
  0.77129372474113367               21
  0.87197784054461169               22
  0.82563452837030127               20
  0.94955881829144262               21
  0.72013263215892709               20
  0.77425018983015914               20
  0.86982455308177009               21
  0.70919616321892975               25
  0.59416150999907280               19
  0.66490900056468372               22
  0.53796474726444543               21
  0.61311480431622700               21
  0.44001766418658217               21
  0.63510774219932775               21
  0.55010082967326090               21
  0.64735000581302338               22
  0.46643157786387407               19
  0.41607441595967992               17
  0.58671917516072536               22
  0.44053088789911232               18
  0.38497729588009694               20
  0.55598859975975645               21
  0.55988472868126260               20
  0.56393678164702010               24
  0.63922009243597466               23
  0.63738734182914247               21
  0.44334211521692812               19
  0.59311404050356575               20
  0.60895524202522855               21
  0.57801255655388184               18
  0.85376056006933865               18
  0.54517555766766790               17
  0.85683549813027471               20
   1.0542872087205784               17
  0.82090067530229982               19
  0.79151680651421863               22
   1.0331008312020638               25
  0.86209379140966935               20
  0.82055726088089165               20
   1.1225842499757184               18
   1.0041613602774462               21
   1.0283562560528960               21
  0.99390439272031472               26
  0.98010896045009877               22
   1.0280559126349209               22
  0.88948768246168730               21
   1.0360248746655871               17
  0.99168272931699430               20
  0.80695252712611754               20
  0.85696880666474806               20
  0.87318294966675181               19
  0.65775489771468543               16
  0.95167254078062946               21
  0.53459351248270015               18
  0.65956992333455011               22
  0.55085500134723087               21
  0.84268307004821597               20
  0.77466727834856441               20
  0.62569550381411354               18
  0.51579284034840012               23
  0.50602765103643399               21
  0.63511954831359729               18
  0.54094671088534463               17
  0.43013553248884184               14
  0.35232389565150546               18
  0.49838877554266053               19
  0.42110203852735689               20
  0.53949955390710780               20
  0.68076440416377904               20
  0.56964694917107850               22
  0.36446790626469822               18
  0.35552233441759229               18
  0.62268891925945735               23
  0.59923683703830866               18
  0.42641485728652706               18
  0.63118567240006485               19
  0.63257501861077248               22
  0.53810640264842169               18
  0.82622884335078017               20
  0.87249941757287663               19
  0.79960086392316443               18
  0.82694838205123467               21
  0.96654679893300921               19
  0.68414543425442553               21
  0.87498999864036842               20
  0.86228203937130654               20
  0.76079547272334502               19
  0.70493315260956046               19
  0.94722686239182163               18
   1.0171989120084679               18
  0.95276282767878029               19
   1.0496936921683839               20
   1.0584658984580164               23
  0.74676151791238854               19
   1.1682869338855486               16
  0.98752659062317805               23
  0.88015962619026222               19
  0.99382715633842389               20
  0.79980386422680394               20
  0.60856576465353218               18
  0.80267476976353469               16
  0.64486722855192902               20
  0.89340659557305713               23
  0.87441635902464809               19
  0.79519949933570100               18
  0.46867648566186687               19
  0.59640602856147207               18
  0.70799528595779393               19
  0.45649496411684948               22
  0.60751210218275498               18
  0.39839054223826231               19
  0.47026492110750240               20
  0.58495040087717776               19
  0.39067433956569431               22
  0.40150602803651819               20
  0.43815385172574167               24
  0.65927447103518011               23
  0.36718796751909749               15
  0.48369393328366339               24
  0.49884956856026358               19
  0.30702227284148303               18
  0.47109405634855422               19
  0.31513193336726181               15
  0.40949653132340330               19
  0.59742848180632158               21
  0.44480797021942575               19
  0.46151603445753403               22
  0.64159484187273397               19
  0.75476660074842761               25
  0.41731512169651924               20
  0.72951537622513707               20
  0.72485843184969201               22
  0.70862245640132371               22
  0.61044806034585053               20
  0.90037303456030393               17
  0.68405243065855481               23
  0.73443784875217744               20
  0.98637548724660518               25
  0.73024132447521495               22
   1.0410681646237203               14
  0.99184348631433072               15
  0.80228262861767730               20
  0.79593527388818286               22
  0.95596327219361599               21
   1.0468382351875560               19
  0.97207752842821848               24
   1.0336381038801008               18
  0.90269470192268675               21
  0.94507020973948852               20
  0.90099827261406751               19
  0.81684552503101371               23
  0.70980122210531738               20
  0.89254728962881358               20
  0.60965234564237269               18
  0.66162285081826100               17
  0.61963503722255442               21
  0.59249128141091822               22
  0.68911908627364393               20
  0.50684460386778218               23
  0.65474464561724510               19
  0.54018267415481269               21
  0.44495929817427426               20
  0.42761586568428106               21
  0.51158729833686356               22
  0.34588272930247438               22
  0.46840772162043348               20
  0.35142153112012281               22
  0.63735840236226016               20
  0.27057833862661590               21
  0.42163462747696456               18
  0.40103250973861215               20
  0.58074880995593292               22
  0.40847319564654705               20
  0.27237757784633959               16
  0.59064730059733173               21
  0.44280009820716432               19
  0.40772047015138246               23
  0.54403411127917689               21
  0.44373420356348131               22
  0.72778926743988925               23
  0.59894147963833200               21
  0.84329507293573569               18
  0.67647291614124094               23
  0.89346878229970994               22
  0.64324348751299065               20
  0.83121122731753161               17
  0.65112763856212086               23
  0.57877288525510950               17
  0.81798355316366311               17
   1.0017192529923316               16
  0.94661524114293860               18
   1.1230472692360005               18
  0.88072957696582443               16
  0.92311595936709856               19
  0.92521816737244378               22
  0.92925898384459371               18
  0.97602548759081742               19
  0.95509520645760648               20
  0.96565482581931794               19
  0.59547052166255821               18
  0.75587178494861407               22
  0.53329711637152255               19
  0.75388708003762184               17
  0.55149672842742792               18
  0.56721101016509357               18
  0.44355674140345352               15
  0.69686049037947628               22
  0.62082659054219480               17
  0.60042072852959971               18
  0.46715240054588997               21
  0.60417189937591509               21
  0.35147342600283477               18
  0.38355402636890124               19
  0.33940820851250592               20
  0.29124824786745090               19
  0.33810800607151564               19
  0.27296705527024362               20
  0.51299981049841581               23
  0.50120456805190250               26
  0.38946775109963089               21
  0.24685618253932964               19
  0.35856201282051570               16
  0.18517471087710161               19
  0.53495045642694672               26
  0.55196667055087290               20
  0.21796424134861261               18
  0.60232845007662639               19
  0.64450421626855559               22
  0.49087289551300239               21
  0.39830135847005754               22
  0.66890728425853851               21
  0.67397064419248565               24
  0.68282845365336930               22
  0.58697589816000406               20
  0.74809621981269558               19
  0.87092923195243810               19
  0.93045591790500171               21
  0.94608507171072664               20
  0.98551709152200762               16
  0.65263514233684450               19
   1.1496686814703261               19
  0.94553569159395312               17
   1.0461964530251884               12
  0.93397491860075055               20
   1.0244162070082590               20
   1.0438891296817574               19
  0.75116171768564433               18
  0.79700119246220669               17
  0.76298875447011894               17
  0.84133650752235012               18
  0.88177891250477214               20
  0.71213368973142344               18
  0.68154020019736461               24
  0.73904464040429163               17
  0.55632116904226880               21
  0.53018062033044544               18
  0.51241763068583890               18
  0.70953935865067208               27
  0.48608701636264701               19
  0.36042372483616314               22
  0.63753230303864061               21
  0.39276663848654975               20
  0.47865223822845321               19
  0.32579879590325095               19
  0.38200502855171131               19
  0.26804475381982618               20
  0.33534778039940294               17
  0.47851997111310124               20
  0.25097934035665359               21
  0.24969726307587839               15
  0.39979806977526822               21
  0.64990856495702698               18
  0.44752154885427142               19
  0.33855649423695261               22
  0.23321426440107790               19
  0.53573844855352815               19
  0.48311371477940046               16
  0.76484955164144375               16
  0.67414929577381799               19
  0.61855033292549455               18
  0.68622186739426916               21
  0.63838725243125560               18
  0.77011760801512552               14
  0.77792983878967970               17
  0.75046313231630979               21
  0.74441162009780637               22
  0.90467066237925209               18
  0.70066509909668628               19
  0.67624948316777878               17
  0.66647795533678555               18
  0.97449510320154387               18
  0.98178434627069455               18
  0.96681141154743711               22
  0.69169662208908089               16
  0.97806650631726888               20
  0.78556732644006810               18
  0.72093869253437970               18
  0.93056635143702426               14
  0.89533622304202876               18
  0.71796081974259995               17
  0.80598867283293707               15
  0.65836064301533281               19
  0.67147893777126100               21
  0.72314067305341256               20
  0.63222054414231266               16
  0.41166540639090815               17
  0.36737263225369315               18
  0.39602698557844135               18
  0.53106182239538480               20
  0.39373980796881042               18
  0.43038762411733955               21
  0.33016087870857969               22
  0.43939213076966932               19
  0.54708884342532593               20
  0.26497765305053417               17
  0.31477922789172058               18
  0.39261870551286282               15
  0.30345977637323063               20
  0.28406158075949478               16
  0.38388603920389391               19
  0.18735507037754642               16
  0.41586563856925152               21
  0.21593167407412878               20
  0.36119408421145099               21
  0.42966602257031111               19
  0.58227091016320975               24
  0.59159908434575026               21
  0.45911343235228830               22
  0.39284356034740192               19
  0.52015235692938500               20
  0.51865469988360791               19
  0.69190871256287945               20
  0.74647720882190194               20
  0.71122329631849923               19
  0.82766051006453778               19
  0.85197887408950179               21
  0.78945708230114142               21
  0.94788196342473041               21
  0.88134876496959025               15
  0.94450319965177265               21
  0.99803465044301476               21
  0.97026856050931243               16
  0.76224820743967436               16
  0.90750652709206892               21
  0.87771468160627486               22
  0.84107021008371019               19
  0.97422841946156258               17
  0.83921923161853917               18
  0.86074198756108777               18
  0.94026541265672159               21
  0.62815199248000442               18
  0.87857587839804008               19
  0.64228531533018529               20
  0.44185207579050512               18
  0.60098420253241480               19
  0.63007513170376472               20
  0.59176306798479261               20
  0.47977738968301392               17
  0.57112314673044551               18
  0.46716330552653329               20
  0.57122997394711050               18
  0.27604966783407309               19
  0.25000128050475889               18
  0.32511284916089039               19
  0.43934723043198476               21
  0.29589863981895753               20
  0.33027005041695046               19
  0.11495713051574315               15
  0.24656090746905351               22
  0.27425594834696637               19
  0.25197393573013960               21
  0.43945993085114388               19
  0.15016760074015054               17
  0.28461266907936383               18
  0.47339536663170639               21
  0.39225737616167250               22
  0.55368383963939194               17
  0.54722366192968408               18
  0.65754071976377360               22
  0.76076042029431623               18
  0.64020060198836637               16
  0.70281635190292979               19
  0.80763737738746766               20
  0.71894452901000283               18
  0.63780453219316247               21
  0.72998852380613033               23
  0.64827469861471110               18
  0.88253339939716313               20
  0.84181070634688193               20
  0.93870795848609623               20
  0.87429876153991071               19
  0.97185505014807128               16
  0.78964978879665959               16
  0.95325744682566982               21
  0.95935951968823918               18
  0.97478873563533508               19
  0.99405011980852820               18
  0.68037073738905374               17
  0.84498090996203679               16
  0.82436719529098101               17
  0.62021005957979214               17
  0.54946142036673706               21
  0.68875590467257874               20
  0.65121788417056070               20
  0.44994619201439073               21
  0.53997072141502589               19
  0.57961128265369277               21
  0.27208323431222792               19
  0.59172169896925486               19
  0.40130882508831744               21
  0.32499418619388887               21
  0.17400594957169019               17
  0.33815221633557330               17
  0.39114610001428962               18
  0.11544160501811100               15
  0.37378286395456994               17
  0.24215893023720314               17
  0.22070290358455597               20
  0.17208425400733576               19
  0.34567544605501355               21
  0.28459335096374383               18
  0.29228578387763005               19
  0.19654877348324951               18
  0.45874307105354117               19
  0.36434370128721766               21
  0.36950427457186474               20
  0.33979151895375576               17
  0.65972773867319057               19
  0.61774211883882868               20
  0.50387164627069259               23
  0.44706643420729281               17
  0.41065196975490803               23
  0.50359821994345411               20
  0.73475358821668624               16
  0.71932319567201808               23
  0.70641030630513768               18
  0.88329932797229993               21
  0.87758995983735777               17
  0.85415900916967202               19
  0.97835446140450122               22
  0.90482390581722671               16
  0.93747897296147886               17
  0.91808999459702401               22
  0.87468471173951401               18
  0.82733290246094771               19
  0.90304641948697306               20
  0.95558624733093100               17
  0.96078220286933347               17
  0.59078370048123086               15
  0.93309866177252465               18
  0.52509963887903810               19
  0.58957218385487165               18
  0.48960327976561546               20
  0.42003403152190660               16
  0.40744218504326318               18
  0.55039670256853224               19
  0.70326028916635186               16
  0.50660012917916009               19
  0.34924439580884525               16
  0.46024701258786549               18
  0.33116147242872335               15
  0.25411832276054930               21
  0.20149915164709822               19
  0.25637799156542651               18
  0.33323898190318407               21
  0.27006760766778803               21
  0.15626812759687034               17
  0.28894322807205630               21
  0.19714995553461603               20
  0.23332511942368728               20
  0.21844812859388238               18
  0.13442885929699283               18
  0.17669963715923459               17
  0.43529936137192560               20
  0.35502326210215807               21
  0.51089882535619580               20
  0.30524047875234622               20
  0.52759341750460254               18
  0.51245420998953783               19
  0.62260409370041525               20
  0.46330732397969837               19
  0.60509252669501401               21
  0.53911972152440613               20
  0.57918094001440701               23
  0.49542995170922877               21
  0.51900798259662506               20
  0.69415054495744599               21
  0.59009584154400618               18
  0.93987154959969221               17
  0.84209485973855558               18
  0.96520261619000447               15
  0.91445082824256629               20
  0.90378646896772585               19
  0.72818892630779519               17
  0.96191955968929233               19
  0.68114766688106065               17
  0.74650229664904744               16
  0.87445930235349578               20
  0.71558410603157163               18
  0.78293162822381901               18
  0.94568014815388712               20
  0.69123864874685681               18
  0.53309531033935220               18
  0.76006843036391414               17
  0.49710376207550583               24
  0.58192020635631037               18
  0.60567628274892660               21
  0.56216394737938291               20
  0.35777084334936227               16
  0.14982041584560993               19
  0.15452686885388253               17
  0.22768605369420936               17
   2.5451117971180162E-003          15
  0.10017421846332722               15
  0.23855276117100616               16
  0.21681178926052938               18
  0.38412723407319416               22
  0.31645611103980847               19
   9.0973086201622241E-002          15
  0.16949304688103742               17
  0.29919297492612473               19
  0.11503580454019870               14
  0.30233134983359022               17
  0.23693559992388522               20
  0.31622754677676007               21
  0.38616612242207821               19
  0.32093461015410668               21
  0.48936033866357059               18
  0.52496806893933501               22
  0.55471869220045866               21
  0.38949923258395530               20
  0.56964842878172672               18
  0.57451975585946069               19
  0.51550307875138568               21
  0.50367640822559812               18
  0.82249749622531820               16
  0.86648709325597761               20
  0.57436403168332717               21
  0.89655502719954383               19
  0.97621315901306482               15
  0.86362206525808050               17
  0.94726462122971833               16
  0.86418231142417268               20
  0.96476716354142200               15
  0.64645216161973085               20
  0.93613430820283283               17
  0.69353041827528050               16
  0.80518155604130270               18
  0.64883004049715176               17
  0.69896534287878753               19
  0.76111568536076046               18
  0.81945914316256363               17
  0.90523823847792195               21
  0.37455105876862171               15
  0.73631962556570552               16
  0.60089548858344088               19
  0.48062192592047465               16
  0.49288251544815093               16
  0.40487895379225092               17
  0.41431409734140923               17
  0.39973817528970496               16
  0.29834007252862532               16
  0.28068561536648673               15
  0.25148564415491004               21
  0.21643325338094715               18
   7.2443283816255699E-002          17
  0.11443404141253771               18
   5.0289738766990173E-002          15
  0.24887166390069074               18
   4.7166272423349753E-002          16
  0.14240875086649502               15
   3.4345005506742361E-002          16
  0.17368430936209583               19
  0.36565038965641006               21
  0.21138949452052988               18
  0.30873197701628224               20
  0.48638437123591155               19
  0.35304840380538594               18
  0.40568319189530616               17
  0.49675751010783203               22
  0.55995526204295054               23
  0.54206952583057844               21
  0.54019709634417690               18
  0.62417241426615855               21
  0.62870176556922497               22
  0.90315648889994260               18
  0.75795667339574369               20
  0.78610276493514608               24
  0.95315362459184272               18
  0.96775931618128586               15
  0.82545763898117475               20
  0.97354959302818611               15
  0.75833061584286998               22
  0.79808918712987165               21
  0.90487173023605738               18
  0.87484724412561421               16
  0.97810585741289302               14
  0.80201138944775319               20
  0.79032071117222524               20
  0.76828159336593571               18
  0.85304122034106067               18
  0.61193890786640126               17
  0.68223959342742169               16
  0.45556056129921091               18
  0.52925199436581816               18
  0.57002217225863072               21
  0.46300417905567964               18
  0.27296869635680282               16
  0.57854446072073951               19
  0.39491799771074526               14
  0.46210933235910967               20
  0.25878980420315179               21
  0.42765262629578799               20
  0.18116688588065838               19
  0.12732448858233206               17
  0.29334301024533360               17
  0.26568501379734977               21
  0.18842270194434246               18
  0.10652022273695445               14
  0.17425154263218792               17
  0.19208122522933047               18
   9.2333184308028671E-002          17
  0.42226505198120295               16
  0.23494367671572516               19
  0.34095581787048984               17
  0.58568693240861169               20
  0.31815966719385097               19
  0.22689025531409920               22
  0.49291564130434429               20
  0.40913901526430174               18
  0.48492287120470895               20
  0.65518997429052717               22
  0.47088307976756011               18
  0.57342517065249565               22
  0.76155160648639941               19
  0.80584672264763069               23
  0.70699026020105238               20
  0.68294270530955825               19
  0.71564549858644155               20
  0.82985362899431558               20
  0.87608153483278750               18
  0.95317712678447131               17
  0.80591571749262203               21
  0.81775501913168391               19
  0.91530828383055662               12
  0.82263999366337071               14
  0.92547529987992050               16
  0.88471136031457243               18
  0.88383156723951717               16
  0.74640975013523059               21
  0.63161331794958708               19
  0.73507049008550340               18
  0.53842074714749566               20
  0.51622753506389274               18
  0.56936172760471415               23
  0.34753336952494779               17
  0.64573734303161356               18
  0.25451816550198397               20
  0.30508721373575404               16
  0.25406123439945932               20
  0.41227390002306424               19
  0.20184291939979773               16
  0.37647295774922029               15
  0.24709250071768166               18
  0.30967040076152569               16
  0.15512178967306237               16
  0.26665780892182145               19
   9.4374911772035185E-003          15
  0.40905095425923232               19
  0.15919453985694668               16
  0.12031731821766148               15
   8.4973084556171488E-002          18
   6.6812834336225785E-002          17
   5.8910341951195100E-002          18
  0.47213242406023798               22
  0.26107085493992083               21
  0.24599269962328624               18
  0.26562342479413353               22
  0.44037765459559330               19
  0.50435906105057848               22
  0.45006191836314763               19
  0.88774659361524133               18
  0.49803631304174018               22
  0.57921184414075566               22
  0.78595448502378984               17
  0.67675319711514770               17
  0.64097545533465505               19
  0.70326637293224925               18
  0.67062620251105043               20
  0.70639579809113651               20
  0.88791249661518812               20
  0.94503844013134164               17
  0.94548461636961811               19
  0.74182139451051277               17
  0.90867815053242218               17
  0.96854722445101171               16
  0.88104731274657522               15
  0.69098751561768057               18
  0.50402917466854791               19
  0.50968210242041345               19
  0.77120805386229785               16
  0.70315446679200444               20
  0.74236472776693019               18
  0.72053226098663015               17
  0.50926262636568709               21
  0.51581237357218612               23
  0.27447455365108764               17
  0.55359304155101263               25
  0.47990909936031734               18
  0.46739966250037762               18
  0.19470902343127122               20
  0.39127184023770767               17
  0.16601757354544161               18
  0.23996808753913598               19
  0.15071652619698686               16
  0.10230913162308448               17
  0.11614843676379244               18
  0.20397337272109589               17
  0.20827534600121397               19
  0.19558154856849100               18
   6.8347810698396988E-002          20
  0.32654135535957940               18
  0.35992046088933716               20
  0.33715788975958638               17
  0.25887414836191913               20
  0.20483665824769967               18
  0.30727476154944855               17
  0.27141863185949111               21
  0.50793888784643826               21
  0.45749876071893486               21
  0.33504659548610438               19
  0.69844911604953486               16
  0.42162989217700902               20
  0.62251643320122418               19
  0.59121953791620918               22
  0.60878934208811153               22
  0.65511058880535944               18
  0.87313552222709867               16
  0.77764763891711031               18
  0.86174560482621954               22
  0.74396363322195502               18
  0.96927777601233067               17
  0.91374893618103892               20
  0.57872240289378329               25
  0.82206757421810506               18
  0.80561593899575246               19
  0.86487407195992394               20
  0.86356161278652499               16
  0.59606068681744140               21
  0.66726646544138279               19
  0.68567016894003241               19
  0.77189024127334915               16
  0.60594094275725519               20
  0.55718947903538119               21
  0.50700911358198020               19
  0.63726695677813927               22
  0.57408677169511746               20
  0.46241542119673829               17
  0.43563784295687680               18
  0.36959792151431725               16
  0.30485909743373180               17
  0.17113009997722475               18
  0.32918632273854342               19
  0.34810361235070714               12
  0.40275075161315838               16
  0.25754684861247990               17
  0.20383587616164017               16
  0.13557720900923975               17
  0.17943678776037142               16
  0.10750438961318103               16
  0.18164461661821554               20
  0.18742491829396252               20
  0.26348795964284710               20
  0.12276511599552657               16
  0.29870510938158334               21
  0.32613262625806799               21
  0.31593300021403842               20
  0.46735745805056556               18
  0.49069983021496139               20
  0.50270569140084798               23
  0.55292761248273725               23
  0.62381624358612597               23
  0.41200551041468214               15
  0.56469138938975849               21
  0.79728030498365354               16
  0.73499165805125533               21
  0.77402898175156853               17
  0.80554420905060764               20
  0.66643157902278982               19
  0.87771389820895640               21
  0.78751964266409735               18
  0.79687424170081400               22
  0.81990711654643622               20
  0.79175271054505858               19
  0.95419668094038079               17
  0.95569215937859620               15
  0.95606215485812640               17
  0.78654380610806829               16
  0.71877248179525322               19
  0.79418493042625460               17
  0.48930794558751117               20
  0.55651727095072212               20
  0.75303800491474782               19
  0.36073184115628953               16
  0.40154814487151053               17
  0.50537212355238470               19
  0.30996118659812166               20
  0.27339546970474199               21
  0.24596994177545084               17
  0.43912528033815568               17
  0.55104270388178134               18
  0.45843830444238759               17
  0.31655904122085682               19
  0.28705788492174833               16
  0.22802610091106265               17
  0.11598026205554868               17
   6.9018875539135674E-002          19
  0.34305165654766384               19
   2.5000829367032431E-002          17
  0.18549918691785450               21
  0.14107557059049813               18
  0.22975256546550646               20
  0.21712477799448887               18
  0.14694215057680279               19
  0.37332944746204511               15
  0.18088864074595393               17
  0.38120337830361328               17
  0.36037777740720883               18
  0.64927342228723040               17
  0.34415737794855061               17
  0.38683023295518337               18
  0.57538396999306018               18
  0.53488227891717499               24
  0.44553096513328316               18
  0.55306380943453115               18
  0.66971500195523492               20
  0.77345871593226945               17
  0.63917771534275125               21
  0.84314444996084126               15
  0.79455010205230170               19
  0.94922827277534394               16
  0.95110428729674734               16
  0.76160541461695319               20
  0.87890836835665798               14
  0.88836704265338595               19
  0.79728430912878034               16
  0.65893011268791735               19
  0.73246646459194920               16
  0.98339360136947096               13
  0.76009454146613231               22
  0.71468140386404866               17
  0.67604233542601855               19
  0.69702864393674979               21
  0.62537014212965292               19
  0.64518883721777642               21
  0.57811527713202859               23
  0.48352082200854135               20
  0.29656420335803796               20
  0.20733796448778119               19
  0.49462715262520096               21
  0.35637259887504291               17
  0.37331858045250726               19
  0.42149837384083133               19
  0.12759807353841315               18
  0.14422200576614680               17
  0.14966813220245265               16
  0.27438139118764776               20
  0.33025255364223133               17
  0.25749201177529696               19
  0.24958474606969333               19
   9.3699225442693587E-002          19
  0.30988769215989731               16
  0.11513667656669603               14
  0.35493844590670620               16
  0.41548231017093967               18
  0.28829237147942138               19
  0.27510175257679798               22
  0.35934080446958133               15
  0.43441266175374565               18
  0.56711946435968630               19
  0.57573821569095529               22
  0.48233137442148083               21
  0.82827537435349385               16
  0.77263193667008156               20
  0.59734128178085366               22
  0.84976877633843440               18
  0.85731471494895417               19
  0.90351367717692788               16
  0.80416472065446232               14
  0.94933449097802947               17
  0.93812676653037319               17
  0.88299726159924241               18
  0.82705875614184998               18
  0.90064468408676213               17
  0.96188111742036353               13
  0.99151605388178943               15
  0.94195098500016883               14
  0.99648492475779671               14
  0.85576190748152559               17
  0.81599665728696846               18
  0.75050910303658402               15
  0.76313082743061855               16
  0.58843345446533446               24
  0.57353468024049803               20
  0.62382140143243126               22
  0.76174208401326704               20
  0.60765116466228131               19
  0.67185943559567396               17
  0.55898355115311382               22
  0.45232443452812049               16
  0.51059448418404352               22
  0.43309057803776202               18
  0.32383559157749403               17
  0.21290092503749516               19
  0.27174188935714744               17
  0.23736579193431095               18
  0.20613532055254041               17
  0.19862971107145014               18
  0.14653693325167205               18
  0.21521996789168257               19
  0.19067570003312156               14
  0.23271155074989394               19
  0.26631597305996951               20
  0.39651499814583974               14
  0.38172235995107701               16
  0.33186248850127809               19
  0.36054346054003761               12
  0.47113643260228133               22
  0.47379741437613360               15
  0.42301226108023865               21
  0.46348894598291734               18
  0.42574201919074944               19
  0.71751116815586935               23
  0.82234578559353233               19
  0.56159795093789988               22
  0.64250815117769444               19
  0.70431512927035067               18
  0.90396212856588054               15
   1.0379093126584957               15
  0.72553591854440946               19
  0.89044177555280335               20
  0.96836503816071851               17
  0.76118058392124199               20
  0.87554231981867292               16
  0.94634116816837932               15
  0.70746192498744942               20
  0.88097090128796929               19
  0.88823443080447384               20
  0.72894841463048243               20
  0.75951378662706925               17
  0.78340763727053031               18
  0.78286086799205434               16
  0.83018369206165554               17
  0.76504743032709177               18
  0.61846409358768240               22
  0.62686087999331541               24
  0.45066495662436257               15
  0.54721417584948484               23
  0.66688200056015634               20
  0.52512878021717790               17
  0.51865518311855496               19
  0.55258595672962751               19
  0.28014124217003161               18
  0.32123129387019500               20
  0.10677006489133017               18
  0.33172039851981949               20
  0.39964016675878261               18
  0.38261078390265107               16
  0.22625252558540440               17
  0.14965156728367110               19
  0.33187236356538807               18
  0.19888760613304901               17
  0.29979653138201157               19
  0.25185691917682329               20
  0.29442203711271636               21
  0.35000228432485453               19
  0.49825003281361335               19
  0.51301213686750990               17
  0.46670430324054463               18
  0.30333874671865868               17
  0.53825463829904086               20
  0.62869753355933311               22
  0.53162739323847641               14
  0.67160321377872867               18
  0.68098842905618895               24
  0.58764999041096766               19
  0.75220793514538264               15
  0.92431401611889341               16
  0.80491707564923787               16
  0.97509354092909117               17
  0.96763396600295370               16
  0.70362106899383148               18
  0.93128908063793492               15
  0.88513656885425396               17
  0.85529094477939627               17
   1.0264943994970599               14
  0.96692296743088280               14
  0.87071198992741250               23
  0.89505181851593085               16
  0.80162219473492546               19
  0.69637989527161392               19
  0.64983985977522640               22
  0.97637171169934134               17
  0.49425765454785148               22
  0.62863376141997573               22
  0.81069279596693222               19
  0.58055149085432145               24
  0.51556621147901582               19
  0.61359214965959818               21
  0.42977604115679902               19
  0.47166668725977134               17
  0.30241652928326274               17
  0.45652022701316231               20
  0.50987665359778245               19
  0.40611007277886779               15
  0.37487309429503829               20
  0.40968964720245482               21
  0.27024452152003148               17
  0.35068546957838664               17
  0.28881465403476952               18
  0.35339836583210826               18
  0.57184881387629105               20
  0.45466083666907120               17
  0.39958543970085941               18
  0.46584967446955849               15
  0.51651931375535221               19
  0.41176968847814993               16
  0.59799833871792196               17
  0.50606833751074964               15
  0.67057711082047844               20
  0.62801372224241125               21
  0.48192987901166001               18
  0.47995959799185733               17
  0.63884647157587593               19
  0.82856460171620439               19
  0.77562414979457728               14
  0.87761036599391107               20
  0.95846495727929126               15
  0.94797333250799110               19
  0.68589561569075230               22
   1.0540369387524602               16
   1.0052505842855401               17
  0.92936676639265337               16
  0.96479219880983325               15
  0.94800477573097663               19
  0.82208336395441250               18
  0.89339362525824428               19
  0.67024101290659166               17
  0.96416161701917402               16
  0.84318943390451162               19
  0.65826778031309474               19
  0.64203704260910610               20
  0.52635537377033326               17
  0.65006729694147170               18
  0.76271602647161096               17
  0.70317014088960961               17
  0.60097899481736405               21
  0.52062989395636383               20
  0.59334895631029760               22
  0.58288862915639217               19
  0.44525961512599149               20
  0.35888141775499932               17
  0.56669653047877167               18
  0.28756489096723514               19
  0.44125856523144885               17
  0.45977927027305365               20
  0.42714033400887930               19
  0.16748335519424318               15
  0.47247498995321374               19
  0.41716626870576984               21
  0.31588350040375107               20
  0.27793006521275043               18
  0.29970178179186918               16
  0.61944544305580929               23
  0.36548228008890682               17
  0.59081932460180053               19
  0.41856609996313138               21
  0.47011254621958315               17
  0.38790884271421183               16
  0.70716107614759649               27
  0.70703550766612111               21
  0.53749577769914636               18
  0.75610791642718544               15
  0.63773344681286637               18
  0.69850961999818262               17
  0.80958094400575686               22
  0.76707569310046975               16
  0.74876732132479662               18
   1.0185844028041002               15
  0.92997950767493742               19
  0.82961611231278620               19
   1.0479779090728363               16
  0.86233016079097102               20
   1.0043277802880464               17
   1.0295407083904946               14
  0.81571892388989153               17
  0.83663730872771724               16
  0.83420752933591757               17
  0.96236497905746832               20
  0.85758690846605268               20
  0.81223635235065106               19
  0.74641741725212274               19
  0.68703735198300186               18
  0.56711218621263171               22
  0.57748624391377523               18
  0.54218700212374438               21
  0.49916261537232076               18
  0.57070200730501874               22
  0.67651241845619692               19
  0.48471023585661155               19
  0.62293288969229632               19
  0.47322901903902592               15
  0.35419854844548870               18
  0.33173951535583629               19
  0.33340862694679030               20
  0.26624773339922564               17
  0.23127674228721587               17
  0.39741507173260976               21
  0.30272937982035558               19
  0.50758165912629571               17
  0.48948820742901511               18
  0.66957772077280031               20
  0.26150848651984043               21
  0.23734203903319021               22
  0.36813551274644069               18
  0.50898509834490735               15
  0.55373987302201477               20
  0.60269031749713398               18
  0.57708729429142935               18
  0.64261466856006444               18
  0.68777472110632576               26
  0.64598522511340506               18
  0.74785666611588353               20
  0.72625597506630135               20
  0.82983638794631343               20
  0.68296900283566730               20
  0.87237316284214661               22
  0.87335999547617083               19
  0.73100599625631080               21
  0.77006816258806021               21
  0.88192664429463630               16
  0.90032079460851133               17
   1.0287194748608344               23
  0.85345142020289921               18
   1.0095064376036467               15
  0.74941080950022332               20
   1.0368430889502274               17
  0.97087553862095721               19
  0.91784598554604346               15
  0.81746044767619730               21
   1.0263568016396027               24
  0.78884270504811338               21
  0.58303785622946702               21
  0.75532931630934130               17
  0.62094765108125827               23
  0.61842336321324565               21
  0.46947867199639787               16
  0.71245741138793550               17
  0.75052452572709483               19
  0.53395982333278846               21
  0.49265461147873502               19
  0.40505884517351681               16
  0.44536399630023243               20
  0.35753415918371972               20
  0.40066503509844997               19
  0.49179250888049769               21
  0.37833366576298311               16
  0.50647926740371363               17
  0.61244783146777027               21
  0.35784100879968744               19
  0.61128826283092541               19
  0.53381500102460600               21
  0.71243908849991433               19
  0.54227463050491875               19
  0.57420836344114345               18
  0.57486762910417266               19
  0.52943681797130349               17
  0.57660850469629621               20
  0.43345055171050045               18
  0.64163102147690687               21
  0.60494777217890028               19
  0.69440342062213412               19
  0.94972330124658444               20
  0.61820157289309063               18
  0.80616109394824220               23
  0.89025434244027835               19
  0.98338634958211013               16
  0.79325066285287349               23
  0.85794948985991237               19
  0.88990817609672490               20
  0.85360833933334612               21
  0.91137221446597860               19
  0.94576569825571666               19
  0.76873466281089498               17
   1.0673094392060947               17
  0.83454987983423345               17
  0.89620619116216682               15
   1.0257496231425141               21
  0.86020124939815701               16
  0.69633723201475717               19
  0.91384659515870270               19
  0.95690236864403944               20
  0.88577361133568377               22
  0.67039881793644829               16
  0.59800756826984935               19
  0.54749239839935893               15
  0.82493217152962306               19
  0.67188764912200427               20
  0.48407627221030280               21
  0.64799311268016813               19
  0.53464782362124641               21
  0.53929513992123479               17
  0.42731830850868102               18
  0.61633813246967761               19
  0.46790984634962701               19
  0.56444978546308355               20
  0.32806815026311620               22
  0.37683960209553324               19
  0.58281237653673956               21
  0.58866456582311122               23
  0.42421326579984447               20
  0.50353133760954416               17
  0.53922237185079791               23
  0.57286439607203299               16
  0.68067452837249498               17
  0.62686937590400105               22
  0.52474424307215883               21
  0.56392852192648890               18
  0.68441340113904414               19
  0.42438277046021455               17
  0.83132760111576698               19
  0.71939122649210496               20
  0.58124594246146466               19
  0.77825976612445835               21
  0.74266414840074702               17
  0.99871221327678983               20
  0.81514791089794425               17
  0.91725480493252232               17
  0.90238224098291819               19
   1.0008603051358913               23
  0.94882328466486276               15
  0.90740621666062049               18
  0.77244046949814171               25
   1.0029152208530592               17
  0.97550057085474295               17
  0.94924208619918127               16
   1.1130403169214960               16
  0.90907428321877148               21
   1.0353691548817627               21
   1.0182403056473799               23
   1.0589207563337464               21
  0.94728211840808385               20
  0.64878897833884608               23
  0.49055699487946747               19
  0.92285628107286866               21
  0.67101171350180311               17
  0.80446467187036730               18
  0.81325132661890243               18
  0.53901839090369974               20
  0.81029976883798516               18
  0.46048168002612233               16
  0.64762106460394953               19
  0.67299354689249469               19
  0.41986125583134770               20
  0.46669238859325846               17
  0.38782745644583838               19
  0.54003656404484990               20
  0.39072371759934121               19
  0.54500002225713884               19
  0.63339675960885011               17
  0.65140895055441805               21
  0.49082503745483258               20
  0.48566707210426141               19
  0.50184379631981635               22
  0.42060137963413274               20
  0.78783032767913452               20
  0.77507688468602365               16
  0.80339648510947004               19
  0.66286932098075801               24
  0.62240092566649963               23
  0.57295434141536217               17
  0.64307268773534521               19
  0.67080230643767413               22
  0.69562300317382719               19
  0.87268468800350840               20
  0.87772291282894455               20
  0.97395012911380974               20
  0.96546637336017482               22
  0.94127853968854336               21
   1.0349227247955788               23
   1.0298889004465452               14
   1.0478105432912270               20
   1.0014790588219076               15
  0.92361343553753428               18
   1.0794789858622345               17
   1.0739847035323669               21
  0.95152283575733543               17
  0.99268745846654849               21
  0.93171327437483875               21
  0.83869570327706522               22
  0.91125759897498848               20
  0.59183810293176675               20
  0.64592459087562437               17
   1.0002380394707759               18
  0.77256231389614693               19
  0.76755658004943716               21
  0.77969109661923430               19
  0.78132527653354700               19
  0.65420794037616381               19
  0.93252811961563353               18
  0.57439800186248346               20
  0.34980299510343638               20
  0.59086892974879002               18
  0.41726445518626026               21
  0.64806361709682947               19
  0.57999649575369627               21
  0.53442483709459043               19
  0.70481843191995719               23
  0.53566716929270508               21
  0.49281558023714950               20
  0.62271433295071921               20
  0.78356787715089427               17
  0.57129816204157802               22
  0.46328027714941533               18
  0.69656080209100923               23
  0.27307380301640272               16
  0.50436895144540483               17
  0.75346400423161930               23
  0.54504111875760830               17
  0.62900371896481078               18
  0.75789962964274660               26
  0.69003246081516301               22
  0.81095637198872172               21
  0.95803811144636664               23
  0.92713254044095639               16
  0.89882872834504046               19
  0.82866078734255977               19
  0.98240077135003168               18
   1.1350664822867857               16
  0.93430676536513524               19
  0.98912537307623827               18
   1.0176645166102891               14
   1.1376741323516557               19
  0.97359042352812308               19
  0.89303968686477875               18
  0.87087702488661756               18
   1.0751933679432888               20
   1.1375603212392791               17
  0.69703299771239124               18
  0.84983959532725151               19
  0.94097105472168263               17
  0.77657795520242046               16
  0.75936702181380067               17
  0.60462177120670835               20
   1.0333713258695152               17
  0.71724669826550902               22
  0.72844754254169897               21
  0.77169668658394852               19
  0.71650920460167544               18
  0.63624177057945086               20
  0.72114528991623350               19
  0.60673253180914710               20
  0.41944163910804155               20
  0.65410178221288462               22
  0.47286187672724816               20
  0.68867522407462112               22
  0.77736359178344905               23
  0.60474867119400966               19
  0.44656100443098823               19
  0.47203758363950327               19
  0.63727037932851394               21
  0.70547561695954986               22
  0.75454981387383391               21
  0.49175803480259234               19
  0.65815949885171288               20
  0.66863253449831339               21
  0.61675064149511105               20
  0.79781687195016604               20
  0.74625284686887761               25
  0.66789989319230381               24
  0.79137392039042265               17
  0.80445027872957331               23
  0.89649470423139122               18
  0.70041372569868465               20
  0.78054845831014719               22
  0.99780713528895137               19
  0.92361854211608008               21
  0.97967899227614097               19
   1.0901545288763936               17
  0.91011064907010220               19
   1.0641979378320454               18
   1.1546165833153974               15
  0.97538665723958662               19
  0.97737266605551043               23
   1.1610857734023994               18
   1.0744932491545398               17
   1.0937835237002993               21
   1.0165045976216576               21
   1.0334580735163654               18
  0.92905974886532161               20
  0.81890389835549693               20
   1.0304253629890490               22
  0.88063298224803521               21
  0.92949988453354926               20
  0.77911461056315423               20
  0.71161651992388031               20
  0.74229677875771027               18
  0.92399030415986461               19
  0.86392370661405882               22
  0.71438958790102391               20
  0.70102933271452250               21
  0.61473737941108020               18
  0.61976524265200050               19
  0.66777724740363187               22
  0.58031177410921109               23
  0.65223826703297438               21
  0.60200351458147705               21
  0.53759746812022879               19
  0.42977525631759689               17
  0.57664523176692239               18
  0.72886251367421029               19
  0.72987532175337988               21
  0.88728278371048486               18
  0.63843069063350166               20
  0.69979381292415754               20
  0.52847909459222353               22
  0.70933043705600718               19
  0.51510431397917888               20
  0.70030466187065765               21
  0.71852948530004912               19
  0.75786494491250644               26
  0.76589296215331337               24
  0.88947222748494048               18
   1.1107669943393916               14
   1.0242207631781315               17
  0.86565833021128391               20
  0.85897351688516688               21
  0.84397619312549410               24
   1.0904960786301163               22
   1.1907665310102868               16
   1.0959802344719949               17
   1.1119359079837872               16
   1.1315565505712077               17
  0.80660134569399833               19
   1.0527715122113386               24
   1.1024121660273076               18
   1.0057257374874464               24
   1.0458441349595851               21
  0.87952195912740150               20
   1.1097009889913401               20
  0.99432744854460364               18
  0.83148829420767645               20
  0.95315501929290758               21
  0.97315206425031098               18
  0.67549581733779351               18
  0.88569007340000738               20
  0.98070411596650409               22
  0.84811625116374734               18
  0.65661096428024579               19
  0.88071811193507776               22
  0.58126530812045540               22
  0.77201131624440422               20
  0.72548620032295319               18
  0.66666115128388626               21
  0.58421282925012208               21
  0.81825503116067710               19
  0.51716072235320742               17
  0.67981187175340707               19
  0.68989649227790883               21
  0.77749699975561681               20
  0.55677337480441191               20
  0.87581149973354677               23
  0.72186294367553461               19
  0.72504103037759393               21
  0.60116619079275524               22
  0.61575483444303736               21
  0.66916466581988432               24
  0.85203497963248420               20
  0.99433047570906630               22
  0.92475317809350299               18
  0.88814099704404426               20
  0.76745310086242102               18
   1.0322300441412471               17
  0.73515168163168765               22
  0.78263112487410624               25
   1.0065902256344121               24
  0.96746532932834772               22
  0.96676153598712866               18
   1.0307979750181160               19
   1.3181768576221005               17
  0.97000513749562667               19
   1.0905413390337717               19
   1.1848507981609950               19
  0.99067418149349828               22
   1.1494613532754110               18
  0.95456490394384452               21
  0.97579850697392745               20
   1.0790523396134490               20
  0.95963521066562107               20
   1.0849147160288009               21
   1.0704910825590694               22
   1.0732058563271532               21
  0.69975311617368785               19
   1.0815085403426263               19
   1.0298631703052865               21
  0.85955563886677666               19
   1.1179657988198470               17
  0.82699904943838565               20
  0.94241269423955443               21
  0.68324614869907274               23
  0.85143025455070798               22
  0.76039175357636157               19
  0.86359537266313657               19
  0.81552854961465238               16
  0.81951505993888396               20
  0.82702477531355134               19
  0.62686677470985885               21
  0.55364858051119759               21
  0.82916122899456257               19
  0.74113371629367863               22
  0.58003458222065707               19
  0.77677482289291533               18
  0.74293622472417342               23
  0.89009916588644900               18
  0.66566851888088963               19
  0.62616014623318639               20
  0.78989112100344161               20
  0.89755368961381665               18
  0.61534623333269611               22
  0.80933011401353028               18
  0.93932678661731317               17
  0.73154743252373433               24
  0.97052685914755776               19
  0.68242277816148189               25
   1.0525539792630294               16
  0.95830602437155188               17
   1.0416653618349192               16
   1.0301924837500720               21
   1.2308812529011868               15
   1.1057525080380515               17
   1.0745249687338254               16
   1.1240562077396747               16
   1.0168861979581301               21
   1.0128643107760780               17
   1.1174255138906033               20
   1.1638556682988663               17
   1.1622008316582841               19
   1.0941923272710696               19
  0.98294223339771636               21
  0.87570204576447386               20
   1.1937798230000285               16
  0.84700871529819266               17
   1.2875723444820115               18
   1.1381334253454525               17
  0.81459542155312381               20
   1.0882860225084605               18
   1.0709020212995686               17
  0.89104536972831094               22
  0.87329327208645036               22
  0.50069212032963839               19
  0.84946117658345965               18
  0.88500760879622054               21
  0.91088879846810600               20
  0.73644655252764235               20
  0.70145307306321880               22
  0.63634218307403756               21
  0.73993760073011705               23
  0.76410094641224069               24
  0.48484175302124161               19
  0.71206709350892794               21
  0.92526477426558806               15
  0.55951105950284474               19
  0.71236933771627398               19
  0.93015812667272535               22
  0.73506372044510271               19
  0.59203456123241549               22
  0.91006479150082809               20
  0.94982182456698905               20
  0.61548089828649666               21
   1.0042447932610872               18
  0.83968392506187728               17
  0.81988841159807091               22
  0.78658784969094853               22
  0.82587735017029251               16
  0.88388363197227193               20
   1.0694122227594745               21
  0.85764116045976369               18
   1.1155828509637029               17
   1.2866215047226228               18
   1.2740823707322233               19
   1.0663887674464196               19
   1.1336082279232875               18
   1.0894652979200266               19
   1.1010423216437248               22
   1.0729589579066021               23
   1.2283775529097456               17
  0.96090181326815916               21
   1.2504943288012818               14
   1.1134237679140091               19
   1.0306966873111869               21
   1.0330505424614349               21
   1.1406964307451248               18
   1.1425028980987704               18
  0.90822705676837789               19
   1.1161197448745876               20
   1.2218596551207612               17
  0.92089576622811486               19
  0.82372512108401286               17
  0.94131240927936410               24
  0.75602018037583185               19
  0.74933055799201420               20
  0.77886763846736007               22
  0.76220108765713368               20
  0.78062545503710845               18
  0.84610177203043457               18
  0.81683175591953705               20
  0.62879571919786825               21
  0.89221321243400242               16
  0.68912765730598258               22
  0.89387272218574632               21
  0.95712789400055398               17
  0.66697289872074483               22
   1.0020351606583258               19
  0.83156508782020433               16
  0.65188476401667061               20
  0.95061689751238698               21
  0.87131506014058036               19
  0.91110906842844430               19
  0.84922260163478502               21
   1.0935469727115321               16
  0.93244869100765571               19
  0.91758092161986715               19
  0.73527778833915003               25
  0.95894892962544054               22
  0.95184344321503600               20
   1.1654702828442247               18
  0.98606399879633766               25
   1.0618903956892878               16
   1.1592549837212967               18
   1.0687529472008697               21
   1.2296563122882436               14
   1.1366380403607972               18
   1.2377744096361838               17
   1.1707977367668401               16
   1.1134932065856002               18
   1.1132295547464321               20
   1.2354434947296407               13
   1.1656342585895472               18
   1.0388947513138267               20
   1.3459272967029368               13
  0.98700121671670027               17
   1.1125151693027087               20
  0.90858519926857584               22
  0.90834191290401967               19
  0.71530898916262342               17
   1.1372948351998873               19
  0.72721463947091824               18
  0.93730180095363913               19
  0.81730609738079629               19
  0.98492085463384538               16
  0.80413522872738608               17
  0.83697942202737874               19
  0.95477751180303716               16
  0.80426115803219622               18
  0.65463745316697153               21
  0.80326144949879408               20
  0.74871102380771359               23
  0.92190002525115755               21
  0.79998548567431427               19
  0.93553788213491529               18
  0.98407521015843802               19
  0.96522699762014919               15
  0.78728771758152893               21
  0.84345074278850762               20
  0.92874393035172087               21
  0.97187034277970741               19
  0.96662650814952478               21
  0.71390659766114806               21
  0.93457238471535864               20
  0.93324372008822964               19
  0.79528334664896527               23
  0.90523315058453102               22
   1.0688377484831335               17
  0.84530128099602253               21
   1.0445450520390056               22
   1.0023054053344918               16
   1.0774273651123074               21
   1.2566923737670335               20
  0.96051053491567939               17
   1.1797817598204066               14
   1.2601755430464145               21
   1.2085436260333595               18
   1.1317779115243041               17
   1.1938300396381507               18
   1.2026842604880856               18
   1.3362061433537835               13
   1.1613282333635082               18
   1.1098648827752655               19
   1.2522436030838036               14
   1.0426204835521169               18
   1.0865458701461255               17
  0.92230393625470330               21
   1.0316395427747220               20
   1.0645102018106618               21
   1.0244384569490705               15
   1.1318541278419207               18
   1.0236246908457578               16
  0.94006653836094667               19
  0.96254245173276787               17
  0.74591004305805586               20
  0.91048477975179565               19
  0.87272077093361056               19
  0.84453417207781556               19
  0.86677357165695634               20
  0.77133499697610697               21
  0.90033933320368653               21
  0.60254830717927432               18
  0.87248492464184590               20
  0.69257338779342681               19
  0.96934563451365030               19
  0.92352109547667793               19
  0.88214298070996233               20
  0.85088145074306276               20
  0.98210508769951133               20
  0.91650174395196915               22
  0.80196329973682745               16
  0.82396314424237393               18
  0.85117926384158715               17
   1.0294106509767906               17
   1.1978045310691172               22
   1.1859109278637932               17
  0.84442943189079522               23
   1.0594616630728111               18
  0.82668153653630927               15
   1.0007369815242084               22
   1.1696758121704351               16
   1.2111301833991879               21
  0.99602714768879452               18
   1.0548953739027149               15
   1.2164797409388601               20
   1.0655996823685738               19
   1.1568039882992558               18
   1.0564321447719434               22
   1.1722416692767375               18
   1.1711991480216115               17
   1.2736938367149002               13
  0.99655822851374942               23
   1.1336397129294098               19
   1.2590301085097606               13
   1.0936631965752561               18
   1.1346176449765442               17
  0.97747676954830520               22
   1.0761340612745207               19
   1.0793352478687754               19
   1.0482570069264394               16
  0.88547092712063324               21
   1.0026682905328066               16
  0.99404694628518309               19
  0.97943726166729927               17
  0.97176582485557783               15
  0.86972176646402077               20
  0.81629123672992920               18
  0.93929718113475169               19
  0.93875244014355885               13
  0.81888901149733251               17
  0.78328491255753441               17
  0.83804727104137389               18
  0.79860766230207958               18
  0.88921012009093203               19
  0.95446639714218684               17
  0.75344167299511355               20
  0.94291387709732710               18
  0.76620568612074069               20
  0.94570659531913492               19
   1.0219825009841823               17
  0.76089923263970238               18
  0.93528749114708276               19
  0.99527444125304843               22
   1.0362056760804776               18
  0.74551450833118360               22
  0.99772032449224768               18
  0.92136323104875750               21
   1.1077023557345860               17
   1.1270863815846743               16
   1.0923716489201540               17
   1.1165399872898556               17
  0.98725280630682732               17
   1.1534930230918583               15
   1.2868699582898417               20
   1.3013401153893522               16
   1.0069312263956736               19
   1.2124164556949366               15
   1.2926020307077615               19
   1.1092363044264391               21
   1.2957905840476673               16
   1.2883457975334496               14
   1.1882509899918929               15
   1.1937165855641718               20
   1.1089167909836701               18
  0.95039771043161059               17
   1.1516054077175362               16
   1.1907114220234081               14
  0.96019155607016127               20
  0.97428014524523354               16
   1.1012864462695451               18
  0.97966311921710181               20
  0.83971901587171416               20
  0.98264886296298615               16
  0.99925891457380722               15
  0.98507052103829429               16
  0.90711599591697112               14
  0.84522898257166978               20
  0.92437765236323799               20
  0.91287892272412308               16
  0.94853640174846476               13
  0.89096445314792139               22
  0.97500466559595556               16
  0.90289705812258836               15
  0.77487611191265615               21
  0.94941924815010037               19
  0.93289621092731889               19
  0.95442392747277793               20
  0.92934324576569927               15
  0.97667273143647959               17
  0.92697457527961247               22
  0.73604988336333299               20
  0.91507213443037450               22
   1.0427731878196227               17
   1.0519810642052281               17
  0.95107927564908845               20
  0.99996736402640829               22
   1.0356347065626088               21
   1.1016935436399160               12
   1.0588374282863544               16
   1.2394656406846902               19
   1.2093120808999305               17
   1.1058475266423864               18
   1.1944411981416412               15
   1.3166801710154328               14
   1.2556570845367621               19
   1.3062048389889249               18
   1.3240136227179640               16
   1.2269218566500610               17
   1.2641239370443751               15
   1.1330984835161770               19
   1.2464499123584569               14
   1.2725652488661732               13
   1.2651232417368672               16
   1.2800505210188320               15
   1.3215933743186616               17
  0.93346770959179581               20
   1.0425084280063914               25
   1.0308327037150242               18
  0.77658616880605424               20
   1.0264135871757998               15
  0.96195056624564623               18
  0.93875125014964744               20
  0.92106277265306613               16
   1.0102111717732387               20
  0.71069919572113627               24
  0.94994963503109331               17
   1.0681542216243880               14
  0.69015106423507888               21
  0.50690473741841680               18
  0.92185634697426566               16
  0.92965078639327636               18
  0.91507918391793208               21
  0.88393964983951145               21
  0.79657902459275143               18
  0.95907553444141802               17
  0.79016980742008924               20
  0.86589899637895873               20
  0.68270784805700879               20
  0.80998214262214230               17
  0.91659648288985063               19
  0.82021473901175435               20
  0.90491585883202863               19
  0.82711130664500365               16
  0.90018612156443045               18
   1.0196752229792885               19
  0.69815966913491911               24
  0.97928318528302483               20
  0.89247655012838567               19
   1.0216203205063870               15
   1.0156435607789809               18
   1.0235758924540015               24
   1.1502941443111212               15
   1.1517883308680257               15
   1.1317185073445295               14
   1.3383524986036226               18
   1.1246548082470624               17
   1.2566922090427515               16
   1.0482763149663339               18
