   1.1137302443127204               19
   1.2056891024901406               20
   1.2931252967384232               17
   1.1283331367130349               19
   1.0195365113835311               19
   1.0981065719596157               18
   1.1096710461909405               19
   1.3216390710847594               17
  0.85431681242641677               24
   1.0507291867407131               19
   1.0668807749155635               19
  0.94573284383486222               24
  0.94207669975307340               20
  0.99497195632713009               19
  0.74947402930452789               21
  0.83406294208239262               17
  0.90708826052135061               18
  0.95758541636856787               15
  0.90890260872709017               17
  0.85977097127920621               17
  0.81865445815361704               17
  0.54279395093173710               18
  0.84810797055601428               18
  0.56467476954707096               21
  0.75614780878087218               21
  0.96905582980642990               16
  0.71589992807737146               17
  0.86269646813885903               19
   1.0005378094341144               12
   1.0072484457323374               17
  0.95263872027877738               21
  0.74724622743596958               21
  0.86182743895875513               21
  0.85485816555206795               21
  0.79097998031870442               23
  0.91705137643445955               20
  0.57326082409473056               22
  0.90184428868943256               18
   1.0454970687451033               21
  0.99839929092583601               15
   1.0819051220202740               14
  0.79696037405979858               19
   1.2721805094069225               18
   1.3353808001822467               17
   1.0665213066724628               17
   1.0950590383154966               20
   1.0205632639242914               20
   1.0323730120698928               17
   1.1452695168351585               17
   1.1342590612933217               20
   1.1088841530323015               17
   1.2202212168475661               17
   1.2735078959015926               18
   1.2832324794291157               19
   1.1056736314869640               20
   1.0677918174627214               16
   1.1534905802953843               16
  0.95975913350166675               22
   1.2528503180880366               19
   1.1683068861486050               20
   1.1725710235040401               17
   1.0073445052812582               22
   1.0049137870102136               16
  0.95104881597601998               19
   1.0994171554597536               13
  0.94329580445843453               20
   1.0731847298565933               15
  0.89272511931544118               23
  0.93091095101373222               19
  0.97542709426295937               15
  0.76844347661714374               18
  0.96481774178366075               17
  0.72982294104668322               18
  0.91933280239816517               16
  0.95025281146953267               15
  0.82543420597167538               17
  0.90867257866478091               17
  0.88146040906568002               16
  0.84939346639691138               19
  0.94906045343618006               19
  0.94532446264083536               14
  0.92592900131523437               14
  0.92969850101610807               15
  0.98591089416490663               16
  0.94745842966115856               20
  0.87332199841861402               20
  0.95579392631286642               15
   1.0407419393354143               18
  0.95507981290944899               20
   1.1748723847367744               15
   1.0454776757490112               20
   1.1187082635622005               15
   1.2024883920342415               17
   1.0985719531537013               19
   1.0985581156845938               16
   1.1276530380204923               14
   1.2478417574741765               14
   1.1740237649689138               17
   1.3028074651369539               17
   1.1180768180181091               18
   1.2001065696678568               20
   1.1844984114834003               16
   1.3314193773496539               16
   1.1832124509584487               15
   1.2622118177290471               15
   1.2784896031325155               16
   1.0674487824980707               17
   1.0443521747290319               16
   1.0190543904016929               18
  0.99203872111019065               20
  0.91353850905787637               18
   1.0027519053654468               22
  0.81874790777260498               24
  0.97414370672158568               21
  0.80869999896181932               18
  0.83036055759621541               20
  0.68995535789328066               18
  0.91707388775646892               18
  0.89732920887811185               19
  0.97557620617338581               22
  0.92526934910544445               15
  0.82267955489810629               19
  0.79788147076335092               16
  0.86491087631163399               21
  0.90723969623837497               17
  0.75968934148709022               18
  0.94061352207284965               15
  0.93909047437294368               15
  0.91698033244429322               17
  0.87584313263810398               18
  0.70418409262318171               16
  0.90504821700519356               20
  0.87334919556402368               20
  0.80003924863065101               19
  0.99243630656062221               15
   1.1336928681735650               20
  0.82386378585487929               23
   1.0989660485449813               16
  0.98114042811943769               16
   1.0289220005011890               19
  0.98423796084650295               22
   1.1067694983384655               18
   1.0166378010128090               22
   1.0196999784760363               20
   1.1884139078286076               16
   1.2829989075591686               17
   1.1716500894854318               14
   1.1545894079411516               18
  0.91816251159690909               19
   1.1642664202172115               15
   1.2493208788109662               14
   1.2843743276723374               16
   1.1200630277115573               21
   1.2122325053121477               14
   1.2524395610454135               20
   1.0893236480154040               21
  0.98832050939023430               20
  0.87253231893703975               17
   1.0139926713287732               18
  0.94663820955042421               18
  0.81147183345798679               20
   1.0721860159140622               16
  0.84145110418498448               19
  0.72912171765732525               20
  0.72867135668169458               18
   1.0248141623699321               18
  0.82888889845924763               20
   1.0051968190712302               17
  0.98326496883276360               16
  0.81375599785806796               24
  0.73601690165038047               23
  0.88424921028425396               19
  0.86047311682809480               17
  0.68946669680678785               18
  0.97020924781943607               16
  0.66039925549418399               20
  0.65563591679522915               20
  0.78269605053292457               21
  0.96173195023112446               14
  0.89414552002812298               17
  0.80785726727444152               21
  0.66091264365333058               19
  0.85476841385846791               19
  0.76956984915463589               22
  0.69206034384031501               17
  0.94994786375393769               23
   1.0556708502782277               17
   1.0025118016901724               19
  0.76062735740241727               22
  0.98506162988260015               20
   1.2571972010273882               18
  0.90312356731866206               17
   1.1789726533219571               17
   1.0411723686949546               19
  0.93052763064341637               20
   1.2417992556829804               14
   1.0598554417993273               19
   1.0832701827883446               17
   1.1511109838972355               19
   1.3000921890930350               17
   1.1194461522539856               18
  0.90904404447207121               18
   1.1919634615858248               17
   1.0931755493621613               19
  0.96244221327022417               19
   1.3225407898469577               15
   1.1560793312774749               18
   1.1984678193569067               20
   1.2339944760171726               19
   1.1279153248382072               16
  0.99604489573128496               19
   1.0080497814048073               20
  0.98356978397866268               23
  0.66845134601099010               19
  0.78576999177861684               16
  0.88224743637214886               26
  0.61104602073289560               24
  0.93426805492809706               19
  0.89610186839753936               15
  0.84683068675231665               18
  0.68016992879078320               21
  0.82723886237777189               17
  0.96048778498861065               14
  0.87424253472786617               20
  0.73173947913084281               21
  0.87916419790632316               17
  0.67238576281637263               22
  0.63963933742973100               20
  0.95873295605305908               14
  0.96087880307884588               15
  0.60960307264697067               17
  0.80360814937552238               17
  0.90125908487425199               18
  0.69880656580992395               16
  0.88819620523293985               19
  0.60034708102275358               16
  0.90797335524623335               23
  0.99522565652715556               22
   1.0832384858726256               15
  0.78627728172684352               26
  0.86602843677106467               21
   1.0121758756746078               19
   1.0955166723494751               17
   1.2268910519034377               17
  0.85065704382565521               19
   1.0722753516472401               20
   1.0475904669258589               16
   1.2834422753217447               14
   1.2610428692883080               13
   1.2146732602141279               17
   1.3424461752797459               15
   1.2414856615839089               15
   1.1363492941425346               17
   1.0048651756385405               18
   1.0444780909555842               20
   1.1621250418603992               16
   1.1052521307133072               20
   1.0169504590158112               21
  0.78452050847911403               21
   1.0170821354195148               22
  0.94632774112479312               17
  0.97773876335229959               21
  0.84973747018849177               19
  0.88541821862021763               22
  0.88779648704933289               23
  0.90345548197165382               23
  0.93789829289011750               16
  0.71263282750298274               19
  0.84541713296818299               23
  0.86312525632049097               23
  0.90120749584384641               17
  0.61449045757958809               20
  0.59686777412177405               21
  0.78316837302777431               17
  0.41354345236375906               17
  0.74317021130191174               21
  0.47928866586323104               20
  0.91598169420684949               17
  0.52275769127209271               19
  0.69572535322823514               19
  0.74941881838287894               22
  0.72547104695776621               19
  0.83674990253622827               20
   1.0053055648855478               21
  0.96986975921619756               19
  0.72900457122949214               22
  0.93015102047322018               21
  0.91496051802754286               19
  0.67197129506254738               20
  0.71757537189321752               19
  0.86768990032815163               20
  0.86361273684968887               17
   1.2544998768786848               18
   1.2581164546492074               21
  0.88737918414516193               21
  0.99338607472057894               17
   1.2116962459946052               14
   1.1002581406493208               17
   1.3070986831550855               16
  0.98508995394976995               13
   1.1364558496885280               21
   1.0618136509761422               19
   1.0890435592247192               20
   1.2297452562013491               17
   1.1776217181027093               19
   1.1240739172518903               17
   1.0743080203013604               15
   1.0983568509271699               17
  0.96847729031427354               19
  0.89986777851386657               20
  0.89318603068249125               19
  0.94865376163779802               22
   1.0410786353882631               20
  0.93040248480005339               24
  0.85044049322066728               19
  0.73262352671342446               19
   1.0549722648856703               17
  0.64371133884143972               16
  0.78516455731072676               23
  0.75942574800972251               22
  0.73041984046205766               19
  0.68169829600384180               19
  0.78451693845509451               21
  0.63485390815904186               21
  0.54769497427198721               21
  0.73506805212151038               18
  0.41095585196660844               24
  0.59781538970969983               21
  0.99648907373633355               14
  0.76467001133488210               17
  0.83891639200597445               21
  0.56242658383145661               17
  0.78335768409496209               19
  0.73399141230832876               19
  0.71989538216631921               19
  0.92993375816585611               19
  0.76832157861272632               22
  0.99502178044488720               24
  0.99408077030832254               19
   1.0529476815697965               20
  0.84447406613822940               18
   1.1038351008842251               16
  0.93671354100535842               16
   1.3522845375968020               17
   1.1351369099642068               16
   1.1312624655686581               14
   1.0312233031138409               17
   1.2111967734628073               19
   1.1494928143746861               17
   1.2006250737931965               20
  0.99669066888833813               18
   1.1764053497154716               15
   1.0276828024653444               22
   1.2490938878273945               18
  0.96927683716901736               19
   1.1430940355034471               20
  0.84321873189285057               23
   1.1765131024804421               18
  0.96735780244099623               20
  0.76719431499055823               19
  0.68627369478161848               17
   1.1470533761645481               15
  0.84947925592572715               18
  0.83505166901427375               20
  0.82361902438605328               20
  0.79969834958035269               20
  0.69604219527477384               18
  0.98522435697608535               17
  0.91638512254124371               15
  0.82320840922110206               18
  0.70411561413709645               19
  0.70642681080272718               19
  0.84498470874989329               17
  0.75771715543284934               20
  0.51178542859723153               21
  0.31253066591796030               16
  0.71918549562188117               17
  0.59454790594647433               17
  0.52967862824369283               18
  0.78336514586650619               17
  0.72297059040065403               15
  0.60885945417540033               17
  0.82195472890171806               22
  0.67946049262397556               21
  0.91108421720225152               21
  0.60067263730623366               18
  0.91821517601540092               18
  0.70602676253778685               19
  0.88059971799663472               21
  0.84546297630328859               22
   1.0807535937969119               20
   1.0678998906014237               20
   1.0064352771248466               22
  0.97787454876587943               18
  0.97727076211926411               15
   1.1986780084835429               16
   1.0482155646657401               16
   1.0914452468219979               15
   1.1830068527560005               15
   1.2737526052239454               17
   1.0002488321724625               16
   1.0930825373663347               19
  0.93144583177624141               22
   1.0861791338114624               18
  0.92185804377295788               19
  0.92936511043852066               20
   1.0659851893624221               21
   1.1456767281150360               16
  0.68884586580810125               17
  0.76987394003527432               20
  0.77045687918770311               22
  0.96186551961671163               21
  0.81175134532717175               22
  0.85042358690906172               17
  0.79289155311332338               18
  0.64869429441641624               24
  0.65827240581035273               20
  0.81600215409309340               15
  0.97160625967434500               19
  0.79073489184850809               23
  0.70990206569650260               17
  0.82712840077424321               25
  0.82819755611547374               18
  0.53499381085897124               24
  0.50517391015866697               19
  0.77552454246277580               19
  0.47507711658063945               19
  0.83644203692771324               19
  0.55434367046562039               23
  0.53530468298792866               18
  0.76880922248116046               19
  0.55379168976887538               21
  0.49320878966967779               17
  0.70748908321111514               19
  0.62187813465476405               24
  0.88438775756026322               21
  0.74716767368197456               23
  0.92145103919989846               19
  0.86084383171923429               18
  0.86501587136881053               18
   1.0879259777360357               18
   1.0350214312523549               19
  0.89248593955403710               17
   1.0653019327042190               19
   1.0061572783044985               15
   1.2909120939160850               15
   1.0822538210626624               16
   1.0602156122656294               20
   1.0413505199696387               18
   1.1842838784276057               17
   1.0428284631867217               17
   1.2422210787962402               20
   1.1557180394101640               17
   1.0199094892140017               20
   1.0904817977367218               17
   1.0950768964712028               19
   1.0550951079822748               20
   1.1730141626209412               20
  0.74993689820272647               24
  0.76782153484586713               19
  0.97390608037673743               20
  0.96752119187299002               19
  0.75004815882096609               20
  0.69265001935391246               19
  0.78572305303616830               16
  0.71706124499459400               19
  0.61350798520009309               19
  0.51604488624965494               20
  0.61586884232474459               23
  0.78377959522883944               23
  0.84574988930170836               19
  0.74883456554325267               22
  0.59644340116178440               17
  0.43668903051367408               19
  0.55634381851907044               17
  0.64756002443351857               21
  0.69321359238620239               19
  0.92518836200669308               15
  0.67865427315691862               18
  0.46663394282186726               23
  0.84217173224698838               19
  0.63882183093827649               16
  0.78909139589776567               17
  0.86889192505603718               21
  0.68398505448781211               19
  0.81973474935024537               19
  0.68553311299151276               19
  0.83665026994368419               19
  0.83058660836007103               21
  0.93167202552513750               18
  0.82857145074209415               23
  0.92953169143777836               20
  0.92038996054812627               19
   1.1606147694695601               17
   1.0945220307335117               16
   1.1221269738987449               18
   1.0043390783646677               16
   1.1254591276591979               17
  0.97323966234448178               22
   1.2716988050889626               17
  0.99884744451325846               22
  0.94148685787607733               18
  0.83443340899222451               20
  0.95441190769037398               22
  0.79815721020209107               21
   1.0537097690231618               19
  0.83389384428350821               18
   1.0820568255158480               18
  0.87560700428557392               19
  0.89244954292838197               18
   1.0419758788420972               16
   1.0513468818703069               20
  0.63376735872790646               21
  0.57448709923015961               20
  0.66063997259553076               20
  0.73789666750574578               22
  0.78596508226000739               18
  0.64998153349051313               22
  0.50931955253465555               20
  0.44911258345971383               24
  0.59380647307690049               17
  0.62896184111598386               22
  0.55841631505828637               23
  0.49289476761957018               17
  0.54728914154085029               20
  0.39668459551928253               20
  0.81781785400985729               18
  0.56622270992104529               20
  0.45568644009382092               17
  0.41936169631609843               20
  0.71470048781706752               17
  0.80947061168525092               17
  0.77657603815974885               22
  0.97831042565131698               21
  0.56451053051921707               21
  0.83398501263630931               21
  0.77869630375426924               18
  0.60175434946470396               21
  0.82470211244413627               20
  0.57377486270517619               23
  0.92854434860828206               22
  0.74829998045538504               20
  0.87934476905626835               21
  0.84418458371140226               20
  0.89956197228270718               20
  0.98648960553136744               22
  0.78594358888654314               19
  0.89230509146290493               21
   1.0306254897468128               19
   1.0834196963508187               19
   1.0184555513110456               21
   1.0433462302533625               20
   1.0799168768551413               17
   1.0656660392044390               17
   1.0062691927185152               18
   1.0974750027838400               20
  0.64496943465694112               16
  0.88973770358364590               17
   1.0854868077970810               20
  0.97921052072619752               24
  0.94942876916646768               18
   1.0648117908778674               18
  0.58538587664678510               19
  0.64183463778633509               21
  0.73130995322600856               20
  0.78173245381079415               19
  0.77266469829515083               17
  0.56199172241036954               22
  0.70250881019175082               17
  0.51415938030015307               20
  0.60251841471228418               22
  0.62096114317005557               17
  0.49648514817509221               19
  0.56234649728754527               22
  0.59859791914217531               20
  0.43821827791857060               16
  0.68721526225497687               16
  0.42613342851287761               16
  0.43247395241047021               19
  0.35086352568196316               22
  0.45566940628406150               21
  0.81200957973464338               24
  0.69041192755520797               18
  0.74269705052209389               22
  0.52319015750056175               22
  0.77169637399792534               16
  0.70761671276769922               22
  0.79357316619684171               20
  0.74068085345729662               18
  0.91872537134469001               18
  0.88168488973937387               17
   1.0731614061225982               15
  0.63272189435505855               19
  0.69646226658072530               19
   1.0258688990937337               13
  0.74470742308428683               17
  0.75336506018681815               22
   1.2387198309278185               17
   1.0066002065014341               20
  0.94090645054693733               20
   1.0704097003175022               19
   1.1811699348707672               14
  0.80058776457015568               19
   1.0008945476901321               24
  0.89081859768270355               20
   1.0187870589426784               22
   1.0630638294430261               20
  0.76093618476421121               22
  0.82461834958214952               21
  0.82989816265322114               19
  0.93319886767840710               23
  0.72982783018356345               20
  0.78730041114212690               17
  0.90441108059967723               21
  0.69893870406226533               21
  0.56278769568739395               23
  0.72820462181986634               22
  0.49445258362234645               22
  0.60543602906620975               18
  0.45071260664083274               20
  0.61400450184342670               22
  0.54009572976920361               22
  0.67312213806521481               19
  0.48302210312992522               24
  0.48939803252954100               22
  0.65177749511195149               19
  0.34078727765741473               22
  0.28442447571709573               23
  0.60495158854400055               18
  0.53099112072760846               23
  0.57209564058603002               15
  0.59272459688045098               26
  0.62530381137823021               21
  0.41342971632423492               18
  0.56866453523023541               21
  0.54871791003063741               24
  0.61015609678942584               24
  0.88733958501192489               17
  0.51470639375872573               28
  0.79078785938010621               21
   1.1492596097016563               18
  0.84349293106971324               20
  0.75890920095582659               17
   1.0186661739355636               15
  0.86118551338541771               23
  0.74673750967177877               20
   1.1236118548290861               16
   1.0519079352868685               23
   1.0122075000705169               19
  0.91573752894378568               21
  0.96576756634262206               23
   1.0427325169687927               21
  0.91088324305794710               19
   1.0186853885801346               19
  0.98474695033242599               19
  0.79259691251055764               21
  0.87225194985793575               20
  0.83548180254699833               21
  0.60009442925910561               20
  0.95173887765622955               21
  0.47677686252695528               20
  0.67221331865974010               22
  0.53068621920012415               24
  0.87032122775395904               18
  0.75346600643360118               20
  0.66601569908802349               21
  0.45796680170993465               19
  0.49232428678948470               24
  0.66905578609149852               18
  0.59518519404418491               19
  0.41198105892817999               24
  0.31506234518720666               18
  0.48324138910355313               18
  0.37435379992394657               21
  0.50425151481662456               23
  0.79495485589001291               20
  0.60794408084056817               20
  0.40238040189776964               21
  0.33238436794974152               17
  0.66038079728966936               20
  0.59341644633751101               18
  0.42029530568058432               21
  0.65124693849225979               17
  0.62371372365160216               22
  0.46357468841059624               21
  0.87181705735379011               22
  0.93396577343831455               18
  0.82171114939725942               21
  0.86700252508336062               24
  0.97891219091516912               20
  0.61504895193227060               22
  0.88110715267326678               18
  0.87665680615653807               17
  0.80191032840203824               21
  0.73149576471663358               19
  0.88391157088169969               22
   1.0867755708940958               16
  0.93126266014417280               20
   1.0658916038744843               17
   1.0706174373807520               18
  0.75545789882162273               16
   1.2243107700978220               15
   1.0043022712811129               23
  0.84205570860010004               21
   1.0142827061021000               20
  0.86938150765761502               20
  0.49021874369850071               20
  0.76870603512043212               21
  0.60423760933630921               17
  0.92430880731003584               20
  0.84738083093389194               21
  0.87687553704720012               20
  0.46895461654292303               21
  0.60324174451458590               21
  0.71974325361869529               21
  0.42707894688788017               24
  0.64465958528259160               18
  0.38301168716981304               22
  0.44400328796367061               23
  0.52162672388066500               22
  0.37931591317564789               16
  0.36094435148796583               22
  0.47313165283925201               21
  0.67422422147397065               19
  0.34331688855685766               21
  0.50320564093724618               17
  0.50853308431024147               23
  0.31200877810994271               19
  0.47948835741679113               19
  0.27243484984649013               24
  0.36566869516989930               22
  0.71785809405396772               17
  0.43774699880041268               17
  0.44538236612563609               23
  0.62881977064038419               21
  0.82926584425491290               17
  0.35039190330929609               15
  0.75998158700606477               20
  0.71422975005817924               22
  0.69500609389770140               19
  0.54500806887890929               25
  0.97189730741516434               15
  0.76201082973659529               19
  0.70695721679079671               17
   1.0478401977866472               18
  0.71468603553965637               20
   1.0225745641607047               20
   1.0383502103200186               21
  0.77522675569487443               17
  0.76728964575637570               21
  0.94803667209457954               20
   1.0410112434144041               21
  0.90020376948546132               23
   1.0310688037032247               18
  0.93690573933104337               24
  0.94965729542693200               23
  0.93151709718774489               22
  0.89174293831252738               21
  0.61281745307276059               20
  0.89506299115636823               16
  0.55685083516869149               20
  0.66455394761664510               19
  0.58809532943099818               21
  0.58948701612740584               19
  0.66619593099100405               21
  0.50605800972297477               23
  0.66968925704502569               21
  0.61485339673904671               20
  0.46162362623267406               19
  0.41962524283866748               21
  0.51803807739039098               23
  0.28635960033542579               19
  0.53047316425879898               20
  0.33235068171542431               21
  0.67930728592475897               22
  0.29164823721869915               20
  0.34970573360436186               21
  0.40742144996474494               20
  0.63269206277151313               20
  0.41614707747746621               19
  0.22659222551526581               18
  0.61874456723897198               18
  0.45208639700775261               18
  0.48748629260424925               23
  0.56386026921118149               21
  0.44211124452549833               19
  0.72628417070440920               21
  0.52446663382981074               21
  0.82191165185894377               15
  0.67841667310769860               19
  0.88690435040927007               20
  0.67262207032764965               20
  0.82071977496204773               19
  0.55542430082641370               21
  0.44915808052456041               21
  0.79153743327998138               21
  0.97335672576959842               18
  0.97780312673472636               18
   1.0692254565578718               18
  0.81442123389115884               21
  0.90324036154177745               23
  0.86241006568296164               20
  0.95210734527843499               14
   1.0412783444416636               18
  0.95984665166812122               19
  0.95820844561964047               20
  0.51715330001665172               22
  0.69591376390990112               19
  0.50738065721381675               23
  0.76240916589795960               19
  0.55212677836365687               22
  0.56756163641192392               17
  0.41081391835612646               21
  0.62804430571369896               22
  0.65117654402926695               19
  0.62126914737916372               20
  0.49306687293956247               21
  0.60936886162421233               20
  0.40491334845593135               19
  0.41558483640984678               19
  0.31252845089343784               17
  0.27816350272603441               20
  0.34311090778999315               19
  0.26874725104564529               17
  0.55372160218069122               16
  0.48466893591016053               20
  0.41197561730598187               22
  0.23211918412083041               19
  0.37965940905704054               20
   8.8210617438432892E-002          18
  0.56367640407516617               16
  0.57269061018022827               21
  0.16298386327119133               16
  0.66068743351995196               18
  0.65779782493178296               16
  0.50383725158693982               27
  0.37050719703094137               16
  0.69636697086536659               22
  0.64446703417822537               19
  0.63135872431886564               22
  0.59196101578475380               20
  0.78199741000133871               19
  0.84958257697769635               20
  0.93041082111732865               19
  0.97186707886523549               17
   1.0022453267865676               17
  0.57541297457527940               25
   1.1916165629908684               13
  0.97681729819770691               21
  0.98544727409024502               19
  0.93092556845552110               24
  0.99760925593690675               16
   1.0030365915742661               19
  0.69650017033418643               22
  0.81145138795879612               18
  0.79385342449582075               17
  0.85352268720446289               20
  0.92508339247155735               15
  0.68944973112716779               22
  0.68549432886622819               22
  0.78330512832216959               19
  0.53414168065964174               15
  0.54751606884787241               20
  0.48269184924819925               18
  0.74730528543633512               17
  0.54455216242312288               21
  0.36106297017534000               20
  0.65608803250024739               21
  0.45160243280906193               19
  0.47493082507765116               21
  0.35307461318075617               21
  0.35407766602256530               18
  0.25261361991394843               20
  0.32381128728712133               15
  0.51231214829103566               20
  0.27032576556333426               19
  0.22141022742486877               18
  0.44930768272592442               22
  0.64047197863503691               21
  0.47447637501431544               20
  0.33536369907690200               17
  0.29261138914089091               19
  0.52226234742992594               24
  0.43851678495381657               22
  0.80129300447813612               19
  0.73691309694540719               23
  0.58085147233438628               16
  0.67522906325629517               21
  0.67140496483495049               18
  0.73401472618408792               20
  0.83593204809319455               19
  0.78756735668151534               18
  0.73099241312825947               20
  0.89259698308267221               22
  0.69944342803174908               17
  0.70579077907441035               19
  0.62520617405242052               17
  0.96513166393544803               22
  0.98187389675612624               18
  0.93078122213721848               21
  0.72555428661877852               17
  0.95416965567861101               23
  0.73697825250961069               20
  0.73724784433454549               20
  0.95090510848748488               14
  0.89572626908206843               20
  0.67907203029344010               18
  0.83468373468572143               18
  0.68667345480430764               22
  0.69186848352025265               21
  0.72819735078247594               24
  0.66035503276517471               20
  0.38592444367634759               20
  0.38977184744102150               20
  0.36347785944418115               19
  0.64483560226762482               23
  0.34113657186448071               21
  0.46486234864192988               20
  0.31125245514530958               15
  0.50372393129702442               23
  0.56335442070046371               17
  0.25594356233362714               17
  0.31682530731175357               22
  0.45766772685175616               25
  0.34241154786288908               23
  0.31221106632175588               23
  0.41953511858857057               17
  0.19266231452386315               16
  0.39905200618392994               19
  0.29011197965297764               18
  0.35531360344862856               17
  0.38627247746703025               19
  0.70940379067490233               19
  0.61624240109330219               16
  0.44150163889371141               18
  0.35144780576567053               22
  0.52874177137665079               27
  0.51876507215734380               23
  0.69611054259771310               18
  0.77325111120825862               21
  0.66777365904017538               21
  0.81893017399600532               22
  0.86147431181219947               21
  0.82298270117239092               21
  0.93192166376634533               20
  0.87071456854849683               19
  0.93449877157400452               19
   1.0023085889488819               16
  0.97926588735889508               16
  0.74400716427847957               18
  0.89010861831346677               20
  0.79615807942985983               17
  0.80648153647853915               20
  0.96282014187767828               18
  0.81478937016441344               15
  0.91203194134112286               23
  0.97595649604088297               17
  0.59646000875798710               16
  0.84355298199523454               19
  0.71546834413581406               16
  0.48271741877741708               21
  0.61244754437250504               17
  0.62842897375490081               16
  0.56891027599156951               17
  0.44045300658803221               21
  0.57177165237417160               20
  0.43769771443352068               21
  0.57603894971177161               20
  0.27562348404776160               20
  0.20466347717663202               19
  0.36083447572620891               20
  0.48737170485157150               22
  0.35254000055975432               19
  0.36809084875043396               21
  0.11611622010526967               18
  0.25178531650487856               21
  0.34834475244260188               19
  0.23048670770821694               19
  0.43746839826450129               17
  0.18205528945903671               17
  0.28400150591864998               22
  0.51035794300556847               21
  0.43843950104807256               20
  0.63213939622127890               20
  0.59183240434167195               17
  0.66326193132156563               17
  0.79014499556856677               23
  0.63516052146545543               17
  0.77225416927708035               21
  0.86881416192318150               19
  0.65829489504241767               12
  0.66387913410652222               18
  0.80872611979241815               19
  0.70312205636972858               17
  0.95595063189767393               22
  0.81444934426194704               20
  0.93617149154043489               21
  0.91179751950947907               19
   1.0111879203236414               17
  0.76619741833999677               20
   1.0000201214410895               22
  0.89011017594514952               23
  0.98266928466509718               15
   1.0032852526903462               15
  0.68454481873419604               17
  0.87850651731855212               20
  0.85891457364552171               18
  0.60357437117119583               20
  0.48654886673804998               17
  0.66240093889043550               21
  0.60330460826122234               19
  0.35732123205410343               21
  0.49642232044338652               18
  0.62472561296449935               17
  0.29588487582312961               17
  0.56907872614221644               21
  0.39791074023578582               20
  0.35262115286392237               20
  0.17745457804780060               16
  0.35836782405687695               17
  0.40766625917621835               21
   8.5929078913075149E-002          18
  0.43215047380889055               27
  0.25573615242418396               18
  0.19814123711417497               17
  0.16439269520629096               17
  0.41338265381456074               22
  0.33005957069832098               19
  0.30063699892589096               20
  0.17705858769369906               17
  0.51797034955335541               16
  0.39673471808916339               17
  0.40484346339061916               18
  0.27018561093187538               23
  0.62994455459902121               16
  0.66167361723121676               16
  0.56024270734633286               20
  0.41500136299793550               18
  0.51952414952706927               26
  0.47153017144269860               24
  0.71309160227291424               21
  0.75869175452934434               18
  0.75052491918893149               18
  0.91059308995644606               20
  0.91057888409356369               21
  0.84944227899969837               20
  0.97870091477980148               18
  0.93912223932307126               16
  0.94626156435956177               17
  0.91129316676347494               23
  0.85409640579232449               18
  0.79061119132913715               19
  0.86304679215705060               22
  0.91579706757947610               17
  0.96842584955668509               15
  0.52820363565894535               17
  0.82827261841720667               19
  0.42166608530002037               23
  0.56230644743977987               18
  0.51490335779969698               17
  0.42467526129338345               20
  0.33979662296331653               18
  0.49814306445429701               20
  0.72807763110709489               16
  0.51960137850938604               21
  0.32945927717918638               17
  0.43654894209159645               21
  0.30632074751622013               18
  0.23024852322197248               15
  0.14337939729303520               17
  0.23499968527359535               18
  0.34055558786502199               22
  0.24725263123142363               17
  0.25591250909373614               19
  0.30736287119252642               14
  0.20725672169631501               18
  0.22689547349533506               20
  0.19259031900912699               16
   9.0098183369312274E-002          18
  0.14007681792089866               14
  0.46923596838835308               22
  0.34595770148728733               19
  0.50998153515252764               22
  0.26251245682148616               20
  0.51923655886429432               16
  0.57977567952373132               25
  0.68769485904880001               22
  0.51472711193723097               24
  0.59530810400659107               15
  0.54167179716880598               18
  0.56065125451890785               19
  0.42263802719803473               19
  0.59753690388337732               18
  0.69663757485804900               20
  0.60671402860894952               18
  0.94637298744266030               14
  0.84501121202609497               21
  0.90816356224036410               17
  0.87424813672087398               21
  0.91756362528761104               20
  0.75357910063873901               17
  0.88949129347262235               19
  0.69106512728984004               19
  0.69359364884493102               21
  0.89575067530998675               18
  0.69147985907424236               22
  0.81751276436686038               17
  0.94640866461647499               19
  0.63536715415452849               16
  0.52638282100791967               22
  0.78432113393136460               16
  0.44550225058687554               18
  0.57279581517134903               19
  0.61275520769834413               20
  0.52612547001393606               17
  0.37509617209836787               19
  0.16968778948382460               18
   9.6923979560004744E-002          20
  0.25387513266166922               17
   4.1044904571450914E-002          20
   8.9519429915025248E-002          17
  0.22363889386668917               18
  0.21283111705364627               13
  0.40711130059541550               19
  0.43034360384593456               28
   4.6222370662072298E-002          19
  0.19673575179988612               17
  0.27908814032940110               19
  0.10158655902384457               21
  0.29726902374230446               17
  0.21139336784015814               18
  0.27931153582726354               19
  0.37136113137474647               19
  0.31463572456340749               19
  0.51834186243153069               26
  0.51559678979133639               24
  0.57230905401488164               21
  0.43022621442413700               22
  0.61414756399488435               15
  0.55720654009797577               16
  0.57143810786949356               14
  0.49663815362255082               17
  0.84387045747148115               19
  0.88424839725727966               20
  0.54508041615090019               20
  0.91624799569206050               17
  0.96329579241652297               16
  0.88257039417941219               20
  0.86213901927660563               23
  0.83338235153277151               18
  0.90850339582611483               17
  0.67986405783044890               17
  0.93592343593359040               14
  0.62088937195421157               18
  0.79189603791313423               16
  0.58568065404781988               20
  0.74784456108819397               16
  0.72599768828966804               17
  0.83258195868319285               18
  0.91899840391385335               18
  0.34695052249193126               24
  0.73595636548462418               19
  0.64092080680199315               18
  0.51513796775128540               18
  0.49521115417180961               21
  0.41522756372907887               22
  0.40011328243834970               20
  0.40736460887662285               21
  0.29811450989369309               16
  0.34032591668668138               23
  0.28242608939025726               18
  0.22525107221781016               14
   8.6905859412319084E-002          19
  0.12984387113818233               17
   9.6007174191975339E-002          22
  0.26867451802021952               18
  0.14265731937346440               18
  0.19660731878094720               19
   8.1923606546201330E-002          20
  0.11281947542731657               20
  0.34688763235304265               19
  0.22100600103036203               15
  0.39116730154826901               19
  0.51002456430361753               22
  0.32166332340655013               18
  0.38012465480628516               21
  0.49570534153176155               15
  0.54103910024284552               17
  0.50349764723474022               21
  0.54207100057611868               25
  0.57053366695845242               21
  0.59976837137761763               18
  0.86947645824690867               21
  0.74647373046816512               19
  0.77095916104439133               23
  0.94228779987565248               20
  0.95053068684358677               16
  0.87540044270142714               19
  0.91013058695770366               21
  0.75225003567550475               18
  0.81616063475843059               20
  0.99232243604107395               14
  0.82439650363819061               16
  0.91768826100483414               18
  0.74827760878779337               16
  0.86242997496650464               14
  0.78344368975333145               16
  0.87312109349408251               17
  0.65663194191124830               20
  0.72597265906487485               18
  0.38422909732109101               22
  0.58068868168533461               19
  0.54067550273802656               16
  0.46086156967599268               19
  0.21452585029311425               19
  0.55258125109405709               18
  0.42124548418829189               21
  0.47621887021713821               20
  0.25775119566301508               15
  0.48561369056267362               17
  0.24317745099351706               19
  0.16320440810940937               18
  0.33122658637377739               23
  0.29579550348135775               21
  0.22272171490842652               18
  0.13183670824935717               21
  0.24746814442671977               19
  0.21151976219759047               17
   1.3949352258324561E-002          22
  0.48791864869875273               21
  0.28023089700476067               19
  0.32451327436825800               22
  0.63212818295525908               18
  0.37501595170061491               20
  0.19057990373251715               17
  0.44449365255652185               22
  0.43009606855348370               20
  0.49555619321257821               17
  0.69017353701300488               19
  0.47405911816524821               20
  0.56630959124044145               17
  0.73259998451512220               17
  0.85867786052563577               18
  0.71452732218165715               20
  0.68977443592494070               17
  0.71694045609569346               22
  0.80640366681183606               20
  0.80995641862033407               22
  0.94534078744421102               16
  0.78821338595203705               22
  0.82477279076266574               14
  0.91265480539019694               17
  0.94437357320928217               15
  0.97501608515199834               16
  0.92903159675945091               14
  0.91660434463788487               13
  0.75627077956466482               20
  0.61386692036391433               19
  0.70216866992969595               21
  0.48146924373317773               17
  0.48839960626094892               20
  0.60362181599832343               18
  0.41530791088782343               21
  0.68555062695472380               19
  0.21403373879725407               17
  0.33720617732566260               19
  0.19077412863175003               18
  0.43990370131733636               19
  0.15856538814182536               18
  0.40799914669191290               18
  0.23031512963148751               18
  0.31911016797582253               18
  0.11426853785184367               19
  0.26013864043517543               17
   5.4636311664190362E-002          17
  0.42178841100933834               17
  0.15233465273445565               18
   9.8991436966977625E-002          17
  0.12160845682286101               17
   6.1326276435286022E-002          18
   5.3231374793386015E-002          20
  0.54922080698039610               19
  0.21857038046680749               20
  0.23849700239950711               15
  0.26842521300736571               18
  0.47518611940653532               17
  0.45062610511885781               20
  0.40828206552102986               19
  0.92637732019966590               18
  0.42657184807058668               19
  0.56330777521480946               19
  0.94564446633724975               17
  0.67565913983470605               17
  0.63672593098553099               22
  0.73415083297288986               18
  0.68254632356951550               17
  0.64684925800200721               20
  0.90426464115850258               17
  0.96812114314406639               18
  0.94828065581257548               18
  0.72609448659660092               18
  0.88268732323851717               16
  0.94028010499354786               17
  0.90936050526643308               17
  0.76281216667341489               17
  0.38888909817954537               22
  0.51667116336016983               17
  0.74168100308652862               19
  0.68389281003287195               15
  0.68521690176553596               17
  0.67008482860317886               17
  0.45780310457911827               18
  0.48584998878538666               20
  0.28931777256342245               18
  0.51596259717993964               20
  0.47185693384363342               21
  0.49030645520144578               21
  0.14012643608590844               19
  0.44841006918889248               25
  0.15339937813921734               19
  0.15362834474093354               16
  0.17258588149347368               17
   6.9403290183931668E-002          19
   8.2033249295904373E-002          22
  0.18915257738329877               16
  0.29057340674649429               19
  0.24754100373218346               20
   7.1272824502903717E-002          21
  0.40392140624576900               20
  0.35732010778920931               19
  0.39087208364712933               17
  0.24238277675586029               21
  0.20188591727092869               18
  0.28368401545065147               17
  0.23891632747744704               18
  0.53177334345228922               21
  0.39312758834270767               21
  0.39326080061824109               20
  0.73249724817783379               21
  0.34589474886066568               20
  0.66544827738626744               20
  0.57979584227084069               19
  0.57918658788642807               18
  0.65263695478302286               20
  0.88930666991242369               18
  0.86779541529469051               19
  0.85344536046819175               22
  0.72437448884078193               21
  0.98780708527100403               15
  0.89916494422283455               16
  0.48976890622642072               20
  0.83063414131309132               18
  0.77387653135927104               19
  0.80866340839833217               18
  0.80040268897399403               18
  0.58337150585426401               20
  0.70083747764699944               16
  0.66210329290184688               21
  0.77052688502039035               19
  0.64611035765912561               17
  0.60052541888339395               17
  0.63674666953485781               19
  0.54734080518848216               19
  0.57370563719762857               17
  0.44199189788385473               22
  0.31266100618878201               21
  0.37477261015819868               23
  0.31584477806721800               22
  0.12384945476936916               16
  0.35646966798886187               19
  0.33005905492166299               20
  0.38603834199271825               24
  0.30059897606352770               22
  0.26248135562261748               20
  0.14474871625263414               18
  0.17146854688848165               20
  0.12041025762228789               19
  0.16668005041530515               22
  0.18471258279115527               18
  0.28108011741386346               14
  0.14189659589742540               19
  0.31723339210708490               19
  0.40751590365107465               19
  0.35477112372435643               18
  0.52299138254838096               17
  0.48803088053442306               19
  0.48152423122957355               20
  0.48848792151313142               20
  0.62492434338198888               18
  0.41938934891539820               19
  0.52920692251562051               22
  0.80865087511785871               22
  0.71833778289671557               18
  0.80868544443142998               18
  0.81766044128808890               23
  0.72214080829198113               19
  0.85746911084580324               21
  0.77153716936148009               17
  0.79583152005196223               18
  0.80579251407394370               20
  0.72376920069066430               20
  0.93339703757906478               18
  0.90307852180843540               17
  0.95200261203725178               18
  0.72531574936512722               20
  0.73102453363145015               20
  0.85408417335559705               14
  0.54213924624562781               16
  0.50533054847466885               19
  0.79089285398383746               19
  0.33591836011702342               24
  0.37492354461861760               22
  0.47423030831381224               19
  0.30688360089188305               21
  0.25412999150667093               15
  0.29001052848248110               17
  0.39938231506709487               20
  0.59931952501684427               19
  0.47856164555124930               21
  0.38267972705624387               20
  0.29473363964703825               21
  0.14330233105911555               20
   8.6060373139179788E-002          22
   5.5682551490109526E-002          21
  0.37402253299146182               23
   4.3929154386416223E-002          18
  0.21456367680940480               21
  0.15747080773623581               19
  0.17901115598434983               20
  0.21321204502596322               20
  0.15424134588210428               17
  0.34874165469203250               21
  0.17906002451032274               15
  0.35338224825600562               21
  0.31882214813347648               18
  0.66751940599035142               20
  0.33695484359882577               17
  0.39256397024285511               21
  0.54401678776106788               19
  0.51110441547912344               22
  0.40708375525189588               18
  0.51319368799401188               19
  0.60958548506667809               21
  0.78159059844783951               17
  0.59531527012221530               17
  0.84947360274570904               17
  0.80278169817197509               18
  0.95705075015109309               16
  0.94835019630865292               19
  0.73676454290024773               20
  0.87793034252548141               20
  0.85136646146052852               17
  0.77686056330522979               19
  0.62503956041211550               15
  0.73659300084966262               20
  0.92948700518612593               15
  0.74078348557353269               21
  0.68041229139634141               16
  0.65807640550116331               20
  0.66291870401288011               16
  0.72034207182349463               21
  0.62546026174670633               17
  0.64446506414272342               20
  0.51892083213335505               21
  0.29313280334024938               19
  0.19958661765799160               17
  0.39755424356599894               24
  0.35706899317948787               20
  0.50882864363532709               20
  0.39079696411208265               24
  0.13812075927186135               19
  0.12382706783474463               21
  0.16001576866573547               21
  0.34084312124457006               19
  0.30705928428937129               19
  0.34113681118326256               17
  0.26492657074222897               18
   5.1232036497200539E-002          19
  0.33988844866442663               17
  0.11107980582364414               16
  0.43502312381670077               19
  0.46964774127087733               21
  0.29393682883579225               20
  0.33265540139856858               18
  0.38284671264582809               18
  0.40988399382707297               18
  0.59271207152132444               19
  0.66760761596644724               20
  0.47988060047242281               22
  0.87002838628567458               18
  0.82072692255537305               15
  0.59939464886536187               24
  0.85706453198964827               18
  0.84512624177649065               20
  0.91719826984006558               17
  0.77828088660528871               19
  0.90525788085391756               18
  0.93148748077412313               19
  0.89328560747026320               19
  0.78136737791881961               21
  0.89583985126728505               18
  0.86351090385420370               17
  0.97145401427029432               15
  0.94995523776347701               15
   1.0025180938662821               20
  0.85928546454558397               17
  0.83026782917926278               16
  0.74062625479721478               22
  0.76616288795734477               21
  0.55605079735530616               18
  0.57163631541185367               17
  0.75049493880019791               19
  0.78271790965113885               20
  0.64975978571552195               17
  0.73300635545608117               18
  0.51486341145849723               25
  0.44387937561515095               25
  0.54398045167397424               20
  0.45182007428015025               24
  0.36865183211083341               21
  0.20298941276866708               18
  0.25956757125965035               21
  0.17040332352274395               20
  0.21529867269823905               17
  0.22906542486088499               14
  0.10998343266439339               21
  0.28352019435766018               16
  0.14070333804570775               23
  0.18852122487168513               19
  0.27814001444094266               19
  0.39830664627060058               21
  0.34328173063204381               19
  0.26715863584970323               18
  0.33115252101440418               19
  0.45297504952946188               20
  0.43891776305515529               23
  0.43468653603164836               20
  0.46127845015834235               19
  0.39853580439896114               21
  0.78015324489953020               20
  0.82591454632384342               17
  0.55966874803556721               19
  0.55895178632307130               21
  0.69642930323691188               19
  0.87721076214656768               18
   1.0483239795211132               18
  0.69850826481430073               18
  0.83535346520053022               20
  0.96753268065872144               14
  0.69358530114991834               17
  0.82176460738728108               19
  0.93260181459911839               15
  0.72103839697969330               16
  0.92704459129183381               18
  0.93375495595883951               17
  0.70096054576854638               15
  0.80843870580325317               19
  0.79696163644346174               18
  0.80361672104806159               20
  0.80674150781815712               19
  0.75921371441162921               18
  0.57335870587039994               20
  0.66355755952740159               15
  0.40085589234301044               23
  0.51941385730747147               19
  0.67527711930384493               21
  0.51509517478868416               21
  0.47558256610938165               20
  0.58223938455564306               16
  0.33194912019147227               22
  0.32033252842896331               19
  0.12685721307985312               20
  0.32037473817398349               17
  0.42395677071795190               23
  0.46553322289953519               17
  0.25625657069950070               18
  0.17001551146599594               15
  0.28067899426252813               21
  0.22224385314756576               17
  0.32990256090979458               20
  0.29195990792859700               16
  0.32668739457335344               18
  0.31421800571860392               18
  0.44990723528279458               21
  0.52061943639542907               21
  0.51855472793324575               23
  0.27613330869281189               14
  0.56574883416948163               22
  0.60739545401581108               20
  0.51625859414544029               20
  0.69430437657245792               16
  0.59523172960973370               21
  0.57714969069346667               21
  0.79849845952035658               19
  0.87662160002105105               19
  0.71391135381169435               19
  0.96632485248259370               19
  0.96489863911481977               15
  0.74399114250694742               20
  0.97572267328163453               15
  0.88271340839781276               20
  0.88156178902091031               18
   1.0678290671640629               18
   1.0047394314071121               13
  0.88270101894279662               18
  0.92584299002213033               18
  0.84299252748880960               20
  0.69853790985175335               16
  0.64840481140448003               19
  0.86451470761971860               17
  0.47854607093854462               21
  0.63534392820530849               17
  0.79483896882277272               18
  0.57155979947674673               24
  0.48987515709866103               22
  0.67163862499607407               16
  0.46638191015528918               19
  0.49924711138130884               20
  0.29615746729609782               21
  0.43340995575407931               18
  0.55536415518641935               21
  0.39968072445562325               23
  0.35968408598590346               21
  0.36655392969409434               22
  0.24971053083688222               20
  0.28299679792093752               15
  0.30408609457583291               19
  0.36669293399282782               19
  0.60477074382972895               21
  0.43855271741526741               22
  0.35485392605867205               21
  0.47464288318398412               23
  0.48889503433627929               19
  0.39467762495956826               21
  0.62172528838535912               20
  0.49787602116468443               17
  0.69460232861380755               19
  0.62403941228230642               20
  0.41711369864228026               21
  0.44288322329216284               17
  0.64812224255634698               20
  0.86094298894774157               18
  0.75412801144064534               22
  0.93780705896989880               20
  0.94810015723329577               17
  0.95427265070793144               18
  0.60472595013504282               18
   1.0747109269274175               17
   1.0267342266182529               20
  0.93786919284984782               15
  0.96205737844802564               16
  0.90689844082643001               19
  0.78856386027027092               20
  0.92562817261097774               15
  0.64590269248209042               19
  0.95367386009863375               14
  0.88668283776347334               20
  0.59972840954732398               16
  0.51596757077137612               23
  0.47423646263077929               22
  0.57343511414401716               18
  0.70461636202327771               19
  0.79468625181138108               19
  0.59759134281117465               22
  0.54958167048109996               17
  0.65854824665064426               16
  0.57551647949001383               17
  0.45225235888253768               21
  0.42213720233396473               26
  0.55618422759910358               21
  0.31962339152916425               19
  0.42145608255193451               20
  0.45062515176953621               16
  0.45233360859926364               19
  0.15504766963496522               20
  0.44469280884909795               21
  0.41300134195419697               22
  0.30977580456396231               18
  0.28491927646913806               21
  0.24319188674160991               16
  0.67227271485119067               18
  0.37174259805942145               18
  0.57304443229604862               18
  0.39438224669623406               20
  0.45134048946071359               19
  0.40131989983677058               18
  0.72573008320475840               20
  0.78491603180052383               18
  0.55394226496738741               22
  0.77585201928816250               19
  0.66635804359582396               20
  0.69550981949736934               19
  0.77750519250456684               19
  0.83816767040266837               18
  0.75281513342999706               19
   1.0232301100768444               16
   1.0283086634123706               15
  0.78156791780179147               18
   1.0269307295828258               20
  0.79040091405548174               19
  0.99220735686306416               21
  0.99855092369872145               18
  0.81260352764726551               18
  0.83532717210010943               21
  0.81904383180055784               21
   1.0019148783810548               16
  0.85741734050245566               21
  0.79678918258876030               23
  0.68127150247527202               18
  0.72994341715911648               20
  0.59292618606848857               18
  0.51426739401338517               21
  0.47910241822185584               24
  0.47819564256562519               20
  0.59547848205189979               18
  0.66878306371636131               21
  0.49319004348710577               23
  0.68633885555668106               16
  0.47842361645553683               15
  0.26821980431453879               14
  0.34529919901709394               20
  0.35319067079084426               20
  0.22829284422599849               19
  0.24417207313000008               17
  0.40881816602734988               19
  0.34486054709916303               21
  0.49688927241757763               20
  0.52115852788785788               22
  0.68411053450383197               21
  0.25944895870069384               16
  0.22531896757687209               16
  0.34118399913184305               19
  0.60748444116746025               24
  0.47191037002932684               17
  0.60226690325843013               19
  0.55329602886061957               22
  0.63786977036633763               23
  0.64008453902340301               22
  0.55710646108527773               22
  0.78730305209315699               16
  0.76292212310102747               19
  0.79498965532964561               19
  0.62797336828191630               20
  0.87051557212837072               20
  0.89595840988169306               20
  0.72181333677260739               17
  0.72147444903769709               20
  0.84940027190668099               17
  0.89184731482888502               21
   1.0447506363024022               21
  0.86597254840376237               21
   1.0042829131522821               13
  0.78332374674865501               20
   1.0245716628774930               16
  0.94052473256889735               19
  0.98436436138619110               20
  0.81142779627622930               18
   1.0210612532484424               19
  0.73066905446504882               21
  0.55410553376265581               19
  0.76177479781755608               21
  0.65571857678713830               19
  0.57568947025080297               20
  0.42676694319958064               20
  0.71011026254829090               17
  0.76547501477282509               19
  0.50766976178041123               20
  0.49202337545137614               20
  0.37654726180100634               23
  0.45384727229880273               19
  0.38136126147591026               18
  0.42876302070940137               20
  0.52272844797688056               18
  0.35178028075302759               21
  0.47868199630108038               17
  0.63222863356981363               22
  0.35359273802083918               19
  0.55185410246940758               20
  0.52354490989536917               19
  0.77053884333734346               19
  0.55558259839675606               20
  0.57644904213924131               24
  0.54616490296433950               18
  0.59515584097514396               19
  0.57550982221899960               22
  0.42196488008826660               20
  0.56014917286923505               22
  0.58997278551133725               21
  0.69747315910770280               18
  0.89954793710719860               18
  0.58320241911718873               20
  0.84454713093311617               20
  0.84672142796658678               18
  0.98803316327574175               15
  0.79049912481872409               19
  0.83832956691797889               19
  0.93761257971507783               19
  0.79410310382466698               19
  0.89424748560966050               20
  0.97280435022532841               20
  0.71708909004542798               16
   1.0465183074056217               21
  0.85585025259466474               19
  0.90652656585575531               19
   1.0174577230914896               19
  0.82852149763934124               19
  0.69224463633991784               18
  0.90254379808255780               19
  0.94452502564863927               21
  0.95541026668874396               17
  0.61009067411538942               20
  0.56654417964588499               18
  0.55126036318752103               18
  0.83622650837423529               18
  0.68587716564143342               20
  0.49495604228077972               20
  0.64453792712485702               20
  0.52755171016313618               19
  0.50747540209100050               22
  0.37400966908813987               21
  0.59382203620213458               19
  0.45883905571270950               21
  0.54628119615357162               21
  0.23345252265270039               17
  0.33903016415719023               18
  0.62996316319647094               18
  0.61195072424139496               22
  0.40202700116506163               18
  0.48213853361409054               20
  0.59026662281755538               21
  0.52173204430787601               19
  0.72564065396459543               19
  0.59777493083146960               18
  0.52008403510908419               21
  0.55870682544125627               20
  0.67409960071877861               20
  0.39681123647363009               23
  0.86805110731422286               18
  0.67991824099767706               17
  0.55327026781296340               21
  0.78018842813845302               18
  0.75738037184987073               20
   1.0023822446408546               19
  0.80801596584877111               20
  0.94332096465865067               17
  0.93182018174632619               19
   1.0374581855262623               17
  0.91134291482144414               15
  0.88911628886652028               20
  0.72114606333687714               21
  0.90889145918140068               19
  0.96923727158851991               18
  0.95625072590223559               13
   1.0914874986357890               18
  0.85378828608484214               17
   1.0499994267589106               17
   1.1015412382333596               15
   1.0909379620618318               18
  0.91510876756276227               19
  0.65640991964277540               20
  0.44857680271429584               21
  0.85842878711088777               22
  0.65876181490500296               18
  0.81244788669626211               21
  0.82788528530494543               16
  0.52859402118663257               18
  0.85256354987979011               19
  0.47373616128053042               22
  0.64906498547280578               20
  0.69379328076101121               19
  0.40245953460682249               19
  0.44553501429724107               23
  0.39260875509039889               20
  0.50964165292693353               17
  0.42213318584606896               19
  0.62620443314782070               19
  0.61532188300518187               19
  0.70900866247426853               18
  0.47360744169520164               22
  0.34183189306177242               18
  0.50684825168109682               21
  0.34252649747601777               18
  0.82932187610437091               21
  0.75134089650562885               21
  0.80041661425679955               21
  0.67286032449674693               19
  0.66914937012627851               20
  0.55483939417371875               21
  0.67673743360521144               16
  0.63152232429778610               22
  0.59652881144762071               22
  0.83634453024589639               15
  0.89204130020550687               18
   1.0282280635988310               21
  0.97967173821935494               19
  0.88752843168790541               17
  0.99999795953736648               20
  0.96739506665626884               13
   1.0231689739375063               19
  0.96588183716043519               15
  0.90937723332895526               15
   1.0019763009293037               21
   1.0719869572237115               19
  0.94344476647309405               17
  0.93553598311049424               18
  0.88995240028469336               18
  0.85209492284368893               20
  0.94709392149836280               17
  0.54842855638205523               20
  0.59694486154157300               18
   1.0101685845121058               21
  0.76755769385512218               17
  0.79121527857070306               19
  0.82894049265505720               21
  0.80794375185681266               19
  0.65334382399181890               18
  0.92396320139321664               19
  0.55805694895084001               19
  0.37859124407790790               21
  0.56658910629323389               18
  0.34526620654800183               19
  0.63965235583248015               23
  0.60227044153622855               21
  0.52789798383089515               20
  0.77135777934046412               15
  0.54231973651321608               18
  0.41932436785703597               21
  0.65424270788042127               17
  0.87120241465777026               20
  0.54524761413331901               21
  0.43745703934025859               22
  0.67633176071477885               16
  0.15797626243870194               23
  0.41314931238720842               20
  0.80975855112432504               22
  0.53418723951218572               26
  0.70038345317072226               19
  0.76770772414994604               20
  0.68330089749989020               19
  0.87548720379077394               17
  0.99004830671079302               18
  0.96379215424760156               20
  0.91640129072429377               19
  0.82674212819172443               19
   1.0682453988338458               18
   1.1609728241185246               14
  0.93181831802160064               20
  0.96909456785820458               24
  0.96464987467888708               20
   1.1358548804486082               18
   1.0249426874337315               20
  0.82422380048378452               20
  0.85659461609464871               20
   1.0448610375372129               19
   1.1406696233660520               16
  0.76002594000496004               17
  0.83176591033763358               17
  0.95049322243970780               21
  0.71490224567417537               18
  0.72345613763227390               19
  0.47557926320600896               20
   1.0783609147337641               19
  0.71522201526608320               19
  0.75029864127054979               20
  0.77227889881077860               18
  0.74301154188285656               19
  0.60012450896726821               22
  0.72846863520403449               17
  0.62157407531512343               17
  0.43032853494469414               22
  0.61049494636482560               21
  0.47433511026430375               22
  0.68382839044523491               17
  0.80585627053507947               17
  0.62507913063398302               23
  0.36312981042881226               19
  0.42049238804987876               19
  0.66666695652001540               20
  0.72181154993460894               16
  0.77348441637658749               18
  0.51228776566659284               20
  0.65238671766982625               15
  0.67197956486265153               17
  0.62563636561168179               23
  0.78683557142892069               19
  0.69669362718832206               20
  0.56654090603023910               17
  0.78812567100087927               20
  0.77800098243714466               20
  0.85378848059516099               21
  0.67464194972788261               22
  0.74341850722960812               17
   1.0240361014430355               18
  0.91046443393685572               18
  0.93295055579204167               20
   1.0606928891010803               19
  0.90289212368308858               19
   1.0487486557329173               19
   1.1376240261773631               17
  0.94436556237453650               19
  0.94956381328600670               19
   1.1799065707079570               18
   1.0751479207203019               17
   1.0355066431597164               19
  0.96134240261984105               19
   1.0430192192363037               16
  0.92760298442054245               21
  0.83840394677401631               20
  0.99293478203822283               18
  0.90487451144338149               19
  0.87201574105964996               22
  0.82363434562324678               18
  0.68056723584258605               19
  0.65506749225204697               18
  0.98365687353368669               21
  0.88641756023246010               21
  0.71166744197886300               20
  0.67965994707464283               17
  0.61131038045595809               18
  0.63863180327132174               17
  0.63101345318696966               17
  0.58572400426154603               20
  0.74620335237864832               19
  0.59431832305796684               22
  0.50290692315813224               21
  0.35178418497806740               21
  0.54715475722065388               20
  0.72802597142595094               20
  0.77920167080315939               17
  0.91390456606749226               17
  0.67398950164539606               18
  0.69475946050584814               19
  0.55084488762957962               19
  0.75894084303015963               23
  0.46065678041917169               20
  0.68653636082277525               22
  0.73016725594256049               19
  0.73079291336491325               20
  0.71970795093472228               21
  0.90553861436423544               18
   1.0584619064489078               20
   1.0107479612436125               22
  0.88460378580799670               16
  0.89040703259062681               18
  0.87329378246941791               20
   1.1132002112663772               17
   1.1413122468967412               17
   1.0883880761421167               18
   1.0826979116667097               17
   1.0589063806005323               20
  0.75871091796840673               18
  0.98623328442703895               19
   1.0611709219483094               18
  0.93917597470913194               17
   1.0536019906053007               19
  0.85523176258602118               21
   1.0974671789417128               22
   1.0344204535982819               22
  0.79837396211174105               20
  0.92247608776191070               20
   1.0059152881774680               18
  0.67477677895122101               17
  0.93251345749065151               19
   1.0538189545517740               17
  0.92627344529879641               19
  0.64798765285493887               19
  0.88018564786028963               24
  0.43229504459063006               19
  0.85671142240095777               20
  0.78531903913671708               16
  0.70446180751259424               21
  0.59586908231213409               19
  0.83178819554301486               18
  0.46459598688584719               18
  0.65868296324132414               18
  0.71055281126530778               16
  0.82900325771029126               18
  0.51017769007962688               21
  0.90680561689924377               23
  0.74939497160917989               21
  0.70168867554259873               18
  0.57400616710095065               18
  0.48504554499749708               19
  0.59399278151433987               16
  0.90471603271576251               22
   1.0117798814150343               18
  0.98414809573160633               19
  0.92903256966175074               19
  0.76654751222685658               19
   1.0248254222271733               18
  0.65506066145823794               20
  0.77947717683638429               19
  0.99534531207129862               20
  0.94641286085402498               20
  0.96163218514083704               18
   1.0831633963513763               18
   1.3490885622031628               15
  0.95427963286235096               19
   1.1061639882797236               16
   1.1877280778602419               19
   1.0616629720878605               17
   1.1384125485941865               17
  0.97552297805068344               18
  0.99297488005426349               14
   1.0967503655949731               18
  0.96232594083163370               19
   1.0880607205421515               17
   1.1140711582928262               14
   1.0778334607924027               18
  0.64485356314189035               17
   1.0628880958910543               17
   1.1237651105089275               19
  0.85983097786113760               19
   1.0997248249019629               18
  0.86949240748121381               20
  0.91992872171489548               21
  0.67822838561986587               14
  0.85834145099335457               21
  0.81255064725506654               18
  0.93333010546701600               21
  0.83154851659136408               16
  0.85973087870722043               17
  0.82932581255373705               18
  0.58986348810767020               19
  0.54575254181358646               20
  0.87636034187986378               20
  0.73838909280260878               15
  0.49506202667549626               19
  0.82301984129190719               22
  0.70423551754001179               21
  0.91212307242591517               17
  0.65596252467037464               19
  0.61791985763735813               18
  0.71037250860448498               17
  0.88712384494864416               22
  0.60252472142981472               22
  0.84456788067142097               19
  0.98243293058230563               20
  0.67678353630725441               21
   1.0014306564614104               20
  0.60682286806105679               23
   1.0947194597031531               19
  0.92652665473576190               17
   1.0471256229090327               18
   1.0591107686030587               22
   1.1439045379194945               13
   1.0356698091769214               19
   1.0248096815902408               21
   1.1031191432217389               18
   1.0172842700162914               24
   1.0178090770194945               20
   1.0703481891255473               18
   1.1357081591915645               19
   1.2411440173724901               16
   1.0854479934984738               19
   1.0512929845338990               20
  0.84946177836872550               21
   1.2575605791670907               18
  0.83949207004411075               18
   1.2974615310355770               15
   1.1900493915672976               16
  0.79180142929378949               21
   1.0728992389547283               18
   1.0462717068820626               21
  0.91494082851612957               18
  0.85581626446897696               17
  0.39882576546521964               21
  0.83593914288056859               19
  0.86800760321205539               20
  0.91133412847547912               19
  0.68254381881245307               18
  0.66885906467039957               18
  0.60822552914014538               20
  0.77441362381904988               18
  0.76572287131381522               19
  0.50169264701490490               20
  0.77110899753074558               18
  0.95349101312214435               15
  0.53365733378964852               18
  0.69341327277479758               18
   1.0075100279792024               17
  0.74933523182440387               21
  0.49655764761167492               21
  0.90851734828871678               23
  0.97095509673731539               18
  0.64255152613768440               18
   1.0369328989834306               21
  0.90444018485758915               20
  0.81121460315802540               21
  0.75115537527102083               19
  0.84641798661960799               17
  0.82682229768933757               19
   1.1491419445859083               14
  0.80045864369169062               15
   1.1483510650903108               19
   1.2223768858916377               20
   1.1741249326477012               20
   1.1092545815624457               18
   1.0883128526923878               18
   1.1869498758067747               17
   1.0831472761745498               16
   1.0092415099092191               17
   1.2301914484665122               15
  0.89135089765367648               18
   1.2941543055615994               12
   1.2036434461667349               17
  0.99051479212127502               19
   1.0446993304738292               18
   1.0911642819583578               17
   1.1179057577622262               19
  0.87348943102079624               20
   1.1287992437436083               17
   1.2031579318609613               15
  0.92259724325451620               22
  0.82290903641358182               17
   1.0052752888093517               22
  0.79923498604057486               16
  0.71955251986035251               19
  0.72234016146594426               17
  0.71755593519049055               18
  0.80866896309634573               19
  0.87694873181105948               21
  0.88052773538089180               20
  0.60898693848562968               18
  0.86003959295378085               17
  0.68933500038199857               21
  0.92694199002676858               18
  0.96209091176756201               19
  0.66499749240526185               19
  0.95261265929719496               21
  0.85253368536843188               18
  0.62100801755968504               21
  0.95661476125798972               16
  0.85633572283965276               20
  0.93621962495152711               19
  0.80870512816205320               18
   1.1069048352604283               16
  0.88356041197267376               18
  0.92182745766895158               19
  0.63712633366717764               24
  0.93866617808434760               19
  0.87122217476389019               23
   1.1777317055556455               15
  0.98503441320034479               23
   1.0451828413186361               20
   1.1890838014136376               19
   1.0852380793394452               19
   1.2298200464728288               16
   1.0536939618603098               22
   1.2473728731813822               12
   1.1500582913139956               20
   1.1331032406767116               16
   1.1100945468710870               17
   1.2100973315915644               18
   1.2000670315881117               20
  0.98480654248531341               20
   1.2990082450584162               15
   1.0571778865823565               17
   1.1085040570888267               22
  0.91143064403851126               22
  0.89401192728088441               22
  0.78265632264765161               17
   1.1866033692785261               17
  0.72428286859138291               18
  0.92974770071977209               22
  0.73607315588963884               19
  0.99718368545469638               19
  0.77406636244117100               18
  0.83856139006754626               19
  0.96149487290750901               14
  0.82539688446447301               18
  0.58566510871877264               18
  0.79514141237155334               20
  0.77488127750915836               18
  0.94634866782919014               19
  0.93805003215589733               17
  0.95767060158996198               15
  0.97543765294173967               18
  0.92886450084240380               16
  0.76588417060504965               21
  0.81422988595076262               19
  0.89452001478505694               21
   1.0183778512661736               21
  0.92754826479891761               21
  0.77982644112120181               19
  0.96928120332174150               23
  0.95931308997050813               21
  0.71509072500978266               19
  0.85846316344520579               22
   1.0655600953654623               20
  0.88418457556960695               22
   1.0849071122559022               19
   1.0091284034614116               20
   1.0763726217827232               13
   1.3467048812382145               15
  0.97224294564299241               20
   1.1401270522925968               14
   1.2745356997773050               18
   1.1957812070367819               13
   1.1328051477571757               16
   1.1665080495428131               17
   1.1895475811579486               19
   1.3002214423705738               13
   1.1553527860233872               18
   1.0424166632024141               16
   1.2635666235642833               16
  0.96812632117801600               19
   1.0209017668753571               17
  0.88412337801586582               16
   1.0404003850669103               20
  0.98557260123209145               14
   1.0071403296451196               18
   1.1254217072107784               17
  0.98047766359395194               21
   1.0051320133510415               18
   1.0518084325959534               17
  0.78205218004778265               15
  0.89384238442483421               21
  0.85781310185741422               21
  0.88550973530556487               21
  0.85196940463242310               17
  0.77536832248372300               17
  0.94487762164162803               17
  0.54863781132246126               20
  0.81520435935528324               18
  0.71028037185651527               20
  0.96980917707311920               18
  0.95533892132193521               20
  0.88819759496523953               22
  0.87589586577907541               22
   1.0337499379143684               20
  0.84168856405909886               18
  0.76957868097143955               19
  0.83755862592148422               20
  0.89759936812985630               18
   1.0402788220043291               20
   1.1444366077954902               20
   1.1993733996682077               19
  0.82858844683423727               19
   1.1031145055196458               17
  0.79202828602293474               22
   1.0014432753658289               19
   1.1893366354716481               13
   1.2589847930910736               15
   1.0080265502533661               20
   1.0672064006871027               20
   1.2359476195953478               19
  0.97669407303402966               24
   1.1171723161627765               20
   1.0327488770148852               21
   1.1928120006961014               20
   1.1530448970130465               13
   1.2226438087761284               21
  0.97656650707289328               19
   1.1233521813576395               20
   1.2735453250442765               17
   1.0418898302060529               17
   1.1444849262376839               18
  0.98628903702632620               17
   1.1190957710708684               19
   1.0314087119648074               20
   1.0387126310576549               16
  0.83760798155738003               20
   1.0049974971077436               19
   1.0057586676485726               22
  0.96934670253031086               19
  0.93580611166389494               19
  0.87988373920670704               19
  0.76482758500578285               18
  0.99903132131473682               19
  0.95487470659934004               17
  0.81390210653892658               20
  0.79511667205497072               19
  0.83705344533417936               18
  0.81866579002676609               18
  0.80036351576798048               22
  0.91662447432925642               18
  0.76044041161796427               18
  0.97790954346082648               16
  0.72705142951497692               18
  0.94579380997921025               16
  0.99766378471305606               18
  0.78968953389517138               19
  0.93657925547824217               19
  0.97458428710269585               17
   1.0394443592996008               19
  0.73674599769514948               21
  0.94144114058825379               21
  0.80504394002676960               20
   1.0898654286499880               19
   1.1254536306528335               16
   1.0977774230714137               20
   1.0502487156798261               20
  0.97972148018815908               19
   1.1504750166853979               13
   1.2381530686235791               13
   1.2845012413895482               15
  0.99623441665441637               19
   1.1914852011612533               16
   1.2680926613897494               15
   1.1475268720669711               15
   1.2768008297379023               16
   1.3424379597401346               15
   1.2100218517411911               15
   1.2139115389114050               16
   1.0976644422165260               19
  0.94277757828179654               16
   1.1378280219046999               12
   1.1796957338315275               16
  0.95903787862340772               24
  0.98144819181768983               18
   1.1250849819845246               19
  0.91263849588376666               23
  0.91358664842799409               18
  0.96580628028966131               20
  0.97285072223047431               19
   1.0061607777246684               21
  0.87533411222254776               19
  0.87794465882494443               19
  0.93153161830410813               19
  0.92220622202601144               16
  0.95355078257871695               15
  0.89526643303920972               21
  0.93651647772125957               17
  0.89215426495533467               21
  0.82864004832312965               26
  0.94529867811148338               17
  0.89401965657717430               19
  0.88801681240664587               22
  0.85080740169844904               21
   1.0162113579125851               19
  0.90285051035326969               20
  0.71169034356791350               16
  0.85705384392293971               22
  0.98387356779115109               19
   1.0620708769741252               21
  0.93439044662976212               20
   1.0297298905799632               18
   1.0241105855420225               17
   1.0406413054968007               16
   1.0272869478650333               19
   1.2277577126142372               16
   1.2188440304411385               13
   1.1395212712572040               15
   1.0851558996934472               21
   1.3145762008705191               14
   1.2091126339426466               19
   1.2769132255889395               17
   1.3407527935355770               14
   1.2549575569024920               16
   1.2259995125064838               14
   1.1428782428068123               22
   1.1983050183991937               17
   1.2144316527183912               18
   1.1593322029339987               17
   1.2341111396939792               15
   1.3416057034045770               15
  0.94298437295087711               19
  0.98368527040883291               18
   1.0806030077117261               14
  0.79824837850001817               20
   1.0183344813638375               16
  0.95572975974653140               17
  0.95595009350330873               20
  0.92881016724308374               20
  0.95877187088441762               19
  0.68432826684722381               18
  0.96558874316832721               16
   1.0678411457170172               18
  0.61464104562511279               19
  0.38465758803034922               24
  0.91670233125631329               21
  0.99320249670405569               19
  0.96942802747917600               20
  0.89797486643980495               19
  0.75835230377988949               21
  0.94908922640838089               18
  0.80852489350312007               18
  0.90830855050542791               19
  0.63604931847117374               18
  0.75849527851890286               21
  0.87693522168723648               20
  0.82326058149350101               20
  0.86188935258884714               23
  0.82314695203564159               25
  0.82804302437347321               24
   1.0300909243657619               16
  0.66423902144301206               21
  0.95508388837713520               20
  0.96343327462146988               18
   1.0020594396266871               20
   1.0511095359216425               19
   1.0628763710569835               17
   1.1282004623281490               15
   1.1363262899454827               17
   1.1306949322339184               14
   1.2645189534445640               18
   1.0918128390927360               18
   1.3157034226645175               18
  0.93154132385090505               21
