   1.0235758362582421               21
   1.2341476717480451               16
   1.3313237241690421               13
   1.0372158635119635               17
  0.90150710892725883               21
   1.0312831602853907               19
   1.0189223377683383               21
   1.1480745622051041               15
  0.53671168258871371               18
  0.94278958846540029               22
   1.0597565479608733               20
  0.86872572650399815               19
  0.85674875239757675               21
  0.91630732602091525               20
  0.77664586817749459               21
  0.77829764160611692               20
  0.77985000340261534               20
  0.94186784624405018               20
  0.86510428454672583               19
  0.95302389896064676               18
  0.68007914143518644               23
  0.46382021183095390               20
  0.81494006393540519               19
  0.60804365640575253               18
  0.92385923977940587               21
  0.92145341024147887               23
  0.72722144663367949               21
  0.95315036148433996               13
  0.98702909845196962               20
  0.82240543215397988               20
   1.0539885702478473               17
  0.65907382365904643               19
   1.0581983150549907               21
  0.88807806075569795               20
  0.59569412671691158               19
  0.90465494880834207               23
  0.36177233975538481               20
  0.90498836086517198               23
  0.89495835658314515               19
  0.97840063243895503               20
  0.98910938777023305               22
  0.66490400884849987               21
   1.2203660784769748               17
   1.0882586313318241               16
   1.0676645612871589               24
   1.2156590498127611               18
  0.86470648567244524               18
  0.84959846491394031               21
   1.0464372495018404               19
   1.0987190326507781               14
   1.1857343192849816               18
   1.1154886117362035               16
   1.3170903733871673               15
   1.1430088370827221               17
  0.87990017022036671               17
  0.83823539567008143               20
   1.2327357684000688               16
  0.93116521301685162               19
   1.0826604262367412               20
   1.1135529359453338               14
   1.0317598515341346               22
  0.79042227506545226               19
   1.1238306476679996               19
  0.99772862378874139               17
   1.0381032961360006               17
  0.93820154595172056               19
   1.0943458082066768               16
  0.67359551645452864               18
  0.72803620098678179               19
  0.83217244457966311               21
  0.87225305732885550               18
  0.98028985774117872               17
  0.72115786626114531               24
  0.95524114305128982               16
  0.92272307479390692               22
  0.92466130091952081               18
  0.87706167544466507               18
  0.69706853639371968               17
  0.85176143066357202               23
  0.99402600848074996               20
  0.86900417753147019               17
  0.63677993938928645               20
  0.96622464491405380               21
  0.93603698164695059               19
  0.89017560992601896               25
  0.95540129062460821               18
  0.93856355279341375               21
  0.93231322447491816               23
  0.88131467315306877               18
   1.2107503800255759               19
   1.1395830651116010               14
   1.0290300011441151               18
   1.1666100068946008               16
   1.2751476291264567               17
  0.98261151837957705               16
   1.1912367540311237               17
   1.2419908236789299               17
   1.0741568473098448               23
   1.2856474427355871               16
   1.1085692687327739               18
   1.0967079512421405               14
   1.2127122679434634               18
   1.2451566936537639               19
   1.1837910496886515               12
   1.2726267063956900               16
   1.0877620539455135               19
   1.0077075754088318               21
  0.97024794616933596               19
   1.0086929294751446               17
  0.97261216025930708               21
  0.88281464589226644               21
   1.0675874921741904               17
  0.71180568366079289               18
  0.90100991637971339               20
  0.88881445778462576               17
  0.94403747935436289               14
  0.72245184770546278               17
  0.92161943573015870               16
  0.94845474218490244               21
  0.76887967187619910               23
  0.87568921052643345               21
  0.81275814250495049               19
  0.85341491003500980               20
  0.97700828389012873               19
  0.68582571047025298               22
  0.69449606791472751               19
  0.84704422987367600               19
  0.85778501801381923               23
  0.88268486551812375               18
  0.55667344774303451               19
  0.82570941819335197               20
  0.95788942857861792               20
   1.0592408934792510               14
  0.66178865473622783               20
  0.85915601317911616               20
   1.0837227256828428               22
  0.87749227795898799               21
   1.1556988911421453               19
   1.0437811128575463               18
  0.90502638381689793               21
  0.99907269062547632               22
   1.0597816346764262               17
   1.0450977984604530               15
   1.0951228986690904               21
   1.0601682225466469               21
   1.0761622998576870               16
  0.97379126813318273               22
   1.2778690621362736               16
  0.99842270434286229               16
   1.0301049632983472               17
   1.0298408192682971               17
   1.1162583313388932               21
   1.1722904352246295               18
  0.91029538286681688               19
   1.1205082138050781               19
   1.0705277888648252               21
  0.92631221331488944               20
  0.86384748066646500               17
  0.94292052617124955               19
  0.72238099062019456               19
   1.0044051482596241               15
  0.98663228616584897               17
   1.0467422813650991               20
  0.70870619126896139               20
  0.60485509262376647               19
  0.93789593966069129               18
  0.93207695241095823               18
  0.92568037664599334               23
  0.95913511144220331               15
  0.71863122379915545               18
  0.84997988039698180               17
  0.73852460009613718               22
  0.89677138536136169               21
  0.51055567805632096               20
  0.97697710047916542               18
  0.58768631668205562               18
  0.36274776483051702               18
  0.59479042208225774               18
  0.79826850896191359               22
  0.94526973256944535               18
  0.61175685483926612               17
  0.81008978494244588               18
  0.82010693030664439               18
  0.69526188764641395               17
  0.39373677064583079               21
   1.0102925961651623               15
   1.0089181523707274               19
  0.99678928901395836               21
  0.48911468854353934               19
  0.92260315595417242               23
  0.88781884827304713               17
  0.84212933452147087               17
   1.1542050408718132               15
  0.95245416929340010               20
  0.99288600625764833               21
   1.2046421096969644               17
  0.89488046877898109               22
  0.92800220524527877               18
   1.1147036162546675               15
   1.0855751718769038               20
   1.2359030195143264               16
  0.66500525892769269               20
   1.2472009050769060               15
   1.1959845425010625               17
  0.66053196967320893               20
   1.1094397164129084               15
   1.2096590262875717               15
   1.1466682552629810               18
   1.3605269696617293               14
  0.98571842327676440               20
   1.1229870398013773               19
  0.66259453319068573               19
  0.86864201320317869               22
  0.60388260037276853               21
  0.82303866865430708               19
  0.81420184849365351               20
  0.76682641774497751               20
   1.0016848209361957               20
  0.90182144993140256               16
  0.80467382011483957               20
  0.80112143323884899               18
  0.65096114146091799               16
  0.83798495228076553               18
  0.81455515456734773               22
  0.59344036479637396               23
  0.93546249697874739               22
  0.82218116637006278               18
  0.66333545776195835               20
  0.94442895509126579               20
  0.95483810640106048               23
  0.45275761014811022               21
  0.80080439869775422               18
  0.95339266645878074               17
  0.82827820278934461               19
  0.72551744328847234               19
  0.62340948937294005               18
  0.71334268957920599               19
   1.0037488655182989               18
   1.0895276758841814               15
  0.73240350382140640               20
  0.78914246214293282               16
  0.89104551386632758               21
   1.1113776774725217               22
   1.1773525923580836               19
  0.96788601079714198               17
   1.0847406951890060               13
   1.1331083177587846               15
   1.2288655914661204               14
   1.2628319697268684               15
   1.0405168936408296               18
   1.2281165752167542               16
   1.0663228368712319               21
   1.1377711694150066               15
   1.2102452769499401               14
  0.98742517263941609               18
   1.1049156149818844               17
   1.1878095810324620               18
  0.76002167881531857               19
  0.87611080094753813               16
   1.0369102869964146               17
   1.0365323982122308               17
  0.86794853638119340               18
  0.95351444767127636               20
  0.85821331323824823               17
  0.78832002631651488               21
  0.87912277728597576               19
   1.1852279743832179               15
  0.77106496112201017               18
  0.91694134364866231               17
  0.79539557076928524               18
  0.95876809071385172               20
  0.33904108420771223               20
  0.56977134547523778               20
  0.95424095374533524               24
  0.11108100992042386               20
  0.87328870706701422               23
  0.40235476238348217               20
  0.98089870081756692               19
  0.39845483220929157               18
  0.68787612678860932               21
  0.76849428968310440               19
  0.70843276021188673               18
  0.76144397077557058               17
   1.0433918351912990               17
   1.0565862890915279               14
  0.57877743966008732               21
  0.77878039010042566               16
  0.97255336059856934               23
  0.56289049783539757               20
  0.69994133423191074               15
  0.62632628921424904               17
  0.80471748081057615               15
   1.1936088842634434               22
   1.0792735056132892               20
  0.93981722618573504               15
  0.88807063949930798               17
   1.3133101486686938               14
   1.2015699894855612               18
   1.3303751757306521               15
   1.1523547220505537               20
   1.2660143549717671               15
   1.0233785353672729               21
   1.1189034938601008               18
   1.1416907157309364               20
  0.89337419816203389               17
   1.1122407952141571               22
   1.0892151466142719               17
   1.0308759828093812               16
  0.90156121203101680               18
  0.83646154626146707               16
   1.0011207437987057               16
  0.69197678725155454               21
   1.0219379183960642               22
  0.72686152210258681               21
  0.67793196247246024               18
  0.67227274952698957               20
   1.0599017205963586               18
  0.58049324843979255               21
  0.75271136106565117               21
  0.76384485546169345               20
  0.71790546136401101               21
  0.83592128053816228               17
  0.66536117725742139               18
  0.60670861528044751               20
  0.46745344564358970               17
  0.73153329649517651               21
  0.32516268772049395               21
  0.45472194621504830               16
  0.78983334046985754               20
  0.75019973377067839               19
  0.78156292146407280               18
  0.50729350381372917               18
  0.80258136837867933               19
  0.78400849652122040               18
  0.65519854534698652               20
  0.98295438901114218               16
  0.59813610977764886               18
  0.87580615200300782               17
   1.1583151346263643               21
  0.94892602428844230               19
  0.60068031464762872               20
   1.0243507475601659               20
  0.94603381582402035               18
   1.0223780070834150               20
   1.2004588826697531               20
   1.3453250030579904               15
   1.0061140592988485               19
   1.0400400574261230               23
   1.1111641370044574               18
   1.1785735648619082               15
  0.99472157429384855               22
   1.0612833066726779               17
   1.0738138539753961               19
   1.2655429155982365               17
  0.73654338641702477               19
   1.0797107239969093               17
  0.54677528017490640               18
   1.0271295112101539               20
   1.0135102933829947               16
  0.54094403112161116               20
  0.68056681002540664               19
   1.0984370157532126               19
  0.89589570786455563               22
  0.63290958931923580               19
  0.72979166079319846               18
  0.77732015406393151               15
  0.57922555033632983               18
  0.95928945541644006               16
  0.90511398084906181               14
  0.94170684649082648               15
  0.77556256993636330               19
  0.94956918170637439               19
  0.88351035261546762               22
  0.66922804885258314               20
  0.42430953146740341               21
  0.31350981442588355               19
   1.0019949984889980               16
  0.59529423511705615               22
  0.48789341174831080               21
  0.72647950859662935               19
  0.68286587912050489               20
  0.54503309430847424               18
  0.85823001055471348               22
  0.67035157304465842               20
  0.78570978055470697               21
  0.58591568777579306               18
   1.0084400363705528               22
  0.71283886772439276               17
  0.92709231273068682               19
  0.92508005378022962               22
  0.90573964468187795               21
   1.0952140603991503               19
   1.0140595475198897               19
  0.73768515351272845               15
   1.1538896380516814               19
  0.96401946426794272               16
   1.1301029021418565               20
   1.0132918909252737               21
   1.2087755093008472               15
   1.2516948504850807               14
  0.97778632083700845               21
  0.92201534483258529               19
   1.0879692547431838               16
   1.0869252915997571               15
  0.83043528373048270               19
  0.94340557004821768               23
   1.2731259296824078               17
   1.0013848363774520               22
  0.57956361264274769               20
  0.81238789335539152               19
  0.83437114570378479               17
   1.0539280965501689               19
  0.68574271809803111               17
   1.0321280185690340               16
  0.76739613673012286               15
  0.47007267399654079               22
  0.72031365000033520               20
  0.84431533146093396               21
   1.0437049592239340               16
  0.88961587917012930               18
  0.77622982811892627               18
  0.77305107368578185               20
  0.59081693754885278               21
  0.46622825573064353               20
  0.52450842004946563               20
  0.75110016965627924               19
  0.47198284659360051               19
  0.64527895902831367               21
  0.36118423247497916               18
  0.53299647311063114               20
  0.75197109685040253               20
  0.45041412522912933               20
  0.56479428793047692               19
  0.57578665363482018               18
  0.48028218916200416               18
  0.97859765152733491               18
  0.64204855812451489               18
  0.77661663538110737               16
   1.1119222584863444               18
  0.88103537315772917               21
   1.2066683172080321               17
  0.99212218856650236               20
  0.76233741912754549               17
  0.92725406134820987               19
   1.1458174835517014               20
   1.2481973107123241               17
   1.0236090120251446               21
   1.1297096239670843               15
   1.0428156313061621               18
  0.85862044644577129               15
  0.90094149874914808               19
   1.3177856149955167               15
   1.3001176437613240               17
   1.0204205041612238               21
   1.1465724923025300               14
   1.0056175084557788               19
   1.0425766669675804               16
   1.2869212991628078               12
  0.69633731461431925               20
  0.82301177069334086               18
  0.96428034871151680               19
   1.0099859786835403               21
  0.76370565660673972               22
  0.69786376032607222               20
  0.75730592431616717               20
  0.95551701485322360               18
  0.47559854158188775               19
  0.41701152384322704               22
  0.79849560955050902               18
   1.0059640111543364               16
  0.81627360625275147               19
  0.81598870554633107               17
  0.47688470233214098               20
  0.34802843528284699               24
  0.48896658484527933               19
  0.58705856006719426               20
  0.66045978967826158               21
  0.86849383811581737               20
  0.68465175448146731               20
  0.45566022047164384               22
  0.96235041359239348               21
  0.71027591468355444               17
  0.75000185842248457               21
  0.97549839588463094               18
  0.71512944092271213               19
   1.0320617758561528               22
  0.57341024480199843               19
  0.89813135060781479               19
   1.0859478991323475               12
  0.91361125582981262               19
  0.58074478427180753               18
   1.0398691565640936               17
  0.72337547727948626               19
   1.1600084633872991               15
  0.95473922201066452               20
   1.1589799985076636               16
  0.87484888646133485               17
   1.0745427418466020               18
  0.90846234157110084               19
   1.2238585215076678               20
  0.86066476413951520               21
  0.88578999100387934               19
  0.97666105704362904               21
  0.95164346108984843               22
  0.72558665559503099               21
   1.0518282597395894               17
  0.73907993828259655               19
   1.0005940193271230               17
  0.95504728669272698               17
  0.96119272543028467               18
  0.94703606331080692               17
   1.1810610196550393               20
  0.54206963838572575               21
  0.46445674064072978               20
  0.31322819205607116               22
  0.84789109608750302               20
  0.80581454575830902               14
  0.68514354033474367               22
  0.50989732480292438               23
  0.50972626647232155               20
  0.82750908203577700               19
  0.76751230268142012               19
  0.72413923356514542               21
  0.40481342885567712               20
  0.69319811920937202               17
  0.32516620240670430               23
  0.92883928425416284               25
  0.75102475643057620               16
  0.48976706714409740               20
  0.31137617317703087               18
  0.70528199425323446               21
  0.95176878522134856               18
  0.88460748585518700               21
  0.77664605380679896               19
  0.82338250501545884               16
  0.85759832240317357               21
  0.79902570996595357               18
  0.57971396898060445               20
  0.66015495998533213               20
  0.60202924647437139               18
   1.1118925624183820               22
  0.81382264610106836               19
  0.78991864476561957               15
  0.70391324522152587               21
  0.92533748423737827               19
   1.0425246666900492               21
  0.91207990302203101               19
  0.96783894004540150               20
   1.1596821505977459               21
   1.3082108913824249               13
   1.1748598506786947               15
   1.1464061352280870               17
   1.2273421338078694               18
   1.0892825887243973               15
  0.84380169882658906               19
   1.0449814161777720               16
  0.72047350155565748               21
  0.90756504631868018               18
   1.2362290075737299               17
  0.87538675979386649               18
   1.0245920523183911               19
   1.1137289411549507               15
  0.38424225816542473               18
  0.79448707921197914               17
  0.57099386553782849               19
  0.72473496516916902               19
  0.92111370710618246               19
  0.64880668355319948               18
  0.80940613250499316               19
  0.32473130876915735               21
  0.49645967498914823               21
  0.66601248296125604               20
  0.51218070820242734               21
  0.67240813093600138               19
  0.66283619281182271               20
  0.46907034330716879               17
  0.48782266116726131               18
  0.30337561283582365               22
  0.20374144636379837               18
  0.53212540574721690               20
  0.49394469473541397               17
  0.67966691608154617               16
  0.48579696217303586               18
  0.96210529782295229               19
  0.53235936173888532               20
  0.85928215176070999               20
  0.87462235426566526               18
  0.92076819326354853               18
  0.95630479710255623               18
  0.91969966676957071               17
  0.74669423024742787               18
   1.0057516361598138               22
  0.81074020094721810               18
  0.81923552360832019               17
   1.1274783653477680               22
  0.81166782319150155               17
  0.76039369654660327               21
   1.1612712510243413               20
   1.0971595314869123               16
  0.94774756168682850               20
   1.0111599331102163               19
   1.1548030032228533               13
  0.87879191430992076               19
  0.85914713111112739               17
  0.93107341655566256               21
  0.95996081582644122               18
  0.79932264589057134               17
  0.84193033207323953               21
  0.58376754421624744               22
  0.80785255218552299               21
  0.84236282560382780               20
  0.83810926343425951               18
  0.71632570831912201               18
  0.90566840718096153               19
  0.63280514522639153               17
  0.42422540732082453               20
  0.73627202872176700               17
  0.33755403493365066               21
  0.48424321493954320               20
  0.52864839969360533               21
  0.79208405302709872               18
  0.40351673159361495               23
  0.57808663982232100               17
  0.42689891573773464               18
  0.53987533919588293               19
  0.62450477343757493               22
  0.30227420871739569               22
  0.33267342235495806               18
  0.79274526267387013               18
  0.46603534851503037               21
  0.70133998558659105               17
  0.66664966595657349               17
  0.62740961785542992               20
  0.54572487108612810               21
  0.65026989786751466               19
  0.61308776455475267               20
  0.68552510237366304               17
  0.90503210713403048               20
  0.49851447565782747               21
  0.87075206789122639               18
   1.1366892440796494               21
  0.72352027342303726               19
  0.71260972980401116               17
   1.2771021772740478               14
  0.57720511078631020               21
  0.67993338729047059               18
   1.0811199598549999               21
  0.81358672398550835               20
  0.90397484399649430               19
  0.79524184285547472               16
   1.0398036194346620               16
   1.1882888436455361               19
  0.87533503617603847               15
  0.88799095339824130               19
   1.0042339226527843               15
  0.69451775224450907               22
  0.90137916381903926               17
  0.96914937106169763               14
  0.60901859122657453               20
  0.99543861103494113               19
  0.31854219064390688               22
  0.46256769005094256               22
  0.64229860381655823               20
   1.1411637394180554               16
  0.60152041529135092               21
  0.81058207305352714               20
  0.34294591175540823               20
  0.53414269462865493               21
  0.78221137984726263               20
  0.68021058827547443               23
  0.36687436307652305               21
  0.29952721949607819               20
  0.51739413429666037               20
  0.32478472399325886               24
  0.52280468438715166               21
  0.83721095486210551               18
  0.67391864057599693               16
  0.20023188575174627               19
  0.25707400659478230               18
  0.81024555156388089               18
  0.48304838343390977               20
  0.35164830831587973               26
  0.75397032341552850               18
  0.53677868617489111               18
  0.58789844056096185               19
  0.96815316225218884               19
   1.0097279287790177               18
  0.78624524267074791               20
   1.0059347487079608               22
  0.99832668459992757               19
  0.60258848848030100               20
  0.91536059378490986               18
  0.83750669793139187               18
  0.98584756181710120               19
  0.76145143408174920               17
  0.72363605896071326               21
   1.0759327454806171               22
   1.0459465773679797               20
   1.0443622824073668               16
  0.84894598772686813               19
  0.97950872967531055               20
   1.1951197959461399               18
  0.98654452416231464               17
  0.74509562801066687               19
  0.90400811954052096               18
  0.97843534768315510               22
  0.38849456700034574               19
  0.62409222996874780               18
  0.76930163049083389               18
   1.0828724227365694               18
  0.69926605058692415               19
   1.0425322838436619               16
  0.58188180426588765               20
  0.64211476769619658               18
  0.87354258985702493               21
  0.54062064775836138               24
  0.67499611383685931               21
  0.45524270302486819               23
  0.40022065138543689               21
  0.71381950526681515               20
  0.43535370048630923               17
  0.27227911527860804               24
  0.55373518491124585               17
  0.63735413144661301               21
  0.15666114097446454               20
  0.53746989238122789               19
  0.66983182674142849               20
  0.29104012050271733               18
  0.52980999367011061               20
  0.31323550742012224               20
  0.25538412975601166               20
  0.90128412109400968               17
  0.44307106579666522               23
  0.46923685231631063               18
  0.76631178766362251               18
  0.90624865727131876               18
  0.40645581397899777               22
   1.0271043870792114               17
  0.66587510541664008               19
  0.65312030121273701               20
  0.47555217364996438               20
  0.99489157646174353               23
  0.89587184894374883               18
  0.75235203330335854               21
   1.1756102047671986               18
  0.68825957547376959               15
  0.92938107768623379               19
  0.98082087099648452               18
  0.85949259727749905               16
  0.73027488250045325               20
  0.94830823361760652               21
  0.99241371958102331               19
  0.94404461574355281               22
   1.0118398019594683               16
  0.91483934405218936               21
   1.0441435577370106               18
  0.66901716927113797               18
  0.72344501729010235               17
  0.51957167777078717               18
  0.93590198765717969               16
  0.39879618223064855               18
  0.59648666810125717               20
  0.87830498632624832               22
  0.60695031686900547               19
  0.54902958433974758               18
  0.51484517197658675               20
  0.57218800663503289               19
  0.82102291239281255               20
  0.34919514006181035               20
  0.37327840461272804               23
  0.60560531375770799               17
  0.31026227375125948               21
  0.40416680114407227               20
  0.49436514029257628               23
  0.70158348706841611               18
  0.35443627394391619               21
  0.39905072548258091               22
  0.36541243669628110               23
  0.84462504223965829               19
  0.46153393804892723               17
  0.44598779791124132               19
  0.75779424454274957               17
  0.60649303631820006               18
  0.41790353240009859               17
  0.46109296464314958               19
  0.54139234781910628               19
  0.67878279309743939               17
  0.63142354191748440               19
  0.74080821330911450               20
  0.88317455605375883               19
  0.85327442614792937               17
  0.73371969862277941               16
   1.0062646290273414               15
  0.45916501101106072               21
  0.36960179925947156               20
  0.86347330470002159               17
  0.94805399074958763               17
   1.0133586814553488               18
   1.1052862751127557               17
  0.81578807634026718               19
  0.77939530211221608               18
  0.55057666082967571               20
  0.88857696421736654               23
   1.0396534262513204               19
  0.97685223778956798               19
  0.99866274663688404               20
  0.49773849337567527               20
  0.86240261264890783               19
  0.63413383044178662               19
  0.82574460370514080               21
  0.40331824583846781               17
  0.52993398629682364               17
  0.40026505374903842               23
  0.52482826573966834               22
  0.59517653669395931               17
  0.64649891150645622               20
  0.35471149049221978               21
  0.64563919630625055               19
  0.47790959226286056               20
  0.46613404204325914               21
  0.20648498695534340               22
  0.10444291775352892               19
  0.40716843534440217               21
  0.16787308552166802               19
  0.49680729102787746               18
  0.41455243133538416               20
  0.43242117952851061               19
  0.37854448132591345               19
  0.25557529761736769               21
  0.18416416656767429               19
  0.34322152900774333               20
  0.83093723765400096               14
  0.24909050703321922               22
  0.67978704711531523               19
  0.64983345224132205               20
  0.52715551046947962               20
  0.52665596003377468               18
  0.92063001976624081               22
  0.42144755938922213               23
  0.62564498858194451               21
  0.45210049762646154               19
  0.93691893109584812               21
  0.83761987335905208               22
  0.83768628797523725               21
   1.3462261273635416               15
  0.88323443529142620               21
  0.76132315312908261               18
   1.2814316069757770               16
   1.0615450473454735               16
  0.90863047657675911               16
  0.92404072320380681               21
  0.96719890286163324               19
   1.1180948878876589               16
  0.52317242303936229               17
  0.72507981922354536               20
  0.65243761900636754               21
  0.74790327107196941               20
  0.79880983152517482               21
  0.75477241004537976               19
   1.0092789042834709               22
  0.77483173702023844               17
  0.37493373368715072               20
  0.59787616584787384               20
  0.21098868583573291               19
  0.74456775172959055               20
  0.66554500226066038               22
  0.44250081235026817               19
  0.62242925834469964               17
  0.46832534277648730               22
  0.26896386936527528               24
  0.48864069524958531               20
  0.44332356750823093               21
  0.26648546777044085               23
  0.14678518243080427               19
  0.51762381524416679               20
  0.56802791521068696               19
  0.12777736677289728               19
  0.65190810021707446               19
  0.65966589032804313               18
  0.52833405984897586               20
  0.42088944521500271               21
  0.34339711321911676               22
  0.73469141021399964               19
  0.50402261881747690               21
  0.94264415275924340               17
  0.85459095473144053               20
  0.39350180394649392               18
  0.57843286087160051               18
  0.70906219700428064               19
  0.63659044464936709               19
  0.91870019622492327               20
  0.87604463734112126               17
  0.73151651699785436               19
  0.95653861011694086               15
  0.67203954109813691               20
  0.70605986520675246               21
  0.60599163644935605               23
  0.86370312948016426               18
   1.0028775657678719               18
  0.86304538114204732               20
  0.99265332973777820               17
  0.88581436279541848               19
  0.68602848984591946               18
  0.98254491667120858               18
  0.72625299507536756               18
  0.78351900970737398               20
  0.86888155818783230               20
  0.71751407199906458               21
  0.73905480316719818               20
  0.72297324082343806               23
  0.35142432518363714               22
  0.52223401426599148               23
  0.33631467265041970               19
  0.44692604709413858               22
  0.40737453314453126               18
  0.64982199721217748               19
  0.26408655176362589               21
  0.31565386671138895               18
  0.20802003150004250               20
  0.59344578932278202               19
  0.67101505389420868               24
  0.15114889203773660               18
  0.27638706696019688               20
  0.58245235928492756               19
  0.40530399707656689               19
  0.22795444432676087               18
  0.55060693553445317               19
  0.31527930190599929               23
  0.44878310763929341               20
  0.34903405957272587               17
  0.14561510605713271               20
  0.28798200307608035               19
  0.83625349935029281               16
  0.62933177636085491               20
  0.43672825188422421               19
  0.23507331177431148               21
  0.47275738672591922               19
  0.35571746058310616               20
  0.76241436799376616               20
  0.93925632943964987               18
  0.74397966611920829               20
  0.75706566722617596               16
  0.95281998309592653               17
  0.67930326441400402               20
  0.93097746399106962               19
  0.91869755168227762               17
  0.97017397040144926               19
   1.1676473057375818               17
  0.94334741332483230               17
  0.67300575541536034               22
  0.66025972127971022               21
  0.77250121497059587               16
  0.72422342313589994               20
  0.99321947050642401               17
  0.83691880081628089               21
  0.83751418845862691               17
  0.93947611047332324               17
  0.44092065626547317               19
  0.69952539378321421               17
  0.79978570731390342               18
  0.61872521111738932               22
  0.64250028202730225               22
  0.84028654881471732               20
  0.54851349132681904               20
  0.51830822569810897               17
  0.62471010739233801               20
  0.63648359526936449               20
  0.43540171459763044               19
  0.15191741851777593               18
  0.18181215699169184               24
  0.49504916485277678               20
  0.58481061807245172               21
  0.36621767247479525               20
  0.47903668058464943               17
   5.9705892849602378E-002          18
  0.32229870005902905               23
  0.53922307531891345               19
  0.42048579569335587               20
  0.28202364667175028               17
  0.18126393299117965               21
  0.23969143653467051               23
  0.66809316202229574               20
  0.55105080570591836               18
  0.98450731497921107               19
  0.61286444200310253               23
  0.66740696032569846               18
  0.91445355509053750               16
  0.90047814508325663               18
   1.0065518169828713               16
  0.81103617305903830               18
  0.80622975316969381               17
  0.76863706699212520               16
  0.91921837629152636               17
  0.79146214707904550               19
   1.0735514209307266               16
  0.64300048408246635               19
   1.0312098649346848               17
  0.85730337735523909               18
  0.81098581528284253               18
  0.57104851112110955               19
   1.2023330261502925               16
  0.74787434495045402               20
  0.94179008235935713               23
  0.89301772629045917               16
  0.66542212622773700               19
  0.98745630944754748               14
  0.80560472809588268               21
  0.81211280373109640               18
  0.42029943836734224               16
  0.46520070068007641               20
  0.57450581152150171               18
  0.28074703876175355               24
  0.57247827037535659               22
  0.66272080277066148               19
  0.37452912619381457               23
  0.67610470308012305               17
  0.42493490861547750               22
  0.31797601101689194               22
  0.22485745790018322               20
  0.42123988945239937               22
  0.56416102429467663               20
  0.23329015954027194               17
  0.40679093390785437               20
  0.38832244119900838               22
  0.26149812903406838               19
   6.3042802977294671E-002          23
  0.40205689082037177               22
  0.65460707657694850               17
  0.30482263098793255               22
  0.31501573602738292               20
  0.59292921148696209               18
  0.35869874669437535               21
  0.55354657091049231               20
  0.24164968209035695               19
  0.61608428328726705               22
  0.51051022190878781               21
  0.63974618362415969               18
  0.32213141679681290               22
  0.72112419513879455               21
  0.55689374096625033               21
  0.86184953273856879               18
  0.87093881110384430               22
  0.73332449167641656               24
   1.0341005529282035               17
  0.85564383802779298               17
  0.62134892586331492               17
  0.96783937854688085               17
  0.96897061999297152               17
  0.96566198776344980               17
  0.84944744791242033               18
  0.59941244254455428               23
  0.83482259345744236               23
  0.80078475510973190               21
  0.76973295758237381               21
  0.95550501891861461               18
  0.48065356177092083               21
  0.62277377321584315               22
  0.31864822708327672               21
  0.59681088476763433               20
  0.35643279329319655               19
  0.53240651156853480               24
  0.30032431634936035               18
  0.50922697954591045               17
  0.85060128791442779               19
  0.60991542502794061               17
  0.30938856114940971               18
  0.50145642815471492               22
   2.0527165116031743E-002          19
  0.46357058381187599               20
  0.17831612703670291               17
  0.10706580365560678               20
  0.37627838033382888               19
  0.18667594969639698               17
   6.8980693682443389E-002          21
  0.22966745816266171               21
  0.57959149232896268               19
  0.31311159942291739               21
  0.28433141709773857               17
  0.22759837481813189               20
  0.17248368511325757               19
  0.82974812181637914               18
  0.40204825016345414               23
  0.33761856841970217               21
  0.55902765817806765               19
  0.48711877881420185               22
  0.60851088645375506               19
  0.66512889524082064               23
  0.53065405877330196               17
  0.64249334847224837               22
  0.50616649944770986               16
  0.58411411919717948               20
  0.46920198177445449               18
  0.69121772135064952               24
  0.69528580266702866               23
  0.55719873656924590               23
  0.93985019495086464               18
  0.95602822887606143               17
  0.86028149180004443               18
  0.94870939460889070               18
  0.84331529310578135               20
  0.95905500913075503               18
  0.87272295231165220               20
  0.68703597449382336               20
  0.72150031715291163               20
  0.78146425830611155               20
  0.54541769381145944               24
  0.94893264811500733               18
  0.86847898309887628               19
  0.61008370983009486               20
  0.68520644575079503               20
  0.72762790746225070               17
  0.60666338735101422               18
  0.46400876785300976               19
  0.85949484695693223               20
  0.67684416567018191               21
  0.30248343896897339               20
   8.1312420103915720E-002          20
  0.19166180427833338               21
  0.20281830789292574               19
   1.9203709142847851E-002          19
  0.24966467623670571               18
  0.40049862988281515               21
  0.48151662354084801               18
  0.26168490038425135               18
  0.60442102303969558               20
  0.23360309454667846               20
  0.25791415175495147               21
  0.36515473216835714               18
   9.8972727431132002E-002          20
  0.34592349486079638               25
  0.11298222548387114               20
  0.30746075638836223               19
  0.37602299965263797               20
  0.35425109217314715               21
  0.45364021887031580               15
  0.38760680520812835               20
  0.29992816443990727               22
  0.39940011322873809               17
  0.93582504564418012               18
  0.48976588599123505               23
  0.42915954095783859               19
  0.74998331913136207               18
  0.88611553901709506               21
  0.87397845527426787               18
  0.57736571566119299               21
  0.84016687880961216               19
   1.0097468840542982               15
  0.86523898255689280               22
  0.79556707783216962               17
  0.96057970327824049               18
  0.61342836920537758               20
  0.55573809552957887               21
  0.86879699704010793               19
  0.76334500250328108               19
  0.81183730019929445               19
  0.31887853706300084               25
  0.97044205400176298               20
  0.73010223286207276               19
  0.86092669432186841               19
  0.88830243205840942               21
  0.28424691278233499               19
  0.88258428516791654               20
  0.67089771847737989               18
  0.95663513424162783               15
  0.61360802508109424               18
  0.36537106930149832               19
  0.45184613437005594               23
  0.50835015503051439               16
  0.39782616657944980               20
  0.49617494176107485               20
  0.38335144586625003               19
   8.7822814244748026E-002          20
  0.15304712401404461               23
  0.15734145971534785               17
   4.7328603827904138E-002          17
  0.21335674238909788               20
  0.25088302259266732               17
  0.21859837608706398               22
   5.0954262383037366E-002          21
  0.25272125038112858               21
  0.28305074569695282               21
  0.26473999860687858               24
  0.41745395145749853               22
  0.56554610082050782               16
  0.41096616462147512               20
  0.46232142376659585               18
  0.49343647010595582               15
  0.46841525525426170               19
  0.55351852856690009               18
  0.56395316719487776               17
  0.53602706828929392               22
  0.50500280650017149               21
  0.65555824152050579               22
  0.81048908362855787               19
  0.78354777588899915               20
   1.0763825380650847               18
  0.85268076242144408               20
  0.85873420626254782               21
  0.93682869763497545               18
  0.66372150951408126               18
   1.0860828674058451               17
  0.91760906991884339               20
  0.89151077984029892               18
  0.72022912512091475               17
  0.85167284376526697               20
  0.96498885637979381               18
  0.82526293870949730               21
  0.77844806192723348               19
  0.60982410066794857               20
   1.0351285603056335               17
  0.22518165049108818               23
  0.64924142951141917               19
  0.72815076598583750               16
  0.53773813811935967               18
  0.22856617971261636               20
  0.63416972587643639               21
  0.59517181450862722               19
  0.45979039679257100               19
  0.33820789620346731               19
  0.52249300419116607               18
  0.24195958681025354               20
  0.19238779402735656               18
  0.47493442299245281               22
  0.40459850085828652               23
  0.22927169091344432               19
  0.18454556808980691               19
  0.19719874926685976               19
  0.35205283810142646               21
  0.19307762331499911               19
  0.55979830692947397               21
  0.35959087129901768               22
  0.50287795551836145               21
  0.70997172034552369               20
  0.48594017965133385               19
   7.1085946792387944E-002          18
  0.48739031311930664               19
  0.40662116504764434               19
  0.64629523704624448               21
  0.76381966692643111               16
  0.64574945347784574               20
  0.32720524970694942               22
  0.69234601107762872               18
  0.90739082014147321               19
  0.82415400387774862               23
  0.78890162782896900               19
  0.78787175603890680               21
  0.72801601469727262               23
  0.63627820486553166               24
  0.95748259255868151               14
  0.66451818502582505               18
  0.93424389158615262               16
  0.73420921414438234               20
  0.86976778781786468               22
  0.96291180149478184               20
  0.96003785915736672               19
  0.61107310767422585               21
  0.60328948240228308               21
  0.64064634141234711               20
  0.82200452351312703               17
  0.44669496579386314               17
  0.36568021968897901               18
  0.52079004594376832               21
  0.50202130406990497               23
  0.79298761188491473               19
  0.23015334619315750               25
  0.60720722034675245               22
   8.0696033568155773E-002          16
  0.45107405309723275               17
  0.32704603304725194               24
  0.46464068221006438               17
  0.30942035050081629               18
  0.50958304471444482               21
  0.38346337013604326               21
  0.12612339999434038               20
  0.18679326609231822               18
  0.62663496958562259               18
  0.23854783921259431               23
  0.17718638264108291               20
  0.37625938588258512               20
  0.12372642288554071               18
  0.12613292571243581               22
  0.54912185712685735               22
  0.25891686067616948               24
  0.19448078040300673               21
  0.29313997014620602               20
  0.56756060010139608               20
  0.44540250536424930               17
  0.32418347866358638               22
  0.81886908483137832               22
  0.30094279035072535               21
  0.57480754192534744               25
  0.94750876248921301               20
  0.62375434677115726               24
  0.50074952494037106               17
  0.88780248041284049               22
  0.77783629915885200               21
  0.57122979080772962               23
  0.89658779195582150               19
  0.95886775052616491               22
  0.95526517674344424               14
  0.80440923915190954               20
  0.83724108963077626               17
  0.96571111228788176               20
  0.96567933820164631               18
  0.64175043722685532               19
  0.26207206503514119               19
  0.58967960571316480               20
  0.64163073489786715               22
  0.63946641314784625               19
  0.60054573407232925               22
  0.67056186662588824               17
  0.36678807641228095               17
  0.27061583046770649               21
  0.54430435201512162               22
  0.54751011200766153               17
  0.54592461898558509               18
  0.55567158226423141               23
  0.17645379608068643               18
  0.63255061360313569               19
   9.8003911887330042E-002          20
  0.10593996684890740               20
  0.23646004706105408               19
   2.6549355735566132E-002          20
  0.24707643902885371               21
  0.31100698160937795               18
  0.14496337736179379               20
  0.41025762401128518               17
  0.29292198861892926               21
  0.51776002916960107               20
  0.44640414818058194               21
  0.30986922262249528               20
  0.20688772537308300               21
  0.12737635459687011               22
  0.38504274101461639               20
  0.21116256708921424               20
  0.58760145663102414               24
  0.28071716362328047               23
  0.19932416405763578               20
  0.59548915741839448               25
  0.25978665953394597               22
  0.59132628543506205               22
  0.67685340579504971               18
  0.72174005093802518               20
  0.66030528905243546               24
  0.88705517020732205               27
  0.91442413184818905               17
  0.79094826152239861               17
  0.61367583063689557               19
  0.95391789573253494               18
  0.77935877201483050               15
  0.37191287083201047               23
  0.91891393567586177               21
  0.71252275884175176               18
  0.92137005891191259               18
  0.76786193540625658               16
  0.54669744869504888               18
  0.79527952035191118               22
  0.66950833391439757               19
  0.68297802282982278               21
  0.56683268201195192               22
  0.80314799231298362               20
  0.69706604375451242               17
  0.33418326806163295               20
  0.57911282139572551               21
  0.77931733548582804               18
  0.26260729951469647               21
  0.35913635931994503               21
  0.26281396517618949               20
  0.20176902736344673               16
  0.46283977377479418               19
  0.49193017493746688               20
  0.37446639050505792               19
  0.31119670907881070               20
  0.30926677636292610               20
  0.17518943565002643               20
  0.41218347349515855               19
  0.13986166697582644               22
  0.14408724144953414               17
  0.15801950673847770               18
  0.45973893392966675               23
  0.34372922003345252               23
  0.13271432343045378               20
  0.46058105088191253               22
  0.31247073098999473               20
  0.53694865231921640               19
  0.34139677764509596               19
  0.36178101201197760               18
  0.50434614374200071               26
  0.42234876106726227               21
  0.36690348605223266               19
  0.59016416283021722               23
   1.0896986688945192               16
  0.76849723871677877               18
  0.61262538395518285               22
  0.89451754715964493               21
  0.88268423313318412               22
  0.79822137780420332               20
  0.88840464082488624               22
  0.76828198819805127               17
  0.60986134752810461               19
  0.61399769519971314               17
  0.89149684974253829               22
  0.89475833837675556               22
  0.92515650615324918               18
  0.70549234984513787               18
  0.76026762837526141               14
  0.88768597698814611               20
  0.47457534882801461               23
  0.51617910016689084               20
   1.0043527709354227               18
  0.26003788413840040               17
  0.30290423836440927               20
  0.41360737556864297               22
  0.32858842811460076               22
  0.20494640685016960               18
  0.41087971518092470               22
  0.33407279077521723               21
  0.68620518076651316               20
  0.41353154096139666               20
  0.53283516983225232               23
  0.40392115041021498               23
   4.9264219221786781E-002          21
  0.20513394905250837               19
  0.14971155535145919               19
  0.43195737945103818               18
  0.25701543985331593               24
  0.29606178849152087               21
  0.18350161466697332               21
  0.23597285659005221               23
  0.37769453296336286               20
  0.10647395165534830               15
  0.43260611155036105               21
  0.25867520819718454               22
  0.42627182066426050               18
  0.11811304781883229               17
  0.50775016668590334               19
  0.18879197485565868               20
  0.36381812703203159               17
  0.47032261808912845               22
  0.52679859165105269               22
  0.53396756513575527               18
  0.33719862971639741               20
  0.67542929573828414               23
  0.82824112156134599               22
  0.67991031197798568               20
  0.95353610058185845               19
  0.88660149540145006               21
  0.91211847961505244               19
  0.66849286909791916               23
  0.71628590144113558               18
  0.84430618694003157               21
  0.81376742739639196               16
  0.70528900964837848               15
  0.60173280209814517               15
  0.79713890974540147               18
  0.85448165290790823               19
  0.67387888032665100               18
  0.84546908515610608               21
  0.75658246484364100               15
  0.71910665947806263               16
  0.89256219209670629               25
  0.68916841797236483               25
  0.51298872914567151               20
  0.63332431133380529               21
  0.11507484081882241               14
  0.39604102857780199               22
  0.34408637011808674               21
  0.37119128847575333               21
  0.62734608849333673               19
  0.47898253480204456               20
  0.40223098731507806               20
  0.17638517523342220               21
  0.31775484436211471               19
  0.47771674873341186               22
  0.36088527952656380               19
  0.28981083371419331               20
  0.21396449947699500               20
  0.32705109296173274               19
  0.55899960592223796               21
  0.18644785101668779               20
  0.47122118027550908               24
  0.55672188346030660               21
  0.28363429031677256               20
  0.36262005464094133               18
  0.33192544877294500               21
  0.51621351957778150               22
  0.48865962088847992               23
  0.84917720091647841               22
  0.27963130220074084               21
  0.81617224755876228               16
  0.85790864278716605               20
  0.70698328829172152               23
  0.94796759467781033               22
  0.73177326096624973               18
  0.80496565605741288               19
  0.75831187945515077               17
  0.92320769445407369               19
  0.82201709887783003               20
  0.99949290123898882               15
  0.72102371323702674               22
  0.92224916885004049               21
  0.87320443120031210               21
  0.77436651226664077               15
  0.92404641705861668               19
  0.92218231000418971               22
  0.75482627154488624               16
  0.97110992763118686               19
  0.81854428670516322               21
  0.83461717233663102               19
  0.35907556944302171               19
  0.70378151026922076               18
  0.90236398903830606               21
  0.64228935930230580               19
  0.84118900181099765               18
  0.92211975424475190               16
  0.66666004042385707               21
  0.49520528198396674               20
  0.69878916550405734               20
  0.44718738079133180               21
  0.22949892800457466               19
  0.37369646598881129               20
  0.39847908558223194               18
  0.14030988844634293               14
  0.36765341387240585               20
  0.56991699552195085               20
  0.18006635382441039               18
  0.28290294335039196               20
   9.4603709085012005E-002          19
  0.30799560218942773               19
  0.22515768398398672               18
  0.44510653014212037               18
  0.26676601939877087               19
  0.31513646633691067               20
  0.45098231313708348               23
  0.35281472489464633               19
  0.47706993582513507               20
  0.48420559224200982               21
  0.53167680385029625               23
  0.43399927600615235               19
  0.95030885295614564               21
  0.70177576320876311               18
  0.77349645586643101               18
  0.46599895940624148               22
  0.80545724895175486               22
  0.92153585899057033               25
  0.88005456993388853               23
  0.63570559193126364               23
  0.78355510522584082               19
  0.91827984855536215               18
  0.45812599195944192               18
  0.74461812664816074               20
  0.90981192916588116               22
  0.77991103628656877               20
  0.92531776988964021               19
  0.80594067402295044               17
  0.66055400093784533               18
  0.91892600653466183               19
  0.73086644009509194               18
  0.93749971433096513               19
  0.68102424032470987               19
  0.94312914457027341               21
  0.57682991687234397               19
  0.74393845678466453               20
  0.41903795286591150               23
  0.41508643088452257               21
  0.75077327821308870               16
  0.31354060872160067               24
  0.32699680461023223               21
  0.58673549478542830               18
  0.21523994015328088               17
  0.20131051094794380               19
  0.10961264348184903               19
  0.10375483071568872               18
  0.48491266550035567               19
  0.47899790043862361               22
  0.27460987441660284               22
  0.13009965794621092               20
  0.28254198180711515               21
  0.30853868583038108               20
  0.29606695860044940               20
  0.48812033657808829               22
  0.23615922329561581               18
  0.27835130242403849               21
  0.40870697058175487               17
  0.59905275971612670               21
  0.55368902770965434               19
  0.22942923894732264               17
  0.67697443769437360               19
  0.69520101460418660               19
  0.55670353948180573               26
  0.77190135389002057               20
  0.60318424507803814               20
  0.53754938494495230               22
   1.0299154215853790               17
  0.47168093199871053               19
  0.90360068178246122               24
  0.85501763485435289               24
  0.97019843613065071               21
  0.94131732723164685               19
  0.90638613910457633               22
  0.94561559718080057               19
  0.89459736314185634               20
   1.0598333440541128               18
  0.95958620336315847               17
  0.92963736893905469               18
  0.75043877887312360               15
  0.81221025165764793               19
  0.57144230245216354               19
  0.85296761356932083               22
  0.84201487269873010               21
  0.52981135019505399               22
  0.60857561147305628               16
  0.64179921648159066               21
  0.52927163245545961               19
  0.60900360572110190               19
  0.80057275549447104               22
  0.53102976255774226               23
  0.46783833930124974               21
  0.36454744217674118               21
  0.42242726035374167               20
  0.70165737908086212               20
  0.42865891085520152               18
  0.24800506936544969               20
  0.39230690120748479               23
  0.28301738958463890               22
  0.31146549148400393               17
  0.24782477355263963               21
  0.42116247087126113               22
  0.76627523966178612               21
  0.45909816677883952               19
  0.25658540232804344               21
  0.69395553769064122               23
  0.40187203778977615               18
  0.44173905369065591               18
  0.57245136855527001               20
  0.44800069255955594               17
  0.60791861138375536               14
  0.64369643925238662               22
  0.36624170900777137               22
  0.32574741237317606               21
  0.56855608326594653               23
  0.88151922403429450               21
  0.64452700288046771               23
  0.95163279215559349               18
  0.88704521950041926               18
  0.83917954258117800               19
  0.63456891957872552               23
   1.0859199512953188               18
  0.89123398476802962               20
  0.75263601628215782               18
   1.0024602721815161               16
  0.89931369813981465               19
  0.78298450684216514               17
  0.91796341849307050               22
  0.54774855876057171               20
  0.62093452595980003               23
  0.78502600308575743               18
  0.47553934921447666               19
  0.56201338783232313               22
  0.44686476681981818               19
  0.59434814383951773               17
  0.59884178305385383               17
  0.96807250244451903               21
  0.70160872717692102               21
  0.71767812460832214               19
  0.78386163865188951               17
  0.65959847827774110               19
  0.50849782552363121               19
  0.46692032302317937               22
  0.47808976851786761               18
  0.43754803929802777               19
  0.30938686830250200               23
  0.57643120712103602               21
  0.47220298992509224               19
  0.12699344406208973               13
  0.23888367213208861               22
  0.36079306011166368               18
  0.27293611118660105               16
  0.31137479411447472               22
  0.38822601172857196               18
  0.77127535683712356               20
  0.18002142469742963               18
  0.68042597304739694               20
  0.31106517070228218               21
  0.46181672009857760               19
  0.22961011406092047               18
  0.73009931154384711               20
  0.77792400366057668               17
  0.61433726046942660               21
  0.82512066944870699               16
  0.71437892673980130               22
  0.85632713312680908               23
  0.63705050068977520               21
  0.84475714548891689               17
  0.85997553758938905               23
  0.86839619914221033               21
  0.74224554048779556               22
  0.66482617472779171               18
  0.99879353439154994               18
  0.82653325688617585               24
  0.96406311002288902               19
  0.88887283997487643               23
  0.75581868459646584               19
  0.92835492855412460               17
  0.77317969503388539               17
   1.0652325926931547               20
  0.78566189941924414               16
  0.66617736336962852               20
  0.85039170274302500               14
  0.81853060651423548               19
  0.83126293812356700               18
  0.47408221112975452               20
  0.43129332503182927               20
  0.46955092122133674               23
  0.67112045039770396               17
  0.74090390009440310               21
  0.69839986411251376               18
  0.68448326025251993               17
  0.67398910297360570               22
  0.16921401153911905               19
  0.25548046287268700               20
  0.38554523043162975               20
   6.7766212371107984E-002          19
  0.23526598023462983               20
  0.49252853411335801               19
  0.37638325742314072               20
  0.41611636767456772               18
  0.62901990341787395               15
  0.70385053992363522               19
  0.26887191152028839               20
  0.40375269524125146               22
  0.45133919075660361               23
  0.70501751095408904               16
  0.50638939431447283               19
  0.78465641097665539               22
  0.53881785125171511               21
  0.60473931733574815               16
  0.57563289925335737               19
  0.63369670294059299               25
  0.68398546300862872               17
  0.74902080985503727               19
  0.84105612902293936               17
  0.58278226061454552               22
  0.93774822824913828               19
  0.89308888820450427               21
  0.82086315350245331               18
  0.52709351077799127               23
  0.88355188072106539               26
  0.87487682260758770               22
  0.97571805875555151               19
  0.92036816555679379               22
  0.96483473181720347               18
  0.88563289362958764               20
  0.89406249992691922               21
   1.1068731842050050               17
  0.96720516279666457               20
   1.0316509870313992               20
  0.97679820827458108               16
  0.76071557037066218               21
  0.53075055249347081               19
  0.56200635838846735               22
  0.87237016283917512               23
  0.52891229168397569               18
  0.28979211378376407               22
  0.73562339147093403               19
  0.88786785630578657               20
  0.32994029949238241               16
  0.52029101695705127               19
  0.46253532276640852               21
  0.24946126798519705               20
  0.43337107263500191               22
  0.33332654955602681               23
  0.67385695833623493               17
  0.57156188454206680               19
  0.30033178426959339               20
  0.48277306909086737               20
  0.52962197710494230               19
  0.66163821422468383               19
  0.54050920965698368               19
  0.94413422331562258               15
  0.63957377083866807               20
  0.55795273268352785               17
  0.60493830643210689               22
  0.95673076527610645               17
  0.52946476581583335               23
  0.47335751425415318               22
  0.64386903726699807               20
  0.55164470290565348               23
  0.77553121111586165               22
  0.72612772605932074               20
  0.75174524670429244               20
  0.85866809705166136               18
  0.56381440621008849               24
  0.95995557643988594               22
  0.69902703164979496               18
  0.75959880731253038               18
  0.82046388618147237               17
  0.78877597563844015               20
  0.90087902714962587               21
  0.98517617573325711               14
  0.87820171343264886               19
   1.0291975980361752               13
  0.90216137537099605               18
   1.0294395986365734               16
  0.90793925420952748               19
  0.69937268469836855               18
  0.64395974138079315               19
   1.0444814268533047               19
   1.1071316419894550               18
   1.0192094802163327               19
  0.70432314826629172               17
  0.49887393071144670               20
  0.65827696064684416               17
   1.0620280519241128               18
  0.57549316705485742               16
  0.57905960538712975               19
  0.78030637778618184               18
  0.53827170333243357               15
  0.42471088697683212               21
  0.22121844625093864               18
  0.67531802875669344               19
  0.51471720757946782               22
  0.44484896503737142               21
  0.10324919456007321               17
  0.40252295733734778               19
  0.65821701836386781               21
  0.74695164024597427               21
  0.39178181661184897               22
  0.40583454631810389               17
  0.71283625459273670               21
  0.28474941925004260               21
  0.83736454138071836               20
  0.62858222004520248               20
  0.56671648568857680               15
  0.39879571075255299               20
  0.66472343192571393               19
  0.11222906517922890               18
  0.98481167052077523               18
  0.70248522709766437               19
  0.54382774750887597               17
  0.88721729065169808               19
  0.66982319901109633               23
   1.1343101910407059               14
  0.94388654506365666               21
  0.94787119916663687               21
  0.90027568581855788               21
  0.99266408175567167               19
  0.94337036625146931               24
  0.83105820106517969               19
  0.71959731258232607               19
  0.71773541132226593               17
  0.98442282170163620               14
  0.93254198906153407               19
  0.94338185294624066               21
  0.88906002520347205               22
   1.0227286307188197               23
  0.91397997554024601               17
   1.1161709062815102               18
  0.84606093212432820               20
  0.60372160096744820               20
  0.48042593773136111               19
  0.81618293547505238               18
  0.79082269574504260               18
  0.60495327752011774               17
   1.1447587857129116               12
  0.68800666981906533               23
  0.88848544557154752               21
  0.50614617376621596               21
  0.46479134902595171               23
  0.75720135603325578               21
  0.38043096026300316               20
  0.41959298346197010               22
   2.5335018459283699E-002          17
  0.40432639297040135               21
  0.40855955106010872               17
  0.64086360773048501               20
  0.69661502504729400               22
  0.88554223309004765               18
  0.63288820047750249               19
  0.32659864643188108               21
  0.64380830428129232               23
  0.51036555453448573               19
  0.89466079350422612               20
  0.54538979390915754               20
  0.87932514579279508               20
  0.62212809904017674               20
  0.87677891717460055               19
  0.51419532711336147               19
  0.43084060006418617               16
  0.48456326157223029               21
  0.32906071972168033               20
  0.68421511337844332               23
  0.84440839492057174               19
   1.2192041930748529               21
  0.97461578466900978               17
  0.87185354734292064               17
  0.74830093579144985               19
   1.0000742122465009               17
   1.2294021826027237               16
  0.83124878168721628               21
  0.87124301393111847               21
  0.98164139346851109               17
   1.0497874390102759               16
   1.0066207408315710               16
   1.0429065870002205               19
   1.1572138423302480               15
  0.86840447501129614               15
  0.96106047540693007               18
  0.50031429778278347               19
  0.57810103520773015               17
  0.93155576674440221               21
  0.72415363985981807               21
  0.94106310110283342               20
  0.61514815999235217               18
  0.69898702592951645               18
  0.74022512198104373               18
  0.92515176125279330               19
  0.42194987799638101               20
  0.34235325041341669               21
  0.54633369476112692               19
  0.25559381999363479               22
  0.74827120909352773               19
  0.57263437468655809               15
  0.55044305196323529               19
  0.76538501895032751               17
  0.39555369465556922               22
  0.55314125447898943               21
  0.67805562418175491               18
  0.91837605081820672               17
  0.45490421078945253               19
  0.21031436637304773               20
  0.47063326988334570               18
  0.17221037185262564               19
  0.12906490586684785               17
  0.50742969122508208               14
  0.59863934446854061               14
  0.75550508868476307               17
  0.74068487947757466               19
  0.80822533324129653               19
   1.0315313564295987               14
   1.0201044721674124               14
   1.0398963949689475               14
   1.0397812500683867               18
  0.97838013005432378               17
   1.0543620899833654               17
   1.2800189932369197               16
  0.95379749602806707               19
  0.95748485970757236               19
   1.0732198623525382               16
  0.97165680301626522               19
   1.2630332905154313               17
  0.93700952219758171               19
  0.93130006719873282               19
  0.84421015669620547               22
   1.1648031928523384               20
  0.73048299491359980               22
  0.84522913259014765               16
   1.0425331499479042               19
  0.92124947794202183               18
  0.53116925781872004               21
  0.46201054128328550               21
  0.81698021750977778               18
  0.64027261395704527               17
  0.86002287087357832               18
  0.70771103226003518               19
  0.65021041536479052               19
  0.50972064966462338               20
  0.75805032701264330               20
  0.81047649044925973               18
  0.35139462227896162               20
  0.45934192748278857               22
  0.55859796618534008               16
  0.67321081946132533               23
  0.86182836116512540               16
  0.64003511163866544               20
  0.52877039221511435               20
  0.56089259323293861               18
  0.66331038039521317               20
  0.80021479361993963               17
  0.63917825772458747               17
  0.74844729963613943               18
  0.55498622741484827               16
  0.73993438188676830               21
  0.74773705759419340               19
  0.82131853263851562               22
  0.76356221522109713               24
  0.50581278179110467               20
  0.79551715205871742               18
  0.76876308561989903               20
  0.90471104251379753               19
  0.53328384513144689               22
  0.69879224231739601               18
   1.1703105323965683               18
  0.86820828210420353               19
  0.90493082151644555               18
  0.89660057105082780               21
   1.1181843262781785               19
   1.0488419669815687               16
   1.1437702318397429               16
  0.71669397123052314               18
  0.98035762038054597               16
   1.0671273841581059               18
   1.0618125876619375               17
  0.87276771061191905               18
  0.88966210238804244               23
  0.86367182058162750               20
  0.94939034341488049               18
  0.63058213620846693               20
   1.0023781249235211               18
   1.0870457062195680               16
  0.71206222077633441               17
  0.76653116634838503               20
  0.65934598112127474               23
  0.54456135746116319               19
  0.98139771943566534               16
  0.71888093010382204               24
  0.85346929667886973               16
  0.89711810444426798               20
  0.66989491498392373               20
  0.69230848333608319               18
  0.41111607682281787               21
  0.57105357788432265               16
  0.95393230897841752               21
  0.64183117376587584               22
  0.60143740329212347               21
  0.31480124141613536               18
  0.41740051474831547               18
  0.70870831810883195               19
  0.89078642622329396               20
  0.71568826298293753               19
  0.80964287315911077               21
  0.76801045642214671               19
  0.66386752224322876               20
   1.0436982279824909               17
  0.34879345054842892               16
  0.70215140900124962               19
  0.57653814693391636               18
  0.66451031418697948               17
  0.63518051133574560               21
  0.84731375407918874               19
   1.1185511057651938               16
   1.0304627651958835               14
  0.73119200601742640               20
  0.91756828056331963               21
   1.0103344222183654               18
   1.2132833852798079               18
  0.93239838649284124               17
   1.0551552030041811               14
  0.93918619853246788               18
   1.0237149837536534               15
  0.81258550700844867               18
  0.90794942760620057               22
  0.92404994668039808               17
  0.78677201611677283               16
   1.1579767397995258               18
  0.76377371332644417               18
  0.93356008416185310               20
   1.0851803453541367               18
  0.68712857619996959               21
  0.89280972344852449               16
   1.1017303308592350               15
  0.69612504044221013               20
   1.0314796571940215               18
   1.1765492529511405               16
   1.0009904094765629               20
  0.59524883064523715               18
  0.94108012932905116               17
  0.50695552699896707               21
   1.0408861074186462               17
  0.69442007362918912               19
  0.93981203625878618               16
  0.80193837897211584               19
  0.93075418283976818               13
  0.39561287773887716               19
  0.59398141967473372               22
  0.82678142224620887               19
  0.79892766376738633               19
  0.46715286474600937               20
  0.90541362959491334               18
  0.69225776511002546               19
  0.73415378688201793               20
  0.52656515428192452               19
  0.28465902127356663               19
  0.55274199861936357               19
  0.91430788299802945               18
  0.81811589620191161               22
  0.94594724199630442               18
  0.84950413403666414               18
  0.74334041389545746               17
  0.87991260470600485               18
  0.61073629330029156               17
  0.58647790375691677               16
  0.93071362681504888               23
  0.75074645296309439               17
  0.89869853049791226               21
   1.1263144340180495               16
   1.3139791351209840               15
  0.89651875736361220               22
  0.99950975654398500               19
  0.97378046981293220               19
   1.2175459638925934               18
   1.0800997509622932               18
  0.89846454094320394               18
   1.0814328718834874               17
   1.1455615671008381               17
   1.0907054132592808               20
  0.99513434368343567               17
   1.1266330226510894               17
   1.2429445150629008               19
  0.42069399782843092               19
   1.1020903893360412               20
   1.1650406476983739               18
  0.87814106311915108               16
   1.0115529045894027               17
  0.99125529939875112               20
  0.89627631473282776               21
  0.66058177417583819               22
  0.84352742074139164               19
  0.86455926223254354               20
  0.92551649867247665               20
  0.71439333322934750               22
  0.87053706381123930               19
  0.97123902453850941               19
  0.59897158866721600               20
  0.49989653655443761               19
  0.97354049388747732               17
  0.43296571104793435               19
  0.35635865319280446               20
  0.97803557609617298               14
  0.77996419772976289               17
  0.92341531343745187               14
  0.52379946527585175               18
  0.49702163667508631               19
  0.80854877727086982               18
  0.84281663103404136               18
  0.47312873979073311               24
  0.93799820914596976               17
  0.89503146824927116               19
  0.74140546087232484               19
   1.1353386339553373               15
  0.66794062980626057               20
   1.3014342636864333               16
  0.95257524975334806               19
   1.1090225040739690               17
   1.0338573716474828               15
  0.93026517459774660               19
   1.2292945792193652               18
  0.82920381789485187               22
  0.98285458173009432               18
   1.0990194011136840               15
  0.84789182504493721               16
   1.0931349699840753               16
   1.0197132317597928               23
   1.2459268087901687               16
  0.97669768957994507               19
   1.1246043048092547               16
  0.88785842570498508               18
   1.2197530760724447               15
  0.93889465107756243               17
   1.2140889858690989               17
   1.2259273642043713               17
  0.74188868894152948               15
  0.92584519517460173               19
   1.1136413548280031               17
   1.0076611350947056               18
  0.79980076625112306               19
  0.53792286432049652               17
  0.84942219939393437               16
  0.91119790879568818               17
  0.95409693952816643               21
  0.63192802913621415               19
  0.72819844852547622               18
  0.36714744236705316               20
  0.84114682108187477               18
  0.62946723888420764               20
  0.45048432648683034               18
  0.90040454940558856               17
  0.76590956112799247               20
  0.53015165379999540               20
  0.59677595494760416               18
  0.97011577041322772               15
  0.79597703505210249               23
  0.38983668146717282               21
  0.74131446698388204               20
  0.98645127960201140               16
  0.68419459805943295               21
  0.99263593584159371               17
   1.1307290688888472               18
  0.81610086223521128               20
  0.65325598424032827               21
   1.0458043757214990               15
  0.92836177252696572               20
   1.2003686339271751               21
  0.78073684289305623               19
   1.2546722458678521               18
   1.1717509576887617               22
   1.0433646706022863               15
   1.1363211421374375               18
  0.77028804954684837               18
   1.1400587974845446               18
   1.1445791633198907               19
  0.88895162255362892               16
   1.1208697513783750               15
  0.74733002547266192               16
   1.1157460915642210               18
   1.3218522319035757               12
   1.0884067441373340               15
  0.85634954615396619               19
  0.77880708406102417               17
   1.0368626015560243               16
  0.88874507076558928               15
  0.95838451068770569               21
   1.1513251645898575               17
  0.97455315466021131               17
  0.87855046407361115               16
   1.0269519196345454               15
  0.84171216160120166               20
  0.92848544218759554               19
  0.84680373701081135               18
  0.58116389738086716               17
  0.77466012151797070               19
  0.78770650705374534               22
  0.93211641350440988               19
  0.47163328389295339               23
  0.89159970411258693               18
  0.84180249971876975               19
   1.1243775028179115               15
  0.75118332354086337               19
  0.49521263415679623               19
  0.70870105916166559               20
  0.71609395593719871               19
  0.61358595292921958               22
   1.0291590959782528               14
   1.0109205512916508               17
  0.89784792743629771               19
  0.77520679525514058               21
  0.95613376818259466               19
  0.87422129694949313               21
   1.0112696264322849               16
  0.41394500254770750               21
  0.79856124537550699               18
  0.54146849188296631               20
   1.1827242110784317               22
  0.97364249494203492               20
   1.1292930433565991               18
   1.1779739369951217               21
   1.0712093818372908               17
   1.1940797253069051               17
   1.0509122274188900               14
   1.1111888679327981               16
   1.2049087778120058               19
   1.0949217704438357               15
   1.1880529078079667               19
   1.1758808587398475               19
   1.1777328160759775               19
  0.75506008192508389               20
   1.1390807095071391               17
   1.1328776806601646               18
  0.99487998072280104               18
  0.99566145515836602               19
   1.0714690558406967               15
  0.88156573750881162               20
   1.2678338236373345               18
  0.78424745634297921               21
  0.88951150770855392               20
  0.65113388330312627               20
  0.88852374688561053               17
  0.61554493507308716               21
   1.0589000038755834               16
  0.85597257822048611               20
  0.78010868234306707               21
  0.72325496221446428               24
  0.73663058917279889               21
  0.74658635824707786               19
   1.0762691572372745               15
  0.71021595501821466               20
  0.88660099505157208               20
  0.96679225983990891               15
  0.73420120599491989               21
  0.79312184888407622               16
  0.87022769620256191               18
  0.95122474396238887               20
   1.0839842766263725               16
  0.59477237156567453               19
  0.80571980836087531               18
  0.92321230035049906               16
  0.96350400823586702               20
  0.77852354757225128               19
  0.91683040447736097               16
   1.0538133814955122               15
  0.79227211921092089               20
   1.3095917443967942               14
  0.92548493977769497               20
   1.1812087044256097               17
   1.3378234191105791               15
   1.1017291553011344               16
   1.1798847917432229               17
   1.2313153620077042               20
   1.1256031741757848               18
   1.2299157876989588               18
  0.97519858184259822               19
  0.95420527931918409               20
   1.1243130983266887               16
   1.0053415365727700               19
   1.0856238355002379               19
   1.2804968576093700               15
  0.84435416230940608               18
  0.87475530319605266               19
   1.0107903289701532               18
   1.0100894348861653               18
  0.81672638227487393               18
  0.97610586377797481               15
   1.3189915668196244               12
  0.99769561207538093               17
  0.96968702570847565               19
   1.0256317606409100               15
  0.93467451060310591               14
  0.78452805433216433               17
  0.94823244684178343               13
  0.83413180682865928               19
  0.62354596880642654               18
  0.71357335900361074               21
  0.85760405181627841               18
  0.56310332533080887               17
  0.57879401697276212               17
  0.74423848766920975               19
   1.0483503142560764               16
  0.99754204225607246               18
  0.86639682034191146               20
  0.69587107332368925               20
   1.0020165747622380               16
  0.62697738833654226               14
  0.68267858693834982               20
  0.66651515898440494               20
   1.1392723527550495               16
   1.0267959419425625               16
   1.1652079846669481               15
   1.0267571523555161               14
  0.81686909493809956               17
  0.81887281826374370               20
  0.70355832812298558               20
  0.81470188564873103               22
   1.1800714654518625               18
   1.1517050242048732               17
   1.0435187951047684               20
   1.0251474139905901               17
   1.2222524699711972               16
  0.71082770029109166               19
   1.0381916396694755               17
   1.0708671504993503               17
   1.1360802300017201               19
   1.2620967176897866               14
   1.1940443626959512               15
   1.0617300691506122               19
  0.87554941119492091               19
   1.2801541490215744               14
   1.0862110649065859               19
   1.2337972784705007               18
   1.0016911586649915               19
   1.2554415943005448               17
  0.95950885660086338               19
   1.0369708181191348               17
  0.84656060296444846               20
  0.78107028450887872               19
  0.90978724293082780               18
  0.94554533630319437               18
  0.96029077736106949               17
  0.83808320500021882               15
  0.79518994648065755               15
  0.94107961755005909               16
  0.83405066346819201               21
  0.73164722351891487               20
  0.84353460143966996               20
  0.77405071829734651               18
  0.89284315748719933               21
  0.62597281877222843               20
  0.94839004774935109               17
  0.98160133300732388               20
  0.96567330900379267               16
  0.90401211679044424               14
  0.78332982364007986               18
  0.91944079086543107               16
  0.88783034324245369               19
   1.1000777594792686               17
  0.92903325775384893               18
   1.0134093337158430               15
  0.67407115026229103               18
  0.93385626404421551               19
  0.75520472909352687               20
  0.89294197576361922               19
   1.3242439130725507               14
   1.1000869095069850               17
   1.2380652235101477               17
  0.81938073290397828               18
   1.1848846054965922               18
   1.2524094338010570               18
   1.2660090501822971               17
   1.1133379075854355               17
   1.2464322492027828               21
   1.2454014954729249               17
   1.1775391930142367               18
   1.2353746638882250               15
   1.1984041291046275               16
   1.0813536697921293               19
   1.2275851370149058               16
   1.1151215967384991               15
  0.80730225238135167               17
   1.0444896319230497               18
   1.2170405792798620               18
  0.95225432256949616               21
  0.88985688618445979               17
   1.1707536569433230               16
  0.97297238126814167               21
  0.95335664719657454               14
  0.69438148907276886               21
  0.82512021428984250               20
  0.98115509111727728               19
  0.84374629221956254               16
  0.93334908237189063               20
  0.84426014816959349               17
  0.88109056162557442               22
  0.91629753833950123               16
  0.92736627980153152               19
  0.81297199111691842               20
  0.95112002358534331               15
  0.82959348647994635               18
  0.94553318716242052               13
  0.85622731056927626               21
  0.69785234071389779               17
  0.72443116732880364               23
  0.79884721820668425               18
  0.79047872804667640               17
  0.67235830802106800               18
  0.61275961238897647               17
  0.92812736041883348               18
  0.98453519113980936               19
  0.84475427789061242               21
   1.0319225173018687               17
  0.88675383944202346               21
  0.99730517567644794               20
   1.0292477014422234               15
   1.2750592884367296               16
   1.0892915899321001               16
   1.1864007487938688               20
  0.96974281341735324               18
   1.1402992855296548               19
   1.0961179704561685               18
   1.0959913687658545               19
   1.2948931953300740               18
   1.2443555705073406               17
   1.3159267966065462               11
  0.99840452171090344               17
   1.0336801108851548               18
   1.1678056831121730               14
   1.0275178671797542               18
  0.93818500666100935               20
   1.1827849271946331               18
   1.0348469408581105               17
  0.98497537317511241               18
   1.2312484908936911               16
  0.88714220781286424               19
   1.0150904627395394               18
  0.97350802535036596               15
   1.0090331881477137               18
  0.94367553262769310               18
  0.89028977640330054               16
  0.84915589372836076               19
  0.92559071147338978               18
   1.1577466126137825               15
  0.32598881192577167               19
  0.20033706324563505               22
  0.82402979542222421               16
   1.0158756881638384               17
   1.0317145921538822               17
  0.95001498387820338               15
  0.68278165345365005               19
  0.82522136010115810               18
  0.94520538775791085               18
  0.74398653453816610               19
  0.26724048724101523               22
  0.71716243257544798               21
  0.88776882659088829               19
  0.94062676428468062               16
   1.0211539295217811               18
  0.84117935109387176               17
  0.63493583848138946               17
   1.0747871148783170               14
  0.74156782701677637               19
  0.93559930274306613               22
   1.0245290984509325               16
  0.76792969863977656               20
  0.91138409733694337               22
  0.98671335414962380               18
   1.1555153219135881               15
   1.1905639766670610               16
   1.0317340386230225               18
   1.1708612623758299               20
   1.1507903143901774               15
   1.1997686166293773               19
  0.64784067724288685               22
