   1.3377613921054645               18
   1.2780224478716997               19
   1.2761624467218295               20
   1.2850811234337916               22
   1.1465282995793755               24
   1.1997774249273510               22
   1.1404995518966068               18
   1.2087516945275196               21
   1.1097726913332815               22
   1.1262195542554265               21
   1.0601442336273934               24
   1.0158966935913956               23
   1.0171604763665445               18
   1.0530102376631194               21
  0.95540221016327453               20
  0.93224895112599682               22
  0.99578149528538440               18
  0.94896871317945575               16
  0.92394814054206631               19
  0.92723204891546085               18
  0.90490671280088741               21
  0.87798185782644922               21
  0.92235128563523971               18
  0.84500859587728083               23
  0.91167153199493622               18
  0.88659717387417580               24
  0.90640362266251095               20
  0.91585533783646522               20
  0.90856643298266160               19
  0.93657989033371836               21
  0.93883915691493225               26
  0.94991505413897703               23
  0.97484103715710346               19
  0.95852056060657242               22
   1.0197415495075963               19
  0.97637684603769259               22
  0.93767532100560802               21
   1.0223498914508322               21
   1.1002619525472708               18
   1.0671793780062131               20
   1.1517362053776687               19
   1.0608088492843182               19
   1.1934374376745087               17
   1.2188369522065901               19
   1.2153569886604905               25
   1.1965545353973881               19
   1.2621689636299713               20
   1.2734975963413477               24
   1.3032994832901492               19
   1.2992202097384133               20
   1.3076351679011864               17
   1.3334685854464667               18
   1.3236578992524481               19
   1.2467308017420820               20
   1.2496060059233967               16
   1.1890428940343969               19
   1.1471769463903738               24
   1.1030134478680493               24
   1.1972782684536447               19
   1.1258565331370070               20
   1.1722833559067678               18
   1.1303831839134910               19
   1.0899847008692245               19
   1.0244742737832135               18
   1.0684539826502888               17
  0.97239271472962507               19
   1.0137880324678161               17
   1.0174593760791826               17
  0.97563042489391927               19
  0.95324335965046747               16
  0.87773219929315882               22
  0.96265159286454616               18
  0.94858213932998026               17
  0.93462538946818519               19
  0.96147478930846109               16
  0.86164395888583678               21
  0.94726251269781048               17
  0.95738765885886945               15
  0.96398562726363346               14
  0.92602462146615139               21
  0.96423005715604082               14
  0.98968335974054544               16
  0.89765027099633898               24
   1.0069430705072566               19
   1.0138100877694738               16
  0.92118121810387477               24
   1.0239667095129008               17
   1.0620458680132581               15
   1.0822920696239606               15
   1.1325810400619920               16
   1.1635865175115365               14
   1.1308678523640254               17
   1.1841181549932838               16
   1.1550358346444225               21
   1.1398608814092250               21
   1.2551617866684432               17
   1.2612784472006329               22
   1.3624256926899243               15
   1.3291219636585723               18
   1.2653072097635969               22
   1.2677465921736988               22
   1.2136435276941595               25
   1.2898209498668383               18
   1.2285832785666939               23
   1.2673426984371450               21
   1.1727092315460674               25
   1.1572050773510252               27
   1.0717111471427179               24
   1.0553707497502811               24
   1.0991677944107519               21
   1.0370564307069858               25
   1.1080637113003353               18
   1.0311021904337521               18
  0.99575019930077446               20
  0.96143886110451404               25
  0.92536202823932401               20
   1.0149045499928455               17
  0.87034954667158848               18
  0.98783576676175355               17
  0.93110535315571663               21
  0.92865436447210647               16
  0.84576294920786155               22
  0.90635071575135417               22
  0.90639729642077671               17
  0.86580010688695297               23
  0.97479268522520490               18
  0.85606918288736766               21
  0.89841102710740317               21
  0.93582728072060317               17
  0.87367199941152318               23
  0.87598022035966805               24
  0.97916236978597271               12
  0.91446514006381996               27
  0.99948416881477187               16
  0.96602616116245299               21
  0.98192386587049785               20
   1.0288633681063477               17
   1.0938234283821504               18
   1.0259748901211412               19
   1.0623226648293334               18
   1.1088417724120587               18
   1.0546625399098633               20
   1.0664964806088533               19
   1.1261871421571410               19
   1.2101564503771554               22
   1.2718521321471685               22
   1.3363210577728477               19
   1.3077631027482033               19
   1.2567301346355180               24
   1.2496540219645165               22
   1.2240259056330471               21
   1.2818851596904404               19
   1.3050629863777223               20
   1.2566942637828786               23
   1.2286815769963133               20
   1.1209359108893635               22
   1.1068362589444103               19
   1.0580712275952573               19
   1.1504899788779110               18
   1.0655777998894482               25
   1.0123472009074952               24
   1.0354202915012736               18
   1.0164213269458726               23
  0.95159637504806627               19
  0.94422413571043873               21
  0.99109709019107339               19
  0.93973203411610340               19
  0.92440640399394736               20
  0.97679871565334486               18
  0.89773154934272203               20
  0.85490708710831709               18
  0.83482975424535577               22
  0.82995353894313706               22
  0.82367040090706789               21
  0.88921282210593178               21
  0.80720390123626029               18
  0.83481763760492500               24
  0.90354205511059249               20
  0.86575950082846509               21
  0.89790070446891523               24
  0.96056707593597490               19
  0.86801138598784244               25
  0.89909676127533766               26
  0.86984729857040222               25
  0.90584680262694717               24
  0.98510310105121446               19
   1.0603165697697274               18
  0.95559232147679030               21
   1.0173507190603914               21
   1.0163221684357397               17
   1.0930482216933362               20
   1.0012007519929023               17
   1.1246752281221415               16
   1.1402816958056585               18
   1.1018719100744849               18
   1.1862430588049995               24
   1.1922509732137749               23
   1.1942414491082782               25
   1.2011779436659635               26
   1.2884958058969649               21
   1.2277662561824065               20
   1.1569698641645976               22
   1.1995759427265791               25
   1.1811586712194710               24
   1.1168913845262229               24
   1.2261629508662739               24
   1.0968284918470375               24
   1.1519286458267224               26
   1.0977191272901359               22
   1.0554098022864771               22
   1.0131016126591270               19
  0.98214046657576592               23
   1.0003825894183465               24
  0.89923632014695387               18
  0.89502724673289757               16
  0.87910560967772067               20
  0.84490169044836849               17
  0.90541656005110094               22
  0.89556602443512345               20
  0.88702124315237152               19
  0.76098181769200068               20
  0.80715657211260683               20
  0.90493359635551340               21
  0.84117265846957423               22
  0.78192611640466347               16
  0.85724305908278942               22
  0.79773445679863519               22
  0.82966850813570125               25
  0.88310749034174618               22
  0.84439159913768225               23
  0.77514912994475149               17
  0.81758613067116670               25
  0.89041828492637576               29
  0.80084524135002977               19
  0.95998579837340836               21
  0.86991054376705579               19
  0.93925977192353194               25
   1.0044330706793041               19
  0.93450061872464985               19
  0.92239430262125710               17
  0.94166110559164773               17
   1.0542045526964667               20
   1.0472711928281075               19
   1.2150288960541367               25
   1.0869244475241149               20
   1.1579723467267788               20
   1.1917006039855853               26
   1.2594586261586860               25
   1.2353545673324449               21
   1.1973597189015202               22
   1.1690629964779198               23
   1.2493784632250400               21
   1.1882431391948127               25
   1.1718003435900868               25
   1.1891723163811478               20
   1.1107969462281104               22
   1.0958048313655913               20
   1.0761242797301387               25
  0.97769033417890661               16
   1.0246403585819790               20
  0.95007572655070205               17
  0.98447720928999916               22
  0.85359570828651810               19
  0.92408387060865227               20
  0.88272853780593097               18
  0.94100485516397925               25
  0.79276522297457841               18
  0.82637443116006204               17
  0.87487998248827681               17
  0.84875320795614395               23
  0.82726478542958515               21
  0.75845231080511688               21
  0.78975650186120805               19
  0.77330924815508151               22
  0.72563880799486591               20
  0.80504365833535285               21
  0.67262589727272670               17
  0.84769548463752609               21
  0.79121245960499198               19
  0.83514934134774044               24
  0.76319745897157265               19
  0.83625795244382495               22
  0.86007185810087050               24
  0.87813401861659246               18
  0.84468389334177374               20
  0.84824211993195264               19
  0.92975257699884695               19
  0.90337573776549940               20
  0.86121466809568648               19
   1.0053886636360660               20
  0.97203188957247399               18
   1.0203070438191473               16
   1.1368484942544195               21
   1.0294979129084803               18
   1.0169189597541801               20
   1.1209965352409712               20
   1.1675789285575204               25
   1.2154884113527771               20
   1.2699531461087759               18
   1.1952981267378626               21
   1.2254452929121478               20
   1.1809717074944546               18
   1.2186101740249711               17
   1.1251979596329074               22
   1.1846003991344538               24
   1.0052698824658874               18
   1.0839458692457971               21
   1.0046204215414956               18
   1.0598514241943533               20
  0.96334486635887151               15
  0.89467974668551842               21
  0.98183277655276069               23
  0.94213415465614625               20
  0.83906074073206549               18
  0.85572979635738067               20
  0.82700531460662929               17
  0.84126518082014923               18
  0.77536223089294665               16
  0.75296835747118740               18
  0.81716620946202534               16
  0.75643961414581595               17
  0.70873586312241299               20
  0.71919976979908173               21
  0.75686843506157986               21
  0.68620879136906832               18
  0.76210288676302240               18
  0.68993329905387080               18
  0.74690088872251692               19
  0.80010821586635972               19
  0.73281260858328978               20
  0.75881473049750736               17
  0.75781082661463983               17
  0.82043762151720556               21
  0.81591120267731010               17
  0.84403797130961555               25
  0.90060161171102393               18
  0.82733849711455187               18
  0.94165671028782461               17
  0.87098451884447414               19
   1.0172296714006330               17
  0.92879827869872089               18
   1.0587223941360349               17
  0.99188015100350069               21
   1.0767259759826422               20
   1.1064924889922136               21
   1.1678739634005186               28
   1.1581536053844690               19
   1.1032075482459065               21
   1.1776726023030162               18
   1.1234815340975040               21
   1.1373639312731703               20
   1.1884711769811140               16
   1.1353817955739434               21
   1.1434843309397535               24
   1.0810962989225177               21
   1.1004870383192147               22
   1.0686768033993217               19
   1.0371913310410370               20
  0.96166839711642904               18
  0.93072002588453306               18
  0.83422362223158697               17
  0.92389949896170342               18
  0.81019495017506826               19
  0.85169159496054647               16
  0.78384583591930279               15
  0.77860226152612477               16
  0.77552401223131517               17
  0.79505412713373658               17
  0.80331580324285579               18
  0.69648629790041383               21
  0.66565448714091147               18
  0.66907695960177971               20
  0.77309092367303422               17
  0.65486436683551252               21
  0.68299594049037959               18
  0.63438302963155457               23
  0.68218928425555692               17
  0.67281649119444498               16
  0.74825306511270928               21
  0.69202703422783329               19
  0.79110337948263887               22
  0.82425258129908208               24
  0.77852442793691556               15
  0.70367363798878158               14
  0.82280363470274842               22
  0.77179014665730394               15
  0.89813682663722649               16
  0.80527966477076762               18
  0.91580804519647585               19
  0.84946121373088812               21
  0.93399934296644993               19
  0.97921463369576223               16
  0.97839745420121138               18
   1.0588066342297227               18
   1.0079604240359232               20
   1.1178514377846773               21
   1.1122401161807662               21
   1.1720764083804034               16
   1.1959659037069861               18
   1.2036044193850994               22
   1.0867900171569866               19
   1.1131143368717371               23
   1.0583416786291286               20
   1.0947498866813208               22
  0.98836436473715672               21
   1.0169605664230505               18
  0.95438499945841615               20
   1.0189527033179155               18
  0.89330281961828872               18
  0.93004489097283050               19
  0.79626090939594152               19
  0.93184601104771303               18
  0.83756674851687241               18
  0.79693170367399913               18
  0.76454396705878180               20
  0.72543373589204219               16
  0.68331587208088362               13
  0.72155199183760887               18
  0.78571489414752449               15
  0.66423664920876213               20
  0.77056969522240837               17
  0.67510606452403221               22
  0.72290888833428135               21
  0.55247418042846697               18
  0.62067859904077782               19
  0.69582011454279491               16
  0.59168514979238451               17
  0.78041208216149727               21
  0.66456262163718205               18
  0.65473850890167606               17
  0.67096569168502640               16
  0.72127536019085003               14
  0.70319919639855488               15
  0.78302192859342301               17
  0.66148187370148803               19
  0.85767070807592605               21
  0.81048445335513497               18
  0.84224089722591455               20
  0.81707358044001133               18
  0.90008484691037360               18
  0.92432948916040369               18
  0.97472962944616481               18
  0.91415985920819820               19
  0.98899428245935861               20
   1.0519131628445781               22
   1.1505358438367066               22
   1.0566082605734537               20
   1.1190085518479673               20
   1.1256072776196622               18
   1.1411998402837953               23
   1.1292600486782891               22
   1.1375019632406667               19
   1.1244424058230891               17
   1.0378477193817617               19
   1.0753812114202272               19
   1.0006855849205445               21
  0.99104947691798628               21
  0.99897430493592654               17
  0.88562102423600519               19
  0.91401102855547467               21
  0.90969844079161466               15
  0.84290011409003796               17
  0.75425772462301932               17
  0.79243859034948760               19
  0.81201576197131431               18
  0.76451622958686560               16
  0.64697668717912793               17
  0.68896259514687630               17
  0.65927278240936760               18
  0.73843138582235579               19
  0.66136564719642998               20
  0.67012196278562808               24
  0.64326880670463604               20
  0.61707586271194848               21
  0.62496092110328316               17
  0.63997213807963194               20
  0.55106866564951906               19
  0.71072269141344036               17
  0.60608792459441685               17
  0.59675968322631523               18
  0.72068714008134660               16
  0.63697483963690493               19
  0.72998372197444039               17
  0.78314894825029358               17
  0.79307379436078296               18
  0.78017300164332148               18
  0.71843962323251498               17
  0.76505980617790970               20
  0.82413421597194336               17
  0.86730756142080168               20
  0.90316075479606250               19
  0.95777018284574544               18
  0.97581508781770310               19
   1.0307497951244970               18
   1.1171672399057819               24
   1.0084380773129840               20
   1.0975382088071766               21
   1.0615797169279895               23
   1.0935743743509587               17
   1.1450710147992871               21
   1.0461430304806958               23
   1.1353544696068532               18
   1.0642841585095317               22
   1.0183643607965027               21
  0.95786136707971836               22
  0.94141936473486210               20
  0.93265152218919656               20
  0.95446977063474792               16
  0.89436561044709173               22
  0.83935036004788610               18
  0.88112901389943243               20
  0.78690592792262704               19
  0.74044909690688254               17
  0.73879478016727040               15
  0.70567501321144410               15
  0.72055466499140874               16
  0.65614259819606535               17
  0.61212904719421912               18
  0.64928627768881841               20
  0.59934641390923948               19
  0.62594455227873613               23
  0.64377226945896748               20
  0.56750760867744343               21
  0.58786351726056707               19
  0.58628511467098954               18
  0.49855560257749959               20
  0.65993358557866322               19
  0.51618810956135774               19
  0.50353084716660002               20
  0.55539965756868903               19
  0.65760430640537948               18
  0.63056737752535486               16
  0.67158122458724834               18
  0.75446809036877038               17
  0.68543280037995968               16
  0.70913746865026162               15
  0.72354399955680893               17
  0.76350324947642889               20
  0.78757578783085080               21
  0.71272757742050508               21
  0.84332728903836862               20
  0.91601707501143748               19
  0.91073096800549469               16
  0.96316768467873248               19
  0.95958401118527470               17
   1.0092175015424183               16
  0.98148057565673241               19
   1.0104354300616321               24
   1.1234954586253765               18
   1.0533826182767532               22
   1.0418476825825169               15
   1.0582358939705721               23
   1.1434052411073676               15
   1.0423951621546332               25
  0.90892599039239586               21
   1.0396399751652088               21
  0.87840894210020037               19
  0.92936088463161592               21
  0.89925473526417088               22
  0.89602489677740993               19
  0.77421903294297501               20
  0.85484314340750933               16
  0.74359344843865283               16
  0.69817852620317900               17
  0.67824165953562632               17
  0.68212069612018689               15
  0.65351574470205731               18
  0.59713100812859832               16
  0.63802513537808192               20
  0.61857660831370886               23
  0.53283123941161692               21
  0.61116656373391554               22
  0.59912836338488340               22
  0.49699819515264337               19
  0.57763817218085500               20
  0.50681956236461967               19
  0.59467267621609543               17
  0.44568177270624132               19
  0.57658663369510033               19
  0.52003407105675747               19
  0.59748764209702809               17
  0.60255543088439856               20
  0.62876035185081802               19
  0.67121007403976585               14
  0.59760805289096830               19
  0.68747205174728743               19
  0.65092544706667432               18
  0.72751618023892928               18
  0.81439107315853887               20
  0.84956217496850228               19
  0.84014485085728485               21
  0.91768837763902456               20
  0.81633323766451149               17
  0.86308275434957216               21
   1.0039231972861118               19
  0.89858504106073800               17
  0.93431940033877925               18
   1.0581122447437326               23
   1.0647021586442640               19
   1.0398038287843503               20
   1.0899965408239238               19
   1.0236052832434221               17
  0.98121591909644290               22
  0.97848647987279436               20
  0.86038318829416827               21
  0.96263176982332299               22
  0.92485962231867391               19
  0.81325901211214091               21
  0.85345555743359947               18
  0.74865747923828452               21
  0.86411117186679587               19
  0.75272889251465291               18
  0.70831498801889148               20
  0.75694868574785457               19
  0.64357053097888750               19
  0.60004927221699089               17
  0.61087134374524954               16
  0.56144749170406016               16
  0.59979876629463713               16
  0.56540298586450688               16
  0.50673116262577766               15
  0.55567704936560147               21
  0.56630313732369386               21
  0.51254265606921179               21
  0.43339066222794365               19
  0.54426549432903037               19
  0.54110991503918326               17
  0.48306685707927483               20
  0.49400800877496176               18
  0.53279104925675580               18
  0.59361320180115718               22
  0.57055197587445161               17
  0.61796042684280883               17
  0.58734752326220940               21
  0.63563449992232834               18
  0.61239949073319055               19
  0.61035406749006904               18
  0.78169214194753311               21
  0.67339890995191332               18
  0.78383122705954211               22
  0.86632397655324000               18
  0.79955727869689153               18
  0.88020800880122385               17
  0.95281990809054840               15
  0.92491966855737318               22
  0.93447570074960629               20
   1.0756765856316983               21
   1.0496552088534175               20
   1.0207434723666262               21
   1.0669547616246868               20
   1.0164378609124245               21
   1.0643326356070721               18
  0.95999389698650905               21
  0.99028781427018908               20
  0.95484969900041894               22
  0.82087339060727726               21
  0.86668484334468976               21
  0.84871992117988260               19
  0.76811553660847665               23
  0.83493457215859479               21
  0.70939733498500313               18
  0.67881924312739172               19
  0.58373691155288787               19
  0.72884325112219051               16
  0.68398557815806071               19
  0.61940805657959863               20
  0.56971154067501129               20
  0.50764869302287041               18
  0.59357102541871742               18
  0.49737461016920043               19
  0.49106290068927105               17
  0.45212599839903506               17
  0.45334913080097577               18
  0.40310550830182290               17
  0.51436070523153776               20
  0.46691837059834634               19
  0.48960395669389467               18
  0.45789561533505363               19
  0.43226705316249681               20
  0.52292378507327608               21
  0.56468994505368475               19
  0.51277282537149416               19
  0.53780932681068061               19
  0.57684256053827687               16
  0.58118679338734147               18
  0.73169073989495570               17
  0.73186700138982519               18
  0.71492584777681967               20
  0.75946187599981330               21
  0.83721513973991990               21
  0.73264984797939392               17
  0.82749468969756490               16
  0.86908598455061614               15
  0.77787945013015092               18
  0.83622117136460450               16
  0.93053322289935314               22
   1.0117262537500893               20
  0.98743386830511570               20
   1.0336038201759583               19
   1.0645421712241969               19
  0.91516861317417497               20
   1.0641784886149783               18
  0.98691045128911015               21
  0.96965666342120937               22
  0.92619369075008839               24
  0.84615315377869404               21
  0.76201126375654449               22
  0.84853312300795680               20
  0.71683001927691681               18
  0.82652615028346688               18
  0.77484249877099676               21
  0.71172312195202181               19
  0.62340551478056150               19
  0.61691634564017483               19
  0.62600720865328996               19
  0.56013563834373192               20
  0.55476247059745876               19
  0.42266569768019441               16
  0.49489818860600304               17
  0.57129332930219756               16
  0.48558148570664939               17
  0.42042448988525039               17
  0.44325538208424675               18
  0.49695633133238409               19
  0.39418758403113430               19
  0.43747411196297231               20
  0.44819974283853775               20
  0.39424594299877103               20
  0.43421199953191675               17
  0.42310530163151838               19
  0.47853017096988354               18
  0.45717506367063820               17
  0.49358435820388397               18
  0.53694915810856814               20
  0.56882537972708747               17
  0.63264856048142870               17
  0.59011329043161620               18
  0.64381815400248588               17
  0.70128340363401986               18
  0.76829378914656132               19
  0.69324193529957456               20
  0.79782128402401919               18
  0.75368016117160730               19
  0.83353231845884346               17
  0.89582509977417668               17
  0.88462804310010623               16
  0.97251782135270304               26
   1.0386048082005011               17
  0.98649516947490345               23
  0.94931522302090721               24
   1.0065479448409287               18
   1.0393132479676674               17
   1.0259945024825787               18
  0.95764460046671052               21
  0.90839963492227915               21
  0.90680743275764741               21
  0.83057429699053509               20
  0.80986591121684381               20
  0.76429088596201467               20
  0.74215230119067477               19
  0.67710657742418512               18
  0.63422231345056823               18
  0.66956175465122936               20
  0.56660867612173271               20
  0.60347032278826285               18
  0.52650518688528847               18
  0.58268335952890904               17
  0.51589610650300288               17
  0.44597294223728379               16
  0.41488654943403441               16
  0.44085976892998613               18
  0.40498303832309823               18
  0.39275463700038438               19
  0.32307952595755685               16
  0.43306623160000385               17
  0.34410521000312377               19
  0.38153165706373160               21
  0.39069132644944388               22
  0.45799708599613670               17
  0.37037895981363606               17
  0.39130138013880761               20
  0.51047368092877954               14
  0.40644404673054874               18
  0.46639207893002349               18
  0.56550049271128022               20
  0.56784247442250790               22
  0.69840611994984692               21
  0.61818725899525628               18
  0.77219487961154498               18
  0.65852259341552466               19
  0.80375596944547290               17
  0.67956266406344557               22
  0.83564663765420599               16
  0.72434565345993374               20
  0.79541994278900929               18
  0.88100262234053439               20
  0.95308530693748617               24
   1.0298259882313472               19
   1.0493150721323230               18
  0.99781145915075398               21
  0.96346204187332418               15
   1.0039276932784125               18
  0.96261971775900845               15
  0.94359451551134277               21
  0.89309968845746346               18
  0.87067531019719402               23
  0.78145679440443194               21
  0.78148577721428958               21
  0.67816413752981464               18
  0.73589306737535531               22
  0.70807126326962389               20
  0.59292886716691784               20
  0.57925667365454769               22
  0.64987105096910724               17
  0.54667488777338769               19
  0.51564446454680213               19
  0.49420772914132560               19
  0.49491300130963783               19
  0.38307616124650284               20
  0.34275733552015120               16
  0.35606384605191121               18
  0.42039597767668058               18
  0.33383705438567168               18
  0.31251100145709970               19
  0.39139387028378153               19
  0.42034194648387008               19
  0.34674413187125958               21
  0.32272485433131426               18
  0.34291684069075878               17
  0.36465670804263139               18
  0.50779163791775184               19
  0.45922435254384908               15
  0.43141453438933908               19
  0.49694672215397429               19
  0.53856972808598447               15
  0.49277323762932246               18
  0.55035854377347615               15
  0.58434066628437309               21
  0.65129694934415627               19
  0.66387308987406957               22
  0.62573121564568768               22
  0.71331701542782233               20
  0.76433869498118523               19
  0.86554514489030399               20
  0.88312809040167617               21
  0.94229462932000485               24
  0.90122937058277652               22
  0.97207792047040220               22
   1.0029856173765326               19
  0.99426741261110241               22
   1.0043874255224328               18
   1.0128223362768536               15
  0.96923010416098054               21
  0.83738272483568577               21
  0.80222222549926980               20
  0.78639122599773070               19
  0.78993152719041904               20
  0.77036038016423969               20
  0.72916667758109832               21
  0.62573421915701244               20
  0.66735803976006869               21
  0.57731046133175745               20
  0.51971087439057895               20
  0.52938122927961395               22
  0.56526352090027665               16
  0.46636617737647507               18
  0.43943874434821428               19
  0.46394696036908589               16
  0.35309872918630908               19
  0.43494873266583167               19
  0.25443320904633021               19
  0.35428906028750329               17
  0.36858897417427045               18
  0.26215362147711457               21
  0.35400135712138259               18
  0.30968212653481569               20
  0.30074458885125277               18
  0.29863323409781678               20
  0.41816477387311918               18
  0.33520901959437133               20
  0.36449749508230239               20
  0.30453278766229597               19
  0.40749267961911195               17
  0.44961934830796557               20
  0.54513598236936622               19
  0.59353217113775292               20
  0.59244947907023171               21
  0.63055289819566318               20
  0.62772604565543655               19
  0.69908092387072596               21
  0.72088569722122375               20
  0.73887171815628749               19
  0.76895105787466012               18
  0.81507949312238193               20
  0.74536311977734149               18
  0.77058842147373852               18
  0.85668462078267227               22
  0.96575615100976175               20
  0.99251568164875636               19
  0.98240129970575729               23
  0.90467218923469062               18
  0.98927310605503571               14
  0.89316744475937926               19
  0.86503526216504556               19
  0.87363026738420391               17
  0.86644266378229307               21
  0.70851698334392288               19
  0.73706539592264064               20
  0.69895714751701488               20
  0.69011032774517300               21
  0.61018462415873853               17
  0.57694336562761772               20
  0.45844526783318329               19
  0.45863375397743239               15
  0.48984605582222457               19
  0.44016462063251938               21
  0.43063198478781700               15
  0.38099716807473161               17
  0.31008996079083284               22
  0.33748669915106594               17
  0.38442416706673804               16
  0.28380785471216347               20
  0.31007512731515469               20
  0.24849696749001146               16
  0.23725290803387239               19
  0.24532124407234493               20
  0.30605192871613701               20
  0.20151247215367479               17
  0.33323971958357401               21
  0.24092942692875224               18
  0.30807134125958308               19
  0.34676003277492773               17
  0.40972995727346356               21
  0.49223928764543162               21
  0.41087152813886019               19
  0.44633325557336317               20
  0.53197798003741914               18
  0.54787749324012491               21
  0.63613875844771250               16
  0.67391696378104526               21
  0.74091175210062632               18
  0.75909317662157405               18
  0.76644844923197464               17
  0.73931296325696516               15
  0.89934145123693532               26
  0.90603565981493339               23
  0.94538395320280766               20
  0.93978297778526410               24
  0.96181230145488905               22
  0.94074798803535586               24
  0.92243786812231365               17
  0.93220545162932611               20
  0.88858325740422617               20
  0.89197966131027340               19
  0.82564268893392567               20
  0.77782055189481192               18
  0.81996263613271625               19
  0.75295965563501810               20
  0.73337738936148844               19
  0.69335101470581229               20
  0.55545226137693782               19
  0.60962916276494239               21
  0.57707930466032142               19
  0.55393543099803066               20
  0.52642969710560905               22
  0.49784226291513112               17
  0.37835128085591685               17
  0.44013372297989362               21
  0.34720250984868339               20
  0.31193328552709210               20
  0.30605804205291492               14
  0.30326496169327266               20
  0.26032899177606977               20
  0.26906556550690724               18
  0.12834844593182157               19
  0.29344742263258211               20
  0.18617095324841668               19
  0.23279686069289010               20
  0.31177716681515888               16
  0.26978636021235203               20
  0.29532896666422453               20
  0.42442274641825423               21
  0.35754084468651587               20
  0.44067952683060851               21
  0.44649588430658532               22
  0.50801377892258603               22
  0.57455467120528836               20
  0.61979615694852197               20
  0.64417968133302261               21
  0.66914426032404151               18
  0.69052712223527379               19
  0.66466978575176572               17
  0.70737073120198946               19
  0.78500193939841478               16
  0.84327710340544326               16
  0.80054027161217689               18
  0.90339322558318402               23
  0.86845709867109167               21
  0.97461326385353031               19
  0.93015224841497224               25
  0.91965086567950349               21
  0.95061069360977335               21
  0.98208432742004348               14
  0.91309944526848796               21
  0.80675858802503364               19
  0.85631322338482296               21
  0.74062784264444159               19
  0.67948951076798170               19
  0.64244960118005312               19
  0.63100506011255697               19
  0.64940288382880806               20
  0.55032013443095951               19
  0.47312452392655324               22
  0.45578119894592717               19
  0.37072898605774207               20
  0.49104861963148566               21
  0.40197605864552921               21
  0.34439053632569155               18
  0.30424996752596883               19
  0.27749583366658864               20
  0.30226655273562059               18
  0.17365018263949122               19
  0.22615206768180601               16
  0.21784795554479378               17
  0.19121924035958299               18
  0.21176250347087186               20
  0.14328925624336677               20
  0.17030926826970730               17
  0.23670075356825479               18
  0.20547094812221009               19
  0.30498443683059140               20
  0.33506599612912830               21
  0.31964205334238527               19
  0.38620413897005557               23
  0.46935688501504180               18
  0.49245973824507294               20
  0.50258128430195492               21
  0.50407683752248356               17
  0.50588315508511950               21
  0.54025158392171391               18
  0.67283536865827953               18
  0.70385636749798208               18
  0.74956281278860448               16
  0.82383633080618968               20
  0.86970145700552504               23
  0.85919118298208885               20
  0.91069170855629289               21
  0.91819564619746941               24
  0.96377666704968556               17
  0.95316570433530301               20
  0.92586827468239496               19
  0.93933081747660452               18
  0.90429206405277751               19
  0.90609762478506262               23
  0.86194080603423173               22
  0.77950204764953512               19
  0.80925671928714382               21
  0.66077684738949960               18
  0.62100724635065951               20
  0.59408136682924939               19
  0.52576177938833912               19
  0.51778579377483025               21
  0.46911267371724319               20
  0.55872499515768381               19
  0.46628432667346764               18
  0.36046160365863206               19
  0.43140416182287933               20
  0.35192504542287284               19
  0.23524709283537210               19
  0.20471822551502275               19
  0.24995925870062796               15
  0.21674716067890382               19
  0.28680939010445572               20
   7.8703029633094876E-002          19
  0.18033888480211560               19
  0.10753505641536736               20
  0.19073285610255589               18
  0.17069666626104890               18
  0.20972291785504593               19
  0.26686221411913996               20
  0.33394450393653174               19
  0.37674317747360242               21
  0.40888035781822424               19
  0.38022378332439399               20
  0.44951086836468040               18
  0.42766964829913273               21
  0.49591144438918738               21
  0.42971665635108169               20
  0.58508936923357824               17
  0.61711871407843455               16
  0.60250002972379457               18
  0.59250636173938365               20
  0.64043503390784640               17
  0.67860629684885709               21
  0.70548692608940233               20
  0.83936538259205140               20
  0.85800877369943951               19
  0.94040571049464161               18
  0.98446175809333702               14
  0.90924750259849851               19
  0.86493916401980564               20
  0.96960447226815472               16
  0.88367230324432022               23
  0.99069887044829885               15
  0.83245306614116565               20
  0.80085206865830949               20
  0.78854159014553904               18
  0.76595695539691244               19
  0.63145351246333847               18
  0.61639200938285110               18
  0.63799701094764827               20
  0.58654751711093167               20
  0.61230893875561865               19
  0.51347836154885340               18
  0.47793053918837575               20
  0.41561196986814503               21
  0.31206609740561320               18
  0.26419855163451894               20
  0.21923839435315945               18
  0.17431942895228622               16
  0.18728079669393605               17
  0.18543246003121469               18
  0.14714813905254856               19
  0.23413383313025682               18
  0.15768273900116458               18
   8.8280253786560528E-002          19
  0.13211671250016963               21
  0.22284294443479422               20
   8.7391727228585167E-002          19
  0.22929773836384582               20
  0.26240870733865185               17
  0.28500571194705199               19
  0.28600895679160626               18
  0.32155855802809769               16
  0.43191197459755759               20
  0.49767407261808222               19
  0.53845208623407526               18
  0.48992124948071397               17
  0.55499841905509240               19
  0.62548914189870242               18
  0.57573464696379451               19
  0.65722942961358921               20
  0.71162879858244465               17
  0.79773424981380847               19
  0.76839840991796182               19
  0.86000056005099434               22
  0.94913045492911186               17
  0.88589230744967007               20
  0.95990676610402903               15
  0.92079152972280154               19
  0.94559495878745348               16
  0.81760654243244935               23
  0.87416137376190062               25
  0.80214246010816703               22
  0.88671363597819675               23
  0.76339899525908594               19
  0.69805514266771762               17
  0.75462933000585775               18
  0.72717212110135521               20
  0.68883408882696406               20
  0.56770177657702903               18
  0.62788988471095464               19
  0.49235361609409178               21
  0.43796076645913556               19
  0.44472140808980376               24
  0.41093356081279547               20
  0.35817926918520876               20
  0.29329490062466002               18
  0.33670728174864262               15
  0.31573963660642979               16
  0.13784881624411560               18
  0.12962993562367367               18
   2.0189033452788205E-002          21
  0.14512982329653298               20
   5.6095898687970575E-002          18
  0.15882342694406135               18
  0.12369980630778835               15
  0.13535396434085287               18
  0.16409271213954471               21
  0.19364796631112544               20
  0.27229648846352394               18
  0.24274177790005766               17
  0.36588450121187055               21
  0.37942601601944892               19
  0.38543310225409055               15
  0.40395421148881816               18
  0.39412591509591355               13
  0.52780105895859619               20
  0.53623490579016708               20
  0.55899977820872737               20
  0.60604546080234756               21
  0.65551456004970921               20
  0.71444410470216502               18
  0.76868953756636216               19
  0.82382805734635822               20
  0.85067006323390759               22
  0.89054623549248590               21
  0.85321824394099588               20
  0.95170985101594996               15
  0.88680702208716788               22
  0.90133016522871712               19
  0.96600255481111141               19
  0.96587026523211039               18
  0.88593078929024727               23
  0.84377221203147634               22
  0.74600036649174617               18
  0.80851070184720020               21
  0.71585672496806940               17
  0.68850934958311028               16
  0.62554794913070222               20
  0.50505690439585937               19
  0.46220576494784654               16
  0.53114572490212719               19
  0.43353094958158506               19
  0.43215370029577083               19
  0.45854133054542512               19
  0.40078943827042124               21
  0.35142900471540728               19
  0.23780054835184500               19
  0.26424099950380697               18
  0.19598471185706284               18
   9.8938271833163019E-002          21
  0.18269591329129931               18
  0.10746521002121762               19
   5.8810295228487908E-002          20
   9.5496666913132980E-002          19
   2.9370956958441951E-002          19
  0.14378327584428538               20
  0.15368563384966910               16
  0.27572459513760184               17
  0.19455785850270715               19
  0.27658574917947382               17
  0.38475933360325065               17
  0.33759983340890448               16
  0.31212669808490007               17
  0.46065870133407205               19
  0.38893033330038085               14
  0.43244179250770903               18
  0.55887784991654466               18
  0.56449364086086884               21
  0.61018740808909566               19
  0.67778665495491996               17
  0.78934210595030130               20
  0.68088880354826142               18
  0.74042408850432351               18
  0.79784909429828010               19
  0.86920706926351388               23
  0.90277363121671550               22
  0.94590232274383756               19
  0.90719838988642854               17
  0.88185619641485546               25
  0.93955969153009355               15
  0.82682118142672101               22
  0.92953826577995946               19
  0.81600081295153770               22
  0.80894742578211309               18
  0.72747381494637164               17
  0.71282726222725146               15
  0.66266246872315837               16
  0.59053706419541230               18
  0.53827379461606262               22
  0.55626852394755166               19
  0.43334581695354846               18
  0.54125817608790217               19
  0.41985614372915392               17
  0.38466574383543939               20
  0.29981049784828767               17
  0.34251339402537156               18
  0.26071451350961972               18
  0.21781900232712631               16
  0.20087822544220224               18
  0.18839460853111570               17
   7.5326330450973603E-002          20
  0.10978277478312037               19
   1.7100037427543208E-002          23
  0.14930201438397070               16
   6.1186769792712689E-002          20
  0.15136779170450804               22
   5.4575553718506649E-002          21
   9.3149568408931585E-002          19
  0.15103332600795816               16
  0.34076043732826689               19
  0.27635512563580505               17
  0.26929624435247618               18
  0.38570485137267546               16
  0.42026179156650745               18
  0.50756336560488879               17
  0.49921092468689721               16
  0.61087547443316736               20
  0.56864051787921810               21
  0.65013919225231909               19
  0.68638209534126382               18
  0.73563772013524831               18
  0.69093412077261118               18
  0.73537648103637421               18
  0.80762815321149117               19
  0.82604835213944838               20
  0.95004524822646541               15
  0.89519236879830477               18
  0.94141653142430926               20
  0.91714264098007936               20
  0.94883205405561988               20
  0.86313669404692661               22
  0.84096799892093677               20
  0.70665738408134815               16
  0.80053403793899980               19
  0.68396612499953624               17
  0.78341591295761415               18
  0.66263827693794008               18
  0.65424511788436768               19
  0.60647648808079557               17
  0.61791688401723455               18
  0.54917427546843134               16
  0.36599680571067217               19
  0.47893053077444386               20
  0.40771254190524225               20
  0.35807122505697070               19
  0.27559773585875125               19
  0.31473310618253969               17
  0.14130006994196170               13
  0.20903970458011339               19
  0.10626349334577764               20
  0.18344198848074308               19
  0.14198439599595808               19
   6.4276424758261133E-002          22
   7.4514110617884738E-002          22
   7.6324479655283300E-002          18
   9.2142445312530186E-002          19
  0.23503918688051334               21
  0.22563457824402364               20
  0.28129335925476401               19
  0.22575300702954004               22
  0.24207877259755969               16
  0.37302509090324526               14
  0.36721181704770650               17
  0.46934657724651968               16
  0.49554286040893147               19
  0.49012785717394813               17
  0.54270116488872866               19
  0.58011280945175558               22
  0.57221858182010032               20
  0.60351102081313601               20
  0.65613112634961512               19
  0.70154679018508448               19
  0.76083321242744806               16
  0.72696478863703173               18
  0.85613794752866079               19
  0.85297064641041109               21
  0.93858037745710132               20
  0.92605624409043019               19
  0.84970891821513805               25
  0.94108669404650835               21
  0.88498107286239025               23
  0.91541098905618812               20
  0.84528904141397510               21
  0.75909507936326293               20
  0.70407568710494173               19
  0.74205858281981929               14
  0.69916796694320815               16
  0.58888637675468647               17
  0.49699490909203103               20
  0.47600509437975830               17
  0.52095102012850092               18
  0.48978921202175274               17
  0.48112774764647259               17
  0.42112837055890873               19
  0.34985679584078666               20
  0.29373065721935276               17
  0.25187364530709755               18
  0.23591230270186908               18
  0.24675151553410526               17
  0.25134122640125584               16
  0.16502263104789169               16
   7.7659461131549118E-002          19
   3.4944083151674465E-002          20
  0.14340607893995747               16
   4.9629070799252564E-002          17
  0.16186809019838322               21
  0.18055043953796424               18
  0.21670881950928544               17
  0.19612901843072669               20
  0.30902243117103378               18
  0.29851102724317224               20
  0.30965883948252959               16
  0.41506651256478955               15
  0.43965778956310547               15
  0.54432513682644867               17
  0.58262945875039640               17
  0.57750911939978833               19
  0.50870262134503341               20
  0.66092426281654915               21
  0.72773755641856197               18
  0.73667416970980437               16
  0.80908346048107349               19
  0.82839452620128928               18
  0.76630221245372554               15
  0.85354780059933411               21
  0.89163352770280746               25
  0.89504029709284616               22
  0.87669541708914100               20
  0.93082246846014438               18
  0.94613663721532548               17
  0.93509241743534743               19
  0.87609647246756794               22
  0.82102855794215335               17
  0.76579865119530854               17
  0.78696550139686827               18
  0.59673243524831487               15
  0.64372313880381837               18
  0.64738386065960007               18
  0.56249645863506659               17
  0.47484105286705236               18
  0.56931113512844089               16
  0.44600561872378308               17
  0.39652353038165672               16
  0.34433821688469679               17
  0.35390485788668363               18
  0.35562010066205046               16
  0.32321888472795340               13
  0.26470950794608861               22
  0.27626650244620971               17
  0.18726520863149601               19
  0.12125067796388696               16
   8.7586785283397278E-002          17
  0.19881152409491146               13
   9.3285253362719617E-002          22
  0.11430207610581973               17
  0.10404920777026469               19
  0.25952064384954671               19
  0.19818684389466415               16
  0.22321885037605063               19
  0.34695259397756034               16
  0.24553488406573773               19
  0.39056353922423459               18
  0.38365597370636961               17
  0.45772581129673284               19
  0.38461396229500583               17
  0.44714949633409212               17
  0.57956975376321263               20
  0.62297140624580050               20
  0.55784384646959284               18
  0.63065579498169433               20
  0.70146442296034273               19
  0.74739201071167305               19
  0.81360959890589990               20
  0.87466751850678270               23
  0.83787021244107940               20
  0.96066909710423842               15
  0.97309779190945556               15
  0.91021639106188623               21
  0.91254214994170568               23
  0.95428618102851681               21
  0.94070261185483628               19
  0.80011319869570752               16
  0.88372189015775537               22
  0.84264872496238197               21
  0.79750090245588123               18
  0.68465395915824334               17
  0.70672760882239138               16
  0.68087756185439730               17
  0.61599715835241298               16
  0.60015760566981968               15
  0.57131726151608875               15
  0.47627135146091409               18
  0.41870950447985772               17
  0.34108531135609527               16
  0.46713277838974770               15
  0.34438150949227986               15
  0.27855289374161779               18
  0.30316991506573415               20
  0.22212309510264219               18
  0.25299977594802542               18
  0.14572375362946163               16
  0.22088583156755065               16
  0.26402883783149012               17
  0.15935891225724574               17
  0.21405218906850274               16
  0.13642995817872919               17
  0.29054676820369629               18
  0.14936499297385364               17
  0.27231305144588708               17
  0.31313652551567844               15
  0.33818592063688308               18
  0.34337176599836888               18
  0.36219126741264862               19
  0.50396740966597176               16
  0.53622664128752118               18
  0.47975571858502858               18
  0.52267849388725673               18
  0.68716115622564122               19
  0.67554892296047986               17
  0.65505821718895119               18
  0.79066320835222548               22
  0.78037244814058371               19
  0.87334426929137099               18
  0.83793239112499329               20
  0.90385570559173001               21
  0.96567670129513061               16
  0.88348535335133993               22
  0.91597048382541235               22
  0.93301966576361828               18
  0.97098647790492576               20
   1.0043321668790939               19
  0.92905798090514491               19
  0.90657867180943963               22
  0.83977844458571138               18
  0.73980316570971782               14
  0.73697804494429797               16
  0.68799860631160015               17
  0.65489226657547817               16
  0.60694937731649723               18
  0.52042491952851178               15
  0.62162497950624707               16
  0.56514992822053556               15
  0.51392647995320984               15
  0.47107836120441787               18
  0.42184215197434749               16
  0.41120493639605221               16
  0.38101406877090288               15
  0.31207752240251441               16
  0.30195271022565745               19
  0.18430719477295057               14
  0.28487603202991346               16
  0.26008169493792055               18
  0.15126460934535091               15
  0.21212295210431170               17
  0.17829616732746903               17
  0.25733302049259138               17
  0.25985013007369601               16
  0.25982364642357020               19
  0.33172115660304635               18
  0.40541399440814424               15
  0.32497353197510526               19
  0.41968769859773564               16
  0.45155837904284357               16
  0.49195213563831258               18
  0.44865676503442525               20
  0.53740734853063588               21
  0.56901780328613971               17
  0.62456382531170840               20
  0.73003956712278473               19
  0.66069146467186657               21
  0.71391883728299421               18
  0.83487284368930381               17
  0.74627423927252712               18
  0.90779908442127089               21
  0.86995942225707756               22
  0.95584996565214131               18
  0.97663118226986056               18
  0.91929973044825619               21
  0.97712571030783135               18
  0.98046194096205219               18
  0.86907860058870012               21
  0.88988322770787243               20
  0.83428390801814301               19
  0.79255308750870657               18
  0.82315779532339473               18
  0.78947638929518604               17
  0.75508483485963251               18
  0.73303120554979195               18
  0.70121371848309189               16
  0.62601023930309119               15
  0.56064919547039060               15
  0.52909635136834710               17
  0.46136822013984602               13
  0.56653673878363653               14
  0.47516002045966638               18
  0.47010192329085149               19
  0.41918779858298677               16
  0.29355177619298606               15
  0.34986403031468660               16
  0.22338610018398991               15
  0.30635119552841333               17
  0.33178384354643770               18
  0.29322287858512391               18
  0.24910340636969736               13
  0.18968593863394961               15
  0.32530924847088388               20
  0.24640077357243853               17
  0.30058729003284673               16
  0.28378395680826835               20
  0.34397413799851867               15
  0.34553204293432815               18
  0.46510278049123682               19
  0.45068841085820849               18
  0.44825483459408461               16
  0.50319324053903469               20
  0.53717679405606178               18
  0.62267713500165844               16
  0.61582530111039013               19
  0.61707828856366143               19
  0.69869390806964971               19
  0.72091044251311864               17
  0.76252770821172777               21
  0.85112930557059452               21
  0.91302471350673264               22
  0.94620359568652701               23
  0.96095048385531867               20
  0.86784394946362786               21
  0.93445695004489127               19
  0.92703108331550332               22
  0.89662299987268701               21
  0.97184719121130447               20
  0.91569057476380966               20
  0.93864759082965543               20
  0.86993304958759110               19
  0.82772525531109720               19
  0.78189378874252069               17
  0.73176086090534465               14
  0.76539892665745535               19
  0.54711516041278885               17
  0.66448974313209441               14
  0.64395399929994046               16
  0.58546268566697413               18
  0.51419802321668828               17
  0.50503227667125161               20
  0.43902547179227702               16
  0.42345176301655174               16
  0.33153032780825703               17
  0.43548585490396402               20
  0.39218306702322281               16
  0.36351039917107708               17
  0.34026533999951702               19
  0.33691533729837553               19
  0.28404448346230798               16
  0.36041506825670871               23
  0.27122625413881063               16
  0.35088725170471924               20
  0.37097987735441779               19
  0.37990925521886587               18
  0.40884967277187884               18
  0.40671601882654018               17
  0.48655720834226640               19
  0.39546816794573048               17
  0.54261580406276055               20
  0.51178118534306360               17
  0.59607534380418048               19
  0.63028683606647895               19
  0.56350685973715053               19
  0.60935804605839994               19
  0.66704092182045727               16
  0.75067950942068928               20
  0.77019045900288541               18
  0.82284870191029158               18
  0.86388231145948002               21
  0.83951202389868085               18
  0.87204812563426404               23
   1.0232180105064552               17
   1.0150670608200711               16
  0.95669228552633756               19
  0.98048023573796450               19
   1.0400566764910906               18
  0.99573189080248792               17
  0.96978249494014435               19
  0.84724157628708274               20
  0.84573774585422923               19
  0.83695757654574510               19
  0.76687136069095818               19
  0.74942498092499943               17
  0.65287439085448007               17
  0.74510707147285282               18
  0.69505333361845434               16
  0.60616152580961236               14
  0.61671840705959347               16
  0.50207264737163826               17
  0.55848983944567820               20
  0.50720735560992714               20
  0.47038760194479562               18
  0.38914382235095923               19
  0.45460220175630395               19
  0.33507437353982661               17
  0.37095882646419409               17
  0.39275374141578079               17
  0.41734584665268576               19
  0.29390586104896432               18
  0.40680825161979584               19
  0.35126289037853126               23
  0.30222543064081658               17
  0.34040669610847474               20
  0.37886800830473555               19
  0.43760128807617482               18
  0.43137335467427712               18
  0.50488171961118589               17
  0.45551724208803845               18
  0.50181751376360062               19
  0.50687588753884216               19
  0.63798750141133387               22
  0.55039996779525402               19
  0.62327025030478278               19
  0.72173978787493476               18
  0.65384797903837488               20
  0.72124237400114233               20
  0.81720460782781690               17
  0.80878644335281935               22
  0.79626112430234042               20
  0.95730165222089059               21
  0.86553679894606483               18
  0.89778044473219110               21
   1.0300502494384334               15
  0.93389139432572910               21
   1.0063060093971441               20
   1.0167240229766346               19
  0.94268876719117611               19
  0.86061828250411332               18
  0.87735022518508232               19
  0.89184079263536142               21
  0.83098276965422702               18
  0.79010184484963808               18
  0.76533392665331512               19
  0.67141898441680281               16
  0.61890241239314536               17
  0.63709343970149401               17
  0.61276426568457165               17
  0.56707271554941530               20
  0.57986365095212655               18
  0.57873170800515217               21
  0.52564496410613704               19
  0.54378479854507533               22
  0.48773845726565124               20
  0.46701240582933473               20
  0.41987835111168625               19
  0.38191589570170592               19
  0.33194218893696809               19
  0.33920633757173435               21
  0.41857307891920120               19
  0.36336141809540484               22
  0.40883288665378636               17
  0.39602892340845985               17
  0.46066291831683503               20
  0.40130796132544760               16
  0.34132867896074026               17
  0.48365996544373319               18
  0.47439457572698773               19
  0.52342357793083361               19
  0.59542602173503612               18
  0.57531139446813762               21
  0.59354696690780373               21
  0.68046905190892470               22
  0.66618502581807337               19
  0.72264878944676703               21
  0.66812824705181928               22
  0.77753997306302280               20
  0.76691401311237117               20
  0.80251378524972816               19
  0.90212742101196730               23
  0.82952145142938838               20
  0.89246800298161444               18
  0.95048546302634196               19
  0.96600660372366398               20
  0.98408121911679936               20
  0.95483211500093002               20
   1.0344483359379972               17
  0.90944596006871192               20
   1.0055238389321157               17
  0.94570173695479187               20
  0.84505300143603468               18
  0.85129270344772201               20
  0.88763143692858715               20
  0.80851789961476417               20
  0.73250175573359588               18
  0.69059154473757922               21
  0.71541979559493596               16
  0.67043779621014210               20
  0.56390034815899059               17
  0.65134476813991982               19
  0.63435333656249904               22
  0.53589682291475071               18
  0.51534527278982278               15
  0.41330676690412005               17
  0.47034036350399799               19
  0.39864754006265213               19
  0.43490083595975543               18
  0.43534394252307090               16
  0.41217262162658619               19
  0.48814358925695650               23
  0.43717270671595970               19
  0.39969516661640236               17
  0.50928381004147738               17
  0.41189350282047865               18
  0.53863618366283716               13
  0.51062849401466237               18
  0.50076864392006060               18
  0.55882822456769565               20
  0.53023412951168836               19
  0.60921467170422250               18
  0.57707048129056859               18
  0.68549624609739479               20
  0.61436076764123659               19
  0.65368775498946796               22
  0.81700210729664280               18
  0.71319581871842896               20
  0.73632795341947610               19
  0.85386830480833720               15
  0.84865950342996821               19
  0.86593988564027713               16
  0.90092168314235821               19
  0.95798070504054345               21
  0.95856142788768595               20
  0.99811991264455102               22
  0.99167328413666012               20
  0.96977319099713555               24
   1.0536667401267905               17
  0.93779163759204820               20
  0.90982133359571005               20
   1.0001078734439794               20
  0.89510383893003465               20
  0.80540531919878322               20
  0.82148314234377307               22
  0.84762842348259626               19
  0.79660064600343983               19
  0.72540633845726210               19
  0.66078068668597700               16
  0.61922744072274005               21
  0.66945256851066648               20
  0.60982077858628314               20
  0.51013498126809842               17
  0.63728351402711436               22
  0.56359211581146529               19
  0.53610427069946132               19
  0.48754458020054336               22
  0.51326742397748881               22
  0.44890291027290102               19
  0.53257945909046356               18
  0.41656653456730763               19
  0.49875586530354371               18
  0.46553896263023831               15
  0.56534031067148249               18
  0.42866607122134059               21
  0.44908246377637173               18
  0.45328344167847917               21
  0.51552278448435118               18
  0.53451974534440916               20
  0.58181081414860825               19
  0.59307803074471155               21
  0.57679105860010771               18
  0.63136175851863174               17
  0.55495379566388781               18
  0.72434094632498747               23
  0.75686813399293618               22
  0.68171307057525288               23
  0.76862204911132037               17
  0.78951920496862993               17
  0.87747840354196982               14
  0.85131081377753304               17
  0.93895068681146032               22
  0.97516186787400472               20
  0.95749271281162829               20
   1.0665473377509695               17
   1.0207648257742634               19
  0.98860607735865325               21
   1.0268917800466029               19
   1.0913482477910630               18
  0.98597641904418132               21
   1.0571026590483128               17
  0.95740769005708959               21
  0.95682710109576108               19
  0.91114422108271564               18
  0.94078120345636307               21
  0.89732452198544976               24
  0.76627264887709101               20
  0.72150931978232125               17
  0.82623190713193695               19
  0.76377875275132323               19
  0.74906941179179110               16
  0.69508615693489006               20
  0.59727980440649986               22
  0.64281945804867435               21
  0.55746057139576377               20
  0.60171607532936089               20
  0.61821989075744632               20
  0.46928763568983139               18
  0.55526862556066958               20
  0.48839434072044724               23
  0.52840306772371992               20
  0.44270288743698027               19
  0.51772820323604429               16
  0.58795151238022580               18
  0.59257116857287451               21
  0.50384750813923496               16
  0.54704529935248203               18
  0.50883636296265078               16
  0.56495069986578383               21
  0.64297868957271365               21
  0.69673154119109326               19
  0.63745456995607885               17
  0.61821373765627952               17
  0.63092262887539152               17
  0.62450216851975404               18
  0.71984004367344800               21
  0.72220663002625662               19
  0.74252383232223362               18
  0.81881788424303781               17
  0.93612125843958760               16
  0.88088373046822799               16
  0.91401416763372023               16
  0.99259353060647093               17
   1.0079073063322048               20
   1.0459605570843262               18
   1.0468917687353796               21
   1.0387947165575431               18
   1.0402174058985176               20
   1.0457155403380269               21
   1.0716482259062958               19
  0.99774031021328580               21
  0.96719786486395565               23
  0.97890402617998129               18
  0.83900984350919605               19
  0.91149406234902519               20
  0.77247922292103477               20
  0.75510426241528683               17
  0.84540829208588619               19
  0.77908407860311002               16
  0.68002701982277702               19
  0.69689192736875882               20
  0.74789993958894385               19
  0.65225662433769815               22
  0.67873911825296684               20
  0.61668622612340362               17
  0.47564375852897456               19
  0.60002938144888662               19
  0.52088851372085909               21
  0.59996192601974585               20
  0.56677073124978394               20
  0.53160584051391857               18
  0.57288090511690171               20
  0.56212146082140124               17
  0.46137267943474664               16
  0.58895913525894561               19
  0.65274171836493999               19
  0.59832896499471355               20
  0.53164769474381401               20
  0.62095124458611028               19
  0.48833000416658295               17
  0.60349858986894245               17
  0.70167447116298143               16
  0.68556050352673792               16
  0.67862998802098429               18
  0.72689271848286841               16
  0.76109609294042235               21
  0.76849817648550212               20
  0.80880161722020594               18
  0.89043328998228632               17
  0.84728059363982722               15
  0.93990930740615308               19
  0.96976527685682223               17
   1.0323822901720356               21
   1.0062004036005066               20
   1.0317220460252563               22
   1.0868428478685228               14
   1.0980041220561998               25
   1.0414589089008797               20
   1.1034041530071421               16
  0.98681190386488071               19
   1.0907729873319929               17
   1.0080037601127989               18
  0.90352312490677333               21
  0.93200218170327609               23
  0.88492619078016499               21
  0.83695495990547608               24
  0.81529616882423483               23
  0.79903020091144605               23
  0.86532248748027196               20
  0.71664940644836084               18
  0.74331578129209808               20
  0.75489950387219040               18
  0.65828693297648400               18
  0.66810643102036493               19
  0.67670555587520143               20
  0.66941858975486046               21
  0.56527392123467701               18
  0.67474019378559102               20
  0.51250036221897333               20
  0.61898759196955666               19
  0.68242927571896328               22
  0.59244303008967303               18
  0.52013127681997684               18
  0.60418922630194238               23
  0.58651124758755602               17
  0.62953260823104273               18
  0.64006589434832117               21
  0.59215253158212944               21
  0.68371062928399839               21
  0.63856678787694887               18
  0.69949711873810250               17
  0.75525230749400130               20
  0.73167287209702536               18
  0.74174498143819045               18
  0.73421188913474589               18
  0.79825009693183002               18
  0.93208436120434113               18
  0.76915979943109836               21
  0.82783588321213020               17
  0.95112314214663285               18
  0.90075368087844854               17
  0.99977167670085221               22
   1.0437539867865704               22
   1.0049051223891898               23
   1.0926854742614303               25
   1.1085874669920666               17
   1.0544721293257320               16
   1.1043305668491024               19
   1.1151192793805296               17
   1.1163203735853573               16
   1.1336911165436288               15
  0.99398018119253262               20
   1.0132516699392076               19
  0.94364692488197799               19
  0.88640895353904592               21
  0.91378676581077056               19
  0.85611254866923470               22
  0.89184284462087426               21
  0.79127843651704088               16
  0.81237091133221118               19
  0.80631225974720233               18
  0.81183328191254212               22
  0.76964911399979552               17
  0.70346104100739226               19
  0.68794300523101382               19
  0.63545242258964640               18
  0.63610230800766698               20
  0.63648597743328894               20
  0.59327687878348412               20
  0.61416284218344075               23
  0.60494829379754389               19
  0.62889931821204215               19
  0.55806923177163004               18
  0.59499925122322106               17
  0.66966999953538631               23
  0.67710689100525823               22
  0.68850870322599722               17
  0.64367433211084368               21
  0.72221726142769571               18
  0.62257980870671970               21
  0.66168127321476611               19
  0.65982224448616456               18
  0.73714378917019219               20
  0.78288845997428280               19
  0.78303662529042461               19
  0.78455732771630493               18
  0.84105118038591375               19
   1.0179978670501275               20
  0.98060931385806860               20
  0.88038583166426942               15
  0.98171348136385228               17
  0.93870850060732913               18
   1.0749617940360294               26
   1.1031266272018105               20
   1.0700823866064233               18
   1.1433994457560910               12
   1.1344816160328681               19
   1.0789085543544248               16
   1.1386608307553827               15
   1.1722090759465671               16
   1.0345260879238505               19
   1.0628565051975802               15
  0.98555119143705794               21
  0.97365758488199661               18
  0.97237596025229600               17
  0.92007505729902184               20
  0.94848151258582647               18
  0.91561774383521011               20
  0.84406757588217995               20
  0.86446305026064940               18
  0.83133162960397877               20
  0.81588358929039428               20
  0.68982987372906723               21
  0.78610671070037330               17
  0.73628191159624246               19
  0.70928701030541441               18
  0.68595489449100244               21
  0.66404330443734538               21
  0.62197630980108842               21
  0.69334541877643363               22
  0.68431478168065873               22
  0.69161099405031956               21
  0.65871368834747779               20
  0.70023650000426940               20
  0.62981732920630740               19
  0.75231525400275223               20
  0.66660911624365338               22
  0.75086740299259302               19
  0.66923758435104042               22
  0.70696216144830404               20
  0.73733250277530626               20
  0.78864054818682205               19
  0.81771917302057839               17
  0.83012306209490805               18
  0.81017120328575687               17
  0.79240327553681589               19
  0.97133283116655644               17
  0.82891520973835742               16
  0.91371631704339029               16
  0.99898115878538518               22
   1.0407310011615445               23
   1.0112529507020405               19
   1.0727994940907977               26
   1.1323178158904310               25
   1.0437756372465619               21
   1.1160145108384159               24
   1.1712648114823563               19
   1.1122465396796068               20
   1.1814570323977416               16
   1.0572798723575429               18
   1.0743693778030956               18
   1.0149402919277339               18
  0.94138519132867648               20
   1.1492667876265725               21
   1.0352527855743543               17
  0.97266116785223999               17
  0.85213687433716878               20
   1.0143065025183859               20
  0.92690419172483540               20
  0.86558225609028683               23
  0.90222090834533630               23
  0.81505231994721949               16
  0.86137509464388717               19
  0.72277737128212594               17
  0.83918637633359516               17
  0.75935467713339788               19
  0.75554782382819696               22
  0.70502382442391232               19
  0.74415588674591437               18
  0.75506127760610697               20
  0.66049907610615521               23
  0.61973605395442166               18
  0.77712072287189260               21
  0.72791430969472259               20
  0.68580041354560439               20
  0.71428904440911634               21
  0.75961021681462970               21
  0.73896122670662689               21
  0.69289050615169645               18
  0.73572474817237155               19
  0.80212552581171237               17
  0.81838298237385099               19
  0.70452046854902628               17
  0.88316038392792862               17
  0.88228486402910444               18
  0.81440848092080875               20
  0.82847135149473816               14
  0.85535708927201848               18
  0.97898901805806793               17
  0.96499596441316760               15
   1.0385746013513795               21
   1.0307973331042393               25
   1.1178954328266684               22
   1.1168898271514831               24
   1.1296340804376794               15
   1.1680298831475127               19
   1.0861972371253885               26
   1.1218646975771545               19
   1.1750136291639490               15
   1.1825723425034449               18
   1.1123001943474808               18
   1.1366174558479345               15
   1.0097561015789527               16
  0.97286065703410596               17
   1.0643062904409402               18
  0.94384125621241421               19
   1.0553751469113204               14
  0.98122788470792266               20
  0.89641358693470474               19
  0.90802884853583965               24
  0.96165504824433290               21
  0.86644236946815323               18
  0.91402128934592297               21
  0.75207800006306058               19
  0.77667357676174198               18
  0.84961668838014259               17
  0.79506601000672183               18
  0.79683196533344025               19
  0.73137671468121335               18
  0.72098229669310687               21
  0.72467225519091039               20
  0.74995252245761934               21
  0.67570938684945758               20
  0.73244497337182857               18
  0.77776405345887245               20
  0.72116408962265188               21
  0.78295120441980515               19
  0.78956818787518557               18
  0.77701897513134699               18
  0.74805333977693889               21
  0.82292416421731962               20
  0.88871384936393194               19
  0.76230007019374524               20
  0.94684552892279450               21
  0.81096969373513916               17
  0.89073973247962746               17
  0.88013303834648493               15
  0.96605013355321057               21
   1.0075882947726975               20
   1.0671172499401251               22
   1.0625123333799158               26
   1.0832339428020972               24
   1.1631170600715048               23
   1.2137487946449101               16
   1.1118827245963490               24
   1.2031982150716203               15
   1.1219207149201393               23
   1.2428019124529408               26
   1.1938254214936721               17
   1.2705231688714524               20
   1.1510978071805069               17
   1.1744196504585938               23
   1.0790905843919638               18
   1.1006539859293960               19
   1.0432492518564358               15
   1.1079698307184702               18
   1.0599709725965423               20
  0.93632202299102074               21
  0.97813766469672536               22
  0.97516841654807529               21
  0.89746115688368477               19
  0.85295902454114481               18
  0.92264660943970245               23
  0.79793843818045807               17
  0.86934329798799670               19
  0.87627690903894884               22
  0.81478840525189111               19
  0.74013602942841605               22
  0.86681538427226867               19
  0.79442790467902891               22
  0.72496943937370284               20
  0.82813341128360574               21
  0.74809855359027277               22
  0.81336662809735416               18
  0.81943318336360926               24
  0.75669945368967095               20
  0.80524822055944567               17
  0.84204645677151080               20
  0.79792700743082667               17
  0.83141072254917969               17
  0.90436602043714354               20
  0.85823680627557541               17
  0.91240017656929950               16
  0.98952462207927594               21
  0.93403870920284959               17
  0.93834321928504671               15
  0.93834825041200320               18
   1.0076867883927869               19
   1.0136104285361236               19
   1.1006652679131514               21
   1.0184198447273194               19
   1.0871765011221772               19
   1.1115386962444864               24
   1.1643066621397502               26
   1.1704714002342818               20
   1.2323619541820454               14
   1.2103530300158643               18
   1.2689542000150544               25
   1.2206411207821430               16
   1.1820425168127136               21
   1.2484529630280079               24
   1.2017420881431229               27
   1.1344431189351605               18
   1.1652387284312207               20
   1.0681649430604432               20
   1.1432733078774981               20
  0.93361341559009059               20
  0.99334398702495841               23
  0.91586629779453099               19
   1.0205358061946976               23
  0.86882955268027373               21
  0.96505381707388960               23
  0.94870481496110826               25
  0.95374960686411014               23
  0.82243141031616662               20
  0.90909364102381629               25
  0.90254017388680818               18
  0.79830332556161654               20
  0.78800623883889143               19
  0.86187061540178922               20
  0.76534497495229781               23
  0.88183407530836966               19
  0.77227170254318334               21
  0.88275507026212841               19
  0.84374550939082893               19
  0.84562165798397282               19
  0.80209267999095668               18
  0.87066781854361253               21
  0.83467295832114830               19
  0.89118123123607718               19
  0.95101586727669363               22
  0.82370001973369444               20
  0.95265049335881635               20
  0.86711960798615095               20
  0.94108288806542351               17
  0.97113180186942993               26
   1.0619272001985935               23
  0.97832134163900908               15
   1.0815276236094589               21
   1.0546292172182898               20
   1.0957777129214883               20
   1.1882462536420346               25
   1.0878362336465610               19
   1.1472991830336992               24
   1.2102041021159704               25
   1.2096232708833934               21
   1.2151009275870930               20
   1.2926492464732473               23
   1.2663783285325734               20
   1.2750166059619616               23
   1.2291446617242154               19
   1.1590408195464277               20
   1.1829812166431921               23
   1.1508143527624368               20
   1.0336669974435693               20
  0.99005420371964425               21
  0.99174788384916324               21
   1.1072767095214329               18
   1.0556868558397068               18
   1.0317243630158530               19
  0.98799149357506288               25
  0.93759194552282044               20
   1.0190453666961659               20
  0.81949774264202080               17
  0.92660075543130238               20
  0.83338756219401200               20
  0.81801597470547582               21
  0.80476156035775293               19
  0.87163660247583863               23
  0.91663319041773739               18
  0.81398297508470607               20
  0.89918828383256200               23
  0.80841708013579594               23
  0.91516853153421596               19
  0.87142483981683561               25
  0.79687502465831961               18
  0.97671764306849862               16
  0.92203682993066294               19
  0.89577066348985845               20
  0.92181631339873715               17
  0.86765612969154404               17
  0.90191895291285196               22
  0.97382714140598081               24
   1.0483902968581151               22
   1.0119397894149731               23
  0.99506525756147102               20
   1.0693319894280788               23
   1.0009130227238019               24
   1.0712185861076151               20
   1.1290606982172540               23
   1.1025548433475487               19
   1.1687172835775834               24
   1.1257129537418185               23
   1.2064951183496946               22
   1.2907836825986652               17
   1.2466217907262209               22
   1.2483662487835341               21
   1.3189717524329216               21
   1.2655301796920544               22
   1.3604712004307156               20
   1.1997880050181560               25
   1.2348871638449426               25
   1.2371912109605883               16
   1.1780023416870811               20
   1.1313728000808443               17
   1.1006038601120471               20
   1.1440411981395269               15
   1.1047636975355144               16
   1.0821256765847083               15
  0.98819316564899073               26
  0.98193256331900203               21
  0.97762471351137181               24
  0.98311502208557622               19
  0.92250472978644815               22
  0.87996937145351817               18
  0.86968174930808861               20
  0.90863495520914961               21
  0.92294255893403887               18
  0.86897910593524297               22
  0.85190440861804750               23
  0.97434005865861517               17
  0.86086510115357195               24
  0.92131704228023592               17
  0.94794549697767838               20
  0.87318157270213737               21
  0.90581668850816655               20
  0.82458089319339700               21
  0.95858307300549606               18
  0.97559734105569296               19
  0.92709241826356414               17
   1.0310183134986595               17
  0.98198115131524177               24
   1.0423909734913199               22
  0.94965606165452066               20
   1.0236641771148112               23
   1.0429840965611989               22
   1.0779232408019963               18
   1.0914759293494649               24
   1.0795604654333100               20
   1.1509752798140676               19
   1.1364439499670025               22
   1.1382204820960380               21
   1.2907412925384432               20
   1.2578646587858473               24
   1.1865609279749625               20
   1.3164477632999214               15
   1.3067295589111045               18
   1.2567138957446169               25
   1.3462789025280217               19
   1.2768779754855597               22
   1.2465976483719423               25
   1.2203468894355571               19
   1.1932684881018900               18
   1.1178020292915651               18
   1.2035718991345865               15
   1.1714281082727123               17
   1.1308351497649571               15
   1.0543922314179970               20
   1.0983899243318640               16
   1.0245832413900329               21
  0.96423093974430041               22
   1.0602147086575369               18
   1.0128154555749818               15
  0.96005157303111244               18
  0.95222932104815416               15
  0.99412673040571320               18
  0.98054875403585917               14
  0.95746220236920088               17
  0.94666011172178166               19
  0.88065286388329767               21
  0.96237015036854834               19
  0.96904592841625636               18
  0.86524148877272677               18
  0.95204458756727495               19
  0.95558856892001609               15
  0.97210289848928244               16
  0.96394936572512258               14
  0.97413338800489135               16
  0.99878111119658342               12
  0.86939638242127681               19
  0.95212301987671599               22
   1.0317502033724575               16
   1.0632616353844644               20
   1.0238738270648833               16
   1.0960007690351579               16
   1.1102869255214716               18
   1.1184165894641374               19
   1.1544141036500113               16
   1.2165335480009329               18
   1.1508397043310363               23
   1.1904496072596440               19
   1.1950271349498991               19
   1.2289930560457865               24
   1.2504607928686020               20
   1.2749983871537471               21
   1.3557424619372882               16
   1.3390285703679843               17
   1.3240691517228671               24
   1.3081304844034378               22
   1.3088455087447841               23
   1.2819719454027603               22
   1.2532205815193738               24
   1.2440817261657409               25
   1.2287317023635524               21
   1.0564346083996152               23
   1.1616936718231283               19
   1.0657838350695208               18
   1.0022797371337235               21
   1.0217649424953010               18
   1.0192543476147125               19
   1.0027189332132933               25
  0.96841495599608929               20
   1.0127269932581284               20
  0.93139321334427816               21
  0.98618969169545323               17
  0.94116154430185450               21
  0.89144268645079316               22
  0.87878644448380960               23
  0.94294764490280480               18
  0.92469410762198589               19
  0.91702322172844553               19
  0.88542283865722127               23
  0.91767543441629540               19
  0.92186437951364442               18
  0.90913704910050486               20
  0.90095637525399241               17
  0.91692591180526151               19
  0.94081376384575122               17
  0.93250527555972551               17
  0.96449380998083700               18
  0.95039672696466060               16
  0.97654800591531132               19
  0.99790256659955190               20
   1.0458011202310646               21
  0.96442865448621118               22
   1.0121336025288263               21
   1.0143087211648452               22
   1.1389633717330827               20
   1.0723887048146570               19
   1.1182955670551835               19
   1.2092324230865559               18
   1.2012526499392782               21
   1.2076435538918866               20
   1.3077821111702259               18
   1.2486841746474411               24
   1.3063242285009460               19
   1.3031937811979253               18
