   1.1791795276011803               18
   1.1713803902310596               19
   1.3256712078203237               15
   1.0593403794768994               19
   1.0278246368067583               19
   1.0804796537840264               21
  0.96125006677100278               19
   1.2133345965673974               19
  0.68651350795889754               22
  0.94655523023134491               22
  0.96878828987478238               16
  0.96645057374260313               20
  0.82330488836397075               20
  0.83760444649393051               21
  0.86384967605130125               19
  0.84047158633952668               23
  0.79813278498246498               20
  0.96511291603786298               19
  0.85003277338505034               22
  0.95791583834725336               17
  0.68425285336990249               21
  0.51562481605975818               21
  0.83340851940184346               22
  0.59758639256393187               21
  0.78954646234513914               22
  0.87594812123295573               21
  0.63052169811282122               23
  0.95508023169611145               19
   1.0256103333411437               16
  0.89864464680415290               18
  0.94063261757181194               19
  0.61872435830485373               19
  0.95882287952779954               21
  0.86276287739594726               24
  0.74014269214916961               17
  0.93903795028443682               17
  0.39047685438318841               16
  0.92756190764478719               18
   1.0486106685367520               17
   1.0013815644210187               16
   1.0680030757823220               17
  0.68787775431350040               23
   1.2427827791024102               15
   1.2242195250688392               19
   1.0602972113713629               17
   1.2216612634251978               18
  0.91181273578207589               18
  0.93490238674696924               20
   1.1730429195331917               19
   1.1031177788576763               17
   1.1156413280649393               21
   1.1286574098472821               20
   1.1989374634634160               18
   1.2549996595722126               16
  0.98856954228405058               20
  0.94852659431019815               18
   1.2086901334757780               19
  0.93630803438305488               23
   1.0868403461897624               19
   1.0635072448981633               17
   1.1304343322766828               17
  0.87766611185969823               18
   1.0848420511893750               19
  0.93630730024343944               18
   1.0510748512683499               18
  0.94233771726201598               18
   1.0085731121286392               22
  0.76661849707661778               19
  0.84680910198157366               21
  0.87816532265249525               21
  0.85642295583456329               23
  0.98146668705809748               16
  0.77283309360228258               25
  0.95363262796896997               20
  0.97876303847001456               20
  0.89583778760029886               23
  0.90536185477140907               18
  0.83512874960495165               24
  0.83335909788753648               23
   1.0276852706433861               18
  0.91971508289643777               22
  0.77624758573442476               18
  0.98164288809536915               14
  0.95040146135343451               18
  0.85166219678648025               19
  0.86886514716680607               20
  0.98034075906118312               15
   1.0452546302531935               17
  0.90770784440066987               18
   1.3428314276209350               14
   1.1164752303582735               15
  0.98228924094224335               16
   1.0680681942389154               19
   1.1512393577325222               17
  0.99569206344221017               19
   1.1902213760540428               15
   1.2434876174758902               17
   1.1567683283825372               15
   1.2187850226916701               19
  0.99882287167102080               20
   1.2229333947890118               15
   1.2610405405801173               19
   1.3121642269968499               17
   1.1853889507872675               18
   1.2548977148589389               16
   1.2269904423213567               16
   1.0007300722924271               20
   1.0096646672426761               21
   1.0050809862428574               16
  0.91492548875798296               22
  0.94781448364578025               20
   1.0654170763141595               17
  0.75239166325795681               19
  0.93285439294404793               17
  0.80436679070534167               15
  0.92271495615202537               20
  0.69947087617141290               19
  0.93976510356209597               20
  0.92110433039132622               19
  0.84146105855454234               19
  0.91703942423619633               19
  0.85175388389758711               18
  0.80063892723899965               19
  0.91612681619884839               17
  0.76443497966292540               24
  0.75294596261402336               23
  0.88415547374848902               22
  0.95314274251445907               19
  0.87469837991180244               23
  0.62231798722879517               19
  0.72303340241626179               21
  0.96666113185299130               19
   1.0332657979172162               16
  0.77796423327224284               19
  0.89991434561384853               24
   1.1393666348417522               19
  0.81749584206888937               20
   1.1658495415805490               16
  0.98774780540061657               20
  0.94186882753087908               18
  0.99044436789388579               19
   1.0822129556826869               21
   1.0532079798096368               15
   1.0508973674760904               18
   1.0862459536985156               20
   1.1864393821442003               18
   1.0520701453301797               17
   1.3176503487850613               14
  0.92621557241297514               18
   1.1687033420453343               17
   1.1312834062282193               16
   1.1907539192854857               17
   1.1443898971550328               16
  0.95247731860949936               18
   1.2061308334486192               18
   1.0796517147514670               22
  0.93690659070890392               19
  0.82673729789139494               21
   1.0495346627219397               18
  0.69782315426856378               17
  0.93640624042088838               18
   1.0395559191730939               16
  0.92169257690682016               16
  0.77878185030782143               18
  0.66242443976482268               22
   1.0209848766900007               17
  0.82256568900890248               20
  0.98009587044328084               16
  0.96862096635346917               18
  0.79809854696333216               18
  0.74981483774740731               22
  0.89481449423850568               21
  0.81912935884352123               23
  0.57437594888360344               19
   1.0366651319045355               16
  0.61816694201688149               18
  0.46327321758209261               18
  0.72206616101838339               21
  0.89780906477520450               22
  0.89303309831391064               20
  0.65693565725890701               19
  0.71256183985610089               18
  0.85192749371246845               20
  0.79551172263317904               19
  0.48344284581100011               20
  0.99669074526117285               17
  0.99465205580749083               17
  0.97303730690728762               16
  0.60329797110650785               19
  0.99903354503053032               18
  0.99492977567030572               18
  0.95535618992936977               20
   1.1746518825786607               18
  0.93812165266954761               18
   1.0286393540777483               18
   1.2005044783551855               16
  0.87891782735594359               23
  0.93986530134841861               20
   1.1138778291263107               16
   1.3161155257738837               14
   1.2749282877987684               17
  0.76224233096705341               18
   1.2811177079765210               17
   1.2135048188478861               20
  0.81447101901908392               17
   1.1585268591939835               16
   1.1786211441739929               23
   1.3036306249446390               14
   1.2791587624876033               15
   1.0630842520638351               16
   1.0591369205320162               17
  0.87901870079437439               20
  0.96542674080251001               19
  0.58670623457844961               20
  0.83503845686167477               19
  0.81999483440838594               18
  0.63357099270057526               21
  0.99406101002980096               18
  0.94211739281522588               21
  0.80675276593261613               21
  0.65628630997254733               20
  0.65108912795748586               22
  0.89995532885891749               20
  0.93971804136142045               21
  0.62023392613796635               21
  0.87952423215231790               24
  0.77857689954318476               24
  0.61899781233983819               23
  0.93777609908124193               23
  0.95754686759049035               14
  0.43832261910258341               19
  0.85540529973738710               24
  0.96534682661045523               18
  0.75227685245695253               17
  0.81561612542641748               19
  0.62730462770913686               22
  0.84576116094898979               20
  0.94389737921106309               19
   1.0838499039593268               18
  0.67507834010772660               17
  0.79103157585747785               25
  0.91419301898604377               15
   1.1744554964974518               16
   1.2062159656710674               19
  0.92428570567035151               20
   1.0748412289130822               14
   1.0959562837297692               17
   1.2520681383056143               18
   1.1339694462355536               18
   1.1296033123017464               21
   1.2253829981926059               17
   1.1568269971710492               19
   1.0852225633952899               21
   1.0913855393370662               17
  0.97517549095687339               20
   1.1257636482821551               17
   1.1631312009839876               17
  0.88662218814564164               19
  0.81146411484262126               20
   1.0115566057833325               17
   1.0377264182010610               20
  0.85469554495376909               17
  0.97351858065042529               20
  0.86536222991390244               18
  0.90999030492492194               18
  0.81228996095187311               19
   1.1399982161229303               22
  0.74014658922642429               24
  0.90763197929111905               20
  0.79899611767693501               20
  0.97611260884798290               16
  0.44288585318467538               21
  0.59132391248219207               19
  0.92604595174265159               21
  0.26967139559404602               22
  0.83420726201833817               22
  0.37808207623615325               19
  0.85849631285608119               20
  0.43093785189155615               19
  0.71526457029456170               18
  0.76260626599072689               20
  0.72362963307332540               20
  0.81306621433195836               19
   1.0370518909179598               17
   1.0612705860635816               17
  0.69655393151772504               21
  0.89356112235994212               20
  0.93070625556613851               16
  0.56280663767157280               20
  0.71081774853432522               15
  0.65143371988798782               17
  0.86640264840650827               19
   1.2574006020294481               15
   1.1072109033962423               18
  0.93583966521727546               19
  0.87192020637679135               23
   1.3049117234496483               16
   1.1107089413753586               17
   1.2702436205993282               14
   1.0720062960089642               17
   1.1864303640281306               16
  0.94972219092152799               18
   1.1125178644957878               17
   1.1722916135957759               23
   1.0209750592709210               18
   1.1684485253149484               16
   1.0968810152776924               18
   1.0823139019798669               19
  0.90807546530265615               17
  0.88671792367908331               22
   1.0539137286956630               20
  0.77524414804448816               18
   1.0349310768217526               18
  0.84001618291349844               16
  0.78751909201609360               17
  0.69454967968584014               17
   1.1295385186345228               20
  0.61925199869778103               16
  0.69319239784270748               22
  0.78867963772576266               19
  0.79832816352280089               19
  0.71403633219011586               22
  0.68850126786356070               20
  0.64164213743721976               19
  0.53823370814633920               20
  0.77354514848208344               21
  0.25129556785026674               24
  0.36816396434333848               20
  0.84685563794903906               18
  0.77979386658784400               19
  0.82932762573408214               20
  0.47654469143680844               16
  0.81101435269340361               16
  0.85114716839290583               23
  0.67487158142462067               18
   1.0628319179190888               17
  0.63892148750189603               17
   1.0070992215219137               16
   1.1298536658419256               17
  0.99068811686497793               21
  0.77033864982804623               16
   1.0613954672315529               16
  0.99496523377101798               19
   1.1343467061159638               17
   1.1615454350130381               20
   1.1719074437305390               17
   1.0042245084260510               19
   1.0746958104992619               17
   1.0935799935006170               18
   1.2828927764290730               15
  0.99788008859413013               20
   1.1565927186264211               17
   1.0102837919770808               19
   1.3450825006874330               17
  0.91480443757660346               21
   1.0811578673924760               17
  0.64117454158443221               21
   1.1453348894461057               21
   1.0199322144041638               21
  0.63460868873738185               19
  0.66348801663065560               18
   1.1462609043843053               16
  0.92190821059941852               20
  0.72973265662104347               18
  0.80872566178735406               18
  0.81859746060115968               21
  0.65989226171936488               15
  0.98181310843001024               17
  0.95229031281172838               21
  0.93270292068575511               22
  0.73584872386024924               17
  0.80661216912925904               24
  0.91101292515466947               21
  0.74539022053624582               21
  0.44440505495570576               15
  0.25406642173300237               22
  0.83628828856128823               21
  0.56729870022194084               20
  0.40633374902031810               20
  0.78302435016756800               22
  0.72654458949631484               19
  0.59937844795760398               21
  0.86216087466829028               20
  0.73855039108435960               16
  0.83992252588720695               21
  0.60925828988594855               21
  0.98351365564244453               18
  0.79754532804750566               19
  0.90246514125363342               19
  0.83813339907282436               19
  0.97425421711763449               19
   1.1366912120925821               18
  0.93840024446064585               19
  0.80712224646895858               20
   1.0239805485814870               18
   1.0240015394690618               17
   1.0775399480445182               18
   1.0435820506345199               18
   1.2147079625661898               15
   1.2957525117763262               15
   1.0957460387188140               17
   1.0285350003585236               21
   1.0322477734413438               19
   1.1080069684421006               15
  0.89673424335741680               19
  0.89772737111533008               21
   1.1363684822001132               16
   1.0952452779654507               17
  0.64310805548031624               21
  0.79236525829191873               17
  0.83330190791034164               18
  0.98862528133672023               20
  0.73796902359676719               17
  0.94035193102198700               20
  0.85801847783090579               18
  0.56721082777500342               21
  0.67617999197958967               19
  0.88324330987068966               20
  0.99532194039265942               21
  0.85920922848613968               15
  0.87025325708762358               26
  0.72212522935927115               20
  0.70932360071900691               21
  0.45735480655925598               15
  0.46536572980798913               17
  0.65034210569066564               20
  0.43134551056882942               19
  0.73168851454144979               20
  0.49627222492571460               19
  0.59310068587280329               22
  0.77084091387516407               19
  0.46956844044753848               20
  0.41830014324611614               18
  0.48555524731057104               18
  0.55425186669982174               15
  0.99618086344030443               17
  0.65140431727688886               20
  0.80797056911986287               20
   1.0713888619786445               17
  0.88260704180458338               20
   1.1258900368976128               19
   1.1540879329275491               16
  0.82298040588729371               21
  0.97870366781355322               17
   1.0344892462687547               19
   1.2587619156723080               16
   1.0837957081744198               19
   1.0429599930584579               21
   1.0445924444847630               17
   1.0060766810607003               19
  0.85828707948687133               19
   1.3391485147078066               15
   1.2605796374992271               16
   1.0997410462336703               18
   1.0825369329528314               19
   1.0097281595432597               17
   1.1265721512897890               18
   1.2345496412847063               16
  0.70034540838029502               18
  0.76068671066413684               21
  0.98037940627574571               21
   1.0452263872485277               20
  0.75977983462974441               19
  0.65908567141975638               17
  0.76354432803792416               18
  0.82914314049844107               19
  0.57629930768112103               20
  0.40687621188501299               18
  0.77333043207757135               16
  0.91929756097938653               19
  0.92265105977679762               20
  0.81058252835110023               22
  0.59267068989549687               21
  0.37030201724618139               19
  0.43204129300075766               19
  0.65362495327789993               22
  0.73127793079190573               19
  0.91214328612919282               22
  0.68556221947159335               15
  0.43785819783342317               16
  0.91924937641753535               19
  0.64291189166897111               18
  0.68769536692240951               24
  0.96577535484470245               20
  0.57177180567830121               18
  0.96862616251044231               20
  0.56643481610359470               19
  0.87375929501770200               18
  0.98417478947503534               19
  0.91987079387096160               18
  0.65859518733942535               18
  0.97226354201824339               20
  0.80790944106508100               20
   1.1624383182453542               16
  0.92998153016814089               19
   1.1086555413717900               17
  0.81547756321467468               18
   1.0614784735633918               18
  0.90648972539789896               20
   1.2805687232745906               14
  0.89368578598929660               19
  0.89609214314821595               19
  0.96764588358038406               20
  0.95660619291814197               18
  0.81935356451869057               18
   1.0699480123948408               19
  0.69597512186818344               18
   1.0813285821110161               19
  0.89701740911178052               19
  0.98414982840275378               19
  0.98189602662616804               15
   1.1054873713780888               18
  0.53395199556963591               18
  0.52011573207774231               18
  0.43882982401166148               18
  0.79879116424602969               17
  0.72576541895863578               18
  0.70835132624208352               17
  0.44623474229521659               19
  0.54732326453760516               16
  0.69299482100292609               17
  0.68491591872007962               19
  0.55460770031350259               17
  0.47658332285342098               21
  0.59222367317343616               19
  0.25655901643166446               23
  0.85429364591815460               19
  0.66568364028856897               18
  0.51880334539242434               15
  0.32240867747546553               21
  0.70006754068913868               17
  0.82048242867375942               17
  0.87628794600984516               20
  0.92288462174885744               21
  0.65676406346280913               18
  0.87166575006647384               19
  0.80439054314470904               19
  0.54164062364762866               17
  0.75503636837031096               17
  0.64406789361620131               18
   1.0372810990470152               16
  0.83970067531743753               18
  0.76053241530151516               17
  0.64065005735360347               18
  0.96229284874451915               20
   1.0322506125316067               20
  0.87895795638315710               17
   1.0128587041839314               20
   1.1173704132656697               15
   1.2336829416555644               18
   1.0521792822510943               21
   1.1439319279769611               18
   1.1584962882203611               17
   1.0443297550446669               19
  0.93300615905934303               20
   1.0685662936623881               20
  0.62146747031128813               20
  0.85626885008377751               19
   1.1416707883483825               17
  0.95632954088108346               20
   1.0200630480025237               18
   1.1456876780470511               18
  0.51987020725214572               21
  0.71844453807012376               17
  0.61964049702005497               19
  0.71334572523143214               20
  0.84166334567586210               17
  0.61603329699286047               17
  0.78062896931008863               21
  0.41075777607330288               19
  0.52544580757951431               20
  0.63853940043726787               18
  0.43409704350958328               16
  0.69576951590282143               19
  0.61962769412040986               16
  0.40493812824036557               19
  0.56802375454850029               20
  0.35248052505608274               22
  0.30719692979629970               21
  0.46810725561521077               20
  0.43548063580062291               15
  0.80209386208840028               18
  0.64801861209669342               18
  0.80400843499172325               17
  0.46384832564268230               16
  0.81720017927288824               18
  0.79041778043550204               15
  0.81707722006491923               13
  0.84917627727182488               15
  0.90100619365837065               20
  0.80441350583871485               21
   1.1389865680330149               19
  0.68343446420035403               17
  0.83000784332530031               22
   1.0980026022599734               17
  0.75474562128833111               15
  0.83831881303474964               17
   1.2159082431405475               16
   1.0736012743452203               15
   1.0213281384246393               18
   1.0772557020392073               14
   1.2688346002994222               14
  0.94767421799435214               18
  0.93410749331338339               18
  0.89132880068531872               21
   1.0363570684757077               16
  0.93316215290464943               20
  0.77792076449088099               20
  0.69944438961996214               19
  0.71586452790654920               19
  0.87847268549188540               17
  0.82519390169093199               20
  0.70983604730338612               22
  0.87228905848546845               19
  0.70719859988628042               17
  0.49161902799123836               19
  0.77660715039064387               17
  0.42922139546562715               18
  0.48452146348391556               17
  0.50963453518614921               18
  0.72305322936385497               18
  0.50050910263560311               17
  0.65947777282941000               20
  0.47701023064906461               22
  0.52813324812683549               16
  0.67595505794690125               17
  0.28105564436705011               21
  0.24664016148068529               19
  0.68069924568492191               17
  0.44862881304826396               17
  0.61809659473092060               20
  0.55229243239194314               18
  0.72885819407410402               18
  0.48930797387695585               18
  0.57878687508467308               18
  0.55507549511953158               18
  0.70345956931253995               19
  0.93804499289390986               19
  0.48589144068366180               21
  0.77281297252761461               19
   1.2165886053261312               18
  0.77187279553891264               21
  0.62914242309943513               19
   1.1341823567986846               19
  0.69565012997324982               17
  0.62875483039032787               18
   1.1124926522095713               18
  0.83234099147993668               24
  0.97946544783806810               14
  0.74927529716011765               15
   1.0316680169601484               18
   1.2234187052504424               18
  0.88295583692683843               19
  0.94078214186867148               20
  0.98596995428492895               16
  0.74150220501758612               18
  0.96988955965372525               19
  0.95832809878563696               20
  0.51127117544116618               21
  0.97979979987870180               19
  0.36631554901733004               21
  0.54470352554247325               20
  0.61837477487775050               17
   1.0181129578696140               19
  0.69005229990546368               18
  0.77085987389705379               18
  0.31029086175311982               18
  0.57434927422032966               21
  0.74785967093804850               19
  0.68282892260070538               18
  0.35753396879427635               16
  0.26141658833560744               21
  0.50514946539033145               17
  0.26596199029913636               21
  0.45744130109997672               16
  0.87973213509484327               19
  0.63057932170163244               18
  0.28010548752434250               18
  0.26659772712769547               24
  0.75185138270374563               18
  0.53812661674102635               23
  0.30793728513786206               21
  0.72746579846213089               17
  0.59839485982496032               17
  0.50939939656585176               17
  0.94257418256858183               18
  0.97520064685141872               18
  0.76675336389740611               19
  0.88909209732375905               19
  0.98756676254059939               18
  0.56423284521637673               18
  0.88474507824271675               19
  0.86164902145568345               17
  0.92564014830174624               19
  0.78168571239728757               19
  0.82568325575530022               20
   1.1561462937729008               20
   1.0005644771364188               20
   1.0349740328859178               17
  0.95921582865638833               17
  0.85238481456689241               20
   1.2082649469808238               15
  0.96850064111823819               18
  0.78105730291074293               18
   1.0000077617955814               22
  0.88397155851064502               20
  0.35404132560674723               18
  0.62704203763457067               21
  0.60846458014397087               19
  0.98406069715394917               17
  0.76510947464021073               19
  0.99154412616398424               17
  0.43831030388095660               16
  0.59418184927556039               19
  0.87202858863619503               17
  0.51206029523313379               17
  0.61957275510328147               20
  0.38593140180283725               17
  0.38021802987811165               16
  0.61231011525582568               16
  0.40647270189432960               21
  0.20951286574955752               26
  0.59708829136854680               20
  0.72075094430086595               18
  0.21289393539994367               24
  0.54636562877282169               17
  0.63761758892026321               20
  0.27490460788436277               24
  0.54588717459900782               18
  0.22179051162680968               23
  0.31843710578447648               22
  0.81077180141896787               17
  0.49618496194569223               22
  0.37533568047242560               21
  0.71149388061758878               16
  0.95890797032389918               18
  0.39071192913986397               21
  0.85648063498762728               20
  0.68689032741568146               19
  0.62657108021482999               20
  0.56997822124061259               19
  0.89286312048451699               17
  0.86042305745694703               24
  0.67811169073559185               25
   1.0979515504373967               16
  0.77118712105877008               13
  0.92515931187793821               19
   1.0152584552739776               15
  0.89425837327200264               18
  0.73802377040984823               24
   1.0428937251132688               15
   1.0619632382754520               17
  0.84620295104606746               18
  0.98920942082370222               16
  0.99484965555748439               19
  0.99943551490985916               20
  0.76822178707215971               17
  0.80689160178893127               22
  0.55295527153873181               20
  0.88889927756228548               21
  0.39239544390067777               17
  0.60089806221326802               18
  0.73429776061243945               20
  0.57026695685924222               19
  0.56681436860288259               21
  0.46331456646176850               17
  0.54077593048471562               20
  0.75664306177109208               20
  0.34080413851295610               20
  0.32900404594794985               21
  0.59313832083072138               19
  0.25505279518437790               22
  0.37973703860882041               20
  0.30380002009182816               21
  0.67933983217305505               18
  0.35395162187227586               18
  0.34443667225475144               22
  0.38512725738469150               18
  0.79191397345046965               19
  0.46719070865832502               18
  0.31267589444611099               17
  0.78073541612133324               17
  0.57481407725394518               17
  0.48500238610950530               20
  0.60353738490958675               19
  0.49712102303840616               19
  0.74123218188071427               19
  0.55771863541601041               21
  0.71079082799006543               17
  0.72065279213975297               19
  0.92071060284675088               18
  0.72711278463149709               17
  0.94455802915180453               16
  0.44276065721767971               20
  0.28801592501747408               23
  0.77653494321960359               17
  0.96708535075824953               16
   1.0115735278305571               15
   1.0917191504393795               16
  0.78572354600494687               19
  0.86187373097289766               16
  0.76875018705446441               23
  0.94426876799941462               17
   1.0052580741419501               17
   1.0219813951728214               14
  0.90459358163059311               19
  0.50107531002720074               22
  0.76572234636091574               16
  0.56649823862759952               18
  0.78139242925455477               19
  0.48402578309350408               20
  0.46983595565740621               20
  0.36400993621884387               17
  0.62072790280002232               21
  0.66161388032901625               20
  0.61263631500678950               19
  0.42260613196099039               19
  0.64057905329106124               20
  0.49849231203645650               23
  0.42388461100047642               19
  0.23934834870414493               25
  0.19385672266802398               22
  0.34569268869265274               19
  0.18438682488791230               21
  0.52765417530508518               17
  0.44895929035243176               17
  0.41474084523162202               17
  0.26510550540483513               26
  0.34941964535504938               21
  0.11145886180375275               22
  0.53055330517100541               19
  0.71761983766976256               15
  0.15969689801806072               21
  0.67031300034886498               17
  0.61791237699678392               20
  0.39997241308348963               19
  0.45669949637161006               19
  0.88606760817895813               19
  0.54355990019694578               16
  0.62747767074122773               18
  0.55786985691246693               21
  0.92061746684333268               22
  0.86232806792399552               19
  0.88488642198071843               22
   1.2175712958085856               15
  0.95342660242462951               16
  0.65973553673595609               15
   1.2469457857710402               16
  0.96587273281453212               19
  0.91046044835670747               20
  0.94505396309799250               19
   1.0365827956825497               15
   1.0668101102236915               16
  0.60772192618623333               19
  0.67513707437564097               19
  0.75748863299984193               18
  0.80985379762908138               18
  0.83129008584581976               22
  0.72575775104447604               17
  0.88793057819300703               19
  0.80937305104784329               20
  0.51049016285321180               19
  0.55943808930981687               19
  0.33256668964126124               19
  0.76168339596047230               14
  0.63725166883121864               20
  0.40063855606653942               18
  0.61983598511842353               19
  0.50591663886739180               20
  0.29430915144330383               21
  0.42033491073328444               17
  0.26118494278906196               21
  0.17498320118755917               23
  0.18946595735341995               21
  0.56363650358275630               17
  0.37941547373267076               23
  0.12333940612911370               26
  0.63053625326594887               16
  0.67600230021230634               18
  0.55765480704665304               21
  0.37586041986081931               21
  0.37383199314273730               16
  0.59302666992660713               18
  0.40572022168492616               21
  0.94837155369628645               19
  0.80938327011540701               27
  0.48861857864070268               22
  0.62208549828068083               16
  0.79893500846643650               24
  0.71755897046386974               24
  0.94037038404795970               18
  0.87027985870315727               19
  0.83369720818557813               22
  0.96761717041265716               13
  0.64846297711120793               19
  0.79291433147047030               24
  0.59714452158350162               20
  0.88304837225057153               20
  0.95033049097911992               19
  0.84153852093319736               21
  0.93073881338935294               18
  0.96433019115918761               21
  0.59427005070072225               19
  0.85686259096566153               18
  0.85137328791797484               17
  0.79595391440802288               19
  0.66551587590070349               19
  0.83604382950389922               21
  0.73329701857359741               19
  0.68043866644432549               20
  0.57238482658150058               15
  0.56351037212325650               17
  0.29166109670108786               22
  0.41441715832026121               16
  0.36976161339017966               19
  0.68917434736638838               19
  0.21263057780275543               26
  0.41580109580703362               19
  0.28159645386453863               21
  0.58557602181488111               19
  0.67869288714369858               22
  0.17559576922798709               23
  0.30869489423652585               17
  0.46192727525329147               19
  0.38671599464604545               19
  0.18631732779494573               27
  0.51894083559295690               18
  0.24061948056695545               21
  0.28012998081782242               22
  0.33063705842238533               21
  0.29186075786892035               23
  0.30010912788540128               21
  0.83123880925079385               19
  0.54939140454710633               20
  0.53624623693026052               19
  0.25734386728829972               21
  0.52942012080327716               16
  0.49715865618839650               15
  0.69198096684907451               20
  0.82770376561990067               20
  0.75172440464818568               23
  0.77579857109354788               21
  0.97137488215058299               16
  0.81046947264275104               23
  0.92709990166679890               21
  0.94752537247747071               17
  0.89401116520043833               20
   1.1695000174886967               19
  0.97094057965665936               15
  0.71349365880444660               21
  0.70692040418202484               17
  0.75247201008379538               19
  0.76396001407820435               16
  0.98115861329920029               14
  0.80343912704475606               15
  0.85224361599996334               19
  0.94185716853696799               15
  0.46578679656597510               18
  0.76933006569963380               21
  0.80029124805209251               20
  0.53346778484457436               15
  0.57669240730978644               22
  0.68610490709693606               20
  0.55453910031072395               21
  0.44225139328303603               18
  0.55864160665673568               16
  0.56963113861358894               21
  0.52578310026165420               19
  0.15984508801478389               22
  0.16822977679165790               23
  0.42024347200783196               20
  0.55409360498483429               19
  0.34651276851729890               19
  0.50231611269988674               18
   7.8481180638117196E-002          24
  0.27376534747552772               21
  0.46676784541750987               18
  0.29889450068955775               22
  0.36548726948305854               21
  0.16000275056635760               25
  0.18563117067031856               20
  0.62099381518143437               19
  0.53438713095100987               17
  0.86010880955762170               17
  0.62974126224067828               20
  0.72351746957730911               16
  0.82886084016151429               21
  0.69275771635062278               20
  0.86880470432114021               17
  0.88933730351557083               19
  0.69287459208262814               16
  0.65004136262849055               19
  0.91876462264483671               19
  0.75842637447871597               18
   1.0527998754201664               15
  0.72698055538331707               22
  0.99154224616418785               16
  0.84489480617400425               19
  0.93587889903355670               15
  0.60329576268716611               21
   1.0445625847456832               18
  0.82313327010559556               18
  0.97343500998164068               18
  0.90294231242100120               23
  0.65566025040505305               22
  0.96842282403063706               16
  0.84380509737719367               20
  0.72681804533347882               19
  0.43997195795619620               17
  0.53951180601406135               19
  0.61278082228362707               21
  0.21086765741175728               16
  0.51192733954941194               19
  0.59114976360475813               26
  0.28806527429447393               18
  0.58661593706559023               22
  0.39927179673153551               18
  0.21546374774603450               24
  0.16955271849791925               27
  0.40934133913795601               22
  0.45724011594457098               20
  0.18786543332367900               22
  0.52009581836986818               19
  0.28365454656286626               19
  0.15954527733478810               24
  0.10550503006287071               25
  0.39351467448601130               15
  0.53609256394385829               16
  0.22985070748214731               23
  0.20017563609135097               20
  0.58464969828190649               19
  0.41311407008069573               23
  0.39034497023061920               20
  0.21343792932440656               24
  0.64953359796248000               19
  0.58551327976365186               18
  0.47496989691564828               15
  0.39144462893758059               19
  0.71886970127412686               18
  0.49326651089556461               19
  0.75245601368352821               24
  0.82330058939471362               25
  0.75881137435116852               26
  0.98572163104957722               19
  0.81477069679094916               20
  0.74207024550128298               19
   1.0086882596027682               18
  0.96263780757073225               17
  0.94793470987386874               19
  0.87196486993608535               17
  0.67407978150728798               22
  0.82938972418070367               18
  0.88001800602808988               22
  0.81855666931860716               21
  0.86048106922100143               16
  0.55257037909019713               20
  0.62871612505626195               23
  0.34426093569802763               16
  0.63001992350532243               21
  0.43931232703575834               19
  0.46257443392594694               19
  0.26214952007416725               23
  0.44967461117470175               19
  0.82732126201576428               20
  0.59307418876705620               19
  0.33428605735636718               20
  0.46091081051304145               19
   9.7255575630426541E-002          23
  0.32593686311740067               20
  0.15959193354767659               24
   8.1625286202700181E-002          22
  0.31444680077332043               20
  0.19246398092356190               22
  0.14818803999700264               22
  0.34657811537098027               18
  0.41261156351614620               17
  0.24478189349398236               27
  0.25363934171465286               21
  0.13243326115360796               24
  0.10725578720392170               26
  0.78091941136008214               23
  0.32166733790109447               22
  0.40380532453901846               20
  0.36110832276525556               15
  0.52463034219069915               21
  0.71488769797296325               16
  0.67167974294939403               21
  0.55824676428717479               17
  0.64295098246224480               20
  0.52568983073970388               21
  0.59467196556861246               18
  0.39804343988775359               17
  0.71133915267427339               20
  0.64524131761357750               22
  0.58488314631109550               18
  0.94910368280982693               19
  0.88049327980995107               22
  0.84069375498484544               23
  0.87394621563592412               17
  0.92472120526212243               18
  0.90812606468715418               20
  0.85751050084198588               21
  0.69990981375135597               19
  0.76816959758292880               24
  0.85187007899034628               21
  0.58789838878988254               24
  0.88907648610014134               21
  0.93957362016491619               17
  0.57134937209007908               24
  0.66504107930302903               19
  0.70460856847069286               20
  0.56576660120866751               23
  0.45294871759342609               20
  0.73065126027367122               17
  0.56414035166125787               24
  0.27257530154665321               22
  0.15300464327882754               23
  0.11386277397235792               24
  0.25155623685070694               21
   1.5835152400486618E-002          24
  0.10850865885986521               24
  0.33992472540678148               21
  0.38994809029919486               20
  0.38990545706291352               20
  0.60028944160616837               18
  0.11686256685640474               24
  0.33874981520048913               16
  0.34111497436338167               22
   3.8339604804564047E-002          23
  0.29532399060524150               24
   3.0235850760876613E-002          25
  0.22474881092998891               21
  0.32350961176276377               23
  0.35919122688275906               17
  0.52931181664601545               19
  0.49049814464400893               21
  0.43415104695209561               18
  0.37195634308737091               20
  0.78979788983156307               21
  0.50868081236559670               23
  0.49857249031040568               20
  0.64420489707361717               18
  0.84346132717636524               17
  0.86062195756866711               25
  0.59832506432171317               18
  0.83210800533557527               22
   1.0111842126806978               15
  0.87824326125981944               24
  0.82823211214954873               24
  0.86776423561701699               22
  0.70231228396120771               19
  0.58642652166348075               20
  0.88205866799636667               21
  0.68432378561684248               22
  0.81054388842887715               17
  0.43397276572755833               17
  0.92663818689277444               19
  0.65508662036755405               20
  0.77210338862301686               16
  0.88427191433200436               19
  0.25249036829696853               22
  0.85198989429739747               15
  0.63386031847874968               21
  0.81496014675560635               19
  0.54201369966903823               17
  0.31499140144819626               22
  0.39105576059024183               20
  0.53904492874020116               20
  0.30637607989470111               21
  0.48076458275959072               22
  0.25636683017612061               21
  0.10406836405379037               24
  0.13053527504921006               23
  0.16785899676132926               21
  0.12635025299079128               25
  0.37026292050406595               16
  0.20360871413960527               22
   8.0318089609058479E-002          24
  0.12464700827744761               24
  0.19667537401942259               22
  0.23113358729579120               20
  0.15032955473505683               21
  0.38067553303479368               22
  0.47863065384953674               19
  0.36123681014973602               22
  0.43877177448330240               19
  0.42492478415726259               20
  0.50419670306549280               20
  0.43946054416374364               22
  0.58967573142512442               17
  0.55343482827778034               22
  0.48268282351554209               20
  0.73802917871447649               17
  0.74028663668714301               22
  0.80256358501185410               23
   1.0257126669606775               14
  0.88870669506774724               24
  0.90767728614935062               19
  0.98969035637799030               15
  0.67796434944568962               21
  0.93612070175424056               19
  0.91599964419371371               17
  0.76796461595298315               17
  0.90727610588568286               19
  0.75805069236311640               19
  0.96295378516953911               18
  0.79678675951507161               15
  0.86656503267394902               20
  0.74874569992153484               15
  0.83785104088733875               18
  0.17483720246436171               20
  0.61806606373393358               23
  0.59736717099205761               22
  0.51693914887353420               18
  0.15085144973583628               23
  0.60599977641933633               21
  0.50489013925103698               21
  0.55883102500925119               20
  0.31859970734326643               16
  0.53405506594728569               19
  0.20217108292979977               20
  0.14768621200525250               22
  0.42972446775722739               17
  0.27208141522600210               21
  0.21085452212510569               22
  0.19011488371242899               21
  0.24572651908745458               22
  0.31545027864055408               20
   6.5974749583617306E-002          25
  0.52193887039749287               19
  0.42307987296710287               18
  0.46010572888602841               21
  0.64265790039729542               19
  0.45784125690330391               18
   8.7246640800861461E-002          25
  0.42363113858099039               20
  0.43878127965274394               22
  0.55889359713511300               23
  0.70222631169720917               17
  0.54065713231857537               18
  0.43757110878104044               23
  0.67164579350627474               20
  0.92247362835745961               17
  0.82603211184464687               18
  0.77278200697690291               24
  0.79838960653008384               19
  0.76105448943233567               21
  0.72646162587786578               19
  0.95043898416771522               18
  0.79545856500115031               23
  0.90034253932131447               20
  0.89175139748671539               17
  0.92532510357579512               19
  0.96782693905235850               14
  0.93740120655193537               17
  0.88613610213577931               21
  0.64978652089509070               18
  0.58623994939767721               14
  0.76318769269046816               20
  0.33435803227978322               19
  0.47357992181206232               22
  0.58659720199356580               22
  0.51896196131172478               20
  0.83100889591368399               19
  0.20099739247869633               21
  0.56369388444013302               24
   4.7461668341995847E-002          26
  0.50054531604792285               19
  0.25872057599559728               23
  0.44191113158682999               18
  0.20677584975934138               21
  0.43701511414054778               18
  0.13453578711055009               22
   6.1125105064311160E-002          24
  0.12999652287365862               22
  0.60384924900468095               19
  0.20876832586056038               25
   6.5128174091942770E-002          21
  0.19970323153252045               21
   8.5726216787875245E-002          21
   9.3273292146839631E-002          21
  0.62443716383602677               16
  0.18943752754923668               22
  0.19967053427569215               24
  0.23768127598626657               19
  0.52486393136926968               20
  0.41407942278593973               18
  0.32230737857696551               18
  0.82507799440834473               18
  0.34679927832926050               24
  0.49771257651614681               16
  0.95198510251149449               14
  0.64434786085116724               20
  0.62935921997975852               19
  0.89596342604564716               19
  0.83765694283849024               20
  0.60584733363659171               24
  0.88643838624009930               22
  0.96315390067895379               16
  0.94185716336531256               17
  0.79718394249723590               20
  0.88780264362376127               16
  0.95624481082625323               17
  0.95772037351009953               16
  0.73843470187134130               18
  0.29701380785841480               18
  0.57338072976074972               22
  0.67934290444730427               15
  0.64751571616769610               20
  0.64333764537710514               25
  0.67652815704287717               21
  0.40524300903107796               18
  0.38777007309041828               18
  0.47449757150207911               18
  0.51623347655092433               19
  0.50780356067569232               17
  0.50563912175599646               18
  0.19709735053960584               23
  0.63975909188144053               17
   4.4144899693107517E-002          24
   5.0501770101015496E-002          25
  0.13553911639089794               23
   4.7903188259265900E-002          24
  0.19291010444120882               21
  0.27602743120524181               23
  0.16190085735352419               21
  0.37644284453852994               20
  0.22708447164386258               23
  0.47404449658684955               16
  0.31428038130767916               18
  0.34016841781991719               17
  0.13959243554408310               22
  0.11207846797458526               25
  0.28859628817719069               23
  0.17697698038256396               23
  0.52827032193193424               18
  0.22722801028647063               22
  0.29509182205203149               22
  0.65756373090678866               20
  0.29169331390014896               24
  0.65688003758402358               18
  0.63267344410716475               22
  0.62215323797968014               20
  0.56735760773545252               16
  0.94318165560414580               16
  0.95703787451243538               17
  0.80520030825258904               20
  0.64502311819859037               20
  0.98179265290060025               14
  0.91281978394951535               20
  0.42291176443477263               17
  0.95033703781148404               20
  0.73327058601285067               21
  0.91354820255933944               20
  0.69107744867348764               17
  0.55997633270782532               22
  0.70217206662113285               23
  0.62732370915941538               20
  0.69724658530567130               21
  0.63783970959784042               20
  0.66031786210807664               24
  0.64510435879198802               21
  0.40896698505642753               18
  0.63304561475612531               20
  0.66386942157044782               19
  0.17372363986694542               21
  0.40544000449132539               19
  0.27875300764352073               19
  0.16238166436430801               23
  0.46540392143948767               18
  0.30801919676752737               21
  0.37152462259210517               15
  0.31445304200136881               21
  0.24748579494153547               19
  0.17574507186538993               22
  0.29852640082325183               18
  0.19509700807965935               19
  0.15115156978072655               23
  0.24427303259983282               24
  0.41029061896181201               18
  0.13608851896054422               24
  0.15509087796097507               22
  0.52449129230571134               20
  0.25807129685335922               21
  0.65393152535224708               21
  0.34830416020507432               18
  0.43187394533163070               19
  0.53520182452454579               19
  0.51170565599348494               20
  0.47260933061417515               20
  0.54023022204950422               15
   1.0144745595639004               22
  0.73224480595218489               21
  0.67688786177814020               21
  0.88398454816744065               22
  0.90767469759891273               21
  0.77900183314476434               24
  0.85765550171224536               17
  0.73606604491757621               24
  0.73400807492364450               20
  0.62212781703137321               25
  0.98262059139511593               13
  0.86468940720539889               16
  0.91135262998001765               18
  0.66145367637440056               23
  0.78594814944530123               19
  0.87957308764531428               21
  0.48822451729288341               20
  0.57486291141784462               22
  0.94984652747284559               16
  0.32692935918518479               17
  0.34030506093131280               20
  0.38764723165457254               18
  0.29457443866343258               22
  0.19833711594166523               23
  0.31838056082313043               20
  0.36229440818486375               16
  0.69492145391402826               17
  0.43492067181844574               17
  0.48733182604594649               22
  0.37499266336969034               19
   5.2063986474691737E-002          23
  0.17711426316800444               24
  0.10303444349585339               23
  0.41386800824078684               19
  0.18110494084986342               20
  0.16817411830827425               25
  0.12651424069340381               25
  0.19531292350550719               20
  0.24653590229791711               19
   5.8941409188445565E-002          25
  0.30687861211146555               23
  0.24568775156515268               24
  0.37177041512245995               21
  0.20016124278683634               26
  0.53164554650277651               17
  0.24226767723301337               22
  0.41879792663757659               19
  0.42583180300353790               18
  0.47441411303366021               19
  0.45775231370530522               17
  0.36608542089128532               21
  0.67932707973777895               22
  0.80755909083004229               19
  0.71052273528112497               19
  0.84477513811936977               25
  0.85073999777506126               16
  0.91610179594990593               19
  0.75248789508979297               17
  0.75139988501118538               21
  0.80159083884582172               16
  0.79000769345170352               17
  0.68900287169590180               19
  0.57481155330441869               17
  0.68608410863556624               20
  0.82759703403439833               17
  0.64355989141228476               24
  0.68528062237303744               21
  0.70615700426600692               17
  0.76373255994900979               19
  0.84570682962153521               20
  0.56262035660841092               18
  0.67396476696673957               16
  0.61169349035123777               18
  0.12033695513581735               23
  0.36020193631408892               19
  0.31236721197692929               17
  0.36097019763792049               16
  0.58609747644844246               19
  0.40496772158541700               18
  0.29452497028108021               19
   6.6409269593675352E-002          25
  0.29247533517208091               17
  0.39422886955461378               18
  0.28122234400417062               19
  0.31917612756100083               17
  0.17212135106686063               22
  0.19231195717180954               24
  0.48776186682369821               18
   9.1892519787722310E-002          26
  0.50587712233432447               20
  0.49046312539942694               22
  0.21271417570647541               21
  0.31937691315996497               19
  0.33037322695236593               20
  0.54458991585382988               20
  0.55999260001850693               19
  0.81146066917857984               22
  0.34819505873313039               16
  0.83836038598498330               20
  0.83138058117217450               18
  0.66479927355464452               19
  0.89463689252271406               19
  0.79367192842322576               25
  0.86396921545744554               19
  0.76695353826893664               20
  0.98031011875021057               21
  0.92128187912035941               19
  0.92499064716302803               18
  0.73618559510448789               19
  0.89060756713730904               22
  0.83265907414872209               19
  0.77585753862554685               17
  0.94312727598877477               22
  0.94911354447937424               20
  0.67270537681034270               22
  0.90330711961767418               16
  0.77545743975481829               17
  0.84341249471439483               20
  0.48983691039001437               21
  0.63376994719855340               26
  0.81281173307138543               17
  0.67158014236054653               22
  0.74849107995760011               19
  0.90821706401167801               16
  0.54302659691663524               17
  0.37777128607846649               19
  0.68406579720978422               17
  0.32293439545061914               16
  0.28396594599775515               18
  0.37549084908982372               20
  0.36664318877724267               20
  0.14980777436353493               24
  0.28997252716958544               19
  0.44249116651035536               18
   7.5834129403032205E-002          24
  0.24099232128577905               19
   6.8537060017811888E-002          23
  0.25058737620985611               20
  0.23341155198026392               26
  0.43425595156480812               16
  0.28858798246408029               24
  0.29863760014571777               20
  0.35715531980395371               19
  0.36422826241476253               17
  0.47479961088173755               22
  0.46995685507481649               22
  0.57007580619374632               19
  0.40612403915780443               20
  0.87427660840345178               27
  0.79467107441078977               19
  0.65908926863289297               19
  0.44549536032805759               17
  0.78538774561630553               18
  0.86314154856881764               21
  0.96010346866549312               20
  0.67289657329699282               19
  0.85713555004631470               21
  0.94449804466080856               17
  0.61905679751383369               22
  0.69677177498129450               18
  0.95425658930222546               15
  0.71004587106894801               17
  0.95396098681352226               19
  0.79739693407434498               18
  0.65131349028662977               23
  0.79468636116268487               18
  0.73088992990525692               18
  0.83786040915197113               19
  0.83394619441707729               18
  0.89892249913503841               20
  0.58890711105140991               21
  0.73158767773170941               16
  0.41058860032117162               16
  0.53697855829359842               20
  0.79967553846856088               18
  0.38933190856046540               19
  0.35538495398150716               17
  0.58471598691546878               22
  0.28005703095916051               19
  0.18988425741275455               21
  0.11860997374066928               26
  0.15586923485127477               22
  0.38657094617979076               19
  0.58225015267394209               19
  0.24368949451561422               17
  0.21957490325248730               19
  0.21092026436576056               22
  0.24227720192973923               22
  0.35050908809729281               18
  0.37549606187264650               19
  0.25844487156933099               24
  0.23752404570959360               22
  0.30878087000710186               19
  0.59846442444341341               21
  0.59348777869324287               20
  0.26905924362631861               22
  0.60708315377556510               19
  0.66993720586795680               18
  0.44665194670726682               20
  0.68700162612764659               16
  0.61697222865289691               17
  0.60202362178917124               19
  0.93148767050828352               21
  0.52288423551498708               22
  0.74871551250946511               18
  0.92277868884492942               16
  0.95490641212217531               15
  0.86361332532196733               18
  0.95550756060652753               16
  0.91285599357406466               20
  0.95466361515009235               20
   1.0641036539578486               16
  0.88992413486940181               22
  0.90217274569696193               17
  0.84713374865235480               19
  0.87901669734928167               17
  0.68596472926831753               18
  0.70589231274882269               20
  0.78125549015698215               20
  0.54522328972551037               22
  0.62033264716617265               20
  0.61072917441031971               16
  0.54395224540633491               19
  0.57640372737072665               23
  0.77319043782279340               20
  0.50245891759673689               20
  0.54799910918180128               19
  0.33887402698366176               17
  0.50153050685362688               16
  0.60838557760774070               23
  0.50675378219180922               20
  0.24891913818504224               15
  0.44813080020843871               18
  0.18353796074061857               22
  0.31417977898967508               19
  0.25808596606053308               21
  0.32966390159294051               17
  0.68603472420843570               21
  0.44784519912600806               20
  0.21197230366692185               21
  0.61534002418972600               22
  0.39828293738729476               19
  0.39768539923183882               19
  0.62905833838591496               23
  0.58813603052725782               19
  0.65846575071289204               20
  0.61315162362890985               20
  0.34521150855539612               18
  0.40126139667350408               20
  0.55626354399089661               20
  0.84309175072767095               18
  0.67282631263576131               20
  0.92860192137206610               19
  0.94591941559340142               16
  0.90094155314048141               18
  0.63382628674692854               18
   1.0958392001965060               11
  0.99413519171358555               21
  0.83701824588753404               18
  0.97557178623859808               14
  0.90635365262845879               17
  0.75506559271281215               21
  0.96603900054047354               15
  0.61096254238423497               25
  0.70464829910492321               24
  0.84521641694797267               18
  0.50076056798153856               19
  0.53002359436135893               19
  0.38308273705533752               19
  0.52692244287597179               19
  0.66284594693779553               18
  0.96394915998854414               17
  0.67820849640686987               18
  0.57769620206942629               23
  0.75320001862907515               18
  0.60220216167509866               19
  0.47193595378191616               20
  0.48074782482002404               20
  0.51568884327579456               17
  0.34037051807351648               15
  0.32961639250975155               18
  0.52194046480973699               21
  0.46627944195204113               17
  0.12656164381039245               22
  0.28872661122531218               18
  0.39915049318876988               17
  0.23303675482586847               21
  0.22256718821979890               20
  0.32123189167609190               20
  0.74200056000413750               21
  0.20927032984655916               24
  0.66840089472258168               20
  0.34502938072868128               23
  0.49201518881555734               21
  0.28120882002921549               21
  0.72127259508356101               18
  0.80066815859578588               15
  0.55833780857216564               22
  0.78139865727216373               22
  0.70753002912125262               21
  0.70002309897169346               18
  0.64219704285782542               22
  0.86558446123913124               21
  0.80710892642164012               23
  0.94709948476570183               18
  0.85627557549799593               17
  0.69147285045765661               24
   1.0198652313900403               16
  0.73178154774951398               20
  0.87906852123306278               18
  0.94651671087408340               15
  0.77271442241919075               18
  0.92988055134633640               17
  0.75919019721385006               18
   1.0885646913873257               17
  0.77642736633233744               19
  0.72324735962040820               17
  0.73537192933771089               22
  0.71045987789667631               16
  0.71375649618102643               22
  0.46484023882383152               19
  0.41559577865813596               19
  0.42118323929736767               19
  0.67126628799654608               23
  0.64451782513957445               18
  0.59263643584230730               15
  0.69619913606686745               18
  0.53089574860004241               17
  0.13846227497191385               20
  0.23337688636084522               22
  0.34692627706528878               23
   6.7105492987605972E-002          26
  0.33523263157943317               17
  0.42239933696533460               19
  0.38179046950025242               16
  0.43860008874695849               16
  0.49834147321747119               19
  0.66644053343305465               22
  0.26922220262834906               21
  0.28672624872791386               21
  0.25416298859737280               22
  0.66859352941399453               21
  0.44998863196098304               20
  0.71504840865784192               20
  0.57910303505391170               20
  0.60497456243627423               19
  0.62398286321009078               19
  0.58042836484822791               16
  0.67078767928537086               20
  0.77135450736995981               20
  0.81616957029814508               23
  0.64133995719001369               17
  0.88810727220730457               20
  0.95650837935223842               20
  0.80115027187421661               20
  0.51031483243174114               18
  0.84772367764906764               20
  0.88863931089383119               20
   1.0549373085903826               18
   1.0010185202695341               15
  0.99295585580120116               14
  0.82934992023739096               17
  0.97215316070491586               16
  0.98520124524199548               19
  0.97188670421588774               21
  0.89884663609969273               20
   1.0052284355954022               19
  0.67483314165803321               16
  0.59737708425975733               18
  0.65393212197824058               17
  0.72838812841143552               20
  0.51029691315765680               18
  0.34397045735893267               19
  0.78225230933380974               16
  0.81161649530441360               16
  0.44700584815579036               22
  0.46668254562728761               20
  0.48705229096756486               20
  0.27870313699697419               17
  0.38375463133613774               18
  0.30163850982522633               16
  0.66082340106669790               18
  0.44480522141291901               18
  0.33344544232448420               17
  0.53268607267347767               18
  0.48530509069728950               17
  0.56157960172621713               20
  0.49635948180658440               18
  0.93150628231497701               20
  0.64022335454733825               19
  0.60290483902428815               19
  0.56763434372592125               19
  0.88453795542859082               19
  0.47243903266154069               19
  0.41458227168865724               22
  0.54122861678209522               18
  0.61059606290826118               18
  0.74209469206119527               20
  0.73055369947886106               23
  0.63830822701114387               21
  0.89322598944033638               17
  0.72025385763367133               21
  0.94944517865425471               16
  0.74295805644073076               20
  0.73937306411633519               19
  0.85066046736175926               19
  0.77663506760996692               18
  0.86661375062014856               17
   1.0468413664954515               18
  0.75707784363700537               18
   1.0354136711309772               17
  0.88008513278817779               20
   1.0034498990374721               19
   1.0024710455606349               19
  0.75300893543528458               19
  0.58196320034455196               17
   1.0749021546315725               18
  0.92432999598246413               22
   1.0759000206632907               16
  0.67000717057224934               17
  0.55308511113536118               15
  0.58124341696024284               16
  0.94043474968932816               18
  0.68499812737610410               20
  0.59158888183263769               19
  0.69966577554058096               22
  0.57530674044109331               19
  0.43069894240504286               18
  0.24036786474855248               16
  0.62356681618802157               18
  0.46288364844887120               21
  0.46422991727030560               18
  0.11139526881082100               22
  0.40643774084583062               20
  0.67943582713156625               19
  0.71181234466793253               19
  0.27704891855811165               21
  0.43897027983337422               17
  0.57874488209189712               20
  0.31471536866124422               20
  0.79737878042026866               18
  0.63791050653562387               22
  0.53112381486223836               15
  0.47112331687230413               20
  0.69799404510312624               19
  0.23325843583741979               20
  0.90835155656025202               19
  0.69167000007504809               21
  0.51164264717633323               18
  0.77441108489206001               19
  0.77123879237779258               19
   1.0108109802750875               17
  0.98599552495443643               18
  0.99714493724913755               16
  0.96143046939572774               16
   1.0012398152200013               15
  0.99312300025445133               17
  0.76996402182034995               17
  0.67264989846770851               20
  0.75131003764576931               18
   1.0099541368833882               15
  0.90114590351729873               15
   1.0548115813774437               14
  0.86602586380943003               21
  0.97417208189077564               17
  0.97385265370195451               17
   1.1364948501129168               18
  0.83441661663082001               16
  0.56852648437182229               14
  0.44066336128861983               18
  0.79187634045675126               15
  0.75608426273925722               21
  0.65431604416276434               17
   1.0049142855770254               18
  0.61328007220720826               19
   1.0080599393394867               16
  0.46175338351608042               19
  0.59935280435323202               21
  0.71514883008490260               17
  0.32302272424656969               19
  0.46986649154627474               20
  0.17856752947317750               23
  0.49812379047864791               19
  0.50843111758740223               19
  0.67224042923558913               18
  0.67226655856426054               20
  0.75840281277861821               19
  0.54840508407181499               18
  0.22519453658323438               25
  0.64663528277463145               19
  0.25786571591633695               22
  0.86402789536349012               19
  0.60464505399986634               17
  0.82642296762374279               19
  0.60733697220857563               20
  0.85967792876582494               14
  0.48107895493666408               18
  0.55920775486151453               18
  0.55463324998401742               19
  0.47339285237804324               20
  0.72131741317881748               18
  0.84617203739934432               18
   1.1582907294499745               19
   1.0323761332005683               20
  0.77616443829973691               19
  0.82781625357957977               19
  0.97739947373708302               16
   1.0674004097318972               19
  0.85349673200188547               19
  0.96387639079819687               19
   1.0562077860856893               19
   1.0613504256363924               15
  0.96963168606051997               17
  0.97057393963415017               19
   1.0530160756427758               17
  0.91236394368509222               20
  0.94897800603971483               17
  0.52701317440481532               19
  0.62481880103322129               20
  0.94278323956645360               16
  0.75517208717558248               18
  0.79780637643886720               15
  0.69218785075793621               23
  0.71484945483982731               21
  0.65743715232981315               16
  0.83143625534232646               20
  0.52286307893629980               21
  0.41614819439593531               19
  0.54405971270734532               16
  0.29195516210332062               16
  0.68616401015492368               21
  0.62227648535575442               18
  0.51272652003505159               16
  0.73231556596428016               20
  0.52041431222381207               18
  0.52255868024124064               15
  0.55163570945863505               21
  0.92942159686872561               20
  0.53119237282118847               22
  0.27778732529164946               20
  0.52434921722961902               22
   9.4906178457593540E-002          25
  0.14041446201037852               22
  0.69910787360603699               19
  0.57830633534744214               19
  0.75172280802350766               18
  0.77449107658966088               21
  0.74741758453800688               19
  0.92718863269251195               17
   1.0230237209886215               18
  0.97752750381321474               19
   1.0772322523121769               24
  0.96952872766418730               16
   1.1993082548278793               18
   1.2511442857764532               14
   1.0421679618743771               20
  0.94246849349297035               16
  0.96352243659870085               20
   1.0842742898539424               21
   1.1791955706957984               18
  0.96037756694875676               16
  0.90403469979820028               17
   1.0075774707194929               17
   1.1611156026021070               19
  0.82881882658866968               18
  0.81518170634360432               20
   1.0167175679187024               16
  0.85315799580948437               18
  0.57899902315252538               18
  0.48763699407453448               16
  0.90267838454387450               18
  0.66110377716664082               18
  0.83678048348491030               21
  0.73504399981716217               17
  0.74521799723712423               21
  0.51155289995537367               15
  0.75512617610349819               22
  0.69377512044603673               23
  0.39389250624346178               17
  0.54993242578000046               19
  0.51539694767465327               21
  0.67529708814318667               21
  0.80399390371429480               18
  0.62110455351671467               17
  0.42119863888453851               18
  0.51175188904783198               17
  0.72665534255419939               22
  0.83173299992356231               21
  0.69546216334244815               20
  0.59332702712203700               22
  0.56969001496563909               17
  0.70837899753237532               20
  0.69317870149324257               21
  0.80648928994589442               20
  0.68118898472230105               20
  0.53348497004167006               19
  0.75662938188750650               21
  0.74619796797774007               19
  0.81761885935103396               17
  0.60289403280694942               20
  0.75225881137984718               23
   1.1405049771434501               19
  0.92825103893220839               19
  0.89694130309785924               18
  0.92847942451936372               20
  0.93981554712782900               17
   1.1159745652018036               11
   1.1353077500186761               11
  0.78451284156182988               19
  0.96027377660239044               18
   1.1265732315443777               17
  0.99824540500689429               13
  0.90858476671661781               19
  0.91971727546230586               18
  0.89580660462745154               20
  0.96356223534073915               20
  0.80141670326826686               16
  0.95367029572923823               21
  0.95106004000053901               20
  0.78966829432111740               18
  0.87643291912466803               20
  0.67104734565298307               19
  0.52990452351501993               20
   1.0170214207751946               19
  0.74793019216634404               20
  0.78750658106528859               15
  0.79647311523861120               19
  0.63301419486399946               14
  0.71422125509208789               19
  0.56293695568886570               19
  0.57579509867264411               18
  0.82607008478148114               18
  0.62751125523578288               21
  0.42519288343737655               15
  0.32908494108595915               17
  0.39770196612063974               18
  0.71579702825599589               19
  0.81076329481069398               20
  0.79017017772341702               21
  0.71476923621014310               22
  0.77042994433782497               19
  0.61373724569279853               20
  0.89981202808243621               15
  0.40410964840295788               21
  0.67551698387752912               19
  0.63712114834367739               20
  0.67178508723507646               20
  0.75269418410923905               23
  0.84367830587319259               16
   1.0991669046776169               16
   1.0137447531449435               18
  0.78134322322656058               19
  0.87681838874797968               17
  0.97180184373099932               21
   1.1658208173180848               14
  0.98064054158896574               19
   1.0690615968280408               18
  0.99362294429028863               20
  0.99832544663864597               20
  0.74205042244570485               22
  0.84807385894351273               17
  0.96097135582647264               18
  0.88175625400555091               20
   1.0183911652897175               16
  0.78510477804386858               15
   1.0788010530222234               18
   1.0574111337433927               16
  0.71030258337074925               18
  0.84968431937563071               15
   1.1303478180651931               14
  0.65794527792132163               19
   1.0194865250995315               16
   1.0739245903562504               14
   1.0821982798191079               19
  0.61590967940910168               18
  0.93647184741042422               17
  0.43774126501394278               19
   1.1137493892586801               14
  0.69985500232192899               20
  0.89572219777656870               21
  0.68464697174563760               21
  0.94284545877071446               19
  0.47180738156495394               15
  0.57278249440148166               18
  0.82983217154809630               20
  0.97745523838540127               18
  0.46178249496632662               20
  0.92111865965202566               17
  0.78118665020020051               19
  0.73493520813268709               21
  0.52131385877732250               19
  0.27643061913532851               23
  0.55497122929209841               22
  0.93180861899708012               17
  0.93594203252976349               18
   1.0515707839122233               17
  0.91322049824652141               20
  0.72105557448340196               20
   1.0058947408320678               16
  0.57632571524519727               19
  0.67167110622378567               18
  0.94299627466071823               21
  0.85826235778362936               16
  0.88857122157330881               21
   1.0984764482745968               14
   1.3213309584571951               12
  0.89956257050958244               19
   1.0416925961085473               18
   1.0474554338313677               20
   1.1696888536247623               19
   1.1337523461678545               17
  0.93727299260874097               19
   1.1234271481672964               16
   1.1090745007164364               21
   1.0674759039596882               19
   1.0223566041322221               15
   1.1098972691346716               16
   1.1634427162690175               18
  0.45282913261285024               17
   1.1364468371489329               19
   1.1525236491069248               18
  0.91835988942124047               22
   1.0451551176461276               16
  0.96208534030197435               18
  0.89979645182972967               19
  0.66100406932736866               21
  0.88009328353445793               15
  0.91040511790461642               20
  0.97857108993172082               14
  0.78459079994531500               19
  0.84721228805654836               18
  0.91281187697695088               17
  0.54554139632761400               19
  0.43343022342845317               17
  0.97214545858809742               16
  0.58218467521844741               17
  0.35730907942092177               15
  0.95310363951284582               18
  0.73071496204993291               20
  0.95369385250979877               16
  0.65051725724133624               19
  0.64552009628299800               23
  0.73611293803476729               17
  0.84842067019329770               18
  0.50404807027846021               19
  0.93997130688179698               16
  0.99345017737493624               22
  0.67228854980826036               20
   1.0385949678051962               20
  0.60276955280298328               15
   1.2132485479252959               18
  0.86346423761624280               15
   1.0530707745207690               20
   1.0844237283916931               15
  0.93719034109510146               18
   1.0557080619535788               18
  0.89439757028955902               18
   1.0740263610770344               20
   1.0637854939934535               17
  0.90233954822536966               17
   1.1108410897728527               16
   1.1730555456729370               19
   1.3018176512600115               14
   1.0295372358875412               17
   1.1658779145496896               16
  0.90538335321179220               18
   1.2685057816207350               18
  0.84732500978691860               18
   1.2291821730422159               18
   1.2567712776684983               16
  0.73554218681012395               18
   1.0156451137716089               17
   1.1006754950607496               17
   1.0305299427516572               18
  0.82614697721081387               18
  0.41262648185237322               20
  0.89403501781902706               21
  0.91667567989999943               19
  0.97074788262834166               18
  0.64499117424764529               21
  0.63000775809314813               22
  0.45178048407816168               19
  0.77968865077572835               21
  0.68226898137100722               20
  0.43697516282184051               19
  0.92571477956232739               19
  0.85665770987129364               22
  0.49347164361968515               21
  0.59456978346407863               20
  0.96668202438465312               17
  0.81094506715530523               17
  0.38571398982333738               19
  0.80356302560766557               19
   1.0604929993287120               19
  0.72149759842934880               22
   1.0148166523206876               18
   1.1103098599735794               18
  0.87327183095230587               18
  0.66938249949713202               21
   1.0145664861348365               17
  0.85291786561780858               19
   1.1944233332133467               12
  0.83463049076207851               24
   1.2640968320981578               13
   1.1688182653534316               18
   1.0373201601231830               15
   1.2236805436334866               13
  0.86605533557905456               20
   1.1394469036730739               24
   1.1308016553122899               18
  0.95261140216638640               16
   1.1437104620786951               16
  0.76700107856375421               18
   1.1770426320663745               19
   1.3577930780421310               15
   1.0217339593757333               16
  0.89309695995778460               17
  0.89312366054501480               17
   1.0721739664950349               13
  0.78413692025344939               17
   1.0795058526580026               16
   1.2125134058610663               14
  0.87426762821768145               18
  0.76019101343063344               19
   1.0787599039507245               19
  0.83325303530377448               19
  0.81383935942910302               17
  0.74737678198889124               22
  0.67299597056713856               20
  0.83076053470003630               17
  0.85056504260506738               21
  0.98974905120726508               16
  0.46297877773332080               22
  0.85861023240203027               16
  0.78496217737517504               22
   1.0472707905236409               20
  0.90340970820479694               22
  0.61439810840873288               24
  0.78417672284147055               19
  0.77077742538079208               19
  0.53792776259321728               21
   1.0356521845463520               17
  0.90665787310975510               18
  0.89331958059965888               18
  0.77407718026563410               18
   1.0571267336973245               20
  0.83653529706293261               15
  0.93932254429190054               18
  0.46067213306669746               20
  0.80470169082691423               19
  0.59599872637868467               21
   1.1813554194501819               19
  0.97553874523237538               20
   1.1246895141867410               19
   1.2614488303556424               14
   1.0926646880098001               20
   1.2402676390444896               17
   1.0285266764753791               19
   1.1511375105553014               19
   1.0935229393401842               19
   1.0057072681270420               14
   1.1937637257050668               14
   1.1742945521938535               19
   1.2259981156148427               16
  0.86827241803391308               16
   1.2089929824027821               19
   1.0847529180953548               18
   1.0903284286793629               17
  0.95948677619887901               19
  0.98897922558084350               15
  0.86506301739513725               23
   1.2612293559954091               16
  0.76641029851950371               18
  0.88837553825954396               16
  0.68888446938700432               21
  0.95251864954811860               16
  0.62462839106679580               19
  0.90980693463099160               20
  0.86164661465017878               24
  0.77458358791932103               22
  0.65481012178755738               19
  0.74438232706022822               21
  0.72526269059804060               21
  0.96483484217286042               19
  0.82212327026089749               21
  0.94722483686333969               18
  0.97205057601440692               16
  0.77096866247793361               23
  0.84329682222014679               19
  0.77083040982617312               22
   1.0085318335491609               15
   1.0581523347438611               20
  0.75938653518512156               20
  0.76513268911228649               20
   1.0013578159462118               15
   1.0027031966592208               15
  0.71989485371314277               21
  0.82878713896749401               18
   1.0697613786739937               19
  0.99757812963608106               20
   1.1998703238372390               14
   1.0123090852772085               17
   1.1321936764599909               21
   1.3441293090122217               13
   1.0197034589665948               16
   1.1410293922975678               15
   1.3139099963857719               12
   1.1522930509727172               18
   1.1564293063631472               21
   1.0006814721777282               16
   1.0603454466190625               15
   1.2552157150804641               17
   1.1058903847438797               16
   1.0009622958148885               18
   1.2801795436196712               14
  0.92028473987401460               19
  0.84356723974965064               16
  0.89604512463246544               17
  0.93275294999802139               18
  0.86252784113806291               20
  0.97257423041726088               16
   1.2871014161249521               16
  0.91808710046695463               16
   1.0336846259241765               16
   1.0587812924886257               17
  0.84068624488768240               21
  0.81954228575940258               19
  0.92795905280344992               16
  0.90333234546352370               17
  0.70221503571370025               19
  0.69712270535800225               23
  0.89211058988349745               21
  0.57143833830171997               17
  0.71756426829939379               19
  0.77143123076239883               20
   1.0350053673332551               17
  0.99810364210620506               14
  0.89802910382374257               18
  0.73579006721192919               20
  0.95563538077885490               15
  0.72735815866227782               20
  0.64594760389915784               20
  0.73184770354237716               20
  0.99798956615175094               16
   1.0130291186342246               19
   1.0604623826367543               14
   1.0479666378514851               19
  0.82696079221945251               21
  0.83630555577095245               17
  0.72833731796898971               21
  0.81307819186932795               20
   1.1827805268206752               19
   1.1768181172740677               19
   1.0456323964245340               18
   1.0336329845983234               19
   1.2403543233365986               15
  0.75414424711960726               21
   1.1127997893767969               21
   1.1004806391101070               15
   1.1401347910178321               20
   1.2328457814025384               15
   1.1954931873652912               18
   1.0175176023844232               18
  0.97290760452241998               17
   1.3001398968442557               19
   1.1383603149265522               15
   1.1794607493183069               14
  0.97225094931758427               19
   1.1989591060117468               18
   1.0083130050853810               18
   1.0369935312220475               17
  0.74485414196512179               19
  0.87356576053862645               17
  0.98107218458527867               18
  0.94171633566663637               18
  0.93121970836267887               18
  0.83624325345723194               17
  0.79615274143132664               18
  0.98446315461110723               17
  0.90613433883295458               20
  0.77799122425253975               20
  0.87265515659941051               22
  0.81044223138476623               20
  0.81204091688638469               20
  0.64933748572491623               20
  0.90442600837675213               21
  0.89372037138653149               19
  0.94740461221348549               23
  0.80199181808017850               23
  0.89757723683543378               18
  0.93887392358480792               18
  0.80681178530198006               17
  0.99208484103856953               19
   1.0127221696761659               16
   1.0315203660106773               17
  0.67122208102122227               21
  0.89166284422899900               13
  0.76702746308020886               18
  0.96499728670557205               16
   1.1983893964048391               19
   1.1183575863303801               21
   1.0845400413939525               22
  0.91837249466814153               18
   1.0987700198121004               21
   1.2407992108409138               18
   1.2996066095113228               14
  0.96711480047400067               15
   1.1977188868745019               15
   1.2860612520905950               13
   1.3051428765729294               19
   1.2306275642858624               17
   1.2694652800019066               16
   1.1364341767125268               18
   1.3375118627322444               18
   1.0532549776427236               14
  0.90637062951964809               19
   1.1280656910922910               17
   1.1303209741572655               14
   1.0153760640248706               19
  0.96016133186227670               18
   1.1814855173882659               15
  0.89598967683521646               18
  0.96482072338992031               16
  0.82241679893958797               17
  0.90640201524750308               18
  0.94664761497989169               17
  0.82075616692215814               21
  0.95223545687882061               16
  0.87134611546083418               24
  0.96295503207110533               14
  0.88071753342760717               20
  0.93202907706377425               18
  0.84403581342271916               19
  0.95655990405099534               16
  0.93990576676628457               16
  0.94460200883705736               20
  0.79143980407245029               15
  0.73641668783724212               19
  0.81431311407978979               20
  0.89754552525217335               19
  0.77632829406008630               20
  0.68163952941394035               23
  0.70310981303507192               23
  0.89513755409766838               15
  0.98738388111649378               21
  0.89637598605885571               14
   1.0917579689594044               20
  0.98002117967381952               16
  0.93413238674364130               13
   1.0073236697230350               17
   1.3032034837606976               12
   1.1072362595813741               21
   1.1488890978590431               18
   1.1023642747164439               18
   1.1451170663104193               18
   1.1055130733338243               21
   1.1246629724778248               20
   1.2165564348359990               18
   1.1986706372241009               15
   1.3174902794612333               15
   1.1065728533199388               18
   1.0819387803455087               16
   1.1910782341947774               17
   1.1138241308574091               18
   1.0051969133320373               17
   1.2416899734234643               16
   1.0405788194969752               16
  0.93275608243032659               20
   1.2503724067771906               18
  0.85793525188071085               19
   1.0204537748426656               14
  0.96571680781896374               19
  0.98882901868416739               17
  0.85089657133260888               18
  0.92019954571753892               16
  0.75462961318409283               23
  0.94098237061164869               20
   1.1410768919343706               17
  0.38366263706420378               18
  0.23089248781524657               20
  0.88742791893962281               19
  0.93509699023832882               17
   1.0159692347051474               14
  0.89669476407637705               16
  0.69451098645999132               19
  0.85882270723636067               19
  0.84569726893208896               20
  0.85878978043881216               22
  0.43184724108588951               16
  0.71283935716523139               21
  0.86778370474381950               18
  0.91976149965346432               20
  0.85557000611452072               17
  0.90045778402196963               21
  0.69608974342165109               20
   1.0431736587560867               21
  0.67549149460681490               20
  0.95062026136201827               18
   1.1159348491491741               19
  0.90011552486897073               20
  0.94930275597813485               20
   1.0155581384137784               19
   1.1376424393373541               15
   1.1743504618360563               19
   1.0831907069140119               18
   1.1438169603642685               21
   1.1427217071353357               16
   1.2042965731240831               18
  0.76350388181290429               20
