   1.1586057522273994               20
   1.2474615728240772               19
   1.2566826501244273               16
   1.1414619427697443               17
   1.0275262900324496               22
   1.1253800658754440               23
   1.0987664520084541               26
   1.2938872644920636               14
   1.0034401554411410               22
   1.1281187386198797               25
   1.0607457423255979               22
  0.94940744811089128               16
  0.99054050045525521               16
   1.1155414368900514               18
  0.77507060046925147               17
  0.82029899249517946               16
  0.95026473540544998               20
  0.97866726658736236               16
  0.95822690268895228               14
  0.86784327833920927               19
  0.83884159958676296               16
  0.70303096199168769               20
  0.86334062802445621               19
  0.61291276401958483               18
  0.76038033405549466               20
  0.90284834043989537               17
  0.79680300605343457               21
  0.88883461146724463               19
  0.93805614590774933               14
  0.94188509604043114               20
  0.89898582325107013               18
  0.89093241089253261               18
  0.88744612752803909               18
  0.91248626018099366               22
  0.95541870233982351               19
  0.93355580865340704               22
  0.76507424403535651               20
  0.84084319957299203               19
   1.0297968937641095               20
   1.0033859327037522               23
   1.1630023184492038               19
  0.91279080282663261               19
   1.2730114649246764               18
   1.3023397711523572               16
   1.1889332397067276               19
   1.1313428721277552               16
   1.1707588721768258               17
   1.1289201478468296               20
   1.1539113920170994               19
   1.2193379976917051               16
   1.2029489997523919               19
   1.3033523091585599               15
   1.3228704485535334               15
   1.2302220419502254               16
   1.1664517291316023               23
   1.1708700742461344               21
   1.0971707803440645               23
  0.98273283241889375               18
   1.3137494787248558               15
   1.1772531964773463               22
   1.1899210933857423               19
   1.1295938558835557               20
   1.0705534853543008               23
  0.99064623574565425               15
   1.1235955012075851               24
  0.92063247010093308               19
   1.0596894455355996               15
  0.94352525470678394               19
  0.95108536145137001               16
  0.89553045177112700               20
  0.81833035584648883               22
  0.96993583497070823               16
  0.88395978087265870               20
  0.96202628177507710               13
  0.93852090421523116               15
  0.79785317190438831               16
  0.94881209652382170               16
  0.92629159156569552               18
  0.93620179902312495               15
  0.95006125727617552               18
  0.93891355868161130               18
  0.95273128684427100               16
  0.87747132902881153               18
   1.0210606504234077               18
   1.0216049428718619               18
  0.83980028950421848               20
  0.98117994011577359               16
   1.0325626176924130               15
   1.0258774362134782               18
   1.0852269694687067               16
   1.1061017567843476               18
   1.0853667880372964               18
   1.1991955060966570               16
   1.0864823606449416               20
   1.0776869278189571               20
   1.1446154617146589               17
   1.2491216846702362               17
   1.2364522575557648               13
   1.3133317242569060               16
   1.2143180923116939               15
   1.2000298843432102               19
   1.2215051784267379               20
   1.2399842100424054               17
   1.1718824344565342               20
   1.2964568184987393               14
   1.1739828947333650               23
   1.0866471766796240               23
   1.0315654944817156               17
   1.0091187904703514               16
   1.0732050983790036               20
  0.93080996641181057               20
  0.98733513180964638               19
  0.89728142516690879               17
  0.96121417960208833               17
  0.83821989939480412               17
  0.87264274740046321               18
  0.81851553236231234               17
  0.82807154325251442               18
   1.0026861319589104               20
   1.0140168984042530               14
  0.88884501594866783               20
  0.75838938690690394               17
  0.89536794574548095               16
  0.85351592460085013               17
  0.92596456990904907               17
  0.82388047261648978               22
  0.91525156071994618               17
  0.95892525199543566               15
  0.95615964562685984               16
  0.92835593538659078               20
  0.78880749094016978               19
  0.90206097662351870               19
  0.86937457628011072               20
  0.84295642110686642               19
  0.99468467343960243               19
   1.0511700023831112               18
  0.97403926032538024               21
   1.1984848420714054               16
  0.98433299073719627               19
   1.0470034026455559               15
   1.0068774472435331               17
   1.1228715461584180               19
   1.0193106632406193               21
   1.0509443081865986               21
   1.2496779620702756               18
   1.3252636671515694               14
   1.3037646921576069               15
   1.2045083829988010               15
   1.0893936338514101               21
   1.1539774303171193               17
   1.2604205398357633               16
   1.3025589036318286               16
   1.2593164774013597               18
   1.2514354405389407               17
   1.2451988862751078               16
   1.1165349829441515               24
   1.0587190006306288               19
  0.92895863418585867               19
   1.1311777322756680               22
  0.94956048336477172               18
  0.86647989057611807               21
   1.0818359623068119               15
  0.92095647914898759               21
  0.82180724234668867               20
  0.83121386532948593               19
   1.0097483618561032               16
  0.88328994070423028               19
   1.0177675769957237               15
  0.97927396077248863               16
  0.84117189566074335               19
  0.77539653946541598               19
  0.88993381735432942               20
  0.85564103758806798               15
  0.76467518922699884               18
  0.91818991669793526               17
  0.66580202512225806               17
  0.69299328258612702               19
  0.90208116819623863               20
  0.96589634943453972               17
  0.96533444782531219               16
  0.90349979674302727               23
  0.74106057195866559               17
  0.92478768095464592               21
  0.80867002598742899               21
  0.78521826588032551               19
  0.97607734609440289               21
   1.1067400201347504               16
  0.99070157598172592               20
  0.92119018868997737               18
  0.98462103372676502               19
   1.1854387497770251               20
  0.85334833537108834               18
   1.1387721749303248               16
   1.0846631149958179               18
  0.97637649036076002               20
   1.1442391262115890               21
   1.1170188587216712               14
   1.1547173998500733               19
   1.2172903833911686               15
   1.3264775415265690               18
   1.1451165935334506               21
  0.99540760393431427               20
   1.1552521709372148               24
   1.1015542874055524               22
   1.0586951024560785               19
   1.3516594829480906               15
   1.1833849827698479               14
   1.2125834560395974               18
   1.1696293871259376               19
   1.1406744067534056               21
  0.98174043230175023               22
  0.98766862930825405               19
   1.0424435824524265               14
  0.74863314733961139               23
  0.77466282199688941               23
  0.87362620276310277               17
  0.69081160375780393               22
  0.90998551919555004               17
  0.86760892081349283               19
  0.90908696368254915               21
  0.71609277878297550               17
  0.79917425628948424               17
  0.91294503584348785               18
  0.85078593992448592               20
  0.74810752526507285               20
  0.90302560376609198               18
  0.71447650307348665               19
  0.73003528960116726               20
  0.94421432424481633               17
  0.92675639732710591               15
  0.67494739517687896               20
  0.84010145407591930               19
  0.92586518832958375               24
  0.71868993290719430               21
  0.95479829549450068               22
  0.64316873550836851               21
  0.96345034045479527               21
   1.0852235933212886               16
   1.0178887284975042               18
  0.82911161579316317               15
  0.90171904075360920               17
   1.0541610414313736               15
   1.0524610177099183               20
   1.2747788667163380               18
  0.91179318976088830               20
   1.0694357505194170               21
   1.0992014402412542               21
   1.3056884930711421               15
   1.2325167286061096               14
   1.1198740653964256               17
   1.1641811923268524               23
   1.2245004067052492               14
   1.1011727687820763               22
   1.0509205793489158               20
   1.1009757474901776               21
   1.2016936886297098               15
   1.0870952565649206               19
   1.0707234839400566               20
  0.84028317562678323               20
   1.0053888939170521               18
  0.85030867670923171               20
   1.0488943630704086               21
  0.80966824767503409               24
  0.90601573383215683               20
  0.90384697906779088               17
  0.93774893760740508               18
  0.87831339931787400               17
  0.72034497564029665               18
  0.83890623272005505               20
  0.88297223039903494               16
  0.85872657642373529               16
  0.66907068455201624               20
  0.67622702572888560               21
  0.75466863387597194               17
  0.52538859476653721               19
  0.82323252229874555               19
  0.55269438862604203               20
  0.98799058806613571               18
  0.67704112535863403               22
  0.81980414396641932               19
  0.66496621465763406               22
  0.75159699633207899               17
  0.83400945658705561               18
  0.97096096120311937               19
  0.91634079099819832               17
  0.75921529276123834               17
   1.0025057561502499               19
  0.89855223781662152               19
  0.76109785742600300               21
  0.82316257402961823               18
  0.93716298491703509               23
  0.96609139566383262               21
   1.2363255430642099               17
   1.1043422700539265               19
  0.92579567912770422               19
   1.0548317367892268               22
   1.1583041084056702               24
   1.1332403214663489               19
   1.2815155075556715               18
   1.0032255702290851               18
   1.1646539812825063               22
   1.1228430279300439               25
   1.1795674561426206               17
   1.1739404158786713               23
   1.1713692499233956               24
  0.99952576172539565               19
   1.1186780268583767               24
   1.0292387701704595               17
   1.0117201741696069               22
  0.90999058592668558               23
  0.90663187911029353               23
   1.0221573636275003               21
  0.96858656498733131               19
  0.87212577414258308               17
  0.82126813009385047               20
  0.75043686394564046               22
  0.99264661815233790               18
  0.67419935982251489               20
  0.80266085181113977               17
  0.81994656679831979               14
  0.70369000402769355               17
  0.69034839553571081               20
  0.74302202552793628               19
  0.66909895539275532               19
  0.61899767563083175               19
  0.67068172026827522               19
  0.56683717885974705               19
  0.66786045278346795               22
  0.85825813513760230               18
  0.75155586040317035               19
  0.81621886010127431               14
  0.61582603307169792               24
  0.67863569547076596               22
  0.72821859217242579               21
  0.74660990335499278               21
  0.93516469625816401               17
  0.79356651826501057               16
  0.96567788064667603               19
  0.92329584738857795               17
   1.0530107732688312               20
  0.82537312950215602               22
   1.1068821549003773               18
   1.0227334629189813               20
   1.1439187473354449               17
   1.1031294972736210               22
   1.2126126466731491               17
   1.1166901142957935               21
   1.1376665684596829               18
   1.1491166958123722               20
   1.0890407640676931               21
   1.0181934260673311               21
   1.1595597406599190               13
   1.0927170438859188               22
   1.2286602830896962               19
  0.98731193173370979               19
   1.1214030612245631               21
  0.95900590241438943               19
   1.1411787996129710               22
  0.96763131325392715               21
  0.86204033629403565               22
  0.73031683919911594               25
   1.0441219775866462               21
  0.79085869527574659               21
  0.92428977115447919               18
  0.71916751159781755               23
  0.78232521446269376               21
  0.76487783664505393               22
  0.94626385449203632               17
  0.96201844036453232               16
  0.77993401870241719               20
  0.66888540232809235               21
  0.71758768165383324               20
  0.81248138109443480               19
  0.70914600739677736               21
  0.60815127268301150               19
  0.46296605227405452               16
  0.73683105810529970               19
  0.63646314948023741               21
  0.59990784778180184               21
  0.71711086517018863               18
  0.82475670803670664               18
  0.73688358957753985               20
  0.77174884401507615               18
  0.67538788339235434               23
  0.83757398671494920               16
  0.63266735979087074               22
  0.92856743697817090               19
  0.71101385396442951               19
  0.91916393553044295               21
  0.84453818169003858               21
   1.0272588974686283               17
  0.98411739595045233               19
  0.98953706088473492               20
   1.0493245203253023               21
  0.97489083223758077               22
   1.2071561366880599               19
   1.0035955196355755               21
   1.0683496340063885               21
   1.1896433159442226               19
   1.2475724281311054               19
   1.0032665623673767               23
   1.0967839880756094               24
  0.90811877714203726               22
   1.1160623971694834               18
  0.97314610901138532               19
  0.95494946611158449               19
   1.0374226907271760               23
   1.1012856059819247               25
  0.78670532404087834               24
  0.82553765920371669               21
  0.74516380908558189               21
  0.93080417150066763               16
  0.79634616228782940               24
  0.76649883631748683               23
  0.72481093203910574               23
  0.65461010892564819               22
  0.68434823029989356               24
  0.75163687220591524               20
  0.93087523343898038               17
  0.69798795990919116               19
  0.71512869178976679               19
  0.84135731656242030               18
  0.84491957365746961               20
  0.50744793895441520               18
  0.56133272126714562               24
  0.79148072797078117               18
  0.50648075086465616               22
  0.85911207190160555               19
  0.58198418137791419               21
  0.57241498433477789               19
  0.73552961966247177               17
  0.60431531309810260               23
  0.59086655955106648               22
  0.72353278704313173               18
  0.60757373252440738               23
  0.95712220728174513               19
  0.76474195856596860               19
  0.97516100034123765               19
  0.78679144145784274               24
  0.84530107339331884               24
   1.0132592820763440               20
   1.0047020339048101               21
  0.92096909101291713               19
   1.0372661522935420               19
   1.0328299508541010               22
   1.2855824782004937               14
   1.0817696779710622               22
   1.0794339617252824               18
   1.0789112945714190               16
   1.1329320159116156               18
   1.1296821147260818               18
   1.2041240702835179               14
   1.1433499386358250               15
   1.0385757943978626               26
   1.0952623629338354               15
   1.0373183077574721               19
   1.0567430317250071               17
   1.1009782889793811               22
  0.79474576115351725               20
  0.83118320594917594               23
  0.93857010160926668               22
  0.87546959495097443               22
  0.74056154982523903               21
  0.76587689051809171               22
  0.79183688770901761               23
  0.71297853293322810               22
  0.64473270623227086               22
  0.63088975503753575               20
  0.62879783904115705               22
  0.75378229140644382               15
  0.76895865192472523               20
  0.76521004426720773               20
  0.61784196885933096               22
  0.54164061932135976               21
  0.62322640396305973               19
  0.62737478085739951               20
  0.53433094476854914               21
  0.79678248738915602               19
  0.64703030446397169               23
  0.49992370504377004               23
  0.78773369993323927               20
  0.65212665276223358               21
  0.78692784728401000               18
  0.82494089430716722               18
  0.68070265275552244               21
  0.78501922136787528               21
  0.68897732365297026               22
  0.75467793751203116               21
  0.81550354139493386               20
  0.92630266868300315               21
  0.87663949420262477               19
  0.98255833743343313               21
  0.98157294185095623               23
   1.1065282255437610               21
   1.1460754717597110               22
   1.1021782589182183               16
   1.0830647671763414               22
   1.0392131431566733               20
   1.0364007999185008               18
   1.2195363429253223               16
   1.0264375173266527               19
   1.1142155088028820               16
  0.92551349827262142               21
   1.0093202482018575               18
  0.81549339470539417               22
   1.0407036094922633               20
  0.91863069572377154               18
   1.0611531905335729               19
  0.86413895926271000               18
  0.82557909922479467               23
  0.99458997473439459               21
  0.94071528343920929               22
  0.70730351757522203               23
  0.67680308105421982               23
  0.71808185220841758               24
  0.69384715969129540               20
  0.72934824332577508               23
  0.57805549853676097               19
  0.55748131213475560               21
  0.50320521809507002               21
  0.58873589655405856               22
  0.65900937100593826               22
  0.53904027872514004               21
  0.52174652088739981               22
  0.53519738286772400               19
  0.44238186270890828               19
  0.75225812841774087               19
  0.50314359572090350               21
  0.44914084551605188               21
  0.47750718371876077               21
  0.76830865240914492               19
  0.72531944115565505               19
  0.73415390049313034               18
  0.88416070673303548               17
  0.62279812954622404               20
  0.79111647729663659               18
  0.75751262015284992               19
  0.64026552624843214               22
  0.81074260335583681               17
  0.57956613156006631               16
  0.85609759355241721               15
  0.88358418049469223               20
  0.95680757596635746               22
  0.92414847008040613               21
  0.91782841111070368               20
  0.95413660565391822               23
  0.82357784802679679               21
  0.91393839217713146               23
   1.0528636035577872               16
  0.98090188659357069               23
   1.0202032234898533               19
   1.0749411557659905               19
   1.0591669001567470               20
   1.0764789330625320               17
  0.91170372719514992               22
   1.0728558321024828               21
  0.74631358389567626               20
  0.95430330803906716               19
  0.97812701764199461               18
  0.92331241323966429               21
  0.88379916396086555               20
  0.97704481123551523               19
  0.69333207331659352               20
  0.64459740452988668               18
  0.73618901696489258               24
  0.74325438485045248               21
  0.68018840988291251               20
  0.54725266696036279               22
  0.66522652358561118               22
  0.53797448508338852               20
  0.59180632500067609               20
  0.63944385682331162               21
  0.56567360642535613               19
  0.47686162822614686               17
  0.61773979661148581               20
  0.48382244305367983               21
  0.67147332033793627               20
  0.44915218604795604               20
  0.51412721327111022               22
  0.39065396849070744               16
  0.54987239655220022               21
  0.67693479233715848               19
  0.75625739358372102               18
  0.66167415721101874               18
  0.55261028954129088               20
  0.69683282092965293               22
  0.60497281821532978               23
  0.68103814162739462               21
  0.81147802332244146               21
  0.94983510260659743               20
  0.85419399037540178               18
  0.97254688089582930               22
  0.75410630673568857               21
  0.74549411481169414               22
   1.0490620427738482               22
  0.76972918451922834               22
  0.77503032140175576               22
   1.1919042444350640               16
   1.0147673348338277               17
  0.96879130455921603               23
   1.0777474330175600               16
   1.0840175876967868               16
  0.86341393205218331               17
  0.98050153025219844               22
  0.82387076515494939               18
  0.98898439232788171               23
   1.0206071491385555               18
  0.78604456381233800               22
  0.88729189907869532               22
  0.81711274798461431               17
  0.95976333471543795               19
  0.72589376590178067               21
  0.76414776505735893               20
  0.83679800543028704               20
  0.70017289922459125               23
  0.60148588555265114               21
  0.64719866261390180               18
  0.53899571205181629               19
  0.61997763356301305               19
  0.43904591068283100               23
  0.64606246945250767               21
  0.56332196091348818               21
  0.64738181036435183               23
  0.46201821601426690               18
  0.42550791227951051               17
  0.57201534260542397               19
  0.49051924992232177               19
  0.43070896963107935               21
  0.54482952472382828               21
  0.57326643485147388               20
  0.58785373449780443               21
  0.65122933198304567               21
  0.65324542548004572               17
  0.46833326078749793               19
  0.60219600725129641               18
  0.63443976758250875               20
  0.58145170700307147               16
  0.82582919249333220               22
  0.54259402718067018               17
  0.88699952348484323               20
   1.0084371946592301               22
  0.81358132025357244               19
  0.80010658046141458               19
   1.0255946674587970               20
  0.88093356496631037               17
  0.85306942461703961               19
   1.1480484563734172               18
  0.98685031086969799               22
   1.0265834185702347               19
   1.0318003104818059               20
  0.99024071840761463               19
   1.0361497928547529               20
  0.88329449119623726               22
   1.0389161316856312               17
   1.0139268691818903               17
  0.79372352163862792               20
  0.84992979182374717               23
  0.89053592680701033               24
  0.69090834064735451               19
  0.92725284954203102               22
  0.56630410560626299               18
  0.65657959831524948               22
  0.54188013215903541               20
  0.84391192234317225               18
  0.77035179849481150               19
  0.61675354109470759               20
  0.53097370804884847               20
  0.51481855375992291               20
  0.62609821267495647               23
  0.51084060337864523               20
  0.45852294336796534               18
  0.37220867782621175               22
  0.49587309454103784               18
  0.41487884775625261               21
  0.53617949807348686               17
  0.63418922134870515               20
  0.55952079813873112               19
  0.36534015604079989               18
  0.37635210351346526               18
  0.61470529848409661               21
  0.59616127492021920               23
  0.45696943918983779               16
  0.62122644600103905               18
  0.62339822431410497               19
  0.55170893986952985               20
  0.80205995316731515               20
  0.84121442213516162               22
  0.77539072957216681               19
  0.80100885701143487               21
  0.94928723429923612               21
  0.69372296762425023               21
  0.88604794063745718               18
  0.85709298556557356               18
  0.75163016749250278               21
  0.69586598383530596               21
  0.94742892675749923               15
  0.99810733601680990               21
  0.94590761204528062               20
   1.0646636920154326               16
   1.0570393953957802               19
  0.75908144819934043               21
   1.1463192491083820               17
  0.98541414110866499               20
  0.90233984904605236               20
  0.98779685450602250               21
  0.79897977000274922               17
  0.64881909673724825               17
  0.82500855548070384               19
  0.65899363769432895               17
  0.86171265948869569               18
  0.86447118384926103               21
  0.75693242112090842               21
  0.50732372609814680               20
  0.59076004750408673               18
  0.68949924921504102               18
  0.48466759131212350               24
  0.59281133621481841               18
  0.40569176698881576               16
  0.45251761914525584               18
  0.60732611433702888               21
  0.40582161977771031               24
  0.41040267032726230               19
  0.43303926246307378               18
  0.62801247879996458               21
  0.38578104843843491               19
  0.47083836501766785               20
  0.48812923859962415               19
  0.30573921763776224               17
  0.46808892686535636               23
  0.33858765538739177               18
  0.41326185236037194               22
  0.53955882153779711               20
  0.44217625160604018               19
  0.47311424230572591               22
  0.63737541983089296               17
  0.74448677604632796               22
  0.46232454165995635               20
  0.69220697750061355               22
  0.71969293474832019               22
  0.71736887893041801               21
  0.63989621999362067               21
  0.89193733044643697               22
  0.67634067933598441               20
  0.75828039815745774               19
  0.96559353950715587               21
  0.75907721852931065               21
   1.0028583823047299               20
  0.99539799892429903               17
  0.84061307089039738               19
  0.80998971620017735               20
  0.97741928152424939               21
   1.0672069594789544               17
   1.0061369126362585               20
   1.0077170938052609               20
  0.88851467146354368               17
  0.94757349205678221               20
  0.88481925225064939               19
  0.80146367429363774               22
  0.75011148831757979               20
  0.85096475552887740               23
  0.61730645523957628               19
  0.66807986606035807               19
  0.62648604013494003               20
  0.59577254760548271               20
  0.69128661699072647               20
  0.50271544370095866               21
  0.64235528414585541               23
  0.53122287302330251               20
  0.43167450965867721               15
  0.42540868346824195               20
  0.52096571743422848               19
  0.37703682638155245               19
  0.44671938434449898               20
  0.34635310156007582               24
  0.59972553782316163               20
  0.29586165987806740               21
  0.42975115715049289               19
  0.39539504212711207               19
  0.55761182889382688               22
  0.39578568153580035               21
  0.29087407799910764               18
  0.58188103361836718               22
  0.42599265068163500               18
  0.39057455073682862               20
  0.54258322650060531               18
  0.45200699598001337               23
  0.73844022298714040               22
  0.63325407864806638               18
  0.85332621217663251               16
  0.67131660997388565               21
  0.88562814151081448               19
  0.63310015074490911               20
  0.82743152684983701               21
  0.66516465950891812               19
  0.63265047959455978               17
  0.80884277918759495               20
   1.0181011584006292               14
  0.94688213478112737               21
   1.1326329590963993               15
  0.89978807429942165               22
  0.94530339660309037               21
  0.96179264311503698               20
  0.92362860381202760               17
  0.99166222239431334               20
  0.93473329471275546               23
  0.97165259558901884               20
  0.62668664122589535               20
  0.77931758067547752               20
  0.54494569304775331               18
  0.74251164787911084               22
  0.58327751470124078               18
  0.56633867324997766               17
  0.47105376003525529               17
  0.70704250649481604               20
  0.60463234759143891               19
  0.56853749768138251               18
  0.46277495353750980               22
  0.60435686345246875               17
  0.34433004110147286               25
  0.36247301087331529               23
  0.33449866147816365               20
  0.30964127940904512               22
  0.34224985908350825               17
  0.28511901660140676               20
  0.48415126726944130               18
  0.48361776249157784               20
  0.36591064839475401               17
  0.25354964844659034               18
  0.34667067892883563               16
  0.22239646978464261               19
  0.53232927530348695               23
  0.55800082817600971               18
  0.27250043623822479               18
  0.58008371299426320               18
  0.62327069909858768               21
  0.48384498421595801               18
  0.40936005536274245               22
  0.66619140993628945               23
  0.67001608695389103               20
  0.69221970206886474               23
  0.58433830426034017               18
  0.73120459537098470               18
  0.85032862453167268               19
  0.92220208188127817               17
  0.91461719452943058               20
  0.98649713437908104               16
  0.69263847507066245               21
   1.1072521675535507               19
  0.94749432748312157               22
   1.0428992457302924               14
  0.94499914106398575               19
   1.0043292249110383               18
   1.0297565635941066               18
  0.76249587662712759               18
  0.77202429138918971               20
  0.75133926947048990               20
  0.82457049718448527               20
  0.87754993008618676               18
  0.71852735543879054               18
  0.67620475703742922               21
  0.71906737732803350               19
  0.55931222606565434               21
  0.52671754125481718               21
  0.50272874366905695               17
  0.69315946997829259               23
  0.47878097940742714               20
  0.38302225980508714               19
  0.58846147729708520               21
  0.36705113286151042               15
  0.47267568854885128               24
  0.31491138421764270               18
  0.37655105909495035               18
  0.29788181232517874               21
  0.31941134542145405               21
  0.45494101157535810               18
  0.26095142355297524               17
  0.24585687208068968               16
  0.37591927011717940               19
  0.61996501886080146               21
  0.43072317303564195               23
  0.34087318392074800               20
  0.21466396016560721               18
  0.50595252364420296               20
  0.49641995740818923               21
  0.71481017373002964               18
  0.65808963992626135               18
  0.62086187099571122               17
  0.69589511509077806               21
  0.63353013878109987               17
  0.77156920310245136               19
  0.76239734060457875               18
  0.74227987101625914               21
  0.76152871338734596               19
  0.89602504188707788               20
  0.72194464310804518               19
  0.67306385874672248               20
  0.69572983827138191               20
   1.0058653437072262               18
  0.97604486473982255               14
  0.96647558866055039               20
  0.70493065900412943               21
  0.99024952884606099               20
  0.80005517902973700               18
  0.71124220620535217               19
  0.91221953437310033               17
  0.90110668667340788               15
  0.73607148862217475               19
  0.76911000590781353               18
  0.65212528992235042               21
  0.69151652824119114               21
  0.68614404487298697               19
  0.61301880878404802               20
  0.40576113805767422               17
  0.36955208429975828               23
  0.41567995036796707               20
  0.49153970266605435               20
  0.39814539568538582               20
  0.41929090809749597               22
  0.32804310766466921               19
  0.41952048582872747               24
  0.51196006622002344               18
  0.26534599740050757               18
  0.32149803731175491               18
  0.35477925135083832               21
  0.29295608413708302               19
  0.28829597995441897               17
  0.36846292968953526               19
  0.18703728030569103               18
  0.40639873791799647               18
  0.18363334893778932               17
  0.35074617074431630               18
  0.42492069914476316               22
  0.51123400877945024               21
  0.57017192086349289               17
  0.44536421303649248               18
  0.42373227449225309               20
  0.50516298926022385               19
  0.52372935993097969               21
  0.67641063853167538               22
  0.74807253657053641               20
  0.71863725465308792               20
  0.81703361106387329               15
  0.82736802044444868               18
  0.76956347977631090               20
  0.94785097098021520               21
  0.90028685944375630               19
  0.94723815849432336               17
  0.98496984452333924               22
  0.96764803240906028               15
  0.77833684942230519               17
  0.91503708510544635               21
  0.90613046613396131               21
  0.85271825994138761               19
  0.95560723536810288               17
  0.83002003528250190               16
  0.84795824208115766               18
  0.90047765114458100               20
  0.65431236390385583               20
  0.85755693973107672               17
  0.63970832500461727               20
  0.44533410646662064               19
  0.61576133614241790               21
  0.62865596435506310               21
  0.60521777482187711               21
  0.50854978822713914               18
  0.54814852517012602               18
  0.47476068061651233               18
  0.54721075760324600               18
  0.29605949322301028               20
  0.25924144858162113               19
  0.31892712142105678               18
  0.41225963344802657               19
  0.26849029106820727               20
  0.32806241579829820               21
  0.10546906553493769               15
  0.24543502164223330               19
  0.21994552891044131               19
  0.23848793038659138               19
  0.40882992951924968               21
  0.14391589884373068               18
  0.27732431103124588               19
  0.46774602502726792               20
  0.37884960988066135               21
  0.52020550327284454               19
  0.53358702446204453               19
  0.65355284778084510               17
  0.74162404714716434               18
  0.63920271238088389               20
  0.67271424381959821               21
  0.77818272586146731               17
  0.73241364948650978               16
  0.64112311222405927               19
  0.70356280667206661               23
  0.65849152139176370               20
  0.84577439729651338               18
  0.84441631123557603               20
  0.92283544336942891               18
  0.87142303135793531               16
  0.98085329956881229               16
  0.79076301364719337               17
  0.92129399160886449               20
  0.97598129441742199               19
  0.98332432500227163               17
  0.99111870387271372               16
  0.68894183174989676               20
  0.83053660270087348               17
  0.80665858145156166               21
  0.62350789871597645               16
  0.56552093965477190               21
  0.69107459602740540               21
  0.66352824737964200               18
  0.47794103462786103               20
  0.54311743233740994               20
  0.53795965934082601               24
  0.27977245105840676               20
  0.57066219836226395               19
  0.40706045859026807               19
  0.31243412923465413               22
  0.18560261635450345               18
  0.31227281225753128               16
  0.37117524776849781               17
  0.13513274276022480               17
  0.31746194830500829               21
  0.22697282682105480               19
  0.20076532630496235               16
  0.17506629567883189               19
  0.28284900346994923               20
  0.25707950475092400               19
  0.29481597199901999               18
  0.18869940946548178               18
  0.42886276593777328               20
  0.34102527172512320               21
  0.36227880599058010               19
  0.35757975077203019               19
  0.64106800870920866               20
  0.60623615145848009               18
  0.48900183179251028               19
  0.45348184393959950               19
  0.40412111894455716               22
  0.50043517532057635               18
  0.74738535056212940               18
  0.72938472896287709               20
  0.69198095291567374               20
  0.87193536043849917               17
  0.87566103513296067               16
  0.85415527565803095               20
  0.96205288872320083               18
  0.89559682687597886               23
  0.94165470296891729               18
  0.92935310854921671               22
  0.89362370139672342               18
  0.85588310866303208               22
  0.92389997023731563               21
  0.96897017199181235               16
  0.93093545105527964               14
  0.62618927297441906               19
  0.94818616078175189               15
  0.58423034976096921               22
  0.60320902974577650               20
  0.48885802607808659               15
  0.40903606617987603               16
  0.41270881716674623               16
  0.55112548923854821               18
  0.69073369669086149               17
  0.50787172391577007               18
  0.35831506612728975               17
  0.46724750840914092               16
  0.34326477499691199               19
  0.24104706270051615               19
  0.20634890582227669               19
  0.26807962429501997               21
  0.32315414686059768               22
  0.29259861498769935               22
  0.11122319758324996               15
  0.29452890029931078               23
  0.19468311126635707               18
  0.23942633799823382               20
  0.22395992107961013               21
  0.16043477028919437               21
  0.20683128512104845               18
  0.42806610934954803               17
  0.35879085699742064               19
  0.50218913128414033               21
  0.30247791592353884               18
  0.52542210265176115               21
  0.49710304266432964               20
  0.59373808912068904               21
  0.44780348244491619               20
  0.59795641881341455               16
  0.56552113297119799               19
  0.57727375671280801               20
  0.53376972953584945               21
  0.51618880176383053               24
  0.68497007182936587               22
  0.59612476955782912               23
  0.91170032823070424               22
  0.82652689357620934               19
  0.94567975720130282               19
  0.92908937246695766               17
  0.90538442727798696               22
  0.73537639230549112               17
  0.97827641889895334               17
  0.69612725683215126               21
  0.80214357084124532               19
  0.87061605875730574               14
  0.72609557660495228               16
  0.78341903846601957               19
  0.91648465853397587               18
  0.68109712092042285               21
  0.55086069386031833               22
  0.73663447505921720               19
  0.53367893561790236               20
  0.60145051934012272               22
  0.61301782795205584               19
  0.57492961819253863               22
  0.34886819966827515               17
  0.17422039715881019               17
  0.17667000027344174               15
  0.21818431054974222               19
   3.5709603150659235E-002          16
  0.11515016622872772               15
  0.23407860308535813               20
  0.22881562473071118               19
  0.36329399829717096               20
  0.27188202049483379               18
  0.10760029630754796               17
  0.16735487968286211               17
  0.28878698993633278               19
  0.13917190105257884               18
  0.29300939002561671               15
  0.24996314604397329               20
  0.32334349760734077               22
  0.37939795011292671               19
  0.31252204716612009               20
  0.47021922443524389               20
  0.52632587661252017               19
  0.55330624175455145               20
  0.38560999033615262               18
  0.54045489371406774               22
  0.59796228231965709               25
  0.51209530535267345               17
  0.53666137741494124               23
  0.81028488285319245               18
  0.85200205175672383               23
  0.61045399530343947               22
  0.91343549319716755               21
  0.95518166250156589               17
  0.86510677419741500               18
  0.96991647633106171               16
  0.87961849604358389               22
  0.96069007935342532               12
  0.65794671635214319               23
  0.88833659922505981               20
  0.72961499533837215               19
  0.84213156232244524               21
  0.69989077671986610               15
  0.67807250807261654               17
  0.76992643362962387               18
  0.79910849673525519               19
  0.85927383103550647               17
  0.40687676172292292               16
  0.73466839165757059               16
  0.58982962346676415               16
  0.44941281329911870               17
  0.48846463270077373               21
  0.38525718873155901               17
  0.41607489437525325               19
  0.40444084318089696               15
  0.30723232504633291               17
  0.27358656095268757               16
  0.22170060936015956               20
  0.19571046638014936               20
   7.4293039609589648E-002          15
  0.13011721661467379               17
   4.2581970570679514E-002          13
  0.25408648017631053               15
   4.4719470241896431E-002          13
  0.12617370824404445               17
   5.2675888678255268E-002          13
  0.18609140627480608               18
  0.36843186860415200               21
  0.19563968671045090               18
  0.31092915656968478               17
  0.46469971840898638               22
  0.37998195608495294               19
  0.40184839455334936               19
  0.46718262565004992               22
  0.54610945848144610               19
  0.55137196584940618               18
  0.54354391580997541               18
  0.64077103748440600               19
  0.64604671755323451               23
  0.89752277920222001               18
  0.76547000952142119               21
  0.78682486776843552               20
  0.93622869697570632               15
  0.95928253170780953               19
  0.81861615913895158               20
  0.93920522242394877               15
  0.76650538985098082               18
  0.79459505476418901               21
  0.89076884203135309               15
  0.88026068506578969               18
  0.92999410703992680               17
  0.83535059962690872               19
  0.76021019659708111               16
  0.78332602219806169               22
  0.82778020324824642               23
  0.61207124574432603               16
  0.66462998133922557               16
  0.48486802859688521               16
  0.49866032193643328               19
  0.58260863981744115               23
  0.47657141970340949               16
  0.31696515349911047               19
  0.56772778745080599               18
  0.39876384300812384               19
  0.44925022966720379               17
  0.25204184234033733               20
  0.41431180771813331               17
  0.18103998253537154               19
   9.6452544872099671E-002          17
  0.27687783160067680               18
  0.23744342565725932               21
  0.15081130593751210               18
   9.5586350333287606E-002          18
  0.14240896809955408               20
  0.17438860838675976               20
  0.13148539694017250               19
  0.41114274186581368               19
  0.23556049522156289               22
  0.35766806484096919               17
  0.54055124804506327               19
  0.34196207819368607               19
  0.22299098689984725               20
  0.50067217889875015               21
  0.40962151146708092               19
  0.47197252071207396               22
  0.64707578430507284               17
  0.47807424795829356               21
  0.57219921407589724               21
  0.76750257589229876               19
  0.79528455480937443               21
  0.68950258310258561               23
  0.68180428963741213               21
  0.71381440542378760               17
  0.85779262999431982               22
  0.91549810021667422               17
  0.92144331577856176               16
  0.83452747481106204               21
  0.82357270590547316               18
  0.91476624791157168               19
  0.78423791730108461               16
  0.91496848430908440               14
  0.84485446232146533               22
  0.85719450978454503               16
  0.74932564949922920               21
  0.66129382982906570               19
  0.75553720338718589               20
  0.53768492300781712               19
  0.51618890232896586               22
  0.55693964116011696               20
  0.33533509445131637               17
  0.62899071026485054               19
  0.28606994789984841               21
  0.33515645225730745               17
  0.26539164283075978               19
  0.38492062622653417               19
  0.22795697768988452               17
  0.33998281675213826               19
  0.23636999729813052               19
  0.28206165289772750               19
  0.14692162205787809               19
  0.24159679025362557               20
   1.1400013466760246E-002          14
  0.38786951574547390               18
  0.14913619371912740               14
  0.13724520225002321               19
   8.5152839537315200E-002          18
   7.1800812059639771E-002          18
   6.8230702060658899E-002          18
  0.40818950833138867               21
  0.25698373721646400               19
  0.26301140734608985               19
  0.27094732719140402               20
  0.44228881503804152               20
  0.50109417598281814               19
  0.45951591574291295               19
  0.84028760281038495               17
  0.50711602727367477               17
  0.61619168876552188               20
  0.74571876973846296               19
  0.69180395324030008               23
  0.65582522315444658               21
  0.67759351176152738               22
  0.68171864061035581               21
  0.72478338386908958               20
  0.88988486721385307               22
  0.95380035485380499               13
  0.96466959293976451               12
  0.76716164646385743               20
  0.91682947631747136               17
  0.93663818646283425               14
  0.86494107974928913               22
  0.67805207677132695               22
  0.55866980705721847               20
  0.53250603359266047               21
  0.78464458818813343               19
  0.69464740890367394               22
  0.75575252201967447               21
  0.73333568071394650               16
  0.56128148669069355               16
  0.54759354590026432               19
  0.27645539154272936               17
  0.54866770882297677               21
  0.48151818318735662               18
  0.45061847786707437               18
  0.22409779018423917               17
  0.37320671090027957               15
  0.16760265711392222               21
  0.24293648737896634               19
  0.13411967893259547               17
  0.10570646820451834               16
  0.13133869313717425               16
  0.20715889665034920               16
  0.16272477646885125               20
  0.18587134113563139               17
   6.9203313971654842E-002          15
  0.31297497269653479               17
  0.35819988879644687               17
  0.30893471938207645               20
  0.26087176047309618               20
  0.20031909520005112               19
  0.33807604105175232               20
  0.29447518149868546               17
  0.50646473830020289               19
  0.46186797305039179               19
  0.34400549645159822               18
  0.67502316191827305               20
  0.46024880034517252               20
  0.60402991635365855               19
  0.61492129613854607               19
  0.61913058258839093               21
  0.65839185671690403               22
  0.85623278455301233               17
  0.74165127110250240               21
  0.86714931946326168               24
  0.74406309416884853               20
  0.97824925918401806               16
  0.93675605071049572               19
  0.62898651192430310               21
  0.83384561276447444               17
  0.80342417568461399               19
  0.87646831862154428               18
  0.89673188301709550               17
  0.63051455974054571               17
  0.65708537797133770               19
  0.68634961388345306               21
  0.75197615925316064               20
  0.59719289017098953               16
  0.53109728200821471               17
  0.47471122718437592               19
  0.64631040703472176               19
  0.57241480372973474               21
  0.45411257591690518               18
  0.46172433498398996               17
  0.36143969327086350               17
  0.27849072080490295               21
  0.19993898106994873               20
  0.31923872057727670               16
  0.33646428681115442               18
  0.39762758969159068               14
  0.23958749664009621               22
  0.18023449809823419               17
  0.13895790058317806               17
  0.19772528893885044               19
   8.0463637647234632E-002          13
  0.17288252677551602               15
  0.19207086708504709               17
  0.24608593612206056               19
  0.11325164928944483               17
  0.32354730777543556               19
  0.30344767387832783               17
  0.30941861311850416               15
  0.45329933611366091               18
  0.47201962268270503               20
  0.52253238036542582               21
  0.59945430361962171               19
  0.61893675545752191               18
  0.41406466499659927               19
  0.59894431477883803               22
  0.78387000100795834               17
  0.72723316576873487               19
  0.77774492421116459               14
  0.80668953232603713               19
  0.67386861225976080               22
  0.87802756867843779               22
  0.81373324432430150               16
  0.81438164319270223               21
  0.82933852564598465               22
  0.82058670056715077               19
  0.95612147409641268               16
  0.95816863716952072               12
  0.94148875293208922               14
  0.80017048289885684               20
  0.71582568420557868               19
  0.76322406236855111               17
  0.49007693950673259               18
  0.57936721462315199               21
  0.72072066501590115               20
  0.37405665471193633               15
  0.42046610221654529               16
  0.50821978478708441               18
  0.34087417968155548               17
  0.27736429408935009               21
  0.24846652593569643               16
  0.41549357315549262               20
  0.51424109753916136               19
  0.43036483052919294               14
  0.29783713305930015               17
  0.29730049487668203               16
  0.22591746343200739               16
  0.10901569203666275               18
   8.0022137350978378E-002          18
  0.33153886281634543               17
   5.9074859439799544E-002          16
  0.17446169247997842               19
  0.13065313162747269               17
  0.22504823924713452               18
  0.21939066235238516               18
  0.14479485967711495               19
  0.39311952452730942               14
  0.19053828846217263               20
  0.37345536220550640               18
  0.36502275408668322               19
  0.64034556059912473               19
  0.35649152459135386               16
  0.37709390530989367               20
  0.58121877873582239               18
  0.54628020361741969               20
  0.47032476384263788               18
  0.55350828786544615               19
  0.67405506676020366               19
  0.76782585965235517               17
  0.67318917901888786               20
  0.86170130480540674               16
  0.80955633276114725               20
  0.94268108068816814               19
  0.94005182452391389               14
  0.76782855217108026               19
  0.87268980709625643               18
  0.90701727605970350               15
  0.83114125447160048               20
  0.67357448445431911               23
  0.74623914729814511               20
  0.93987350550938231               15
  0.78036538215017892               17
  0.71704970786179023               21
  0.68381104931848713               19
  0.68685520810224565               21
  0.60973094345581347               20
  0.63596961498061566               21
  0.57013739848634859               18
  0.45867550230839316               14
  0.31188003103950063               15
  0.23235292137895233               19
  0.52449635714603959               20
  0.36854262621969525               15
  0.31019765063652149               18
  0.41785469774295003               17
  0.15735883294958561               17
  0.14477644530777661               19
  0.13944776337790543               19
  0.24162136638590451               21
  0.34040092067598382               16
  0.22335422033122912               19
  0.26280867812081982               19
  0.10892628326076424               19
  0.30480837513838988               15
   9.4661915905438987E-002          18
  0.31746293732692599               16
  0.39067845315350613               17
  0.29190347765758118               17
  0.26971595633805506               17
  0.36020194018319496               19
  0.45002254433361488               17
  0.58163573578680894               21
  0.53688150385636679               18
  0.47447186667610547               22
  0.80873282682658343               17
  0.74561047369974798               19
  0.62377503828633385               20
  0.83720829143326125               17
  0.84246597169624149               18
  0.89117120092800273               17
  0.83118542708446130               15
  0.98338550206856157               17
  0.95873374363276720               13
  0.88508454760858601               16
  0.83069298098195188               17
  0.90424547970016633               14
   1.0055718623157739               14
   1.0189168980413805               16
  0.94851915082552907               16
  0.96715292740682735               17
  0.83264561323985697               19
  0.80426806649807769               19
  0.74131262983242108               20
  0.75877105193822381               19
  0.60869810718614625               23
  0.58541645559261213               23
  0.59132297284687985               20
  0.73039450020451102               17
  0.59290523013439478               21
  0.64641711159185367               17
  0.55883922358201654               20
  0.43821353948311831               17
  0.48491029565710297               18
  0.42047338810373158               14
  0.31447000634035505               19
  0.22954596985904993               17
  0.28410138127491386               18
  0.24967901700481440               19
  0.20989544904180740               16
  0.17523124621313174               17
  0.15751868980244685               20
  0.19719659415967294               17
  0.20568640850712341               18
  0.23784887661234580               15
  0.25430844548683068               17
  0.41604244715556299               16
  0.39785280362683118               18
  0.35541354290526228               16
  0.36302675360596154               15
  0.45923494255882363               21
  0.46269232419507733               17
  0.41874631290574549               19
  0.46569808834015097               18
  0.44914182398837948               20
  0.67893929126026142               23
  0.81168170899072323               14
  0.56396040730595109               17
  0.65902082250228922               18
  0.73145875960986728               17
  0.88928044783473004               17
  0.99026828684362245               16
  0.74250814591773295               19
  0.93735791475759145               19
  0.98936399752178006               15
  0.79587326735198038               19
  0.90471467981825615               17
  0.95904921929672271               14
  0.73180202569563579               21
  0.87319697705519039               18
  0.86060421130971576               18
  0.72502267605329884               20
  0.76904078710140633               22
  0.77785503217157648               16
  0.78018558097701152               18
  0.83839649339977307               17
  0.76828484408649089               21
  0.63236314839923469               21
  0.61844229741046552               20
  0.47514086737396433               18
  0.53553253169848081               18
  0.67608294925568391               20
  0.50371169455270015               18
  0.51354478051361674               17
  0.52995260309042880               20
  0.25778688690186663               18
  0.32857092333798532               16
  0.11130147339644333               17
  0.33314652549542512               19
  0.38580928107034057               17
  0.35442456955026641               19
  0.20701523339612868               16
  0.13371358994472535               19
  0.34978608284404172               19
  0.17292109123896110               15
  0.28016715875237586               18
  0.23879540298816909               20
  0.29610505905887252               18
  0.35698793312329069               20
  0.50818010572982641               18
  0.51573494590573443               17
  0.43253139078218161               14
  0.33255087220673057               18
  0.53406698227912097               16
  0.63616270402113906               21
  0.54545829381772537               18
  0.67225542506090374               18
  0.69563588935462795               19
  0.60365318086067421               19
  0.71717811378482654               20
  0.91545192812013720               15
  0.87089942501942275               15
  0.96985844096547857               19
  0.97006842025918416               15
  0.70075467250900858               21
  0.90320833491812924               18
  0.88919378199256804               17
  0.86046378488089981               18
   1.0069141458480482               16
  0.96987940068201495               18
  0.87627610968391045               20
  0.88362059732670606               19
  0.79634270099740345               19
  0.71107456935898350               17
  0.67321830964433105               18
   1.0088681232544756               14
  0.48828535572467224               19
  0.63751577728003705               22
  0.80904053536405773               20
  0.57581612875293642               19
  0.53312143769186904               17
  0.59711342114512456               21
  0.41961868525691248               15
  0.46765811080914466               16
  0.31447993609690605               19
  0.46166097482847146               19
  0.47910689171617099               18
  0.40718756731084765               17
  0.38030061698742790               17
  0.42027995284363362               19
  0.25681674533337429               18
  0.38872468618765105               17
  0.28456684822050560               17
  0.35075698348656759               19
  0.52972740503265481               19
  0.43871279469475610               15
  0.41586513896591681               17
  0.45621869539559895               17
  0.53290683393485028               20
  0.41455178184218872               16
  0.56688770446143266               19
  0.52958891301289723               20
  0.65789991742516929               20
  0.62679624589504146               18
  0.50432158669698901               19
  0.48901708796000259               19
  0.62781325848895209               16
  0.83601203246511291               22
  0.79213068078264914               16
  0.82471084422342666               16
  0.94612344155474559               16
  0.95227624646642584               17
  0.74578431609299556               20
   1.0212419257534089               14
  0.99781301235186748               17
  0.90946535227212355               17
  0.96108325063709377               17
  0.95938945970330680               17
  0.83782689718602410               17
  0.91146426913644940               16
  0.69475834133650394               22
  0.94271952816136118               18
  0.83545142424447649               17
  0.68137767656645165               20
  0.68066054772828477               20
  0.56383473895023895               21
  0.68694424364471840               17
  0.75845251371036693               19
  0.67580881681594196               20
  0.61389578129625055               18
  0.50492812750790084               18
  0.56750683240087763               22
  0.57545914677205856               18
  0.45418579019880900               16
  0.35505995872498891               16
  0.55087106634470884               17
  0.27255097066604206               18
  0.45131541114689949               19
  0.45214633407458910               22
  0.42565468669074308               16
  0.18744039753548369               20
  0.47012921784268297               22
  0.40332444904602371               20
  0.32603305691816586               21
  0.28170483568110677               17
  0.31815093632156904               18
  0.58959588351863346               21
  0.38011829155629506               17
  0.58563069340576845               22
  0.41866684197712534               17
  0.45604388370740384               12
  0.38914391472729670               18
  0.69215641288964092               19
  0.66904594121019723               19
  0.54568862069126078               19
  0.72565295378627970               18
  0.63264576255162575               17
  0.69857368241852635               17
  0.82067391641418763               23
  0.76326931049044711               19
  0.72208321285038535               19
  0.99621789565710139               19
  0.90137788279349518               20
  0.82547800097235924               20
   1.0696939790268183               15
  0.87060401376685559               16
  0.97962214854230767               17
   1.0059197511557041               17
  0.82332729653995862               18
  0.82892792876640431               18
  0.82662179468760277               17
  0.93518297334662315               22
  0.87051533365383105               19
  0.81372292846256655               20
  0.76397523743458262               19
  0.68694351348086968               21
  0.55890286469677286               16
  0.60061094584292662               17
  0.55694960621781620               16
  0.50213549553646775               17
  0.56920594270738534               17
  0.66500108678817849               21
  0.48267788304246395               19
  0.61027753390412454               16
  0.48603271906096762               17
  0.40467687791245488               15
  0.34584882466739453               17
  0.32381914259128830               18
  0.28783552827844294               18
  0.24167720335631615               19
  0.40436343523323820               21
  0.30112777638488236               20
  0.50763344573186764               19
  0.44958948637467167               16
  0.64049638896875616               24
  0.30286499063355782               17
  0.25921779681282520               18
  0.39784775025856722               17
  0.46017168683881876               18
  0.57099078177170803               20
  0.61093553326992012               18
  0.58712234438441591               15
  0.65240377860604559               17
  0.70519483147136286               18
  0.67592439667398363               20
  0.74077941100587974               22
  0.72348497022621250               21
  0.84033035033552417               20
  0.71769147476378625               18
  0.85401495505954717               22
  0.88950333030784257               21
  0.75276301960681324               20
  0.80110265726444008               20
  0.88809346811937218               19
  0.90649797665333876               17
   1.0221005571546704               19
  0.85376849593864024               15
   1.0178725889462168               15
  0.77230770159832907               15
   1.0407609679507925               15
  0.96421841308183176               18
  0.87190396403956238               20
  0.83134450694546658               19
   1.0205842436353278               19
  0.78660938753764542               17
  0.60635359466254635               22
  0.72865740736456153               18
  0.64116788367963928               22
  0.65681961431657632               20
  0.49698083200686255               20
  0.69498969373665798               22
  0.72473789178294112               23
  0.52649633471949653               18
  0.50125648668347145               20
  0.41902927214015984               16
  0.44946865134327180               18
  0.34355977248816744               21
  0.38171154477078245               14
  0.49094649081023828               20
  0.37893990425518781               16
  0.51078489717694464               21
  0.59693605654317405               20
  0.35605792571699357               18
  0.61709453396405356               17
  0.53940149596098497               19
  0.67780965289443507               21
  0.51981759814004969               18
  0.56168120728893878               14
  0.57775807220754893               19
  0.52473600905809992               18
  0.58694945406990640               22
  0.44809397852473110               17
  0.66301970531337462               18
  0.61922572255101438               19
  0.70702829669760803               21
  0.93630625150075486               18
  0.64408692008975332               16
  0.78504704920886137               22
  0.88153177077702927               20
  0.96242021349836560               19
  0.79312192769750722               23
  0.86577199030135044               18
  0.88519818495184610               21
  0.87244816822413740               20
  0.91341566786461448               21
  0.94353334325997951               22
  0.79609963488969882               16
   1.0692969787565134               15
  0.83751443849698326               18
  0.91232705678866965               18
   1.0401206076497711               19
  0.86076819101868385               18
  0.70694262921060524               21
  0.89832946300863603               24
  0.92975127214504638               23
  0.86442292103391105               19
  0.71132768036567917               19
  0.60346224713881380               17
  0.54680972548706985               17
  0.81228563724599956               19
  0.65915027431779571               20
  0.48835604912845809               19
  0.66711582057946062               21
  0.53278054756236914               20
  0.54893092823413425               17
  0.45037045073752802               16
  0.61454900078412011               23
  0.46788440796231079               22
  0.57176836169702294               23
  0.35904272274528992               19
  0.39588146720667505               20
  0.55100521957360860               22
  0.60155588794940507               24
  0.41577000690563504               21
  0.50432062557824686               16
  0.50909325614521961               18
  0.58994858674444695               16
  0.68323085640521808               23
  0.63969894540665573               21
  0.56068550059931543               20
  0.56639282052245399               18
  0.69026633437800600               21
  0.43876262385673992               16
  0.81476808112730825               20
  0.75094455996686160               21
  0.58661616493716340               16
  0.77144423487833069               20
  0.73733553311900524               19
  0.99882468499781396               21
  0.83422600946464054               19
  0.93129638318218200               19
  0.90422156193558989               18
  0.98035385467460856               19
  0.96831572039761926               18
  0.91436838523500041               19
  0.80207621314879562               24
   1.0353694834575939               15
  0.99005534807941398               18
  0.94485487165866289               18
   1.0919440624843595               15
  0.91924761931113597               17
   1.0145617519578030               21
  0.96654664129273216               18
   1.0523237455617558               21
  0.95899407223523858               22
  0.66274629115860273               21
  0.52175202270362830               20
  0.93684570783054089               23
  0.69621085104747993               20
  0.81561561714492237               21
  0.80180707191172140               17
  0.53149858813974837               19
  0.78386567067054580               18
  0.46779784907262739               16
  0.64637514865333123               20
  0.65517308701004284               21
  0.43101990748042873               19
  0.49728977211345449               18
  0.41149720817519281               17
  0.54010954099499053               22
  0.37290677084596180               20
  0.51183929277399165               21
  0.64194521286695594               21
  0.61334275944319760               22
  0.49841302841273338               19
  0.53499266403603418               19
  0.50697126262302183               16
  0.42027815318835077               16
  0.78778120412357988               21
  0.78046286721575875               20
  0.78249825194054423               22
  0.65656604049347655               22
  0.60612446451580060               20
  0.56050301064457453               16
  0.64263203225575460               17
  0.66054898384071081               20
  0.71323479931136158               19
  0.87944397251960238               20
  0.88166695543095785               18
  0.93537491296441866               21
  0.94594131711056384               21
  0.95675613838686024               19
   1.0325205498112247               21
   1.0269801843223096               17
   1.0566815917463976               18
   1.0013426647565367               16
  0.94448449931224099               18
   1.1016143088933561               21
   1.0726166443248888               19
  0.94143028707844911               17
  0.99867689257544578               20
  0.94263252062529412               19
  0.84204840109756141               18
  0.91268954068954655               18
  0.61842109201603135               19
  0.65570143458840402               21
  0.98386159618175506               17
  0.78023130814577879               21
  0.75748510957663984               19
  0.76157558996943653               22
  0.79023366141727147               21
  0.67444394626478654               16
  0.90083955668699378               21
  0.58562898296728716               17
  0.34679824082834088               15
  0.59285629277668339               22
  0.44355409316033012               15
  0.66836164793018271               21
  0.55608097230803688               21
  0.51598240037837062               21
  0.65876479131705101               21
  0.54374788392794793               21
  0.51759837066560654               19
  0.62847593312244110               24
  0.73949751446105150               19
  0.58789043315938116               22
  0.44921276961151335               19
  0.67462846053480496               21
  0.32454456279937438               21
  0.52613948972101443               18
  0.71985646040758400               21
  0.56416292051486372               16
  0.58433272889716192               18
  0.74636147512210116               21
  0.70474066694430881               17
  0.79259512136777099               22
  0.91518409046445226               20
  0.92755132419484232               20
  0.87920488602074065               22
  0.85128690849787070               21
  0.96558678788380792               22
   1.1350113577282506               16
  0.94234289284955430               22
  0.99290801308282195               21
   1.0252944563333697               17
   1.1406871142349979               21
  0.95906235097784565               20
  0.94502809280298028               19
  0.87527535044041893               18
   1.0798212153907425               19
   1.1207708549272499               21
  0.71563931884022058               20
  0.87196429050372137               21
  0.93148189852824781               20
  0.77044423104591797               17
  0.76264456777970779               16
  0.66422296706903483               18
  0.99662824227208879               16
  0.71911819797083409               23
  0.73461826117896156               21
  0.78269559350545925               25
  0.70085300284477581               20
  0.65750930533179064               19
  0.70902824015090671               20
  0.61348430589723746               21
  0.42917211866864513               21
  0.68059136034486190               21
  0.47938868343537583               22
  0.68698745931597927               20
  0.75122009310598969               21
  0.59786130609320587               21
  0.47715637546938122               19
  0.49557653174413996               21
  0.62425703091090401               21
  0.69031649928466321               23
  0.71865715469250080               22
  0.49860962923004865               18
  0.67048751258195993               22
  0.67426278694331554               23
  0.61484985557814942               18
  0.79624493658112994               19
  0.76479670616528406               19
  0.69730646292718967               21
  0.76904550037798447               18
  0.81856054380102539               24
  0.93623206686549953               22
  0.71695169057094577               20
  0.79656914116770638               21
  0.98169787298154454               20
  0.90882389267420305               19
  0.98441665807561429               20
   1.0628533113465792               17
  0.90590367805611482               21
   1.0656762582710182               18
   1.1192078930791864               16
  0.98089888859424657               20
  0.99086582593238848               20
   1.1586483400895717               16
   1.0867987705886686               16
   1.1276137858546211               20
   1.0307530897103352               22
   1.0407977419389969               19
  0.92743104872013227               19
  0.82795357342277054               21
   1.0414074140363194               20
  0.87484609183112283               19
  0.96312349963304145               19
  0.76486846980562506               19
  0.71824229433387321               24
  0.76604286769147267               17
  0.89298614337647764               18
  0.84001368132444587               21
  0.71922774028613035               22
  0.69967659525257075               20
  0.61021492471528505               18
  0.62994352751331295               22
  0.66015446908231168               23
  0.57079467304280951               21
  0.63008564805229328               22
  0.60357844376926784               20
  0.55298539592996454               21
  0.47945523176817278               22
  0.57169365149290707               21
  0.71278219287402123               19
  0.72349050999057751               22
  0.84622253380147883               20
  0.64549095511435906               20
  0.69958170580486101               25
  0.55030229971254696               18
  0.70111820907531841               21
  0.55931871305659953               18
  0.70454947006012858               20
  0.70768136115698155               22
  0.76864674473908334               21
  0.79215778881131416               21
  0.87773352059882315               19
   1.1274828641797048               15
   1.0172405399588160               18
  0.86034903846283228               21
  0.87133232517984749               22
  0.84553016154871408               25
   1.0824372556849204               19
   1.2038558752242856               17
   1.0781435346818611               15
   1.1568178963010787               13
   1.1669367055369539               17
  0.85014399860086809               19
   1.0851103166760270               21
   1.1316232703038003               15
   1.0299982951758337               19
   1.0474164726115969               20
  0.90384206853166538               24
   1.1016305091520151               21
  0.99521358341749944               18
  0.84148698734865812               21
  0.95737967807113422               22
  0.97599149041974476               23
  0.70151552485893642               18
  0.87288479448617817               20
  0.93404789833964441               18
  0.84615016430152346               20
  0.67072825718317253               21
  0.88358803234293204               19
  0.65085407073551049               20
  0.75358395200487194               21
  0.71330487501145601               22
  0.66098981308449234               22
  0.59918274025768492               20
  0.80912355545340342               22
  0.55476134941787680               20
  0.68683619788055361               21
  0.68557559540688529               18
  0.75123100536316723               19
  0.57853781562906759               21
  0.84517953893874131               18
  0.68564729510042199               20
  0.75342411186130243               21
  0.64715663937461809               23
  0.64759533241713063               24
  0.69562048256698505               19
  0.83021674005207202               16
  0.97600106081487381               19
  0.87942688774243227               17
  0.84904860010371785               19
  0.76489185940136928               20
   1.0332588377347631               19
  0.76940439560812968               22
  0.80889102688851178               23
   1.0068929312597841               17
  0.97483345256653697               19
  0.96628343466485767               19
   1.0114254331019439               18
   1.3027021365632745               16
  0.98886627296184304               19
   1.1141748051830405               16
   1.1795104674489549               22
  0.99145740128075355               20
   1.1526262020612319               18
  0.96862645492288524               18
  0.97959682630944689               23
   1.0576927127000495               18
  0.91763762907804702               21
   1.1012132165360820               22
   1.0640211107907740               20
   1.0619203187746797               23
  0.74834297579460263               22
   1.0914113851195539               20
  0.99547735852944086               19
  0.87464557713530855               19
   1.0994245279694872               16
  0.81561195222573191               20
  0.92906585328766944               19
  0.69300377889996578               19
  0.83602858376060551               20
  0.74671154432225673               19
  0.84310003087514207               24
  0.81223801161849107               19
  0.80615449302070408               19
  0.82978445082767371               23
  0.64235056974397331               22
  0.54853201591932677               21
  0.83816940463090128               17
  0.75026729843637341               22
  0.61116248755071878               20
  0.75609476549753463               20
  0.74646133102010126               19
  0.87368200656271455               19
  0.66572776104185405               21
  0.63782100575560752               24
  0.80313689908861341               17
  0.87630764800794092               15
  0.60168788623657365               20
  0.81073764990304797               18
  0.93109928948740639               20
  0.75387431356113621               23
  0.93926739291574601               20
  0.73038280379795051               22
   1.0212486556830176               16
  0.96200962724177419               19
   1.0288814580672754               19
   1.0236292906195543               22
   1.2467444447894069               15
   1.1210171591065652               20
   1.0804447810182003               13
   1.1173999650015389               14
   1.0145601091791803               18
   1.0146633182838916               21
   1.1300387806835217               21
   1.1735909222805896               21
   1.1246204571892149               23
   1.1028123273199755               22
  0.98432099364718695               22
  0.88241398919256020               19
   1.1718739888500957               19
  0.86717428305534161               21
   1.2566893044969354               17
   1.1096683879972546               24
  0.82299609229399062               18
   1.0327642469888501               16
   1.0467698454084711               18
  0.88081656863135216               18
  0.89749439163694278               22
  0.54368254331526389               18
  0.82193335406720314               20
  0.88200963353376149               21
  0.87452496727421303               20
  0.76306247018349560               23
  0.70482875274906243               21
  0.63530462330004023               22
  0.72434909396170200               22
  0.75783490453626035               23
  0.51412362506329845               19
  0.71565761719452081               23
  0.89729342693487235               18
  0.59425828652403534               20
  0.71589206353976287               20
  0.89572916963740856               17
  0.73943248668154649               20
  0.65828114842012875               26
  0.86819883958110056               19
  0.96174721081257009               18
  0.62045069705268963               25
  0.98938819880098305               18
  0.82283961909413394               20
  0.83193437845071128               21
  0.81804544796256840               22
  0.84355687422255554               18
  0.92806173464147723               20
   1.0487514345395166               21
  0.89475021078088013               19
   1.1065490193714032               19
   1.2609137080203536               15
   1.2929500811014329               15
   1.0714697834463636               15
   1.1647010192436311               21
   1.0773753645987874               17
   1.1339238547469126               19
   1.0923470040120211               21
   1.2255198649355417               16
  0.98291348889223662               19
   1.2139570615732260               18
   1.0941633998216607               19
   1.0593387264479435               21
   1.0243268316814353               22
   1.1411182517353957               17
   1.1590001470786182               16
  0.91952338427330582               17
   1.1217795517959517               17
   1.1814636456327510               18
  0.89666982022470332               21
  0.82412451376142992               19
  0.92902032428632753               19
  0.72183127953396209               20
  0.79465473931340302               16
  0.81862678677443979               24
  0.78717574523220335               19
  0.77473570992472374               20
  0.84079657755418191               21
  0.80863486325832046               21
  0.65021452723597140               20
  0.88584474664023927               19
  0.69677881435910216               24
  0.87254546673114597               18
  0.96322407375440799               16
  0.67635981082629648               21
  0.99761471369192589               13
  0.83805777154887717               22
  0.68367248849126017               21
  0.93999030973224529               19
  0.89123867122024925               21
  0.88745300612887812               15
  0.87565875337893861               22
   1.0797337181773183               21
  0.95505812049744787               20
  0.91341057597991904               19
  0.78051572824510018               22
  0.98056645655909269               16
  0.97784978695184721               18
   1.1649941048066319               19
  0.98612920614477795               17
   1.0520363256610354               15
   1.1667457194819244               21
   1.0913192012246173               21
   1.2211097325064839               18
   1.1836083257633205               18
   1.2417400870920847               18
   1.1829015679837682               18
   1.1530007342093589               17
   1.1357583436775831               19
   1.2049058953982381               16
   1.1767778716960406               21
   1.0657271090040346               18
   1.3356007015568925               15
  0.97490174615643788               19
   1.1352683243792561               22
  0.90435471938875711               19
  0.92684550635693552               16
  0.72607542107482992               20
   1.1300887318393020               18
  0.74263568460749541               19
  0.93367800729751560               19
  0.84321528265660162               20
  0.96876932329861409               19
  0.81674285505337785               16
  0.84340446396358348               19
  0.97368304429583719               14
  0.79953927517012391               19
  0.69190358524445028               21
  0.82004440423004210               19
  0.73649836319790907               19
  0.89066652349065045               21
  0.77555909217188512               19
  0.91575631255679679               21
  0.97025661611792036               17
  0.92816400573142321               16
  0.80361924284719399               22
  0.84750521686128832               18
  0.91704540459390860               19
  0.96719155489874131               19
  0.99464294347284765               19
  0.71950826051197847               21
  0.92439452246337650               21
  0.91217753098469778               18
  0.84943135766016431               23
  0.90953226798477593               18
   1.0723403642902283               14
  0.84319053411317468               21
   1.0336038300833241               18
   1.0067393576252683               25
   1.1021995274543530               18
   1.2219979863885122               19
  0.96383544024954992               21
   1.1827708748348524               16
   1.2429513767698335               22
   1.2190919815471963               20
   1.1287090130882838               20
   1.2069019112491386               17
   1.2080572041376225               16
   1.3562891231798111               15
   1.1664154600313075               18
   1.1095954610140730               19
   1.2153107362743845               16
   1.0720714392762425               21
   1.0699226687390504               16
  0.93568205817512007               19
  0.99599534455297112               17
   1.0928173144036357               18
   1.0380663311552916               17
   1.1223795497764335               20
   1.0421920022457258               20
  0.91693481883961137               18
  0.96102871700186765               20
  0.73958880850869380               24
  0.89031992633509849               22
  0.87771167239078152               22
  0.82939634432902498               20
  0.84182962422608365               18
  0.79151962885170357               23
  0.91640882702740345               18
  0.62497194678253376               21
  0.88936395882547248               18
  0.70368075400123042               20
  0.96268057734042911               17
  0.89128262479066378               22
  0.84487200589538625               21
  0.84759744343338306               22
   1.0035630743626867               16
  0.90519417197231522               19
  0.81325814813806818               20
  0.83052214889473830               19
  0.83532633967466385               18
   1.0587323836082372               15
   1.2081580129177032               19
   1.1398576396111191               17
  0.86801919683260143               22
   1.0592077232008827               17
  0.87189203146192717               16
  0.99602077188989424               21
   1.1964473253706993               17
   1.1650330846023271               18
   1.0131538100401902               18
   1.0689131172634996               17
   1.1908669145064030               18
   1.1342719142007207               19
   1.1813184293742165               20
   1.0779063697906646               20
   1.1928727784318396               19
   1.1964395589902423               17
   1.2832027608254546               16
   1.0236408573328240               20
   1.1323266753078873               21
   1.2405945096923343               16
   1.1338747648447087               18
   1.1414138977822983               20
  0.96627247351577050               22
   1.0754153602237311               20
   1.0951335977347501               17
   1.0478735746497609               17
  0.88361066581692327               18
  0.99701528684583640               17
  0.99124448278579402               18
  0.95992357353600710               17
  0.95261756474548764               16
  0.85021858905108283               22
  0.81542885299438939               24
  0.92830175055040920               19
  0.94457472711358248               16
  0.81722803795654764               20
  0.78174628781585886               16
  0.87113665442916066               18
  0.79690047865365055               19
  0.91904590156561183               20
  0.96936426523398656               16
  0.77976727360804921               18
  0.92984011073242079               19
  0.76344370663558314               22
  0.97559019656947665               16
   1.0163455721972086               15
  0.78034513565487607               19
  0.95155374800440562               19
   1.0301314978573692               18
   1.0420224904454982               15
  0.74925768489904299               21
  0.99703327740173253               15
  0.96741335975736309               18
   1.1014514085980327               17
   1.1147863598619616               18
   1.0964504618319384               17
   1.1346706235142539               17
   1.0130629699629614               17
   1.1237245272069460               18
   1.2913354020537267               18
   1.3007679583850940               17
   1.0274317839767273               16
   1.2180154294219960               17
   1.3069758670725089               17
   1.1034563959563459               19
   1.3299597709238837               13
   1.2848790165722817               15
   1.1925977711158737               17
   1.1972045171285546               16
   1.1321645856838880               17
  0.97027519178159183               18
   1.1540033080151448               19
   1.1880454699959659               19
  0.98945328535171206               18
  0.98228021341223481               16
   1.0936564468019478               15
   1.0290932068815981               16
  0.83554449805961917               19
   1.0140936581700448               17
  0.99307706027592557               14
  0.97536782283753665               16
  0.90554570907026299               18
  0.85437611169974736               19
  0.92757378073161345               21
  0.91848883296401584               14
  0.93733980017185092               15
  0.88049966849396788               19
  0.96860464684622893               19
  0.88605575240255430               20
  0.79272890726341971               18
  0.96039824742706892               15
  0.96514405184656948               17
  0.96673821270843285               19
  0.96252036391087648               12
  0.97554389953204235               17
  0.92525279067184507               20
  0.74754349622708216               21
  0.92353573393184762               20
   1.0106526836872938               16
   1.0595737255891988               16
  0.97645002427256433               18
   1.0068460252463953               17
   1.0442877522225140               24
   1.0850659427674716               15
   1.0836039341304420               21
   1.2556773088477327               18
   1.1927340526806165               16
   1.1212502624826979               18
   1.2372927923728276               17
   1.3433681314104531               15
   1.2598072405695029               15
   1.2973063157918534               17
   1.3288994421262170               17
   1.2204439552514266               21
   1.2539282278743549               15
   1.1534387985858769               21
   1.2391176857114605               13
   1.3020830168175790               14
   1.2971258985931606               17
   1.2752885508493339               15
   1.3206223780970585               14
  0.92972945197801171               17
   1.0541586723296290               20
   1.0428229687732729               19
  0.77845101310428666               21
   1.0422704452809324               15
  0.96797625837637202               16
  0.94813662520533615               22
  0.90210047808714355               24
   1.0262861990760010               16
  0.73697826683027767               21
  0.96316887224541436               16
   1.0416965452985056               15
  0.70190332463315486               23
  0.58400471556397404               22
  0.92157340160050372               20
  0.89299398354381920               21
  0.89512950695096338               19
  0.86358434673103468               22
  0.84006228568272179               19
  0.94853973045694806               17
  0.79284471306004389               17
  0.84684760363887313               20
  0.71666963214616342               20
  0.83091707991494268               18
  0.90687727150147845               19
  0.84263610672237133               19
  0.90351257758388126               18
  0.84323532037932358               20
  0.93029645505075487               18
   1.0175667200439686               22
  0.72591566586303202               23
  0.98173271024277264               22
  0.86393627750267787               19
   1.0554391214295489               20
   1.0068615618401757               18
   1.0242916255861838               20
   1.1788834344050545               18
   1.1628285782020054               19
   1.1554285256145382               19
   1.3455564319294930               16
   1.1462641825053550               17
   1.2349818635589467               17
   1.1077108001944449               14
