   1.0420923423802877               21
   1.2307824029216283               16
   1.3414048347703846               15
   1.0447997362427925               17
  0.93177124883896678               21
   1.0576535079891478               15
   1.0042216398810380               20
   1.1545070316754538               16
  0.55435380384284128               18
  0.94864248136137763               21
   1.0409630698997583               21
  0.87065083263416254               19
  0.85121431330321096               18
  0.89267604727713457               16
  0.80249619273844097               19
  0.79577744241532566               20
  0.78559334163940642               21
  0.94024802853207534               20
  0.86497421567444721               18
  0.94014830773011815               20
  0.67649404211348974               19
  0.45533442703540722               23
  0.82053386628103409               20
  0.60711815463249974               17
  0.90381751325185411               25
  0.92064289048884596               22
  0.71238084036342519               18
  0.93635229828197708               16
   1.0023805609165299               17
  0.83435838720894562               18
   1.0269710782516768               21
  0.65110157285202730               17
   1.0426362190000940               20
  0.88521408999668449               19
  0.61780149770349257               16
  0.89958507260387111               20
  0.35166964230888337               22
  0.90926341770524977               25
  0.93372420338694562               20
  0.98567762137190473               22
   1.0018053275163541               22
  0.66770259313424374               22
   1.2241909224808463               17
   1.1054118933026271               17
   1.0720406021440334               23
   1.2210535154594850               19
  0.87734610594229823               18
  0.86401529171997959               20
   1.0693978712878860               18
   1.1219542714379191               17
   1.1794614482029937               17
   1.1160983314830748               19
   1.3004328484909287               19
   1.1507505088898735               17
  0.88563220887533345               20
  0.84843448674482225               18
   1.2235680831173550               15
  0.92620433687081072               17
   1.0935018210426086               20
   1.1211579575353505               16
   1.0482089628739040               20
  0.80990162087498774               20
   1.1275164975057299               17
  0.98733485193212778               18
   1.0344583075467602               17
  0.95804678467807525               18
   1.0845811355621267               18
  0.68905628218564319               18
  0.73227724772701297               18
  0.83291021009081434               21
  0.91850570012108523               15
  0.98897517502637444               18
  0.72627566206381688               18
  0.95899023918299031               13
  0.92295953651659113               20
  0.91184511472906649               21
  0.87888670117968903               19
  0.72132625146944751               17
  0.85064611356751330               22
   1.0109046941736253               16
  0.86857858076053196               21
  0.65435904497658093               20
  0.95517582650485211               26
  0.93719299491446217               21
  0.87618064287206654               27
  0.94150850044997569               18
  0.95764106444321651               23
  0.94855321841086282               21
  0.87188210355669371               20
   1.2432041732193473               19
   1.1287990508167753               15
   1.0206743918656132               17
   1.1736723826049096               15
   1.2604541021780522               18
  0.98313611645733001               18
   1.1858817068478444               17
   1.2534459581812427               16
   1.0742907846139527               20
   1.2584812072671363               17
   1.0952608328561457               20
   1.0925333519126037               14
   1.2277675929894951               23
   1.2462215308337534               19
   1.1788134897266154               13
   1.2520180485316128               19
   1.0774301754446878               21
   1.0031798291742342               23
  0.97570091604571496               21
   1.0204686642200340               17
  0.97903216259571868               21
  0.88118182725798289               20
   1.0641787267541960               21
  0.72851043800711335               20
  0.90768859361058440               19
  0.88786165575489662               16
  0.95077522647846346               17
  0.71176983394455384               17
  0.93012093993598866               17
  0.94653082703470648               20
  0.76561927080812331               22
  0.88921190021023733               21
  0.82448484824329449               22
  0.85599252127762016               18
  0.98861386003494156               22
  0.69448481619953839               19
  0.70572415141518274               18
  0.84969994348701372               19
  0.86303592771907101               21
  0.87046147299333942               19
  0.57259554721543116               18
  0.80879433472610462               21
  0.97773060223258412               20
   1.0603640906373986               14
  0.69315250807870288               18
  0.87548294382551828               20
   1.1003547394679163               21
  0.87353946689143047               24
   1.1786524167570109               17
   1.0218055604688798               20
  0.90968705727042010               16
  0.99260875642685775               20
   1.0590105640842000               17
   1.0718322414043364               16
   1.0785272861369495               22
   1.0790555327346716               24
   1.1004217643536973               17
  0.98142136773014654               21
   1.2896135616833169               16
  0.99349253766299306               19
   1.0480501638058226               19
   1.0260282812402244               20
   1.1175736939124905               19
   1.1796961580077403               18
  0.91531539111067239               22
   1.1359659993397258               18
   1.0678137513245209               19
  0.92502580999558792               19
  0.88421667261882519               16
  0.95912739051177054               21
  0.73803451295734190               19
  0.99853944878746848               19
  0.99453063977365685               16
   1.0301330297345062               23
  0.72007683621420349               20
  0.60453138730379452               17
  0.94272081011211240               20
  0.91247616524038166               20
  0.92509477783071203               21
  0.94342904567459884               19
  0.72948282555300548               19
  0.84103660106190514               21
  0.76282852977546178               23
  0.88611015676112004               20
  0.52207519592372398               21
  0.98148033320319339               21
  0.58787126126230826               18
  0.37328340622085981               19
  0.61136716644779399               18
  0.81498213060876978               19
  0.91232502755308442               16
  0.62979885482546594               17
  0.79416129669652635               17
  0.82220713433311077               21
  0.72044523235881797               18
  0.40177885058437235               21
   1.0272806150662117               15
   1.0133630223096841               17
  0.99529434049033938               20
  0.51427677526602189               20
  0.91942811706632754               16
  0.88582857324721165               17
  0.85241306273012951               19
   1.1584918596043670               15
  0.93935130452347404               20
  0.99265893535379401               19
   1.1929074807180875               16
  0.88360516449932180               19
  0.93902162199439565               23
   1.1130636826023428               13
   1.1181050878058274               19
   1.2456548744852871               16
  0.67471826728026740               20
   1.2713193448681881               15
   1.2095874044252461               19
  0.69507228665353082               18
   1.1370221608111750               15
   1.1932101616163409               17
   1.1509096461192263               20
   1.3568739187109113               13
   1.0024298543623320               20
   1.1186073105833594               18
  0.68541165469745058               18
  0.89317874005037590               19
  0.59018256703446759               19
  0.81515649611685104               19
  0.81083505645791409               19
  0.75025204249608357               20
   1.0063585244718640               19
  0.90287859100138035               18
  0.82335780098494693               21
  0.79960093915041708               17
  0.63870121850805339               18
  0.84449189629646904               20
  0.85491542570499846               21
  0.60568416003085590               19
  0.92681870463481797               22
  0.84543796744183897               18
  0.63538633271238931               18
  0.95975709683717059               19
  0.95813100969512532               22
  0.44142576061097549               20
  0.82327315107581023               19
  0.96562876044136148               15
  0.82321910878058835               21
  0.74869804988663258               18
  0.62468532243889263               18
  0.73844079493687964               18
   1.0296986184359425               17
   1.0875522586343969               14
  0.72328856301829558               20
  0.80099623398743114               23
  0.90352989620957380               20
   1.1151179686234647               23
   1.1682913099509726               22
  0.96387597410465242               18
   1.0876121884136634               14
   1.1455248541439098               19
   1.2196266146604360               15
   1.2345438263182882               16
   1.0604361442684607               15
   1.2376413144528113               17
   1.0828001560166458               17
   1.1204553105017361               17
   1.1979734483129383               13
  0.99002000484406727               19
   1.0937847193248955               19
   1.1646812262323258               19
  0.76683275815276863               19
  0.85400617775698917               17
   1.0321011108300846               19
   1.0456153277348237               17
  0.87807482168074014               20
  0.96169308764619432               25
  0.85867312507083693               17
  0.81745124555967197               21
  0.86321402046835993               19
   1.1756745716756474               13
  0.78247995953884564               19
  0.90010348643962812               19
  0.79460643612252224               19
  0.95473335850227192               18
  0.34250795127962586               17
  0.56480919709212207               20
  0.95558761323489649               24
  0.13458793756344620               21
  0.86989807773170780               23
  0.38735937777190521               19
  0.94629855722558920               16
  0.38443994848358759               20
  0.71164014069510351               19
  0.76478518553655173               19
  0.71332133448985291               18
  0.75907115051870222               18
   1.0373541753286240               21
   1.0597002818065335               16
  0.59073766115603676               17
  0.81935349537710322               23
  0.95414803143536508               20
  0.56449850638226584               18
  0.69090997182908598               19
  0.61631199599462616               19
  0.80775323151900558               17
   1.1913210386229847               19
   1.0779140009733992               19
  0.95058127055357255               18
  0.87856073386652600               17
   1.3427298789300781               14
   1.1868624693933052               20
   1.3499399633876237               14
   1.1421998977677765               19
   1.2748825471737488               15
   1.0043393996931558               21
   1.1093102897648759               17
   1.1391952423204086               18
  0.90448015657309644               17
   1.1198054518632536               20
   1.0925143537418589               22
   1.0388341202133171               18
  0.88470363804559782               17
  0.85436043620361235               16
   1.0044496241039973               15
  0.70347155214425450               21
   1.0146306019235125               23
  0.74407330801130989               22
  0.67046580864092653               21
  0.65553665633305203               17
   1.0449212454496819               20
  0.58838562777647618               18
  0.74858649100586450               20
  0.78493924381703872               17
  0.72977051152636374               19
  0.81888980339041850               21
  0.65719652652144256               18
  0.61838303009980544               17
  0.48377945833059205               18
  0.74717184094918720               19
  0.31975856406593928               21
  0.44917089907437074               20
  0.80267443708759123               21
  0.77392782049115838               19
  0.78290157896608448               20
  0.50351807283789429               18
  0.79881475544562874               20
  0.80185914760058641               19
  0.66156350170288913               18
  0.99785913426208506               17
  0.58648441252294303               17
  0.86972678863878561               19
   1.1551739203121945               22
  0.94830885434705459               18
  0.61272023856721269               17
   1.0290996898225502               19
  0.95695068878089173               20
   1.0414327858118881               21
   1.1860533797429009               20
   1.3231327463078713               15
   1.0130287144759278               19
   1.0342167340895363               19
   1.1179826101972028               16
   1.2173826560968701               15
  0.99486560333754959               24
   1.0700801110544274               17
   1.0694414159332144               17
   1.2732947857598338               19
  0.76699161439134711               19
   1.0730848793017593               19
  0.54635853021318281               19
   1.0286924816469079               19
   1.0275511954326606               18
  0.54734292395416950               21
  0.68328881209065140               16
   1.1007795122656086               19
  0.90792691177608786               19
  0.64718484879978733               21
  0.73265791303532712               22
  0.78851186907783466               14
  0.58316003360347235               18
  0.98549426583171107               17
  0.90140569009887717               17
  0.93203453775335876               16
  0.77789411859759816               19
  0.93142298628503117               20
  0.90261167578637236               22
  0.68015349916931622               19
  0.42526996001401535               21
  0.30515863902502088               20
  0.98358999253946211               17
  0.59792881458223546               19
  0.45512902887264356               20
  0.73359134019392458               21
  0.67482674392194675               17
  0.54560816794419598               17
  0.84565244681103136               20
  0.68312722229704015               21
  0.79229468144056003               20
  0.59359986433898015               17
   1.0009618339429009               20
  0.73749219153812595               21
  0.93015347417103633               16
  0.94241614380434680               24
  0.92723521164878941               19
   1.1126517126477395               20
   1.0072484165043156               20
  0.73785608287770954               16
   1.1519512269479621               16
  0.96093601184954702               18
   1.1332471296941917               23
   1.0201989702456273               21
   1.1947528542569092               14
   1.2576358217455765               16
  0.99933860003905606               18
  0.93098171353286907               21
   1.0810564982482420               16
   1.0772393197482351               15
  0.83334621891963545               19
  0.92903464348246290               20
   1.2539980695333417               19
   1.0166754197103864               21
  0.59944140340444041               20
  0.80302874579981753               16
  0.82519878554837778               19
   1.0278767462795180               24
  0.68837072342117156               16
   1.0179917180335105               18
  0.78620652121693113               13
  0.47797444465249667               23
  0.70486863485160456               16
  0.84990977890491903               21
   1.0720943374612288               15
  0.87085097304276504               21
  0.78920699753677415               20
  0.75974738376341777               18
  0.60718863459826489               18
  0.46115654642081894               19
  0.51160751281376249               18
  0.73789653008549660               19
  0.46907966972686721               17
  0.64268998355481444               20
  0.38053743245390775               19
  0.54714212355902136               19
  0.76043396686962073               19
  0.45308314328518506               20
  0.53603405411042848               21
  0.56224065096384868               19
  0.48967389450535592               17
  0.99275471423795647               18
  0.65962194147963626               18
  0.77255237154096301               19
   1.0791896121058864               18
  0.88988822811271906               18
   1.1909374362094594               19
   1.0033863474181239               19
  0.78630857814915067               16
  0.94173922285495915               20
   1.1314323416922392               20
   1.2530857781117406               17
   1.0387462088688986               18
   1.1309633956900029               16
   1.0605517537885341               17
  0.88451316914052380               17
  0.88580207257547983               20
   1.3123408647425387               17
   1.2967991683103592               19
   1.0121609401777416               24
   1.1377722532773860               16
   1.0118569286549171               19
   1.0614635510296564               18
   1.2801346811128722               17
  0.66635287898141382               18
  0.79510219112574976               19
  0.95530313748519147               18
   1.0148208316558416               23
  0.76252461727610510               18
  0.70304776017672888               21
  0.77517123130626131               20
  0.95689406406202460               18
  0.48277362581151279               18
  0.40968101976939453               24
  0.80301634656160037               17
   1.0127116434128305               15
  0.81834299814525369               16
  0.81753920639064193               17
  0.49066130040545325               19
  0.34867403300845234               22
  0.46444390877775310               19
  0.59456822472005366               21
  0.67879337975498488               19
  0.88541022115207813               26
  0.68117830495065879               18
  0.45255379082342817               16
  0.98119001268023420               21
  0.69563902972084712               19
  0.74317018246085209               19
  0.98547808227865041               17
  0.68971667927425162               14
   1.0277507887322432               22
  0.59038492674414156               18
  0.89342696957246759               17
   1.0681597904482478               16
  0.90185987416854685               19
  0.58411935826546035               16
   1.0353561541068108               16
  0.74704438064842160               17
   1.1518266142645528               14
  0.95513190653987179               19
   1.1441911201324269               16
  0.86612435217447248               16
   1.0767126331566919               19
  0.91122910419925696               18
   1.2209549216963069               18
  0.87326925412157386               22
  0.88081607481343938               21
  0.97001699519957940               17
  0.94925120568748389               20
  0.73884478141040333               20
   1.0484431516074542               18
  0.74985941854390215               20
   1.0014469659235752               17
  0.94901066179367677               17
  0.96173964947566437               19
  0.96293411295942577               20
   1.1863764259408032               24
  0.54768841110134958               19
  0.48884891346295606               18
  0.33633513523349895               17
  0.84436778179674354               18
  0.78516040292047962               18
  0.69275744555576246               18
  0.47655095853703783               18
  0.50712973790923122               19
  0.82520104108473613               20
  0.77086691854322675               18
  0.68581131872375667               21
  0.43068767917730327               19
  0.67653203214268043               17
  0.28867919333718361               24
  0.92180313060635866               23
  0.73413717798728173               18
  0.49151539144885625               24
  0.30903177114632929               20
  0.70893679120412123               21
  0.93414795696573827               18
  0.89178364976585878               20
  0.78965501914173941               19
  0.80091330296273244               17
  0.86975399085777971               26
  0.79367047255091816               16
  0.58020240318639760               17
  0.66658954351462896               20
  0.63488592794536169               18
   1.0942762888396640               21
  0.82067306159675446               18
  0.75897649825958902               17
  0.69012929908707044               18
  0.93769917863649699               18
   1.0472822810320548               17
  0.92053128832671594               16
  0.98769389270675445               19
   1.1419508675356032               18
   1.3078121247455501               15
   1.1923099976560707               12
   1.1466207005769178               15
   1.2375470778323550               18
   1.0659357111241359               19
  0.86693862553396894               20
   1.0361495913451519               18
  0.73328717621051231               19
  0.90618622139329397               16
   1.2286378776873630               17
  0.86633289585688233               20
   1.0334656845430330               21
   1.1095607942345220               15
  0.39916037222401335               18
  0.78807505926458177               17
  0.55930129910530124               19
  0.71604783252102755               22
  0.92119332322374337               18
  0.64205458190479237               21
  0.79966233337534443               21
  0.34286725861005768               19
  0.48888417914110333               20
  0.65059028015614018               19
  0.49145450461893192               22
  0.68435473480798592               19
  0.63986901626707537               18
  0.46272577419776301               19
  0.48342328085468228               19
  0.30175073490013232               22
  0.22790349363695686               23
  0.52095778925794478               22
  0.49729834948741664               21
  0.69109615495332921               19
  0.52362975612811780               23
  0.93356891073043247               20
  0.52264760532856769               18
  0.84597105595597244               19
  0.85879180851770243               18
  0.88285244907946958               19
  0.93948638426111342               19
  0.91481053677808943               18
  0.73054370609650421               15
   1.0247598546946990               23
  0.79094431479371419               15
  0.83073961248173234               16
   1.1233290811218566               19
  0.80653247959189334               17
  0.77524048885746732               19
   1.1684245219238718               20
   1.0897916203109728               18
  0.96382587513131546               17
   1.0189428067364914               18
   1.1658902884578681               15
  0.91733148584637525               18
  0.87085858511239433               17
  0.93998728027362288               19
  0.98079031599901423               19
  0.81787894907801195               18
  0.81912250520853858               23
  0.58936216993505963               18
  0.79556035498097655               18
  0.83436234599385628               20
  0.84002909335545839               18
  0.72725531853269476               20
  0.91217756304005138               20
  0.63232334818047720               19
  0.44943895097131775               20
  0.72684979587927956               18
  0.33789697978082439               21
  0.48392080824411221               24
  0.52853587189346363               21
  0.78290817137599644               15
  0.41081747680160163               24
  0.60147563771918033               17
  0.44136441633799672               16
  0.54218006589144374               20
  0.62390720094829188               21
  0.29827080614845636               21
  0.31420418061578387               22
  0.77646452737300453               20
  0.46957523626860292               17
  0.71239902269431221               18
  0.65571795071129013               18
  0.63965857362744460               18
  0.56427651059701811               18
  0.63206164044970348               18
  0.58886359903292973               19
  0.70083468489945655               18
  0.90198412388394678               20
  0.51705935331409958               20
  0.86478115670788203               18
   1.1386143678930425               19
  0.71681546250859374               19
  0.69787995038337358               17
   1.2564617954912176               13
  0.58243183333805049               21
  0.68826961745349047               16
   1.0705790785533951               21
  0.80039513095504944               20
  0.92671633900474748               18
  0.77856623202038477               16
   1.0282846897856694               19
   1.2091497788223111               21
  0.89342427087113452               16
  0.89428800204251468               20
  0.99392995447187460               15
  0.69756820467080327               18
  0.92378783521495023               19
  0.97690594536062780               18
  0.58103102370670634               19
  0.98510895902355555               19
  0.32536710356487980               23
  0.46790008704377201               18
  0.65001668898634424               18
   1.1423056034282892               13
  0.61949832486223499               18
  0.80625514426298939               19
  0.33637999089282056               19
  0.54072613961438909               19
  0.77470671318677342               20
  0.68173227283680293               22
  0.37879704391867952               25
  0.31069485143832043               21
  0.52015522423575189               20
  0.32490266913826116               21
  0.51731775834611360               19
  0.84471998434217765               19
  0.66829680926536073               19
  0.22120378796314658               21
  0.24156959333483635               20
  0.78574205805159125               21
  0.48998150256128353               19
  0.34726116608697916               23
  0.73731020550639881               17
  0.54848608818914169               18
  0.57113218642070085               22
  0.97046040827856106               20
   1.0143728343482805               15
  0.78853225856048414               19
  0.98974625501742219               21
  0.99445307806271255               21
  0.59549394671561118               18
  0.92379916983932453               18
  0.81774220793074548               17
  0.99477428505919707               19
  0.76900124521562219               16
  0.75046531269474070               19
   1.1027479400152369               20
   1.0290155107542491               21
   1.0582759070977188               17
  0.85833520048142686               18
  0.95437867671305332               18
   1.1919881299664163               17
  0.98787984210999003               17
  0.75196206761854101               17
  0.92737842499006895               21
  0.96439191935315549               22
  0.37717804200735566               17
  0.60311285052165764               23
  0.74555468049880058               19
   1.0653737712704621               24
  0.70596128952597825               19
   1.0376709271556352               18
  0.55735941717830129               21
  0.65439184788802762               19
  0.87823636667573790               19
  0.54881638182082593               19
  0.67561274791169967               22
  0.43660178146749717               22
  0.40161598060807913               22
  0.70699240304841082               17
  0.44685802546367565               17
  0.24319156921877585               24
  0.55413561406782930               21
  0.64149105072587809               20
  0.16089683000682564               20
  0.53368936429059632               16
  0.66808908362845143               17
  0.27600469373217434               18
  0.53208766203499980               17
  0.29974470907268652               19
  0.26682716716707294               22
  0.89565391033430586               18
  0.46032216045313873               19
  0.44896891777111619               21
  0.77151932468019391               19
  0.93047225062110051               18
  0.40032959982585586               22
   1.0080299303299467               14
  0.65362086733600389               17
  0.64236013308981821               17
  0.49731208881685135               21
  0.98025508509435078               19
  0.90793823838315468               18
  0.74266671164577347               21
   1.1786697271748192               15
  0.71312372454429751               18
  0.91491395164987044               18
  0.98024708424570040               18
  0.85822458059788986               18
  0.73008497860350308               20
  0.96605121071447764               22
   1.0098994819875042               23
  0.93168731235329760               20
   1.0128895587338831               18
  0.92353715189020769               18
   1.0270449001066986               19
  0.66831433619521607               20
  0.72451824740573789               17
  0.51791424913104589               19
  0.94205162201900539               17
  0.37360823297691365               21
  0.59106215796232175               23
  0.86838592462632247               22
  0.60264185659405622               21
  0.54952305511008470               22
  0.51158201501635614               20
  0.57511767762552568               17
  0.80828807050820817               18
  0.33791259960038322               16
  0.34850180124964519               20
  0.59529990017412293               18
  0.29782431494595613               23
  0.39100640608607268               15
  0.46290999748796441               21
  0.69381712280147501               19
  0.36454552947989161               19
  0.39320038885200403               21
  0.35574429164896915               19
  0.82598955865915968               18
  0.45008255922220086               19
  0.43180172910979947               22
  0.76074742405867368               16
  0.60095241045578374               18
  0.43119964491275947               19
  0.49099731871597002               22
  0.55054724891189222               21
  0.67885319276805167               18
  0.60288614231048643               19
  0.75025481237745739               17
  0.86008094362812237               19
  0.86531265981696293               17
  0.71696438996215062               17
   1.0066641264624776               15
  0.43921396796953299               19
  0.36995427927645053               23
  0.85907498302806617               15
  0.95518701158759078               17
   1.0350778142740014               17
   1.0952781145271850               17
  0.80833739894084344               18
  0.78884480665590595               21
  0.58087883146601360               20
  0.92288270992712740               17
   1.0335439505380934               18
  0.99077484363244350               18
  0.99721052723498005               22
  0.50547570609961190               19
  0.86231622627420368               21
  0.62278881340935877               21
  0.84167645846635386               23
  0.42472019213644663               16
  0.53860052096729372               18
  0.40277533068874288               22
  0.53185116570895885               18
  0.60727916026035056               19
  0.63982173479375115               21
  0.37215384224769660               23
  0.66223177883567330               20
  0.47355607779496145               18
  0.44014205883078195               23
  0.20105678997475471               21
  0.10743719124052349               18
  0.42142817853065961               22
  0.14424257938794408               21
  0.50645284359302145               19
  0.43212213992412774               18
  0.43708491068674210               24
  0.36884807427303468               22
  0.26357323018385759               23
  0.17132406817809906               22
  0.35941138655331839               19
  0.81934239895470096               16
  0.24052103875629213               19
  0.68515238250435140               16
  0.64008963243478212               20
  0.49589973596763248               20
  0.50925658294077403               21
  0.91144772267776775               22
  0.43612912410551274               21
  0.61742252916386497               21
  0.45988303211500409               19
  0.94892790490196910               19
  0.83474029823685492               18
  0.84560095124702506               16
   1.3147086033702511               14
  0.90101268213497687               17
  0.73985143064108194               18
   1.2933512185308640               16
   1.0548989189828561               17
  0.89723439889852419               18
  0.91340623456504855               24
  0.95394804526614463               23
   1.1175402063465905               15
  0.54576066241596544               20
  0.67861331830615468               18
  0.67599277048086370               22
  0.75343179974487984               19
  0.79678250444391729               19
  0.76054357208718837               15
   1.0010338908769993               24
  0.79196874457177480               21
  0.40813499459739605               20
  0.58090306342455156               19
  0.22467999192746624               20
  0.72611070297657077               20
  0.67006515033476954               19
  0.44720283020335999               21
  0.62638459289747916               22
  0.47775936677632541               20
  0.25997538680124865               23
  0.48283317308222856               20
  0.41109221592843903               21
  0.25492632802856435               20
  0.15899978413834567               22
  0.52934638903691333               20
  0.53567117695976918               19
  0.12984911709007502               23
  0.63585607934972976               20
  0.65706925549102468               18
  0.54117893142155271               20
  0.40890414017745141               18
  0.35638646518675032               19
  0.71810976863026932               14
  0.49159105706945483               20
  0.95041417418769281               16
  0.83740914690589174               19
  0.41230424543360311               20
  0.57772263957246772               19
  0.72710167039613749               19
  0.64826713416827642               18
  0.92720290287466356               20
  0.87681331012210650               17
  0.74391254442221644               17
  0.95985140350355758               17
  0.66864674348836273               19
  0.74190630793435497               20
  0.60552993028365643               25
  0.84591743451724111               19
  0.99145170805273808               17
  0.85998422635314331               17
   1.0146229044021544               16
  0.89417032993560031               17
  0.66325533920260549               19
  0.97170818806462567               17
  0.74332165632838820               18
  0.76599851393277973               20
  0.82967924100221813               18
  0.73096812019923274               18
  0.72004293048589030               18
  0.72345947054064652               16
  0.36366098909600664               21
  0.52586588699288372               21
  0.33438724341019660               18
  0.44885801930648195               22
  0.39342507471996957               20
  0.64442780156819746               17
  0.23377065027972693               20
  0.32487771939241639               20
  0.21209340100282711               19
  0.58542063754514539               18
  0.66737576710487589               21
  0.13889767472836992               19
  0.28582265942164542               23
  0.57163970858348512               18
  0.42046369217941626               21
  0.20638178833268106               22
  0.53573228934554751               20
  0.28870050859311358               23
  0.40913368303216541               18
  0.34315394463396359               20
  0.17393287763691162               25
  0.28606663595405851               23
  0.84010298122570426               15
  0.61369367473348035               22
  0.44793981493452806               18
  0.22861571725661470               21
  0.47912917782541553               18
  0.36908618262494158               20
  0.75652746555154948               19
  0.93009433512633966               16
  0.74770937615993505               21
  0.74674719979149540               19
  0.96912677532596603               17
  0.69212159739441259               19
  0.93454810934852828               18
  0.93624058639629892               15
  0.96248392793915305               17
   1.1844910904913288               14
  0.95082836928295533               14
  0.68422107819233779               23
  0.65466228075944621               17
  0.78235926038649772               18
  0.72586930977866870               21
  0.97462743920099171               18
  0.84790296106325913               17
  0.83143327411819334               21
  0.93602492809085713               18
  0.43584685789593886               21
  0.70618024920789668               19
  0.81258871981402503               19
  0.59902055228221440               18
  0.63468420457474539               21
  0.81527716166439168               18
  0.55038629230673941               23
  0.49512495251020350               17
  0.60666917908949713               16
  0.64088095498536590               18
  0.42974154184939872               23
  0.14818658492622447               19
  0.18718693142715198               21
  0.48447940310630405               17
  0.56387123276534090               20
  0.35359412049790045               22
  0.48555111382663496               19
   4.6049554023378576E-002          19
  0.32079188431301275               22
  0.53311856808779901               22
  0.37242117118730428               21
  0.29673395704181638               19
  0.17308206053886832               26
  0.22712791401219060               20
  0.65453857516152447               19
  0.55594448788856143               21
  0.98310949902226363               20
  0.59587309796469934               18
  0.68410757355556451               19
  0.91182354942137345               17
  0.87649944574778671               19
  0.98601588538422180               17
  0.81241590622318149               18
  0.81383678928696856               18
  0.75543290643088412               15
  0.91673284716770698               19
  0.79867292077121033               16
   1.0907402523637999               17
  0.64767331715993881               24
   1.0388716192043239               15
  0.85415972344855640               15
  0.82978545327068887               16
  0.57609658767997218               18
   1.1734480624822332               18
  0.74721793682898219               18
  0.94544578835447424               21
  0.87954276847307966               19
  0.67295369236510127               22
  0.97776674836579214               19
  0.80153810365243261               22
  0.81500906581448662               21
  0.41829897726137671               17
  0.48314245022574259               17
  0.57266588866521384               16
  0.27365369652131943               19
  0.55620587374388253               23
  0.62878848205007309               18
  0.36648577560643802               21
  0.66277325712951507               19
  0.42206868642781775               21
  0.30232929868221814               22
  0.22415165445121565               24
  0.40476496604702206               20
  0.54937219558224759               21
  0.22980076343346684               20
  0.42576028419359707               17
  0.38339917937576390               22
  0.23696519129164281               24
   4.1506009104990027E-002          21
  0.39920144191637791               23
  0.65112897003530412               19
  0.28991880749216814               21
  0.29122963012053860               19
  0.58834565724596077               19
  0.36891492447804203               24
  0.53071432528768858               19
  0.23010137958040008               23
  0.61341624850521337               24
  0.51960895441588550               22
  0.61468768982734678               20
  0.31705753324883340               21
  0.73315032111842049               20
  0.54296003727377251               21
  0.85268986500016264               17
  0.86957142039926660               19
  0.72843153710199193               22
   1.0398700610568106               17
  0.84614207448229817               19
  0.61397481525861564               19
  0.96161272877537685               15
  0.97575596066315906               17
  0.96002878526139701               16
  0.84005572709265575               17
  0.61767008757780328               22
  0.83453912931806562               21
  0.82110935540122842               23
  0.77563219862228228               19
  0.94468570621627646               17
  0.48386629173761353               18
  0.60781558761060139               21
  0.33803842504392034               19
  0.60444323306787451               17
  0.37085662285899501               20
  0.52029538816350895               24
  0.28765448119262010               19
  0.49089242581018677               21
  0.86846894616416115               21
  0.60225606223234274               19
  0.29705311783001720               21
  0.50178915804726398               20
   1.8065083451703889E-002          20
  0.45123110376867415               19
  0.18497768164371384               21
   9.0222766562134474E-002          23
  0.35450737317698067               16
  0.18931187076319136               16
   8.1794568571501719E-002          22
  0.23218911215501306               24
  0.56463935294803680               17
  0.30663632223723647               19
  0.28085475190334053               18
  0.21532858864199006               19
  0.15416090753832093               18
  0.81127851562566933               19
  0.36731126719040041               21
  0.34149007324575137               23
  0.53624879996105879               19
  0.49887589738044608               21
  0.61084384557355986               19
  0.67682470043165699               21
  0.52172869242229869               19
  0.63079088169109176               24
  0.52538923988705821               19
  0.59463071185493788               19
  0.46092030275056300               19
  0.69826126288209622               18
  0.68198322281794121               22
  0.53932801941742459               23
  0.95622314840190192               18
  0.97785064125944599               17
  0.84865248921087033               19
  0.94096554678983746               20
  0.85374577803865470               18
  0.95257182740896940               16
  0.87270366239781427               20
  0.69680412954663684               19
  0.72917726793636983               18
  0.79603754241835534               21
  0.53462142674956081               19
  0.97581906375674943               17
  0.85859580653238188               20
  0.60491031266121909               17
  0.68966940010727185               19
  0.73232057756547475               18
  0.59688875912714778               19
  0.46077431492511206               20
  0.85638369108639678               19
  0.66103773325992621               22
  0.28492081177122730               22
   6.4265672280895428E-002          21
  0.19001207668497150               20
  0.20293683623720193               24
   2.5524390091133699E-002          21
  0.23963265784729157               19
  0.39286623525019632               21
  0.45634549546009495               20
  0.27333505409831288               17
  0.59948274608639063               22
  0.20319278677210018               14
  0.26039625203903860               23
  0.36705272528821653               20
   8.4597801049674543E-002          20
  0.33944451023014993               23
  0.10833363005397854               20
  0.29652617465461528               22
  0.36535861509068668               16
  0.33358242156760870               20
  0.44847285283584420               19
  0.38884638091700208               19
  0.30848331117925465               22
  0.40496191293860540               20
  0.97806528945398186               17
  0.49253093009881810               19
  0.41724276366058266               22
  0.72501404431217509               15
  0.88950016557788369               19
  0.89254105009622620               19
  0.57888042471313517               21
  0.84823210786152969               18
   1.0107888405807288               14
  0.86842182790090705               19
  0.78833874027282902               18
  0.98348758648787449               17
  0.62966595995109331               18
  0.55899250742020323               19
  0.86831151037364873               18
  0.76107146032168493               18
  0.80539475070590549               17
  0.32731136920801035               23
  0.96191729106796242               17
  0.71454043285087965               20
  0.84182455809458667               21
  0.88564502111489207               21
  0.26749378932881951               22
  0.87362832910921051               21
  0.67544146180715492               18
  0.96358838669293911               16
  0.60501896420070900               17
  0.35176732956118645               19
  0.44958340153862286               21
  0.50540826033248609               21
  0.39003735393209910               19
  0.50187736901583568               16
  0.36689067923807073               19
   8.9594968142295534E-002          22
  0.13845560843541080               20
  0.17121675261738761               20
   3.9314802229981807E-002          20
  0.23384155073911242               21
  0.25248216333165630               20
  0.20158576750003809               24
   6.4826524365514560E-002          22
  0.26160547920031435               22
  0.26513031478795168               23
  0.24202258595098494               22
  0.41250880295699149               23
  0.56272612683170875               18
  0.40148883524946555               19
  0.46348303322217993               19
  0.48721620132729110               20
  0.50433880611316151               21
  0.52097174233377164               20
  0.57030026177908599               20
  0.52807707385850844               24
  0.51440102381276120               23
  0.64743825134086119               21
  0.79885776163413702               18
  0.78905266101277660               19
   1.0773793673434697               18
  0.86697909398154660               21
  0.88376443927629900               21
  0.93340410104576677               17
  0.68828818409366399               18
   1.0597947518224269               17
  0.91244481813489509               21
  0.87195728077284806               20
  0.74170140383548289               21
  0.83089106360459009               19
  0.95237376099602822               19
  0.81743473994174642               23
  0.79235087483004152               20
  0.63734302560482792               23
   1.0030010309952710               17
  0.22067793778973141               21
  0.64811866725567269               17
  0.69874323301505514               20
  0.54397420645183769               19
  0.20740715316326946               17
  0.62536306179887025               19
  0.58021074294593900               17
  0.47750650797311578               22
  0.32650155676285281               20
  0.52937090457350588               20
  0.23331308968684566               20
  0.18212911955248809               18
  0.46035935315839921               21
  0.38921916226340841               23
  0.22434785439728430               24
  0.18652791656966153               19
  0.20747349095100728               18
  0.35882576599740440               22
  0.16973580941562430               19
  0.53738805275995338               22
  0.36927838750841641               23
  0.50496163230280133               18
  0.70015346153246505               22
  0.48388954027479436               21
   5.6965716129204515E-002          19
  0.48840185424472449               21
  0.39902863255609750               19
  0.63654092140746255               20
  0.74792557067725374               17
  0.63593045464637987               19
  0.34254052636586357               20
  0.68893959452289510               20
  0.88826348815028167               20
  0.81690007189295522               21
  0.77118683040541847               22
  0.78839300821095182               20
  0.73577756291872121               19
  0.63785815978448013               21
  0.94925610361169976               18
  0.69451542995848248               19
  0.95356010298497118               16
  0.75084502450589485               18
  0.88792324305778092               24
  0.97464671285277593               14
  0.95163418548957990               18
  0.64833823312640726               22
  0.59838173350332047               19
  0.63716641844168220               18
  0.82504105243500492               17
  0.43930803472994268               20
  0.37985332003568656               18
  0.53349465568384424               20
  0.50631461726232763               23
  0.82067522578163077               20
  0.23626689311363772               22
  0.60954741789488887               22
   8.5207418372175978E-002          19
  0.46539701926981281               20
  0.34234870135108708               23
  0.44615367616490603               18
  0.30581749001707303               17
  0.50940996592121812               22
  0.34988200994625207               21
  0.11089359001332642               23
  0.18548807261139888               16
  0.61664234332685519               18
  0.23220396503136756               21
  0.16199631690067229               20
  0.34232658187576009               21
  0.13038334340902316               19
  0.13659972449351035               22
  0.55355603133034370               23
  0.23729485805384518               22
  0.19636579939911303               20
  0.28957791060338983               21
  0.54472830741051337               20
  0.44086993910345940               17
  0.32082622648785108               24
  0.80222193099839223               22
  0.30239153395594343               25
  0.57332200996413796               25
  0.94924676894189997               22
  0.62528166358925785               20
  0.52829367021802298               21
  0.89376767818676373               19
  0.80117516685725232               21
  0.58650862130880210               24
  0.92859016028561803               16
  0.96209531060477516               21
  0.95498994392633696               18
  0.81927275887077711               19
  0.84325909786236097               23
  0.96678383264318490               18
  0.95988130651505177               17
  0.64625501170504218               21
  0.25233852706480314               24
  0.58014450482311997               21
  0.64830282519940707               18
  0.64504223560306395               18
  0.60623101271424451               20
  0.66646377454399264               20
  0.36223754801976676               19
  0.27749353285797879               23
  0.54474477434245483               21
  0.53204773842133124               18
  0.53710293283503507               20
  0.56802875916082962               22
  0.18057599548384812               18
  0.64817281295644502               19
   5.9260024501546917E-002          21
  0.10153600712638580               22
  0.21615676809703582               20
   9.9124900312513899E-003          21
  0.24266803328693268               19
  0.30450184382339096               18
  0.15124448979194355               21
  0.40056947133424592               19
  0.27470438416467813               19
  0.51883707535402745               20
  0.43208057649475906               18
  0.32026505396408844               20
  0.19624079813408149               19
  0.11661923211445542               20
  0.37736092191395226               23
  0.19643026449679732               19
  0.60181328655935962               23
  0.27667447659090993               22
  0.19917971579167415               20
  0.61545330382848951               20
  0.26980114183575177               22
  0.59866713189232490               23
  0.67075291797329095               23
  0.71423949130305597               18
  0.62864458887634023               23
  0.89898031785063126               24
  0.91497466846226350               18
  0.78072096078200148               16
  0.62337009409803845               19
  0.96368674947756017               21
  0.79751336945022822               17
  0.37534479866917503               20
  0.92429499611337773               20
  0.71149613178419002               19
  0.94246507407128655               17
  0.75581990280020361               19
  0.54056648681186292               19
  0.78947076666529770               22
  0.66636699451631753               18
  0.68764960046533918               18
  0.57784042926148660               23
  0.77505941138077727               20
  0.69948248220963416               15
  0.35294532334634099               20
  0.60045441388945586               23
  0.75981891379963074               15
  0.23025771165466966               18
  0.34559682540397152               21
  0.26369488966261789               17
  0.21175491215467571               19
  0.45711493029900080               19
  0.46781792139304529               17
  0.36795751775041685               20
  0.32328444999677763               19
  0.29717915323182714               21
  0.18157428189762179               23
  0.39476537301605430               19
  0.15562369453839589               20
  0.13954814648813785               17
  0.16412591670698035               18
  0.45727545230560918               22
  0.28730119074901378               20
  0.11275836819669162               22
  0.47307841657560207               23
  0.29846669111708629               21
  0.55014391690851261               16
  0.33821772440879633               20
  0.37265666946393550               19
  0.49155501245038952               26
  0.44265168497280888               20
  0.37064582613024610               19
  0.56725920636668381               24
   1.1073674346410387               15
  0.76382113321845735               19
  0.63099199410487972               18
  0.89511736898123384               18
  0.88772360663704752               20
  0.79805439929862021               16
  0.87465268048336875               22
  0.75183437896646443               20
  0.60060378688230875               19
  0.61156515809146528               19
  0.87668722237105423               22
  0.89269852455284204               24
  0.91366534284821943               19
  0.71336314736959350               20
  0.78273324519228793               19
  0.88823875860520596               23
  0.47713323162073035               19
  0.51830527240471891               19
  0.98187702396623233               17
  0.27521670692395078               20
  0.30615780950321181               19
  0.41645249414397129               21
  0.32773191350174075               21
  0.21829038004525578               19
  0.38946571416494746               18
  0.32255703811959252               22
  0.66829813451323039               20
  0.42545514445912674               20
  0.51589851926298236               18
  0.41096642734156802               20
   5.2054083645930525E-002          21
  0.19596819131698184               19
  0.15518502026148923               22
  0.43615986416585761               19
  0.22883852035304436               25
  0.28138299478586104               19
  0.18189200666235750               20
  0.21586579321004148               19
  0.34414767410565272               18
  0.10025643393723009               17
  0.42656631009273677               21
  0.25340946975300954               25
  0.43560553413392694               20
  0.11943462783014028               20
  0.51737142942236858               21
  0.19338619105075189               16
  0.36302470005865900               20
  0.46006862862373726               23
  0.52705401970880850               24
  0.52027899725274351               16
  0.32589667057196869               19
  0.66185534666419377               21
  0.83347128803134762               20
  0.68435903860610958               19
  0.96174385682060337               21
  0.87804301528530493               18
  0.92256413937255666               16
  0.66776289924820098               23
  0.71679281022205021               21
  0.82728908705971305               22
  0.82571786949240955               15
  0.70806902259819304               17
  0.60268518937196536               16
  0.79727589594742665               19
  0.84417414390204670               18
  0.66158159437189801               20
  0.82046448851736675               21
  0.75138471114029970               17
  0.71315517975647069               17
  0.88889661711832957               22
  0.65225746405105167               24
  0.53416149235012711               18
  0.64088950075619988               18
  0.10587566069792996               17
  0.37955054414361211               20
  0.32880407854758192               21
  0.37203895202117110               17
  0.62280796989141529               24
  0.47394926258573750               20
  0.40568642572751995               21
  0.15229241177739247               22
  0.30819570396344231               21
  0.45729490771905107               21
  0.35034716849924019               20
  0.29784215779299333               20
  0.19575840075845544               18
  0.29486199778744299               20
  0.56001309084995832               20
  0.16291082732153128               22
  0.48961525595093153               20
  0.50990699775447423               18
  0.25371241759808921               24
  0.35060614664001777               20
  0.34172232277835002               18
  0.54029597577127586               22
  0.48323456424403438               26
  0.84265944014995076               20
  0.28839562106416605               22
  0.80346437042720187               16
  0.83867696659232316               20
  0.71191547020758883               21
  0.95900892581223363               18
  0.73710757338383281               19
  0.81197854879174325               22
  0.74461137274784683               21
  0.92817877819842909               19
  0.81583419589776696               20
  0.98529689602473469               18
  0.72568202377920543               20
  0.92249954102717779               20
  0.86169291958361593               21
  0.76128808073167875               20
  0.92060821838595863               15
  0.92686101906829554               20
  0.74402447246872416               19
  0.97691111315998902               14
  0.81972869686075300               20
  0.82354973670823084               15
  0.36815078708430676               21
  0.71202659107121968               16
  0.89135867386095102               21
  0.64540603478811809               19
  0.81932157277475393               17
  0.92500483973632586               19
  0.65786950303556757               19
  0.50844972785833498               22
  0.71640037923158384               18
  0.40817589907645635               20
  0.22059194208167082               18
  0.39270907696297963               20
  0.37932657672421960               21
  0.13527669990922769               16
  0.34599911205631401               20
  0.57012899224263580               17
  0.17768085168187386               22
  0.26876627663833247               24
   9.6289452041308218E-002          20
  0.30606623815528666               20
  0.21750992475975978               19
  0.44404701337653268               18
  0.28077117279689651               17
  0.31398847605195268               20
  0.44663544127561267               23
  0.35902651967524413               19
  0.48052656211633410               20
  0.47053871224531024               18
  0.53024428933113010               23
  0.43964083302364104               19
  0.95582942649327129               20
  0.71709234894218377               18
  0.76825783290703975               19
  0.46260905717209533               24
  0.80659026617849339               23
  0.91618234752769956               23
  0.88362281285570010               23
  0.63882498928403642               23
  0.79583674632165835               19
  0.92795483711626314               18
  0.47470725262495878               21
  0.71912975060641404               19
  0.90464247941619702               25
  0.74670889319770406               18
  0.93059939957306870               20
  0.78797568627723880               20
  0.65853034218400208               17
  0.88406591334964590               19
  0.72665186638930801               18
  0.90700513520813197               17
  0.70645174519442189               21
  0.94940523804066768               20
  0.57760549723019339               19
  0.72335958810915701               17
  0.40653253820239071               21
  0.42735857062331151               21
  0.75737700344488590               18
  0.31334312986537227               22
  0.33253692142596020               19
  0.59422468459381816               17
  0.21332223316952817               17
  0.18859217237844314               21
  0.10668241562481265               18
  0.11150972123551518               18
  0.46624919459948211               17
  0.49320452861416536               25
  0.26226755825216042               20
  0.12718701863475054               18
  0.28265963896003909               21
  0.29159221355897563               19
  0.28450081033151359               24
  0.46541885674539424               25
  0.22821980447178233               21
  0.25879716582375695               22
  0.37591824500223797               19
  0.60137862023586752               23
  0.57162423797320550               19
  0.25131744781807752               17
  0.67597080966994738               19
  0.69004911821532799               22
  0.55119296568859188               22
  0.74208783264825595               19
  0.59775231939622586               19
  0.55775451743250981               24
   1.0185822943890466               20
  0.47304817999312215               20
  0.88205469212031484               25
  0.86442366360800849               20
  0.98181180021279446               17
  0.92725528545720293               17
  0.92740534997602508               21
  0.96291600806406030               17
  0.89163754751499635               19
   1.0542720055070078               16
  0.93075867357029318               18
  0.93225799378071705               17
  0.75990220733412617               18
  0.82593326816505830               20
  0.58937835389108939               16
  0.82817659569619562               20
  0.82490055371688198               21
  0.53002035052339536               18
  0.60025941847702158               17
  0.61125908961541775               18
  0.52662894856755904               18
  0.59093167098025079               18
  0.79560669460407485               20
  0.51670226852082890               17
  0.48154361263459161               20
  0.37559371430133692               22
  0.44969490214371211               19
  0.67894442283498035               18
  0.43537980413683325               17
  0.23750148734513307               19
  0.40237782275416484               22
  0.26422125397504331               22
  0.32379928536013897               21
  0.23050326601910068               21
  0.42741988652373286               24
  0.76834088192966732               17
  0.45634917816515130               24
  0.25488746497934661               22
  0.67180332506892548               22
  0.37984786055484804               16
  0.43096527912035154               16
  0.57827758764883730               23
  0.47056191038978651               22
  0.63418527702785199               15
  0.63388264154564367               21
  0.35027770868382246               19
  0.34904360666045897               20
  0.56541516414955251               24
  0.86796688423087864               18
  0.63606070232073053               20
  0.93094717660999859               18
  0.90450097169889954               16
  0.84640600062283500               20
  0.63090667822142066               22
   1.0880735117013931               19
  0.91013432453701970               19
  0.75564255652452972               21
   1.0060841008843424               14
  0.90479025748158670               18
  0.77353788207769347               17
  0.92090554327238316               19
  0.55758365522954767               22
  0.61884876902603880               21
  0.77427222461283085               16
  0.47288906585784896               19
  0.56031756841223124               16
  0.43542587509668140               21
  0.58190170978787792               16
  0.61384737050505478               19
  0.95998161250857550               19
  0.69828012698558040               20
  0.70097107832927241               19
  0.80086197082712762               16
  0.65490938400083876               20
  0.50889897467927914               18
  0.47886450179672391               22
  0.48292566111035629               17
  0.42588691024239500               16
  0.30832925927821248               23
  0.55836471574465396               15
  0.48993670636504033               18
  0.11062607768158077               19
  0.24714691748673642               19
  0.36081215883939433               17
  0.28477412851228739               19
  0.31009165292062379               17
  0.38838348360242481               22
  0.77091621315438186               17
  0.19476491669291149               18
  0.68079954793730080               20
  0.31743660771459437               21
  0.48708338730190348               19
  0.23370860422512016               19
  0.73452887612182660               21
  0.77109096413034073               17
  0.60189114435455615               19
  0.80145234489318562               18
  0.70804830271296726               22
  0.83554379383983324               24
  0.62312863666768337               20
  0.87173546647486078               21
  0.85526179671308866               22
  0.88292802677512883               17
  0.74227561533538977               20
  0.66317928768367551               17
   1.0054765198615350               13
  0.80408480442563135               18
  0.93588824515012436               19
  0.87823545557465843               24
  0.78371525832462585               18
  0.92346393893964962               17
  0.76839211135262608               20
   1.0704421157838917               20
  0.77788084171152838               17
  0.68121015308272903               19
  0.83342820082111013               17
  0.81552540836622567               16
  0.81975610448006209               16
  0.48094395449717969               17
  0.41450509848001493               23
  0.45797252446198511               17
  0.65883091849454478               22
  0.71764748886965812               19
  0.68807918256724310               18
  0.68030004992722071               19
  0.63378053632590647               18
  0.15746615560923446               22
  0.25737420876410749               18
  0.35832072657965003               18
   8.3917494867854533E-002          23
  0.25359895527165383               20
  0.48527643217010513               18
  0.37694731498241130               20
  0.43273064867521960               20
  0.63635825153788472               15
  0.69125331923821054               20
  0.26358459190924438               19
  0.38722890165224733               20
  0.42816216099466492               21
  0.70358702869403844               18
  0.48300180580551227               22
  0.79193699298946696               21
  0.54455933193014239               23
  0.59701450837925463               16
  0.58472410385276452               20
  0.62722885353082181               21
  0.67060212477807035               19
  0.76045707422737319               20
  0.84640039125230326               18
  0.59794153822844709               24
  0.93376574448993022               19
  0.91163707006401462               22
  0.81923691165486023               20
  0.50367673904611143               22
  0.88377600604322959               26
  0.87327999222600938               22
  0.97934123441032639               18
  0.91015467001393757               22
  0.96444929989280614               18
  0.89289870900519364               17
  0.87709005740847656               19
   1.1027323000696436               18
  0.96561738324267443               20
   1.0148969067785147               20
  0.98094103701283930               19
  0.75189939128605643               18
  0.54908707517995081               22
  0.57822168086050063               16
  0.85711718824696181               19
  0.51975967392118028               22
  0.29145719577972534               21
  0.73987286384424777               16
  0.87820723490645136               21
  0.34718821189455279               19
  0.50604591503718710               20
  0.46630252563621505               17
  0.24707107334243639               25
  0.43421111624158221               19
  0.32560446730171222               20
  0.68936163175317000               18
  0.54817045028956535               18
  0.30677250838028014               15
  0.48223435034238732               18
  0.52830146097568509               20
  0.64722631322716151               23
  0.52295962659978967               17
  0.93584305850498206               16
  0.62867140875167538               17
  0.54501973082242627               20
  0.60681654939698715               20
  0.95725712225515769               15
  0.50005985916767182               20
  0.44771786190902757               17
  0.63638680211087661               18
  0.55900873525234951               26
  0.75659051803797128               22
  0.73930164664794018               19
  0.73092117370231635               20
  0.87397751520064260               20
  0.58103585455148221               18
  0.95413714214347967               22
  0.70265048533745222               18
  0.75746767760959666               19
  0.82793383472310511               19
  0.79800349291210049               22
  0.88958128107026679               17
   1.0022886947666041               15
  0.85166334848469238               21
   1.0219676251026744               15
  0.90318169972036055               20
   1.0280631079040616               15
  0.93699822501171426               21
  0.70816085578124188               19
  0.62339933960294580               19
   1.0461553964033423               19
   1.1066047220738016               17
   1.0303068553357659               18
  0.70232493284507791               18
  0.51175527595782500               22
  0.63712429830933381               19
   1.0807704996790830               13
  0.59193769394275930               19
  0.59132793941458939               17
  0.76967612111705397               18
  0.54764151091487057               16
  0.43010964799222395               20
  0.22651212037731741               23
  0.66825832984567068               17
  0.49424657510134112               19
  0.43969182024890718               22
   8.4535479288942256E-002          18
  0.39511723453613440               22
  0.66988541998033180               20
  0.73620459783224046               17
  0.36519682427146150               20
  0.42665231651814678               21
  0.68930929468182833               18
  0.29194822458500158               21
  0.81291694377610091               19
  0.63885424398685042               19
  0.55492850945499272               14
  0.39244439360171890               20
  0.67250193799975877               19
  0.11635909111806843               17
  0.96946884798123834               18
  0.70423929406725061               21
  0.53741545946001801               18
  0.88040969645790712               18
  0.68463350348612151               22
   1.1101863838972799               16
  0.94335667685354863               16
  0.97457625184536045               15
  0.90089544719131598               20
  0.99367233047688008               20
  0.96109561262901022               17
  0.82313644294144117               17
  0.71304419252036511               23
  0.71695863056611620               19
  0.98532731641227567               17
  0.91949707683095350               20
  0.96016370549860164               20
  0.86438515413715389               23
   1.0201801964101143               19
  0.92219398233096850               19
   1.1043804133631303               19
  0.84799444812387037               20
  0.58651736288472467               19
  0.45111793949350593               22
  0.81155662336210999               15
  0.80299049446482951               20
  0.60899629444225711               18
   1.1282747857296818               16
  0.65286481612476177               20
  0.89467184436341296               19
  0.51176832373089232               15
  0.49009896739449604               20
  0.75970770270866395               16
  0.35782746534572674               18
  0.41684638559481180               22
   3.5244758481108619E-002          22
  0.40248443473390066               20
  0.40336851357567510               20
  0.65405487246176020               16
  0.68639579291367092               20
  0.88008051109692553               20
  0.61988088283007059               19
  0.30257347040421956               21
  0.64420103477832569               23
  0.47759727451896250               21
  0.88541169601981462               20
  0.54322189944639032               19
  0.89313234091563143               20
  0.61183882027789127               21
  0.87796951630905740               16
  0.50281455620349724               22
  0.44278765577858464               22
  0.49824555530749481               20
  0.34870738951886204               17
  0.68882997087366993               22
  0.83766676861087375               20
   1.2222854446660090               20
  0.98447725576459877               16
  0.86178011482699435               20
  0.74329926987526407               16
  0.99901449444351920               16
   1.2043948304373264               15
  0.82901799150351430               18
  0.87388612513608166               20
   1.0108785513008129               15
   1.0397766123374665               15
   1.0014307071786468               17
   1.0369134914919245               18
   1.1641053151371659               17
  0.86375133117833536               19
  0.94524639735876159               18
  0.50052981551831144               20
  0.58301076989491718               20
  0.93813964505741310               21
  0.72311680839369052               19
  0.93419230370205142               20
  0.62880322641096575               19
  0.70378853358624260               19
  0.72252819139151359               18
  0.90589449771119068               17
  0.42808706778861888               19
  0.35421602621759135               21
  0.57118038220882184               20
  0.26152139427685112               20
  0.72654700335998157               21
  0.59647313508626132               22
  0.54955910526395124               20
  0.74930533794927512               19
  0.41121670409556771               21
  0.55190994452650388               20
  0.64627763927181436               20
  0.92642986484677980               17
  0.46528118212500552               21
  0.22080280222294479               21
  0.46749598822511673               20
  0.16139371304878103               17
  0.11196840886145802               19
  0.53005926257671876               17
  0.59922144080568451               18
  0.76161822207180596               17
  0.75305767965310833               17
  0.80091603936045874               21
   1.0014829775903928               15
   1.0286263863685456               15
   1.0415619504486462               16
   1.0500240116171120               16
  0.97688688015817449               18
   1.0757177968728260               16
   1.2785485877194662               18
  0.96216912119916598               17
  0.95689392469813117               19
   1.0479990146497220               17
  0.98261120095013632               16
   1.2793985809917272               19
  0.93607818200994952               19
  0.93589135815768387               19
  0.88257123913272761               24
   1.1742495415099605               18
  0.73571274784954366               19
  0.85340509238009876               20
   1.0372925962196009               18
  0.91542971869411216               16
  0.53812576779887977               19
  0.46644602811232228               21
  0.82630140056220058               19
  0.63284513957665445               17
  0.87415924145808388               17
  0.71098758875501544               17
  0.65227829215501798               22
  0.52004701378881080               20
  0.78030375523423889               17
  0.78667296091154859               17
  0.35699730322445844               18
  0.47401998186241651               21
  0.54685818636417893               15
  0.65799047173217029               22
  0.86491161266892747               19
  0.63673766637111062               19
  0.54086492438856348               21
  0.56911975299227913               17
  0.68211039125970752               19
  0.79744816009980135               18
  0.64398444060121751               21
  0.73051217175346339               20
  0.54401752873255549               17
  0.73539884184911541               21
  0.73442088691527452               20
  0.81052247541080402               19
  0.75188515285425672               23
  0.50544571238146374               19
  0.80033090255493677               20
  0.77488037635778861               18
  0.87979874494369592               21
  0.54292586330376424               19
  0.71226257386289782               18
   1.1730027031410943               16
  0.86826055422354287               20
  0.90203437215086746               19
  0.90911212615297177               21
   1.0750483493225176               17
   1.0641243928369777               19
   1.1547767691881321               17
  0.71788152218408630               18
  0.96381889863256143               20
   1.0949036604089140               19
   1.0505335627202752               18
  0.86958250369284207               16
  0.92052093904999333               20
  0.87038296744702992               20
  0.96888260600591281               16
  0.63607718630360055               19
   1.0009714527560720               19
   1.0812564322285996               14
  0.71184133865458643               17
  0.78480537345251145               18
  0.66774624702130525               21
  0.55283694145250284               18
  0.96971733913869362               18
  0.70730754906657212               21
  0.85754081123965753               15
  0.87914200202567705               19
  0.65537501658406350               15
  0.70528199681333392               19
  0.43732069022345865               17
  0.57154295023282276               17
  0.93836756720218650               19
  0.61923480552787935               22
  0.58791079362721410               15
  0.34365176298630201               21
  0.40879748634649660               21
  0.69597485315196772               23
  0.86639262374526227               18
  0.72239637519650401               21
  0.78607997592552281               21
  0.76437991435887931               19
  0.64955789398949015               16
   1.0527193465701612               16
  0.35391443602105083               21
  0.70122040241249806               21
  0.58997295178851494               21
  0.63463017693767221               20
  0.64709797047470674               20
  0.84157462126945026               21
   1.1054983782023415               14
   1.0109639112935147               16
  0.73270850653744546               17
  0.92137068441331449               19
  0.98701455293093299               19
   1.2202558451088830               17
  0.93112431675088048               19
   1.0449067924354636               15
  0.94996541914985222               19
   1.0380469899059215               14
  0.80381931811985552               19
  0.88133329584102538               21
  0.93289963212468929               17
  0.78400129481022018               15
   1.1432476747448022               17
  0.75483479803270881               16
  0.95461040647952611               20
   1.0960765754765576               17
  0.69260478344207632               21
  0.90095485795793262               18
   1.1004120132183139               16
  0.68255898563624962               17
   1.0304218257719060               19
   1.1538624074023041               18
   1.0207990019824407               20
  0.58110221780189408               23
  0.94106057681553257               19
  0.51779643249025531               17
   1.0474228010124864               16
  0.68948383634125543               20
  0.92962227115638207               16
  0.79648356046015623               22
  0.94982276627587037               16
  0.40426773871771687               19
  0.58208137666911075               17
  0.82399885243943993               20
  0.80590476240366304               19
  0.45712093121182490               18
  0.91140424436253786               20
  0.70048508376459850               19
  0.71663350910925572               20
  0.53310015143284029               18
  0.29292340370552372               21
  0.55208870462844661               21
  0.90856214917057632               19
  0.82818465201435632               24
  0.95264221991783371               21
  0.85326890927048027               17
  0.74459816528715472               17
  0.90904624724030292               20
  0.60617051467431027               15
  0.59300782222702064               18
  0.92242473632298905               21
  0.78778657528526863               23
  0.90095630561900508               19
   1.1360632480082440               15
   1.3332106414882312               16
  0.90209778503134608               18
   1.0058286396588052               19
  0.97441666955984085               16
   1.2193800936923218               19
   1.1092906523313186               18
  0.91507265818596051               17
   1.0866315083444991               16
   1.1350955449757947               16
   1.0886357567684650               20
  0.97308611211306639               17
   1.1283810263557799               17
   1.2366546124486664               16
  0.42774540317563953               20
   1.1175181117952573               17
   1.1753787037067200               23
  0.90194763541515033               18
   1.0217716275768585               14
  0.99435266947734335               19
  0.87215759117590386               18
  0.65697036536662146               19
  0.84088884085134419               22
  0.87564025138141144               18
  0.92122445564661637               21
  0.73595232255294696               19
  0.86894911872135727               20
  0.96288163523336368               20
  0.58436962926537672               23
  0.48055113139356614               20
  0.98302373285745326               14
  0.46895361982924272               20
  0.34069996217535009               19
  0.97799739570894306               14
  0.77176311826856570               16
  0.94737076908280626               17
  0.53044697461053003               19
  0.52239612699909177               19
  0.79464530919553089               18
  0.83125802272821836               17
  0.46744606054594412               24
  0.94400675700504233               18
  0.92443371379528849               19
  0.72073722869138934               16
   1.1034314871346043               14
  0.66033531231488107               18
   1.3118940120656148               14
  0.94236174462555888               20
   1.0959441866776765               16
   1.0463598740971538               16
  0.93034658830445183               20
   1.2046825004241615               15
  0.82815273704964965               21
  0.99818476412724366               21
   1.0869249246163573               18
  0.84801488451903939               15
   1.0865094564230335               16
   1.0391945408416206               18
   1.2431893475658480               17
  0.97820773998232313               19
   1.1303963270648130               17
  0.90498465388154370               17
   1.2241592447216028               15
  0.91672406386351402               18
   1.2033709963863755               16
   1.2347065501351875               17
  0.74195763783681856               16
  0.93303030967736733               20
   1.1034183968089986               18
   1.0250972215417056               18
  0.80501411244569276               20
  0.50728899378563785               16
  0.86694546173112486               19
  0.89927071055986874               18
  0.95209143322237422               22
  0.63483122878031040               26
  0.71334924834012758               20
  0.37632192157295252               20
  0.82901979400896209               19
  0.62791481961677020               18
  0.43586155617981837               19
  0.90792380325671129               19
  0.78567004660059125               20
  0.53082306692775605               19
  0.59409756731846752               17
  0.97596155455550571               15
  0.79373634985003039               21
  0.40064217163853111               21
  0.75635045936341372               19
   1.0004942646665198               22
  0.70034867336773698               23
  0.99741468848462500               17
   1.1199162018493325               18
  0.83541248222642273               18
  0.65548440282769682               18
   1.0336039100704111               19
  0.91891411754430419               22
   1.2024212455389345               16
  0.79467312993442740               19
   1.2643177342772374               17
   1.1691069262775342               19
   1.0425508270465678               15
   1.1353136857555153               18
  0.78202814071468729               20
   1.1366612168988526               18
   1.1483913959761067               19
  0.89117618951703992               18
   1.1313795296098492               16
  0.74617666331416854               17
   1.1200519328473366               20
   1.2953383593417016               15
   1.0704283622311042               16
  0.86608239253504293               18
  0.79641995177311509               20
   1.0148621435111971               19
  0.86677158812796973               17
  0.97776702041965813               22
   1.1667696226186917               16
  0.94932048587952911               18
  0.85304307228623311               17
   1.0290117327813710               16
  0.83703043790398812               20
  0.91081240640083594               19
  0.83132723073439485               19
  0.58796733900332532               19
  0.81368228714562751               17
  0.78957179676449496               17
  0.94192079644290672               23
  0.46700471412916428               20
  0.89222078697331719               17
  0.83396420399058580               18
   1.1102482419088127               15
  0.77624433874536358               22
  0.53740325064258920               22
  0.71037866011593642               21
  0.71616399522874541               22
  0.58400955387534925               23
   1.0242714770710861               15
  0.99208867519329147               19
  0.88018174182154085               19
  0.77107570665204528               23
  0.97528637090285020               19
  0.86530861414013849               20
   1.0071546012516750               18
  0.41266441152118394               18
  0.79357328836790531               19
  0.53713505906508363               18
   1.1866539579358693               18
  0.98102128237793185               18
   1.1182240673288681               18
   1.2067305116452716               18
   1.0958412720198187               15
   1.2059513166755218               17
   1.0523977716317143               15
   1.1253500609114724               16
   1.1901088325456453               20
   1.0845122223551116               20
   1.1985103324490267               17
   1.1846819995237265               18
   1.1831803826241365               18
  0.76682671557086213               17
   1.1476864673092695               19
   1.1222652914260218               18
   1.0089018396507761               15
  0.97275902097029454               20
   1.0838119020124222               15
  0.88192599730289711               20
   1.2623627261804888               17
  0.77837994935760990               21
  0.88749788281719044               20
  0.65243309126563476               20
  0.89767951265015222               18
  0.61923214274990901               19
   1.0334992494070379               13
  0.84631939512883503               21
  0.77514087474098003               20
  0.71957552468058184               21
  0.74136242604045000               20
  0.75535295764335197               19
   1.0866530464991957               14
  0.72753846466234418               20
  0.89655949797023904               20
  0.96493110216439792               14
  0.72002066575087864               17
  0.79100117237234002               21
  0.85096629376478528               19
  0.95220460166668641               18
   1.0826728554511889               16
  0.62177694571818409               20
  0.80339297374315333               20
  0.94211326110181093               14
  0.97703011466857859               17
  0.77241751630531763               19
  0.91374743948039461               20
   1.0532973332124289               15
  0.80069613633173953               19
   1.3421902493523350               16
  0.93121345035854830               20
   1.1709873817857464               16
   1.3403665245620056               16
   1.0805173388315452               20
   1.1685980645500398               18
   1.2606006691242653               16
   1.1177900003263945               14
   1.2297830545806099               17
  0.96526898047128606               19
  0.94491611423170996               19
   1.1249874689463739               18
   1.0142816224140931               18
   1.0604264252331412               20
   1.3089287184412537               12
  0.86172922628565396               22
  0.88326939122413306               21
  0.98384993136726173               15
  0.97945679848347544               19
  0.82130253522693641               16
  0.96631699785099312               15
   1.3277655420425936               13
  0.98565968886813737               19
  0.97094517550352477               16
   1.0198076773570157               19
  0.92607481433812189               15
  0.78606237112927757               22
  0.96521925191570224               15
  0.83612712020870683               18
  0.64209902527791152               20
  0.70736899160547762               20
  0.86574645730344046               19
  0.55492015184306465               18
  0.61338127159799205               23
  0.76326599719329447               15
   1.0479159217533147               15
   1.0004231992418806               18
  0.86794448399092572               18
  0.71151009719015090               20
  0.99331841291626277               15
  0.64114479759133225               13
  0.66584543162242560               21
  0.67219284322707051               16
   1.1318154090184289               17
   1.0262404536782841               18
   1.1496554770398342               16
   1.0211171533875736               15
  0.81610357284791180               19
  0.80126905358712552               21
  0.71192912335270497               18
  0.81436133670008548               21
   1.1669942585877009               16
   1.1577301515835938               17
   1.0527497963443280               17
   1.0402968977236267               15
   1.1892761120739876               15
  0.73862556599304485               18
   1.0502718468921757               14
   1.0720052579852630               17
   1.1299224775001671               18
   1.2896606097105674               13
   1.1786374564306352               18
   1.0332190736303277               16
  0.89217147026824095               18
   1.2711214334194221               14
   1.0867682939619041               21
   1.2170887548065576               15
  0.99694574493242272               17
   1.2571635722460894               18
  0.96315668613241867               22
   1.0220902774719314               17
  0.81621568984491677               19
  0.78623990618171236               17
  0.91797942407784128               19
  0.96728793117734102               15
  0.99195404913620910               14
  0.82877244555330820               17
  0.78695745004866680               20
  0.92580812593632944               17
  0.85587937821123661               24
  0.73690104641051657               21
  0.85969630798546670               19
  0.77898618037380996               21
  0.86780961962773107               20
  0.62936052561875178               19
  0.94091803307864974               15
  0.95427295461646755               18
  0.96182710998541987               16
  0.88640772600075313               17
  0.78078888248900813               18
  0.93014007852504288               18
  0.86789030187023630               19
   1.0744001404766181               16
  0.94249501798723445               19
  0.99808599294559797               18
  0.66489052756246869               19
  0.94226036409168767               19
  0.76322563505014940               19
  0.88739919060973216               21
   1.2935726727896575               18
   1.0959224361160429               14
   1.2324881579578366               16
  0.84802456539891991               20
   1.1465932875978446               18
   1.2586353177476497               18
   1.2741509890810383               18
   1.0966907086312814               17
   1.2478103187625553               22
   1.2482328435474375               18
   1.1793493875569805               19
   1.2399401033943771               14
   1.2125200567267544               17
   1.0919991281339241               18
   1.2422457844732651               13
   1.1175608127986567               13
  0.82279309274294143               14
   1.0656000969751289               15
   1.2139113235103227               17
  0.95633905489823567               18
  0.90136413974897611               14
   1.1595727736988337               16
  0.93607654813965591               17
  0.95350874747665171               16
  0.69951284747261611               21
  0.82071307664609128               18
  0.97859395733414978               16
  0.85450015172132976               22
  0.96090477623006487               19
  0.85544642626476197               19
  0.89405004765227425               19
  0.92087763511835785               15
  0.91527263656743452               21
  0.83163226103138366               19
  0.96958584481102672               15
  0.84150399628800032               18
  0.94369511361631520               16
  0.85546851699600623               18
  0.70060776895905374               18
  0.72452596305295924               23
  0.79418908506254904               18
  0.78228942486853070               19
  0.68292738408742726               17
  0.60931974339469830               18
  0.91641214585572217               19
   1.0010899509330722               18
  0.85699352210546553               20
   1.0278048027115643               19
  0.90090356543161265               19
  0.97410421961033233               21
   1.0319951030528611               17
   1.2891304473170426               16
   1.0928766721234831               17
   1.2104986182519373               16
  0.99091411802784268               19
   1.1467783576410262               18
   1.0851100066083639               18
   1.0833386284686692               17
   1.2884302453481475               16
   1.2553522073695000               18
   1.3360663590890869               13
   1.0363934926646117               18
   1.0562300071240913               15
   1.1542913930711507               16
   1.0412758011067802               19
  0.93995727786370942               19
   1.1939689218049749               18
   1.0574951337290097               17
  0.96919021253520377               18
   1.2457721884074038               16
  0.87601262927037615               18
   1.0052656579528712               18
  0.96155236520810350               15
   1.0080774163157575               18
  0.91868928270934891               20
  0.89793102094352972               20
  0.83606443354763971               20
  0.92125938269413099               18
   1.1463655834093653               16
  0.34145544282881035               22
  0.20944578633879066               23
  0.84239842187289238               18
   1.0141982214066321               14
   1.0317524924775860               17
  0.92945160632324952               15
  0.67773174180890527               18
  0.82765310502707323               18
  0.92234143402228486               21
  0.76680334892629931               19
  0.30166536266562305               22
  0.72652201639975011               22
  0.87827211764283586               22
  0.92954790162959167               17
  0.99545305962592012               18
  0.86277303400693683               16
  0.64738599529406105               16
   1.0750452139731690               17
  0.74134378035404802               18
  0.93180035314363874               20
   1.0388695338457559               15
  0.78139979728570830               17
  0.91795971911802243               20
  0.97401705056905419               17
   1.1536979912221057               16
   1.2269644205238359               17
   1.0409075609547174               17
   1.1679257001758450               15
   1.1369409025882540               15
   1.2100785201748765               19
  0.67281306286352438               18
