   1.2781475749516080               21
   1.2618426970131935               24
   1.2668398768018101               20
   1.2743245716586915               18
   1.1041003524960620               26
   1.1778905788931389               25
   1.1042385817703264               21
   1.2143250179003620               24
   1.0726567758239052               24
   1.1154483964217825               21
   1.0387857305591701               24
  0.99204955816368123               24
   1.0006186495838543               17
   1.0568707673985351               20
  0.90328198722914999               19
  0.88707251297208289               19
  0.97933581600181496               18
  0.93798500833699772               19
  0.92101546785778787               20
  0.90746105260648491               18
  0.88869473653417863               19
  0.83019155923914023               21
  0.89851361568079113               22
  0.78912687934924797               22
  0.86897906703655303               21
  0.85726784127939470               22
  0.87953759435336176               21
  0.89356261568938378               23
  0.91104281779164542               20
  0.91375136068156937               21
  0.90534551798498064               22
  0.92405158743666937               26
  0.96042460131517426               19
  0.93225233259802343               25
  0.99962505265649670               17
  0.93161592772702684               24
  0.89076023831692608               18
  0.97143556468509440               22
   1.0861564295993527               16
   1.0539756773783573               19
   1.1567357399552167               20
   1.0311398739724873               18
   1.2081822774435580               14
   1.2346062713277461               19
   1.2154726133050577               22
   1.1826159825551092               14
   1.2609321797511386               15
   1.2577571475898637               21
   1.2913997964441566               17
   1.2906629598636306               19
   1.3134222217585587               17
   1.3191499421891011               16
   1.2974123511211733               18
   1.2346560785640350               21
   1.2305793170553276               18
   1.2110220847150268               16
   1.1249661144218457               19
   1.0587879385662025               24
   1.2249573888292835               17
   1.1247933810507258               18
   1.1960470331219648               16
   1.1292773304417831               17
   1.1155333691738520               16
   1.0111337913399456               15
   1.0796780123156942               14
  0.95262265492109466               17
   1.0421181021779642               17
   1.0050111975324345               13
  0.96393396322614266               17
  0.99147134504763867               16
  0.84681786720841734               21
  0.96860966659077274               15
  0.94586927813994781               16
  0.95769635416027987               17
  0.94732167763534447               16
  0.83871136241236821               21
  0.93810373293289562               16
  0.95496855868594133               16
  0.95920541970360229               16
  0.93096206306916729               21
  0.94463202782324995               16
  0.97134002134332342               17
  0.88749801375065085               24
   1.0083809619990607               16
   1.0234982854989882               14
  0.89039265174033810               21
   1.0039961299179281               17
   1.0518981547929560               15
   1.0736217261785292               16
   1.1231385817523665               14
   1.1737209314195658               16
   1.1080304663685787               16
   1.1891239334251018               14
   1.1372425509477053               23
   1.1178102989902274               23
   1.2242889049813126               18
   1.2603930764766449               19
   1.3368271750570502               17
   1.3127336080261442               17
   1.2386073633838759               22
   1.2578538379253510               24
   1.1981446253666066               24
   1.2687464419190198               19
   1.2182127186841136               22
   1.2908859561929806               17
   1.1763315354442456               27
   1.1630483544728443               24
   1.0430760720175416               25
   1.0489341041887352               20
   1.1083958699230907               18
   1.0144544443429653               23
   1.0592735669352087               18
   1.0622726581716320               17
  0.98078374241148014               20
  0.95171468678499804               20
  0.91916184424597580               20
  0.99987816493790482               14
  0.83645373641335674               20
   1.0003772299574056               14
  0.94885213309121319               18
  0.95393137958875041               16
  0.81870847212663389               25
  0.89266153641723001               19
  0.90700189946064869               20
  0.86524611105165572               23
  0.93422779986828275               17
  0.85428269464703721               24
  0.90806437011647290               21
  0.97234806582502031               15
  0.87070497498499433               24
  0.86370796247863724               24
  0.94776069043035327               16
  0.89116380840287335               24
   1.0067125797685312               20
  0.98315454920704404               20
  0.98830435745306355               21
   1.0291323449510430               18
   1.1254934012150055               15
   1.0034765438253210               21
   1.0561553812077484               17
   1.1091615361313569               15
   1.0615491642264272               17
   1.0482706294917432               18
   1.0982717061515537               16
   1.2091067712222607               24
   1.2975674267122477               18
   1.3659204439742485               16
   1.2815747023594912               18
   1.2268960231783885               23
   1.2362166458914015               19
   1.2129550065401893               24
   1.2820566641186339               18
   1.2862862636529258               18
   1.2697963700674675               20
   1.2430260333230796               19
   1.1188930776544539               26
   1.0963907096846388               23
   1.0071918790037360               19
   1.1599858476924292               19
   1.0611583535361357               21
  0.98149136513259005               23
   1.0695807940719646               16
  0.99508414870438200               23
  0.93362900506140356               19
  0.92426216335492384               16
   1.0141188546782716               15
  0.94703393191281038               18
  0.94094400405437184               18
  0.99356562677481208               15
  0.88116154592099527               21
  0.82658371832784394               20
  0.83166243197024037               21
  0.83392139110978170               24
  0.82814293138433548               22
  0.88765551678373800               22
  0.76835804111697037               21
  0.80952304356874738               26
  0.93437624800758690               15
  0.87429542094138557               24
  0.93262687902266905               21
  0.98078699035474592               19
  0.84806672303974762               22
  0.92903815197428707               24
  0.85843439944263855               24
  0.88830003123198142               22
   1.0048027918809679               16
   1.0706321311351537               17
  0.95360731836696710               20
   1.0089895605489094               21
  0.99662942112149078               19
   1.1034163639539953               21
  0.96087533352802723               20
   1.1290526888557915               14
   1.1246105542351383               16
   1.0696876301833562               19
   1.1717142361766075               23
   1.1566108950483736               22
   1.1615329644033123               21
   1.1779864844115626               26
   1.3014692124956431               15
   1.2162104532194242               22
   1.1239894091030453               21
   1.1860516600654416               28
   1.1723083823478440               23
   1.1000296729855090               25
   1.2536808484362054               22
   1.0988228417268824               26
   1.1697218022011571               23
   1.1019848663662812               19
   1.0752266273200259               19
   1.0047584406723553               25
  0.98395219631128794               22
   1.0120580921208369               18
  0.87718205485371981               18
  0.87237066562975940               17
  0.85630828231149303               17
  0.82718846589461636               17
  0.89613003768280797               18
  0.89021161781522673               21
  0.89541205823911807               21
  0.72752814263736987               20
  0.79920419646965213               20
  0.91358790846464577               20
  0.83730333406032920               24
  0.77509316944101381               23
  0.86101422517093062               24
  0.78150845808750280               25
  0.82109244929759762               24
  0.89968610977392749               20
  0.85070952182175219               21
  0.74176182791678380               16
  0.81200134382103828               25
  0.89064007933891909               22
  0.76663413893075261               21
  0.99857182577361014               17
  0.83493164776332585               20
  0.95391111055465982               21
   1.0147266041660024               19
  0.94246985500187019               22
  0.89851513819620610               21
  0.93569463925547436               18
   1.0722567129436098               17
   1.0386290551508985               21
   1.2524872047568592               17
   1.0663284141881320               20
   1.1292278922405812               21
   1.1753335480206217               21
   1.2698997226882407               19
   1.2345485811607377               20
   1.1630034046269702               24
   1.1348461904431522               26
   1.2344971680394252               18
   1.1739160825552066               25
   1.1435464656909373               25
   1.2157463804189359               17
   1.1245404270635484               26
   1.0895309772741191               24
   1.0863601160508958               21
  0.97032779524889190               21
   1.0252687181510751               25
  0.93723534351331228               20
  0.99737357509044744               20
  0.84350953645113269               15
  0.90017115708397677               18
  0.89393959433673764               18
  0.95651244216368048               19
  0.79801839247684214               18
  0.81726125702926156               17
  0.87405713617314507               17
  0.84746275792725623               21
  0.82174943951155310               21
  0.73645509154655220               23
  0.78437307841459947               22
  0.76882043636538933               20
  0.69339493479523850               20
  0.82217158708640892               24
  0.63591504636647600               19
  0.88186310917408217               22
  0.78425094746390644               23
  0.84739964679580737               22
  0.73091069335063075               20
  0.81154724809879453               21
  0.86208260305679063               24
  0.88550577445942713               23
  0.86004501117727616               19
  0.84589860758218938               18
  0.94761157263468920               21
  0.89132626001246607               21
  0.83018898185906831               17
  0.97549894206998788               21
  0.96195807385784471               20
   1.0159436506719579               18
   1.1723107216390825               20
   1.0295391501151512               22
  0.98028905029753000               20
   1.1141940392149314               21
   1.1704578761484323               25
   1.2377351585269667               20
   1.2842994292518133               19
   1.1696287458782562               21
   1.2160365200920000               24
   1.1637284353285007               16
   1.2226123241679929               16
   1.1483631371617740               24
   1.1918057717541060               26
  0.97806142401474039               20
   1.0831438896796926               25
  0.99730006735248056               18
   1.0647932782104861               22
  0.96367729795271584               20
  0.88779324125982229               17
  0.99152112036098572               22
  0.95982632868657103               21
  0.84753488027315005               16
  0.84398309477981892               21
  0.82655288540593497               17
  0.86151807247997592               21
  0.78238678799295835               19
  0.76476222261709692               21
  0.81241895572019207               19
  0.74314524547364125               21
  0.70376061748204122               21
  0.71647851795342221               21
  0.74797764154897362               21
  0.68473573277059463               19
  0.74150814520789432               21
  0.67482532421629959               21
  0.72324591747519118               20
  0.80651856558640012               24
  0.74198318045592671               19
  0.76241692715738041               18
  0.71722175032086088               16
  0.79650131590545414               23
  0.81975678258676044               20
  0.84440899486326337               24
  0.89050674967079591               20
  0.81793835541441573               21
  0.95930808106896948               20
  0.86227485225363554               19
   1.0282475630681505               18
  0.91808480142591598               19
   1.0765706181203172               22
   1.0047536524508238               21
   1.0889717249964566               23
   1.1071859045813948               24
   1.1855258913200619               24
   1.1754841485541203               20
   1.0832558897621904               22
   1.1640260765800745               16
   1.1032377263106699               21
   1.1245240979368767               19
   1.1833246850647283               16
   1.1339591616732834               24
   1.1639359580994104               22
   1.0628859888081446               20
   1.1107448161015876               20
   1.0629350369682937               22
   1.0497467286981659               22
  0.97037633248236932               20
  0.93963378400425634               19
  0.81129950107044058               17
  0.94806927071458613               19
  0.78458784996331010               19
  0.87424285897868292               18
  0.75712239439702722               16
  0.76554356877240348               19
  0.77251155685552486               18
  0.82463783928788670               16
  0.84171164627460082               20
  0.69868752999356676               20
  0.67615981542031067               19
  0.69172704190902956               21
  0.78363414745807902               21
  0.65515603842887882               23
  0.68143520264431801               18
  0.60271573957812608               19
  0.69326174501434024               20
  0.66917442115333536               18
  0.72375485794617322               22
  0.69138418937552049               18
  0.80051190495081270               23
  0.83046118510688283               21
  0.76261581122178346               16
  0.67734361578492830               21
  0.84175901810533282               19
  0.74166350668375158               20
  0.91814693949426718               21
  0.78845119245180162               19
  0.92627745409937701               19
  0.85093728360239040               18
  0.95676659343984516               18
  0.97150723699554697               19
  0.97007786705982879               18
   1.0626517715144175               20
  0.99149243726846370               22
   1.1304128038657797               24
   1.0920930474795527               21
   1.1405852193115984               18
   1.1982731735785763               20
   1.2051895386856819               22
   1.0565993497039006               21
   1.0935294910451823               22
   1.0302731667697140               20
   1.1043905664637241               19
  0.96931011606476292               20
   1.0086259335822276               24
  0.95862654941455505               15
   1.0354742317603136               22
  0.87970983000407132               17
  0.91630530151121992               22
  0.76834234214025265               17
  0.94712148429622867               20
  0.83310578732711915               20
  0.77195222015757192               17
  0.75971827335750253               17
  0.71898540734950356               16
  0.67546548847870169               18
  0.72880896007772467               19
  0.82255032147298524               19
  0.66418898655524727               19
  0.79204847245910226               19
  0.70200435879815759               16
  0.74486890857126198               22
  0.51381851024179803               19
  0.60359265891407210               17
  0.72611577447688735               21
  0.56037434293101651               16
  0.80229863907345711               24
  0.64656275972937016               19
  0.62881549999113329               18
  0.68290397859485663               20
  0.70503084653613313               19
  0.67431270534901810               19
  0.77568433797959002               17
  0.63390442510711531               17
  0.88638882838931721               17
  0.81732293054100269               23
  0.87544401368578550               18
  0.79838026793208450               20
  0.91770037859688225               19
  0.94108924548100314               19
  0.99939358391042743               22
  0.90012006233378672               17
  0.98211288303037969               22
   1.0651408187765719               21
   1.1973740537013808               20
   1.0595234968805054               21
   1.1258987152926649               20
   1.0957792371064528               19
   1.1351324571100121               23
   1.1310119949557396               17
   1.1573480964675833               15
   1.1227314678989586               11
   1.0415522041791996               22
   1.0998951956957861               14
   1.0076130236380791               17
   1.0071546451936866               20
   1.0157121507499163               21
  0.87730724868349597               18
  0.92417744825119985               19
  0.92344348294600676               20
  0.84348808915239248               16
  0.75074086984618182               17
  0.80807352328517090               18
  0.83301395220473773               17
  0.75616131430819511               16
  0.62824623824604531               17
  0.69925859018398695               16
  0.64942107269221727               18
  0.76321543953620885               17
  0.67863697279701085               18
  0.71249829324542258               18
  0.63416611508149767               18
  0.59899610262357994               18
  0.63373171778620030               16
  0.64785359189331659               17
  0.52087406071257858               16
  0.75703499835329724               20
  0.61438101197330852               18
  0.60181553652576325               20
  0.73765054639230010               19
  0.64540102114595077               18
  0.74393635747299869               15
  0.78130419946141438               17
  0.78067244220246157               18
  0.77219928560916096               19
  0.72722279967053294               18
  0.74922029415598723               18
  0.83283047189495762               18
  0.87630927740634479               17
  0.90929220944469757               20
  0.97209009217130171               21
  0.98000621757749662               20
   1.0514204024916791               20
   1.1337593223489133               20
   1.0120500030774016               19
   1.0974286387203371               19
   1.0416890787191799               20
   1.0809736866782211               16
   1.1498452272535058               18
   1.0249389058509224               16
   1.1370863226816075               18
   1.0563367094085636               21
   1.0052635281820290               20
  0.93075525136386184               20
  0.95666955742077997               19
  0.92956368608840212               21
  0.98069417221320943               22
  0.88286408949483963               16
  0.84104801841233789               16
  0.92408208649262169               20
  0.80843666021658367               16
  0.72624711331311331               19
  0.72227755941212168               18
  0.69241038445376013               19
  0.72144253598621133               13
  0.66271137760134335               15
  0.59486579873418222               16
  0.65081950258801013               19
  0.57346517045588485               17
  0.61689424937910864               21
  0.65282115265137031               23
  0.55560973020600446               19
  0.58670662270015372               14
  0.58950886137716363               18
  0.45467561428221448               20
  0.67625718795419931               17
  0.48990347862738959               17
  0.48977522997675244               17
  0.51987354683934461               20
  0.66948509196561978               21
  0.64327430864797419               18
  0.69116475124785093               16
  0.77328203395083495               16
  0.67650712377303490               16
  0.73401952518249169               17
  0.72806667942771719               19
  0.73252509333068960               16
  0.79927176493140384               20
  0.66992538699640547               18
  0.84543211048681466               21
  0.93434772372590458               19
  0.92188222050215396               21
  0.96821503811564613               18
  0.94263178563076389               20
  0.99432432215573341               20
  0.94502524551980582               18
  0.97826114673437448               22
   1.1324812143343337               19
   1.0280387201710295               20
   1.0423327236652851               17
   1.0557887359457694               16
   1.1498482544032917               15
   1.0402299442047609               17
  0.91204069029630419               20
   1.0540628941325021               23
  0.86979866761395475               20
  0.94133946966782611               18
  0.92067019464259170               19
  0.91653475814271756               18
  0.78876548238077648               18
  0.89977069167608492               20
  0.72971304167478901               17
  0.69187745548375834               19
  0.70242259934905382               17
  0.70232548234996905               17
  0.64647352869144947               16
  0.59555229728434356               17
  0.64484391429173227               20
  0.61129865284369189               18
  0.53978912458406214               19
  0.61694532294430871               23
  0.60473898739272391               17
  0.48091716564803844               18
  0.60192054617311186               19
  0.51669848938721119               17
  0.60821528993971985               18
  0.41525742833072904               18
  0.57198559845167918               19
  0.50974418435248126               18
  0.60847871847038248               20
  0.60967466261151948               19
  0.63827597620559706               18
  0.67051866049690045               16
  0.59574580889903805               19
  0.68976432156482292               16
  0.63072984356077266               18
  0.72578519445562906               18
  0.82135481533164034               19
  0.87611233843813774               17
  0.84495771888488524               18
  0.94396874657999374               23
  0.81178763817853483               20
  0.83822376045825653               19
   1.0112323719069720               21
  0.87314645276512515               16
  0.90809380320667998               18
   1.0832910510195577               20
   1.0643904104529094               17
   1.0126209338470762               19
   1.1040708493997815               15
   1.0160407565117737               19
  0.94137102321340782               21
  0.96593109088078388               19
  0.81948626498000032               16
  0.97325916211646246               23
  0.95831516491121538               20
  0.79691846192358606               17
  0.87907067864512134               18
  0.74351516883288649               20
  0.90737124029339611               19
  0.74193844312020341               19
  0.71433844663330459               18
  0.76253658717817774               19
  0.65492114188848893               19
  0.60790494726267574               17
  0.61512262935104189               20
  0.55405981592575315               16
  0.60232635572696991               15
  0.53327071457228914               17
  0.52807849582345834               17
  0.56795567045659112               21
  0.59550133504216751               17
  0.49600607938284025               18
  0.42610263235531270               21
  0.56600707041131859               19
  0.55063740189546495               17
  0.49043250582167985               19
  0.49196371572131509               19
  0.55380018085356675               19
  0.59591659095444682               21
  0.57412134106129398               19
  0.64101381492281650               19
  0.57933063281680230               18
  0.62026528756640420               17
  0.61493487243700695               16
  0.59825124677574282               20
  0.80287307645526940               18
  0.62786989575298990               18
  0.80494378794780597               16
  0.90516198693708338               21
  0.79167826679359943               20
  0.86661815138366471               18
  0.95809061737640377               17
  0.92006932631911142               25
  0.92242131584336995               24
   1.1021011002853798               19
   1.0471686761349670               18
  0.98943070902879027               21
   1.0677281116118542               17
   1.0009213596316631               21
   1.0600234417042971               17
  0.92494103674909200               21
  0.99942582348722153               18
  0.95502094696805584               21
  0.79659757637236406               18
  0.86514957581840946               17
  0.86121455687588133               17
  0.75897970039445428               21
  0.84014847287182048               18
  0.69014425115342193               19
  0.66199564750692774               18
  0.56601555869058284               16
  0.76722918933030881               15
  0.71151073921003316               20
  0.62240134821414417               16
  0.56510690871136882               20
  0.48422405639318672               18
  0.60669249541518611               20
  0.47951852708734688               18
  0.49709200059416386               18
  0.43675202901062604               20
  0.43541160661207734               22
  0.39064293067772687               16
  0.50549997538264790               20
  0.48524028021595955               17
  0.48207874668669792               20
  0.45497053538700760               19
  0.41310747723481045               18
  0.54451514697000358               18
  0.57520495939698646               19
  0.48621330653622474               20
  0.55463005305734991               21
  0.57651705629237804               19
  0.57475935365160469               18
  0.76515172338000481               16
  0.76669835107349082               18
  0.73638319742641878               17
  0.76970513586243516               16
  0.86928953599176895               19
  0.72747900118714837               16
  0.85508940862591543               18
  0.86653728711542910               20
  0.76101238945294336               17
  0.79768086111070780               16
  0.92745907722848031               21
   1.0307749797029409               20
  0.96219819394495709               21
   1.0166649835666413               17
   1.0640529725671828               18
  0.86340404750733235               24
   1.0803275304961475               14
  0.98117706175170794               21
  0.97759500692572798               19
  0.93544076741931470               22
  0.83755452425421539               22
  0.73128098679124931               21
  0.84949751143964813               16
  0.69944763240229868               19
  0.83346713134410022               15
  0.79217838462027113               21
  0.71458536741487233               21
  0.61837660330026600               19
  0.61520420028017597               18
  0.63542816179560724               19
  0.55239234278679561               18
  0.55035430991197976               19
  0.40942310281727445               15
  0.48240052718329074               18
  0.59919942456854958               17
  0.47533797870200828               20
  0.40891369345856476               17
  0.45741121307542310               19
  0.52094170912324955               16
  0.39283504783999823               22
  0.44837852587656335               17
  0.47133247748276880               19
  0.37537005086028735               19
  0.42889816075774051               19
  0.41394620807122512               19
  0.46096982474998716               18
  0.43910810092147040               19
  0.47313385147178677               18
  0.53119535041484445               18
  0.57850248247389402               19
  0.65106689322552214               16
  0.57871479215845334               19
  0.64715401076132539               17
  0.71771412551534619               17
  0.77321769976263333               16
  0.67977717630146728               20
  0.81781410004076793               21
  0.73041099509802343               17
  0.81387513245599874               16
  0.90213923725252332               20
  0.87738878636879369               19
  0.96785061424406027               23
   1.0464531070048457               16
  0.95971447862332038               21
  0.90817530397896462               19
  0.99417521465656022               20
   1.0352571784323290               17
   1.0623921526073903               15
  0.95048047088337462               23
  0.90668719720741120               20
  0.91112811355481838               21
  0.83767869570588815               23
  0.80258448351086653               21
  0.76797180260214970               23
  0.73574193919679876               20
  0.66950457021677012               20
  0.63728799589505958               22
  0.67682588075792594               23
  0.56498093680102057               20
  0.61934125493548020               17
  0.51655877834036290               18
  0.59950610422995487               19
  0.51977019512723543               19
  0.45397850104767412               17
  0.41113633669281890               16
  0.46925344924878248               16
  0.41260685310074824               22
  0.40619973182528996               19
  0.32395319562427949               16
  0.45145759696537907               19
  0.35337923365514973               19
  0.38677814856187909               18
  0.38395726607203173               17
  0.48358422102061560               16
  0.37172096559780587               20
  0.36514605181978838               21
  0.52443463172020710               15
  0.40838856113546540               21
  0.44574158545319748               18
  0.55529524423276710               18
  0.55250931030499550               18
  0.71115977815669784               19
  0.60817280993597467               21
  0.79497090124051295               20
  0.65239028821477851               17
  0.84293934028035533               18
  0.66484280472477553               22
  0.84936457457040604               19
  0.69095877590807642               20
  0.79324507992335380               16
  0.85329411823384971               22
  0.96835749375165092               22
   1.0104822699160236               16
   1.0640171691565146               16
  0.96410038565291256               22
  0.95270946129412482               17
   1.0199109749353186               17
  0.96385308586799412               17
  0.95478473770401817               15
  0.89824224607141601               20
  0.89092092598068184               20
  0.76690902052505094               20
  0.78302678708675955               20
  0.62494811397015038               23
  0.73336407989159158               21
  0.71062340917048494               21
  0.58333320286725976               20
  0.56699419780211102               21
  0.68607223878642576               19
  0.55249350384562235               20
  0.51740873462234505               16
  0.50129780306672889               21
  0.52230693193401156               18
  0.37846459282184541               17
  0.36332653919692598               18
  0.35660387953548833               17
  0.41560118399677909               18
  0.35181485743254953               16
  0.28463634033364432               15
  0.40055221568773053               22
  0.43924200507160838               17
  0.34856847189043805               17
  0.30967154758615506               21
  0.33894444212585784               17
  0.34473368031247170               18
  0.52360914785993085               18
  0.48589410554531159               19
  0.42045086061165809               19
  0.51244317298935893               22
  0.55307018418432008               19
  0.49213468824954676               20
  0.52027263745369157               15
  0.58532657057627313               21
  0.65153529144456801               18
  0.66530960595285626               21
  0.59727549357841192               23
  0.71426223752670037               18
  0.77644347975288686               16
  0.87900624717868514               18
  0.89138871590177793               22
  0.97274053442871533               18
  0.88059487089398170               23
  0.97542051824233389               25
   1.0089910266324842               15
  0.99182216746706731               22
   1.0006537330830063               17
  0.99953608482388567               16
  0.98297793637498387               15
  0.80152521538467991               21
  0.79674681275971426               20
  0.77728777697040896               24
  0.77769405048015772               22
  0.78328761537239988               21
  0.72099653124300589               21
  0.63123769415842679               17
  0.67348273807626891               18
  0.57310204266788711               21
  0.51693396151497095               19
  0.53542398494308396               20
  0.58384274724269858               17
  0.44729012209639479               21
  0.42611312297135118               18
  0.48485521212962879               18
  0.35700139361699212               21
  0.44205677582734099               20
  0.26352462397724069               18
  0.35964736272731396               14
  0.38930294148543693               18
  0.26052557839662227               20
  0.39085994621764913               21
  0.29593735214329236               17
  0.28258943651272261               19
  0.29104042979842604               21
  0.44382325881096235               19
  0.35446291418867160               22
  0.34989901159510295               19
  0.26678659863550530               22
  0.42471143680917606               21
  0.47566118836090104               19
  0.57203783754779558               20
  0.61289839052398287               21
  0.59033966289034334               20
  0.64463118363331851               21
  0.62520373377707172               22
  0.71845544923037785               20
  0.73231859183965753               17
  0.74285362660296228               17
  0.77845846810365160               18
  0.82874119827398351               18
  0.70708186522479544               19
  0.73556068906677174               16
  0.83146192814000563               20
  0.98487883503747953               18
  0.98009161671719269               17
  0.97983977198285155               22
  0.84689315484736383               23
  0.97132259506868524               16
  0.86335532225198075               24
  0.83294377371399431               22
  0.86555266921175655               21
  0.87688432544570394               20
  0.70366012463781136               20
  0.74048200408032172               19
  0.69929891463821470               20
  0.69741622220877986               18
  0.59778701733009909               20
  0.59109100298057149               19
  0.43079218572806177               19
  0.42493615476629487               19
  0.47235474491411028               18
  0.42983308190606795               21
  0.41972751076498005               18
  0.40819798681440511               18
  0.29258704522750983               17
  0.36413857451057419               18
  0.41704769695065536               16
  0.28450905824069866               20
  0.31006565222245769               21
  0.26330793032953742               15
  0.23788168261133058               18
  0.25763682972257373               23
  0.30690070697369365               18
  0.17725016293320456               19
  0.35832544638551950               17
  0.23171585190188690               21
  0.32433252167679910               23
  0.34825940869022953               16
  0.39903536375001381               20
  0.51812414945296736               22
  0.41252252222382663               20
  0.45226306874572020               18
  0.54560938556344252               19
  0.54984917378815601               22
  0.65078445404550533               18
  0.67724459935729819               20
  0.76218496776069822               19
  0.78553586836444278               19
  0.77958308452931768               18
  0.71503395837814487               18
  0.91579033121307551               23
  0.91453277386914877               22
  0.93841163771709413               18
  0.94487686029544504               21
  0.96882886707590377               18
  0.91377723155975832               23
  0.90761503515138386               18
  0.91652497921184906               19
  0.87401807427879463               20
  0.88146456938935791               18
  0.82752854421089195               16
  0.79612551406097165               22
  0.84380014776913959               22
  0.74643042087594735               18
  0.76454871595478902               20
  0.69609612338011584               18
  0.53478561272891889               18
  0.61652250207504800               20
  0.60265637008349215               20
  0.58283431977604916               19
  0.54381592462296080               23
  0.50999220130162382               16
  0.40028653179844809               22
  0.44907385461459387               19
  0.34337985934533410               18
  0.30973142020101146               20
  0.30444269173587651               13
  0.31187227600761952               21
  0.25905353082642574               14
  0.27395811930803443               17
  0.10954916590060407               19
  0.28323337286020528               17
  0.18197601825107490               19
  0.24336473733678782               20
  0.32351420161919409               19
  0.24133409121380026               17
  0.29700457753581350               21
  0.43008605069866102               17
  0.35320880485359163               19
  0.47013093009844059               21
  0.47891818029483829               17
  0.52896464869536530               23
  0.60282372225650438               21
  0.64752238730048728               22
  0.66166585045089543               19
  0.68536003654273570               17
  0.68979733398332976               18
  0.67401944381905854               17
  0.70273208610406002               17
  0.78160248718516767               21
  0.83322636026264973               19
  0.80826602792556801               17
  0.90020532087729266               22
  0.84835055428510464               21
  0.99572583942286419               15
  0.90196645324367353               20
  0.89304599296471510               20
  0.94802526197956938               18
  0.99703352113557520               15
  0.93357307659462174               19
  0.78222314776954205               19
  0.85817826161231681               21
  0.72346372697428907               17
  0.67614897064011770               19
  0.63127664298691133               18
  0.63555967717133033               15
  0.65915843568755028               18
  0.55542678668553103               17
  0.47947701253592240               21
  0.44392639955315394               21
  0.34861004631501913               22
  0.51440299101159936               19
  0.40724240898120301               20
  0.33091022533579173               17
  0.28113963261850489               19
  0.27701696014622756               21
  0.30911686148839074               15
  0.16313368291552213               16
  0.23407838077406978               20
  0.21623945858250931               21
  0.17583146067917313               18
  0.21746748510054370               18
  0.14998523397553787               16
  0.17488909965935931               19
  0.24571530848334130               19
  0.18807046932308297               21
  0.32598113098932202               17
  0.33323822799296654               20
  0.32674374539454398               18
  0.36070226524413168               20
  0.50351538168287269               19
  0.50563397261282816               23
  0.50804124063250089               22
  0.49965476024626759               18
  0.48232438222996959               20
  0.52024934403045420               19
  0.70249913869433334               18
  0.73151128358437567               17
  0.76543686250422704               22
  0.83685150582539303               22
  0.87897399698093304               18
  0.84361536844037532               20
  0.92062453923984333               19
  0.91071059952463085               17
  0.94600971527032462               17
  0.93804859723300527               20
  0.92821620224536494               20
  0.91780214552333617               17
  0.91702463680325386               22
  0.92753544560532797               19
  0.88152985332326350               20
  0.75097446964892534               22
  0.84834496319471164               20
  0.65613363125129442               18
  0.61979729365677483               17
  0.56888454873486261               19
  0.49003326798387647               19
  0.48624213994695731               21
  0.47218809551587804               18
  0.59197089415379289               21
  0.47584257238613875               20
  0.35408779664669898               24
  0.43334039902794730               19
  0.35943646815619473               23
  0.22072422054374732               18
  0.19384219691171289               16
  0.24756151208591379               18
  0.23490538576774725               19
  0.31192059271432604               17
   5.8434951922703940E-002          23
  0.20677171410370596               20
  0.12506179777171084               22
  0.21561793021387882               18
  0.20166049045134690               20
  0.22810752228339973               16
  0.25865578403707529               20
  0.34349422750513775               21
  0.39271454528550775               18
  0.43383788776590571               20
  0.36401277420464295               20
  0.46322024441317422               18
  0.43480650512415464               20
  0.49552734530353176               21
  0.41549966901871987               20
  0.58424505742516586               19
  0.61193980103666112               15
  0.58010752701954882               18
  0.59061423186963014               19
  0.60753023059989053               17
  0.66260518985336359               21
  0.68864741300961341               18
  0.83472632636220989               22
  0.83799561924761978               23
  0.96179873701622354               18
  0.98331711515272946               18
  0.90837053332593887               18
  0.82007952888884772               21
  0.96323911067350110               17
  0.85003907723370153               20
  0.96746104038594716               17
  0.83787065627499491               20
  0.78576886927856304               19
  0.79197065339120065               19
  0.79342933483125511               21
  0.62517417098118933               18
  0.59831874124220763               18
  0.66251411453351294               18
  0.59113838030655796               17
  0.63063370347002867               18
  0.54200457399972768               17
  0.49782596479744107               18
  0.40259968770642118               22
  0.28273768906446334               21
  0.23420054716583422               18
  0.21439482704347745               19
  0.14790190327239178               21
  0.18065432065506165               17
  0.19691220781756230               18
  0.16310961095727591               16
  0.27451592724940777               15
  0.17939350228524040               18
  0.10781235350092470               17
  0.14365394364098946               20
  0.25352027449263725               20
   9.8942632695850616E-002          18
  0.25583593277195205               17
  0.26176494476623824               19
  0.28947040690423875               18
  0.30530407436993440               20
  0.30671743486113684               20
  0.45183067223756168               17
  0.51802179314292729               19
  0.55660955130905643               20
  0.46887586602126963               18
  0.55342972813194580               18
  0.61781521515238558               16
  0.55876751811795211               18
  0.63744939002435608               19
  0.73121198540635068               19
  0.79989531281082149               22
  0.73877702047171101               19
  0.87928634963840346               20
  0.96564491150885179               16
  0.87546495885119435               22
  0.96333089554580997               16
  0.90590147462787440               18
  0.95340827743716239               17
  0.78522331618750107               21
  0.85695197425728753               20
  0.77623165327172772               20
  0.89296323046318593               20
  0.75087688282843845               19
  0.69020037896503506               19
  0.76817285026379389               20
  0.73836303787246549               18
  0.70482717694201680               21
  0.55010703986436837               18
  0.66887471942614884               19
  0.52424345631625635               16
  0.42468654681898815               17
  0.45504202757783496               21
  0.40957347232546021               22
  0.37030604055409150               22
  0.32417558175761602               16
  0.33369470961480080               21
  0.31837710356701943               17
  0.10685215408668582               17
  0.12543423099706208               19
   4.2214102707404985E-002          22
  0.15218015298928148               19
   3.7796393629581808E-002          21
  0.19559787422636127               18
  0.10691713667271037               20
  0.12922643939883316               20
  0.14157668617882230               17
  0.20201681365396434               21
  0.29782872475283151               18
  0.22287246073498473               21
  0.35811109723401618               19
  0.39156646716079740               17
  0.38620566151978358               19
  0.40161557981592361               17
  0.38887556283725433               19
  0.54073204288796628               20
  0.55736998248356451               19
  0.56327874548877122               18
  0.60234750414382376               21
  0.64890489425843956               20
  0.74283250900539199               19
  0.77669401730678311               21
  0.81177589005149720               22
  0.85977086704023009               20
  0.90780117635538959               22
  0.84949158113867684               19
  0.95778209925564228               15
  0.84252862309670251               21
  0.88080490262730859               21
  0.93043211505025802               17
  0.96855812551653375               17
  0.88510180940916872               20
  0.85526495637280564               22
  0.72791496626357943               19
  0.81395483437148652               21
  0.73195116584059650               21
  0.69720610759228874               21
  0.62409635254883877               21
  0.49888823814206967               18
  0.45639089440305280               17
  0.52739676162206361               14
  0.42983476241801338               19
  0.41612131716706396               17
  0.48985971510457471               16
  0.41242190426597902               18
  0.36254842173314894               21
  0.24748293252096748               18
  0.29872116855662600               21
  0.20574729250332718               19
   7.5239678547698877E-002          20
  0.20393272252578445               15
  0.12634492271236342               21
   6.1019568153703553E-002          19
   9.6999452621105653E-002          16
   4.3610406148873737E-002          19
  0.14413414972120955               17
  0.14803129308113722               19
  0.33236358166816848               17
  0.19301210922660400               18
  0.29566805924108241               19
  0.41162384926856710               19
  0.32130104746178390               17
  0.29055251986403652               19
  0.45691538316349622               18
  0.38597825405952751               17
  0.43710412560076317               17
  0.57251092832150330               16
  0.55166088692612780               19
  0.60777345680320571               25
  0.69043444617200544               20
  0.79945147641868275               18
  0.68447143836379398               21
  0.72670627032475998               20
  0.77450240011511828               19
  0.87600878337834431               20
  0.91487630218671800               17
  0.93715163066610718               19
  0.88445681273945842               19
  0.85237975875438610               21
  0.95900101531176629               16
  0.81257162200564903               19
  0.96244921231916492               15
  0.81025889198736778               20
  0.80300989907280695               20
  0.73882740796839463               18
  0.72569404357678413               17
  0.67124807832301336               16
  0.58502267066168734               18
  0.51095250201519460               18
  0.55414977556703604               17
  0.40127018798057523               18
  0.56060020381900699               17
  0.40047030784605753               16
  0.39189778196677244               19
  0.28349961026495857               16
  0.33515951701976660               20
  0.26926839821394988               17
  0.25129655640474885               16
  0.19896891207583028               18
  0.19983249471742415               15
   8.8186223705738614E-002          21
  0.12448971245579202               15
   1.7138394810652300E-002          21
  0.20450829720568406               21
   9.6991346432195064E-002          19
  0.15479772174972528               18
   4.7897948541138977E-002          20
   6.3345212624605129E-002          18
  0.10900923457005779               19
  0.35269348498860159               17
  0.27768665381197410               18
  0.26144672985624468               18
  0.37762195110531144               17
  0.41466833809823972               18
  0.50527529479196420               19
  0.47599405084777696               20
  0.65298826898175533               22
  0.55847003796218408               18
  0.64278123270733756               21
  0.68602013172893117               20
  0.74626534738474071               17
  0.68630713323639503               18
  0.71985611165845587               18
  0.78412858243731520               18
  0.79191325353467490               14
  0.96380404822341148               13
  0.89555682085908173               18
  0.93861389961683883               17
  0.90218373094070548               18
  0.97144773791371852               18
  0.87691949413685688               21
  0.84619044111238850               20
  0.67624474246006516               17
  0.76801110750523782               17
  0.64882595234975471               17
  0.78425777320262968               20
  0.67497741289306967               18
  0.66189884023567946               17
  0.62637414516434564               18
  0.63552490526289984               18
  0.56646218905883572               19
  0.33640817185236460               20
  0.50079813465420731               16
  0.41951302323667033               19
  0.36570334679598870               19
  0.27432849794185615               19
  0.33370234423307943               20
  0.13034071749888940               15
  0.21114659363469190               15
   7.9288567347188893E-002          21
  0.18563796227815874               15
  0.15124912863198325               16
  0.10410317569199280               18
   8.9458482888386745E-002          20
   9.4021102893699873E-002          15
   7.5307912643107128E-002          17
  0.26934360721948430               17
  0.24375860498455404               18
  0.30040379264456407               17
  0.22472156083981212               18
  0.24235170219587451               18
  0.36467556886387625               18
  0.35990585972625189               19
  0.49075948843365830               21
  0.49470143558587515               23
  0.45800325319159257               17
  0.56792183886375058               22
  0.55796681739909837               18
  0.56010943762036414               21
  0.60158138926636640               18
  0.63776774455958973               19
  0.69568890660587046               19
  0.78640011066833693               20
  0.70105588512361394               18
  0.85699265535965763               20
  0.82921371376669428               16
  0.93934449526938812               18
  0.92358988773303341               17
  0.79703228653474589               19
  0.91534329521532654               17
  0.86503844849595135               22
  0.91426494039999262               17
  0.86852702001947413               24
  0.73647792766356379               16
  0.68331685246114071               15
  0.73888768985101583               20
  0.72729701469833352               15
  0.59828414699834964               17
  0.48254416640946424               19
  0.46937898165818925               17
  0.55632603426713823               14
  0.51851660883836537               17
  0.48593035349334918               14
  0.42412369860269328               16
  0.33904914716459073               20
  0.28031961059227456               18
  0.25304538077115463               19
  0.25279542658362941               19
  0.27488064180508309               19
  0.29367547578532344               19
  0.17716188801274846               16
   6.5578137923413118E-002          21
   4.5817923287614838E-002          20
  0.15495021969416153               17
   2.7184222064728931E-002          21
  0.15958343507343178               18
  0.19285414293255010               18
  0.21102876657662298               16
  0.17804509005952274               19
  0.32678553690339829               19
  0.29381207116397573               17
  0.30032404523973044               18
  0.43453295175289525               19
  0.44478048711350465               19
  0.55020566802737858               18
  0.59364642811516599               20
  0.58580920898141631               19
  0.49520774380183624               23
  0.66249546901604761               20
  0.73378453389343490               19
  0.74610874058008669               21
  0.79924507313262660               15
  0.82502421960555583               21
  0.73794710376261463               19
  0.85322038609554929               17
  0.89687226203286252               21
  0.89381520981512763               19
  0.85514073687125469               16
  0.89553362802071634               20
  0.94576483830176394               17
  0.94165627627226656               18
  0.90561942383863603               21
  0.81878132336274079               22
  0.75042806686405927               20
  0.78066146002968606               20
  0.56344484825807184               18
  0.64619343574969723               13
  0.65365831633012861               17
  0.51793602695323271               17
  0.43496381307212895               17
  0.55683596196729679               17
  0.43539724641588623               18
  0.36487077176019267               19
  0.33597248166555732               18
  0.35814863350753595               17
  0.38159191865469699               18
  0.34459649141337939               21
  0.28526581073168650               18
  0.29602052550098940               16
  0.18450313799223392               15
  0.10965981244703064               18
   7.4323157832640693E-002          19
  0.24445077727182793               16
   8.1512566521596788E-002          20
  0.12992450363386429               19
   9.1930926200654142E-002          19
  0.25497648587236282               20
  0.20732963312538508               16
  0.19386699085598066               18
  0.37769142531451233               19
  0.22224004780156356               18
  0.40749573566270136               18
  0.39323656952583669               16
  0.47664900940637650               18
  0.37396679502926478               15
  0.42658734433425050               18
  0.56788476473770633               17
  0.61834262163276954               16
  0.50693600660173166               21
  0.62501288792770460               19
  0.69839758980468747               21
  0.76320449701044057               19
  0.79550277157996707               16
  0.89943799444978534               20
  0.81637320365290167               19
  0.97012135819897694               17
  0.97257170428049167               14
  0.88052163597070832               20
  0.90293953911758940               20
  0.95711825245877047               15
  0.93929649817995520               17
  0.77787654109060123               19
  0.87106311920776092               19
  0.86230174907927659               21
  0.81445122087481048               20
  0.67493048879248863               14
  0.69869518160837585               17
  0.68528063117052784               15
  0.63619053685163196               15
  0.61147895412099074               16
  0.56897012901059574               14
  0.45585624927977447               18
  0.38963653775637674               16
  0.32686774753384440               19
  0.49357497403650363               15
  0.35459206875317162               18
  0.27428530884342384               18
  0.33230330633862415               19
  0.21302668049763870               16
  0.24350324316023012               16
  0.12124998356358786               20
  0.22219383783961738               15
  0.29109224431573077               19
  0.16699558829906902               17
  0.22099685654925136               15
  0.12953743763743805               20
  0.30709347349125810               17
  0.11764669034130940               17
  0.26883810300504019               19
  0.32193858485704108               16
  0.31999957728878170               18
  0.30339388688652047               19
  0.33781784872664533               18
  0.49392010326984898               18
  0.52443582549974976               17
  0.47682858437215886               18
  0.49127874027973328               18
  0.71557674392461035               21
  0.68972407324883045               20
  0.65685408748853613               20
  0.81194513239909327               23
  0.80584833907247555               22
  0.89459518224602841               19
  0.83694682903416140               20
  0.90980363936791997               20
  0.97373182352088128               17
  0.86978548446564707               20
  0.88677798428212007               21
  0.90397262042199522               20
  0.97243123390282804               14
  0.98291291714848406               20
  0.94461849806628284               19
  0.91010899980885451               21
  0.84077857847431214               20
  0.75270210942859017               19
  0.75434557407988678               15
  0.69744348333565187               16
  0.65490179122346159               14
  0.59827884950546362               14
  0.53670247327306453               16
  0.64833986031424629               15
  0.58731904401060775               16
  0.54030616137658649               16
  0.49239599222134534               17
  0.42704631192659775               16
  0.40608091419765946               20
  0.40275621392177297               16
  0.30153270931260823               17
  0.30312790315544308               17
  0.19237689113583056               15
  0.29246085179836567               17
  0.23261396520122052               17
  0.14879779637144822               18
  0.19695361108702400               18
  0.17013112607973344               19
  0.25296161536569400               15
  0.24784513919762158               19
  0.26027558848213317               18
  0.34650979504876894               18
  0.41190997909703031               17
  0.34099469062018944               18
  0.41645938254424031               15
  0.45193301861946239               17
  0.49585378424347881               20
  0.43125100016501622               20
  0.53432508497200903               19
  0.55229272543031183               19
  0.64563761874209546               18
  0.76595093317608853               24
  0.64734217491493073               17
  0.70410630717139799               20
  0.84004880333694854               21
  0.75345999824313548               21
  0.92737930593152806               24
  0.85315420188109148               20
  0.97577649270211830               16
  0.97016813190647289               18
  0.88817215381918890               24
  0.96287910209620509               16
  0.97468067791415802               15
  0.83150550122623346               19
  0.89104675040563230               22
  0.81684673740919500               23
  0.78741888920218917               18
  0.81826861320706334               20
  0.79197733947660454               19
  0.77308574144796893               18
  0.76540749695948684               19
  0.73184381694195355               16
  0.63433908256875549               14
  0.57166383852691893               17
  0.52238007325970137               17
  0.45917626244942927               18
  0.61322764472370550               13
  0.47305816897772429               16
  0.47549875715210876               20
  0.43145107001298222               17
  0.27245478483973767               15
  0.35140899897657019               19
  0.18492715518438160               13
  0.30639801947348200               18
  0.34991422908431769               16
  0.31714678773317173               16
  0.22589561427705557               16
  0.17510712084494301               16
  0.33635440573930425               19
  0.19575246134009688               16
  0.29216203943319552               17
  0.27071583871899674               18
  0.33817900738775708               20
  0.33346107495574634               19
  0.49004332561639402               17
  0.46684015469709145               18
  0.42145433240637670               17
  0.49183170973666729               18
  0.53973644048509362               20
  0.64564820749950935               17
  0.61251860642712863               20
  0.61660722208961394               18
  0.70580436337110486               20
  0.70518468541465318               17
  0.73789449275043817               19
  0.85281726644982270               19
  0.94789980604686253               16
  0.96202908925674746               21
  0.97609452289038345               19
  0.81814815382960315               22
  0.90790802744008758               20
  0.89967872216801370               21
  0.87280690714445175               21
  0.96748305086921071               18
  0.94164063515606733               18
  0.93223278534717924               19
  0.85672023529451313               21
  0.82570600154440654               22
  0.78640049938358525               20
  0.72698001742805252               17
  0.80577150390888053               20
  0.52088124820738546               17
  0.66111828123418270               16
  0.66537668573306774               15
  0.59741877215302763               19
  0.52564538896869273               16
  0.53302068900775490               19
  0.41099790662464841               19
  0.43253819829642631               16
  0.32153733831281933               16
  0.45577333452995117               18
  0.40431349725251486               19
  0.38139346755862918               17
  0.35555389673297494               19
  0.35157982255003511               18
  0.27307120756744951               17
  0.37241953051426957               20
  0.25951863684163817               19
  0.34970186609680021               19
  0.38858266129375735               21
  0.40480339116743397               16
  0.41106657074563968               17
  0.41799660220233165               21
  0.50965396890403614               17
  0.38671130840870138               18
  0.55153931031444026               17
  0.50295110427900258               19
  0.61769622690556025               19
  0.62248575647292892               19
  0.55302358275094166               20
  0.56693056631747241               19
  0.65545409608934280               18
  0.77436963195669961               23
  0.77887862845758526               21
  0.81812771523098549               22
  0.86669254699958109               20
  0.85170700439888414               23
  0.83767783892077330               20
   1.0165576079136687               19
  0.99740279274726507               18
  0.93400565399847701               17
  0.96972828303572267               18
   1.0234179735327500               17
  0.95644338410016472               14
  0.99097518778572657               14
  0.81846456766731013               21
  0.86863881540314936               21
  0.84169544436091803               20
  0.75458737469986137               16
  0.74211771179504937               17
  0.64632233270695338               16
  0.75546084371203848               15
  0.71555931809718021               14
  0.60926096118578599               17
  0.62972804304944341               16
  0.48409023919791472               14
  0.55593731153589010               18
  0.52703657454996700               18
  0.46035804754553816               19
  0.37246194469299132               19
  0.46844599507450463               16
  0.33175035154787663               17
  0.38191300864606609               20
  0.39738174179186359               20
  0.42867248925605050               18
  0.28131543968003148               18
  0.43071998061669198               20
  0.35809089433200614               20
  0.29762834279622569               18
  0.33174319326489921               18
  0.37036963216620566               18
  0.45046102617564043               17
  0.42047289151720946               18
  0.52558468262320401               17
  0.43943393841520195               16
  0.47977381806418556               18
  0.49474997428857004               17
  0.65548600541783419               17
  0.55142044999472972               22
  0.58714621907900855               20
  0.74097546073051013               22
  0.65023452307890262               19
  0.71923095205572463               18
  0.82434953772844044               21
  0.79386880873974353               22
  0.77078552702050585               23
  0.98476229021641948               19
  0.84390501038856602               23
  0.87822877093735952               22
   1.0314018435249519               16
  0.90423291313824938               24
   1.0015595111605631               18
   1.0252585598197259               15
  0.90628000827965227               21
  0.85011166060772414               21
  0.85533512925246113               17
  0.88183434047012865               22
  0.85327095420541121               22
  0.79190628907970118               18
  0.77631118783896758               17
  0.66280857840080931               17
  0.58979700522070200               18
  0.64029430610014637               17
  0.60591592958511153               19
  0.56476562261291374               17
  0.58043416371074730               19
  0.58694833071494157               19
  0.52452769557363643               18
  0.56805350410222244               20
  0.49631003623241665               17
  0.45693087804451443               17
  0.41829156795756900               19
  0.36629574148921379               17
  0.32719700817652991               18
  0.32491083368948220               19
  0.43477566553339553               17
  0.36718207441546663               18
  0.43364321965177582               21
  0.39995115049720764               20
  0.47597033042459796               15
  0.39293398960113696               18
  0.31327915967844955               21
  0.47874553403180242               19
  0.47012449465791367               18
  0.52298290677450643               18
  0.60805363455207995               20
  0.59414631754369485               19
  0.58960633305747390               20
  0.69224376805597032               18
  0.67332542740803969               19
  0.71931636894207862               16
  0.67714195132497301               16
  0.78672072409918259               20
  0.76507518634309524               22
  0.79419151436849922               16
  0.91023068597023937               20
  0.81080577630734618               21
  0.88092949793153674               17
  0.93469437522956045               21
  0.96562987095361064               18
  0.98657605106437307               20
  0.90667083242852398               23
   1.0370751993297693               17
  0.86859201860990498               21
   1.0231950609169833               17
  0.95574757231486163               20
  0.84777642887241766               22
  0.85746607924671170               19
  0.92297165101887357               20
  0.81329023471509210               17
  0.69333229974594901               17
  0.68524185042242036               16
  0.69620845514511986               15
  0.69112414505549158               17
  0.55275600802201952               18
  0.66434049438945175               20
  0.63944208332740726               22
  0.52972329402295237               17
  0.50684787492849015               17
  0.40089561598715240               16
  0.46759752322336406               20
  0.36498037492011653               18
  0.42492506792227586               18
  0.45373016944492317               17
  0.40926232993438377               19
  0.50804120703405187               19
  0.46633676016639947               19
  0.38832665425864898               18
  0.53873376395992667               17
  0.43577033980098084               16
  0.56755342573115386               19
  0.52376737705374865               19
  0.50952446868491952               18
  0.57130247354184094               17
  0.52811481847747843               18
  0.62678606392931968               18
  0.56627403895742601               19
  0.69214571244567369               22
  0.62261492407697316               17
  0.66428326502536039               19
  0.85529623802852039               18
  0.69513054782223094               18
  0.74285888859847127               18
  0.88292658707550309               15
  0.85920739961992665               23
  0.85631397342350779               18
  0.89453583582409435               17
  0.94969992212164567               22
  0.93113634207597917               18
  0.98565219801763193               19
  0.97256738089280548               20
  0.91781836816653906               22
   1.0399714432332856               17
  0.89662181132907814               22
  0.89374667534553254               21
   1.0091800576107950               17
  0.87835631872743813               23
  0.79717556584632954               18
  0.82128387316214702               16
  0.86278855717168623               21
  0.82349954575965156               23
  0.72294798218386558               16
  0.64774852654565374               19
  0.59291740200537491               20
  0.70046734789910092               22
  0.61315029751311956               21
  0.47835258133927272               19
  0.64058237641278426               20
  0.56427272048713251               17
  0.55831018621962569               18
  0.47239315577585239               17
  0.53112099991873463               20
  0.44270346231227525               22
  0.54408166987341566               19
  0.40397912669275371               19
  0.48298956312504882               17
  0.48011820060692251               20
  0.60647741074523476               18
  0.41320508908226200               21
  0.44215127869557941               16
  0.46389272670355325               18
  0.53769214865498871               18
  0.55459572349012343               17
  0.59763133172625249               18
  0.57506508058361361               19
  0.58072362981838366               18
  0.65773226990817402               20
  0.52048726363717890               17
  0.73774249027762506               18
  0.75870439523998834               19
  0.65384756338713745               17
  0.77203779491673796               18
  0.77423826990942390               19
  0.91265168065511904               16
  0.83302037658780614               18
  0.93465069258161693               20
  0.96654480619861327               23
  0.94199734859913375               19
   1.0383792107187977               17
  0.98956901100360850               17
  0.95244672727174007               20
   1.0371948135349049               17
   1.0663710363775223               16
  0.96495694096712659               21
   1.0834268939248040               16
  0.94413855140647118               21
  0.97261488522206008               20
  0.90443979685119613               21
  0.96345931404627250               21
  0.92001717448002052               18
  0.74083281566888082               16
  0.67008787980627416               16
  0.84649169969528681               19
  0.76645943637072789               21
  0.76494825686044887               20
  0.72479705518977577               19
  0.58433558036602806               18
  0.66991526528083223               18
  0.56527865365383700               19
  0.59394771928700096               20
  0.62492759632729089               22
  0.45231664878796829               19
  0.55994070612941360               19
  0.47817020659709503               20
  0.52089956574098106               20
  0.43108118758398772               20
  0.52423061007560112               18
  0.61005899447890277               19
  0.60799814465383617               17
  0.47848898014902513               17
  0.55154173212391289               17
  0.51839016475752531               16
  0.54514399294009541               15
  0.68140158957448116               19
  0.73218643879084089               20
  0.65515699823564566               16
  0.62392888515465694               19
  0.61857022106016446               17
  0.59245248921368465               18
  0.71967748169800660               23
  0.69241676911101635               18
  0.72976271869126885               17
  0.82052343706454489               16
  0.94298564648383398               16
  0.89303467357290434               19
  0.91642121563586765               18
  0.98854988079229589               20
   1.0155212441816446               18
   1.0602235358761460               17
   1.0478986785159392               18
   1.0267989822476944               19
   1.0136254035647936               17
   1.0522610752884600               18
   1.0717593255306126               17
  0.97934600216641254               19
  0.96082111575876861               21
  0.97792244732324063               18
  0.82370528128557685               21
  0.91562161858902202               19
  0.75227116036186170               19
  0.73186361800672195               19
  0.87168012493356017               22
  0.78395092392113908               20
  0.68575775040179132               19
  0.70854057555444649               21
  0.77724114886625795               19
  0.64777374088518314               20
  0.71866351764416470               18
  0.60821020424344507               20
  0.43661073781005744               18
  0.59309755739840142               19
  0.52264830864823075               18
  0.61994649085552722               19
  0.55248987681752215               15
  0.51890786976433345               18
  0.59151829029964609               18
  0.55978275187920823               20
  0.46751239227497660               18
  0.60460853289012417               18
  0.67031390528582202               22
  0.59649253426650251               18
  0.50975616636653376               15
  0.62883574655350649               18
  0.44591675903887712               15
  0.58196866547369719               20
  0.70968352027962989               20
  0.66745589499213298               20
  0.64791550696402667               17
  0.73023623655424874               20
  0.74963640172696755               23
  0.76948256699984563               17
  0.80431801980144391               18
  0.89698632078048401               15
  0.85574736875288371               15
  0.92083347155646245               18
  0.96803356544124330               19
   1.0587486857575408               20
  0.99381307729490498               20
   1.0180568086369093               20
   1.0716728688796240               16
   1.0931187570603420               21
   1.0134509683236901               18
   1.0770826226892010               16
  0.95911001727610146               22
   1.1100677242715262               17
   1.0251428901554644               20
  0.87916898912682484               21
  0.92949561795029412               19
  0.89496022859776903               21
  0.80817413646905434               17
  0.80032317784210505               19
  0.77920871570999906               20
  0.87436177264939197               22
  0.71431985561965616               19
  0.76329899727229145               19
  0.77161481003212007               20
  0.65935968023993607               16
  0.66746151744506510               18
  0.68961444753805923               20
  0.66991888559731494               22
  0.53560701775568020               20
  0.68550502120402990               20
  0.49978958766426040               18
  0.64060558063716699               22
  0.71181682090028497               22
  0.60597103690104892               18
  0.51064676852839708               18
  0.58607271885387047               17
  0.56466037812640213               22
  0.64240251307108798               20
  0.66843604654436639               18
  0.56453449952912094               16
  0.70763977096792241               25
  0.64580208013868656               17
  0.69323681884299215               20
  0.76402147789921326               20
  0.74328883124921230               22
  0.73098406487812473               22
  0.75002515007590431               21
  0.81587437562684906               18
  0.96301747551087868               18
  0.75930974494385328               17
  0.82056778506534256               15
  0.95453297024324291               17
  0.88903275176874452               15
  0.98872869190399926               19
   1.0491934216875765               24
  0.97954853438321343               21
   1.1022462264776329               16
   1.0907475623247955               15
   1.0339100175018285               16
   1.0744097734545222               18
   1.0986313334394349               15
   1.0936591242759228               15
   1.1558506331975611               15
  0.99816825305189005               21
   1.0188588472079538               19
  0.94573272029436062               20
  0.87725450407713224               17
  0.93660789825683577               22
  0.85705844804165865               21
  0.92467155425495795               19
  0.78528106174341139               20
  0.79713436159300599               22
  0.82841096208546594               20
  0.82688337710382986               20
  0.78332448695331947               19
  0.71291103045482596               21
  0.69389940482757617               20
  0.62009323735464594               20
  0.64313653555801642               21
  0.63541111561212626               20
  0.57865115879549300               20
  0.62381038919324994               18
  0.61403630124197295               21
  0.63029038302458118               19
  0.54131734598564596               19
  0.56951043615946950               19
  0.67248454677416147               21
  0.68968074209665187               20
  0.71875705200149442               18
  0.63779080198042815               20
  0.72833274924054126               22
  0.58721470270800724               20
  0.65595681634376835               19
  0.64942057225590055               20
  0.72691329759124201               21
  0.76232206173551120               13
  0.76307809629105072               20
  0.77891004046558887               19
  0.85737430696271388               15
   1.0823053140577708               25
   1.0127954842106519               23
  0.87436907738094949               17
  0.97223938129520071               19
  0.91242637063366994               15
   1.0700074364465531               23
   1.1154362861595088               20
   1.0895522681167586               17
   1.1392684008057838               14
   1.1546255232404736               14
   1.0329723849086749               18
   1.1154278408070235               14
   1.1688119494193570               13
   1.0358651706231781               20
   1.0748684129699060               16
  0.98072166675191719               19
  0.98964086626432690               20
  0.98551037704169986               17
  0.89072603309930554               20
  0.94942565817372448               17
  0.92341046254192372               25
  0.83129941470093649               18
  0.86697628963239726               23
  0.84031527819289598               21
  0.83031679870965158               20
  0.67677579919884323               18
  0.79688277208013492               18
  0.74225385738685079               19
  0.72139623027517918               20
  0.69525046862049167               19
  0.65543904363079186               19
  0.61761642210992362               18
  0.71873005722551864               22
  0.67756774243099649               21
  0.69216893102774391               18
  0.65111915581379542               21
  0.70833401546520303               19
  0.62739543572838796               19
  0.76506289474521061               18
  0.66014997922716601               18
  0.75867533583209390               21
  0.68468980981093008               19
  0.70638840701591232               20
  0.74288863856914233               20
  0.79847857428114077               24
  0.84831415235427565               14
  0.84087971766618297               17
  0.80413942313872666               19
  0.78169987300595434               21
   1.0034954855562774               22
  0.80891543316212122               22
  0.89732478879637456               17
   1.0119285184097682               17
   1.0353881222917960               21
  0.98585323019810189               20
   1.0633250271973940               23
   1.1763012118886695               23
   1.0386552620744252               20
   1.1163809076722924               22
   1.1647087680841235               21
   1.0770228869130427               17
   1.1790015279473796               18
   1.0203511862415950               19
   1.0482324880730653               18
  0.99976766881775769               19
  0.91947437380511743               19
   1.1681654568808684               19
   1.0364807201718538               15
  0.98805211996213815               17
  0.83369798005585538               20
   1.0485733645640420               20
  0.94222551448599345               23
  0.86548888675273039               22
  0.93469426499192199               22
  0.81975537779744090               16
  0.87967453247039584               21
  0.72208814452761771               18
  0.84879345519073179               20
  0.74800305137645773               25
  0.77354313049501422               20
  0.72471181200558521               21
  0.76568854662072994               18
  0.77967389628711825               25
  0.65593746633092065               22
  0.59461998441243369               19
  0.80691673053616053               22
  0.73612923654115103               24
  0.67318014304470331               18
  0.72935628001197916               20
  0.75557800043622025               21
  0.76169800048833347               22
  0.69453795477821045               23
  0.71919406283868836               23
  0.79654384033277037               19
  0.81502468116203874               18
  0.66270905515149847               17
  0.88189970682973029               17
  0.87313686433227433               17
  0.79372086523582819               21
  0.81622286770556429               19
  0.83545924248252335               20
  0.99786428485712320               21
  0.93769161306771176               16
   1.0408943962219641               19
   1.0164763524532161               22
   1.1342807550181844               27
   1.1253843423517491               26
   1.1167732096367833               16
   1.1409793259690453               15
   1.0416015826903222               20
   1.0877719713638139               17
   1.1566435860099995               18
   1.1799373378095761               18
   1.1033628737062442               19
   1.1480258784996236               21
  0.99973301130286452               18
  0.96524655152493044               19
   1.0811447520278792               18
  0.92171935971966790               18
   1.0968121510235662               19
  0.99774218381503821               20
  0.87142380863474345               23
  0.92408298040986159               25
  0.96916274055453810               22
  0.86022671198082257               21
  0.92904521699868614               21
  0.70555716016365155               18
  0.76775079406924163               18
  0.86815785252275179               21
  0.79240936692034636               18
  0.79850992113271912               19
  0.72296561652755675               22
  0.70126926611026064               23
  0.72198659912689600               23
  0.76351793454282935               23
  0.64008931626215704               21
  0.73346123841618871               19
  0.79293648394447680               22
  0.72203042212142021               21
  0.78269020383892496               19
  0.79586901612184668               23
  0.78833934560497487               21
  0.73189568399293159               21
  0.83173815074882662               21
  0.92067912823704268               18
  0.74086541943414930               21
  0.95452289126232048               25
  0.80330637496105783               18
  0.87719009975818973               15
  0.87502124989557573               17
  0.93693928847606989               21
   1.0063663856333009               20
   1.0599428199259087               23
   1.0488739562230116               21
   1.0766730670784939               23
   1.1893282521495838               26
   1.2596287539398763               19
   1.1011540422808157               26
   1.2097129732775893               14
   1.1013345194814670               21
   1.2327556299632028               26
   1.1616488832401619               16
   1.2834432645836447               19
   1.1335882773808990               18
   1.1809686665368739               19
   1.0814927969784556               18
   1.0941010119686396               19
   1.0469313293900759               17
   1.1315565799369989               23
   1.0947886094167494               17
  0.92888871659441807               21
   1.0056937098749259               21
  0.99576515504280960               21
  0.89013827896526387               20
  0.85922655374792578               21
  0.91955306143851601               21
  0.76890539286795712               16
  0.88763105515811058               21
  0.88849142404256332               20
  0.80259359278646014               21
  0.73087982370067461               21
  0.88247943194686995               23
  0.79161089105647120               23
  0.71765379475365509               23
  0.82577850529062891               24
  0.73146888866129245               22
  0.83458053842675339               21
  0.84768042861629556               21
  0.72632421221356536               18
  0.82504038743553398               22
  0.84907669798565288               24
  0.78681340901573438               20
  0.84955512364759422               20
  0.91862611335195332               24
  0.86948715724098147               21
  0.94330442047866669               19
   1.0042726772460677               22
  0.96282216419388067               19
  0.92342617324871767               18
  0.90531186778897155               15
   1.0087879825877362               19
   1.0030304532307395               22
   1.1250378166597435               25
   1.0053885756962968               21
   1.0879661995290864               26
   1.1289296716960806               28
   1.1476501602457505               27
   1.1789764958137248               21
   1.2384318526546032               19
   1.2141314929307543               23
   1.2589295950156461               27
   1.2081556428705795               14
   1.1802301382396689               20
   1.2435260194935773               21
   1.1893696365640347               26
   1.1215108840505312               22
   1.1962997682685343               27
   1.0389904578291544               19
   1.1600317252466752               23
  0.91643375865372345               23
  0.98803391656241724               21
  0.88640032251248002               17
   1.0667071071351486               17
  0.83743762769835339               20
  0.95802940923963065               23
  0.94122298454517128               24
  0.94393397890500907               24
  0.82389649886626359               18
  0.90440780646163799               20
  0.90915190677498237               18
  0.79067996207300051               20
  0.77938886502597315               22
  0.85301182529297226               21
  0.75389524582152767               22
  0.88371494180320975               21
  0.77168161395022061               22
  0.90361737885584881               18
  0.86570388253334984               15
  0.84329931867680041               21
  0.81220617389308691               18
  0.86837583601948809               16
  0.83930681622873404               19
  0.90757172716335488               20
  0.96101149871391056               20
  0.79068815742317211               20
  0.94691426660283451               20
  0.86014996355237294               20
  0.94464226557567654               18
  0.95915430324027529               25
   1.0726668048081944               20
  0.95057255811140973               17
   1.0679246575772781               23
   1.0372962297452002               21
   1.1001793123072228               21
   1.1720439751564857               30
   1.0682900837471228               23
   1.1417042645673203               27
   1.2131066929421006               28
   1.2212447018941315               21
   1.1827353765899291               26
   1.3038506421978593               18
   1.2639929417617801               20
   1.2811232146280245               23
   1.2307768585750782               16
   1.1423408439529457               20
   1.1942098771818939               21
   1.1350773201703273               21
   1.0108246797560929               20
  0.97242438211701665               18
  0.98007575603802111               22
   1.1193014233811855               15
   1.0725433818014061               15
   1.0695810688520924               21
  0.98905209783068027               17
  0.91643071768189965               19
   1.0552894843054808               15
  0.78150885699413120               17
  0.90976202084207725               21
  0.82834476764730902               19
  0.80086766487611261               25
  0.79713749469627393               22
  0.84988095112821038               19
  0.95063059832696351               17
  0.77387878852484626               23
  0.90171177235392086               21
  0.80243962262349400               20
  0.92150708353268462               16
  0.86605637514689127               24
  0.77737471395020108               20
  0.99394966791941675               15
  0.92625947709384038               16
  0.90014238839363880               19
  0.88399468365474310               21
  0.85308923381472590               22
  0.87883447765238865               21
  0.98561722486470171               21
   1.0816452518491173               21
   1.0292838192098110               23
  0.98712985975543532               18
   1.0484231370431034               21
  0.99513716211902958               20
   1.0601600086364997               20
   1.1425466276559875               21
   1.0880755652025225               23
   1.1429932795662214               22
   1.1257764778808401               25
   1.2147983577287742               22
   1.2425696324476279               19
   1.2200757683634393               23
   1.2135721286069625               25
   1.3159275570048987               20
   1.2478765079447840               20
   1.3382020697782833               18
   1.1706284946724399               22
   1.2247890912284638               25
   1.2394395095954942               17
   1.1774763403723729               22
   1.1321981156341339               19
   1.0869092662801796               20
   1.1517120321078183               14
   1.1279372378278401               16
   1.0733728723030052               15
  0.97126336456061746               21
  0.98944504245115528               19
  0.97526947834555811               22
  0.99350918649113651               18
  0.91195020095213486               21
  0.86770292739775567               19
  0.84227001372888566               22
  0.90611561884210257               21
  0.93858625124193729               17
  0.82813920046885148               18
  0.82138393765147255               25
  0.95131984292052385               18
  0.82654858303504408               24
  0.94406765412210125               15
  0.96188923260942949               15
  0.84585949741247901               20
  0.89451509211023339               20
  0.78614174995160868               20
  0.97012484930770881               14
  0.98544859844620769               15
  0.88509896477279237               22
   1.0101643099803805               13
   1.0046126102788009               18
   1.0583905776034972               14
  0.90301839805917683               23
   1.0231912391944613               21
   1.0276046465682955               20
   1.0831494651355136               17
   1.0861366868495481               22
   1.0655020259993098               23
   1.1663692452985137               17
   1.1198706584911104               25
   1.1270771625472185               17
   1.2906059155351739               17
   1.2462192499343570               21
   1.1517119078717779               27
   1.2928849380223157               19
   1.3053469498289154               19
   1.2037836972649472               25
   1.3338505829084200               19
   1.2704202383264456               21
   1.2112400829319157               23
   1.2359402772084329               17
   1.1626958858518113               17
   1.0946815713442071               17
   1.2004080054680502               17
   1.1654046939576095               16
   1.1105432992826580               17
   1.0203742653989778               19
   1.0944678249626232               14
   1.0394429493397392               20
  0.92572877821994903               21
   1.0383889989569479               17
   1.0088415780080333               18
  0.93165053390576491               21
  0.97377424693815728               15
  0.99788626162367144               15
  0.98680096432416764               17
  0.95933878052285104               14
  0.95958074167503482               17
  0.87168640213999626               19
  0.96775098616612054               16
  0.93559248955293561               16
  0.85143833587752715               16
  0.96526413542586487               18
  0.94811182450284137               16
  0.98209221603306462               14
  0.95934391129278840               14
  0.95328765891321099               14
  0.98539348206647570               16
  0.82416657946485450               20
  0.93692127999353092               23
   1.0337795132795924               15
   1.0739555382357755               13
   1.0109620939196486               14
   1.0972196673372738               15
   1.1145373887943262               18
   1.1369153193585162               16
   1.1643360471537070               16
   1.2384089972031354               18
   1.1496231311156102               23
   1.1737227124897109               17
   1.1824631080381065               22
   1.2420755566572776               23
   1.2423406172856974               18
   1.2618914377371233               21
   1.3442671780468736               13
   1.3142482587066675               16
   1.2901946352561562               21
   1.3053526160254514               21
   1.3141048566247158               16
   1.2920357502689694               19
   1.2637479727309968               21
   1.2483261429722656               24
   1.2514411143355635               22
   1.0059557934090158               19
   1.1280685837615425               21
   1.0480776100736215               20
  0.94161834280783285               21
   1.0092375975587606               18
   1.0206377293927020               19
  0.99194433703175544               20
  0.93395230922808437               23
   1.0076976106641098               20
  0.88615470185884837               22
  0.98976323360750451               18
  0.94362362643140818               21
  0.83216169764016534               21
  0.82003028472902917               18
  0.92820617190156496               18
  0.90742944429565597               20
  0.90859275703309927               16
  0.86221566123382298               20
  0.90469566165234616               20
  0.91493629441268576               20
  0.86650708353174744               18
  0.87365798863605060               22
  0.88048098732312463               17
  0.91246308150960431               20
  0.91071691235657526               20
  0.95841261487921536               17
  0.92000813377133062               20
  0.95974883108849740               19
  0.96415895019483688               22
   1.0327912229904916               19
  0.91570177142631648               22
  0.97581377226920629               20
  0.96638443627904991               21
   1.1388929171518869               19
   1.0424578336695007               19
   1.0889068315674120               20
   1.2233915266325468               21
   1.1898703648658180               28
   1.1922747546628780               20
   1.3219412456046307               14
   1.2241197852683845               21
   1.2981005510793160               17
   1.2775684286223794               18
