   1.4037055250195474               18
   1.3456589168371467               19
   1.3313444415887032               19
   1.3050351619039124               18
   1.2535069204472782               19
   1.2478933411273079               18
   1.2272714337179347               16
   1.2072740746134398               18
   1.1865384469012097               18
   1.1698075571421398               19
   1.1276122064039242               18
   1.0956226745841966               18
   1.0848452329027969               17
   1.0772202633042629               17
   1.0524862392555112               17
   1.0278969923128567               15
   1.0492222991950590               18
   1.0201935994921862               19
  0.99452814762883779               18
  0.99657350535564060               17
  0.97203677961699197               18
  0.97048177681322467               17
  0.99300408904842419               18
  0.95901659427591934               17
  0.97436618208131198               19
  0.97266514659366354               20
  0.98131456580091803               20
  0.98876601921395824               16
  0.96616773144603607               18
   1.0075967754793023               17
  0.99980649585921855               18
   1.0128942153507372               20
   1.0226321281353354               20
   1.0410641325787076               21
   1.0653201100134528               19
   1.0627352033125796               21
   1.0569069936318951               17
   1.0945531383769771               19
   1.1356870035652455               20
   1.1283483590126344               16
   1.1724689170131886               17
   1.1570098620312088               17
   1.2024036652129086               20
   1.2208761804461026               17
   1.2478243380444669               19
   1.2698857400559718               18
   1.2928113497052351               20
   1.3173204259303966               17
   1.3400897286061582               18
   1.3738946068405449               18
   1.3510682586215517               20
   1.3443353490948178               16
   1.3093940050700723               18
   1.2798386823474677               18
   1.2460406025460611               19
   1.2026684880858765               20
   1.1833408511306547               19
   1.1583523243428608               20
   1.1661185500283990               20
   1.1342082705068013               17
   1.1216332496551378               18
   1.0981831009637117               18
   1.0665578049354225               20
   1.0477163061112393               18
   1.0404785846078863               19
   1.0033955437072883               19
  0.99861230748833896               20
  0.99279876187648175               20
  0.98864315951539383               19
  0.95160416778812451               19
  0.93855366373026783               15
  0.96402173427263138               16
  0.94731318215248705               17
  0.94047229028667312               20
  0.94275121998120892               18
  0.92193361827734355               18
  0.95287190225470420               19
  0.94057484815026071               19
  0.94355421516130988               17
  0.94710720445373464               20
  0.96436090683782338               18
  0.98613386877315456               18
  0.96574300244215405               18
   1.0124599089137416               16
   1.0243055732255584               18
   1.0082586647562148               16
   1.0515315518829531               19
   1.0615936288483856               19
   1.0912960335522175               20
   1.1123624657523019               19
   1.1254418984336447               19
   1.1424427492355367               19
   1.1848824966332294               19
   1.1883730690529446               18
   1.2040432254571680               19
   1.2473970567585764               19
   1.2684763462544537               20
   1.3111333133640586               21
   1.3384753277488368               19
   1.3406971124771327               20
   1.3130892828214544               19
   1.2757747965114801               19
   1.2695762418869851               20
   1.2436804717633332               19
   1.2312008118641491               20
   1.1782868189167945               21
   1.1593027787964310               23
   1.1245290495129394               20
   1.1012194438732761               18
   1.1032014269349903               20
   1.0608277180407675               19
   1.0655974422262533               18
   1.0261179423205480               19
   1.0018483809824010               19
  0.98377496451483482               19
  0.95683766830482075               20
  0.97526946708349860               18
  0.93137465809157738               20
  0.94396220842281786               19
  0.92770124004173249               19
  0.91700227793425604               19
  0.89852005881879171               19
  0.91687221998611301               20
  0.91373888744288656               18
  0.89423580674748815               21
  0.92041651124709178               19
  0.89312027160418239               19
  0.90825181308065661               20
  0.90581827129857029               16
  0.90288985694680146               17
  0.91537620420555554               19
  0.94943421787176308               17
  0.94610177445088051               18
  0.96924862047103721               18
  0.97397893498340027               20
  0.98390636196662806               19
   1.0182073739416184               16
   1.0419550907865054               18
   1.0455729626052326               19
   1.0759223776893061               15
   1.1020026225990915               19
   1.0926973020020139               20
   1.1234867581248889               20
   1.1587209594080683               16
   1.2030391329404500               19
   1.2356908710215222               18
   1.2657982079577479               21
   1.2773952144851344               20
   1.2901609060015848               19
   1.3211188180869931               20
   1.2850584836536108               19
   1.2665435098202833               19
   1.2551215848610653               18
   1.2289532784637178               21
   1.1949431708872704               18
   1.1524191314746630               18
   1.1304045515778798               18
   1.1074287561873088               19
   1.1035262954257639               18
   1.0500412789702098               18
   1.0288014334457718               19
   1.0172785654509628               19
   1.0016643804426306               17
  0.97505154682861084               17
  0.95888087215279583               20
  0.94947587789133758               18
  0.92749674963664863               20
  0.91506396187193662               20
  0.91770132951908645               17
  0.89867929016076309               22
  0.87045462334231583               18
  0.86285735427525090               16
  0.84795910643633077               19
  0.84533076741402180               19
  0.86277100081840530               18
  0.85415518263438339               17
  0.85746800767644826               18
  0.88093505545223960               18
  0.87791581283679554               20
  0.87791052984052154               18
  0.90959695347542890               21
  0.89034120561077579               20
  0.89596188972391644               20
  0.90466522984583397               18
  0.92471404180020855               18
  0.96176434923684984               17
  0.99950270433843713               18
  0.98058745421441973               17
   1.0219985147049795               17
   1.0313896206480715               19
   1.0651084855821500               19
   1.0697592665735081               19
   1.1160126531100614               20
   1.1473068207192489               19
   1.1411676782054836               19
   1.1889191038797198               19
   1.2277129401088929               20
   1.2462103970183067               22
   1.2614976749759390               20
   1.3019049073137883               20
   1.2717097550655578               22
   1.2368284364316406               19
   1.2216064398760862               20
   1.1834021208313379               21
   1.1593897019844657               20
   1.1562169269112392               20
   1.0955589012984956               21
   1.0992536794475449               21
   1.0734669296582648               20
   1.0302325591249801               18
   1.0153913039391058               18
  0.98228867023873345               18
  0.97338026645912512               19
  0.93268360661379957               19
  0.91554034327188316               19
  0.90708290891283649               18
  0.87569016814034906               19
  0.89148531636360306               19
  0.87461452984336807               17
  0.85127274327248303               17
  0.82933363402794735               18
  0.82873953683758605               18
  0.84389806498138697               17
  0.83281397519680678               16
  0.81433250691336934               19
  0.83541916488207435               21
  0.80471038068483192               17
  0.81336669541540574               20
  0.84496895238560821               18
  0.84098273647243760               19
  0.83717761843446847               21
  0.84743925861469671               20
  0.87730592627483883               19
  0.87630241398062569               18
  0.90839734191243604               20
  0.91214961527571281               20
  0.94166978150443137               17
  0.96507067701017735               17
  0.96600210623848570               17
  0.99012377893103698               17
   1.0034226436998777               20
   1.0537028844820346               18
   1.0701384197046593               20
   1.1238579596064195               18
   1.1201312218731503               16
   1.1533521033931380               17
   1.1887644095793499               16
   1.2365861191628433               17
   1.2473157406826016               19
   1.2689574007146263               20
   1.2455705755593589               19
   1.2359738743698176               16
   1.1945331142411797               21
   1.1645598730617415               16
   1.1409577334470657               16
   1.1016936688413457               16
   1.0728640496923565               20
   1.0519538289401871               19
   1.0122783893116996               19
   1.0106397910222451               17
  0.97170900612744782               18
  0.95824884151004486               17
  0.91078619194056576               18
  0.91261397518254506               18
  0.87858782295796378               19
  0.88534089143448524               17
  0.83574699747272041               16
  0.83832903001068892               18
  0.84240034446880940               18
  0.82277746951116792               17
  0.81481648757279157               16
  0.79374398108119704               17
  0.79303916948245934               18
  0.77896333750213109               19
  0.76934977521039627               18
  0.77387419156490356               18
  0.76427043699730401               18
  0.79315736106054524               18
  0.79449650300513541               18
  0.80942174171966030               17
  0.80808073016614745               20
  0.82919923078315094               21
  0.84073051928956122               19
  0.85467673387396592               21
  0.85804288443585797               19
  0.87348154659975663               19
  0.90623880060050499               19
  0.91893021347602299               16
  0.93169103822583288               20
  0.98747592410749352               18
  0.98503740769240733               19
   1.0295105386986119               19
   1.0719639793505507               19
   1.0693225069271430               18
   1.0901961061774021               18
   1.1236016525010979               17
   1.1549342007755050               16
   1.1930114115780313               19
   1.2332669874597171               19
   1.2518244607277353               17
   1.2468859961844407               18
   1.2010218567137512               18
   1.1793421773571837               20
   1.1294337420469420               16
   1.1247069149401105               18
   1.0632702930922360               16
   1.0539359601284635               17
   1.0167155304778919               17
   1.0073947851856337               17
  0.96757848489816345               18
  0.91664639674847392               17
  0.93332342509116983               18
  0.90753406073961129               19
  0.86217912832357491               18
  0.85038414062004175               18
  0.83534611248510193               17
  0.81910286354798001               16
  0.77462846758727688               19
  0.76636419670281686               18
  0.78853615933395149               17
  0.75258901335960504               19
  0.73716608450303034               18
  0.73414059503292106               16
  0.74013068290956907               18
  0.72234799007962869               19
  0.75310525712762455               19
  0.74483946158969683               17
  0.75929412414744590               15
  0.77189613045480909               18
  0.74829958175044120               18
  0.76612783508115068               21
  0.78057576713599652               18
  0.80463084181665878               20
  0.82174969296995715               21
  0.83633094764906846               22
  0.86854100942669676               19
  0.86516799855687809               17
  0.90167864856798075               16
  0.91129196857007122               21
  0.95911367056801666               18
  0.95498786470273445               17
   1.0071908333830393               17
   1.0095541342095347               18
   1.0549364418492302               18
   1.0816377711276497               19
   1.1145369640046681               19
   1.1466616689553009               19
   1.1568276556116168               17
   1.1982244783392695               18
   1.2082987770128106               17
   1.1901021530006559               18
   1.1711739573295825               19
   1.1387575694952983               18
   1.1194572732933168               21
   1.0836140195222550               17
   1.0606137458962912               21
   1.0363340614987668               16
   1.0085608044470500               20
  0.96343167198447766               16
  0.92989639021063408               19
  0.88980180962238653               19
  0.88468480541085948               18
  0.85073403946374060               18
  0.84011010549999054               19
  0.80859469140512852               15
  0.80267733381044226               18
  0.78362230745879691               18
  0.75775485473157300               19
  0.75052176475073096               19
  0.73113185729946539               19
  0.70389031095749455               18
  0.69859060948077401               18
  0.71840038935981076               19
  0.68703637905578596               17
  0.69440094540108466               20
  0.68306789411874402               19
  0.68862253190735434               20
  0.68968258704283858               19
  0.72977366167685909               19
  0.71304506089881692               17
  0.74776017811396145               20
  0.76560351810605587               17
  0.76722136341750347               20
  0.76501306799106117               19
  0.80008729989501370               19
  0.80439449063021262               19
  0.84830931370033724               19
  0.83635343082826918               20
  0.89323293784144697               18
  0.89581556078131774               19
  0.93628748835148856               20
  0.96011639765211843               17
  0.99175666164093601               18
   1.0313636070626122               20
   1.0409971134098237               19
   1.0850184396857909               19
   1.1092225992948270               19
   1.1441897961287382               18
   1.1880595009439072               18
   1.2114108058973057               20
   1.1643978490753264               18
   1.1422365574583666               17
   1.1015036811386991               20
   1.0803224511491745               20
   1.0410390028289125               19
   1.0216504305251057               17
  0.97474217975250521               18
  0.97615036025534885               18
  0.92006187483369395               18
  0.90832256574739678               16
  0.86075414894220859               19
  0.86899948148882766               19
  0.83878133041948966               18
  0.80797611445532236               19
  0.77125075616151595               18
  0.74535359264890499               18
  0.72574558574357406               21
  0.72007713669172901               18
  0.72079610624413248               18
  0.68964805351495140               18
  0.70496625939003110               18
  0.67715760009800041               21
  0.67730375338253412               21
  0.64354057186513447               20
  0.65234294124080872               19
  0.66658158129091982               17
  0.65106157296573197               17
  0.68559964758511038               18
  0.67512115528027961               19
  0.68366722456985829               17
  0.68290390048270155               18
  0.71943020401879343               18
  0.73299036521946237               18
  0.75491086035737875               17
  0.74012036621536759               18
  0.80004888306634503               17
  0.80578739301180979               20
  0.82127288686468713               16
  0.84741823896265289               20
  0.88053125776036367               19
  0.89977991279913594               17
  0.94210258998329188               18
  0.95359947424358893               18
   1.0003057822074664               21
   1.0250535467619746               20
   1.0661300991908356               22
   1.0685236584648448               22
   1.1175708640544877               18
   1.1467690183479882               19
   1.1740101188997072               20
   1.1598891498000941               18
   1.1283345944632477               20
   1.0962912958353084               20
   1.0529310158075549               19
   1.0368607409942314               18
   1.0015399309184152               19
  0.96928822303693152               18
  0.94671843509107212               15
  0.90257020327927739               18
  0.88479316383823003               16
  0.86337036776386034               18
  0.83484409361184830               22
  0.78548879141874905               19
  0.77446981044381602               17
  0.75568245624157271               18
  0.73549245267552932               18
  0.69723206997252785               18
  0.69236693844283803               22
  0.67653823451640749               19
  0.67976465422959798               22
  0.64627459343099025               18
  0.63696933367637731               18
  0.63434986434069041               17
  0.62924645629260123               19
  0.61673689883171301               19
  0.62172011647705627               20
  0.60510658569616427               23
  0.64528861173630259               17
  0.63045315929141610               19
  0.63361151143891636               16
  0.66931531271024314               15
  0.66246100928554630               16
  0.68636296495209037               16
  0.73295183683566745               18
  0.74721623571885443               16
  0.75962902240424601               19
  0.75991907273324033               17
  0.78860813262227836               19
  0.82664292857982657               18
  0.85159177398699537               19
  0.87248792042526868               19
  0.91564640856343382               17
  0.94743286638804836               18
  0.98426228119198844               19
   1.0212677068632057               19
   1.0179024052880488               20
   1.0793504247313064               18
   1.0926807833213750               19
   1.1269686290826109               18
   1.1639529379400335               19
   1.1150647557848388               17
   1.1231563978638253               19
   1.0649059837058759               19
   1.0408432685003901               23
  0.99862525008914771               20
  0.95649390130703726               21
  0.93397397267228033               18
  0.91447837375630336               16
  0.88883396867490194               18
  0.84570081266417307               18
  0.83144493525824203               20
  0.78697938686990065               20
  0.76409427674928598               17
  0.75056835775693675               17
  0.71739971408221681               18
  0.70580456958164439               14
  0.66710825983418942               18
  0.64161151758976165               18
  0.63714191654167052               17
  0.61847178711929185               17
  0.60619301961289140               19
  0.60742966657153918               20
  0.59695415818642106               16
  0.59068179531330556               19
  0.58075501128188789               18
  0.56085641303929057               19
  0.59691072512398047               20
  0.57430039625745621               19
  0.57501006200185867               16
  0.60502745367851329               17
  0.62863137099626898               17
  0.63989847189354310               18
  0.65595895160454709               16
  0.68734579539041329               16
  0.69600692162420175               17
  0.71380377884091883               20
  0.72639012409142023               19
  0.77075582254742125               19
  0.79327085996800351               18
  0.80102952707306241               21
  0.84691104459606781               18
  0.87411357560467051               18
  0.91218002255904462               15
  0.94364549947353848               19
  0.97441697388996373               18
   1.0058992381546634               19
   1.0240397352938839               19
   1.0591880522372241               20
   1.1102736131689097               21
   1.1253195241554370               21
   1.0948048312196217               16
   1.0768437040641674               19
   1.0650913481838593               18
   1.0227590787768197               21
  0.95976710027336321               17
  0.96989926721030528               18
  0.91066750211994696               19
  0.89565896295171421               19
  0.85731951895494773               20
  0.84148400332220119               21
  0.78600460548373685               18
  0.77903377574473187               20
  0.74497119856117744               17
  0.70438200791567673               19
  0.67417732914079254               18
  0.66309290809354327               16
  0.64019505485948680               19
  0.61495565801018348               17
  0.61288969339542843               17
  0.59414598782616423               17
  0.55894971639774493               17
  0.56478847171446367               17
  0.55908721909904746               17
  0.52995011288919103               21
  0.54421440120139775               19
  0.52753619359464154               20
  0.55970806964021880               21
  0.52825675232024727               17
  0.56197864698655753               18
  0.56079162720313136               19
  0.57586944279382080               20
  0.58863639492236708               17
  0.62283985463055325               18
  0.64142774576305306               20
  0.64084170045258859               18
  0.68021990316991687               18
  0.69226975512800637               18
  0.72595854592994957               20
  0.77811756192075265               19
  0.80586549143922004               19
  0.82822553574919755               17
  0.85613410387855049               17
  0.86726808551351164               15
  0.90375373297968375               17
  0.96967692034395836               18
  0.96666540849691140               18
  0.99277894958593615               17
   1.0465013562289034               21
   1.0854602193494789               19
   1.1055698506314391               19
   1.0888374213201264               16
   1.0594791392375853               20
   1.0305314514596520               18
  0.99815051983161107               17
  0.93609807185249472               20
  0.93923597237508427               16
  0.89599623952936802               19
  0.84459121277723037               20
  0.82376034848142188               18
  0.78719820979642408               18
  0.78194168832092315               20
  0.75125812052868635               20
  0.69903703272702822               21
  0.69371578534357425               17
  0.64549409974145955               17
  0.61770814915895311               17
  0.60447871984912693               16
  0.57336093585896875               18
  0.58479099843157756               16
  0.54996858660979242               18
  0.52645940153828963               18
  0.53440730513643608               17
  0.52380142186175449               19
  0.50243450723603811               18
  0.48495228815599395               19
  0.50610428393370854               17
  0.51043416228661742               20
  0.49617402793022836               20
  0.50561992840525671               18
  0.52554588714383765               20
  0.55443259173010362               19
  0.55968596752950384               19
  0.59101961170546047               18
  0.60084839980675564               18
  0.63878405527635018               17
  0.64888805029903462               17
  0.66106923850233967               18
  0.73173006309252553               19
  0.72942090484897348               18
  0.76289664396571699               18
  0.81520418897684954               19
  0.82840296918771095               17
  0.87493340523479191               16
  0.90395910696016091               17
  0.93110588639091985               19
  0.95954533234899086               17
   1.0161316145357373               19
   1.0379802370908500               20
   1.0634593710107465               19
   1.0974612321533166               18
   1.0693897073275065               18
   1.0524979639177661               19
   1.0064775908256827               20
  0.97257385331215185               16
  0.93819287682580010               18
  0.87845694855398382               19
  0.86640783957954737               19
  0.83420850527019907               19
  0.80014231237544187               19
  0.78758764131567960               17
  0.73688965947170992               20
  0.69876639699809562               19
  0.65670922717296853               19
  0.65957758727452254               17
  0.63267059950561488               21
  0.60171258991184617               18
  0.57010628035175481               17
  0.54699772579879558               19
  0.52963051457197208               16
  0.50856435199982830               17
  0.49530055622127389               16
  0.47764588551741854               19
  0.46770042584771360               18
  0.45609784009675919               19
  0.47855684153275879               20
  0.46615671134459397               17
  0.47525279108198493               17
  0.47349954724499704               21
  0.47198380984471694               17
  0.49678128690817724               19
  0.52251090600357264               16
  0.53214085397662458               18
  0.54627748254041364               18
  0.57507898708212390               20
  0.60412236363770611               17
  0.64839550073465335               19
  0.66236561205096156               19
  0.69192799497068125               20
  0.72486115232181225               18
  0.75244017015100484               19
  0.76070423045199853               17
  0.79576936774839913               17
  0.85312208521792188               17
  0.84985460245658706               18
  0.89167244231418397               16
  0.93660425232815303               17
  0.98046021798406413               17
   1.0020805218671516               17
   1.0616165453731849               16
   1.0949993887328495               20
   1.0364943197787257               17
   1.0351122097780874               19
  0.99552816498941776               19
  0.94993128530985815               17
  0.92062459611375869               18
  0.87145926024496345               17
  0.83870310618609278               19
  0.82930001099734063               20
  0.76715551446599950               19
  0.77182560334659411               19
  0.73494930807654224               19
  0.68974793683656110               16
  0.64734348923688367               19
  0.62857381195337736               18
  0.60936422450787475               19
  0.55922254692608875               19
  0.54454821060152236               18
  0.49314808122197934               20
  0.50066220331564726               16
  0.49640662417178161               17
  0.47623437041459399               17
  0.44108564147899965               17
  0.43687977185748694               17
  0.44542793016587179               16
  0.40536631971886838               20
  0.41977133607344519               19
  0.42337441107059609               22
  0.41838636623845010               18
  0.44227952820728861               19
  0.44709307748382721               19
  0.48239574602889840               19
  0.49769174061864607               19
  0.50915801351388112               15
  0.53500039733468108               18
  0.55453398403494614               17
  0.61035385282874866               17
  0.62114657288711461               17
  0.64638714615554516               19
  0.68083741099786976               19
  0.72686688028106483               20
  0.73773206275005199               17
  0.77939215546530805               19
  0.79922193619621917               17
  0.85172990818009287               19
  0.88609256523239799               19
  0.91016494146647675               17
  0.96425717893211460               18
   1.0100199160961667               18
   1.0186223333050259               18
   1.0528756003963480               18
   1.0588286131632649               21
   1.0234799990693639               19
  0.99200345374771837               19
  0.94320614226424149               18
  0.90790735166987102               17
  0.88120539008986731               20
  0.83018999334429067               20
  0.80830760730558082               21
  0.76058691843070803               18
  0.74215010395384851               18
  0.68704929822366934               14
  0.65546081124018529               15
  0.64091726206463762               21
  0.59143941016247925               20
  0.56812333605562382               21
  0.53837023358476122               19
  0.52759241753317943               18
  0.49417702838363936               16
  0.46203737556491964               21
  0.42045766068157359               16
  0.41658540503419272               18
  0.38701510263109101               19
  0.38075089219027913               20
  0.36676853278973842               20
  0.38763236729486727               17
  0.37068640534864800               16
  0.37842521566201826               20
  0.38679386869393817               20
  0.41952007354519660               22
  0.40127275989608463               18
  0.42538841511536846               18
  0.47716908405502539               16
  0.47125630443924393               18
  0.50139053246228815               17
  0.53583955388850457               16
  0.57278750406223122               16
  0.62035956301666229               17
  0.63173267332937111               18
  0.68396839516860919               21
  0.68283446974925543               20
  0.73992093683914306               19
  0.74171046681375574               20
  0.80211850661784023               20
  0.80820639953604989               20
  0.84405050647766167               20
  0.89527124045676298               19
  0.94344661651145856               16
  0.99094762315469853               16
   1.0342612774338473               17
   1.0580153428164973               20
   1.0245861506608662               19
  0.99490396610160547               20
  0.96910845867503703               20
  0.93522322246925416               16
  0.89552755395021866               21
  0.84495218921643211               18
  0.81073848833751094               19
  0.77847063403520678               17
  0.73555524884310242               17
  0.71821439600770853               17
  0.67616963228302784               18
  0.61686896831272264               17
  0.58927129667028644               18
  0.57750872910043438               18
  0.54347791882521024               17
  0.51432590664024169               20
  0.48947009367733235               18
  0.46385461985447934               18
  0.40991402827241347               18
  0.38531735818031443               19
  0.37728638483672350               19
  0.37914361076312020               19
  0.34687577126374020               19
  0.34431283765321130               16
  0.35580670723779451               16
  0.35853531058540850               16
  0.34958137714124027               20
  0.35720139014451019               18
  0.36441706787086814               19
  0.38591709847111605               14
  0.42456217554366615               18
  0.42640820561350379               16
  0.45634887480586661               19
  0.48798102417392836               17
  0.50803718189886826               19
  0.52718665895775962               19
  0.57170631845620912               18
  0.59826795384821718               19
  0.64761203105085152               18
  0.67342697529609463               19
  0.69198845363372863               17
  0.73451363632509947               18
  0.77771287844098269               20
  0.82544017333434672               20
  0.84809589827229193               20
  0.89225976797080220               18
  0.91638072628977896               20
  0.96903917027138520               18
   1.0003304266400990               19
   1.0431113942843064               18
   1.0319283870926930               19
  0.99287611087524241               19
  0.96150651325480774               18
  0.90012116352137661               16
  0.85346651063271561               16
  0.82178033981071108               18
  0.80515935875970368               17
  0.75384563091359669               20
  0.72792274049001948               18
  0.67689105752062717               17
  0.66138872753618838               21
  0.60047106203071321               16
  0.56771616630035582               19
  0.53939272958861262               20
  0.52915315921547590               18
  0.49123741332459347               19
  0.43944231890828689               17
  0.42834762545911542               17
  0.38473840922271063               17
  0.38312241125226010               20
  0.32292653482316408               18
  0.33529141378403893               23
  0.33126057183984187               17
  0.29613353899609213               18
  0.31205271403670998               20
  0.31232815201015429               18
  0.31569852436629769               18
  0.30636733725422882               17
  0.35142347046378236               22
  0.35136767857380735               19
  0.37668518235543375               20
  0.38229384279161888               18
  0.41745098590819502               18
  0.44929811225423782               23
  0.49217825118139991               17
  0.52225315466888633               17
  0.55913381162851683               17
  0.59512341527310486               18
  0.62241508315791094               18
  0.66405447944861784               19
  0.69097097359134763               21
  0.73113538018294721               19
  0.76554547233021120               20
  0.81272317654720494               21
  0.82633768937833718               21
  0.85180513757715015               19
  0.89510579881719976               20
  0.95385883938402105               20
  0.99467521314743335               17
   1.0375982819048839               20
   1.0008865996177350               17
  0.99521024841059202               17
  0.92398990451054841               17
  0.89035974135945328               15
  0.86540389608222690               16
  0.83041986337505114               17
  0.76229074294256560               18
  0.73545564701089627               20
  0.69773120225121876               19
  0.67409780317210644               18
  0.64478437352739337               17
  0.57943824358566354               19
  0.53851891613876557               16
  0.52026108555023975               19
  0.50284638426043804               20
  0.44647070751422391               17
  0.42108909017424639               18
  0.39519208181013438               20
  0.35585389801532730               21
  0.33911206009503098               19
  0.32169396316384335               19
  0.29214504697471333               22
  0.28894315477948807               21
  0.25435650173945756               18
  0.24380456982713747               16
  0.24377930101708198               17
  0.27544267146501800               17
  0.26169895134464033               16
  0.29765997424161311               17
  0.29543639479589984               21
  0.31559262419570699               20
  0.36629158471683315               17
  0.39270742368870581               17
  0.44529578002452030               21
  0.45210889448758423               21
  0.48277186960134461               19
  0.52076618797599972               19
  0.55340246117501879               17
  0.60672234226538979               18
  0.64877966854708391               18
  0.68152212051538696               17
  0.71039944345867623               18
  0.74953355679939382               19
  0.78336588691582210               18
  0.83772470585108272               21
  0.87030636080022750               21
  0.91144190798760416               21
  0.93389051937438261               18
  0.97148154553897204               19
   1.0011316522490046               18
  0.98736135422165905               16
  0.96204330829822815               19
  0.91494345502019114               20
  0.89571292237050260               17
  0.83434199191240788               20
  0.79942899674445445               16
  0.78772634485788018               17
  0.74750601973103281               17
  0.69072082505350529               20
  0.66429276815743388               16
  0.60830118304769187               20
  0.59782945581598501               20
  0.54301002578534530               19
  0.52011931548300683               20
  0.49275023618627173               17
  0.44708836354277648               18
  0.40113423541217824               16
  0.39309263448181536               18
  0.34245486752181459               16
  0.31352084038311012               19
  0.29084809655470834               19
  0.27060031148227637               20
  0.24879898119245594               19
  0.23164176642551346               17
  0.20600210659759619               19
  0.23212282827715619               17
  0.22337343383839608               18
  0.23473112991036804               20
  0.27040737574982882               18
  0.28389847007657126               17
  0.30097965150982020               19
  0.36170765458270870               19
  0.36767418726050022               21
  0.40819953946032800               22
  0.42888218697363822               22
  0.48681123114430003               20
  0.51986556975362941               20
  0.56662405639582347               19
  0.59749870335757937               19
  0.63711461688111337               20
  0.66913182168842256               18
  0.68237981275609627               17
  0.71492406409288378               17
  0.78424520991595326               17
  0.81683415866298137               18
  0.83045194377113651               20
  0.89583481091545292               21
  0.91180536562462033               21
  0.96889020541598048               20
  0.99007005582787877               19
  0.98190133152864101               16
  0.96298736619844105               19
  0.92585306280856183               16
  0.88080254450320516               19
  0.83314396398462598               21
  0.80971586025972875               16
  0.76030459626138880               15
  0.71221170250339927               19
  0.67271827819424657               20
  0.64084792598922569               20
  0.62044832799440819               20
  0.56658260803311233               20
  0.51442202628667966               20
  0.48923602365670127               18
  0.43546658023456847               20
  0.43529043328918832               17
  0.38748911832981853               19
  0.34678123532781269               18
  0.32264760249968388               18
  0.28732142801877969               16
  0.26624212551910698               18
  0.21084443120056534               18
  0.20890377262415541               21
  0.20228447509616185               20
  0.19761464320682032               17
  0.19496440880859733               19
  0.16897819915616552               22
  0.19891634868048969               19
  0.22873625141095610               18
  0.24854418881948567               20
  0.28400052154138533               20
  0.32404437325269203               21
  0.34269116513656667               20
  0.39089422923487510               22
  0.42611122266233165               21
  0.46065673405827223               19
  0.49954954684340225               16
  0.52439859637117203               18
  0.55060863476447119               18
  0.58999191243214910               20
  0.64973539102271116               21
  0.68246733039628460               20
  0.72234104528234711               17
  0.77807146018140882               17
  0.81947250303052677               19
  0.84822584466307427               20
  0.88015409338300676               19
  0.92387118727263384               18
  0.97122555160299340               18
   1.0023265934099657               17
  0.98514634472360463               17
  0.96759581337194389               18
  0.89899384168797858               21
  0.87223132351260735               19
  0.84297968569824111               19
  0.79578561150227944               19
  0.76029591087458903               19
  0.70223364721648762               18
  0.65490463621452688               18
  0.62724835722306660               19
  0.57980297455209240               18
  0.55280551073032380               19
  0.50328626995309100               18
  0.49569799828251598               18
  0.44648587159880260               17
  0.40071199434078336               16
  0.38799405094238332               19
  0.33199308085782658               18
  0.28300998559210133               17
  0.24712459221712008               20
  0.23227386775185163               19
  0.19671079232781824               18
  0.19692852756704765               19
  0.13776586599675283               19
  0.14073009052197114               20
  0.12604052836147914               18
  0.15163732243446509               20
  0.16397067807350349               21
  0.19165948142156244               20
  0.24750650452544073               22
  0.27631555496323240               18
  0.31585275056799278               22
  0.34910392361130710               20
  0.37268070446084217               19
  0.41564238685004634               20
  0.43215548018958666               19
  0.49400918299912372               20
  0.50351395192395187               20
  0.56766376954152620               19
  0.60443251518694829               18
  0.62869441332564968               18
  0.65165456531609967               18
  0.70106649759627304               19
  0.73758353355902084               18
  0.77318178786504699               18
  0.82302004848297727               18
  0.86834279290416472               18
  0.92162007634638710               18
  0.95565417208999004               18
  0.97337652988653856               15
  0.95879084094607880               19
  0.94136124095809026               19
  0.91023653573060315               22
  0.88880037470196127               18
  0.83427093437228006               18
  0.78497998364327559               18
  0.75826648663085550               19
  0.72196413525460545               20
  0.66021640673956838               16
  0.62889289940429238               20
  0.60429479374093986               18
  0.56039813363737079               21
  0.53163647897397581               16
  0.47785559704524022               20
  0.44011198546842795               22
  0.39893898202672351               16
  0.34176217386716096               17
  0.30342855231984545               16
  0.26641195556504332               18
  0.22281587715776432               16
  0.19961884955562434               17
  0.16696076995218223               19
  0.14447836581229187               18
  0.14074375875631359               18
  0.11234738120712785               21
  0.10075562948163654               18
  0.11291347845415031               21
  0.15359145706507332               19
  0.14520387403878418               15
  0.20416488188413803               19
  0.25130617552955897               19
  0.27627454832668075               21
  0.30779552796975446               17
  0.34338794509327097               19
  0.40979557653973353               18
  0.44024829788316994               16
  0.48390749620680540               18
  0.50348934487778041               16
  0.55571415537591695               17
  0.60322201167924938               19
  0.62262385522766894               22
  0.66010347705658901               18
  0.70692788128741668               18
  0.76415393928022035               17
  0.78612956287980318               16
  0.82372986392638836               20
  0.88223255735067829               16
  0.90717128531463243               19
  0.95236796944245683               19
  0.99198608760242268               19
  0.97715159117468176               19
  0.92346556589060114               20
  0.90399292649928731               19
  0.84998379035356519               21
  0.83824074369578683               20
  0.77114915493443559               17
  0.73073291822426856               16
  0.71028115703746753               20
  0.67564741390948824               14
  0.64264665551661782               17
  0.57500719617196416               17
  0.55946147689568648               16
  0.48651829954578574               20
  0.45812394050185556               18
  0.42461420339330125               19
  0.39472673914629319               17
  0.35643522607049222               17
  0.29032860143187766               18
  0.28030780499310098               18
  0.24481008103116600               16
  0.18425994555740091               19
  0.15312262619161907               19
   9.4068577183947094E-002          16
  0.10613225585487739               18
   6.1175693051652456E-002          19
   8.5553189803178720E-002          20
   9.8684979879769222E-002          21
  0.12137052695730048               19
  0.15595896512929705               17
  0.19611780193152337               20
  0.23777203033092234               17
  0.26526062952861651               19
  0.31954645800952547               20
  0.33925813405796895               18
  0.38867471517859153               17
  0.42544211903009527               17
  0.44605868001168186               17
  0.51270451961036800               18
  0.53812741641850026               17
  0.57435068698127456               20
  0.61779540910325070               16
  0.64886891885719644               18
  0.70499753948085064               22
  0.74986119222609426               19
  0.79479486361849772               20
  0.82515175752802739               18
  0.87276244921070922               16
  0.88791559387081909               19
  0.94372339637348734               19
  0.97788538233133326               17
  0.96216120154852558               20
  0.94659352907831773               19
  0.91621614337640755               20
  0.87281025450664151               20
  0.82660111287216032               20
  0.76802297028773125               16
  0.75571940330663379               17
  0.70935983362301602               19
  0.66956048309694360               18
  0.62062977650626328               21
  0.56110849544441110               17
  0.52210286153414032               17
  0.50965025347190041               17
  0.45384572727506695               17
  0.43182587921122412               18
  0.39817617524766630               18
  0.36066900086742892               18
  0.31463965714701814               19
  0.24702437091211588               18
  0.22939094782663005               18
  0.18351700632794354               19
  0.13473779321330620               20
  0.11944897584794284               15
   7.9320194084626774E-002          18
   3.1128936497905383E-002          21
   4.4650749244221161E-002          18
   4.4557256218837049E-002          19
  0.11124466755270135               19
  0.14373257962895239               18
  0.19760928001624423               21
  0.21602663872895636               17
  0.26389741011002987               19
  0.32122679606162446               16
  0.34912897887101901               20
  0.36667185347262243               18
  0.42602993626061952               19
  0.44204504329375321               18
  0.48694453864777415               20
  0.54086321653756197               19
  0.58051247292921615               16
  0.61578441918326399               16
  0.66566325230339607               19
  0.71792155063991514               16
  0.72060081062034420               18
  0.77959103885847658               18
  0.81587665021137623               18
  0.86170520017901475               18
  0.89616469768927309               20
  0.95714352525331869               21
  0.98215249133651417               17
  0.96064190805164007               20
  0.93417566338861746               21
  0.88426243898858559               19
  0.87759051962358348               21
  0.82188247267339531               17
  0.79942980071778669               19
  0.73534355089413239               18
  0.69617784760401435               15
  0.66171300639733555               17
  0.60965470662887145               17
  0.56922800314300814               16
  0.54675819511581647               18
  0.48201917980331382               19
  0.47486652220131648               19
  0.42568551974261920               21
  0.37681390074324811               20
  0.33826373029552143               17
  0.31793974055208496               17
  0.25052730542169338               18
  0.22269640400861962               18
  0.19138737605930428               20
  0.15039025355672714               19
   9.4309628720613214E-002          17
   7.8484087467659919E-002          17
   1.9282314477557416E-002          18
   4.1158323995151840E-002          17
   4.2931829280093654E-002          17
  0.12455316691436749               20
  0.11930500737546154               21
  0.16543238876383681               17
  0.20806422246486234               21
  0.27710164786242142               20
  0.29145134543144879               20
  0.32488796865724145               17
  0.37937370820761201               16
  0.41835151128950443               19
  0.47861044808621639               17
  0.50141391032375138               17
  0.54895032314133829               19
  0.57714970165444723               20
  0.63244979638990195               19
  0.67849836651187623               18
  0.70748907706921593               17
  0.72557116599511517               19
  0.76254405852030593               20
  0.82019199560762424               19
  0.85499232732137398               20
  0.90694043296397919               19
  0.92636566655470953               19
  0.97560744700523416               17
  0.98311139688080429               16
  0.93860431170747294               21
  0.88302716222352107               19
  0.84854339375841104               18
  0.80573412345011797               21
  0.79824887390378618               19
  0.72474814992694281               19
  0.71988671335343069               17
  0.66178733820724867               17
  0.63359447968776983               19
  0.58504465482830881               18
  0.56188269074324726               18
  0.50752514533736981               22
  0.44592016479385532               18
  0.44381124255300802               19
  0.38025706454115177               19
  0.34792147955477215               17
  0.30367483362598974               18
  0.27328303137832749               19
  0.21095056636226281               18
  0.19816616886107516               19
  0.14068478865856235               18
  0.13554159327468496               22
   9.6155505557033033E-002          17
   4.9349103561875239E-002          20
   5.7092840616089130E-002          17
   6.9371255063214080E-002          19
  0.12151120615041050               19
  0.16446291755536330               19
  0.19776336699208091               19
  0.23192646438315992               19
  0.25010673338652534               18
  0.28784319218597482               18
  0.35566311421361385               18
  0.37718737788886153               17
  0.42771697837071798               18
  0.48106843087087120               17
  0.50231415132517820               21
  0.53381105460484546               16
  0.58805645816826602               16
  0.61633763971616740               16
  0.64423711958462837               20
  0.69240639873036791               20
  0.73366510163215093               20
  0.77201725713089753               17
  0.80593312884509682               19
  0.86100360855934288               18
  0.89717713328526860               21
  0.93452175696133621               18
  0.98725029370862749               20
  0.96201802222479627               19
  0.96214034420732975               19
  0.90662610694707724               17
  0.87942248464804551               21
  0.81975675103764056               19
  0.77863728253417408               21
  0.73478462765889396               19
  0.71680447409723458               17
  0.68476124756539480               17
  0.60961506372057650               16
  0.57115468500147948               17
  0.52851529198648384               20
  0.50109045676692510               20
  0.47098609391526142               18
  0.44661331063667126               19
  0.39198829443147054               21
  0.35534805375928885               18
  0.31959135587131460               19
  0.26122588894354798               19
  0.23456189724787163               16
  0.20987903310533987               19
  0.18596357023081059               22
  0.15184685846862883               18
  0.10716168269813534               20
   9.1847347399929946E-002          19
  0.11231673131321575               16
   9.9101800963196790E-002          18
  0.14604739093963362               19
  0.16768360101827695               21
  0.20103593769796482               19
  0.22369941952651354               20
  0.28545796040143873               17
  0.31602307981691857               21
  0.34625319534148336               17
  0.38512757554890625               16
  0.43566064108919833               20
  0.48997916642294953               18
  0.52937423702951469               18
  0.56175215756086849               18
  0.56837943871102192               19
  0.63429986726457710               17
  0.68880255814638436               17
  0.71521655916077120               17
  0.76250883016050852               21
  0.80240140366643087               18
  0.82005317624708451               18
  0.85626468562203129               19
  0.89699406212652821               21
  0.93320286592536428               20
  0.96103147286624702               19
  0.99822317726513254               19
  0.96021490275122079               19
  0.92492271268742132               18
  0.86876413620738990               18
  0.82756878347403695               18
  0.78663117624718804               20
  0.75826077581739271               17
  0.69426593226646927               21
  0.67253836809913725               18
  0.62908138364168131               19
  0.58801189627225381               18
  0.54548668105936160               18
  0.53777123274673566               19
  0.46969631533834710               18
  0.43540053793646971               17
  0.38903831628184538               16
  0.36833585797103485               17
  0.34289080293386365               18
  0.28959320271926914               16
  0.25349605809957326               17
  0.23744106595164824               20
  0.19278307363666905               20
  0.16487514799128383               18
  0.13639572758189125               18
  0.14964948626194813               16
  0.12970515880286229               19
  0.13439680419726849               16
  0.15254371682285509               19
  0.21771901124617643               18
  0.22297018528627183               19
  0.25509844223269451               21
  0.30413133711293233               20
  0.31300606667114916               18
  0.36575299929375149               18
  0.39738701161094653               20
  0.45549184671866622               19
  0.46454668420060619               16
  0.50391397283328365               18
  0.57503368109760555               18
  0.60350764282208214               17
  0.61951902476331122               21
  0.65947774560817563               18
  0.70722808207793486               21
  0.75097524747263245               20
  0.79662661964973691               19
  0.83933529502592441               19
  0.86016433642677925               18
  0.92581554226165530               18
  0.96702132881989533               19
  0.98263098434793827               19
  0.98523207227333331               18
  0.97306420434130358               17
  0.92944505938480648               19
  0.85774431117451488               19
  0.85315268966145397               19
  0.80953940811998892               17
  0.76740304230403888               19
  0.71586024766766010               18
  0.69320769155572981               18
  0.65244791319736728               17
  0.60723833708945152               19
  0.56608994641567223               18
  0.54531479675538597               18
  0.49661131398452618               18
  0.45163523337446193               16
  0.39887892833721206               16
  0.39816440550560572               15
  0.36094044840023415               17
  0.29894076315180629               19
  0.27943011612477758               19
  0.24492653725096195               20
  0.24127843021075213               19
  0.18747407635897739               20
  0.18447183369104750               20
  0.19154881468454574               17
  0.17917108983368393               18
  0.20560813053713697               18
  0.18682166227339816               17
  0.23742803431953646               17
  0.23378243857790906               21
  0.28404473658517904               19
  0.31474752148304685               17
  0.34504797979826396               18
  0.39060686814195189               21
  0.41406063918583452               17
  0.47298579910093097               19
  0.49882422159134671               16
  0.51545499022785668               16
  0.56598727170599927               18
  0.61961971914945890               18
  0.64177879770658086               20
  0.67050846254928143               18
  0.73762309040197149               18
  0.77317258190821192               16
  0.80349918369777595               17
  0.82305543819538529               17
  0.89002116563828593               18
  0.93141340060967448               16
  0.94102922259402644               17
  0.98789331020529514               19
   1.0090766114000786               21
  0.97792869895949064               21
  0.94701469527102544               19
  0.89130880157023384               18
  0.86629355348396420               17
  0.81657317397031914               17
  0.75319458665570116               16
  0.73014192689078616               15
  0.68261241234205272               18
  0.65488769699314520               17
  0.62512585114771890               20
  0.56183694882793300               17
  0.55936178603598008               18
  0.52148230357751779               19
  0.48397145207516312               17
  0.45234974626250685               18
  0.40123019020714279               16
  0.38122302014213466               17
  0.34850776614626694               16
  0.31610403968699413               17
  0.28066077307478288               15
  0.24454469532150749               17
  0.25671016314570078               15
  0.22881992323347375               17
  0.20156332033369356               19
  0.22267598870659566               16
  0.22266793693458201               18
  0.24079565543013320               17
  0.25389233095924685               17
  0.28081615778183472               17
  0.31373396710030604               18
  0.35458387422258364               18
  0.34773160189022861               21
  0.41504134750241511               17
  0.43752915667638570               18
  0.47205315549994381               21
  0.49313205678010452               18
  0.53844769644726242               19
  0.59264792878129746               20
  0.61842285322194757               19
  0.66588041648454910               18
  0.68854450884736573               17
  0.72513089191393743               18
  0.78648880217268835               18
  0.79648142044889736               19
  0.85718116078746864               18
  0.88832563121236874               17
  0.94167546613631037               20
  0.98663919062209149               19
  0.98878832168839803               20
   1.0228394251262882               18
  0.96895655568930417               20
  0.92244200559085843               18
  0.89685436538329577               19
  0.86250863412373024               15
  0.81604987873642565               17
  0.79436302343338860               16
  0.76095016823176675               19
  0.72312861010183649               18
  0.67465421612674337               17
  0.64393111318758134               19
  0.61101054586002912               19
  0.54976936009570432               19
  0.51861051377412681               19
  0.49240990625334297               17
  0.48232380981445955               17
  0.44447350355234255               19
  0.41650624952063514               16
  0.37781513856709131               19
  0.33430185968693832               18
  0.32791254650603074               20
  0.27768881001375528               20
  0.28071386843239715               17
  0.28722523380806297               18
  0.27076962538729193               17
  0.26062978916979951               22
  0.24697146679342671               19
  0.29626913849192282               18
  0.29367224692134103               16
  0.31407917485194792               17
  0.32530024604489693               17
  0.35717298558504151               17
  0.38624446756229175               16
  0.43189767138653956               18
  0.45100454231257681               16
  0.48980777461387293               18
  0.51746218663401444               17
  0.55475819455414555               18
  0.61118837320567476               19
  0.63715647862195823               19
  0.65765988318880442               18
  0.69521619825572656               17
  0.73554627412614038               18
  0.78533003415726588               18
  0.83575073141610445               15
  0.86357230576003174               18
  0.91738571299246086               20
  0.94681876766692696               19
  0.95806441466739367               18
   1.0019382484421273               19
   1.0151568803232749               18
  0.96663724494720948               17
  0.95890638176179399               21
  0.91138868617799507               19
  0.89682142788784613               21
  0.85134728194159170               16
  0.80226634855266965               16
  0.76999674885925962               16
  0.73267631382066689               19
  0.71265070425943722               18
  0.63221189344422435               17
  0.62913026867116484               17
  0.60262674306100705               16
  0.54983824450507435               16
  0.50700393303562652               15
  0.48138040724696801               18
  0.45882323471263597               17
  0.41777475315140594               19
  0.37921159104176438               16
  0.37955485025949870               18
  0.35984253388249970               21
  0.34422540844276045               20
  0.32698721160026256               17
  0.31271114944814365               19
  0.29655305772629775               20
  0.31414678955295394               19
  0.30838789534842709               21
  0.31836329067577623               19
  0.33959693496544846               15
  0.34771148351563974               19
  0.39035063634103162               18
  0.39945608996527326               16
  0.43278692895829002               16
  0.42901402496678942               19
  0.50081576922246440               18
  0.50978434461702082               21
  0.55620962657315642               18
  0.59479758395829074               18
  0.60559768751694565               19
  0.65613712021840409               18
  0.67657491342793019               20
  0.72472055179100392               19
  0.75884131324138093               14
  0.80664973871331547               19
  0.84328179932858194               17
  0.85336146160972559               17
  0.91383915296880602               20
  0.96080351799772667               18
  0.98220353172015584               19
   1.0227385155777446               18
   1.0294260561736883               20
   1.0030971372286763               20
  0.97535291930881773               23
  0.93082445601912989               19
  0.89796370609398157               18
  0.83082260319795687               15
  0.81051307552048069               16
  0.77559975800742531               18
  0.73743963715058392               16
  0.70192311829157084               20
  0.69314237128970568               20
  0.64590004032828963               17
  0.60271268390459998               17
  0.58198531296280809               17
  0.53489083318516972               20
  0.53043951384923194               21
  0.48953109742187756               18
  0.45970220496624076               19
  0.41614972003647122               19
  0.40987973388933668               19
  0.37123777989793472               17
  0.36237280709992775               19
  0.36100406988647432               17
  0.35863570740630207               17
  0.32223009090223398               20
  0.35544832512751223               18
  0.34577405626143504               18
  0.33504855362617608               18
  0.36034293136746504               17
  0.38090467906586789               20
  0.41920536667378444               15
  0.43169326596574370               16
  0.45337694830130831               16
  0.49039469797303964               17
  0.51862725108782470               20
  0.53606130149207065               16
  0.59210837209435041               20
  0.59376071079417214               16
  0.63882120767259876               16
  0.67909490009243223               20
  0.69204980159733365               18
  0.74292390974235545               17
  0.78889598794645166               16
  0.82225758129947735               17
  0.84363110507320715               18
  0.90789940750271958               19
  0.91812418969454812               18
  0.94491725562618312               18
  0.99999250586286303               21
   1.0137394335282619               18
   1.0436767643034641               19
   1.0070095371290271               20
  0.96626143828650679               19
  0.92917132579918005               18
  0.91016497606945357               17
  0.88350118449884496               20
  0.81547839587740234               17
  0.79389114117391668               21
  0.76093545433425636               21
  0.71374331259007306               18
  0.68467790877037982               17
  0.65939632582731378               19
  0.62452500361282293               18
  0.59087684256478767               18
  0.57013166069545518               19
  0.55171033710322748               17
  0.52619069965204268               19
  0.49590361543506950               20
  0.46771009276303199               18
  0.44806733544942784               20
  0.42910407939129280               19
  0.41186245063290144               21
  0.37409973991541307               18
  0.37911977899106675               17
  0.38668714310617208               20
  0.37522061016877095               19
  0.38841461849681280               18
  0.39556937873428394               23
  0.42698153164034214               20
  0.41776638913927727               19
  0.42322149302823353               20
  0.46146988398716654               18
  0.46819315690351987               17
  0.52454236201027793               17
  0.54704695876754972               17
  0.56493748772088503               20
  0.59068767585609472               18
  0.63859465040894825               18
  0.66653714240796669               18
  0.70661278520082771               18
  0.71041929768369094               17
  0.76371233050027143               18
  0.78901299493407129               19
  0.83375271247950167               17
  0.87197636618964602               19
  0.88309978931373567               20
  0.92793563492522912               18
  0.96987186153468141               21
   1.0004612607375616               20
   1.0392857628969372               16
   1.0487030987450348               18
   1.0285846413157826               19
  0.96899853847565554               23
  0.96300814324755646               22
  0.92802037211204280               16
  0.87370179398880565               18
  0.85000720428050280               16
  0.83223849626348967               18
  0.78787384801489813               18
  0.74829755484007243               20
  0.71468278027116094               19
  0.69461180220310348               17
  0.64705366946564147               18
  0.60718437887411780               18
  0.60195604902262756               19
  0.57581475020866391               20
  0.55269805160259167               19
  0.51373157491417309               18
  0.47293698276819696               18
  0.47348206516242219               18
  0.44927053107182030               18
  0.44346867988957611               18
  0.42951282984007844               18
  0.41609491273270049               16
  0.43824097546977736               16
  0.40754645270726797               21
  0.41226975560035256               16
  0.44902731096129572               17
  0.43700120815432864               17
  0.46785439578275378               19
  0.47944988633983454               17
  0.48899440919563059               20
  0.53854574964811230               22
  0.54246155649085237               17
  0.56959998186616279               19
  0.58315613676855982               18
  0.64371128284519763               20
  0.64117513188311115               19
  0.67132875826604366               20
  0.73666293271819472               18
  0.73738468210620356               18
  0.76077884558259934               20
  0.82148688583877616               16
  0.85053961656872445               15
  0.87704808451969352               18
  0.91779785729834606               20
  0.96259960323676075               20
  0.99254551257135515               20
   1.0238496183037513               18
   1.0613053905450505               20
   1.0621934047480464               17
   1.0504335214743798               18
  0.99348918303233003               21
  0.96460773454281101               16
  0.95778706411610104               18
  0.89736804333540543               17
  0.85640371252911951               18
  0.83312707431010191               19
  0.81810179277029149               19
  0.77624168413261474               18
  0.73766007714481341               19
  0.69729788343636301               18
  0.66121350271066126               18
  0.65090518744938652               20
  0.60709445737434620               20
  0.58085102077614126               19
  0.58352190231437828               18
  0.55933146624441321               19
  0.52543506449775479               20
  0.49687795766918791               20
  0.49096878707488883               21
  0.47051941384467399               15
  0.49109154207384059               19
  0.44745083501959620               17
  0.47335274683759831               16
  0.47365119516321741               19
  0.48325069422564765               17
  0.46263907829720263               19
  0.46920555553200033               18
  0.47757135445705473               17
  0.50113144071816806               22
  0.54154522439392627               17
  0.56032062476374889               19
  0.57758645245980234               21
  0.58874350328978253               19
  0.62286876305729411               20
  0.62596775743529076               20
  0.68968162320679849               17
  0.71624408497600633               20
  0.72606845132364373               23
  0.77096551723019846               17
  0.80937702877515427               18
  0.83738887404713691               14
  0.86646593779116121               17
  0.91492202512248999               18
  0.94695127737322060               17
  0.96573431864624859               17
   1.0218237593240629               17
   1.0514676003924808               19
   1.0614411892005133               16
   1.0818249837625458               19
   1.0638745421034410               19
   1.0255010162115048               19
   1.0121172116712938               18
  0.95762593546643227               18
  0.93386788392314002               18
  0.89873152420031410               19
  0.87962756298054356               19
  0.83762873343452948               20
  0.79376809982983110               20
  0.76107082263249282               19
  0.75981071831639546               19
  0.72088310957849799               19
  0.69993545159989201               17
  0.66740951050162345               21
  0.61065252105052015               17
  0.61488048535447426               18
  0.57827572027122098               17
  0.57422663364321669               18
  0.56778994434985763               17
  0.51276881959663001               20
  0.52634563640519350               17
  0.50985471662198700               19
  0.51145349957194319               17
  0.49112146611669838               18
  0.49904618592907257               16
  0.51834920753052727               17
  0.53172120650530708               17
  0.52088787601720599               19
  0.53463735924025280               18
  0.53348938802096257               21
  0.57198106671873683               21
  0.58805323659994724               18
  0.62180044138540080               20
  0.63091378952687560               17
  0.64069824632495820               17
  0.67842430882804261               17
  0.69607645459023204               18
  0.72563152892906979               18
  0.76527673611444313               20
  0.78648686266931711               20
  0.81882843893133783               17
  0.87776738809085508               17
  0.89481287991312175               16
  0.92904461646904657               15
  0.96350586591097753               17
  0.98802484123301038               18
   1.0408148478058163               20
   1.0652322534013874               18
   1.0911803412563421               19
   1.1181279094961967               21
   1.0699404477620191               19
   1.0531764446433609               18
   1.0187054691641548               19
  0.96811155073046695               19
  0.95948323009718806               18
  0.89880242428015289               22
  0.89220773015343902               20
  0.83110524876443581               20
  0.80792393755197267               20
  0.80271285056824615               20
  0.76317796618808098               20
  0.72323380115041735               21
  0.70856680517095882               17
  0.69909389746539674               18
  0.65660772683505042               20
  0.64427885706948096               18
  0.60838142376141258               21
  0.57562677498338921               18
  0.58530961818782723               21
  0.55899430905757708               22
  0.56835609764757344               17
  0.56203312881906919               19
  0.54304831928866348               21
  0.54717265005321869               20
  0.54340927732685029               18
  0.52257638175354337               18
  0.55633444590566239               18
  0.57526498765274492               17
  0.58505014661852683               16
  0.58254945574343975               17
  0.60164936241185862               17
  0.59166389993250257               17
  0.61896815686761353               21
  0.65398985880375815               19
  0.66878445092422267               17
  0.70715787432195121               18
  0.72688754989925941               19
  0.75983001276403150               19
  0.78994775297520203               19
  0.81303486116257850               19
  0.85926287402235713               19
  0.86841215576817443               16
  0.92223717130426519               18
  0.94670902578401839               17
  0.99918730585688786               19
   1.0162635089975527               19
   1.0562245726069768               19
   1.0844390266119126               19
   1.1159128289996814               16
   1.1279636777298518               18
   1.1064863095616821               19
   1.0574725586226299               17
   1.0469368848218572               17
   1.0136029614716973               19
  0.94927279487958527               18
  0.93570273946286220               18
  0.90059152569862488               19
  0.87681175757059882               20
  0.84477723516470149               18
  0.81550966245780721               20
  0.81280725959232203               17
  0.75053139148275039               18
  0.73213191771138564               16
  0.72663359528087224               19
  0.68912199049697886               20
  0.67152668242771529               18
  0.66359611600347479               21
  0.63914928397297188               18
  0.61043381502142025               18
  0.62158821621203852               19
  0.58122519759300184               21
  0.59264061940932922               19
  0.60079396429332310               20
  0.58535151725816281               17
  0.56204994834962962               18
  0.59477381958915065               18
  0.59508214559982364               16
  0.59666364641738934               19
  0.60883153879253449               19
  0.61242350647559141               20
  0.64819967427938030               21
  0.63461204989614717               20
  0.68494575558204296               18
  0.71019145748383827               19
  0.73093433282311537               16
  0.75108149104743338               15
  0.75083568760723851               16
  0.79515048447104764               18
  0.84411819061028004               17
  0.82826630907035514               19
  0.86508072430477911               19
  0.91473224419407895               16
  0.92985476051520044               18
  0.98553825787848226               19
   1.0219232436714505               18
   1.0358059306139731               18
   1.0714650507973502               20
   1.1088165056460626               16
   1.1324351332741174               18
   1.1580204788679600               21
   1.1265721226209955               19
   1.1001857518052365               19
   1.0759007195146719               20
   1.0234793414736214               16
   1.0065810273000253               17
  0.95137715544583545               16
  0.92038960183214358               16
  0.89546821886815864               19
  0.87423240970252902               22
  0.84749930135917972               20
  0.81721933597886198               19
  0.80393513592464905               19
  0.77124872423271562               19
  0.75341858852304888               17
  0.73755304514015441               22
  0.70815139390927206               17
  0.68206046576765167               17
  0.66603345411175308               17
  0.64646190307247409               20
  0.64118531633653553               19
  0.62529859898856954               18
  0.61764205954514328               20
  0.61389987561038917               18
  0.62146587905568262               19
  0.60254666700423187               18
  0.62513115772349537               18
  0.64450989678043935               18
  0.64939965218701079               21
  0.65828479366601877               19
  0.64652518366852574               19
  0.68860140000201719               22
  0.68628486055101789               18
  0.70045201657360612               17
  0.70973425058442896               20
  0.75276893931257727               18
  0.77917520243595129               17
  0.79590815517670244               16
  0.81529589035318872               16
  0.84340684032486701               18
  0.89981862574256444               18
  0.91228012709951978               19
  0.92128720861736446               16
  0.97366624495920617               17
  0.98933095795649273               18
   1.0430783503190668               20
   1.0693643644605690               20
   1.0838099040829021               20
   1.1186596635608517               21
   1.1590050018965665               20
   1.1650338307583696               17
   1.1602371481065752               18
   1.1334873717065852               17
   1.0618873701670370               15
   1.0512024321916986               18
   1.0216105313777715               17
  0.97704566334088538               20
  0.96716352303709507               21
  0.93723587306243106               20
  0.91603746577195100               17
  0.89197952200237651               20
  0.85691326400360390               16
  0.83802755875206025               17
  0.81478393469801558               17
  0.77529042767642808               18
  0.74330906621353532               17
  0.74814439064130778               19
  0.72700371822477905               19
  0.71107004131628015               19
  0.68799798850633642               17
  0.67513710777379565               18
  0.66509068290646600               19
  0.66693758864612696               18
  0.66977954114191640               20
  0.67307342262355574               20
  0.66432410119452090               18
  0.66691279681420068               21
  0.66208885513171090               17
  0.69064654220078603               18
  0.68174951727358202               21
  0.70420531259741581               19
  0.70282562569038498               21
  0.71537219254031770               17
  0.73468820591968820               20
  0.76869121654118289               21
  0.79005750370336092               19
  0.80483819854023519               20
  0.81958831493981588               18
  0.84057898197255188               21
  0.89779002235811833               17
  0.89830199003805666               15
  0.91803299430949725               17
  0.98628753863966612               19
   1.0108676632994336               18
   1.0280742405123211               20
   1.0549473291629536               20
   1.0902694973587330               19
   1.0938487988106316               19
   1.1439185371620604               19
   1.1965432837069994               19
   1.1934803370366787               18
   1.1823824207519000               18
   1.1231498312272696               17
   1.0933178182075867               17
   1.0617496167617537               16
   1.0238928526957773               19
   1.0454882086137598               17
   1.0006308045726491               19
  0.97602204552817651               20
  0.91284911172037297               18
  0.92795380722046983               15
  0.89221138700615821               17
  0.85885282460048162               18
  0.85422017678926376               18
  0.82301752500416436               20
  0.82047485281882115               19
  0.76475011339819132               18
  0.77955634123244966               16
  0.76114068310648852               17
  0.74069627446006625               17
  0.70881623753717060               18
  0.71353637167839856               17
  0.72779579922189408               18
  0.68433915863547057               20
  0.68854715815397305               17
  0.71536536733936595               21
  0.71371577250910490               21
  0.69269502046007159               18
  0.71263091045554594               19
  0.73726011054257179               17
  0.72656440571924874               19
  0.73936877883293395               18
  0.75422699529810200               18
  0.78252664325415711               21
  0.80530939757874964               16
  0.79999115472012483               20
  0.85290096099319190               22
  0.86859065305113692               21
  0.87004912807721324               18
  0.89338780780909721               19
  0.91601248131625734               19
  0.96550058420139606               20
   1.0015831421175430               17
   1.0285200434639474               17
   1.0457581146128985               20
   1.0870789084395875               21
   1.1129948880926726               20
   1.1379110592895452               22
   1.1838125300937470               19
   1.1830121487755798               18
   1.2120959459369176               19
   1.1979041224677838               16
   1.1827110857219683               18
   1.1343510523075573               16
   1.1068318494117202               16
   1.0595953379655958               19
   1.0276135188263384               19
   1.0205181338475502               16
  0.98636313770315853               18
  0.98550516791443954               18
  0.94961557460623813               19
  0.92183846485647913               21
  0.90523135211293126               19
  0.89358512750859576               20
  0.85825621725591006               18
  0.84957764080515830               18
  0.80212365592771895               19
  0.79047564835706918               16
  0.79525447893973567               18
  0.78544526799529757               19
  0.76822988748210663               19
  0.75253942996243850               18
  0.74843231477124172               18
  0.73930600539594871               17
  0.73373817664583652               19
  0.72390059550917984               20
  0.74617408583478351               21
  0.75771676613820427               22
  0.73804682042764214               20
  0.76715940525963489               15
  0.77235546901864793               17
  0.77350520337355566               19
  0.78013133552995106               18
  0.81849082876851154               19
  0.83599730492982050               18
  0.82974598191831128               18
  0.88812261105670276               21
  0.87406169031514680               21
  0.90631533837953615               18
  0.92551100821767651               16
  0.96881239147595977               16
   1.0087614959640376               19
   1.0368793824902656               17
   1.0465010261815917               18
   1.0736910078807305               21
   1.1155361790696767               17
   1.1480559906864294               19
   1.1532317417307227               20
   1.1940694631459525               17
   1.2060261088761717               18
   1.2574744076998958               19
   1.2258640874638269               16
   1.2079570313397257               18
   1.1602242335636488               15
   1.1539809524060110               17
   1.0904799199674533               18
   1.0867243118209962               18
   1.0371988942765538               19
   1.0318402092802417               18
   1.0050454151027339               18
  0.96890872135834638               18
  0.94669789046532637               18
  0.93611204600065268               19
  0.90218095054433478               21
  0.87013586926772246               17
  0.87863612737455021               19
  0.84796318272288163               17
  0.84202623602407545               19
  0.83003341379277884               18
  0.81887687240062179               17
  0.78152972388940645               21
  0.80930615790382687               19
  0.79289177712342196               17
  0.76427961667142819               20
  0.79851449186922097               17
  0.76545227203664368               19
  0.78122741079076041               21
  0.78363493611986057               20
  0.78688273059815428               17
  0.79410668951930918               17
  0.82539704541519732               14
  0.82588802524609894               15
  0.83413761580707357               16
  0.85122259917684839               17
  0.85870457955070723               19
  0.88949098247880631               18
  0.92651168199694744               21
  0.91871334642924030               18
  0.94272089732006981               19
  0.96550185946635869               20
   1.0022703344642367               18
   1.0233794769432183               17
   1.0561704190193444               21
   1.0625256727810866               19
   1.0872259970169296               21
   1.1198783663192025               20
   1.1681396046239667               18
   1.1815292512005016               20
   1.2174340975608373               20
   1.2476863834502976               18
   1.2864349922074356               18
   1.2378642191419058               18
   1.2084217146546754               19
   1.1986833334484854               18
   1.1796985624240439               17
   1.1387356359729071               18
   1.1180627374119465               17
   1.0821303438593177               17
   1.0747998189321570               17
   1.0058952775601910               21
  0.99617700066347303               17
  0.96058318737127546               17
  0.97054070536082826               20
  0.92451835324578724               19
  0.93502201728278500               21
  0.91595790065932392               20
  0.90562647651160866               18
  0.86259765668550958               18
  0.87312932715518121               19
  0.85835841354653442               19
  0.84253622251470295               21
  0.81650425609624178               20
  0.83123177451903674               19
  0.81049821551945334               18
  0.83136291342144297               17
  0.80450155392917133               20
  0.84136193797735581               19
  0.83530320068277619               19
  0.83973711541195029               18
  0.82015022429326867               18
  0.85510981549285636               18
  0.85230613573696834               16
  0.86772715735554229               16
  0.90394272741705062               18
  0.89331507415077871               17
  0.92902559913713167               19
  0.92567425614198451               19
  0.94694898007355721               19
  0.98114987468191872               17
   1.0186682153127196               18
   1.0202986015671995               17
   1.0569425069039473               21
   1.0698999177176527               18
   1.0874479889414319               21
   1.1500638138321300               18
   1.1405872025956953               16
   1.1801264431130722               17
   1.2084595784155463               18
   1.2284904734789770               17
   1.2741039391232520               16
   1.3137917314936318               18
   1.2693756216669700               20
   1.2553755307419150               20
   1.2120901299427118               18
   1.1875006142553015               18
   1.1712805920597467               19
   1.1410526911832337               20
   1.0958777584268764               20
   1.0670382598587298               17
   1.0357077923444926               18
   1.0476467829035010               17
   1.0230684617919292               20
  0.99098860725316007               22
  0.97670446280422996               20
  0.95638408698120769               19
  0.95858600689460161               19
  0.90253738514034065               17
  0.92380854933001610               18
  0.87394585843144768               19
  0.87051782113460530               17
  0.86497551869924161               18
  0.87852455629594939               18
  0.87585251650007490               21
  0.85337553207435823               20
  0.88029216890823792               20
  0.84341326166305508               19
  0.87118190804334084               20
  0.86711381048115721               20
  0.85729484862539906               17
  0.89394277068901118               17
  0.90224822128626259               18
  0.89575942357744764               17
  0.92948477924989314               19
  0.91719585328556597               18
  0.93163979094116356               18
  0.96385351397736407               18
  0.99001983319337206               19
  0.99150218354492825               19
   1.0067556512625520               17
   1.0620330067702324               19
   1.0413053746902003               21
   1.0802996632427699               19
   1.1064665102932805               19
   1.1383872125321728               19
   1.1655424353535071               17
   1.1721867375411203               19
   1.2112502794796840               19
   1.2661290461556958               15
   1.2756225249124264               18
   1.3155770743773185               18
   1.3393615168222099               18
   1.2992228585224834               19
   1.2988388369098103               16
   1.2274183983553906               20
   1.2226363785165595               20
   1.1967260091171066               18
   1.1715496416906088               19
   1.1394399131127531               20
   1.1206443739173513               17
   1.1177852619413327               19
   1.0784306777342443               16
   1.0543358188976468               18
   1.0244994407058730               19
   1.0084878230438008               19
  0.99475132098400987               19
  0.97955637889991942               22
  0.95504218349331649               16
  0.93271511336862600               19
  0.92380476778259901               20
  0.91469813229861141               21
  0.91313760621609530               19
  0.90212804969420501               20
  0.90267225501579251               17
  0.91916770138560000               18
  0.90345572092991311               18
  0.91197722845338058               19
  0.90589477605119206               20
  0.89380551540325670               19
  0.90394268962624857               21
  0.89914952406988058               20
  0.94054315983094661               17
  0.95302257104587595               18
  0.95302202760453336               16
  0.96920270049756252               16
  0.98379059795962320               21
   1.0044271468445218               17
  0.99890994713759840               18
   1.0212610777449014               19
   1.0599517583128677               19
   1.0810496991223382               19
   1.0987745926955572               18
   1.1149113935410866               18
   1.1372881715778231               20
   1.1681104020210855               18
   1.1809596685375365               19
   1.2364729706136290               19
   1.2577254366745585               17
   1.2591490827438081               21
   1.3144861931438563               17
   1.3349792085252268               19
   1.3443944260485772               20
   1.3467357282104893               20
   1.3004533969113583               19
   1.2671721234817737               18
   1.2381648943650436               17
   1.2161150106438885               18
   1.1731325045498708               19
   1.1825536706705853               19
   1.1595256467624862               18
   1.1457565067621287               18
   1.1113930643277588               17
   1.1026098244596956               18
   1.0487864252337040               20
   1.0311557335568848               21
   1.0329853793878687               19
   1.0255867794849560               19
  0.99125797942625049               19
  0.97151044659510044               17
  0.96913285807375504               17
  0.97811459766957731               16
  0.95941579248425690               18
  0.94841650706292846               20
  0.92780822766307558               18
  0.95362665678598335               19
  0.94454154695324777               19
  0.92282140870050422               18
  0.93620405226737324               19
  0.94599980174284559               17
  0.96650870785375920               17
  0.96938083116867979               19
  0.98365798899054946               17
  0.98320867243088750               20
  0.96530412616904260               16
  0.98338600478225024               14
   1.0102444431655795               20
   1.0535710175409363               18
   1.0478306884202504               20
   1.0743741886470344               19
   1.1009903710326692               17
   1.1001898171988620               18
   1.1197360898429087               18
   1.1502388790344384               20
   1.1624118936162477               20
   1.2061707602461345               17
   1.2118397144638287               18
   1.2433124350925220               20
   1.2680883618620953               17
   1.2947352054848862               18
   1.3373320757182883               19
   1.3652094808099948               20
   1.3957800540583578               18
   1.3589425548336973               21
   1.3406741841346386               19
   1.3069154882444460               18
   1.2739641521628056               17
   1.2504048115401611               18
   1.2282420032993113               20
   1.1776835132198822               18
   1.1976918480197944               19
   1.1424311642724865               18
   1.1151960985788267               18
   1.1092877177754987               18
   1.0786255124462436               18
   1.0602709504488221               17
   1.0529243033645150               20
   1.0618700592322263               20
   1.0197328526586940               17
   1.0248227323953780               18
   1.0081615458507684               18
  0.99215420481180960               18
  0.97730371493452017               13
  0.99880518413112052               18
  0.98518229269908375               17
  0.96938859152648049               18
  0.96113799615972839               19
  0.97849178920021351               19
  0.98061111585904659               17
  0.98660790188022529               18
  0.98522256105544637               17
  0.99497004272310219               19
  0.99506201693170238               19
   1.0009153052766666               17
   1.0141355133499450               19
   1.0221014444450789               19
   1.0535046099654024               19
   1.0784032143586793               18
   1.0908098510650253               19
   1.0725684184403752               17
   1.1112792008705199               19
   1.1159942221916752               17
   1.1727441032588806               20
   1.1611077781310533               18
   1.2036662821927107               17
   1.2253046932507987               20
   1.2417573739141878               18
   1.2750542067473958               19
   1.3075286177063257               19
   1.3182987090767242               19
   1.3503622860345657               20
   1.3762366522632867               20
