   1.2377282024888996               24
   1.2426014605588132               23
   1.2670127745233073               21
   1.2418233329083899               18
   1.0696653774407097               25
   1.1585037628689316               26
   1.0865217118766171               21
   1.2160426536182785               25
   1.0446447459208035               20
   1.1253407276747964               21
   1.0273649565831104               24
  0.97723697371833518               20
  0.99247890093186719               17
   1.0655415319611903               16
  0.85724198471159252               18
  0.85351505772760283               18
  0.96986359342792972               17
  0.94353153736229622               17
  0.92844832291230228               18
  0.89389424992051292               19
  0.87518874416029191               21
  0.79738891394642042               24
  0.88164685252648867               18
  0.74540759002698886               22
  0.83110045253623566               19
  0.84335032436780966               23
  0.86433382727864183               19
  0.88438302029553784               21
  0.92403977566301887               18
  0.90022472031227885               21
  0.88928582270494660               20
  0.91005371971266991               21
  0.94243303861469352               19
  0.91784873686967183               20
  0.98686290760940920               19
  0.91238089816654877               17
  0.86068241035636017               21
  0.92343635701374827               18
   1.0718885658903543               19
   1.0486607601810560               21
   1.1638493927209081               18
   1.0094994818417431               25
   1.2262275184953020               19
   1.2512554697840670               19
   1.2238170135493935               21
   1.1757018650846178               14
   1.2562421518017965               15
   1.2412192976367729               20
   1.2587840199298390               18
   1.2910944232561021               19
   1.3072051001914380               18
   1.3391118810907918               13
   1.2922206301741370               17
   1.2289581648559660               23
   1.1988725672716307               19
   1.1977655699844614               17
   1.1137864534436079               22
   1.0224943498814016               22
   1.2404099241433919               25
   1.1378502346174422               12
   1.1906035097502099               20
   1.1352903779115360               13
   1.1083146125435870               15
   1.0069302221508554               14
   1.0795887346714010               13
  0.93608285696447779               17
   1.0582203319629371               16
  0.99112299260692549               14
  0.96580775593633983               18
  0.98268053475645334               18
  0.82930162163898147               23
  0.96463306317265862               18
  0.94793064128053106               16
  0.96752835224464129               17
  0.93466885333526162               16
  0.82031104874959404               20
  0.94033291267930974               15
  0.94826655124117298               14
  0.95283478452981096               18
  0.94144060349894965               17
  0.93851606063913406               15
  0.96123972762168852               18
  0.88127199060154737               21
   1.0196835539333415               13
   1.0406771122231266               13
  0.86739525357929170               20
  0.99871962059248520               15
   1.0383434199405308               13
   1.0667239478927713               16
   1.1152911481106953               14
   1.1593241560886505               14
   1.0908323731258762               18
   1.1972343291473018               14
   1.1200186387984166               25
   1.0955871687008447               25
   1.2017309728905916               15
   1.2535012372373540               20
   1.3005084893099110               17
   1.3062969181982047               15
   1.2238286038683648               19
   1.2387699268139327               23
   1.2013031949606043               27
   1.2435724366347349               24
   1.2060657104917685               25
   1.3077112330251139               18
   1.1810469355399507               24
   1.1647242165644875               23
   1.0260362694406067               23
   1.0481305273063390               17
   1.1174722831302430               14
  0.98898125610388832               21
   1.0170042615583597               21
   1.0601783362498607               18
  0.96658542782691559               20
  0.93804879309380762               20
  0.91128392489363019               16
  0.96015448298129635               17
  0.81581167491229167               21
   1.0107699718464933               15
  0.96831069961537775               12
  0.97109166016430726               13
  0.79989962257634528               22
  0.89064530895788430               20
  0.90275299337080950               19
  0.86797892436569224               20
  0.89867693987444608               19
  0.86051964776445899               21
  0.91860468372599757               17
  0.99294936198816275               17
  0.87627381442363961               21
  0.84992506465576456               21
  0.92774285104214815               17
  0.87692493784199266               19
  0.97942001154836966               17
  0.99660731421832705               15
  0.99864608029695656               19
   1.0304779921163076               18
   1.1390683081317889               15
  0.98490769723853822               21
   1.0603403891513947               15
   1.0877835415406907               16
   1.0681672767552011               17
   1.0359989021548293               17
   1.0814722705165414               16
   1.2060482310439669               20
   1.3101617423123657               18
   1.3463797823376802               18
   1.2606593700714153               21
   1.2002239332837161               19
   1.2297086045411836               18
   1.2134962135687173               26
   1.2715160803692562               19
   1.2756456832755918               20
   1.2734760654421799               18
   1.2426154773215143               20
   1.1216359598694110               25
   1.0886962987482927               23
  0.97717021791794634               26
   1.1654834388142461               15
   1.0386854974259174               25
  0.95521404816364508               25
   1.0907850003022723               16
  0.98362968537335116               24
  0.90798766374384876               21
  0.90715089052428344               18
   1.0428885722029138               14
  0.95130858983026045               17
  0.95427059225330779               15
  0.98711665861470221               16
  0.86845291208581266               20
  0.79976423986571954               22
  0.83485678156694365               22
  0.83494112095974637               22
  0.83712718733291591               24
  0.89040508737212187               19
  0.73605355549746199               23
  0.77482018224514571               21
  0.96373318580597223               14
  0.89681265583973901               22
  0.96786976402371205               20
   1.0038708168240573               16
  0.82581075669881365               23
  0.95928264769465521               16
  0.84220777623912368               20
  0.87234121380350726               20
   1.0166887167047700               12
   1.0815085975433973               17
  0.94048442355256645               17
   1.0113266525693356               19
  0.98299877974548999               22
   1.1034025384004229               23
  0.92646054886560636               18
   1.1323250397636253               13
   1.1181620103455177               16
   1.0506396210364906               22
   1.1652458413363547               20
   1.1377637396737361               20
   1.1527533881632375               21
   1.1825065836275082               28
   1.3196671549246894               15
   1.2058275681528039               19
   1.0976042358886229               21
   1.1854197171372016               26
   1.1567564484431943               26
   1.0801682593490114               22
   1.2718662882807663               20
   1.0998572053372588               19
   1.1846822152345846               18
   1.1138340400235409               23
   1.1006087956829227               17
   1.0038247253234007               24
  0.98863213203243683               25
   1.0272085891391201               18
  0.86422196416924968               20
  0.85288543239796077               16
  0.84924564245806200               18
  0.79737154067153304               19
  0.90049071238082323               20
  0.88406140065112193               21
  0.89913142378077526               18
  0.71569495785176607               19
  0.78256924613973045               19
  0.92133836787998746               21
  0.83680702915350702               22
  0.77470908228447655               23
  0.87380620219629945               20
  0.75467874430470339               23
  0.80297684012947268               20
  0.92296568718831917               17
  0.86166312863178729               21
  0.72115881947861971               20
  0.81314904052699999               19
  0.89356060964678408               22
  0.75574040648582508               19
   1.0318840859999348               17
  0.79524123929229595               20
  0.97085227056964329               16
   1.0364378635907299               18
  0.94473840588979952               22
  0.88295143040550261               18
  0.93742336177257357               18
   1.0856815502972454               16
   1.0401220896429286               22
   1.2700155199712213               19
   1.0370797010045469               27
   1.0974237862624525               26
   1.1550675618633190               21
   1.2876987151616925               19
   1.2433387660966890               18
   1.1334818959885773               24
   1.1177652656759125               27
   1.2194656251900282               18
   1.1579891577803361               26
   1.1212191705927863               27
   1.2067312639109062               17
   1.1469851144685046               23
   1.0723412542245658               25
   1.0970271184881768               21
  0.95783201476887714               22
   1.0304550761212128               29
  0.91492686833206160               21
   1.0115526842961096               21
  0.83685174670398943               18
  0.89121290634245842               20
  0.90201077980815414               22
  0.96140565479730777               19
  0.80591392909294601               17
  0.80174307363936803               19
  0.87335072479005760               19
  0.84476756721731439               20
  0.81257501442855573               20
  0.71457305927091330               20
  0.77065297363601970               23
  0.76499362282598871               21
  0.66764251552905407               21
  0.82933896468862967               26
  0.60399078411992169               17
  0.92189898962182393               17
  0.76774143442765552               20
  0.85143195288847251               22
  0.70962686078097259               22
  0.78106573444571681               21
  0.85944789038173486               19
  0.89643008039474903               22
  0.86369388904955635               18
  0.82889790585146828               19
  0.97639833301804924               17
  0.88858740636603928               18
  0.80439882832707010               18
  0.94292270881755047               20
  0.95013491494725455               23
   1.0113415394655478               26
   1.2046760293420611               15
   1.0349244351965368               26
  0.95677516904673632               26
   1.0935107164554205               25
   1.1586756335644879               23
   1.2300143716319454               18
   1.2852341496328168               18
   1.1395226321283991               20
   1.2124348674858663               25
   1.1632629994556101               21
   1.2103299982235420               17
   1.1643568216481945               25
   1.2031531516002780               24
  0.98024342018142330               20
   1.0760015566405332               22
   1.0020524597883471               26
   1.0556784067415539               25
  0.95752426168074956               20
  0.88791989498519763               20
   1.0054526861207993               20
  0.95880987211050728               24
  0.86674745965817235               18
  0.82717157573430011               20
  0.81728080483865162               17
  0.88784317249989209               17
  0.76542030855857812               19
  0.78351056117834228               20
  0.80568914407672854               25
  0.73538231063746973               23
  0.70357816430434694               20
  0.72885583262130527               22
  0.72079260880839746               21
  0.67865326016225536               22
  0.72538210551596194               21
  0.64922746294979949               19
  0.70263354753011276               18
  0.81134782930858174               22
  0.74310859876422930               21
  0.78175243433846864               19
  0.67871569050791403               20
  0.76465123359735521               23
  0.80233645072186099               19
  0.82597501246843374               22
  0.88891506000158604               22
  0.82018973266160256               19
  0.95590850165177110               16
  0.86443700464127537               21
   1.0351890411504907               16
  0.90276322657439012               22
   1.0766375131553731               25
   1.0286553059849679               26
   1.0937499080699542               22
   1.1074467278621678               20
   1.2028359173739280               23
   1.1929206022287870               19
   1.0825376472084676               25
   1.1578553983756810               17
   1.0915644605830832               25
   1.1033166695456695               20
   1.1727131447210437               17
   1.1360576543505738               24
   1.1921442598272456               18
   1.0440848796559241               22
   1.1075696524267611               20
   1.0501856777804053               20
   1.0651769758255394               23
  0.97625105042634386               25
  0.94217380686160357               19
  0.79503844996288253               18
  0.96089016240076097               25
  0.77199977384131757               18
  0.89715693291853560               20
  0.73861851261654166               15
  0.76035370917855882               19
  0.77427754405490745               18
  0.84811099708670834               21
  0.87980030940468978               20
  0.71358182385856539               21
  0.67983159692379214               19
  0.70522637707003422               22
  0.78928763840952509               21
  0.65322797231791352               21
  0.67171771507063849               18
  0.57705493921010220               16
  0.70233024932753207               21
  0.67148797602443910               19
  0.69689751794027832               21
  0.68996583888894780               18
  0.79922570587452124               20
  0.81299524484274110               20
  0.75444847963482298               16
  0.66061291366387742               18
  0.85314659052996378               21
  0.71986684867815209               24
  0.93338056460853636               19
  0.77237619776521060               18
  0.92120080949918670               18
  0.86684315576164828               20
  0.98711041124954391               20
  0.96731110544748344               21
  0.96353592619641515               24
   1.0475442571294946               22
  0.99358770443699029               22
   1.1401181159413085               22
   1.0665564589644245               21
   1.1192867481017541               16
   1.2003153031088687               18
   1.2131803416360007               23
   1.0376404337331862               20
   1.0813326268002823               21
  0.99009468773272413               24
   1.0940068214581833               14
  0.97195826281100717               19
  0.98904880243491078               26
  0.96859037232638823               18
   1.0529381077962376               23
  0.86855056551859278               19
  0.89416006795856928               21
  0.75367181131663130               18
  0.94180666028928106               24
  0.82607635420474035               17
  0.76351653723839608               19
  0.75318721873038075               16
  0.71262472933188070               17
  0.66640570110094266               17
  0.74717027138132774               20
  0.84329525120476556               19
  0.66160634223652492               19
  0.79010748943549747               24
  0.73360177166718699               19
  0.77115957665202695               21
  0.50255168420250207               17
  0.58886597942515262               19
  0.75287360708234063               23
  0.53491151987299379               19
  0.80734905804018009               25
  0.63191422604095748               17
  0.61990661069447317               21
  0.70031104302375435               17
  0.68351354666119091               19
  0.65369526457780325               21
  0.76608588478209572               18
  0.62930841568423412               18
  0.91072965505817671               21
  0.81397132236473846               22
  0.90793514485099280               20
  0.78244279247261084               17
  0.91093271983690982               21
  0.95639468600907662               23
   1.0176882741102544               23
  0.89710027695022665               20
  0.99559590482738713               20
   1.0649455292459902               15
   1.2363709101006319               18
   1.0413451045943003               23
   1.1415361361163154               16
   1.0821476366275669               15
   1.1243950365676030               24
   1.1259787630771556               16
   1.1856501819225918               19
   1.1025550362758541               16
   1.0403583326593506               24
   1.1019445143622471               13
   1.0072752214967480               16
   1.0213198751649055               20
   1.0275080807178052               23
  0.87022296300166857               16
  0.92948408706991092               21
  0.93595346699623261               18
  0.84186730941325694               15
  0.75297008978541546               19
  0.81204469450364503               19
  0.83861416483602569               19
  0.75204400261277515               16
  0.63480681983389842               16
  0.70411173906314406               17
  0.64967745038724412               16
  0.77507938600399662               20
  0.70064929176085322               20
  0.74193642747495181               24
  0.63920377233546533               21
  0.58955369204978325               19
  0.63625176924618965               22
  0.65436851845227195               19
  0.50984217009591770               18
  0.78673994728051522               21
  0.62458813661347212               23
  0.59526739266540030               21
  0.75065940382868479               19
  0.65677870452932552               21
  0.75271443247423564               18
  0.78008703318093409               19
  0.76113985678025553               16
  0.76430391949638166               16
  0.72334081966259678               18
  0.73214735251303986               16
  0.84396478499733862               18
  0.89011216415401662               20
  0.90802883557715497               19
  0.98980957429592908               22
  0.98537642745770315               22
   1.0680389581291934               21
   1.1405778297285247               22
   1.0131840730841728               19
   1.0954684449784293               18
   1.0192652163521292               20
   1.0788731304326236               14
   1.1557801979081836               19
   1.0270714940553027               21
   1.1438016010989700               17
   1.0433738545481637               25
   1.0101338700831988               18
  0.90006458568240155               17
  0.98015613343037888               21
  0.92945438613874920               19
  0.99786937952642940               23
  0.87513735407212534               19
  0.83927010442381311               17
  0.95182949176921661               22
  0.83645392965963383               15
  0.71563049348937358               16
  0.69812791990620038               16
  0.69037739417011867               19
  0.71839706343846332               15
  0.67417066288782479               18
  0.57549921525738545               20
  0.64273201641573852               18
  0.54791247126254605               20
  0.61340988010101749               20
  0.66348507707016480               20
  0.53756920731958469               16
  0.57473501710190467               19
  0.58423822568470374               18
  0.42995518474725519               21
  0.69027080868165491               20
  0.48464060441870987               21
  0.48337353111625136               16
  0.50008628430576774               17
  0.68423221019025704               20
  0.64953530903927670               18
  0.70915540650856457               17
  0.79756476863318337               18
  0.66993213525395490               15
  0.73987182834423404               16
  0.72873939666086629               17
  0.70707159931698704               19
  0.81617148500467318               18
  0.64978879512350940               17
  0.84608002938286764               20
  0.92917244856163805               23
  0.93928459264190189               22
  0.96484253187480817               18
  0.92722398039855858               21
  0.98541004135602428               21
  0.91004888848347976               21
  0.95846672067129612               23
   1.1292930154457861               15
   1.0066322010061595               19
   1.0427638373987738               18
   1.0680275754724593               20
   1.1306160366028666               17
   1.0498995832420741               22
  0.90063597118848582               21
   1.0601711870289658               22
  0.85257364915906642               22
  0.94200304328839368               19
  0.92715094306694679               21
  0.91471556377308527               16
  0.80368649669796721               18
  0.93232780748405719               20
  0.72322389722300895               21
  0.68502160513564525               23
  0.72314600159346509               16
  0.70973427767017649               17
  0.64480853991220788               17
  0.59165084395907186               16
  0.64447437008730191               19
  0.61028164426926734               17
  0.54834506073595368               18
  0.61793729205586789               20
  0.61155600908708430               18
  0.47220768236343519               21
  0.62343045297645505               19
  0.52352092536760209               16
  0.62710657561458349               22
  0.40538281894640299               17
  0.56605317415335288               19
  0.49534584314898567               20
  0.60918869228823180               20
  0.62179942642445540               16
  0.66916684007593819               16
  0.66666341969867626               17
  0.59207955842520832               19
  0.68863869869984029               16
  0.61181908173459743               17
  0.72545296900290412               19
  0.83458627859106804               17
  0.89795213730589085               21
  0.85595912431090149               17
  0.94843527827452101               21
  0.80922815336605081               20
  0.81302586587860259               20
   1.0153795834172463               20
  0.84983592905915439               17
  0.88495050342895731               22
   1.1168435426199512               19
   1.0528579050207589               18
   1.0059029472186050               22
   1.1009381207000517               15
   1.0305098956641616               20
  0.90922214457208494               19
  0.95645357768160222               20
  0.79972276223271266               20
  0.98880712462214371               20
  0.98317680868338653               21
  0.79316879580844191               19
  0.89748889344582017               20
  0.75975968229743518               20
  0.93197144344238247               20
  0.72979382828134853               20
  0.72197437844089951               22
  0.76302098558340747               20
  0.66116728425101923               16
  0.62339037944943221               17
  0.60892867117016536               17
  0.53588634443597938               17
  0.60395762019890475               15
  0.50902585729320704               15
  0.55782091875710904               19
  0.57640007194354903               18
  0.61018657842999191               16
  0.48748862758697420               20
  0.42452565767843053               22
  0.56580518479910291               15
  0.55010395944615753               17
  0.48854183734611062               17
  0.49249396901698578               17
  0.56725571540947972               18
  0.59839274763318573               16
  0.58536827093443611               16
  0.65313975581332584               20
  0.56262065718507281               16
  0.60246098925393188               19
  0.62140147624906283               15
  0.59164975489266169               19
  0.81091430699227152               18
  0.58946363243254052               22
  0.84013924280384666               19
  0.94192590630876449               19
  0.78668788099645315               17
  0.85517622555742312               16
  0.96526124020451975               20
  0.91023774666928825               24
  0.90587973021733093               24
   1.1215150280526316               18
   1.0311103176236818               19
  0.98827415294376708               21
   1.0690565899519169               17
  0.99954655966671335               19
   1.0584383455675226               20
  0.89941628630403425               16
   1.0149625116056145               16
  0.94969425797971496               20
  0.78431109648111974               20
  0.85924109253363234               17
  0.87615300629636572               17
  0.74776716640595331               23
  0.84879562262704411               15
  0.66105584879748835               21
  0.65028873315392610               20
  0.55583601953894191               19
  0.79826664216702348               16
  0.72401302526722455               21
  0.61939314316442640               16
  0.56583364978335082               16
  0.47396059984611627               20
  0.61446758228149456               18
  0.47000747885346783               20
  0.50171415100740369               19
  0.42534416307796480               22
  0.43261800519732363               21
  0.38841113162343066               18
  0.50379507076732655               19
  0.50730929650908763               18
  0.48631024710449683               19
  0.44095729258454042               18
  0.39718454732167924               20
  0.56058086325318657               17
  0.58327859853804953               22
  0.46909714466654201               20
  0.57011749378516563               20
  0.57922867941233358               18
  0.56938603404918831               20
  0.77700815410245871               18
  0.78625326595694323               18
  0.75622125772634041               16
  0.76745087149647340               15
  0.88700027585687491               18
  0.72727155720172176               17
  0.87174871582108038               18
  0.86896747934413121               21
  0.75908880894378394               13
  0.76886247178235678               17
  0.93504756055562688               19
   1.0334301488996498               19
  0.94308006525747656               22
   1.0179472519702701               18
   1.0703998774440830               18
  0.83368811859707681               23
   1.0885319460565674               15
  0.98365988253993464               21
  0.97189339066934743               18
  0.93863312199865234               20
  0.83679599709894881               25
  0.71923074579878554               22
  0.85467638954016067               20
  0.69137858663224727               20
  0.83359030833206937               18
  0.80614364139891448               19
  0.71823061946276789               21
  0.60808893828448773               18
  0.61547676090965231               18
  0.64852597930357392               18
  0.54249793436563332               21
  0.55872443984409981               21
  0.40301634820271204               19
  0.47629652831833619               19
  0.61387316031291761               18
  0.46343603437291120               20
  0.39694380223010595               19
  0.45798970176848619               20
  0.54222519390716784               19
  0.40128496265005753               21
  0.45648089216453780               19
  0.47664074125770833               18
  0.35346016535805513               15
  0.43171791307504892               20
  0.39776144555474385               19
  0.44614431758480916               20
  0.44299109371718243               21
  0.45472004168564689               21
  0.51823323076105032               18
  0.58531272110520560               23
  0.67728128939972509               16
  0.56733423815134232               18
  0.65978935001484085               18
  0.71729898619548260               17
  0.76773941745357865               17
  0.66271950231706211               18
  0.84140891710675225               21
  0.70939258662293581               17
  0.79664555245019664               16
  0.90808164822375514               21
  0.86900903068025981               20
  0.97205694002129961               23
   1.0381791737759540               14
  0.92658700861508647               23
  0.87752293455788710               21
  0.99254047948106050               21
   1.0382537008519885               16
   1.0807720730346810               18
  0.94080502517793463               22
  0.90159270017005633               23
  0.91489424684192677               24
  0.84539754305847792               21
  0.78987293073923170               20
  0.76711855462806744               21
  0.74863902085843170               22
  0.65023319331476304               22
  0.64083538897487025               22
  0.66449296507862499               21
  0.56966267257010028               19
  0.64808539681629707               20
  0.51365102758627712               18
  0.61169379631456755               21
  0.52281893881140984               18
  0.45460937518819716               21
  0.41080265554935896               18
  0.49420971986888529               19
  0.40731915198674479               23
  0.41415778954167537               20
  0.33876873496627496               17
  0.47431636875547745               20
  0.35540394320815916               20
  0.39093179863875172               19
  0.37265441132294286               15
  0.50603924742829509               16
  0.37745406437969670               18
  0.34632428003629789               23
  0.53445407875852757               19
  0.41156323569125447               24
  0.43128076010666133               18
  0.54153662943316616               18
  0.53090360977621298               22
  0.71616661359793710               16
  0.61540986252327268               24
  0.81231023411559999               19
  0.64895918799722485               18
  0.86568296918109489               22
  0.65874317137511718               20
  0.85299968615588451               23
  0.67648988274444188               19
  0.77888133819580885               16
  0.82451587341441612               18
  0.98571280529163541               15
  0.99413489415145306               15
   1.0802930716394832               15
  0.94136427321114147               27
  0.95048553444098038               17
   1.0420272254608163               12
  0.97292859131377551               15
  0.97137209953234249               13
  0.90469469744678643               21
  0.90974842903463304               20
  0.74331421716060242               22
  0.78570076951871415               21
  0.59622001538883673               20
  0.72395272167814140               22
  0.69970131749180109               19
  0.57218526398618463               23
  0.54101662266587924               18
  0.70244135657250251               23
  0.56449444533092541               20
  0.51272263032220111               17
  0.49632129367647421               20
  0.55461274923879633               17
  0.37688340180102742               17
  0.37340161120390447               19
  0.36130932564231544               19
  0.39739192911834736               20
  0.36270223443728261               21
  0.26725867264711017               17
  0.42861873802673423               20
  0.45299553540663656               15
  0.34434862868726035               18
  0.30286945778470670               21
  0.34345413270775876               22
  0.31787233896214373               22
  0.52130461477824774               17
  0.50602012352690351               19
  0.39681376564737858               16
  0.53328507829251848               19
  0.56587844049921898               19
  0.49753573258741168               19
  0.48851827569370077               21
  0.59491870528190272               23
  0.66283181692280013               16
  0.66251311027418169               18
  0.58728738655730295               21
  0.70995354037692993               17
  0.78930425844745666               17
  0.87960101631163068               18
  0.88910359261684924               22
  0.99019096941255180               15
  0.84601051745456524               24
  0.99114396758036827               19
   1.0013654340107381               17
   1.0028318623382944               17
  0.99564240170610041               20
   1.0012767916940706               16
  0.99433165064799489               15
  0.78086607479157288               23
  0.79216211288201688               22
  0.76351941029094006               22
  0.77242354961188120               24
  0.80783729109599578               20
  0.71483894916429314               22
  0.64769407055774764               21
  0.68383541176431129               20
  0.56904293204612710               19
  0.51859960243976100               20
  0.52753257011924237               18
  0.59695272351440110               17
  0.44600363781766800               21
  0.41617693453574423               19
  0.50505111770295452               18
  0.37204798555477497               19
  0.44177229546945390               19
  0.28105874491070443               20
  0.35772358610289356               18
  0.38234489827990326               18
  0.26573167341533477               21
  0.40997166834238646               20
  0.28418940977560969               19
  0.26077830955213638               19
  0.29420159684580915               23
  0.48137147799774377               19
  0.37223688461517240               22
  0.33610861709442835               20
  0.24960847699470692               19
  0.44384384996688592               19
  0.49555513811220631               18
  0.59176937611214231               23
  0.62071894012945084               20
  0.58599302757577654               19
  0.65836345545475883               19
  0.62704929677308874               20
  0.75026604912203343               16
  0.75729384433025215               17
  0.74758936422682676               17
  0.78512578165033198               20
  0.84426727299061588               19
  0.69683904135592378               18
  0.70837444720293719               18
  0.80916048530961004               19
   1.0060069966846077               16
  0.97087982265964823               18
  0.98293542851940319               19
  0.79776164546677619               24
  0.97573351475081249               16
  0.85227977331874061               24
  0.79734337407580302               22
  0.86543479813212199               20
  0.88625600399229199               21
  0.71259974601604281               18
  0.73190328122486326               19
  0.69284749953540170               18
  0.70201148594950824               21
  0.59233049918743952               18
  0.60367847008674269               21
  0.41334175816268065               20
  0.40290729310027867               17
  0.46106858773130860               17
  0.41654526720035390               19
  0.40454359641035831               19
  0.42579849542785930               21
  0.27819761286276573               17
  0.38580821637563439               18
  0.43314957990193270               21
  0.28291510025878203               21
  0.31688937385720073               16
  0.26320634917114411               16
  0.23888605110220079               18
  0.26730133336894835               21
  0.32022582163078445               18
  0.16686719121538957               18
  0.37211028807753121               21
  0.22047988032556881               22
  0.33465887987391424               21
  0.35847511124188303               17
  0.39583097352855873               20
  0.53987367224774840               19
  0.41783500810528806               22
  0.46090863856472764               16
  0.54808583761902618               18
  0.55263826462743526               22
  0.65748605694829931               14
  0.68216755041024246               18
  0.77160233296765668               20
  0.79703929064352419               19
  0.79021141254480354               21
  0.70268065028310156               20
  0.92573769508771542               22
  0.91368620744466944               17
  0.93413117093364695               17
  0.94895714673606124               25
  0.97498855820289054               16
  0.88871066780717634               19
  0.90374312985635208               20
  0.91185870841428629               23
  0.86536052195841762               22
  0.88486803308572293               23
  0.82544034491073071               19
  0.82847871629242142               20
  0.85703806575225194               21
  0.72915872670807624               18
  0.78611236547160501               22
  0.69228172927457043               19
  0.50727832402794892               18
  0.63141934076308903               21
  0.62511819644387023               19
  0.60727506178087987               17
  0.54941600828517290               22
  0.51081234070035109               16
  0.42046972260221133               19
  0.46337721420934952               17
  0.34375192788534908               18
  0.29523232124487653               18
  0.31793332667126306               16
  0.33004075462177007               18
  0.25043699295806060               15
  0.28561668706021542               15
   9.7540845892819403E-002          15
  0.27079579377011681               20
  0.16871866532291921               20
  0.24853696728284816               16
  0.33448920211588756               19
  0.21044424297713946               18
  0.29060892919301951               21
  0.42637198116830011               17
  0.36520067453456495               20
  0.48437306616200770               20
  0.49849213270717052               21
  0.55468860433124145               22
  0.63144046393902920               21
  0.65460092078222687               17
  0.66484856309993245               17
  0.69697885731779352               16
  0.68946326368890432               14
  0.66930013725224624               17
  0.69239422745853729               17
  0.77748308862769833               21
  0.82463585378539328               19
  0.81062228895338739               19
  0.89137667670836973               17
  0.84096552873368435               22
   1.0010684904823464               14
  0.87416381126384579               20
  0.88069075737630187               22
  0.94832318019334638               18
  0.97610663831720801               16
  0.94220205921177214               19
  0.75476621480757022               19
  0.84721424513232679               21
  0.72442039308142503               20
  0.66700973558722609               18
  0.61518379711259619               17
  0.65297794296734857               20
  0.66584646053085084               22
  0.55647132985279968               14
  0.48750057689466797               18
  0.44259945642009196               18
  0.32255541255735826               21
  0.53644181666476010               20
  0.40135390438949242               21
  0.31264117024535987               17
  0.26798590994720239               21
  0.28263304572952214               22
  0.33158393804055791               21
  0.16087498397869565               20
  0.23914433800657764               19
  0.21648619944158948               18
  0.16931286246688865               17
  0.21456014016400132               18
  0.16005721188926897               19
  0.18350950367247176               19
  0.25861510803487148               20
  0.18857750136255202               20
  0.35090552844816075               20
  0.31773182279878887               17
  0.33101020066771758               19
  0.36266973380009782               19
  0.53643053540367192               19
  0.52709282078593589               20
  0.51360301213497639               20
  0.50747463392294434               20
  0.45505195327024517               17
  0.51377690921059926               21
  0.72602476056379706               18
  0.75377276413271266               20
  0.77286110807489838               23
  0.84379288792300911               22
  0.88470553824204579               18
  0.84102277289192329               18
  0.92672916325165655               18
  0.90817522539462403               17
  0.94021858152724280               16
  0.93864561637024180               19
  0.93056245759234824               19
  0.90797567205674623               15
  0.92953656242270355               16
  0.94021110665404128               18
  0.89920721765136868               19
  0.72390879675904440               21
  0.86831939551868242               20
  0.65937560740974210               19
  0.61912317445504195               19
  0.54911623034902790               17
  0.46065857539406491               20
  0.46528576796251225               20
  0.47718609106195248               17
  0.61446439301727085               21
  0.48941328218058011               22
  0.35458031002530593               25
  0.43200179310359088               21
  0.36010733040707693               20
  0.22010005085875672               19
  0.19043641825488508               18
  0.25566697142852945               15
  0.24575035576694201               16
  0.32913826814699421               18
   5.4654703996389761E-002          17
  0.23535442574701354               16
  0.14219486790203562               18
  0.23317372612443055               20
  0.21592031688335456               22
  0.24099787225389493               20
  0.26219972376404027               20
  0.35264946687007603               21
  0.39541878548220272               16
  0.46083367865048125               19
  0.34605344127022603               19
  0.47318051557666363               18
  0.43906435831870688               20
  0.50354467996402186               19
  0.41283390278195348               17
  0.57957026729719896               18
  0.61684551056671366               18
  0.56941321797514532               21
  0.59573253950643890               21
  0.58439437655474624               21
  0.66265833283626219               20
  0.66755277466132024               18
  0.83148377246987737               22
  0.81507114591918850               20
  0.97575835285475743               15
  0.96402714649794830               16
  0.91894305773042717               17
  0.79827847774310812               18
  0.96198388997572237               14
  0.81399218184790867               19
  0.93510652692649099               18
  0.83857537951315542               19
  0.76233000991512034               20
  0.80020535684774674               19
  0.82674490052725302               19
  0.62589738524374150               19
  0.58363394425808124               19
  0.67406844254859000               21
  0.59013626228069072               17
  0.63516734050256429               14
  0.56601340325840988               17
  0.51602926794415638               18
  0.38492152652144634               23
  0.25943074280329148               20
  0.20936950696807968               21
  0.21163896334590870               19
  0.13700852416785372               21
  0.16903888780248716               16
  0.20168216782810222               20
  0.18799423294578857               19
  0.30963006635725043               17
  0.19310564261519164               19
  0.12495351861587402               19
  0.15075008431114273               19
  0.26698579942063205               24
  0.12153171795354846               18
  0.26889705022290461               23
  0.26505897005153095               17
  0.28734849598745110               19
  0.32490025475997453               20
  0.30244434360553124               20
  0.47429548719265852               20
  0.52266785609690358               20
  0.57222921820967654               20
  0.44609655923961117               18
  0.54291604803234350               18
  0.62028440577481070               19
  0.54245721138883163               17
  0.62046848628380358               22
  0.74768761523131200               19
  0.80130377653493012               20
  0.70782988984754269               19
  0.90234059087603102               18
  0.94205491502665750               16
  0.86843794938031238               21
  0.95409643727372084               17
  0.91098970442435356               17
  0.95602750265320724               15
  0.76353680689295800               20
  0.84178029869464921               19
  0.75291510823302310               23
  0.89676118731575438               16
  0.73625807012235267               20
  0.68251305707796661               20
  0.76588391166621317               20
  0.74093337998325859               20
  0.73647299161970781               21
  0.52220901331169534               15
  0.69609634274944621               20
  0.55470141245319959               18
  0.41577623707984274               17
  0.47538803566774557               19
  0.40661571635576538               21
  0.38497347971413731               20
  0.34510451311711471               18
  0.32367215852766984               22
  0.30507281635113259               20
  0.10475819511183318               18
  0.13916155495027632               20
   6.2238633200595909E-002          20
  0.15631246051055131               17
   1.8729494666845259E-002          21
  0.22696417718646295               17
   8.9827979732758204E-002          18
  0.13236222189743110               18
  0.12437680955284637               17
  0.20190662133934820               18
  0.32423854825753395               21
  0.21007747917120903               17
  0.34323962401687130               20
  0.39180796939501789               20
  0.39621297217137524               18
  0.40419772489547873               20
  0.39795009816002191               19
  0.53926357417580029               21
  0.57196535784451974               21
  0.55927890215690879               20
  0.60618737074220908               21
  0.64392656133869308               20
  0.78120496822459051               17
  0.78024821296239988               22
  0.79372779923659853               19
  0.86511334014139873               20
  0.92928080744516817               18
  0.83956010569016570               22
  0.93545723583638318               16
  0.81071405073801150               20
  0.86209042110773482               17
  0.90442801910492754               16
  0.94567857463783400               18
  0.88644369494179542               16
  0.86133580481938532               18
  0.72213880141388653               21
  0.80981893313271680               22
  0.74255063838405477               20
  0.69266455651842873               24
  0.62920918728607533               21
  0.49784484729846967               18
  0.45678503850254781               17
  0.53909336321729795               14
  0.43773464628562453               18
  0.40268163061413215               18
  0.50702238916996756               18
  0.42068849095235683               17
  0.37932129259896685               21
  0.24999001120800349               15
  0.32327831954567315               21
  0.21044086429913822               18
   6.5683345774264948E-002          20
  0.23085428292880622               17
  0.14520747725822442               18
   7.1460242988588690E-002          18
   9.3209242259166977E-002          18
   6.4146822783522101E-002          18
  0.14420945832018736               16
  0.14341426948811792               18
  0.37866927043254373               16
  0.19502422329933289               20
  0.32256829011486571               20
  0.44204212045262181               19
  0.31559391437252143               16
  0.27727444790687383               20
  0.45191178722881636               16
  0.39112414061244705               19
  0.43252783678399648               17
  0.58391732907348515               17
  0.53602853994260280               17
  0.60392917786936762               20
  0.70562612206120257               19
  0.79579419029994525               18
  0.68596605551168277               22
  0.70996271925773957               19
  0.74876396109522103               19
  0.88580294213731403               22
  0.93819989042877405               15
  0.92758780343558200               15
  0.88020260565165342               21
  0.83919613276076355               18
  0.96383049278228827               15
  0.80356019817458557               18
  0.97126279369477320               16
  0.81056151267481502               21
  0.80745246151955197               19
  0.74322008875798773               21
  0.72207111998781970               20
  0.69495460831949540               16
  0.57836224024826421               18
  0.49278954303240169               15
  0.55487885755273836               17
  0.36855247599957075               19
  0.57783325332716051               17
  0.37823145470884351               17
  0.38783016739429815               20
  0.27486603918953550               16
  0.32843290412342141               21
  0.26790341019118613               17
  0.27936176544300706               20
  0.20060315694007655               14
  0.21348269729426253               19
  0.10748922644063266               20
  0.14772739589822892               15
   1.7001854726951687E-002          19
  0.24780149853169078               19
  0.12317296955235749               17
  0.14551703708585964               15
   4.9279289902934231E-002          20
   4.3663777908477835E-002          17
   6.8067337301702488E-002          22
  0.34540944613643304               17
  0.27467647317801086               15
  0.25462488333146605               17
  0.35985952224854062               16
  0.42145979297477948               18
  0.49170720233096926               18
  0.45927586088827949               20
  0.69475105816322191               18
  0.54508384526476872               19
  0.63894294107234184               22
  0.70246427789315746               17
  0.73713386343973508               20
  0.68677950899473605               18
  0.70563619844972769               18
  0.76381114872559164               20
  0.76450509587247006               20
  0.93855442240948062               18
  0.91273391656393610               18
  0.93442818976275788               17
  0.88022905476876478               18
  0.96854125884999054               17
  0.88993897701898317               19
  0.84904882868836129               17
  0.67489884536857603               17
  0.72648274655400236               19
  0.62167024436397111               19
  0.78678697893432559               18
  0.67830782840772841               20
  0.68378715953798574               22
  0.65833500055096483               22
  0.62909124308219622               15
  0.57413734185953114               18
  0.31878834039509274               19
  0.52199200308109861               14
  0.42962021949923157               18
  0.39232269032784356               18
  0.27131408448321220               20
  0.34782691999527687               18
  0.14164802704341711               16
  0.22117146620368699               16
   6.9486034810489941E-002          18
  0.16898567667121273               15
  0.14833499916594139               16
  0.14098898662671266               21
  0.10410981956897349               21
  0.11329503655655755               19
   6.5153878073658841E-002          19
  0.29170577660528324               16
  0.27204451934150359               23
  0.31172282911648214               17
  0.24215482087402102               20
  0.24758887454752151               13
  0.35035088468059400               19
  0.36104083657940028               18
  0.50292187910305464               20
  0.48764537332576652               15
  0.43040688354284140               19
  0.58924862138653811               18
  0.53457257653885482               19
  0.55767317342217382               18
  0.60565412144907782               20
  0.61991092145383853               19
  0.69801538065161872               20
  0.81000759309766956               18
  0.69498213023800126               23
  0.85763768553346975               23
  0.80187768967553130               16
  0.95010516340776585               15
  0.93612648305297419               16
  0.76129532807857081               19
  0.89336738828501194               20
  0.83439124360229433               18
  0.91561528545990756               18
  0.87988608262513202               20
  0.70686318783940638               16
  0.67143127462417984               13
  0.72520690403885046               16
  0.74592180595165758               18
  0.60649379825761274               20
  0.47142305825542713               13
  0.46267345519938907               15
  0.58535950924305513               14
  0.54188960150603815               20
  0.48007107985666364               17
  0.43170764919728322               14
  0.33681380036478215               20
  0.27211430532823844               20
  0.24529145455078519               14
  0.26737916502747755               18
  0.29636144672791331               16
  0.33123535550920397               20
  0.18973577051513474               18
   6.8477265388561678E-002          18
   6.8477710988817525E-002          20
  0.16466888100849919               17
   8.2395535968366844E-003          19
  0.15426007900418334               15
  0.19883019606901825               21
  0.20082927860281108               19
  0.15138052621365836               19
  0.34169122034942478               17
  0.28406709151605275               18
  0.29944360649234109               18
  0.43642373533227791               19
  0.44057030539488773               22
  0.55142549027312404               18
  0.61050464312981889               19
  0.59165129099817426               17
  0.47739421695024620               20
  0.65137206506454015               22
  0.74886262164890660               22
  0.74692010894055416               22
  0.78935139115680075               18
  0.81633537687442825               21
  0.71567629872797200               18
  0.85439081203595879               19
  0.89086293301274255               18
  0.89376773697553391               19
  0.84009578753016878               14
  0.87804962072582582               20
  0.94869156616012229               17
  0.94877978483057368               18
  0.93334185688036542               18
  0.81180591178525263               24
  0.73716509489168747               19
  0.77297207852111449               19
  0.54717841519742128               20
  0.64293819097209259               16
  0.65974308475079158               21
  0.47188007294787881               16
  0.41353886379125526               16
  0.54995622542466638               16
  0.43104556794431964               17
  0.34105863207052411               19
  0.32770627674438618               18
  0.36349490892235092               17
  0.40852259302476185               19
  0.36204860953422274               20
  0.30200705999625221               18
  0.30342761904213023               14
  0.17318277662479442               14
  0.11039657373636608               19
   6.6494754761456512E-002          18
  0.27648647866027781               15
   7.7632865608854906E-002          18
  0.14659260765197318               20
   9.1309447137415858E-002          20
  0.23886570517046887               15
  0.22171454193001836               18
  0.16958769314878192               18
  0.38651377062296871               19
  0.21469644427970760               20
  0.40433256543530982               17
  0.40297810997183159               18
  0.51095687871625439               19
  0.36816418117959548               14
  0.42221506239279211               19
  0.55935117284765035               19
  0.59727034535141665               19
  0.47940910702516798               21
  0.61015858643631193               21
  0.69443816731547348               25
  0.76233798824149135               22
  0.77761326879196480               17
  0.91449225718195060               16
  0.81931869770827992               18
  0.95437045158908951               15
  0.98059706724940354               16
  0.84396394854418944               15
  0.90345826397428786               21
  0.96049447508167296               14
  0.92709427202530248               19
  0.75826325130700911               19
  0.85367777290253699               23
  0.87639229532978347               19
  0.82293413591440601               19
  0.68481063615560978               20
  0.69175189120116254               17
  0.68094594498303362               16
  0.63658297517388529               19
  0.60964675787314604               16
  0.57821288360153866               16
  0.45240454947236886               16
  0.36457892434210515               21
  0.31608721483282781               18
  0.51475747916727987               13
  0.36753481596732923               18
  0.26358166212807105               15
  0.35877494048583125               17
  0.21104942253248912               13
  0.22565132499195076               17
  0.10558374615257300               18
  0.21395929125324789               17
  0.31654076975840822               19
  0.17465361015545480               19
  0.23462985432792402               17
  0.12389985936938583               19
  0.31178656258976206               17
  0.11202967460296510               21
  0.27075693221784813               16
  0.33726155625036575               17
  0.30859871542704570               16
  0.27199596534291653               16
  0.33974946718715771               16
  0.47450573020789533               18
  0.52992773756370104               18
  0.48990338317995097               20
  0.47234704725819626               21
  0.73792181120725830               20
  0.69211563109326202               19
  0.66091380796726695               20
  0.82788621386818950               21
  0.81473420442268008               22
  0.89856679388281935               17
  0.83554737334635276               19
  0.92299530142862263               17
  0.95185035679836771               16
  0.86800828056442025               21
  0.86667560241059705               20
  0.89784475381820328               20
  0.97439381517268897               14
  0.97884804583818963               15
  0.96123534708156955               17
  0.91216355049975739               20
  0.83291699690620169               20
  0.76727393839395275               20
  0.76530701682840996               21
  0.71014665507704366               18
  0.64913447756151654               15
  0.59810278380477844               13
  0.55644970945881722               15
  0.67365272042127344               17
  0.59386666395310506               13
  0.56021594105032047               17
  0.50648749300823681               17
  0.42487889611463686               19
  0.40900452217308103               20
  0.41378308444326550               17
  0.30072458894525866               15
  0.30254549279409737               18
  0.21660548757241233               18
  0.29109735421015587               19
  0.20793933990346658               17
  0.15188031375388275               21
  0.18673162958033365               18
  0.17238837397045798               18
  0.24654697943834333               15
  0.23617900812128684               19
  0.26406022311363608               14
  0.36820549699521427               17
  0.41631738559196346               18
  0.35793456241575888               19
  0.40448850539732883               17
  0.44412567376708634               20
  0.49058226268216892               19
  0.43015480369205866               18
  0.51815279342116005               17
  0.53705176742705429               20
  0.66167692917649701               21
  0.79508546934692237               25
  0.63486606100720389               18
  0.69793920236229778               20
  0.83677381231845738               23
  0.78034549031590950               21
  0.93592362974177945               22
  0.83028788712644908               17
   1.0055960367181362               14
  0.97665773916266740               15
  0.86754254161097943               23
  0.94871198746192686               16
  0.96052723255016148               18
  0.80083491189099798               20
  0.89909193866856418               20
  0.80637234607841646               21
  0.77260177178236644               19
  0.81257022811347168               21
  0.79564660808539212               20
  0.78313754188025952               20
  0.78518789103963593               20
  0.75647888830461574               20
  0.63085142990154386               15
  0.58150860776161628               19
  0.51279086718341216               19
  0.47048588620584741               17
  0.65076018083976128               17
  0.47370244049898480               18
  0.48789297646892771               19
  0.44027971740706062               17
  0.25280864024038202               15
  0.34757136849000697               19
  0.16426686885864886               17
  0.31955511463101738               18
  0.36597406412336964               19
  0.33319183815779840               17
  0.21163068830823958               17
  0.16865446082202240               17
  0.35232034435650056               17
  0.16211324366371740               18
  0.27978009280759791               18
  0.25895487699102693               19
  0.33339512308173713               18
  0.33963093549809592               16
  0.49607395507881274               19
  0.47835199931399069               20
  0.41096542517133161               19
  0.46371215996656467               20
  0.53937335509739259               20
  0.66213148851628001               18
  0.61420113929800924               19
  0.62520838970291104               19
  0.70516368997049372               16
  0.68011336829655489               19
  0.71242240736301965               19
  0.85539018190831040               19
  0.99430112321384290               13
  0.96458762998594549               19
  0.95655551766952762               17
  0.77720264565086383               25
  0.89113376507144859               21
  0.88365719885337313               20
  0.86723309252067271               18
  0.96732000278667996               20
  0.96994198459005065               16
  0.92184187531897388               21
  0.85200698116569362               21
  0.81195898346300299               22
  0.78009265132368499               19
  0.72302204352395494               19
  0.84081171757332585               21
  0.49461242864426952               14
  0.66000240945436384               14
  0.69614415832720755               17
  0.59515745371778617               17
  0.53758853710816146               17
  0.55806952097547302               18
  0.39923198011255556               20
  0.43370613834384825               20
  0.31634854601640572               12
  0.46926517818229924               19
  0.42158722979506669               17
  0.39676297073440786               18
  0.36983016364432275               14
  0.37092028348660605               18
  0.25214011545915821               19
  0.38509290390523121               18
  0.25064216698717368               16
  0.34444483305956153               19
  0.40867660271819362               19
  0.42016333670325162               19
  0.42043887929500695               18
  0.43509301775905462               17
  0.52802585700602422               20
  0.37285241871581182               17
  0.56012725812307840               20
  0.49567553938257403               22
  0.63544011807809275               17
  0.62324230910042466               20
  0.54419677953089052               20
  0.53530654578001158               17
  0.64095216932974908               17
  0.79458016164401191               24
  0.78176476914332549               20
  0.80175879992392207               20
  0.87662411941875051               22
  0.86926706940627818               21
  0.82141528862659507               22
   1.0126196455969458               18
  0.99182911965053266               15
  0.91262072581340781               16
  0.96694628328484022               14
  0.99594417806872115               15
  0.91967644510866053               19
  0.99380123928812247               15
  0.79511810176313702               22
  0.89206596283799267               21
  0.84113135249104909               18
  0.74370976288431567               16
  0.72754530775202453               17
  0.64103439126948614               19
  0.75396585618678613               20
  0.72782836372549309               17
  0.61483299040459294               16
  0.63962495505904726               16
  0.47476374593836351               19
  0.55017449261223417               18
  0.54127755867974148               19
  0.44735346318955183               17
  0.35916723786146226               20
  0.47775369556421005               17
  0.32366896367815190               17
  0.39417586609523991               19
  0.40170475548806639               19
  0.42353868490193208               17
  0.26601085219037485               15
  0.44529310049674303               18
  0.36079248034894962               18
  0.30078401056856435               17
  0.32647080881108625               17
  0.36669388825381211               16
  0.47334322083753605               21
  0.40726039486348437               20
  0.53715876458734613               16
  0.43116516895887197               16
  0.46439784311761467               19
  0.47269822309240062               18
  0.66111689582078947               18
  0.55791823146920227               20
  0.55586910234637543               19
  0.74222213074646404               20
  0.65396987863494382               17
  0.71526510112444752               22
  0.82843137610748263               20
  0.78257059021752229               20
  0.75531803080977056               23
   1.0173174712834900               17
  0.83976062194690981               25
  0.87076566049663651               23
   1.0328108068381281               15
  0.88285804901569609               20
  0.99144205469554603               20
   1.0013145087864168               16
  0.87691824967488741               22
  0.84394559382865508               25
  0.83615467527829146               24
  0.88243325155153551               23
  0.86668773262747112               22
  0.79339958913676367               17
  0.77589595084913388               17
  0.66202521388793212               16
  0.56302451001713272               22
  0.63775289444509953               19
  0.60093562813157708               18
  0.55774475000975321               19
  0.58196223603025410               17
  0.59478514738570265               21
  0.52004437333007680               17
  0.58343189116729066               18
  0.51039338906800635               16
  0.44437767277712686               17
  0.41465949084899606               17
  0.35379413559891537               17
  0.32125918032455941               19
  0.31230661470394111               17
  0.44854679873663966               21
  0.35545909802046582               19
  0.45314602177618507               21
  0.39831963601049980               21
  0.51372185639463608               19
  0.37033012958864869               19
  0.28956822645197011               19
  0.45485026757621339               17
  0.46352223631315725               18
  0.53173166110122816               19
  0.62291231861964969               18
  0.60648537328857210               21
  0.59595404916806982               21
  0.70457967392196863               18
  0.68081321733920186               23
  0.72482880650623638               17
  0.68703252737537202               18
  0.80484237180169205               19
  0.75687059856264682               23
  0.79741754107850427               14
  0.90255056260431599               20
  0.80090665984650888               20
  0.86894665317820541               20
  0.91352420898393061               18
  0.95562691218086293               22
  0.99348271174616731               17
  0.88129320131352729               22
   1.0267193657007907               17
  0.83430535095416058               22
   1.0343411089000580               17
  0.95970966595453411               16
  0.84929855878560412               26
  0.85624161331158455               23
  0.94019118431914894               19
  0.80545561692769752               24
  0.66873216803531998               16
  0.69878896524135214               17
  0.68208403300895248               17
  0.69468730887001739               18
  0.54424292925800011               14
  0.66859341571379149               20
  0.65178989519187736               21
  0.52524232643515856               18
  0.49552484430164240               19
  0.39821460351586618               20
  0.47239923043363563               17
  0.34755503156955758               19
  0.41192484845355243               16
  0.47046518590384989               18
  0.39817923888121531               21
  0.52454993871636846               19
  0.49384160588336362               20
  0.37013772802723088               17
  0.56061016530284058               19
  0.46059801969120523               21
  0.58126643320669302               18
  0.53946970123573201               18
  0.51895765016802820               16
  0.57413147384784735               18
  0.53420118611546052               19
  0.62273903520049845               19
  0.55628699004691629               19
  0.69672506091929121               20
  0.62199665053693398               20
  0.67682757593467646               20
  0.87355896945770439               19
  0.67430679250836445               17
  0.75168444333203122               19
  0.89170874322851434               18
  0.88156444655909727               19
  0.83646190630736383               19
  0.88593601382113596               18
  0.93747946876687827               19
  0.90956844226500810               19
  0.96626823245289029               20
  0.96456971764183108               19
  0.88016068288077187               21
   1.0374322051589864               18
  0.87487328237072681               24
  0.89623954933967098               23
   1.0176046064935160               20
  0.86568659776409629               22
  0.78741835623105150               20
  0.82573337856538609               17
  0.87506261771629179               19
  0.83981207658365786               20
  0.72893106338564806               18
  0.63329609882003834               18
  0.58140920975134525               19
  0.72821522693032226               21
  0.61736444620766495               19
  0.47068203309745005               19
  0.64824120576440769               21
  0.56196225084332108               21
  0.56108401925520501               19
  0.45704746244162275               15
  0.55201128568002089               19
  0.43895942210808436               19
  0.55544853927194338               19
  0.39600988544841914               17
  0.47307651670479584               19
  0.49767006935171726               20
  0.62585241977149131               18
  0.40657175981754234               18
  0.45337037681339537               17
  0.47450754680577190               20
  0.56530100993860233               21
  0.58874094804456500               20
  0.61360010333910942               17
  0.57719480563988412               17
  0.57668529490370724               20
  0.67562323027343518               17
  0.49470038043084302               19
  0.74952441408201786               23
  0.75616496116160370               16
  0.62521672166799835               18
  0.78042859529239184               19
  0.76618523545234951               22
  0.93870533411465040               20
  0.82128294185770001               23
  0.92262143421600318               16
  0.95980402899476214               22
  0.93992572148332643               22
   1.0118125209027515               16
  0.97232023467564932               17
  0.92246181449566067               21
   1.0551715136516515               15
   1.0430550011572437               17
  0.94860029032532756               19
   1.0941601208831075               15
  0.93258029345197746               21
  0.98607016704616113               21
  0.90279916893911993               16
  0.98482762595137163               20
  0.93848418670358846               20
  0.71608159305262320               17
  0.62899689003431192               18
  0.87823867615017970               18
  0.76020253896884271               16
  0.78781725226978827               19
  0.75073960399183115               18
  0.56802690455603200               17
  0.69883441930470269               21
  0.55302406670259219               17
  0.59206775924794530               20
  0.63159802828191480               17
  0.44273365061582670               19
  0.55926148874059889               22
  0.47468447490255822               22
  0.51161666212374146               19
  0.41569212705387626               20
  0.51285354295649244               19
  0.62896385514253383               21
  0.62199746182897120               15
  0.47103054414056600               17
  0.54721668965905423               18
  0.51305454913925153               17
  0.52255102568100131               17
  0.71635407659769268               23
  0.75753144066935374               19
  0.67754335777642094               19
  0.62490891624193745               20
  0.62064587251346537               16
  0.57810291131013358               19
  0.71331535692656234               21
  0.67248407881525807               19
  0.72310149282986469               17
  0.83347067939405506               15
  0.92861107828225342               21
  0.90710468571483882               20
  0.92319868309903819               21
  0.98358489537676042               21
   1.0273078684683890               17
   1.0738612328163810               14
   1.0487133616958817               17
   1.0206029952100677               16
  0.99484281066028346               21
   1.0607647150609756               20
   1.0732485786287553               17
  0.95425679693870458               23
  0.96002518982043450               22
  0.97169700841374906               21
  0.82537631126709798               18
  0.91770235606032236               21
  0.71917359536598002               18
  0.70623679883715562               18
  0.89106366875560639               20
  0.78132190046030336               19
  0.70321755831294730               17
  0.72633088524208334               21
  0.79285345906429250               23
  0.64141021010783128               18
  0.76353390300140200               19
  0.60429266024528772               20
  0.40294052873548925               20
  0.58532603144883666               20
  0.51691271096360991               19
  0.64300761355863123               20
  0.54837423856790257               18
  0.51525543139161500               18
  0.60743928701279593               16
  0.56344294236407322               22
  0.48481146435111661               20
  0.61803232183633083               16
  0.67712720292112349               22
  0.58930398348429658               19
  0.48275133315116386               18
  0.63718936812341731               16
  0.42014980575226168               18
  0.56787019615284162               17
  0.70200293257063462               21
  0.64674763889432996               19
  0.62117877246292486               19
  0.71801176661152499               18
  0.73243220454557278               19
  0.77660149321063954               15
  0.81198896653847685               16
  0.90747577087579701               18
  0.86343862747909184               18
  0.90365303010628295               20
  0.95962523604812044               23
   1.0902238045564854               16
  0.98091646625836670               17
  0.99554996493298165               19
   1.0594344275508008               17
   1.0932212293083765               20
  0.99411247882686637               18
   1.0527657607423317               17
  0.94427647970112172               21
   1.1189770304021125               19
   1.0454529495031142               19
  0.85509878465204536               20
  0.92326080735688953               19
  0.89897517187519516               21
  0.78894050551064043               18
  0.79548969755155563               19
  0.75852357329780773               18
  0.89072259873623594               25
  0.72169862724361733               17
  0.77024010257548603               21
  0.78063740976827267               21
  0.67017649549473213               20
  0.67001694021610592               19
  0.69311405990536712               20
  0.65869707470114713               18
  0.51152040947028143               21
  0.68892778476699357               24
  0.49014924638901153               19
  0.65270797469713226               20
  0.72752987029820015               22
  0.61407343585762886               19
  0.49967526670781082               21
  0.56292086717208745               19
  0.55858160678755053               20
  0.65493281366669032               21
  0.68175741096429676               18
  0.54314439722224361               17
  0.72290414761805633               25
  0.64369098496662946               18
  0.67358950859938138               18
  0.77678830679480126               17
  0.75119612711853601               19
  0.72142881254363889               20
  0.76814389405435146               19
  0.82968166126154874               17
  0.98112396165742466               19
  0.75446504341768328               16
  0.81194558956652640               17
  0.95385300834737041               18
  0.88364631327254017               20
  0.98164632617477021               20
   1.0501270956177602               17
  0.95825565590600803               20
   1.1142490962252038               14
   1.0824802411907148               15
   1.0227178615983972               19
   1.0516404669325070               21
   1.0984940775067622               14
   1.0832094299429511               17
   1.1742465526825576               14
   1.0099651700537231               20
   1.0241502986568729               22
  0.93881922832418729               21
  0.86669452576773121               18
  0.97113521493236166               21
  0.86828570099279700               18
  0.94456559098245951               17
  0.79042948678194624               21
  0.77959621534272605               23
  0.82730339269579267               22
  0.83044827475834881               23
  0.78947964270428472               19
  0.72659408911666257               21
  0.70605678888682266               20
  0.61084892810331559               19
  0.64069257539774693               20
  0.63729999835222906               21
  0.56735331561960800               19
  0.63033300760131905               18
  0.61542839167582475               19
  0.62472843595009686               21
  0.53162385482330166               20
  0.56166872322902561               21
  0.67141263825483055               23
  0.69875387191203409               24
  0.74183886100676100               19
  0.64069638156873343               18
  0.73648607171065128               22
  0.57277688742115207               16
  0.66117373576830374               22
  0.63957463289034766               16
  0.73071545396211735               22
  0.75022164024733284               19
  0.75052622441833650               18
  0.78547146266251811               18
  0.86398618313663378               17
   1.1191344285248159               26
   1.0290804460181251               18
  0.86993030995926612               20
  0.95636343236217236               22
  0.89401281139375532               20
   1.0655808575358989               18
   1.1340336593469553               15
   1.1000994584672381               15
   1.1382127816784358               13
   1.1828825753254171               16
  0.99306683303881638               21
   1.1125918853373127               14
   1.1579286862316400               15
   1.0404538802605285               18
   1.0789297382781662               21
  0.97320659763833872               18
   1.0085821028463802               18
  0.99670113145441075               19
  0.85813794232754514               20
  0.95226457290559596               21
  0.93978633587762705               22
  0.81366385849185141               16
  0.87483582697558793               22
  0.85289538734429982               20
  0.83099394497701318               24
  0.67733020459536808               21
  0.82133206595528740               20
  0.73879488860871023               17
  0.73909066101240251               21
  0.69963560254601209               25
  0.64991635356641198               21
  0.62653384547627355               17
  0.74271081477532752               23
  0.65425250333036800               20
  0.68521528396334264               22
  0.65792279410045706               18
  0.71409530327984361               23
  0.62028314569856680               20
  0.78276031418837577               19
  0.65072183808754214               16
  0.75540007219926819               21
  0.70238006617422932               23
  0.69718686810336616               19
  0.74321510915859013               16
  0.79753677179307969               26
  0.87781280959104124               17
  0.84182219400350522               21
  0.80003087738680989               17
  0.77879616203426971               16
   1.0240421845760697               18
  0.80992050565474805               18
  0.87615132355352809               17
   1.0202009711528230               23
   1.0286937563627121               22
  0.96716300484626694               20
   1.0490214281924941               21
   1.2172748428248557               20
   1.0347118550610672               19
   1.1227009710484199               23
   1.1614880391832261               21
   1.0475626529973128               21
   1.1808223059391689               19
  0.99966262848351584               20
   1.0224846296038248               21
   1.0039920507372384               22
  0.90191139276126253               16
   1.1603053335595213               21
   1.0353749942517438               18
   1.0033033439787757               18
  0.82073843692964998               18
   1.0661205105367064               21
  0.95819495911747865               22
  0.85498065179191329               19
  0.96372144633312984               19
  0.82296978968736978               22
  0.89661300161255120               24
  0.72402562578051177               23
  0.84272220557717159               18
  0.75360145224996944               23
  0.78101527404013971               23
  0.75371338013922717               22
  0.76707560119934248               22
  0.80301606832032135               22
  0.64975909371056539               18
  0.56822187667677304               18
  0.82520002133508252               25
  0.74799954034023031               25
  0.65801946390201826               24
  0.73977365327606803               20
  0.76298956025410791               25
  0.79211720772559779               20
  0.69053932072980118               21
  0.70343628434036776               22
  0.79336472960503623               22
  0.82173112684793825               19
  0.64045087436826154               16
  0.87276318431837607               18
  0.88062701702625379               16
  0.78625584358900458               20
  0.81935469730264843               17
  0.82865990669441303               17
   1.0107687828145338               17
  0.93150453385606213               19
   1.0427772826996755               19
   1.0111173191127958               23
   1.1518742579775414               26
   1.1326230174779746               23
   1.0890180102408700               15
   1.1374720908820579               13
   1.0129821696433701               20
   1.0634779386619018               19
   1.1457799953819270               17
   1.1782923325641201               21
   1.1053111294646289               21
   1.1466659786820854               20
   1.0011799257514578               18
  0.95814553764995902               19
   1.0931258372617143               19
  0.91308744094639660               21
   1.1271543516819664               19
   1.0150850238740359               19
  0.85436534635620665               23
  0.93216244277023785               21
  0.97125022440576247               19
  0.85702192951416878               24
  0.93726772499390687               19
  0.66322040173654251               20
  0.75605520971265494               21
  0.86615493148495526               21
  0.80797459608245215               22
  0.78518816842897521               20
  0.72632432639557376               23
  0.68151420955184672               19
  0.71123237136658357               24
  0.77037472734246204               24
  0.61597387785308977               18
  0.72913166022577425               20
  0.81799032628962598               17
  0.70837629892052201               21
  0.77092596756236265               27
  0.80117039796509915               24
  0.78671024524058464               26
  0.72886266784871256               20
  0.82850200253433337               23
  0.93677774038193140               20
  0.71656577700764001               17
  0.96153154886604142               19
  0.80218417692809252               19
  0.86991993754977648               17
  0.86645125597561823               19
  0.90434450686836254               21
   1.0006644195673966               21
   1.0535666504315315               21
   1.0223085926680526               21
   1.0693808171760075               22
   1.1998926902564380               26
   1.2960053767852173               18
   1.0925908845104315               25
   1.1995570902965664               15
   1.0901893234110205               18
   1.2263869469514792               24
   1.1403401472619503               17
   1.2673802809159429               19
   1.1160976162065397               21
   1.1861654573852365               21
   1.0791134675402390               22
   1.0840763085053742               21
   1.0435598269763608               18
   1.1376423103991236               20
   1.1277465251672349               16
  0.91882456889299768               21
   1.0381492196090067               15
   1.0285182577549166               16
  0.88358229909928077               18
  0.85096709375988178               21
  0.91479352387531843               20
  0.74919273007831022               19
  0.88913259160795088               19
  0.87915383401197345               17
  0.78969925751793912               21
  0.74188485620464728               22
  0.88408310926322153               22
  0.79836058920804465               24
  0.70406855434838622               22
  0.83710417333363207               25
  0.71345344728240090               21
  0.84113089215918069               20
  0.88314286737600500               20
  0.70193116446929094               25
  0.85329311354302273               21
  0.85865041412396281               22
  0.77020014149313487               25
  0.86429222757884583               21
  0.91820902317788067               26
  0.87268853745021491               19
  0.95441324817831708               18
   1.0173843528180675               21
  0.97520301430312939               19
  0.90976641839342920               17
  0.87648443793476227               15
  0.99891506794955276               20
  0.99455527169368141               19
   1.1455556899976580               26
   1.0012465229257668               20
   1.0735530507877291               25
   1.1425961774772384               25
   1.1444523976844028               22
   1.1939661284480330               17
   1.2423209379083353               21
   1.2128077753204847               26
   1.2461294859095551               24
   1.1856484460550056               17
   1.1751660978405085               21
   1.2422303127295755               18
   1.1839544694918320               25
   1.1101576172809504               21
   1.2292185878702691               22
   1.0110783962718293               18
   1.1687991658367123               24
  0.90568525493532637               21
  0.97702451838362048               18
  0.85407422226049445               19
   1.1074823129156226               14
  0.81510373114912582               22
  0.94414980873062881               18
  0.92456001974638324               21
  0.94810536443139382               19
  0.82802846179876721               19
  0.89462676717917833               19
  0.91197203989032227               17
  0.77931238403042158               23
  0.76754968447207395               21
  0.83798377393389767               22
  0.74346807232274115               24
  0.88553236847710903               21
  0.77135392398494806               21
  0.91468136158996671               17
  0.89102087841229272               18
  0.84403310325060910               21
  0.80708047391098503               21
  0.86650545671566281               20
  0.85209594111811127               24
  0.92707321536563458               22
  0.98171492531248961               16
  0.76841326425413881               22
  0.94065821830796181               22
  0.86337420662481901               23
  0.93638104517864995               18
  0.95629973460147832               18
   1.0851237040389774               16
  0.91666357319270708               17
   1.0530040720573115               23
   1.0242187775554734               22
   1.1051252210492717               22
   1.1664309310474774               26
   1.0437525789996864               20
   1.1458934353249706               27
   1.2187418774905925               27
   1.2315875536391969               19
   1.1606050462869419               26
   1.3046841804183353               17
   1.2369474321657403               20
   1.2887474520138174               17
   1.2202425886173727               18
   1.1316421940518975               21
   1.2018549110155714               20
   1.1218252405539091               18
   1.0041850038592242               18
  0.97093352852890225               20
  0.97330112479206243               19
   1.1254030496953107               14
   1.0875993391723831               16
   1.0945231226253740               20
  0.99345090115758705               17
  0.90044003935708539               19
   1.0318323674295531               16
  0.75758646068923863               21
  0.90217882521685400               20
  0.83381266825982869               24
  0.79874914049609391               20
  0.80162976435743594               23
  0.83099694409613745               20
  0.97920904214331439               15
  0.73789709574865769               23
  0.89939752793669714               18
  0.78269135859369687               23
  0.92421038709046199               16
  0.85696144089785364               22
  0.77008068154591014               22
  0.95094468949458000               17
  0.93706596921208696               17
  0.89733450098808387               19
  0.86152908396376104               24
  0.84855209914603402               24
  0.85613985945621895               19
   1.0071986674794500               20
   1.1168830283565061               20
   1.0378578398279767               23
  0.97778857679380526               18
   1.0400097446996568               17
  0.98327339037441264               19
   1.0393938505274951               22
   1.1529355995205377               20
   1.0777874410362065               23
   1.1167416770861411               24
   1.1256724958564630               27
   1.2165110585422800               21
   1.2224432304568356               18
   1.2022607375506842               25
   1.1820073691524566               26
   1.2911462183158144               21
   1.2359686462189545               21
   1.3185353684241918               18
   1.1414874384554985               22
   1.2043678255258359               22
   1.2298481585850152               17
   1.1731877894082328               19
   1.1357262648091402               16
   1.0667563494495917               19
   1.1403969368472555               15
   1.1362966778633534               15
   1.0580315357103163               15
  0.95051611884924569               20
   1.0048748423098266               16
  0.98109573405775508               20
   1.0011455297066347               16
  0.90924222039146563               18
  0.86286797364274415               19
  0.82518191192127832               23
  0.90770309918025915               23
  0.95085140168403204               12
  0.80382992913409945               21
  0.80927024638226142               23
  0.92811131993112084               18
  0.80660209824439233               22
  0.96999902518765080               17
  0.95903571939009813               15
  0.81080249343153987               22
  0.89825453276249612               17
  0.76718319332741514               22
  0.95679728292803545               15
  0.99383840678321078               15
  0.84828181195395813               22
  0.98288244721253226               14
   1.0438323654867274               15
   1.0521515955790908               14
  0.85542546246161599               22
   1.0237725186393947               15
   1.0148663428329692               19
   1.1036765543822080               15
   1.0886677166861696               23
   1.0598668484848137               27
   1.1583968251285324               16
   1.1075684939345858               26
   1.1318428625595771               16
   1.2640244481687302               18
   1.2577140526302608               22
   1.1314512860847143               26
   1.2730710559546632               19
   1.3008456446551919               19
   1.1643210570230238               22
   1.3363378672722275               19
   1.2672176260108237               19
   1.1952793348146227               21
   1.2490521011141127               18
   1.1533932666380211               16
   1.0666729936351917               18
   1.2010538916846385               19
   1.1771805342990411               16
   1.0881742635014895               13
   1.0076238710139345               17
   1.0940274122405975               15
   1.0597931087515515               19
  0.89554630802626745               21
   1.0361453438278205               17
   1.0032403889022761               17
  0.92222125980602021               21
  0.97982584318719401               17
  0.96692266437778329               17
  0.97424606999380015               17
  0.95289709430269909               16
  0.96275745310833116               16
  0.87296183441006880               16
  0.96988132267600380               16
  0.90781310038665897               18
  0.83747013082150368               18
  0.94913010956462185               16
  0.94262259148113625               16
  0.97692688420155971               16
  0.94671877014597339               18
  0.94552400969937123               15
  0.97208785781540974               15
  0.79992145385985469               22
  0.91808185012516985               22
   1.0196203926119676               15
   1.0734356565316809               15
   1.0045567588165607               13
   1.0786488875183784               17
   1.1128499093071640               19
   1.1252258433484870               17
   1.1446944082056683               17
   1.2369679480769178               20
   1.1543230869007552               24
   1.1740425293615702               17
   1.1712498717076503               25
   1.2684054293054565               20
   1.2473842006212135               18
   1.2583813795758583               18
   1.3160803584820746               14
   1.2820135709306464               19
   1.2670906520798966               20
   1.2875189431828438               16
   1.3156849069457763               17
   1.3157618843653860               16
   1.2861428814905682               20
   1.2485154888640564               22
   1.2767379935507295               22
  0.97868633411040240               19
   1.1007342028432034               20
   1.0425374568832979               16
  0.88805268974904250               23
   1.0050518785577738               17
   1.0285572592415404               14
  0.98317170951489830               18
  0.91485252497728897               20
   1.0121197169195881               17
  0.84264999967065890               24
  0.98988442864664161               17
  0.96235275845268609               19
  0.78964157591036166               22
  0.77374617107402721               23
  0.92315615547120988               19
  0.89342756752397801               22
  0.90395425997455647               17
  0.84722162121725975               19
  0.89765147163562153               19
  0.91833328978250983               19
  0.84032519776645953               22
  0.85557445033301638               21
  0.84660550115470556               21
  0.89447802162709167               24
  0.90790159948462679               19
  0.94282840271516588               21
  0.90491160491412570               18
  0.94220944661928085               19
  0.95120766538245827               19
   1.0260754725210266               20
  0.86714409260469805               23
  0.96510364254105696               19
  0.92883190858809572               18
   1.1368083870754508               21
   1.0260258816710781               18
   1.0727608007891727               21
   1.2353570352081429               19
   1.1777520030353577               25
   1.1935254888330178               20
   1.3322998362767910               13
   1.2075270640985714               22
   1.2849397254864152               18
   1.2513578555713600               17
